[0.133s] -- The C compiler identification is GNU 9.3.0
[0.220s] -- The CXX compiler identification is GNU 9.3.0
[0.229s] -- Check for working C compiler: /usr/bin/cc
[0.327s] -- Check for working C compiler: /usr/bin/cc -- works
[0.329s] -- Detecting C compiler ABI info
[0.429s] -- Detecting C compiler ABI info - done
[0.453s] -- Detecting C compile features
[0.454s] -- Detecting C compile features - done
[0.459s] -- Check for working CXX compiler: /usr/bin/c++
[0.580s] -- Check for working CXX compiler: /usr/bin/c++ -- works
[0.582s] -- Detecting CXX compiler ABI info
[0.708s] -- Detecting CXX compiler ABI info - done
[0.734s] -- Detecting CXX compile features
[0.735s] -- Detecting CXX compile features - done
[0.739s] -- Found ament_cmake: 0.8.1 (/opt/ros/foxy/share/ament_cmake/cmake)
[0.781s] -- Found PythonInterp: /usr/bin/python3 (found suitable version "3.8.2", minimum required is "3") 
[0.781s] -- Using PYTHON_EXECUTABLE: /usr/bin/python3
[1.114s] -- Found rclcpp: 0.8.3 (/opt/ros/foxy/share/rclcpp/cmake)
[1.206s] -- Found rosidl_adapter: 0.8.2 (/opt/ros/foxy/share/rosidl_adapter/cmake)
[1.246s] -- Found rmw_implementation_cmake: 0.8.1 (/opt/ros/foxy/share/rmw_implementation_cmake/cmake)
[1.250s] -- Using RMW implementation 'rmw_fastrtps_cpp' as default
[1.251s] -- Looking for pthread.h
[1.364s] -- Looking for pthread.h - found
[1.364s] -- Performing Test CMAKE_HAVE_LIBC_PTHREAD
[1.482s] -- Performing Test CMAKE_HAVE_LIBC_PTHREAD - Failed
[1.482s] -- Looking for pthread_create in pthreads
[1.576s] -- Looking for pthread_create in pthreads - not found
[1.576s] -- Looking for pthread_create in pthread
[1.684s] -- Looking for pthread_create in pthread - found
[1.686s] -- Found Threads: TRUE  
[1.824s] -- Found std_msgs: 0.8.1 (/opt/ros/foxy/share/std_msgs/cmake)
[1.833s] -- Found test_interfaces: 0.0.0 (/ros2_test/AD_Middle_Test/ros2/install/test_interfaces/share/test_interfaces/cmake)
[1.877s] -- Found message_filters: 3.2.3 (/opt/ros/foxy/share/message_filters/cmake)
[1.991s] -- Found ament_lint_auto: 0.9.1 (/opt/ros/foxy/share/ament_lint_auto/cmake)
[2.128s] -- Added test 'copyright' to check for copyright in CMake / C / C++ / Python code
[2.130s] -- Added test 'cppcheck' to perform static code analysis on C / C++ code
[2.130s] -- Configured cppcheck include dirs: 
[2.132s] -- Added test 'cpplint' to check C / C++ code against the Google style
[2.134s] -- Added test 'lint_cmake' to check CMake code style
[2.136s] -- Added test 'uncrustify' to check C / C++ code style
[2.137s] -- Added test 'xmllint' to check XML markup files
[2.142s] -- Configuring done
[2.197s] -- Generating done
[2.199s] -- Build files have been written to: /ros2_test/AD_Middle_Test/ros2/build/simple_s
[2.276s] [35m[1mScanning dependencies of target listener[0m
[2.277s] [35m[1mScanning dependencies of target talker[0m
[2.303s] [35m[1mScanning dependencies of target intra_pipe[0m
[2.365s] [ 16%] [32mBuilding CXX object CMakeFiles/talker.dir/src/talker.cpp.o[0m
[2.395s] [ 33%] [32mBuilding CXX object CMakeFiles/intra_pipe.dir/src/intra_pipe.cpp.o[0m
[2.403s] [ 50%] [32mBuilding CXX object CMakeFiles/listener.dir/src/listener.cpp.o[0m
[10.212s] [ 66%] [32m[1mLinking CXX executable talker[0m
[10.508s] [ 66%] Built target talker
[13.583s] [ 83%] [32m[1mLinking CXX executable listener[0m
[13.953s] [ 83%] Built target listener
[16.578s] [100%] [32m[1mLinking CXX executable intra_pipe[0m
[16.960s] [100%] Built target intra_pipe
[17.026s] -- Install configuration: ""
[17.026s] -- Installing: /ros2_test/AD_Middle_Test/ros2/install/simple_s/lib/simple_s/talker
[17.028s] -- Set runtime path of "/ros2_test/AD_Middle_Test/ros2/install/simple_s/lib/simple_s/talker" to ""
[17.028s] -- Installing: /ros2_test/AD_Middle_Test/ros2/install/simple_s/lib/simple_s/listener
[17.032s] -- Set runtime path of "/ros2_test/AD_Middle_Test/ros2/install/simple_s/lib/simple_s/listener" to ""
[17.032s] -- Installing: /ros2_test/AD_Middle_Test/ros2/install/simple_s/lib/simple_s/intra_pipe
[17.036s] -- Set runtime path of "/ros2_test/AD_Middle_Test/ros2/install/simple_s/lib/simple_s/intra_pipe" to ""
[17.036s] -- Installing: /ros2_test/AD_Middle_Test/ros2/install/simple_s/share/ament_index/resource_index/package_run_dependencies/simple_s
[17.036s] -- Installing: /ros2_test/AD_Middle_Test/ros2/install/simple_s/share/ament_index/resource_index/parent_prefix_path/simple_s
[17.036s] -- Installing: /ros2_test/AD_Middle_Test/ros2/install/simple_s/share/simple_s/environment/ament_prefix_path.sh
[17.037s] -- Installing: /ros2_test/AD_Middle_Test/ros2/install/simple_s/share/simple_s/environment/ament_prefix_path.dsv
[17.037s] -- Installing: /ros2_test/AD_Middle_Test/ros2/install/simple_s/share/simple_s/environment/path.sh
[17.037s] -- Installing: /ros2_test/AD_Middle_Test/ros2/install/simple_s/share/simple_s/environment/path.dsv
[17.037s] -- Installing: /ros2_test/AD_Middle_Test/ros2/install/simple_s/share/simple_s/local_setup.bash
[17.037s] -- Installing: /ros2_test/AD_Middle_Test/ros2/install/simple_s/share/simple_s/local_setup.sh
[17.038s] -- Installing: /ros2_test/AD_Middle_Test/ros2/install/simple_s/share/simple_s/local_setup.zsh
[17.038s] -- Installing: /ros2_test/AD_Middle_Test/ros2/install/simple_s/share/simple_s/local_setup.dsv
[17.038s] -- Installing: /ros2_test/AD_Middle_Test/ros2/install/simple_s/share/simple_s/package.dsv
[17.038s] -- Installing: /ros2_test/AD_Middle_Test/ros2/install/simple_s/share/ament_index/resource_index/packages/simple_s
[17.038s] -- Installing: /ros2_test/AD_Middle_Test/ros2/install/simple_s/share/simple_s/cmake/simple_sConfig.cmake
[17.039s] -- Installing: /ros2_test/AD_Middle_Test/ros2/install/simple_s/share/simple_s/cmake/simple_sConfig-version.cmake
[17.039s] -- Installing: /ros2_test/AD_Middle_Test/ros2/install/simple_s/share/simple_s/package.xml
