[0.083s] -- Found ament_cmake: 0.8.1 (/opt/ros/foxy/share/ament_cmake/cmake)
[0.121s] -- Using PYTHON_EXECUTABLE: /usr/bin/python3
[0.467s] -- Found rclcpp: 0.8.3 (/opt/ros/foxy/share/rclcpp/cmake)
[0.525s] -- Found rosidl_adapter: 0.8.2 (/opt/ros/foxy/share/rosidl_adapter/cmake)
[0.555s] -- Found rmw_implementation_cmake: 0.8.1 (/opt/ros/foxy/share/rmw_implementation_cmake/cmake)
[0.559s] -- Using RMW implementation 'rmw_fastrtps_cpp' as default
[0.674s] -- Found std_msgs: 0.8.1 (/opt/ros/foxy/share/std_msgs/cmake)
[0.682s] -- Found sensor_msgs: 0.8.1 (/opt/ros/foxy/share/sensor_msgs/cmake)
[0.707s] -- Found test_interfaces: 0.0.0 (/ros2_test/AD_Middle_Test/ros2/install/test_interfaces/share/test_interfaces/cmake)
[0.721s] -- Found message_filters: 3.2.3 (/opt/ros/foxy/share/message_filters/cmake)
[0.804s] CMake Error at /opt/ros/foxy/share/ament_cmake_target_dependencies/cmake/ament_target_dependencies.cmake:55 (message):
[0.804s]   ament_target_dependencies() the passed package name 'dark' was not found
[0.804s]   before
[0.804s] Call Stack (most recent call first):
[0.804s]   CMakeLists.txt:38 (ament_target_dependencies)
[0.804s] 
[0.805s] 
[0.805s] -- Configuring incomplete, errors occurred!
[0.805s] See also "/ros2_test/AD_Middle_Test/ros2/build/detect_s/CMakeFiles/CMakeOutput.log".
[0.805s] See also "/ros2_test/AD_Middle_Test/ros2/build/detect_s/CMakeFiles/CMakeError.log".
[0.807s] make: *** [Makefile:310: cmake_check_build_system] Error 1
