[0.081s] [35m[1mScanning dependencies of target listener[0m
[0.084s] [35m[1mScanning dependencies of target intra_pipe[0m
[0.106s] [ 33%] Built target talker
[0.135s] [ 50%] [32mBuilding CXX object CMakeFiles/listener.dir/src/listener.cpp.o[0m
[0.135s] [ 66%] [32mBuilding CXX object CMakeFiles/intra_pipe.dir/src/intra_pipe.cpp.o[0m
[8.622s] [ 83%] [32m[1mLinking CXX executable listener[0m
[8.966s] [ 83%] Built target listener
[9.976s] [100%] [32m[1mLinking CXX executable intra_pipe[0m
[10.345s] [100%] Built target intra_pipe
[10.412s] -- Install configuration: ""
[10.412s] -- Up-to-date: /ros2_test/AD_Middle_Test/ros2/install/simple_s/lib/simple_s/talker
[10.413s] -- Installing: /ros2_test/AD_Middle_Test/ros2/install/simple_s/lib/simple_s/listener
[10.416s] -- Set runtime path of "/ros2_test/AD_Middle_Test/ros2/install/simple_s/lib/simple_s/listener" to ""
[10.417s] -- Installing: /ros2_test/AD_Middle_Test/ros2/install/simple_s/lib/simple_s/intra_pipe
[10.420s] -- Set runtime path of "/ros2_test/AD_Middle_Test/ros2/install/simple_s/lib/simple_s/intra_pipe" to ""
[10.421s] -- Up-to-date: /ros2_test/AD_Middle_Test/ros2/install/simple_s/share/ament_index/resource_index/package_run_dependencies/simple_s
[10.421s] -- Up-to-date: /ros2_test/AD_Middle_Test/ros2/install/simple_s/share/ament_index/resource_index/parent_prefix_path/simple_s
[10.421s] -- Up-to-date: /ros2_test/AD_Middle_Test/ros2/install/simple_s/share/simple_s/environment/ament_prefix_path.sh
[10.421s] -- Up-to-date: /ros2_test/AD_Middle_Test/ros2/install/simple_s/share/simple_s/environment/ament_prefix_path.dsv
[10.421s] -- Up-to-date: /ros2_test/AD_Middle_Test/ros2/install/simple_s/share/simple_s/environment/path.sh
[10.422s] -- Up-to-date: /ros2_test/AD_Middle_Test/ros2/install/simple_s/share/simple_s/environment/path.dsv
[10.422s] -- Up-to-date: /ros2_test/AD_Middle_Test/ros2/install/simple_s/share/simple_s/local_setup.bash
[10.422s] -- Up-to-date: /ros2_test/AD_Middle_Test/ros2/install/simple_s/share/simple_s/local_setup.sh
[10.422s] -- Up-to-date: /ros2_test/AD_Middle_Test/ros2/install/simple_s/share/simple_s/local_setup.zsh
[10.422s] -- Up-to-date: /ros2_test/AD_Middle_Test/ros2/install/simple_s/share/simple_s/local_setup.dsv
[10.422s] -- Installing: /ros2_test/AD_Middle_Test/ros2/install/simple_s/share/simple_s/package.dsv
[10.423s] -- Up-to-date: /ros2_test/AD_Middle_Test/ros2/install/simple_s/share/ament_index/resource_index/packages/simple_s
[10.423s] -- Up-to-date: /ros2_test/AD_Middle_Test/ros2/install/simple_s/share/simple_s/cmake/simple_sConfig.cmake
[10.423s] -- Up-to-date: /ros2_test/AD_Middle_Test/ros2/install/simple_s/share/simple_s/cmake/simple_sConfig-version.cmake
[10.423s] -- Up-to-date: /ros2_test/AD_Middle_Test/ros2/install/simple_s/share/simple_s/package.xml
