[0.032s] Invoking command in '/ros2_test/AD_Middle_Test/ros2/src/build/turtlesim': /usr/bin/cmake /ros2_test/AD_Middle_Test/ros2/src/ros_tutorials/turtlesim -DCMAKE_INSTALL_PREFIX=/ros2_test/AD_Middle_Test/ros2/src/install/turtlesim
[0.117s] -- The C compiler identification is GNU 9.3.0
[0.203s] -- The CXX compiler identification is GNU 9.3.0
[0.212s] -- Check for working C compiler: /usr/bin/cc
[0.309s] -- Check for working C compiler: /usr/bin/cc -- works
[0.311s] -- Detecting C compiler ABI info
[0.412s] -- Detecting C compiler ABI info - done
[0.436s] -- Detecting C compile features
[0.437s] -- Detecting C compile features - done
[0.442s] -- Check for working CXX compiler: /usr/bin/c++
[0.562s] -- Check for working CXX compiler: /usr/bin/c++ -- works
[0.564s] -- Detecting CXX compiler ABI info
[0.687s] -- Detecting CXX compiler ABI info - done
[0.712s] -- Detecting CXX compile features
[0.713s] -- Detecting CXX compile features - done
[0.720s] -- Found ament_cmake: 0.8.1 (/opt/ros/foxy/share/ament_cmake/cmake)
[0.765s] -- Found PythonInterp: /usr/bin/python3 (found suitable version "3.8.2", minimum required is "3") 
[0.765s] -- Using PYTHON_EXECUTABLE: /usr/bin/python3
[1.116s] -- Found ament_index_cpp: 0.8.0 (/opt/ros/foxy/share/ament_index_cpp/cmake)
[1.125s] -- Found geometry_msgs: 0.8.1 (/opt/ros/foxy/share/geometry_msgs/cmake)
[1.206s] -- Found rosidl_adapter: 0.8.2 (/opt/ros/foxy/share/rosidl_adapter/cmake)
[1.263s] -- Found rclcpp: 0.8.3 (/opt/ros/foxy/share/rclcpp/cmake)
[1.307s] -- Found rmw_implementation_cmake: 0.8.1 (/opt/ros/foxy/share/rmw_implementation_cmake/cmake)
[1.310s] -- Using RMW implementation 'rmw_fastrtps_cpp' as default
[1.312s] -- Looking for pthread.h
[1.420s] -- Looking for pthread.h - found
[1.420s] -- Performing Test CMAKE_HAVE_LIBC_PTHREAD
[1.530s] -- Performing Test CMAKE_HAVE_LIBC_PTHREAD - Failed
[1.530s] -- Looking for pthread_create in pthreads
[1.614s] -- Looking for pthread_create in pthreads - not found
[1.614s] -- Looking for pthread_create in pthread
[1.716s] -- Looking for pthread_create in pthread - found
[1.717s] -- Found Threads: TRUE  
[1.858s] -- Found rclcpp_action: 0.8.3 (/opt/ros/foxy/share/rclcpp_action/cmake)
[1.967s] -- Found rosidl_default_generators: 0.8.0 (/opt/ros/foxy/share/rosidl_default_generators/cmake)
[2.016s] -- Could not find RTI Connext - skipping rosidl_typesupport_connext_c
[2.032s] -- Could not find RTI Connext - skipping rosidl_typesupport_connext_cpp
[2.164s] -- Found OpenSSL: /usr/lib/x86_64-linux-gnu/libcrypto.so (found version "1.1.1f")  
[2.210s] -- Found FastRTPS: /opt/ros/foxy/include  
[2.344s] -- Found std_srvs: 0.8.1 (/opt/ros/foxy/share/std_srvs/cmake)
[2.389s] -- Found PythonInterp: /usr/bin/python3 (found version "3.8.2") 
[2.742s] -- Using all available rosidl_typesupport_c: rosidl_typesupport_connext_c;rosidl_typesupport_fastrtps_c;rosidl_typesupport_introspection_c
[2.766s] -- Using all available rosidl_typesupport_cpp: rosidl_typesupport_connext_cpp;rosidl_typesupport_fastrtps_cpp;rosidl_typesupport_introspection_cpp
[2.822s] -- Found ament_cmake_ros: 0.9.0 (/opt/ros/foxy/share/ament_cmake_ros/cmake)
[3.113s] -- Found PythonInterp: /usr/bin/python3 (found suitable version "3.8.2", minimum required is "3.5") 
[3.117s] -- Found python_cmake_module: 0.8.0 (/opt/ros/foxy/share/python_cmake_module/cmake)
[3.162s] -- Found PythonLibs: /usr/lib/x86_64-linux-gnu/libpython3.8.so (found suitable version "3.8.2", minimum required is "3.5") 
[3.162s] -- Using PYTHON_EXECUTABLE: /usr/bin/python3
[3.162s] -- Using PYTHON_INCLUDE_DIRS: /usr/include/python3.8
[3.162s] -- Using PYTHON_LIBRARIES: /usr/lib/x86_64-linux-gnu/libpython3.8.so
[3.198s] -- Found PythonExtra: .so  
[3.581s] -- Configuring done
[3.911s] -- Generating done
[3.917s] -- Build files have been written to: /ros2_test/AD_Middle_Test/ros2/src/build/turtlesim
[3.934s] Invoked command in '/ros2_test/AD_Middle_Test/ros2/src/build/turtlesim' returned '0': /usr/bin/cmake /ros2_test/AD_Middle_Test/ros2/src/ros_tutorials/turtlesim -DCMAKE_INSTALL_PREFIX=/ros2_test/AD_Middle_Test/ros2/src/install/turtlesim
[3.935s] Invoking command in '/ros2_test/AD_Middle_Test/ros2/src/build/turtlesim': /usr/bin/cmake --build /ros2_test/AD_Middle_Test/ros2/src/build/turtlesim -- -j5 -l5
[4.031s] [35m[1mScanning dependencies of target turtlesim__cpp[0m
[4.048s] [  1%] [34m[1mGenerating C code for ROS interfaces[0m
[4.108s] [  2%] [34m[1mGenerating C++ code for ROS interfaces[0m
[7.364s] [  2%] Built target turtlesim__cpp
[7.403s] [  3%] [34m[1mGenerating C++ type support dispatch for ROS interfaces[0m
[7.408s] [  4%] [34m[1mGenerating C++ type support for eProsima Fast-RTPS[0m
[7.409s] [35m[1mScanning dependencies of target turtlesim__rosidl_generator_c[0m
[7.415s] [  5%] [34m[1mGenerating C++ introspection for ROS interfaces[0m
[7.449s] [  6%] [32mBuilding C object CMakeFiles/turtlesim__rosidl_generator_c.dir/rosidl_generator_c/turtlesim/action/detail/rotate_absolute__functions.c.o[0m
[7.452s] [  7%] [32mBuilding C object CMakeFiles/turtlesim__rosidl_generator_c.dir/rosidl_generator_c/turtlesim/msg/detail/color__functions.c.o[0m
[7.698s] [  8%] [32mBuilding C object CMakeFiles/turtlesim__rosidl_generator_c.dir/rosidl_generator_c/turtlesim/msg/detail/pose__functions.c.o[0m
[7.853s] [  9%] [32mBuilding C object CMakeFiles/turtlesim__rosidl_generator_c.dir/rosidl_generator_c/turtlesim/srv/detail/kill__functions.c.o[0m
[7.897s] [ 10%] [32mBuilding C object CMakeFiles/turtlesim__rosidl_generator_c.dir/rosidl_generator_c/turtlesim/srv/detail/set_pen__functions.c.o[0m
[8.032s] [ 11%] [32mBuilding C object CMakeFiles/turtlesim__rosidl_generator_c.dir/rosidl_generator_c/turtlesim/srv/detail/spawn__functions.c.o[0m
[8.054s] [ 12%] [32mBuilding C object CMakeFiles/turtlesim__rosidl_generator_c.dir/rosidl_generator_c/turtlesim/srv/detail/teleport_absolute__functions.c.o[0m
[8.168s] [ 13%] [32mBuilding C object CMakeFiles/turtlesim__rosidl_generator_c.dir/rosidl_generator_c/turtlesim/srv/detail/teleport_relative__functions.c.o[0m
[8.259s] [ 14%] [32m[1mLinking C shared library libturtlesim__rosidl_generator_c.so[0m
[8.345s] [ 14%] Built target turtlesim__rosidl_generator_c
[8.365s] [ 15%] [34m[1mGenerating C type support dispatch for ROS interfaces[0m
[8.410s] [ 16%] [34m[1mGenerating C introspection for ROS interfaces[0m
[9.553s] [35m[1mScanning dependencies of target turtlesim__rosidl_typesupport_introspection_cpp[0m
[9.654s] [ 17%] [32mBuilding CXX object CMakeFiles/turtlesim__rosidl_typesupport_introspection_cpp.dir/rosidl_typesupport_introspection_cpp/turtlesim/action/detail/rotate_absolute__type_support.cpp.o[0m
[9.833s] [35m[1mScanning dependencies of target turtlesim__rosidl_typesupport_cpp[0m
[9.922s] [ 18%] [32mBuilding CXX object CMakeFiles/turtlesim__rosidl_typesupport_cpp.dir/rosidl_typesupport_cpp/turtlesim/action/rotate_absolute__type_support.cpp.o[0m
[10.025s] [35m[1mScanning dependencies of target turtlesim__rosidl_typesupport_c[0m
[10.063s] [ 19%] [32mBuilding CXX object CMakeFiles/turtlesim__rosidl_typesupport_c.dir/rosidl_typesupport_c/turtlesim/action/rotate_absolute__type_support.cpp.o[0m
[10.230s] [ 20%] [32mBuilding CXX object CMakeFiles/turtlesim__rosidl_typesupport_c.dir/rosidl_typesupport_c/turtlesim/msg/color__type_support.cpp.o[0m
[10.245s] [35m[1mScanning dependencies of target turtlesim__rosidl_typesupport_fastrtps_cpp[0m
[10.322s] [ 21%] [32mBuilding CXX object CMakeFiles/turtlesim__rosidl_typesupport_c.dir/rosidl_typesupport_c/turtlesim/msg/pose__type_support.cpp.o[0m
[10.357s] [ 22%] [32mBuilding CXX object CMakeFiles/turtlesim__rosidl_typesupport_fastrtps_cpp.dir/rosidl_typesupport_fastrtps_cpp/turtlesim/action/dds_fastrtps/rotate_absolute__type_support.cpp.o[0m
[10.397s] [ 23%] [32mBuilding CXX object CMakeFiles/turtlesim__rosidl_typesupport_c.dir/rosidl_typesupport_c/turtlesim/srv/kill__type_support.cpp.o[0m
[10.426s] [ 24%] [32mBuilding CXX object CMakeFiles/turtlesim__rosidl_typesupport_introspection_cpp.dir/rosidl_typesupport_introspection_cpp/turtlesim/msg/detail/color__type_support.cpp.o[0m
[10.450s] [ 25%] [32mBuilding CXX object CMakeFiles/turtlesim__rosidl_typesupport_c.dir/rosidl_typesupport_c/turtlesim/srv/set_pen__type_support.cpp.o[0m
[10.526s] [ 26%] [32mBuilding CXX object CMakeFiles/turtlesim__rosidl_typesupport_c.dir/rosidl_typesupport_c/turtlesim/srv/spawn__type_support.cpp.o[0m
[10.604s] [ 27%] [32mBuilding CXX object CMakeFiles/turtlesim__rosidl_typesupport_cpp.dir/rosidl_typesupport_cpp/turtlesim/msg/color__type_support.cpp.o[0m
[10.654s] [ 28%] [32mBuilding CXX object CMakeFiles/turtlesim__rosidl_typesupport_c.dir/rosidl_typesupport_c/turtlesim/srv/teleport_absolute__type_support.cpp.o[0m
[10.817s] [ 29%] [32mBuilding CXX object CMakeFiles/turtlesim__rosidl_typesupport_c.dir/rosidl_typesupport_c/turtlesim/srv/teleport_relative__type_support.cpp.o[0m
[10.922s] [ 30%] [32m[1mLinking CXX shared library libturtlesim__rosidl_typesupport_c.so[0m
[11.068s] [ 30%] Built target turtlesim__rosidl_typesupport_c
[11.128s] [ 31%] [32mBuilding CXX object CMakeFiles/turtlesim__rosidl_typesupport_introspection_cpp.dir/rosidl_typesupport_introspection_cpp/turtlesim/msg/detail/pose__type_support.cpp.o[0m
[11.152s] [ 32%] [32mBuilding CXX object CMakeFiles/turtlesim__rosidl_typesupport_introspection_cpp.dir/rosidl_typesupport_introspection_cpp/turtlesim/srv/detail/kill__type_support.cpp.o[0m
[11.166s] [35m[1mScanning dependencies of target turtlesim__rosidl_typesupport_introspection_c[0m
[11.238s] [ 33%] [32mBuilding CXX object CMakeFiles/turtlesim__rosidl_typesupport_cpp.dir/rosidl_typesupport_cpp/turtlesim/msg/pose__type_support.cpp.o[0m
[11.253s] [ 34%] [32mBuilding C object CMakeFiles/turtlesim__rosidl_typesupport_introspection_c.dir/rosidl_typesupport_introspection_c/turtlesim/action/detail/rotate_absolute__type_support.c.o[0m
[11.437s] [ 35%] [32mBuilding C object CMakeFiles/turtlesim__rosidl_typesupport_introspection_c.dir/rosidl_typesupport_introspection_c/turtlesim/msg/detail/color__type_support.c.o[0m
[11.465s] [ 36%] [32mBuilding CXX object CMakeFiles/turtlesim__rosidl_typesupport_fastrtps_cpp.dir/rosidl_typesupport_fastrtps_cpp/turtlesim/msg/dds_fastrtps/color__type_support.cpp.o[0m
[11.550s] [ 37%] [32mBuilding C object CMakeFiles/turtlesim__rosidl_typesupport_introspection_c.dir/rosidl_typesupport_introspection_c/turtlesim/msg/detail/pose__type_support.c.o[0m
[11.737s] [ 38%] [32mBuilding C object CMakeFiles/turtlesim__rosidl_typesupport_introspection_c.dir/rosidl_typesupport_introspection_c/turtlesim/srv/detail/kill__type_support.c.o[0m
[11.755s] [ 39%] [32mBuilding CXX object CMakeFiles/turtlesim__rosidl_typesupport_introspection_cpp.dir/rosidl_typesupport_introspection_cpp/turtlesim/srv/detail/set_pen__type_support.cpp.o[0m
[11.812s] [ 40%] [32mBuilding CXX object CMakeFiles/turtlesim__rosidl_typesupport_introspection_cpp.dir/rosidl_typesupport_introspection_cpp/turtlesim/srv/detail/spawn__type_support.cpp.o[0m
[11.817s] [ 41%] [32mBuilding C object CMakeFiles/turtlesim__rosidl_typesupport_introspection_c.dir/rosidl_typesupport_introspection_c/turtlesim/srv/detail/set_pen__type_support.c.o[0m
[11.821s] [ 42%] [32mBuilding CXX object CMakeFiles/turtlesim__rosidl_typesupport_cpp.dir/rosidl_typesupport_cpp/turtlesim/srv/kill__type_support.cpp.o[0m
[11.895s] [ 43%] [32mBuilding C object CMakeFiles/turtlesim__rosidl_typesupport_introspection_c.dir/rosidl_typesupport_introspection_c/turtlesim/srv/detail/spawn__type_support.c.o[0m
[11.954s] [ 44%] [32mBuilding C object CMakeFiles/turtlesim__rosidl_typesupport_introspection_c.dir/rosidl_typesupport_introspection_c/turtlesim/srv/detail/teleport_absolute__type_support.c.o[0m
[12.029s] [ 45%] [32mBuilding C object CMakeFiles/turtlesim__rosidl_typesupport_introspection_c.dir/rosidl_typesupport_introspection_c/turtlesim/srv/detail/teleport_relative__type_support.c.o[0m
[12.107s] [ 46%] [32m[1mLinking C shared library libturtlesim__rosidl_typesupport_introspection_c.so[0m
[12.193s] [ 46%] Built target turtlesim__rosidl_typesupport_introspection_c
[12.207s] [ 47%] [32mBuilding CXX object CMakeFiles/turtlesim__rosidl_typesupport_cpp.dir/rosidl_typesupport_cpp/turtlesim/srv/set_pen__type_support.cpp.o[0m
[12.332s] [ 49%] [32mBuilding CXX object CMakeFiles/turtlesim__rosidl_typesupport_fastrtps_cpp.dir/rosidl_typesupport_fastrtps_cpp/turtlesim/msg/dds_fastrtps/pose__type_support.cpp.o[0m
[12.332s] [ 49%] [32mBuilding CXX object CMakeFiles/turtlesim__rosidl_typesupport_introspection_cpp.dir/rosidl_typesupport_introspection_cpp/turtlesim/srv/detail/teleport_absolute__type_support.cpp.o[0m
[12.364s] [ 51%] [32mBuilding CXX object CMakeFiles/turtlesim__rosidl_typesupport_introspection_cpp.dir/rosidl_typesupport_introspection_cpp/turtlesim/srv/detail/teleport_relative__type_support.cpp.o[0m
[12.364s] [ 51%] [32mBuilding CXX object CMakeFiles/turtlesim__rosidl_typesupport_cpp.dir/rosidl_typesupport_cpp/turtlesim/srv/spawn__type_support.cpp.o[0m
[12.752s] [ 52%] [32mBuilding CXX object CMakeFiles/turtlesim__rosidl_typesupport_cpp.dir/rosidl_typesupport_cpp/turtlesim/srv/teleport_absolute__type_support.cpp.o[0m
[12.908s] [ 53%] [32mBuilding CXX object CMakeFiles/turtlesim__rosidl_typesupport_cpp.dir/rosidl_typesupport_cpp/turtlesim/srv/teleport_relative__type_support.cpp.o[0m
[12.921s] [ 54%] [32mBuilding CXX object CMakeFiles/turtlesim__rosidl_typesupport_fastrtps_cpp.dir/rosidl_typesupport_fastrtps_cpp/turtlesim/srv/dds_fastrtps/kill__type_support.cpp.o[0m
[12.931s] [ 55%] [32m[1mLinking CXX shared library libturtlesim__rosidl_typesupport_introspection_cpp.so[0m
[13.066s] [ 55%] Built target turtlesim__rosidl_typesupport_introspection_cpp
[13.105s] [ 56%] [32mBuilding CXX object CMakeFiles/turtlesim__rosidl_typesupport_fastrtps_cpp.dir/rosidl_typesupport_fastrtps_cpp/turtlesim/srv/dds_fastrtps/set_pen__type_support.cpp.o[0m
[13.153s] [ 57%] [32mBuilding CXX object CMakeFiles/turtlesim__rosidl_typesupport_fastrtps_cpp.dir/rosidl_typesupport_fastrtps_cpp/turtlesim/srv/dds_fastrtps/spawn__type_support.cpp.o[0m
[13.307s] [ 58%] [32mBuilding CXX object CMakeFiles/turtlesim__rosidl_typesupport_fastrtps_cpp.dir/rosidl_typesupport_fastrtps_cpp/turtlesim/srv/dds_fastrtps/teleport_absolute__type_support.cpp.o[0m
[13.451s] [ 59%] [32m[1mLinking CXX shared library libturtlesim__rosidl_typesupport_cpp.so[0m
[13.541s] [ 59%] Built target turtlesim__rosidl_typesupport_cpp
[13.559s] [ 60%] [32mBuilding CXX object CMakeFiles/turtlesim__rosidl_typesupport_fastrtps_cpp.dir/rosidl_typesupport_fastrtps_cpp/turtlesim/srv/dds_fastrtps/teleport_relative__type_support.cpp.o[0m
[14.269s] [ 61%] [32m[1mLinking CXX shared library libturtlesim__rosidl_typesupport_fastrtps_cpp.so[0m
[14.402s] [ 61%] Built target turtlesim__rosidl_typesupport_fastrtps_cpp
[14.418s] [ 62%] [34m[1mGenerating C type support for eProsima Fast-RTPS[0m
[16.271s] [35m[1mScanning dependencies of target turtlesim__rosidl_typesupport_fastrtps_c[0m
[16.327s] [ 63%] [32mBuilding CXX object CMakeFiles/turtlesim__rosidl_typesupport_fastrtps_c.dir/rosidl_typesupport_fastrtps_c/turtlesim/action/rotate_absolute__type_support_c.cpp.o[0m
[16.328s] [ 64%] [32mBuilding CXX object CMakeFiles/turtlesim__rosidl_typesupport_fastrtps_c.dir/rosidl_typesupport_fastrtps_c/turtlesim/msg/color__type_support_c.cpp.o[0m
[16.328s] [ 65%] [32mBuilding CXX object CMakeFiles/turtlesim__rosidl_typesupport_fastrtps_c.dir/rosidl_typesupport_fastrtps_c/turtlesim/msg/pose__type_support_c.cpp.o[0m
[16.328s] [ 66%] [32mBuilding CXX object CMakeFiles/turtlesim__rosidl_typesupport_fastrtps_c.dir/rosidl_typesupport_fastrtps_c/turtlesim/srv/kill__type_support_c.cpp.o[0m
[16.329s] [ 67%] [32mBuilding CXX object CMakeFiles/turtlesim__rosidl_typesupport_fastrtps_c.dir/rosidl_typesupport_fastrtps_c/turtlesim/srv/set_pen__type_support_c.cpp.o[0m
[17.007s] [ 68%] [32mBuilding CXX object CMakeFiles/turtlesim__rosidl_typesupport_fastrtps_c.dir/rosidl_typesupport_fastrtps_c/turtlesim/srv/teleport_absolute__type_support_c.cpp.o[0m
[17.008s] [ 69%] [32mBuilding CXX object CMakeFiles/turtlesim__rosidl_typesupport_fastrtps_c.dir/rosidl_typesupport_fastrtps_c/turtlesim/srv/spawn__type_support_c.cpp.o[0m
[17.018s] [ 70%] [32mBuilding CXX object CMakeFiles/turtlesim__rosidl_typesupport_fastrtps_c.dir/rosidl_typesupport_fastrtps_c/turtlesim/srv/teleport_relative__type_support_c.cpp.o[0m
[17.586s] [ 71%] [32m[1mLinking CXX shared library libturtlesim__rosidl_typesupport_fastrtps_c.so[0m
[17.729s] [ 71%] Built target turtlesim__rosidl_typesupport_fastrtps_c
[17.744s] [35m[1mScanning dependencies of target turtlesim[0m
[17.758s] [ 71%] Built target turtlesim
[17.773s] [35m[1mScanning dependencies of target mimic[0m
[17.773s] [35m[1mScanning dependencies of target draw_square[0m
[17.773s] [ 72%] [34m[1mGenerating include/turtlesim/moc_turtle_frame.cpp[0m
[17.773s] [35m[1mScanning dependencies of target turtle_teleop_key[0m
[17.774s] [35m[1mScanning dependencies of target turtlesim__py[0m
[17.790s] [ 73%] [34m[1mGenerating Python code for ROS interfaces[0m
[17.846s] [ 74%] [32mBuilding CXX object CMakeFiles/draw_square.dir/tutorials/draw_square.cpp.o[0m
[17.846s] [ 75%] [32mBuilding CXX object CMakeFiles/mimic.dir/tutorials/mimic.cpp.o[0m
[17.854s] [ 76%] [32mBuilding CXX object CMakeFiles/turtle_teleop_key.dir/tutorials/teleop_turtle_key.cpp.o[0m
[17.865s] [35m[1mScanning dependencies of target turtlesim_node[0m
[18.036s] [ 77%] [32mBuilding CXX object CMakeFiles/turtlesim_node.dir/src/turtlesim.cpp.o[0m
[23.230s] [ 78%] [32mBuilding CXX object CMakeFiles/turtlesim_node.dir/src/turtle.cpp.o[0m
[23.963s] [ 78%] Built target turtlesim__py
[24.003s] [35m[1mScanning dependencies of target turtlesim__python[0m
[24.094s] [ 79%] [32mBuilding C object CMakeFiles/turtlesim__python.dir/rosidl_generator_py/turtlesim/action/_rotate_absolute_s.c.o[0m
[24.364s] [ 80%] [32mBuilding C object CMakeFiles/turtlesim__python.dir/rosidl_generator_py/turtlesim/msg/_color_s.c.o[0m
[24.565s] [ 81%] [32mBuilding C object CMakeFiles/turtlesim__python.dir/rosidl_generator_py/turtlesim/msg/_pose_s.c.o[0m
[24.768s] [ 82%] [32mBuilding C object CMakeFiles/turtlesim__python.dir/rosidl_generator_py/turtlesim/srv/_kill_s.c.o[0m
[24.996s] [ 83%] [32mBuilding C object CMakeFiles/turtlesim__python.dir/rosidl_generator_py/turtlesim/srv/_set_pen_s.c.o[0m
[25.207s] [ 84%] [32mBuilding C object CMakeFiles/turtlesim__python.dir/rosidl_generator_py/turtlesim/srv/_spawn_s.c.o[0m
[25.419s] [ 85%] [32mBuilding C object CMakeFiles/turtlesim__python.dir/rosidl_generator_py/turtlesim/srv/_teleport_absolute_s.c.o[0m
[25.624s] [ 86%] [32mBuilding C object CMakeFiles/turtlesim__python.dir/rosidl_generator_py/turtlesim/srv/_teleport_relative_s.c.o[0m
[25.645s] [ 87%] [32m[1mLinking CXX executable turtle_teleop_key[0m
[25.695s] [ 88%] [32m[1mLinking CXX executable mimic[0m
[25.826s] [ 89%] [32m[1mLinking C shared library rosidl_generator_py/turtlesim/libturtlesim__python.so[0m
[25.919s] [ 89%] Built target turtlesim__python
[25.935s] [35m[1mScanning dependencies of target turtlesim__rosidl_typesupport_introspection_c__pyext[0m
[25.993s] [ 90%] [32mBuilding C object CMakeFiles/turtlesim__rosidl_typesupport_introspection_c__pyext.dir/rosidl_generator_py/turtlesim/_turtlesim_s.ep.rosidl_typesupport_introspection_c.c.o[0m
[26.047s] [ 90%] Built target turtle_teleop_key
[26.063s] [35m[1mScanning dependencies of target turtlesim__rosidl_typesupport_c__pyext[0m
[26.093s] [ 90%] Built target mimic
[26.108s] [35m[1mScanning dependencies of target turtlesim__rosidl_typesupport_fastrtps_c__pyext[0m
[26.120s] [ 91%] [32mBuilding C object CMakeFiles/turtlesim__rosidl_typesupport_c__pyext.dir/rosidl_generator_py/turtlesim/_turtlesim_s.ep.rosidl_typesupport_c.c.o[0m
[26.154s] [ 92%] [32mBuilding C object CMakeFiles/turtlesim__rosidl_typesupport_fastrtps_c__pyext.dir/rosidl_generator_py/turtlesim/_turtlesim_s.ep.rosidl_typesupport_fastrtps_c.c.o[0m
[26.296s] [ 93%] [32m[1mLinking C shared library rosidl_generator_py/turtlesim/turtlesim_s__rosidl_typesupport_introspection_c.cpython-38-x86_64-linux-gnu.so[0m
[26.407s] [ 93%] Built target turtlesim__rosidl_typesupport_introspection_c__pyext
[26.420s] [ 94%] [32mBuilding CXX object CMakeFiles/turtlesim_node.dir/src/turtle_frame.cpp.o[0m
[26.435s] [ 95%] [32m[1mLinking C shared library rosidl_generator_py/turtlesim/turtlesim_s__rosidl_typesupport_c.cpython-38-x86_64-linux-gnu.so[0m
[26.466s] [ 96%] [32m[1mLinking CXX shared library rosidl_generator_py/turtlesim/turtlesim_s__rosidl_typesupport_fastrtps_c.cpython-38-x86_64-linux-gnu.so[0m
[26.540s] [ 96%] Built target turtlesim__rosidl_typesupport_c__pyext
[26.560s] [ 97%] [32mBuilding CXX object CMakeFiles/turtlesim_node.dir/include/turtlesim/moc_turtle_frame.cpp.o[0m
[26.648s] [ 97%] Built target turtlesim__rosidl_typesupport_fastrtps_c__pyext
[26.814s] [ 98%] [32m[1mLinking CXX executable draw_square[0m
[27.166s] [ 98%] Built target draw_square
[35.260s] [100%] [32m[1mLinking CXX executable turtlesim_node[0m
[36.575s] [100%] Built target turtlesim_node
