[0.085s] -- Found ament_cmake: 0.8.1 (/opt/ros/foxy/share/ament_cmake/cmake)
[0.122s] -- Using PYTHON_EXECUTABLE: /usr/bin/python3
[0.457s] -- Found rclcpp: 0.8.3 (/opt/ros/foxy/share/rclcpp/cmake)
[0.515s] -- Found rosidl_adapter: 0.8.2 (/opt/ros/foxy/share/rosidl_adapter/cmake)
[0.545s] -- Found rmw_implementation_cmake: 0.8.1 (/opt/ros/foxy/share/rmw_implementation_cmake/cmake)
[0.548s] -- Using RMW implementation 'rmw_fastrtps_cpp' as default
[0.665s] -- Found std_msgs: 0.8.1 (/opt/ros/foxy/share/std_msgs/cmake)
[0.674s] -- Found sensor_msgs: 0.8.1 (/opt/ros/foxy/share/sensor_msgs/cmake)
[0.697s] -- Found test_interfaces: 0.0.0 (/ros2_test/AD_Middle_Test/ros2/install/test_interfaces/share/test_interfaces/cmake)
[0.710s] -- Found message_filters: 3.2.3 (/opt/ros/foxy/share/message_filters/cmake)
[0.919s] -- Found ament_lint_auto: 0.9.1 (/opt/ros/foxy/share/ament_lint_auto/cmake)
[1.031s] -- Added test 'copyright' to check for copyright in CMake / C / C++ / Python code
[1.033s] -- Added test 'cppcheck' to perform static code analysis on C / C++ code
[1.034s] -- Configured cppcheck include dirs: /ros2_test/AD_Middle_Test/ros2/src/detect_s/include
[1.036s] -- Added test 'cpplint' to check C / C++ code against the Google style
[1.037s] -- Added test 'lint_cmake' to check CMake code style
[1.040s] -- Added test 'uncrustify' to check C / C++ code style
[1.040s] -- Added test 'xmllint' to check XML markup files
[1.044s] -- Configuring done
[1.129s] -- Generating done
[1.131s] -- Build files have been written to: /ros2_test/AD_Middle_Test/ros2/build/detect_s
[1.164s] [35m[1mScanning dependencies of target line[0m
[1.195s] [ 33%] Built target cameraTimer
[1.195s] [ 66%] Built target yoloDetect
[1.224s] [ 83%] [32mBuilding CXX object CMakeFiles/line.dir/src/Line.cpp.o[0m
