[0.103s] [35m[1mScanning dependencies of target cameraTimer[0m
[0.136s] [ 50%] Built target yoloDetect
[0.158s] [ 75%] [32mBuilding CXX object CMakeFiles/cameraTimer.dir/src/CameraTimer.cpp.o[0m
[2.538s] [01m[K/ros2_test/AD_Middle_Test/ros2/src/detect_s/src/CameraTimer.cpp:[m[K In member function ‘[01m[Kvoid CameraTimer::timer_callback()[m[K’:
[2.538s] [01m[K/ros2_test/AD_Middle_Test/ros2/src/detect_s/src/CameraTimer.cpp:49:42:[m[K [01;31m[Kerror: [m[Kno matching function for call to ‘[01m[Krclcpp::Publisher<test_interfaces::msg::TestImage_<std::allocator<void> > >::publish(std::remove_reference<std::shared_ptr<test_interfaces::msg::TestImage_<std::allocator<void> > >&>::type)[m[K’
[2.538s]    49 |    publisher_->publish(std::move(message)[01;31m[K)[m[K;
[2.538s]       |                                          [01;31m[K^[m[K
[2.538s] In file included from [01m[K/opt/ros/foxy/include/rclcpp/node_interfaces/node_topics_interface.hpp:28[m[K,
[2.539s]                  from [01m[K/opt/ros/foxy/include/rclcpp/node.hpp:53[m[K,
[2.539s]                  from [01m[K/opt/ros/foxy/include/rclcpp/executors/single_threaded_executor.hpp:28[m[K,
[2.539s]                  from [01m[K/opt/ros/foxy/include/rclcpp/executors.hpp:22[m[K,
[2.539s]                  from [01m[K/opt/ros/foxy/include/rclcpp/rclcpp.hpp:145[m[K,
[2.539s]                  from [01m[K/ros2_test/AD_Middle_Test/ros2/src/detect_s/src/CameraTimer.cpp:4[m[K:
[2.539s] [01m[K/opt/ros/foxy/include/rclcpp/publisher.hpp:174:3:[m[K [01;36m[Knote: [m[Kcandidate: ‘[01m[Kvoid rclcpp::Publisher<MessageT, AllocatorT>::publish(std::unique_ptr<MessageT, typename std::conditional<std::is_same<typename std::allocator_traits<typename std::allocator_traits<_Alloc>::rebind_traits<MessageT>::allocator_type>::rebind_alloc<MessageT>, typename std::allocator<void>::rebind<_Tp1>::other>::value, std::default_delete<_Tp>, rclcpp::allocator::AllocatorDeleter<typename std::allocator_traits<_Alloc>::rebind_traits<MessageT>::allocator_type> >::type>) [with MessageT = test_interfaces::msg::TestImage_<std::allocator<void> >; AllocatorT = std::allocator<void>; typename std::conditional<std::is_same<typename std::allocator_traits<typename std::allocator_traits<_Alloc>::rebind_traits<MessageT>::allocator_type>::rebind_alloc<MessageT>, typename std::allocator<void>::rebind<_Tp1>::other>::value, std::default_delete<_Tp>, rclcpp::allocator::AllocatorDeleter<typename std::allocator_traits<_Alloc>::rebind_traits<MessageT>::allocator_type> >::type = std::default_delete<test_interfaces::msg::TestImage_<std::allocator<void> > >][m[K’
[2.539s]   174 |   [01;36m[Kpublish[m[K(std::unique_ptr<MessageT, MessageDeleter> msg)
[2.540s]       |   [01;36m[K^~~~~~~[m[K
[2.540s] [01m[K/opt/ros/foxy/include/rclcpp/publisher.hpp:174:53:[m[K [01;36m[Knote: [m[K  no known conversion for argument 1 from ‘[01m[Kstd::remove_reference<std::shared_ptr<test_interfaces::msg::TestImage_<std::allocator<void> > >&>::type[m[K’ {aka ‘[01m[Kstd::shared_ptr<test_interfaces::msg::TestImage_<std::allocator<void> > >[m[K’} to ‘[01m[Kstd::unique_ptr<test_interfaces::msg::TestImage_<std::allocator<void> >, std::default_delete<test_interfaces::msg::TestImage_<std::allocator<void> > > >[m[K’
[2.540s]   174 |   publish([01;36m[Kstd::unique_ptr<MessageT, MessageDeleter> msg[m[K)
[2.540s]       |           [01;36m[K~~~~~~~~~~~~~~~~~~~~~~~~~~~~~~~~~~~~~~~~~~^~~[m[K
[2.540s] [01m[K/opt/ros/foxy/include/rclcpp/publisher.hpp:198:3:[m[K [01;36m[Knote: [m[Kcandidate: ‘[01m[Kvoid rclcpp::Publisher<MessageT, AllocatorT>::publish(const MessageT&) [with MessageT = test_interfaces::msg::TestImage_<std::allocator<void> >; AllocatorT = std::allocator<void>][m[K’
[2.540s]   198 |   [01;36m[Kpublish[m[K(const MessageT & msg)
[2.540s]       |   [01;36m[K^~~~~~~[m[K
[2.541s] [01m[K/opt/ros/foxy/include/rclcpp/publisher.hpp:198:28:[m[K [01;36m[Knote: [m[K  no known conversion for argument 1 from ‘[01m[Kstd::remove_reference<std::shared_ptr<test_interfaces::msg::TestImage_<std::allocator<void> > >&>::type[m[K’ {aka ‘[01m[Kstd::shared_ptr<test_interfaces::msg::TestImage_<std::allocator<void> > >[m[K’} to ‘[01m[Kconst test_interfaces::msg::TestImage_<std::allocator<void> >&[m[K’
[2.541s]   198 |   publish([01;36m[Kconst MessageT & msg[m[K)
[2.541s]       |           [01;36m[K~~~~~~~~~~~~~~~~~^~~[m[K
[2.541s] [01m[K/opt/ros/foxy/include/rclcpp/publisher.hpp:215:3:[m[K [01;36m[Knote: [m[Kcandidate: ‘[01m[Kvoid rclcpp::Publisher<MessageT, AllocatorT>::publish(const rcl_serialized_message_t&) [with MessageT = test_interfaces::msg::TestImage_<std::allocator<void> >; AllocatorT = std::allocator<void>; rcl_serialized_message_t = rcutils_uint8_array_t][m[K’
[2.541s]   215 |   [01;36m[Kpublish[m[K(const rcl_serialized_message_t & serialized_msg)
[2.541s]       |   [01;36m[K^~~~~~~[m[K
[2.541s] [01m[K/opt/ros/foxy/include/rclcpp/publisher.hpp:215:44:[m[K [01;36m[Knote: [m[K  no known conversion for argument 1 from ‘[01m[Kstd::remove_reference<std::shared_ptr<test_interfaces::msg::TestImage_<std::allocator<void> > >&>::type[m[K’ {aka ‘[01m[Kstd::shared_ptr<test_interfaces::msg::TestImage_<std::allocator<void> > >[m[K’} to ‘[01m[Kconst rcl_serialized_message_t&[m[K’ {aka ‘[01m[Kconst rcutils_uint8_array_t&[m[K’}
[2.542s]   215 |   publish([01;36m[Kconst rcl_serialized_message_t & serialized_msg[m[K)
[2.542s]       |           [01;36m[K~~~~~~~~~~~~~~~~~~~~~~~~~~~~~~~~~^~~~~~~~~~~~~~[m[K
[2.542s] [01m[K/opt/ros/foxy/include/rclcpp/publisher.hpp:229:3:[m[K [01;36m[Knote: [m[Kcandidate: ‘[01m[Kvoid rclcpp::Publisher<MessageT, AllocatorT>::publish(rclcpp::LoanedMessage<MessageT, AllocatorT>&&) [with MessageT = test_interfaces::msg::TestImage_<std::allocator<void> >; AllocatorT = std::allocator<void>][m[K’
[2.542s]   229 |   [01;36m[Kpublish[m[K(rclcpp::LoanedMessage<MessageT, AllocatorT> && loaned_msg)
[2.542s]       |   [01;36m[K^~~~~~~[m[K
[2.542s] [01m[K/opt/ros/foxy/include/rclcpp/publisher.hpp:229:58:[m[K [01;36m[Knote: [m[K  no known conversion for argument 1 from ‘[01m[Kstd::remove_reference<std::shared_ptr<test_interfaces::msg::TestImage_<std::allocator<void> > >&>::type[m[K’ {aka ‘[01m[Kstd::shared_ptr<test_interfaces::msg::TestImage_<std::allocator<void> > >[m[K’} to ‘[01m[Krclcpp::LoanedMessage<test_interfaces::msg::TestImage_<std::allocator<void> >, std::allocator<void> >&&[m[K’
[2.542s]   229 |   publish([01;36m[Krclcpp::LoanedMessage<MessageT, AllocatorT> && loaned_msg[m[K)
[2.542s]       |           [01;36m[K~~~~~~~~~~~~~~~~~~~~~~~~~~~~~~~~~~~~~~~~~~~~~~~^~~~~~~~~~[m[K
[3.894s] make[2]: *** [CMakeFiles/cameraTimer.dir/build.make:63: CMakeFiles/cameraTimer.dir/src/CameraTimer.cpp.o] Error 1
[3.895s] make[1]: *** [CMakeFiles/Makefile2:107: CMakeFiles/cameraTimer.dir/all] Error 2
[3.895s] make: *** [Makefile:141: all] Error 2
