[0.083s] -- Found ament_cmake: 0.8.1 (/opt/ros/foxy/share/ament_cmake/cmake)
[0.121s] -- Using PYTHON_EXECUTABLE: /usr/bin/python3
[0.473s] -- Found rclcpp: 0.8.3 (/opt/ros/foxy/share/rclcpp/cmake)
[0.539s] -- Found rosidl_adapter: 0.8.2 (/opt/ros/foxy/share/rosidl_adapter/cmake)
[0.569s] -- Found rmw_implementation_cmake: 0.8.1 (/opt/ros/foxy/share/rmw_implementation_cmake/cmake)
[0.572s] -- Using RMW implementation 'rmw_fastrtps_cpp' as default
[0.686s] -- Found std_msgs: 0.8.1 (/opt/ros/foxy/share/std_msgs/cmake)
[0.695s] -- Found sensor_msgs: 0.8.1 (/opt/ros/foxy/share/sensor_msgs/cmake)
[0.719s] -- Found test_interfaces: 0.0.0 (/ros2_test/AD_Middle_Test/ros2/install/test_interfaces/share/test_interfaces/cmake)
[0.732s] -- Found message_filters: 3.2.3 (/opt/ros/foxy/share/message_filters/cmake)
[0.879s] -- Found ament_lint_auto: 0.9.1 (/opt/ros/foxy/share/ament_lint_auto/cmake)
[0.992s] -- Added test 'copyright' to check for copyright in CMake / C / C++ / Python code
[0.994s] -- Added test 'cppcheck' to perform static code analysis on C / C++ code
[0.995s] -- Configured cppcheck include dirs: /ros2_test/AD_Middle_Test/ros2/src/detect_s/include
[0.997s] -- Added test 'cpplint' to check C / C++ code against the Google style
[0.998s] -- Added test 'lint_cmake' to check CMake code style
[1.000s] -- Added test 'uncrustify' to check C / C++ code style
[1.001s] -- Added test 'xmllint' to check XML markup files
[1.005s] -- Configuring done
[1.063s] -- Generating done
[1.065s] -- Build files have been written to: /ros2_test/AD_Middle_Test/ros2/build/detect_s
[1.100s] [35m[1mScanning dependencies of target yoloDetect[0m
[1.128s] [ 50%] Built target cameraTimer
[1.143s] [ 75%] [32mBuilding CXX object CMakeFiles/yoloDetect.dir/src/YoloDetect.cpp.o[0m
[8.480s] [100%] [32m[1mLinking CXX executable yoloDetect[0m
