[0.120s] -- The C compiler identification is GNU 9.3.0
[0.208s] -- The CXX compiler identification is GNU 9.3.0
[0.217s] -- Check for working C compiler: /usr/bin/cc
[0.320s] -- Check for working C compiler: /usr/bin/cc -- works
[0.321s] -- Detecting C compiler ABI info
[0.422s] -- Detecting C compiler ABI info - done
[0.447s] -- Detecting C compile features
[0.447s] -- Detecting C compile features - done
[0.452s] -- Check for working CXX compiler: /usr/bin/c++
[0.572s] -- Check for working CXX compiler: /usr/bin/c++ -- works
[0.573s] -- Detecting CXX compiler ABI info
[0.695s] -- Detecting CXX compiler ABI info - done
[0.720s] -- Detecting CXX compile features
[0.721s] -- Detecting CXX compile features - done
[0.727s] -- Found ament_cmake: 0.8.1 (/opt/ros/foxy/share/ament_cmake/cmake)
[0.770s] -- Found PythonInterp: /usr/bin/python3 (found suitable version "3.8.2", minimum required is "3") 
[0.771s] -- Using PYTHON_EXECUTABLE: /usr/bin/python3
[1.109s] -- Found rclcpp: 0.8.3 (/opt/ros/foxy/share/rclcpp/cmake)
[1.199s] -- Found rosidl_adapter: 0.8.2 (/opt/ros/foxy/share/rosidl_adapter/cmake)
[1.239s] -- Found rmw_implementation_cmake: 0.8.1 (/opt/ros/foxy/share/rmw_implementation_cmake/cmake)
[1.242s] -- Using RMW implementation 'rmw_fastrtps_cpp' as default
[1.243s] -- Looking for pthread.h
[1.351s] -- Looking for pthread.h - found
[1.351s] -- Performing Test CMAKE_HAVE_LIBC_PTHREAD
[1.458s] -- Performing Test CMAKE_HAVE_LIBC_PTHREAD - Failed
[1.458s] -- Looking for pthread_create in pthreads
[1.542s] -- Looking for pthread_create in pthreads - not found
[1.543s] -- Looking for pthread_create in pthread
[1.643s] -- Looking for pthread_create in pthread - found
[1.645s] -- Found Threads: TRUE  
[1.779s] -- Found std_msgs: 0.8.1 (/opt/ros/foxy/share/std_msgs/cmake)
[1.790s] -- Found sensor_msgs: 0.8.1 (/opt/ros/foxy/share/sensor_msgs/cmake)
[1.816s] -- Found test_interfaces: 0.0.0 (/ros2_test/AD_Middle_Test/ros2/install/test_interfaces/share/test_interfaces/cmake)
[1.831s] -- Found message_filters: 3.2.3 (/opt/ros/foxy/share/message_filters/cmake)
[1.857s] -- Found OpenCV: /usr/local (found version "3.4.10") 
[2.047s] -- Found ament_lint_auto: 0.9.1 (/opt/ros/foxy/share/ament_lint_auto/cmake)
[2.179s] -- Added test 'copyright' to check for copyright in CMake / C / C++ / Python code
[2.181s] -- Added test 'cppcheck' to perform static code analysis on C / C++ code
[2.182s] -- Configured cppcheck include dirs: /ros2_test/AD_Middle_Test/ros2/src/detect_s/include
[2.185s] -- Added test 'cpplint' to check C / C++ code against the Google style
[2.186s] -- Added test 'lint_cmake' to check CMake code style
[2.189s] -- Added test 'uncrustify' to check C / C++ code style
[2.190s] -- Added test 'xmllint' to check XML markup files
[2.195s] -- Configuring done
[2.280s] -- Generating done
[2.282s] -- Build files have been written to: /ros2_test/AD_Middle_Test/ros2/build/detect_s
[2.352s] [35m[1mScanning dependencies of target yoloDetect[0m
[2.352s] [35m[1mScanning dependencies of target cameraTimer[0m
[2.352s] [35m[1mScanning dependencies of target line[0m
[2.419s] [ 33%] [32mBuilding CXX object CMakeFiles/cameraTimer.dir/src/CameraTimer.cpp.o[0m
[2.420s] [ 33%] [32mBuilding CXX object CMakeFiles/line.dir/src/Line.cpp.o[0m
[2.423s] [ 50%] [32mBuilding CXX object CMakeFiles/yoloDetect.dir/src/YoloDetect.cpp.o[0m
[12.937s] [ 66%] [32m[1mLinking CXX executable cameraTimer[0m
[13.791s] [ 66%] Built target cameraTimer
[23.326s] [ 83%] [32m[1mLinking CXX executable line[0m
[23.508s] [100%] [32m[1mLinking CXX executable yoloDetect[0m
[24.379s] [100%] Built target line
[24.725s] [100%] Built target yoloDetect
[24.839s] -- Install configuration: ""
[24.839s] -- Installing: /ros2_test/AD_Middle_Test/ros2/install/detect_s/lib/detect_s/cameraTimer
[24.841s] -- Set runtime path of "/ros2_test/AD_Middle_Test/ros2/install/detect_s/lib/detect_s/cameraTimer" to ""
[24.841s] -- Installing: /ros2_test/AD_Middle_Test/ros2/install/detect_s/lib/detect_s/yoloDetect
[24.844s] -- Set runtime path of "/ros2_test/AD_Middle_Test/ros2/install/detect_s/lib/detect_s/yoloDetect" to ""
[24.844s] -- Installing: /ros2_test/AD_Middle_Test/ros2/install/detect_s/share/ament_index/resource_index/package_run_dependencies/detect_s
[24.844s] -- Installing: /ros2_test/AD_Middle_Test/ros2/install/detect_s/share/ament_index/resource_index/parent_prefix_path/detect_s
[24.845s] -- Up-to-date: /ros2_test/AD_Middle_Test/ros2/install/detect_s/share/detect_s/environment/ament_prefix_path.sh
[24.845s] -- Installing: /ros2_test/AD_Middle_Test/ros2/install/detect_s/share/detect_s/environment/ament_prefix_path.dsv
[24.845s] -- Up-to-date: /ros2_test/AD_Middle_Test/ros2/install/detect_s/share/detect_s/environment/path.sh
[24.845s] -- Installing: /ros2_test/AD_Middle_Test/ros2/install/detect_s/share/detect_s/environment/path.dsv
[24.845s] -- Installing: /ros2_test/AD_Middle_Test/ros2/install/detect_s/share/detect_s/local_setup.bash
[24.846s] -- Installing: /ros2_test/AD_Middle_Test/ros2/install/detect_s/share/detect_s/local_setup.sh
[24.846s] -- Installing: /ros2_test/AD_Middle_Test/ros2/install/detect_s/share/detect_s/local_setup.zsh
[24.846s] -- Installing: /ros2_test/AD_Middle_Test/ros2/install/detect_s/share/detect_s/local_setup.dsv
[24.846s] -- Installing: /ros2_test/AD_Middle_Test/ros2/install/detect_s/share/detect_s/package.dsv
[24.846s] -- Installing: /ros2_test/AD_Middle_Test/ros2/install/detect_s/share/ament_index/resource_index/packages/detect_s
[24.847s] -- Installing: /ros2_test/AD_Middle_Test/ros2/install/detect_s/share/detect_s/cmake/detect_sConfig.cmake
[24.847s] -- Installing: /ros2_test/AD_Middle_Test/ros2/install/detect_s/share/detect_s/cmake/detect_sConfig-version.cmake
[24.847s] -- Up-to-date: /ros2_test/AD_Middle_Test/ros2/install/detect_s/share/detect_s/package.xml
