[1.931s] In file included from [01m[K/opt/ros/foxy/include/rclcpp/client.hpp:40[m[K,
[1.931s]                  from [01m[K/opt/ros/foxy/include/rclcpp/callback_group.hpp:23[m[K,
[1.931s]                  from [01m[K/opt/ros/foxy/include/rclcpp/any_executable.hpp:20[m[K,
[1.931s]                  from [01m[K/opt/ros/foxy/include/rclcpp/memory_strategy.hpp:24[m[K,
[1.932s]                  from [01m[K/opt/ros/foxy/include/rclcpp/memory_strategies.hpp:18[m[K,
[1.932s]                  from [01m[K/opt/ros/foxy/include/rclcpp/executor.hpp:33[m[K,
[1.932s]                  from [01m[K/opt/ros/foxy/include/rclcpp/executors/multi_threaded_executor.hpp:25[m[K,
[1.932s]                  from [01m[K/opt/ros/foxy/include/rclcpp/executors.hpp:21[m[K,
[1.932s]                  from [01m[K/opt/ros/foxy/include/rclcpp/rclcpp.hpp:145[m[K,
[1.932s]                  from [01m[K/ros2_test/AD_Middle_Test/ros2/src/simple_s/src/talker.cpp:3[m[K:
[1.932s] [01m[K/ros2_test/AD_Middle_Test/ros2/src/simple_s/src/talker.cpp:[m[K In member function ‘[01m[Kvoid MinimalPublisher::timer_callback()[m[K’:
[1.933s] [01m[K/ros2_test/AD_Middle_Test/ros2/src/simple_s/src/talker.cpp:28:76:[m[K [01;31m[Kerror: [m[Ktoo few arguments to function ‘[01m[Klong long unsigned int strtoull(const char*, char**, int)[m[K’
[1.933s]    28 |    RCLCPP_INFO(this->get_logger(), strtoull(message.header.frame_id.c_str()[01;31m[K)[m[K);              // CHANGE
[1.933s]       |                                                                            [01;31m[K^[m[K
[1.933s] [01m[K/opt/ros/foxy/include/rcutils/logging_macros.h:72:64:[m[K [01;36m[Knote: [m[Kin definition of macro ‘[01m[KRCUTILS_LOG_COND_NAMED[m[K’
[1.933s]    72 |       rcutils_log(&__rcutils_logging_location, severity, name, [01;36m[K__VA_ARGS__[m[K); \
[1.933s]       |                                                                [01;36m[K^~~~~~~~~~~[m[K
[1.933s] [01m[K/opt/ros/foxy/include/rclcpp/logging.hpp:542:5:[m[K [01;36m[Knote: [m[Kin expansion of macro ‘[01m[KRCUTILS_LOG_INFO_NAMED[m[K’
[1.934s]   542 |     [01;36m[KRCUTILS_LOG_INFO_NAMED[m[K( \
[1.934s]       |     [01;36m[K^~~~~~~~~~~~~~~~~~~~~~[m[K
[1.934s] [01m[K/opt/ros/foxy/include/rclcpp/logging.hpp:544:28:[m[K [01;36m[Knote: [m[Kin expansion of macro ‘[01m[KRCLCPP_FIRST_ARG[m[K’
[1.934s]   544 |       rclcpp::get_c_string([01;36m[KRCLCPP_FIRST_ARG[m[K(__VA_ARGS__, "")), \
[1.934s]       |                            [01;36m[K^~~~~~~~~~~~~~~~[m[K
[1.934s] [01m[K/ros2_test/AD_Middle_Test/ros2/src/simple_s/src/talker.cpp:28:4:[m[K [01;36m[Knote: [m[Kin expansion of macro ‘[01m[KRCLCPP_INFO[m[K’
[1.934s]    28 |    [01;36m[KRCLCPP_INFO[m[K(this->get_logger(), strtoull(message.header.frame_id.c_str()));              // CHANGE
[1.934s]       |    [01;36m[K^~~~~~~~~~~[m[K
[1.935s] In file included from [01m[K/usr/include/c++/9/cstdlib:75[m[K,
[1.935s]                  from [01m[K/usr/include/c++/9/ext/string_conversions.h:41[m[K,
[1.935s]                  from [01m[K/usr/include/c++/9/bits/basic_string.h:6493[m[K,
[1.935s]                  from [01m[K/usr/include/c++/9/string:55[m[K,
[1.935s]                  from [01m[K/usr/include/c++/9/stdexcept:39[m[K,
[1.935s]                  from [01m[K/usr/include/c++/9/array:39[m[K,
[1.935s]                  from [01m[K/usr/include/c++/9/tuple:39[m[K,
[1.936s]                  from [01m[K/usr/include/c++/9/bits/unique_ptr.h:37[m[K,
[1.936s]                  from [01m[K/usr/include/c++/9/memory:80[m[K,
[1.936s]                  from [01m[K/ros2_test/AD_Middle_Test/ros2/src/simple_s/src/talker.cpp:2[m[K:
[1.936s] [01m[K/usr/include/stdlib.h:205:31:[m[K [01;36m[Knote: [m[Kdeclared here
[1.936s]   205 | extern unsigned long long int [01;36m[Kstrtoull[m[K (const char *__restrict __nptr,
[1.936s]       |                               [01;36m[K^~~~~~~~[m[K
[2.210s] In file included from [01m[K/opt/ros/foxy/include/rclcpp/client.hpp:40[m[K,
[2.210s]                  from [01m[K/opt/ros/foxy/include/rclcpp/callback_group.hpp:23[m[K,
[2.211s]                  from [01m[K/opt/ros/foxy/include/rclcpp/any_executable.hpp:20[m[K,
[2.211s]                  from [01m[K/opt/ros/foxy/include/rclcpp/memory_strategy.hpp:24[m[K,
[2.211s]                  from [01m[K/opt/ros/foxy/include/rclcpp/memory_strategies.hpp:18[m[K,
[2.211s]                  from [01m[K/opt/ros/foxy/include/rclcpp/executor.hpp:33[m[K,
[2.211s]                  from [01m[K/opt/ros/foxy/include/rclcpp/executors/multi_threaded_executor.hpp:25[m[K,
[2.212s]                  from [01m[K/opt/ros/foxy/include/rclcpp/executors.hpp:21[m[K,
[2.212s]                  from [01m[K/opt/ros/foxy/include/rclcpp/rclcpp.hpp:145[m[K,
[2.212s]                  from [01m[K/opt/ros/foxy/include/message_filters/subscriber.h:38[m[K,
[2.212s]                  from [01m[K/ros2_test/AD_Middle_Test/ros2/src/simple_s/src/listener.cpp:5[m[K:
[2.212s] [01m[K/ros2_test/AD_Middle_Test/ros2/src/simple_s/src/listener.cpp:[m[K In member function ‘[01m[Kvoid MinimalSubscriber::topic_callback(test_interfaces::msg::Test_<std::allocator<void> >::SharedPtr)[m[K’:
[2.212s] [01m[K/ros2_test/AD_Middle_Test/ros2/src/simple_s/src/listener.cpp:95:73:[m[K [01;31m[Kerror: [m[Ktoo few arguments to function ‘[01m[Klong long unsigned int strtoull(const char*, char**, int)[m[K’
[2.212s]    95 |    RCLCPP_INFO(this->get_logger(), strtoull(msg->header.frame_id.c_str()[01;31m[K)[m[K);              // CHANGE
[2.213s]       |                                                                         [01;31m[K^[m[K
[2.213s] [01m[K/opt/ros/foxy/include/rcutils/logging_macros.h:72:64:[m[K [01;36m[Knote: [m[Kin definition of macro ‘[01m[KRCUTILS_LOG_COND_NAMED[m[K’
[2.213s]    72 |       rcutils_log(&__rcutils_logging_location, severity, name, [01;36m[K__VA_ARGS__[m[K); \
[2.213s]       |                                                                [01;36m[K^~~~~~~~~~~[m[K
[2.213s] [01m[K/opt/ros/foxy/include/rclcpp/logging.hpp:542:5:[m[K [01;36m[Knote: [m[Kin expansion of macro ‘[01m[KRCUTILS_LOG_INFO_NAMED[m[K’
[2.213s]   542 |     [01;36m[KRCUTILS_LOG_INFO_NAMED[m[K( \
[2.213s]       |     [01;36m[K^~~~~~~~~~~~~~~~~~~~~~[m[K
[2.213s] [01m[K/opt/ros/foxy/include/rclcpp/logging.hpp:544:28:[m[K [01;36m[Knote: [m[Kin expansion of macro ‘[01m[KRCLCPP_FIRST_ARG[m[K’
[2.214s]   544 |       rclcpp::get_c_string([01;36m[KRCLCPP_FIRST_ARG[m[K(__VA_ARGS__, "")), \
[2.214s]       |                            [01;36m[K^~~~~~~~~~~~~~~~[m[K
[2.214s] [01m[K/ros2_test/AD_Middle_Test/ros2/src/simple_s/src/listener.cpp:95:4:[m[K [01;36m[Knote: [m[Kin expansion of macro ‘[01m[KRCLCPP_INFO[m[K’
[2.214s]    95 |    [01;36m[KRCLCPP_INFO[m[K(this->get_logger(), strtoull(msg->header.frame_id.c_str()));              // CHANGE
[2.214s]       |    [01;36m[K^~~~~~~~~~~[m[K
[2.214s] In file included from [01m[K/usr/include/c++/9/cstdlib:75[m[K,
[2.214s]                  from [01m[K/usr/include/c++/9/ext/string_conversions.h:41[m[K,
[2.215s]                  from [01m[K/usr/include/c++/9/bits/basic_string.h:6493[m[K,
[2.215s]                  from [01m[K/usr/include/c++/9/string:55[m[K,
[2.215s]                  from [01m[K/usr/include/c++/9/stdexcept:39[m[K,
[2.215s]                  from [01m[K/usr/include/c++/9/array:39[m[K,
[2.215s]                  from [01m[K/usr/include/c++/9/tuple:39[m[K,
[2.215s]                  from [01m[K/usr/include/c++/9/bits/unique_ptr.h:37[m[K,
[2.215s]                  from [01m[K/usr/include/c++/9/memory:80[m[K,
[2.216s]                  from [01m[K/ros2_test/AD_Middle_Test/ros2/src/simple_s/src/listener.cpp:1[m[K:
[2.216s] [01m[K/usr/include/stdlib.h:205:31:[m[K [01;36m[Knote: [m[Kdeclared here
[2.216s]   205 | extern unsigned long long int [01;36m[Kstrtoull[m[K (const char *__restrict __nptr,
[2.216s]       |                               [01;36m[K^~~~~~~~[m[K
[2.216s] In file included from [01m[K/opt/ros/foxy/include/rclcpp/client.hpp:40[m[K,
[2.216s]                  from [01m[K/opt/ros/foxy/include/rclcpp/callback_group.hpp:23[m[K,
[2.216s]                  from [01m[K/opt/ros/foxy/include/rclcpp/any_executable.hpp:20[m[K,
[2.216s]                  from [01m[K/opt/ros/foxy/include/rclcpp/memory_strategy.hpp:24[m[K,
[2.217s]                  from [01m[K/opt/ros/foxy/include/rclcpp/memory_strategies.hpp:18[m[K,
[2.217s]                  from [01m[K/opt/ros/foxy/include/rclcpp/executor.hpp:33[m[K,
[2.217s]                  from [01m[K/opt/ros/foxy/include/rclcpp/executors/multi_threaded_executor.hpp:25[m[K,
[2.217s]                  from [01m[K/opt/ros/foxy/include/rclcpp/executors.hpp:21[m[K,
[2.217s]                  from [01m[K/opt/ros/foxy/include/rclcpp/rclcpp.hpp:145[m[K,
[2.217s]                  from [01m[K/opt/ros/foxy/include/message_filters/subscriber.h:38[m[K,
[2.217s]                  from [01m[K/ros2_test/AD_Middle_Test/ros2/src/simple_s/src/listener.cpp:5[m[K:
[2.218s] [01m[K/ros2_test/AD_Middle_Test/ros2/src/simple_s/src/listener.cpp:97:73:[m[K [01;31m[Kerror: [m[Ktoo few arguments to function ‘[01m[Klong long unsigned int strtoull(const char*, char**, int)[m[K’
[2.218s]    97 |    RCLCPP_INFO(this->get_logger(), strtoull(msg->header.frame_id.c_str()[01;31m[K)[m[K);              // CHANGE
[2.218s]       |                                                                         [01;31m[K^[m[K
[2.218s] [01m[K/opt/ros/foxy/include/rcutils/logging_macros.h:72:64:[m[K [01;36m[Knote: [m[Kin definition of macro ‘[01m[KRCUTILS_LOG_COND_NAMED[m[K’
[2.218s]    72 |       rcutils_log(&__rcutils_logging_location, severity, name, [01;36m[K__VA_ARGS__[m[K); \
[2.218s]       |                                                                [01;36m[K^~~~~~~~~~~[m[K
[2.218s] [01m[K/opt/ros/foxy/include/rclcpp/logging.hpp:542:5:[m[K [01;36m[Knote: [m[Kin expansion of macro ‘[01m[KRCUTILS_LOG_INFO_NAMED[m[K’
[2.218s]   542 |     [01;36m[KRCUTILS_LOG_INFO_NAMED[m[K( \
[2.219s]       |     [01;36m[K^~~~~~~~~~~~~~~~~~~~~~[m[K
[2.219s] [01m[K/opt/ros/foxy/include/rclcpp/logging.hpp:544:28:[m[K [01;36m[Knote: [m[Kin expansion of macro ‘[01m[KRCLCPP_FIRST_ARG[m[K’
[2.219s]   544 |       rclcpp::get_c_string([01;36m[KRCLCPP_FIRST_ARG[m[K(__VA_ARGS__, "")), \
[2.219s]       |                            [01;36m[K^~~~~~~~~~~~~~~~[m[K
[2.219s] [01m[K/ros2_test/AD_Middle_Test/ros2/src/simple_s/src/listener.cpp:97:4:[m[K [01;36m[Knote: [m[Kin expansion of macro ‘[01m[KRCLCPP_INFO[m[K’
[2.219s]    97 |    [01;36m[KRCLCPP_INFO[m[K(this->get_logger(), strtoull(msg->header.frame_id.c_str()));              // CHANGE
[2.219s]       |    [01;36m[K^~~~~~~~~~~[m[K
[2.220s] In file included from [01m[K/usr/include/c++/9/cstdlib:75[m[K,
[2.220s]                  from [01m[K/usr/include/c++/9/ext/string_conversions.h:41[m[K,
[2.220s]                  from [01m[K/usr/include/c++/9/bits/basic_string.h:6493[m[K,
[2.220s]                  from [01m[K/usr/include/c++/9/string:55[m[K,
[2.220s]                  from [01m[K/usr/include/c++/9/stdexcept:39[m[K,
[2.220s]                  from [01m[K/usr/include/c++/9/array:39[m[K,
[2.220s]                  from [01m[K/usr/include/c++/9/tuple:39[m[K,
[2.221s]                  from [01m[K/usr/include/c++/9/bits/unique_ptr.h:37[m[K,
[2.221s]                  from [01m[K/usr/include/c++/9/memory:80[m[K,
[2.221s]                  from [01m[K/ros2_test/AD_Middle_Test/ros2/src/simple_s/src/listener.cpp:1[m[K:
[2.221s] [01m[K/usr/include/stdlib.h:205:31:[m[K [01;36m[Knote: [m[Kdeclared here
[2.221s]   205 | extern unsigned long long int [01;36m[Kstrtoull[m[K (const char *__restrict __nptr,
[2.221s]       |                               [01;36m[K^~~~~~~~[m[K
[2.877s] make[2]: *** [CMakeFiles/talker.dir/build.make:63: CMakeFiles/talker.dir/src/talker.cpp.o] Error 1
[2.878s] make[1]: *** [CMakeFiles/Makefile2:109: CMakeFiles/talker.dir/all] Error 2
[2.878s] make[1]: *** Waiting for unfinished jobs....
[4.588s] make[2]: *** [CMakeFiles/listener.dir/build.make:63: CMakeFiles/listener.dir/src/listener.cpp.o] Error 1
[4.589s] make[1]: *** [CMakeFiles/Makefile2:82: CMakeFiles/listener.dir/all] Error 2
[4.589s] make: *** [Makefile:141: all] Error 2
