[1.847s] -- Found ament_cmake: 0.8.1 (/opt/ros/foxy/share/ament_cmake/cmake)
[2.028s] -- Using PYTHON_EXECUTABLE: /usr/bin/python3
[3.182s] -- Found rclcpp: 0.8.3 (/opt/ros/foxy/share/rclcpp/cmake)
[3.984s] -- Found rosidl_adapter: 0.8.2 (/opt/ros/foxy/share/rosidl_adapter/cmake)
[4.128s] -- Found rmw_implementation_cmake: 0.8.1 (/opt/ros/foxy/share/rmw_implementation_cmake/cmake)
[4.135s] -- Using RMW implementation 'rmw_fastrtps_cpp' as default
[5.009s] -- Found std_msgs: 0.8.1 (/opt/ros/foxy/share/std_msgs/cmake)
[5.048s] -- Found sensor_msgs: 0.8.1 (/opt/ros/foxy/share/sensor_msgs/cmake)
[5.266s] -- Found test_interfaces: 0.0.0 (/ros2_test/AD_Middle_Test/ros2/install/test_interfaces/share/test_interfaces/cmake)
[5.309s] -- Found message_filters: 3.2.3 (/opt/ros/foxy/share/message_filters/cmake)
[5.788s] -- Found ament_lint_auto: 0.9.1 (/opt/ros/foxy/share/ament_lint_auto/cmake)
[6.093s] -- Added test 'copyright' to check for copyright in CMake / C / C++ / Python code
[6.096s] -- Added test 'cppcheck' to perform static code analysis on C / C++ code
[6.097s] -- Configured cppcheck include dirs: /ros2_test/AD_Middle_Test/ros2/src/detect_s/include
[6.099s] -- Added test 'cpplint' to check C / C++ code against the Google style
[6.101s] -- Added test 'lint_cmake' to check CMake code style
[6.104s] -- Added test 'uncrustify' to check C / C++ code style
[6.105s] -- Added test 'xmllint' to check XML markup files
[6.118s] -- Configuring done
[6.849s] -- Generating done
[6.865s] -- Build files have been written to: /ros2_test/AD_Middle_Test/ros2/build/detect_s
[6.958s] [35m[1mScanning dependencies of target yoloDetect[0m
[6.973s] [ 20%] Built target line
[6.974s] [ 40%] Built target fusionMiddle
[6.987s] [ 60%] Built target cameraTimer
[6.996s] [ 80%] Built target trackerRos2
[7.048s] [ 90%] [32mBuilding CXX object CMakeFiles/yoloDetect.dir/src/YoloDetect.cpp.o[0m
[16.381s] [100%] [32m[1mLinking CXX executable yoloDetect[0m
[19.020s] [100%] Built target yoloDetect
[19.094s] -- Install configuration: ""
[19.125s] -- Up-to-date: /ros2_test/AD_Middle_Test/ros2/install/detect_s/lib/detect_s/cameraTimer
[19.145s] -- Installing: /ros2_test/AD_Middle_Test/ros2/install/detect_s/lib/detect_s/yoloDetect
[19.148s] -- Set runtime path of "/ros2_test/AD_Middle_Test/ros2/install/detect_s/lib/detect_s/yoloDetect" to ""
[19.164s] -- Up-to-date: /ros2_test/AD_Middle_Test/ros2/install/detect_s/lib/detect_s/line
[19.181s] -- Up-to-date: /ros2_test/AD_Middle_Test/ros2/install/detect_s/lib/detect_s/trackerRos2
[19.196s] -- Up-to-date: /ros2_test/AD_Middle_Test/ros2/install/detect_s/lib/detect_s/fusionMiddle
[19.202s] -- Up-to-date: /ros2_test/AD_Middle_Test/ros2/install/detect_s/share/ament_index/resource_index/package_run_dependencies/detect_s
[19.208s] -- Up-to-date: /ros2_test/AD_Middle_Test/ros2/install/detect_s/share/ament_index/resource_index/parent_prefix_path/detect_s
[19.208s] -- Up-to-date: /ros2_test/AD_Middle_Test/ros2/install/detect_s/share/detect_s/environment/ament_prefix_path.sh
[19.208s] -- Installing: /ros2_test/AD_Middle_Test/ros2/install/detect_s/share/detect_s/environment/ament_prefix_path.dsv
[19.209s] -- Up-to-date: /ros2_test/AD_Middle_Test/ros2/install/detect_s/share/detect_s/environment/path.sh
[19.209s] -- Installing: /ros2_test/AD_Middle_Test/ros2/install/detect_s/share/detect_s/environment/path.dsv
[19.209s] -- Up-to-date: /ros2_test/AD_Middle_Test/ros2/install/detect_s/share/detect_s/local_setup.bash
[19.209s] -- Up-to-date: /ros2_test/AD_Middle_Test/ros2/install/detect_s/share/detect_s/local_setup.sh
[19.209s] -- Up-to-date: /ros2_test/AD_Middle_Test/ros2/install/detect_s/share/detect_s/local_setup.zsh
[19.209s] -- Installing: /ros2_test/AD_Middle_Test/ros2/install/detect_s/share/detect_s/local_setup.dsv
[19.210s] -- Installing: /ros2_test/AD_Middle_Test/ros2/install/detect_s/share/detect_s/package.dsv
[19.210s] -- Up-to-date: /ros2_test/AD_Middle_Test/ros2/install/detect_s/share/ament_index/resource_index/packages/detect_s
[19.210s] -- Up-to-date: /ros2_test/AD_Middle_Test/ros2/install/detect_s/share/detect_s/cmake/detect_sConfig.cmake
[19.210s] -- Up-to-date: /ros2_test/AD_Middle_Test/ros2/install/detect_s/share/detect_s/cmake/detect_sConfig-version.cmake
[19.210s] -- Up-to-date: /ros2_test/AD_Middle_Test/ros2/install/detect_s/share/detect_s/package.xml
