[0.109s] [35m[1mScanning dependencies of target line[0m
[0.111s] [35m[1mScanning dependencies of target yoloDetect[0m
[0.111s] [35m[1mScanning dependencies of target trackerRos2[0m
[0.169s] [ 12%] [32mBuilding CXX object CMakeFiles/trackerRos2.dir/src/TrackerRos2.cpp.o[0m
[0.177s] [ 25%] [32mBuilding CXX object CMakeFiles/line.dir/src/Line.cpp.o[0m
[0.178s] [ 37%] [32mBuilding CXX object CMakeFiles/yoloDetect.dir/src/YoloDetect.cpp.o[0m
[0.202s] [ 62%] Built target cameraTimer
[9.943s] [ 75%] [32m[1mLinking CXX executable line[0m
[10.318s] [ 75%] Built target line
[10.451s] [ 87%] [32m[1mLinking CXX executable yoloDetect[0m
[11.042s] [ 87%] Built target yoloDetect
[15.507s] [100%] [32m[1mLinking CXX executable trackerRos2[0m
[16.053s] [100%] Built target trackerRos2
[16.124s] -- Install configuration: ""
[16.124s] -- Up-to-date: /ros2_test/AD_Middle_Test/ros2/install/detect_s/lib/detect_s/cameraTimer
[16.125s] -- Installing: /ros2_test/AD_Middle_Test/ros2/install/detect_s/lib/detect_s/yoloDetect
[16.128s] -- Set runtime path of "/ros2_test/AD_Middle_Test/ros2/install/detect_s/lib/detect_s/yoloDetect" to ""
[16.128s] -- Installing: /ros2_test/AD_Middle_Test/ros2/install/detect_s/lib/detect_s/line
[16.131s] -- Set runtime path of "/ros2_test/AD_Middle_Test/ros2/install/detect_s/lib/detect_s/line" to ""
[16.131s] -- Installing: /ros2_test/AD_Middle_Test/ros2/install/detect_s/lib/detect_s/trackerRos2
[16.136s] -- Set runtime path of "/ros2_test/AD_Middle_Test/ros2/install/detect_s/lib/detect_s/trackerRos2" to ""
[16.136s] -- Up-to-date: /ros2_test/AD_Middle_Test/ros2/install/detect_s/share/ament_index/resource_index/package_run_dependencies/detect_s
[16.137s] -- Up-to-date: /ros2_test/AD_Middle_Test/ros2/install/detect_s/share/ament_index/resource_index/parent_prefix_path/detect_s
[16.137s] -- Up-to-date: /ros2_test/AD_Middle_Test/ros2/install/detect_s/share/detect_s/environment/ament_prefix_path.sh
[16.137s] -- Up-to-date: /ros2_test/AD_Middle_Test/ros2/install/detect_s/share/detect_s/environment/ament_prefix_path.dsv
[16.137s] -- Up-to-date: /ros2_test/AD_Middle_Test/ros2/install/detect_s/share/detect_s/environment/path.sh
[16.137s] -- Up-to-date: /ros2_test/AD_Middle_Test/ros2/install/detect_s/share/detect_s/environment/path.dsv
[16.137s] -- Up-to-date: /ros2_test/AD_Middle_Test/ros2/install/detect_s/share/detect_s/local_setup.bash
[16.138s] -- Up-to-date: /ros2_test/AD_Middle_Test/ros2/install/detect_s/share/detect_s/local_setup.sh
[16.138s] -- Up-to-date: /ros2_test/AD_Middle_Test/ros2/install/detect_s/share/detect_s/local_setup.zsh
[16.138s] -- Up-to-date: /ros2_test/AD_Middle_Test/ros2/install/detect_s/share/detect_s/local_setup.dsv
[16.138s] -- Installing: /ros2_test/AD_Middle_Test/ros2/install/detect_s/share/detect_s/package.dsv
[16.138s] -- Up-to-date: /ros2_test/AD_Middle_Test/ros2/install/detect_s/share/ament_index/resource_index/packages/detect_s
[16.138s] -- Up-to-date: /ros2_test/AD_Middle_Test/ros2/install/detect_s/share/detect_s/cmake/detect_sConfig.cmake
[16.138s] -- Up-to-date: /ros2_test/AD_Middle_Test/ros2/install/detect_s/share/detect_s/cmake/detect_sConfig-version.cmake
[16.139s] -- Up-to-date: /ros2_test/AD_Middle_Test/ros2/install/detect_s/share/detect_s/package.xml
