[0.021s] Invoking command in '/ros2_test/AD_Middle_Test/ros2/src/build/simple_s': /usr/bin/cmake --build /ros2_test/AD_Middle_Test/ros2/src/build/simple_s -- -j30 -l30
[0.081s] [35m[1mScanning dependencies of target listener[0m
[0.111s] [ 50%] Built target talker
[0.120s] [ 75%] [32mBuilding CXX object CMakeFiles/listener.dir/src/listener.cpp.o[0m
[1.998s] [01m[K/ros2_test/AD_Middle_Test/ros2/src/simple_s/src/listener.cpp:[m[K In function ‘[01m[Kvoid topic_callback2(const SharedPtr&, const SharedPtr&)[m[K’:
[1.998s] [01m[K/ros2_test/AD_Middle_Test/ros2/src/simple_s/src/listener.cpp:45:67:[m[K [01;35m[Kwarning: [m[Kunused parameter ‘[01m[Kmsg0[m[K’ [[01;35m[K-Wunused-parameter[m[K]
[1.998s]    45 | void topic_callback2([01;35m[Kconst test_interfaces::msg::Test::SharedPtr& msg0[m[K,const test_interfaces::msg::Test::SharedPtr& msg1)
[1.999s]       |                      [01;35m[K~~~~~~~~~~~~~~~~~~~~~~~~~~~~~~~~~~~~~~~~~~~~~^~~~[m[K
[1.999s] [01m[K/ros2_test/AD_Middle_Test/ros2/src/simple_s/src/listener.cpp:45:117:[m[K [01;35m[Kwarning: [m[Kunused parameter ‘[01m[Kmsg1[m[K’ [[01;35m[K-Wunused-parameter[m[K]
[1.999s]    45 | void topic_callback2(const test_interfaces::msg::Test::SharedPtr& msg0,[01;35m[Kconst test_interfaces::msg::Test::SharedPtr& msg1[m[K)
[1.999s]       |                                                                        [01;35m[K~~~~~~~~~~~~~~~~~~~~~~~~~~~~~~~~~~~~~~~~~~~~~^~~~[m[K
[2.189s] In file included from [01m[K/ros2_test/AD_Middle_Test/ros2/src/simple_s/src/listener.cpp:6[m[K:
[2.190s] /opt/ros/foxy/include/message_filters/synchronizer.h: In instantiation of ‘[01m[Kmessage_filters::Connection message_filters::Synchronizer<Policy>::registerCallback(const C&, T*) [with C = void (*)(const std::shared_ptr<test_interfaces::msg::Test_<std::allocator<void> > >&, const std::shared_ptr<test_interfaces::msg::Test_<std::allocator<void> > >&); T = MinimalSubscriber; Policy = message_filters::sync_policies::ExactTime<test_interfaces::msg::Test_<std::allocator<void> >, test_interfaces::msg::Test_<std::allocator<void> >, message_filters::NullType, message_filters::NullType, message_filters::NullType, message_filters::NullType, message_filters::NullType, message_filters::NullType, message_filters::NullType>][m[K’:
[2.190s] [01m[K/ros2_test/AD_Middle_Test/ros2/src/simple_s/src/listener.cpp:73:55:[m[K   required from here
[2.191s] [01m[K/opt/ros/foxy/include/message_filters/synchronizer.h:304:43:[m[K [01;31m[Kerror: [m[Kno matching function for call to ‘[01m[Kmessage_filters::Signal9<test_interfaces::msg::Test_<std::allocator<void> >, test_interfaces::msg::Test_<std::allocator<void> >, message_filters::NullType, message_filters::NullType, message_filters::NullType, message_filters::NullType, message_filters::NullType, message_filters::NullType, message_filters::NullType>::addCallback(void (* const&)(const std::shared_ptr<test_interfaces::msg::Test_<std::allocator<void> > >&, const std::shared_ptr<test_interfaces::msg::Test_<std::allocator<void> > >&), MinimalSubscriber*&)[m[K’
[2.191s]   304 |     return signal_.addCallback(callback, t[01;31m[K)[m[K;
[2.191s]       |                                           [01;31m[K^[m[K
[2.191s] In file included from [01m[K/opt/ros/foxy/include/message_filters/synchronizer.h:47[m[K,
[2.191s]                  from [01m[K/ros2_test/AD_Middle_Test/ros2/src/simple_s/src/listener.cpp:6[m[K:
[2.191s] [01m[K/opt/ros/foxy/include/message_filters/signal9.h:170:14:[m[K [01;36m[Knote: [m[Kcandidate: ‘[01m[Ktemplate<class P0, class P1, class P2, class P3, class P4, class P5, class P6, class P7, class P8> message_filters::Connection message_filters::Signal9<M0, M1, M2, M3, M4, M5, M6, M7, M8>::addCallback(const std::function<void(P0, P1, P2, P3, P4, P5, P6, P7, P8)>&) [with P0 = P0; P1 = P1; P2 = P2; P3 = P3; P4 = P4; P5 = P5; P6 = P6; P7 = P7; P8 = P8; M0 = test_interfaces::msg::Test_<std::allocator<void> >; M1 = test_interfaces::msg::Test_<std::allocator<void> >; M2 = message_filters::NullType; M3 = message_filters::NullType; M4 = message_filters::NullType; M5 = message_filters::NullType; M6 = message_filters::NullType; M7 = message_filters::NullType; M8 = message_filters::NullType][m[K’
[2.191s]   170 |   Connection [01;36m[KaddCallback[m[K(const std::function<void(P0, P1, P2, P3, P4, P5, P6, P7, P8)>& callback)
[2.192s]       |              [01;36m[K^~~~~~~~~~~[m[K
[2.192s] [01m[K/opt/ros/foxy/include/message_filters/signal9.h:170:14:[m[K [01;36m[Knote: [m[K  template argument deduction/substitution failed:
[2.192s] In file included from [01m[K/ros2_test/AD_Middle_Test/ros2/src/simple_s/src/listener.cpp:6[m[K:
[2.192s] [01m[K/opt/ros/foxy/include/message_filters/synchronizer.h:304:43:[m[K [01;36m[Knote: [m[K  mismatched types ‘[01m[Kconst std::function<void(P0, P1, P2, P3, P4, P5, P6, P7, P8)>[m[K’ and ‘[01m[Kvoid (* const)(const std::shared_ptr<test_interfaces::msg::Test_<std::allocator<void> > >&, const std::shared_ptr<test_interfaces::msg::Test_<std::allocator<void> > >&)[m[K’
[2.192s]   304 |     return signal_.addCallback(callback, t[01;36m[K)[m[K;
[2.192s]       |                                           [01;36m[K^[m[K
[2.192s] In file included from [01m[K/opt/ros/foxy/include/message_filters/synchronizer.h:47[m[K,
[2.193s]                  from [01m[K/ros2_test/AD_Middle_Test/ros2/src/simple_s/src/listener.cpp:6[m[K:
[2.193s] [01m[K/opt/ros/foxy/include/message_filters/signal9.h:180:14:[m[K [01;36m[Knote: [m[Kcandidate: ‘[01m[Ktemplate<class P0, class P1> message_filters::Connection message_filters::Signal9<M0, M1, M2, M3, M4, M5, M6, M7, M8>::addCallback(void (*)(P0, P1)) [with P0 = P0; P1 = P1; M0 = test_interfaces::msg::Test_<std::allocator<void> >; M1 = test_interfaces::msg::Test_<std::allocator<void> >; M2 = message_filters::NullType; M3 = message_filters::NullType; M4 = message_filters::NullType; M5 = message_filters::NullType; M6 = message_filters::NullType; M7 = message_filters::NullType; M8 = message_filters::NullType][m[K’
[2.193s]   180 |   Connection [01;36m[KaddCallback[m[K(void(*callback)(P0, P1))
[2.193s]       |              [01;36m[K^~~~~~~~~~~[m[K
[2.193s] [01m[K/opt/ros/foxy/include/message_filters/signal9.h:180:14:[m[K [01;36m[Knote: [m[K  template argument deduction/substitution failed:
[2.193s] In file included from [01m[K/ros2_test/AD_Middle_Test/ros2/src/simple_s/src/listener.cpp:6[m[K:
[2.193s] [01m[K/opt/ros/foxy/include/message_filters/synchronizer.h:304:43:[m[K [01;36m[Knote: [m[K  candidate expects 1 argument, 2 provided
[2.193s]   304 |     return signal_.addCallback(callback, t[01;36m[K)[m[K;
[2.194s]       |                                           [01;36m[K^[m[K
[2.194s] In file included from [01m[K/opt/ros/foxy/include/message_filters/synchronizer.h:47[m[K,
[2.194s]                  from [01m[K/ros2_test/AD_Middle_Test/ros2/src/simple_s/src/listener.cpp:6[m[K:
[2.194s] [01m[K/opt/ros/foxy/include/message_filters/signal9.h:186:14:[m[K [01;36m[Knote: [m[Kcandidate: ‘[01m[Ktemplate<class P0, class P1, class P2> message_filters::Connection message_filters::Signal9<M0, M1, M2, M3, M4, M5, M6, M7, M8>::addCallback(void (*)(P0, P1, P2)) [with P0 = P0; P1 = P1; P2 = P2; M0 = test_interfaces::msg::Test_<std::allocator<void> >; M1 = test_interfaces::msg::Test_<std::allocator<void> >; M2 = message_filters::NullType; M3 = message_filters::NullType; M4 = message_filters::NullType; M5 = message_filters::NullType; M6 = message_filters::NullType; M7 = message_filters::NullType; M8 = message_filters::NullType][m[K’
[2.194s]   186 |   Connection [01;36m[KaddCallback[m[K(void(*callback)(P0, P1, P2))
[2.194s]       |              [01;36m[K^~~~~~~~~~~[m[K
[2.194s] [01m[K/opt/ros/foxy/include/message_filters/signal9.h:186:14:[m[K [01;36m[Knote: [m[K  template argument deduction/substitution failed:
[2.195s] In file included from [01m[K/ros2_test/AD_Middle_Test/ros2/src/simple_s/src/listener.cpp:6[m[K:
[2.195s] [01m[K/opt/ros/foxy/include/message_filters/synchronizer.h:304:43:[m[K [01;36m[Knote: [m[K  candidate expects 3 arguments, 2 provided
[2.195s]   304 |     return signal_.addCallback(callback, t[01;36m[K)[m[K;
[2.195s]       |                                           [01;36m[K^[m[K
[2.195s] In file included from [01m[K/opt/ros/foxy/include/message_filters/synchronizer.h:47[m[K,
[2.195s]                  from [01m[K/ros2_test/AD_Middle_Test/ros2/src/simple_s/src/listener.cpp:6[m[K:
[2.195s] [01m[K/opt/ros/foxy/include/message_filters/signal9.h:192:14:[m[K [01;36m[Knote: [m[Kcandidate: ‘[01m[Ktemplate<class P0, class P1, class P2, class P3> message_filters::Connection message_filters::Signal9<M0, M1, M2, M3, M4, M5, M6, M7, M8>::addCallback(void (*)(P0, P1, P2, P3)) [with P0 = P0; P1 = P1; P2 = P2; P3 = P3; M0 = test_interfaces::msg::Test_<std::allocator<void> >; M1 = test_interfaces::msg::Test_<std::allocator<void> >; M2 = message_filters::NullType; M3 = message_filters::NullType; M4 = message_filters::NullType; M5 = message_filters::NullType; M6 = message_filters::NullType; M7 = message_filters::NullType; M8 = message_filters::NullType][m[K’
[2.196s]   192 |   Connection [01;36m[KaddCallback[m[K(void(*callback)(P0, P1, P2, P3))
[2.196s]       |              [01;36m[K^~~~~~~~~~~[m[K
[2.196s] [01m[K/opt/ros/foxy/include/message_filters/signal9.h:192:14:[m[K [01;36m[Knote: [m[K  template argument deduction/substitution failed:
[2.196s] In file included from [01m[K/ros2_test/AD_Middle_Test/ros2/src/simple_s/src/listener.cpp:6[m[K:
[2.196s] [01m[K/opt/ros/foxy/include/message_filters/synchronizer.h:304:43:[m[K [01;36m[Knote: [m[K  candidate expects 4 arguments, 2 provided
[2.196s]   304 |     return signal_.addCallback(callback, t[01;36m[K)[m[K;
[2.196s]       |                                           [01;36m[K^[m[K
[2.197s] In file included from [01m[K/opt/ros/foxy/include/message_filters/synchronizer.h:47[m[K,
[2.197s]                  from [01m[K/ros2_test/AD_Middle_Test/ros2/src/simple_s/src/listener.cpp:6[m[K:
[2.197s] [01m[K/opt/ros/foxy/include/message_filters/signal9.h:198:14:[m[K [01;36m[Knote: [m[Kcandidate: ‘[01m[Ktemplate<class P0, class P1, class P2, class P3, class P4> message_filters::Connection message_filters::Signal9<M0, M1, M2, M3, M4, M5, M6, M7, M8>::addCallback(void (*)(P0, P1, P2, P3, P4)) [with P0 = P0; P1 = P1; P2 = P2; P3 = P3; P4 = P4; M0 = test_interfaces::msg::Test_<std::allocator<void> >; M1 = test_interfaces::msg::Test_<std::allocator<void> >; M2 = message_filters::NullType; M3 = message_filters::NullType; M4 = message_filters::NullType; M5 = message_filters::NullType; M6 = message_filters::NullType; M7 = message_filters::NullType; M8 = message_filters::NullType][m[K’
[2.197s]   198 |   Connection [01;36m[KaddCallback[m[K(void(*callback)(P0, P1, P2, P3, P4))
[2.197s]       |              [01;36m[K^~~~~~~~~~~[m[K
[2.197s] [01m[K/opt/ros/foxy/include/message_filters/signal9.h:198:14:[m[K [01;36m[Knote: [m[K  template argument deduction/substitution failed:
[2.197s] In file included from [01m[K/ros2_test/AD_Middle_Test/ros2/src/simple_s/src/listener.cpp:6[m[K:
[2.197s] [01m[K/opt/ros/foxy/include/message_filters/synchronizer.h:304:43:[m[K [01;36m[Knote: [m[K  candidate expects 5 arguments, 2 provided
[2.198s]   304 |     return signal_.addCallback(callback, t[01;36m[K)[m[K;
[2.198s]       |                                           [01;36m[K^[m[K
[2.198s] In file included from [01m[K/opt/ros/foxy/include/message_filters/synchronizer.h:47[m[K,
[2.198s]                  from [01m[K/ros2_test/AD_Middle_Test/ros2/src/simple_s/src/listener.cpp:6[m[K:
[2.198s] [01m[K/opt/ros/foxy/include/message_filters/signal9.h:204:14:[m[K [01;36m[Knote: [m[Kcandidate: ‘[01m[Ktemplate<class P0, class P1, class P2, class P3, class P4, class P5> message_filters::Connection message_filters::Signal9<M0, M1, M2, M3, M4, M5, M6, M7, M8>::addCallback(void (*)(P0, P1, P2, P3, P4, P5)) [with P0 = P0; P1 = P1; P2 = P2; P3 = P3; P4 = P4; P5 = P5; M0 = test_interfaces::msg::Test_<std::allocator<void> >; M1 = test_interfaces::msg::Test_<std::allocator<void> >; M2 = message_filters::NullType; M3 = message_filters::NullType; M4 = message_filters::NullType; M5 = message_filters::NullType; M6 = message_filters::NullType; M7 = message_filters::NullType; M8 = message_filters::NullType][m[K’
[2.198s]   204 |   Connection [01;36m[KaddCallback[m[K(void(*callback)(P0, P1, P2, P3, P4, P5))
[2.198s]       |              [01;36m[K^~~~~~~~~~~[m[K
[2.199s] [01m[K/opt/ros/foxy/include/message_filters/signal9.h:204:14:[m[K [01;36m[Knote: [m[K  template argument deduction/substitution failed:
[2.199s] In file included from [01m[K/ros2_test/AD_Middle_Test/ros2/src/simple_s/src/listener.cpp:6[m[K:
[2.199s] [01m[K/opt/ros/foxy/include/message_filters/synchronizer.h:304:43:[m[K [01;36m[Knote: [m[K  candidate expects 6 arguments, 2 provided
[2.199s]   304 |     return signal_.addCallback(callback, t[01;36m[K)[m[K;
[2.199s]       |                                           [01;36m[K^[m[K
[2.199s] In file included from [01m[K/opt/ros/foxy/include/message_filters/synchronizer.h:47[m[K,
[2.199s]                  from [01m[K/ros2_test/AD_Middle_Test/ros2/src/simple_s/src/listener.cpp:6[m[K:
[2.200s] [01m[K/opt/ros/foxy/include/message_filters/signal9.h:210:14:[m[K [01;36m[Knote: [m[Kcandidate: ‘[01m[Ktemplate<class P0, class P1, class P2, class P3, class P4, class P5, class P6> message_filters::Connection message_filters::Signal9<M0, M1, M2, M3, M4, M5, M6, M7, M8>::addCallback(void (*)(P0, P1, P2, P3, P4, P5, P6)) [with P0 = P0; P1 = P1; P2 = P2; P3 = P3; P4 = P4; P5 = P5; P6 = P6; M0 = test_interfaces::msg::Test_<std::allocator<void> >; M1 = test_interfaces::msg::Test_<std::allocator<void> >; M2 = message_filters::NullType; M3 = message_filters::NullType; M4 = message_filters::NullType; M5 = message_filters::NullType; M6 = message_filters::NullType; M7 = message_filters::NullType; M8 = message_filters::NullType][m[K’
[2.200s]   210 |   Connection [01;36m[KaddCallback[m[K(void(*callback)(P0, P1, P2, P3, P4, P5, P6))
[2.200s]       |              [01;36m[K^~~~~~~~~~~[m[K
[2.200s] [01m[K/opt/ros/foxy/include/message_filters/signal9.h:210:14:[m[K [01;36m[Knote: [m[K  template argument deduction/substitution failed:
[2.200s] In file included from [01m[K/ros2_test/AD_Middle_Test/ros2/src/simple_s/src/listener.cpp:6[m[K:
[2.200s] [01m[K/opt/ros/foxy/include/message_filters/synchronizer.h:304:43:[m[K [01;36m[Knote: [m[K  candidate expects 7 arguments, 2 provided
[2.200s]   304 |     return signal_.addCallback(callback, t[01;36m[K)[m[K;
[2.201s]       |                                           [01;36m[K^[m[K
[2.201s] In file included from [01m[K/opt/ros/foxy/include/message_filters/synchronizer.h:47[m[K,
[2.201s]                  from [01m[K/ros2_test/AD_Middle_Test/ros2/src/simple_s/src/listener.cpp:6[m[K:
[2.201s] [01m[K/opt/ros/foxy/include/message_filters/signal9.h:216:14:[m[K [01;36m[Knote: [m[Kcandidate: ‘[01m[Ktemplate<class P0, class P1, class P2, class P3, class P4, class P5, class P6, class P7> message_filters::Connection message_filters::Signal9<M0, M1, M2, M3, M4, M5, M6, M7, M8>::addCallback(void (*)(P0, P1, P2, P3, P4, P5, P6, P7)) [with P0 = P0; P1 = P1; P2 = P2; P3 = P3; P4 = P4; P5 = P5; P6 = P6; P7 = P7; M0 = test_interfaces::msg::Test_<std::allocator<void> >; M1 = test_interfaces::msg::Test_<std::allocator<void> >; M2 = message_filters::NullType; M3 = message_filters::NullType; M4 = message_filters::NullType; M5 = message_filters::NullType; M6 = message_filters::NullType; M7 = message_filters::NullType; M8 = message_filters::NullType][m[K’
[2.201s]   216 |   Connection [01;36m[KaddCallback[m[K(void(*callback)(P0, P1, P2, P3, P4, P5, P6, P7))
[2.201s]       |              [01;36m[K^~~~~~~~~~~[m[K
[2.201s] [01m[K/opt/ros/foxy/include/message_filters/signal9.h:216:14:[m[K [01;36m[Knote: [m[K  template argument deduction/substitution failed:
[2.201s] In file included from [01m[K/ros2_test/AD_Middle_Test/ros2/src/simple_s/src/listener.cpp:6[m[K:
[2.202s] [01m[K/opt/ros/foxy/include/message_filters/synchronizer.h:304:43:[m[K [01;36m[Knote: [m[K  candidate expects 8 arguments, 2 provided
[2.202s]   304 |     return signal_.addCallback(callback, t[01;36m[K)[m[K;
[2.202s]       |                                           [01;36m[K^[m[K
[2.202s] In file included from [01m[K/opt/ros/foxy/include/message_filters/synchronizer.h:47[m[K,
[2.202s]                  from [01m[K/ros2_test/AD_Middle_Test/ros2/src/simple_s/src/listener.cpp:6[m[K:
[2.202s] [01m[K/opt/ros/foxy/include/message_filters/signal9.h:222:14:[m[K [01;36m[Knote: [m[Kcandidate: ‘[01m[Ktemplate<class P0, class P1, class P2, class P3, class P4, class P5, class P6, class P7, class P8> message_filters::Connection message_filters::Signal9<M0, M1, M2, M3, M4, M5, M6, M7, M8>::addCallback(void (*)(P0, P1, P2, P3, P4, P5, P6, P7, P8)) [with P0 = P0; P1 = P1; P2 = P2; P3 = P3; P4 = P4; P5 = P5; P6 = P6; P7 = P7; P8 = P8; M0 = test_interfaces::msg::Test_<std::allocator<void> >; M1 = test_interfaces::msg::Test_<std::allocator<void> >; M2 = message_filters::NullType; M3 = message_filters::NullType; M4 = message_filters::NullType; M5 = message_filters::NullType; M6 = message_filters::NullType; M7 = message_filters::NullType; M8 = message_filters::NullType][m[K’
[2.202s]   222 |   Connection [01;36m[KaddCallback[m[K(void(*callback)(P0, P1, P2, P3, P4, P5, P6, P7, P8))
[2.203s]       |              [01;36m[K^~~~~~~~~~~[m[K
[2.203s] [01m[K/opt/ros/foxy/include/message_filters/signal9.h:222:14:[m[K [01;36m[Knote: [m[K  template argument deduction/substitution failed:
[2.203s] In file included from [01m[K/ros2_test/AD_Middle_Test/ros2/src/simple_s/src/listener.cpp:6[m[K:
[2.203s] [01m[K/opt/ros/foxy/include/message_filters/synchronizer.h:304:43:[m[K [01;36m[Knote: [m[K  candidate expects 9 arguments, 2 provided
[2.203s]   304 |     return signal_.addCallback(callback, t[01;36m[K)[m[K;
[2.203s]       |                                           [01;36m[K^[m[K
[2.203s] In file included from [01m[K/opt/ros/foxy/include/message_filters/synchronizer.h:47[m[K,
[2.204s]                  from [01m[K/ros2_test/AD_Middle_Test/ros2/src/simple_s/src/listener.cpp:6[m[K:
[2.204s] [01m[K/opt/ros/foxy/include/message_filters/signal9.h:228:14:[m[K [01;36m[Knote: [m[Kcandidate: ‘[01m[Ktemplate<class T, class P0, class P1> message_filters::Connection message_filters::Signal9<M0, M1, M2, M3, M4, M5, M6, M7, M8>::addCallback(void (T::*)(P0, P1), T*) [with T = T; P0 = P0; P1 = P1; M0 = test_interfaces::msg::Test_<std::allocator<void> >; M1 = test_interfaces::msg::Test_<std::allocator<void> >; M2 = message_filters::NullType; M3 = message_filters::NullType; M4 = message_filters::NullType; M5 = message_filters::NullType; M6 = message_filters::NullType; M7 = message_filters::NullType; M8 = message_filters::NullType][m[K’
[2.204s]   228 |   Connection [01;36m[KaddCallback[m[K(void(T::*callback)(P0, P1), T* t)
[2.204s]       |              [01;36m[K^~~~~~~~~~~[m[K
[2.204s] [01m[K/opt/ros/foxy/include/message_filters/signal9.h:228:14:[m[K [01;36m[Knote: [m[K  template argument deduction/substitution failed:
[2.204s] In file included from [01m[K/ros2_test/AD_Middle_Test/ros2/src/simple_s/src/listener.cpp:6[m[K:
[2.204s] [01m[K/opt/ros/foxy/include/message_filters/synchronizer.h:304:43:[m[K [01;36m[Knote: [m[K  mismatched types ‘[01m[Kvoid (T::*)(P0, P1)[m[K’ and ‘[01m[Kvoid (*)(const std::shared_ptr<test_interfaces::msg::Test_<std::allocator<void> > >&, const std::shared_ptr<test_interfaces::msg::Test_<std::allocator<void> > >&)[m[K’
[2.204s]   304 |     return signal_.addCallback(callback, t[01;36m[K)[m[K;
[2.205s]       |                                           [01;36m[K^[m[K
[2.205s] In file included from [01m[K/opt/ros/foxy/include/message_filters/synchronizer.h:47[m[K,
[2.205s]                  from [01m[K/ros2_test/AD_Middle_Test/ros2/src/simple_s/src/listener.cpp:6[m[K:
[2.205s] [01m[K/opt/ros/foxy/include/message_filters/signal9.h:234:14:[m[K [01;36m[Knote: [m[Kcandidate: ‘[01m[Ktemplate<class T, class P0, class P1, class P2> message_filters::Connection message_filters::Signal9<M0, M1, M2, M3, M4, M5, M6, M7, M8>::addCallback(void (T::*)(P0, P1, P2), T*) [with T = T; P0 = P0; P1 = P1; P2 = P2; M0 = test_interfaces::msg::Test_<std::allocator<void> >; M1 = test_interfaces::msg::Test_<std::allocator<void> >; M2 = message_filters::NullType; M3 = message_filters::NullType; M4 = message_filters::NullType; M5 = message_filters::NullType; M6 = message_filters::NullType; M7 = message_filters::NullType; M8 = message_filters::NullType][m[K’
[2.205s]   234 |   Connection [01;36m[KaddCallback[m[K(void(T::*callback)(P0, P1, P2), T* t)
[2.205s]       |              [01;36m[K^~~~~~~~~~~[m[K
[2.205s] [01m[K/opt/ros/foxy/include/message_filters/signal9.h:234:14:[m[K [01;36m[Knote: [m[K  template argument deduction/substitution failed:
[2.206s] In file included from [01m[K/ros2_test/AD_Middle_Test/ros2/src/simple_s/src/listener.cpp:6[m[K:
[2.206s] [01m[K/opt/ros/foxy/include/message_filters/synchronizer.h:304:43:[m[K [01;36m[Knote: [m[K  mismatched types ‘[01m[Kvoid (T::*)(P0, P1, P2)[m[K’ and ‘[01m[Kvoid (*)(const std::shared_ptr<test_interfaces::msg::Test_<std::allocator<void> > >&, const std::shared_ptr<test_interfaces::msg::Test_<std::allocator<void> > >&)[m[K’
[2.206s]   304 |     return signal_.addCallback(callback, t[01;36m[K)[m[K;
[2.206s]       |                                           [01;36m[K^[m[K
[2.206s] In file included from [01m[K/opt/ros/foxy/include/message_filters/synchronizer.h:47[m[K,
[2.206s]                  from [01m[K/ros2_test/AD_Middle_Test/ros2/src/simple_s/src/listener.cpp:6[m[K:
[2.206s] [01m[K/opt/ros/foxy/include/message_filters/signal9.h:240:14:[m[K [01;36m[Knote: [m[Kcandidate: ‘[01m[Ktemplate<class T, class P0, class P1, class P2, class P3> message_filters::Connection message_filters::Signal9<M0, M1, M2, M3, M4, M5, M6, M7, M8>::addCallback(void (T::*)(P0, P1, P2, P3), T*) [with T = T; P0 = P0; P1 = P1; P2 = P2; P3 = P3; M0 = test_interfaces::msg::Test_<std::allocator<void> >; M1 = test_interfaces::msg::Test_<std::allocator<void> >; M2 = message_filters::NullType; M3 = message_filters::NullType; M4 = message_filters::NullType; M5 = message_filters::NullType; M6 = message_filters::NullType; M7 = message_filters::NullType; M8 = message_filters::NullType][m[K’
[2.207s]   240 |   Connection [01;36m[KaddCallback[m[K(void(T::*callback)(P0, P1, P2, P3), T* t)
[2.207s]       |              [01;36m[K^~~~~~~~~~~[m[K
[2.207s] [01m[K/opt/ros/foxy/include/message_filters/signal9.h:240:14:[m[K [01;36m[Knote: [m[K  template argument deduction/substitution failed:
[2.207s] In file included from [01m[K/ros2_test/AD_Middle_Test/ros2/src/simple_s/src/listener.cpp:6[m[K:
[2.207s] [01m[K/opt/ros/foxy/include/message_filters/synchronizer.h:304:43:[m[K [01;36m[Knote: [m[K  mismatched types ‘[01m[Kvoid (T::*)(P0, P1, P2, P3)[m[K’ and ‘[01m[Kvoid (*)(const std::shared_ptr<test_interfaces::msg::Test_<std::allocator<void> > >&, const std::shared_ptr<test_interfaces::msg::Test_<std::allocator<void> > >&)[m[K’
[2.207s]   304 |     return signal_.addCallback(callback, t[01;36m[K)[m[K;
[2.207s]       |                                           [01;36m[K^[m[K
[2.208s] In file included from [01m[K/opt/ros/foxy/include/message_filters/synchronizer.h:47[m[K,
[2.208s]                  from [01m[K/ros2_test/AD_Middle_Test/ros2/src/simple_s/src/listener.cpp:6[m[K:
[2.208s] [01m[K/opt/ros/foxy/include/message_filters/signal9.h:246:14:[m[K [01;36m[Knote: [m[Kcandidate: ‘[01m[Ktemplate<class T, class P0, class P1, class P2, class P3, class P4> message_filters::Connection message_filters::Signal9<M0, M1, M2, M3, M4, M5, M6, M7, M8>::addCallback(void (T::*)(P0, P1, P2, P3, P4), T*) [with T = T; P0 = P0; P1 = P1; P2 = P2; P3 = P3; P4 = P4; M0 = test_interfaces::msg::Test_<std::allocator<void> >; M1 = test_interfaces::msg::Test_<std::allocator<void> >; M2 = message_filters::NullType; M3 = message_filters::NullType; M4 = message_filters::NullType; M5 = message_filters::NullType; M6 = message_filters::NullType; M7 = message_filters::NullType; M8 = message_filters::NullType][m[K’
[2.208s]   246 |   Connection [01;36m[KaddCallback[m[K(void(T::*callback)(P0, P1, P2, P3, P4), T* t)
[2.208s]       |              [01;36m[K^~~~~~~~~~~[m[K
[2.208s] [01m[K/opt/ros/foxy/include/message_filters/signal9.h:246:14:[m[K [01;36m[Knote: [m[K  template argument deduction/substitution failed:
[2.208s] In file included from [01m[K/ros2_test/AD_Middle_Test/ros2/src/simple_s/src/listener.cpp:6[m[K:
[2.209s] [01m[K/opt/ros/foxy/include/message_filters/synchronizer.h:304:43:[m[K [01;36m[Knote: [m[K  mismatched types ‘[01m[Kvoid (T::*)(P0, P1, P2, P3, P4)[m[K’ and ‘[01m[Kvoid (*)(const std::shared_ptr<test_interfaces::msg::Test_<std::allocator<void> > >&, const std::shared_ptr<test_interfaces::msg::Test_<std::allocator<void> > >&)[m[K’
[2.209s]   304 |     return signal_.addCallback(callback, t[01;36m[K)[m[K;
[2.209s]       |                                           [01;36m[K^[m[K
[2.209s] In file included from [01m[K/opt/ros/foxy/include/message_filters/synchronizer.h:47[m[K,
[2.209s]                  from [01m[K/ros2_test/AD_Middle_Test/ros2/src/simple_s/src/listener.cpp:6[m[K:
[2.209s] [01m[K/opt/ros/foxy/include/message_filters/signal9.h:252:14:[m[K [01;36m[Knote: [m[Kcandidate: ‘[01m[Ktemplate<class T, class P0, class P1, class P2, class P3, class P4, class P5> message_filters::Connection message_filters::Signal9<M0, M1, M2, M3, M4, M5, M6, M7, M8>::addCallback(void (T::*)(P0, P1, P2, P3, P4, P5), T*) [with T = T; P0 = P0; P1 = P1; P2 = P2; P3 = P3; P4 = P4; P5 = P5; M0 = test_interfaces::msg::Test_<std::allocator<void> >; M1 = test_interfaces::msg::Test_<std::allocator<void> >; M2 = message_filters::NullType; M3 = message_filters::NullType; M4 = message_filters::NullType; M5 = message_filters::NullType; M6 = message_filters::NullType; M7 = message_filters::NullType; M8 = message_filters::NullType][m[K’
[2.209s]   252 |   Connection [01;36m[KaddCallback[m[K(void(T::*callback)(P0, P1, P2, P3, P4, P5), T* t)
[2.209s]       |              [01;36m[K^~~~~~~~~~~[m[K
[2.210s] [01m[K/opt/ros/foxy/include/message_filters/signal9.h:252:14:[m[K [01;36m[Knote: [m[K  template argument deduction/substitution failed:
[2.210s] In file included from [01m[K/ros2_test/AD_Middle_Test/ros2/src/simple_s/src/listener.cpp:6[m[K:
[2.210s] [01m[K/opt/ros/foxy/include/message_filters/synchronizer.h:304:43:[m[K [01;36m[Knote: [m[K  mismatched types ‘[01m[Kvoid (T::*)(P0, P1, P2, P3, P4, P5)[m[K’ and ‘[01m[Kvoid (*)(const std::shared_ptr<test_interfaces::msg::Test_<std::allocator<void> > >&, const std::shared_ptr<test_interfaces::msg::Test_<std::allocator<void> > >&)[m[K’
[2.210s]   304 |     return signal_.addCallback(callback, t[01;36m[K)[m[K;
[2.210s]       |                                           [01;36m[K^[m[K
[2.210s] In file included from [01m[K/opt/ros/foxy/include/message_filters/synchronizer.h:47[m[K,
[2.210s]                  from [01m[K/ros2_test/AD_Middle_Test/ros2/src/simple_s/src/listener.cpp:6[m[K:
[2.211s] [01m[K/opt/ros/foxy/include/message_filters/signal9.h:258:14:[m[K [01;36m[Knote: [m[Kcandidate: ‘[01m[Ktemplate<class T, class P0, class P1, class P2, class P3, class P4, class P5, class P6> message_filters::Connection message_filters::Signal9<M0, M1, M2, M3, M4, M5, M6, M7, M8>::addCallback(void (T::*)(P0, P1, P2, P3, P4, P5, P6), T*) [with T = T; P0 = P0; P1 = P1; P2 = P2; P3 = P3; P4 = P4; P5 = P5; P6 = P6; M0 = test_interfaces::msg::Test_<std::allocator<void> >; M1 = test_interfaces::msg::Test_<std::allocator<void> >; M2 = message_filters::NullType; M3 = message_filters::NullType; M4 = message_filters::NullType; M5 = message_filters::NullType; M6 = message_filters::NullType; M7 = message_filters::NullType; M8 = message_filters::NullType][m[K’
[2.211s]   258 |   Connection [01;36m[KaddCallback[m[K(void(T::*callback)(P0, P1, P2, P3, P4, P5, P6), T* t)
[2.211s]       |              [01;36m[K^~~~~~~~~~~[m[K
[2.211s] [01m[K/opt/ros/foxy/include/message_filters/signal9.h:258:14:[m[K [01;36m[Knote: [m[K  template argument deduction/substitution failed:
[2.211s] In file included from [01m[K/ros2_test/AD_Middle_Test/ros2/src/simple_s/src/listener.cpp:6[m[K:
[2.211s] [01m[K/opt/ros/foxy/include/message_filters/synchronizer.h:304:43:[m[K [01;36m[Knote: [m[K  mismatched types ‘[01m[Kvoid (T::*)(P0, P1, P2, P3, P4, P5, P6)[m[K’ and ‘[01m[Kvoid (*)(const std::shared_ptr<test_interfaces::msg::Test_<std::allocator<void> > >&, const std::shared_ptr<test_interfaces::msg::Test_<std::allocator<void> > >&)[m[K’
[2.211s]   304 |     return signal_.addCallback(callback, t[01;36m[K)[m[K;
[2.212s]       |                                           [01;36m[K^[m[K
[2.212s] In file included from [01m[K/opt/ros/foxy/include/message_filters/synchronizer.h:47[m[K,
[2.212s]                  from [01m[K/ros2_test/AD_Middle_Test/ros2/src/simple_s/src/listener.cpp:6[m[K:
[2.212s] [01m[K/opt/ros/foxy/include/message_filters/signal9.h:264:14:[m[K [01;36m[Knote: [m[Kcandidate: ‘[01m[Ktemplate<class T, class P0, class P1, class P2, class P3, class P4, class P5, class P6, class P7> message_filters::Connection message_filters::Signal9<M0, M1, M2, M3, M4, M5, M6, M7, M8>::addCallback(void (T::*)(P0, P1, P2, P3, P4, P5, P6, P7), T*) [with T = T; P0 = P0; P1 = P1; P2 = P2; P3 = P3; P4 = P4; P5 = P5; P6 = P6; P7 = P7; M0 = test_interfaces::msg::Test_<std::allocator<void> >; M1 = test_interfaces::msg::Test_<std::allocator<void> >; M2 = message_filters::NullType; M3 = message_filters::NullType; M4 = message_filters::NullType; M5 = message_filters::NullType; M6 = message_filters::NullType; M7 = message_filters::NullType; M8 = message_filters::NullType][m[K’
[2.212s]   264 |   Connection [01;36m[KaddCallback[m[K(void(T::*callback)(P0, P1, P2, P3, P4, P5, P6, P7), T* t)
[2.212s]       |              [01;36m[K^~~~~~~~~~~[m[K
[2.212s] [01m[K/opt/ros/foxy/include/message_filters/signal9.h:264:14:[m[K [01;36m[Knote: [m[K  template argument deduction/substitution failed:
[2.213s] In file included from [01m[K/ros2_test/AD_Middle_Test/ros2/src/simple_s/src/listener.cpp:6[m[K:
[2.213s] [01m[K/opt/ros/foxy/include/message_filters/synchronizer.h:304:43:[m[K [01;36m[Knote: [m[K  mismatched types ‘[01m[Kvoid (T::*)(P0, P1, P2, P3, P4, P5, P6, P7)[m[K’ and ‘[01m[Kvoid (*)(const std::shared_ptr<test_interfaces::msg::Test_<std::allocator<void> > >&, const std::shared_ptr<test_interfaces::msg::Test_<std::allocator<void> > >&)[m[K’
[2.213s]   304 |     return signal_.addCallback(callback, t[01;36m[K)[m[K;
[2.213s]       |                                           [01;36m[K^[m[K
[2.213s] In file included from [01m[K/opt/ros/foxy/include/message_filters/synchronizer.h:47[m[K,
[2.213s]                  from [01m[K/ros2_test/AD_Middle_Test/ros2/src/simple_s/src/listener.cpp:6[m[K:
[2.213s] [01m[K/opt/ros/foxy/include/message_filters/signal9.h:270:14:[m[K [01;36m[Knote: [m[Kcandidate: ‘[01m[Ktemplate<class C> message_filters::Connection message_filters::Signal9<M0, M1, M2, M3, M4, M5, M6, M7, M8>::addCallback(C&) [with C = C; M0 = test_interfaces::msg::Test_<std::allocator<void> >; M1 = test_interfaces::msg::Test_<std::allocator<void> >; M2 = message_filters::NullType; M3 = message_filters::NullType; M4 = message_filters::NullType; M5 = message_filters::NullType; M6 = message_filters::NullType; M7 = message_filters::NullType; M8 = message_filters::NullType][m[K’
[2.213s]   270 |   Connection [01;36m[KaddCallback[m[K( C& callback)
[2.214s]       |              [01;36m[K^~~~~~~~~~~[m[K
[2.214s] [01m[K/opt/ros/foxy/include/message_filters/signal9.h:270:14:[m[K [01;36m[Knote: [m[K  template argument deduction/substitution failed:
[2.214s] In file included from [01m[K/ros2_test/AD_Middle_Test/ros2/src/simple_s/src/listener.cpp:6[m[K:
[2.214s] [01m[K/opt/ros/foxy/include/message_filters/synchronizer.h:304:43:[m[K [01;36m[Knote: [m[K  candidate expects 1 argument, 2 provided
[2.214s]   304 |     return signal_.addCallback(callback, t[01;36m[K)[m[K;
[2.214s]       |                                           [01;36m[K^[m[K
[4.018s] make[2]: *** [CMakeFiles/listener.dir/build.make:63: CMakeFiles/listener.dir/src/listener.cpp.o] Error 1
[4.018s] make[1]: *** [CMakeFiles/Makefile2:80: CMakeFiles/listener.dir/all] Error 2
[4.018s] make: *** [Makefile:141: all] Error 2
[4.021s] Invoked command in '/ros2_test/AD_Middle_Test/ros2/src/build/simple_s' returned '2': /usr/bin/cmake --build /ros2_test/AD_Middle_Test/ros2/src/build/simple_s -- -j30 -l30
