[0.105s] [35m[1mScanning dependencies of target yoloDetect[0m
[0.108s] [35m[1mScanning dependencies of target trackerRos2[0m
[0.143s] [ 25%] Built target line
[0.180s] [ 50%] Built target cameraTimer
[0.185s] [ 62%] [32mBuilding CXX object CMakeFiles/trackerRos2.dir/src/TrackerRos2.cpp.o[0m
[0.185s] [ 75%] [32mBuilding CXX object CMakeFiles/yoloDetect.dir/src/YoloDetect.cpp.o[0m
[4.035s] [01m[K/ros2_test/AD_Middle_Test/ros2/src/detect_s/src/YoloDetect.cpp:[m[K In member function ‘[01m[Kvoid YoloDetect::topic_callback(test_interfaces::msg::TestImage_<std::allocator<void> >::SharedPtr)[m[K’:
[4.036s] [01m[K/ros2_test/AD_Middle_Test/ros2/src/detect_s/src/YoloDetect.cpp:74:59:[m[K [01;31m[Kerror: [m[Kfound ‘[01m[K:[m[K’ in nested-name-specifier, expected ‘[01m[K::[m[K’
[4.036s]    74 | cout<<"yolo result_num:"<<to_send_result->result_num<<endl[01;31m[K:[m[K
[4.036s]       |                                                           [01;31m[K^[m[K
[4.036s]       |                                                           [32m[K::[m[K
[4.036s] [01m[K/ros2_test/AD_Middle_Test/ros2/src/detect_s/src/YoloDetect.cpp:74:55:[m[K [01;31m[Kerror: [m[K‘[01m[Kendl[m[K’ is not a class, namespace, or enumeration
[4.036s]    74 | cout<<"yolo result_num:"<<to_send_result->result_num<<[01;31m[Kendl[m[K:
[4.036s]       |                                                       [01;31m[K^~~~[m[K
[6.449s] make[2]: *** [CMakeFiles/yoloDetect.dir/build.make:63: CMakeFiles/yoloDetect.dir/src/YoloDetect.cpp.o] Error 1
[6.449s] make[1]: *** [CMakeFiles/Makefile2:138: CMakeFiles/yoloDetect.dir/all] Error 2
[6.449s] make[1]: *** Waiting for unfinished jobs....
[15.062s] [ 87%] [32m[1mLinking CXX executable trackerRos2[0m
[15.608s] [ 87%] Built target trackerRos2
[15.609s] make: *** [Makefile:141: all] Error 2
