[0.071s] -- Found ament_cmake: 0.8.1 (/opt/ros/foxy/share/ament_cmake/cmake)
[0.103s] -- Using PYTHON_EXECUTABLE: /usr/bin/python3
[0.409s] -- Found rclcpp: 0.8.3 (/opt/ros/foxy/share/rclcpp/cmake)
[0.466s] -- Found rosidl_adapter: 0.8.2 (/opt/ros/foxy/share/rosidl_adapter/cmake)
[0.496s] -- Found rmw_implementation_cmake: 0.8.1 (/opt/ros/foxy/share/rmw_implementation_cmake/cmake)
[0.499s] -- Using RMW implementation 'rmw_fastrtps_cpp' as default
[0.616s] -- Found std_msgs: 0.8.1 (/opt/ros/foxy/share/std_msgs/cmake)
[0.624s] -- Found test_interfaces: 0.0.0 (/ros2_test/AD_Middle_Test/ros2/install/test_interfaces/share/test_interfaces/cmake)
[0.666s] -- Found message_filters: 3.2.3 (/opt/ros/foxy/share/message_filters/cmake)
[0.782s] -- Found ament_lint_auto: 0.9.1 (/opt/ros/foxy/share/ament_lint_auto/cmake)
[0.897s] -- Added test 'copyright' to check for copyright in CMake / C / C++ / Python code
[0.899s] -- Added test 'cppcheck' to perform static code analysis on C / C++ code
[0.899s] -- Configured cppcheck include dirs: 
[0.901s] -- Added test 'cpplint' to check C / C++ code against the Google style
[0.902s] -- Added test 'lint_cmake' to check CMake code style
[0.904s] -- Added test 'uncrustify' to check C / C++ code style
[0.905s] -- Added test 'xmllint' to check XML markup files
[0.908s] -- Configuring done
[0.963s] -- Generating done
[0.965s] -- Build files have been written to: /ros2_test/AD_Middle_Test/ros2/build/simple_s
[1.002s] [35m[1mScanning dependencies of target talker[0m
[1.003s] [35m[1mScanning dependencies of target intra_pipe[0m
[1.003s] [35m[1mScanning dependencies of target listener[0m
[1.047s] [ 33%] [32mBuilding CXX object CMakeFiles/intra_pipe.dir/src/intra_pipe.cpp.o[0m
[1.048s] [ 33%] [32mBuilding CXX object CMakeFiles/talker.dir/src/talker.cpp.o[0m
[1.049s] [ 50%] [32mBuilding CXX object CMakeFiles/listener.dir/src/listener.cpp.o[0m
[5.930s] [ 66%] [32m[1mLinking CXX executable talker[0m
[6.146s] [ 66%] Built target talker
[10.129s] [ 83%] [32m[1mLinking CXX executable listener[0m
[10.481s] [ 83%] Built target listener
[11.595s] [100%] [32m[1mLinking CXX executable intra_pipe[0m
[11.977s] [100%] Built target intra_pipe
