[0.043s] Invoking command in '/ros2_test/AD_Middle_Test/ros2/src/build/detect_s': /usr/bin/cmake /ros2_test/AD_Middle_Test/ros2/src/detect_s -DCMAKE_INSTALL_PREFIX=/ros2_test/AD_Middle_Test/ros2/src/install/detect_s
[0.133s] -- The C compiler identification is GNU 9.3.0
[0.234s] -- The CXX compiler identification is GNU 9.3.0
[0.243s] -- Check for working C compiler: /usr/bin/cc
[0.361s] -- Check for working C compiler: /usr/bin/cc -- works
[0.363s] -- Detecting C compiler ABI info
[0.464s] -- Detecting C compiler ABI info - done
[0.489s] -- Detecting C compile features
[0.489s] -- Detecting C compile features - done
[0.494s] -- Check for working CXX compiler: /usr/bin/c++
[0.612s] -- Check for working CXX compiler: /usr/bin/c++ -- works
[0.614s] -- Detecting CXX compiler ABI info
[0.750s] -- Detecting CXX compiler ABI info - done
[0.759s] -- Detecting CXX compile features
[0.760s] -- Detecting CXX compile features - done
[0.765s] -- Found ament_cmake: 0.8.1 (/opt/ros/foxy/share/ament_cmake/cmake)
[0.807s] -- Found PythonInterp: /usr/bin/python3 (found suitable version "3.8.2", minimum required is "3") 
[0.808s] -- Using PYTHON_EXECUTABLE: /usr/bin/python3
[1.139s] -- Found ament_lint_auto: 0.9.1 (/opt/ros/foxy/share/ament_lint_auto/cmake)
[1.273s] -- Added test 'copyright' to check for copyright in CMake / C / C++ / Python code
[1.275s] -- Added test 'cppcheck' to perform static code analysis on C / C++ code
[1.275s] -- Configured cppcheck include dirs: $<BUILD_INTERFACE:/ros2_test/AD_Middle_Test/ros2/src/detect_s/include>
[1.277s] -- Added test 'cpplint' to check C / C++ code against the Google style
[1.278s] -- Added test 'lint_cmake' to check CMake code style
[1.280s] -- Added test 'uncrustify' to check C / C++ code style
[1.281s] -- Added test 'xmllint' to check XML markup files
[1.284s] -- Configuring done
[1.289s] -- Generating done
[1.291s] -- Build files have been written to: /ros2_test/AD_Middle_Test/ros2/src/build/detect_s
[1.296s] Invoked command in '/ros2_test/AD_Middle_Test/ros2/src/build/detect_s' returned '0': /usr/bin/cmake /ros2_test/AD_Middle_Test/ros2/src/detect_s -DCMAKE_INSTALL_PREFIX=/ros2_test/AD_Middle_Test/ros2/src/install/detect_s
[1.297s] Invoking command in '/ros2_test/AD_Middle_Test/ros2/src/build/detect_s': /usr/bin/cmake --build /ros2_test/AD_Middle_Test/ros2/src/build/detect_s -- -j5 -l5
[1.355s] [35m[1mScanning dependencies of target camera[0m
[1.369s] [ 50%] [32mBuilding CXX object CMakeFiles/camera.dir/src/camera.cpp.o[0m
[1.436s] [01m[K/ros2_test/AD_Middle_Test/ros2/src/detect_s/src/camera.cpp:4:10:[m[K [01;31m[Kfatal error: [m[Krclcpp/rclcpp.hpp: No such file or directory
[1.437s]     4 | #include [01;31m[K"rclcpp/rclcpp.hpp"[m[K
[1.437s]       |          [01;31m[K^~~~~~~~~~~~~~~~~~~[m[K
[1.437s] compilation terminated.
[1.438s] make[2]: *** [CMakeFiles/camera.dir/build.make:63: CMakeFiles/camera.dir/src/camera.cpp.o] Error 1
[1.438s] make[1]: *** [CMakeFiles/Makefile2:78: CMakeFiles/camera.dir/all] Error 2
[1.438s] make: *** [Makefile:141: all] Error 2
[1.441s] Invoked command in '/ros2_test/AD_Middle_Test/ros2/src/build/detect_s' returned '2': /usr/bin/cmake --build /ros2_test/AD_Middle_Test/ros2/src/build/detect_s -- -j5 -l5
