[0.121s] -- The C compiler identification is GNU 9.3.0
[0.209s] -- The CXX compiler identification is GNU 9.3.0
[0.218s] -- Check for working C compiler: /usr/bin/cc
[0.319s] -- Check for working C compiler: /usr/bin/cc -- works
[0.321s] -- Detecting C compiler ABI info
[0.423s] -- Detecting C compiler ABI info - done
[0.447s] -- Detecting C compile features
[0.448s] -- Detecting C compile features - done
[0.452s] -- Check for working CXX compiler: /usr/bin/c++
[0.571s] -- Check for working CXX compiler: /usr/bin/c++ -- works
[0.573s] -- Detecting CXX compiler ABI info
[0.693s] -- Detecting CXX compiler ABI info - done
[0.718s] -- Detecting CXX compile features
[0.719s] -- Detecting CXX compile features - done
[0.724s] -- Found ament_cmake: 0.8.1 (/opt/ros/foxy/share/ament_cmake/cmake)
[0.765s] -- Found PythonInterp: /usr/bin/python3 (found suitable version "3.8.2", minimum required is "3") 
[0.766s] -- Using PYTHON_EXECUTABLE: /usr/bin/python3
[1.093s] -- Found rclcpp: 0.8.3 (/opt/ros/foxy/share/rclcpp/cmake)
[1.176s] -- Found rosidl_adapter: 0.8.2 (/opt/ros/foxy/share/rosidl_adapter/cmake)
[1.215s] -- Found rmw_implementation_cmake: 0.8.1 (/opt/ros/foxy/share/rmw_implementation_cmake/cmake)
[1.218s] -- Using RMW implementation 'rmw_fastrtps_cpp' as default
[1.219s] -- Looking for pthread.h
[1.326s] -- Looking for pthread.h - found
[1.326s] -- Performing Test CMAKE_HAVE_LIBC_PTHREAD
[1.432s] -- Performing Test CMAKE_HAVE_LIBC_PTHREAD - Failed
[1.432s] -- Looking for pthread_create in pthreads
[1.515s] -- Looking for pthread_create in pthreads - not found
[1.515s] -- Looking for pthread_create in pthread
[1.618s] -- Looking for pthread_create in pthread - found
[1.619s] -- Found Threads: TRUE  
[1.750s] -- Found std_msgs: 0.8.1 (/opt/ros/foxy/share/std_msgs/cmake)
[1.760s] -- Found sensor_msgs: 0.8.1 (/opt/ros/foxy/share/sensor_msgs/cmake)
[1.802s] CMake Error at CMakeLists.txt:25 (find_package):
[1.802s]   By not providing "Findtest_interfaces.cmake" in CMAKE_MODULE_PATH this
[1.802s]   project has asked CMake to find a package configuration file provided by
[1.802s]   "test_interfaces", but CMake did not find one.
[1.803s] 
[1.803s]   Could not find a package configuration file provided by "test_interfaces"
[1.803s]   with any of the following names:
[1.803s] 
[1.803s]     test_interfacesConfig.cmake
[1.803s]     test_interfaces-config.cmake
[1.803s] 
[1.804s]   Add the installation prefix of "test_interfaces" to CMAKE_PREFIX_PATH or
[1.804s]   set "test_interfaces_DIR" to a directory containing one of the above files.
[1.804s]   If "test_interfaces" provides a separate development package or SDK, be
[1.804s]   sure it has been installed.
[1.804s] 
[1.804s] 
[1.804s] -- Configuring incomplete, errors occurred!
[1.805s] See also "/ros2_test/AD_Middle_Test/ros2/build/detect_s/CMakeFiles/CMakeOutput.log".
[1.805s] See also "/ros2_test/AD_Middle_Test/ros2/build/detect_s/CMakeFiles/CMakeError.log".
