[0.122s] -- The C compiler identification is GNU 9.3.0
[0.210s] -- The CXX compiler identification is GNU 9.3.0
[0.219s] -- Check for working C compiler: /usr/bin/cc
[0.321s] -- Check for working C compiler: /usr/bin/cc -- works
[0.323s] -- Detecting C compiler ABI info
[0.427s] -- Detecting C compiler ABI info - done
[0.451s] -- Detecting C compile features
[0.452s] -- Detecting C compile features - done
[0.456s] -- Check for working CXX compiler: /usr/bin/c++
[0.578s] -- Check for working CXX compiler: /usr/bin/c++ -- works
[0.580s] -- Detecting CXX compiler ABI info
[0.702s] -- Detecting CXX compiler ABI info - done
[0.728s] -- Detecting CXX compile features
[0.729s] -- Detecting CXX compile features - done
[0.735s] -- Found ament_cmake: 0.8.1 (/opt/ros/foxy/share/ament_cmake/cmake)
[0.781s] -- Found PythonInterp: /usr/bin/python3 (found suitable version "3.8.2", minimum required is "3") 
[0.781s] -- Using PYTHON_EXECUTABLE: /usr/bin/python3
[1.131s] -- Found rclcpp: 0.8.3 (/opt/ros/foxy/share/rclcpp/cmake)
[1.230s] -- Found rosidl_adapter: 0.8.2 (/opt/ros/foxy/share/rosidl_adapter/cmake)
[1.273s] -- Found rmw_implementation_cmake: 0.8.1 (/opt/ros/foxy/share/rmw_implementation_cmake/cmake)
[1.276s] -- Using RMW implementation 'rmw_fastrtps_cpp' as default
[1.278s] -- Looking for pthread.h
[1.386s] -- Looking for pthread.h - found
[1.386s] -- Performing Test CMAKE_HAVE_LIBC_PTHREAD
[1.495s] -- Performing Test CMAKE_HAVE_LIBC_PTHREAD - Failed
[1.495s] -- Looking for pthread_create in pthreads
[1.580s] -- Looking for pthread_create in pthreads - not found
[1.580s] -- Looking for pthread_create in pthread
[1.681s] -- Looking for pthread_create in pthread - found
[1.683s] -- Found Threads: TRUE  
[1.825s] -- Found std_msgs: 0.8.1 (/opt/ros/foxy/share/std_msgs/cmake)
[1.837s] -- Found sensor_msgs: 0.8.1 (/opt/ros/foxy/share/sensor_msgs/cmake)
[1.864s] -- Found test_interfaces: 0.0.0 (/ros2_test/AD_Middle_Test/ros2/src/install/test_interfaces/share/test_interfaces/cmake)
[1.880s] -- Found message_filters: 3.2.3 (/opt/ros/foxy/share/message_filters/cmake)
[1.910s] -- Found OpenCV: /usr (found version "4.2.0") 
[2.038s] -- Found ament_lint_auto: 0.9.1 (/opt/ros/foxy/share/ament_lint_auto/cmake)
[2.179s] -- Added test 'copyright' to check for copyright in CMake / C / C++ / Python code
[2.181s] -- Added test 'cppcheck' to perform static code analysis on C / C++ code
[2.182s] -- Configured cppcheck include dirs: /ros2_test/AD_Middle_Test/ros2/src/detect_s/include
[2.183s] -- Added test 'cpplint' to check C / C++ code against the Google style
[2.185s] -- Added test 'lint_cmake' to check CMake code style
[2.187s] -- Added test 'uncrustify' to check C / C++ code style
[2.188s] -- Added test 'xmllint' to check XML markup files
[2.193s] -- Configuring done
[2.258s] -- Generating done
[2.260s] -- Build files have been written to: /ros2_test/AD_Middle_Test/ros2/src/build/detect_s
[2.331s] [35m[1mScanning dependencies of target yoloDetect[0m
[2.331s] [35m[1mScanning dependencies of target cameraTimer[0m
[2.434s] [ 25%] [32mBuilding CXX object CMakeFiles/yoloDetect.dir/src/YoloDetect.cpp.o[0m
[2.434s] [ 50%] [32mBuilding CXX object CMakeFiles/cameraTimer.dir/src/CameraTimer.cpp.o[0m
[12.229s] [ 75%] [32m[1mLinking CXX executable yoloDetect[0m
[13.160s] [ 75%] Built target yoloDetect
