[0.042s] Invoking command in '/ros2_test/AD_Middle_Test/ros2/src/build/detect_s': /usr/bin/cmake /ros2_test/AD_Middle_Test/ros2/src/detect_s -DCMAKE_INSTALL_PREFIX=/ros2_test/AD_Middle_Test/ros2/src/install/detect_s
[0.122s] -- The C compiler identification is GNU 9.3.0
[0.210s] -- The CXX compiler identification is GNU 9.3.0
[0.219s] -- Check for working C compiler: /usr/bin/cc
[0.321s] -- Check for working C compiler: /usr/bin/cc -- works
[0.323s] -- Detecting C compiler ABI info
[0.427s] -- Detecting C compiler ABI info - done
[0.451s] -- Detecting C compile features
[0.452s] -- Detecting C compile features - done
[0.456s] -- Check for working CXX compiler: /usr/bin/c++
[0.578s] -- Check for working CXX compiler: /usr/bin/c++ -- works
[0.580s] -- Detecting CXX compiler ABI info
[0.702s] -- Detecting CXX compiler ABI info - done
[0.728s] -- Detecting CXX compile features
[0.729s] -- Detecting CXX compile features - done
[0.735s] -- Found ament_cmake: 0.8.1 (/opt/ros/foxy/share/ament_cmake/cmake)
[0.781s] -- Found PythonInterp: /usr/bin/python3 (found suitable version "3.8.2", minimum required is "3") 
[0.781s] -- Using PYTHON_EXECUTABLE: /usr/bin/python3
[1.131s] -- Found rclcpp: 0.8.3 (/opt/ros/foxy/share/rclcpp/cmake)
[1.230s] -- Found rosidl_adapter: 0.8.2 (/opt/ros/foxy/share/rosidl_adapter/cmake)
[1.273s] -- Found rmw_implementation_cmake: 0.8.1 (/opt/ros/foxy/share/rmw_implementation_cmake/cmake)
[1.276s] -- Using RMW implementation 'rmw_fastrtps_cpp' as default
[1.278s] -- Looking for pthread.h
[1.386s] -- Looking for pthread.h - found
[1.386s] -- Performing Test CMAKE_HAVE_LIBC_PTHREAD
[1.495s] -- Performing Test CMAKE_HAVE_LIBC_PTHREAD - Failed
[1.495s] -- Looking for pthread_create in pthreads
[1.580s] -- Looking for pthread_create in pthreads - not found
[1.580s] -- Looking for pthread_create in pthread
[1.681s] -- Looking for pthread_create in pthread - found
[1.683s] -- Found Threads: TRUE  
[1.825s] -- Found std_msgs: 0.8.1 (/opt/ros/foxy/share/std_msgs/cmake)
[1.837s] -- Found sensor_msgs: 0.8.1 (/opt/ros/foxy/share/sensor_msgs/cmake)
[1.864s] -- Found test_interfaces: 0.0.0 (/ros2_test/AD_Middle_Test/ros2/src/install/test_interfaces/share/test_interfaces/cmake)
[1.880s] -- Found message_filters: 3.2.3 (/opt/ros/foxy/share/message_filters/cmake)
[1.910s] -- Found OpenCV: /usr (found version "4.2.0") 
[2.038s] -- Found ament_lint_auto: 0.9.1 (/opt/ros/foxy/share/ament_lint_auto/cmake)
[2.179s] -- Added test 'copyright' to check for copyright in CMake / C / C++ / Python code
[2.181s] -- Added test 'cppcheck' to perform static code analysis on C / C++ code
[2.182s] -- Configured cppcheck include dirs: /ros2_test/AD_Middle_Test/ros2/src/detect_s/include
[2.183s] -- Added test 'cpplint' to check C / C++ code against the Google style
[2.185s] -- Added test 'lint_cmake' to check CMake code style
[2.187s] -- Added test 'uncrustify' to check C / C++ code style
[2.188s] -- Added test 'xmllint' to check XML markup files
[2.193s] -- Configuring done
[2.258s] -- Generating done
[2.260s] -- Build files have been written to: /ros2_test/AD_Middle_Test/ros2/src/build/detect_s
[2.267s] Invoked command in '/ros2_test/AD_Middle_Test/ros2/src/build/detect_s' returned '0': /usr/bin/cmake /ros2_test/AD_Middle_Test/ros2/src/detect_s -DCMAKE_INSTALL_PREFIX=/ros2_test/AD_Middle_Test/ros2/src/install/detect_s
[2.272s] Invoking command in '/ros2_test/AD_Middle_Test/ros2/src/build/detect_s': /usr/bin/cmake --build /ros2_test/AD_Middle_Test/ros2/src/build/detect_s -- -j5 -l5
[2.331s] [35m[1mScanning dependencies of target yoloDetect[0m
[2.331s] [35m[1mScanning dependencies of target cameraTimer[0m
[2.434s] [ 25%] [32mBuilding CXX object CMakeFiles/yoloDetect.dir/src/YoloDetect.cpp.o[0m
[2.434s] [ 50%] [32mBuilding CXX object CMakeFiles/cameraTimer.dir/src/CameraTimer.cpp.o[0m
[5.176s] [01m[K/ros2_test/AD_Middle_Test/ros2/src/detect_s/src/CameraTimer.cpp:[m[K In member function ‘[01m[Kvoid CameraTimer::timer_callback()[m[K’:
[5.176s] [01m[K/ros2_test/AD_Middle_Test/ros2/src/detect_s/src/CameraTimer.cpp:66:36:[m[K [01;31m[Kerror: [m[Kinvalid initialization of reference of type ‘[01m[Ksensor_msgs::msg::Image&[m[K’ {aka ‘[01m[Ksensor_msgs::msg::Image_<std::allocator<void> >&[m[K’} from expression of type ‘[01m[Ktest_interfaces::msg::TestImage_<std::allocator<void> >::_test_a_type[m[K’ {aka ‘[01m[Kint[m[K’}
[5.176s]    66 |    sensor_msgs::fillImage([01;31m[Kmessage->test_a[m[K,sensor_msgs::image_encodings::BGR8,image.rows,image.cols,image.step,image.data);
[5.176s]       |                           [01;31m[K~~~~~~~~~^~~~~~[m[K
[5.176s] In file included from [01m[K/ros2_test/AD_Middle_Test/ros2/src/detect_s/src/CameraTimer.cpp:8[m[K:
[5.177s] [01m[K/opt/ros/foxy/include/sensor_msgs/fill_image.hpp:57:16:[m[K [01;36m[Knote: [m[Kin passing argument 1 of ‘[01m[Kbool sensor_msgs::fillImage(sensor_msgs::msg::Image&, const string&, uint32_t, uint32_t, uint32_t, const void*)[m[K’
[5.177s]    57 |   [01;36m[Kmsg::Image & image[m[K,
[5.177s]       |   [01;36m[K~~~~~~~~~~~~~^~~~~[m[K
[8.156s] make[2]: *** [CMakeFiles/cameraTimer.dir/build.make:63: CMakeFiles/cameraTimer.dir/src/CameraTimer.cpp.o] Error 1
[8.156s] make[1]: *** [CMakeFiles/Makefile2:107: CMakeFiles/cameraTimer.dir/all] Error 2
[8.157s] make[1]: *** Waiting for unfinished jobs....
[12.229s] [ 75%] [32m[1mLinking CXX executable yoloDetect[0m
[13.160s] [ 75%] Built target yoloDetect
[13.163s] make: *** [Makefile:141: all] Error 2
[13.164s] Invoked command in '/ros2_test/AD_Middle_Test/ros2/src/build/detect_s' returned '2': /usr/bin/cmake --build /ros2_test/AD_Middle_Test/ros2/src/build/detect_s -- -j5 -l5
