[0.106s] -- The C compiler identification is GNU 9.3.0
[0.194s] -- The CXX compiler identification is GNU 9.3.0
[0.203s] -- Check for working C compiler: /usr/bin/cc
[0.305s] -- Check for working C compiler: /usr/bin/cc -- works
[0.307s] -- Detecting C compiler ABI info
[0.408s] -- Detecting C compiler ABI info - done
[0.433s] -- Detecting C compile features
[0.434s] -- Detecting C compile features - done
[0.439s] -- Check for working CXX compiler: /usr/bin/c++
[0.559s] -- Check for working CXX compiler: /usr/bin/c++ -- works
[0.561s] -- Detecting CXX compiler ABI info
[0.681s] -- Detecting CXX compiler ABI info - done
[0.707s] -- Detecting CXX compile features
[0.708s] -- Detecting CXX compile features - done
[0.713s] -- Found ament_cmake: 0.8.1 (/opt/ros/foxy/share/ament_cmake/cmake)
[0.757s] -- Found PythonInterp: /usr/bin/python3 (found suitable version "3.8.2", minimum required is "3") 
[0.757s] -- Using PYTHON_EXECUTABLE: /usr/bin/python3
[1.094s] -- Found rclcpp: 0.8.3 (/opt/ros/foxy/share/rclcpp/cmake)
[1.192s] -- Found rosidl_adapter: 0.8.2 (/opt/ros/foxy/share/rosidl_adapter/cmake)
[1.234s] -- Found rmw_implementation_cmake: 0.8.1 (/opt/ros/foxy/share/rmw_implementation_cmake/cmake)
[1.238s] -- Using RMW implementation 'rmw_fastrtps_cpp' as default
[1.239s] -- Looking for pthread.h
[1.348s] -- Looking for pthread.h - found
[1.348s] -- Performing Test CMAKE_HAVE_LIBC_PTHREAD
[1.457s] -- Performing Test CMAKE_HAVE_LIBC_PTHREAD - Failed
[1.457s] -- Looking for pthread_create in pthreads
[1.549s] -- Looking for pthread_create in pthreads - not found
[1.549s] -- Looking for pthread_create in pthread
[1.651s] -- Looking for pthread_create in pthread - found
[1.653s] -- Found Threads: TRUE  
[1.796s] -- Found std_msgs: 0.8.1 (/opt/ros/foxy/share/std_msgs/cmake)
[1.805s] -- Found test_interfaces: 0.0.0 (/ros2_test/AD_Middle_Test/ros2/src/install/test_interfaces/share/test_interfaces/cmake)
[1.852s] -- Found message_filters: 3.2.3 (/opt/ros/foxy/share/message_filters/cmake)
[1.968s] -- Found ament_lint_auto: 0.9.1 (/opt/ros/foxy/share/ament_lint_auto/cmake)
[2.109s] -- Added test 'copyright' to check for copyright in CMake / C / C++ / Python code
[2.111s] -- Added test 'cppcheck' to perform static code analysis on C / C++ code
[2.111s] -- Configured cppcheck include dirs: 
[2.114s] -- Added test 'cpplint' to check C / C++ code against the Google style
[2.115s] -- Added test 'lint_cmake' to check CMake code style
[2.117s] -- Added test 'uncrustify' to check C / C++ code style
[2.118s] -- Added test 'xmllint' to check XML markup files
[2.123s] -- Configuring done
[2.177s] -- Generating done
[2.179s] -- Build files have been written to: /ros2_test/AD_Middle_Test/ros2/src/build/simple_s
[2.249s] [35m[1mScanning dependencies of target listener[0m
[2.249s] [35m[1mScanning dependencies of target talker[0m
[2.249s] [35m[1mScanning dependencies of target intra_pipe[0m
[2.309s] [ 16%] [32mBuilding CXX object CMakeFiles/talker.dir/src/talker.cpp.o[0m
[2.313s] [ 33%] [32mBuilding CXX object CMakeFiles/intra_pipe.dir/src/intra_pipe.cpp.o[0m
[2.313s] [ 50%] [32mBuilding CXX object CMakeFiles/listener.dir/src/listener.cpp.o[0m
[6.668s] [ 66%] [32m[1mLinking CXX executable talker[0m
[6.884s] [ 66%] Built target talker
[10.824s] [ 83%] [32m[1mLinking CXX executable listener[0m
[11.179s] [ 83%] Built target listener
[12.306s] [100%] [32m[1mLinking CXX executable intra_pipe[0m
[12.684s] [100%] Built target intra_pipe
