[0.043s] Invoking command in '/ros2_test/AD_Middle_Test/ros2/src/build/turtlesim': /usr/bin/cmake --build /ros2_test/AD_Middle_Test/ros2/src/build/turtlesim -- -j5 -l5
[0.158s] [ 10%] Built target turtlesim__rosidl_generator_c
[0.160s] [ 11%] Built target turtlesim__cpp
[0.250s] [ 21%] Built target turtlesim__rosidl_typesupport_c
[0.254s] [ 38%] Built target turtlesim__rosidl_typesupport_introspection_c
[0.254s] [ 41%] Built target turtlesim__rosidl_typesupport_cpp
[0.261s] [ 51%] Built target turtlesim__rosidl_typesupport_fastrtps_cpp
[0.265s] [ 61%] Built target turtlesim__rosidl_typesupport_introspection_cpp
[0.317s] [ 71%] Built target turtlesim__rosidl_typesupport_fastrtps_c
[0.346s] [ 71%] Built target turtlesim
[0.425s] [ 72%] Built target turtlesim__py
[0.425s] [ 74%] Built target draw_square
[0.439s] [ 76%] Built target turtle_teleop_key
[0.442s] [ 78%] Built target mimic
[0.502s] [ 84%] Built target turtlesim_node
[0.513s] [ 93%] Built target turtlesim__python
[0.556s] [ 95%] Built target turtlesim__rosidl_typesupport_c__pyext
[0.559s] [ 97%] Built target turtlesim__rosidl_typesupport_introspection_c__pyext
[0.575s] [100%] Built target turtlesim__rosidl_typesupport_fastrtps_c__pyext
[0.600s] Invoked command in '/ros2_test/AD_Middle_Test/ros2/src/build/turtlesim' returned '0': /usr/bin/cmake --build /ros2_test/AD_Middle_Test/ros2/src/build/turtlesim -- -j5 -l5
[0.883s] Invoking command in '/ros2_test/AD_Middle_Test/ros2/src/build/turtlesim': /usr/bin/cmake --install /ros2_test/AD_Middle_Test/ros2/src/build/turtlesim
[0.900s] -- Install configuration: ""
[0.900s] -- Up-to-date: /ros2_test/AD_Middle_Test/ros2/src/install/turtlesim/share/ament_index/resource_index/rosidl_interfaces/turtlesim
[0.900s] -- Up-to-date: /ros2_test/AD_Middle_Test/ros2/src/install/turtlesim/lib/libturtlesim__rosidl_typesupport_c.so
[0.901s] -- Up-to-date: /ros2_test/AD_Middle_Test/ros2/src/install/turtlesim/share/turtlesim/environment/library_path.sh
[0.901s] -- Up-to-date: /ros2_test/AD_Middle_Test/ros2/src/install/turtlesim/share/turtlesim/environment/library_path.dsv
[0.901s] -- Up-to-date: /ros2_test/AD_Middle_Test/ros2/src/install/turtlesim/lib/libturtlesim__rosidl_typesupport_cpp.so
[0.902s] -- Up-to-date: /ros2_test/AD_Middle_Test/ros2/src/install/turtlesim/include/turtlesim
[0.902s] -- Up-to-date: /ros2_test/AD_Middle_Test/ros2/src/install/turtlesim/include/turtlesim/msg
[0.902s] -- Up-to-date: /ros2_test/AD_Middle_Test/ros2/src/install/turtlesim/include/turtlesim/msg/rosidl_typesupport_introspection_c__visibility_control.h
[0.902s] -- Up-to-date: /ros2_test/AD_Middle_Test/ros2/src/install/turtlesim/include/turtlesim/msg/detail
[0.902s] -- Up-to-date: /ros2_test/AD_Middle_Test/ros2/src/install/turtlesim/include/turtlesim/msg/detail/pose__type_support.c
[0.902s] -- Up-to-date: /ros2_test/AD_Middle_Test/ros2/src/install/turtlesim/include/turtlesim/msg/detail/pose__rosidl_typesupport_introspection_c.h
[0.903s] -- Up-to-date: /ros2_test/AD_Middle_Test/ros2/src/install/turtlesim/include/turtlesim/msg/detail/color__rosidl_typesupport_introspection_c.h
[0.903s] -- Up-to-date: /ros2_test/AD_Middle_Test/ros2/src/install/turtlesim/include/turtlesim/msg/detail/color__type_support.c
[0.903s] -- Up-to-date: /ros2_test/AD_Middle_Test/ros2/src/install/turtlesim/include/turtlesim/srv
[0.903s] -- Up-to-date: /ros2_test/AD_Middle_Test/ros2/src/install/turtlesim/include/turtlesim/srv/detail
[0.903s] -- Up-to-date: /ros2_test/AD_Middle_Test/ros2/src/install/turtlesim/include/turtlesim/srv/detail/set_pen__rosidl_typesupport_introspection_c.h
[0.904s] -- Up-to-date: /ros2_test/AD_Middle_Test/ros2/src/install/turtlesim/include/turtlesim/srv/detail/teleport_absolute__rosidl_typesupport_introspection_c.h
[0.904s] -- Up-to-date: /ros2_test/AD_Middle_Test/ros2/src/install/turtlesim/include/turtlesim/srv/detail/set_pen__type_support.c
[0.904s] -- Up-to-date: /ros2_test/AD_Middle_Test/ros2/src/install/turtlesim/include/turtlesim/srv/detail/teleport_relative__type_support.c
[0.904s] -- Up-to-date: /ros2_test/AD_Middle_Test/ros2/src/install/turtlesim/include/turtlesim/srv/detail/spawn__type_support.c
[0.904s] -- Up-to-date: /ros2_test/AD_Middle_Test/ros2/src/install/turtlesim/include/turtlesim/srv/detail/teleport_absolute__type_support.c
[0.904s] -- Up-to-date: /ros2_test/AD_Middle_Test/ros2/src/install/turtlesim/include/turtlesim/srv/detail/kill__type_support.c
[0.904s] -- Up-to-date: /ros2_test/AD_Middle_Test/ros2/src/install/turtlesim/include/turtlesim/srv/detail/teleport_relative__rosidl_typesupport_introspection_c.h
[0.904s] -- Up-to-date: /ros2_test/AD_Middle_Test/ros2/src/install/turtlesim/include/turtlesim/srv/detail/kill__rosidl_typesupport_introspection_c.h
[0.905s] -- Up-to-date: /ros2_test/AD_Middle_Test/ros2/src/install/turtlesim/include/turtlesim/srv/detail/spawn__rosidl_typesupport_introspection_c.h
[0.905s] -- Up-to-date: /ros2_test/AD_Middle_Test/ros2/src/install/turtlesim/include/turtlesim/action
[0.905s] -- Up-to-date: /ros2_test/AD_Middle_Test/ros2/src/install/turtlesim/include/turtlesim/action/detail
[0.905s] -- Up-to-date: /ros2_test/AD_Middle_Test/ros2/src/install/turtlesim/include/turtlesim/action/detail/rotate_absolute__rosidl_typesupport_introspection_c.h
[0.905s] -- Up-to-date: /ros2_test/AD_Middle_Test/ros2/src/install/turtlesim/include/turtlesim/action/detail/rotate_absolute__type_support.c
[0.906s] -- Up-to-date: /ros2_test/AD_Middle_Test/ros2/src/install/turtlesim/lib/libturtlesim__rosidl_typesupport_introspection_c.so
[0.906s] -- Up-to-date: /ros2_test/AD_Middle_Test/ros2/src/install/turtlesim/include/turtlesim
[0.906s] -- Up-to-date: /ros2_test/AD_Middle_Test/ros2/src/install/turtlesim/include/turtlesim/msg
[0.906s] -- Up-to-date: /ros2_test/AD_Middle_Test/ros2/src/install/turtlesim/include/turtlesim/msg/detail
[0.906s] -- Up-to-date: /ros2_test/AD_Middle_Test/ros2/src/install/turtlesim/include/turtlesim/msg/detail/color__type_support.cpp
[0.906s] -- Up-to-date: /ros2_test/AD_Middle_Test/ros2/src/install/turtlesim/include/turtlesim/msg/detail/color__rosidl_typesupport_introspection_cpp.hpp
[0.906s] -- Up-to-date: /ros2_test/AD_Middle_Test/ros2/src/install/turtlesim/include/turtlesim/msg/detail/pose__type_support.cpp
[0.906s] -- Up-to-date: /ros2_test/AD_Middle_Test/ros2/src/install/turtlesim/include/turtlesim/msg/detail/pose__rosidl_typesupport_introspection_cpp.hpp
[0.907s] -- Up-to-date: /ros2_test/AD_Middle_Test/ros2/src/install/turtlesim/include/turtlesim/srv
[0.907s] -- Up-to-date: /ros2_test/AD_Middle_Test/ros2/src/install/turtlesim/include/turtlesim/srv/detail
[0.907s] -- Up-to-date: /ros2_test/AD_Middle_Test/ros2/src/install/turtlesim/include/turtlesim/srv/detail/kill__type_support.cpp
[0.907s] -- Up-to-date: /ros2_test/AD_Middle_Test/ros2/src/install/turtlesim/include/turtlesim/srv/detail/kill__rosidl_typesupport_introspection_cpp.hpp
[0.907s] -- Up-to-date: /ros2_test/AD_Middle_Test/ros2/src/install/turtlesim/include/turtlesim/srv/detail/teleport_relative__rosidl_typesupport_introspection_cpp.hpp
[0.907s] -- Up-to-date: /ros2_test/AD_Middle_Test/ros2/src/install/turtlesim/include/turtlesim/srv/detail/teleport_absolute__type_support.cpp
[0.907s] -- Up-to-date: /ros2_test/AD_Middle_Test/ros2/src/install/turtlesim/include/turtlesim/srv/detail/set_pen__type_support.cpp
[0.908s] -- Up-to-date: /ros2_test/AD_Middle_Test/ros2/src/install/turtlesim/include/turtlesim/srv/detail/spawn__rosidl_typesupport_introspection_cpp.hpp
[0.908s] -- Up-to-date: /ros2_test/AD_Middle_Test/ros2/src/install/turtlesim/include/turtlesim/srv/detail/spawn__type_support.cpp
[0.908s] -- Up-to-date: /ros2_test/AD_Middle_Test/ros2/src/install/turtlesim/include/turtlesim/srv/detail/teleport_absolute__rosidl_typesupport_introspection_cpp.hpp
[0.908s] -- Up-to-date: /ros2_test/AD_Middle_Test/ros2/src/install/turtlesim/include/turtlesim/srv/detail/teleport_relative__type_support.cpp
[0.908s] -- Up-to-date: /ros2_test/AD_Middle_Test/ros2/src/install/turtlesim/include/turtlesim/srv/detail/set_pen__rosidl_typesupport_introspection_cpp.hpp
[0.908s] -- Up-to-date: /ros2_test/AD_Middle_Test/ros2/src/install/turtlesim/include/turtlesim/action
[0.908s] -- Up-to-date: /ros2_test/AD_Middle_Test/ros2/src/install/turtlesim/include/turtlesim/action/detail
[0.909s] -- Up-to-date: /ros2_test/AD_Middle_Test/ros2/src/install/turtlesim/include/turtlesim/action/detail/rotate_absolute__rosidl_typesupport_introspection_cpp.hpp
[0.909s] -- Up-to-date: /ros2_test/AD_Middle_Test/ros2/src/install/turtlesim/include/turtlesim/action/detail/rotate_absolute__type_support.cpp
[0.909s] -- Up-to-date: /ros2_test/AD_Middle_Test/ros2/src/install/turtlesim/lib/libturtlesim__rosidl_typesupport_introspection_cpp.so
[0.909s] -- Up-to-date: /ros2_test/AD_Middle_Test/ros2/src/install/turtlesim/include/turtlesim
[0.909s] -- Up-to-date: /ros2_test/AD_Middle_Test/ros2/src/install/turtlesim/include/turtlesim/msg
[0.909s] -- Up-to-date: /ros2_test/AD_Middle_Test/ros2/src/install/turtlesim/include/turtlesim/msg/color__rosidl_typesupport_fastrtps_c.h
[0.909s] -- Up-to-date: /ros2_test/AD_Middle_Test/ros2/src/install/turtlesim/include/turtlesim/msg/pose__rosidl_typesupport_fastrtps_c.h
[0.909s] -- Up-to-date: /ros2_test/AD_Middle_Test/ros2/src/install/turtlesim/include/turtlesim/msg/rosidl_typesupport_fastrtps_c__visibility_control.h
[0.910s] -- Up-to-date: /ros2_test/AD_Middle_Test/ros2/src/install/turtlesim/include/turtlesim/srv
[0.910s] -- Up-to-date: /ros2_test/AD_Middle_Test/ros2/src/install/turtlesim/include/turtlesim/srv/teleport_absolute__rosidl_typesupport_fastrtps_c.h
[0.910s] -- Up-to-date: /ros2_test/AD_Middle_Test/ros2/src/install/turtlesim/include/turtlesim/srv/set_pen__rosidl_typesupport_fastrtps_c.h
[0.911s] -- Up-to-date: /ros2_test/AD_Middle_Test/ros2/src/install/turtlesim/include/turtlesim/srv/kill__rosidl_typesupport_fastrtps_c.h
[0.911s] -- Up-to-date: /ros2_test/AD_Middle_Test/ros2/src/install/turtlesim/include/turtlesim/srv/teleport_relative__rosidl_typesupport_fastrtps_c.h
[0.911s] -- Up-to-date: /ros2_test/AD_Middle_Test/ros2/src/install/turtlesim/include/turtlesim/srv/spawn__rosidl_typesupport_fastrtps_c.h
[0.912s] -- Up-to-date: /ros2_test/AD_Middle_Test/ros2/src/install/turtlesim/include/turtlesim/action
[0.912s] -- Up-to-date: /ros2_test/AD_Middle_Test/ros2/src/install/turtlesim/include/turtlesim/action/rotate_absolute__rosidl_typesupport_fastrtps_c.h
[0.912s] -- Up-to-date: /ros2_test/AD_Middle_Test/ros2/src/install/turtlesim/lib/libturtlesim__rosidl_typesupport_fastrtps_c.so
[0.912s] -- Up-to-date: /ros2_test/AD_Middle_Test/ros2/src/install/turtlesim/include/turtlesim
[0.913s] -- Up-to-date: /ros2_test/AD_Middle_Test/ros2/src/install/turtlesim/include/turtlesim/msg
[0.913s] -- Up-to-date: /ros2_test/AD_Middle_Test/ros2/src/install/turtlesim/include/turtlesim/msg/dds_fastrtps
[0.913s] -- Up-to-date: /ros2_test/AD_Middle_Test/ros2/src/install/turtlesim/include/turtlesim/msg/rosidl_typesupport_fastrtps_cpp__visibility_control.h
[0.913s] -- Up-to-date: /ros2_test/AD_Middle_Test/ros2/src/install/turtlesim/include/turtlesim/msg/pose__rosidl_typesupport_fastrtps_cpp.hpp
[0.913s] -- Up-to-date: /ros2_test/AD_Middle_Test/ros2/src/install/turtlesim/include/turtlesim/msg/color__rosidl_typesupport_fastrtps_cpp.hpp
[0.913s] -- Up-to-date: /ros2_test/AD_Middle_Test/ros2/src/install/turtlesim/include/turtlesim/srv
[0.913s] -- Up-to-date: /ros2_test/AD_Middle_Test/ros2/src/install/turtlesim/include/turtlesim/srv/dds_fastrtps
[0.914s] -- Up-to-date: /ros2_test/AD_Middle_Test/ros2/src/install/turtlesim/include/turtlesim/srv/set_pen__rosidl_typesupport_fastrtps_cpp.hpp
[0.914s] -- Up-to-date: /ros2_test/AD_Middle_Test/ros2/src/install/turtlesim/include/turtlesim/srv/teleport_absolute__rosidl_typesupport_fastrtps_cpp.hpp
[0.914s] -- Up-to-date: /ros2_test/AD_Middle_Test/ros2/src/install/turtlesim/include/turtlesim/srv/spawn__rosidl_typesupport_fastrtps_cpp.hpp
[0.914s] -- Up-to-date: /ros2_test/AD_Middle_Test/ros2/src/install/turtlesim/include/turtlesim/srv/teleport_relative__rosidl_typesupport_fastrtps_cpp.hpp
[0.914s] -- Up-to-date: /ros2_test/AD_Middle_Test/ros2/src/install/turtlesim/include/turtlesim/srv/kill__rosidl_typesupport_fastrtps_cpp.hpp
[0.914s] -- Up-to-date: /ros2_test/AD_Middle_Test/ros2/src/install/turtlesim/include/turtlesim/action
[0.914s] -- Up-to-date: /ros2_test/AD_Middle_Test/ros2/src/install/turtlesim/include/turtlesim/action/rotate_absolute__rosidl_typesupport_fastrtps_cpp.hpp
[0.915s] -- Up-to-date: /ros2_test/AD_Middle_Test/ros2/src/install/turtlesim/include/turtlesim/action/dds_fastrtps
[0.915s] -- Up-to-date: /ros2_test/AD_Middle_Test/ros2/src/install/turtlesim/lib/libturtlesim__rosidl_typesupport_fastrtps_cpp.so
[0.915s] -- Up-to-date: /ros2_test/AD_Middle_Test/ros2/src/install/turtlesim/include/turtlesim
[0.915s] -- Up-to-date: /ros2_test/AD_Middle_Test/ros2/src/install/turtlesim/include/turtlesim/msg
[0.915s] -- Up-to-date: /ros2_test/AD_Middle_Test/ros2/src/install/turtlesim/include/turtlesim/msg/color.h
[0.915s] -- Up-to-date: /ros2_test/AD_Middle_Test/ros2/src/install/turtlesim/include/turtlesim/msg/pose.h
[0.915s] -- Up-to-date: /ros2_test/AD_Middle_Test/ros2/src/install/turtlesim/include/turtlesim/msg/detail
[0.916s] -- Up-to-date: /ros2_test/AD_Middle_Test/ros2/src/install/turtlesim/include/turtlesim/msg/detail/color__functions.h
[0.916s] -- Up-to-date: /ros2_test/AD_Middle_Test/ros2/src/install/turtlesim/include/turtlesim/msg/detail/color__struct.h
[0.916s] -- Up-to-date: /ros2_test/AD_Middle_Test/ros2/src/install/turtlesim/include/turtlesim/msg/detail/color__type_support.h
[0.916s] -- Up-to-date: /ros2_test/AD_Middle_Test/ros2/src/install/turtlesim/include/turtlesim/msg/detail/pose__functions.c
[0.916s] -- Up-to-date: /ros2_test/AD_Middle_Test/ros2/src/install/turtlesim/include/turtlesim/msg/detail/pose__type_support.h
[0.916s] -- Up-to-date: /ros2_test/AD_Middle_Test/ros2/src/install/turtlesim/include/turtlesim/msg/detail/color__functions.c
[0.916s] -- Up-to-date: /ros2_test/AD_Middle_Test/ros2/src/install/turtlesim/include/turtlesim/msg/detail/pose__functions.h
[0.916s] -- Up-to-date: /ros2_test/AD_Middle_Test/ros2/src/install/turtlesim/include/turtlesim/msg/detail/pose__struct.h
[0.917s] -- Up-to-date: /ros2_test/AD_Middle_Test/ros2/src/install/turtlesim/include/turtlesim/msg/rosidl_generator_c__visibility_control.h
[0.917s] -- Up-to-date: /ros2_test/AD_Middle_Test/ros2/src/install/turtlesim/include/turtlesim/srv
[0.917s] -- Up-to-date: /ros2_test/AD_Middle_Test/ros2/src/install/turtlesim/include/turtlesim/srv/spawn.h
[0.917s] -- Up-to-date: /ros2_test/AD_Middle_Test/ros2/src/install/turtlesim/include/turtlesim/srv/detail
[0.917s] -- Up-to-date: /ros2_test/AD_Middle_Test/ros2/src/install/turtlesim/include/turtlesim/srv/detail/teleport_absolute__type_support.h
[0.917s] -- Up-to-date: /ros2_test/AD_Middle_Test/ros2/src/install/turtlesim/include/turtlesim/srv/detail/spawn__struct.h
[0.917s] -- Up-to-date: /ros2_test/AD_Middle_Test/ros2/src/install/turtlesim/include/turtlesim/srv/detail/kill__functions.c
[0.918s] -- Up-to-date: /ros2_test/AD_Middle_Test/ros2/src/install/turtlesim/include/turtlesim/srv/detail/spawn__functions.h
[0.918s] -- Up-to-date: /ros2_test/AD_Middle_Test/ros2/src/install/turtlesim/include/turtlesim/srv/detail/set_pen__functions.h
[0.918s] -- Up-to-date: /ros2_test/AD_Middle_Test/ros2/src/install/turtlesim/include/turtlesim/srv/detail/spawn__type_support.h
[0.918s] -- Up-to-date: /ros2_test/AD_Middle_Test/ros2/src/install/turtlesim/include/turtlesim/srv/detail/teleport_relative__functions.c
[0.918s] -- Up-to-date: /ros2_test/AD_Middle_Test/ros2/src/install/turtlesim/include/turtlesim/srv/detail/kill__functions.h
[0.918s] -- Up-to-date: /ros2_test/AD_Middle_Test/ros2/src/install/turtlesim/include/turtlesim/srv/detail/teleport_relative__type_support.h
[0.918s] -- Up-to-date: /ros2_test/AD_Middle_Test/ros2/src/install/turtlesim/include/turtlesim/srv/detail/kill__type_support.h
[0.919s] -- Up-to-date: /ros2_test/AD_Middle_Test/ros2/src/install/turtlesim/include/turtlesim/srv/detail/teleport_relative__functions.h
[0.919s] -- Up-to-date: /ros2_test/AD_Middle_Test/ros2/src/install/turtlesim/include/turtlesim/srv/detail/set_pen__struct.h
[0.919s] -- Up-to-date: /ros2_test/AD_Middle_Test/ros2/src/install/turtlesim/include/turtlesim/srv/detail/set_pen__functions.c
[0.919s] -- Up-to-date: /ros2_test/AD_Middle_Test/ros2/src/install/turtlesim/include/turtlesim/srv/detail/teleport_absolute__functions.h
[0.919s] -- Up-to-date: /ros2_test/AD_Middle_Test/ros2/src/install/turtlesim/include/turtlesim/srv/detail/teleport_absolute__struct.h
[0.919s] -- Up-to-date: /ros2_test/AD_Middle_Test/ros2/src/install/turtlesim/include/turtlesim/srv/detail/spawn__functions.c
[0.919s] -- Up-to-date: /ros2_test/AD_Middle_Test/ros2/src/install/turtlesim/include/turtlesim/srv/detail/teleport_absolute__functions.c
[0.920s] -- Up-to-date: /ros2_test/AD_Middle_Test/ros2/src/install/turtlesim/include/turtlesim/srv/detail/kill__struct.h
[0.920s] -- Up-to-date: /ros2_test/AD_Middle_Test/ros2/src/install/turtlesim/include/turtlesim/srv/detail/teleport_relative__struct.h
[0.920s] -- Up-to-date: /ros2_test/AD_Middle_Test/ros2/src/install/turtlesim/include/turtlesim/srv/detail/set_pen__type_support.h
[0.920s] -- Up-to-date: /ros2_test/AD_Middle_Test/ros2/src/install/turtlesim/include/turtlesim/srv/set_pen.h
[0.920s] -- Up-to-date: /ros2_test/AD_Middle_Test/ros2/src/install/turtlesim/include/turtlesim/srv/kill.h
[0.920s] -- Up-to-date: /ros2_test/AD_Middle_Test/ros2/src/install/turtlesim/include/turtlesim/srv/teleport_relative.h
[0.920s] -- Up-to-date: /ros2_test/AD_Middle_Test/ros2/src/install/turtlesim/include/turtlesim/srv/teleport_absolute.h
[0.921s] -- Up-to-date: /ros2_test/AD_Middle_Test/ros2/src/install/turtlesim/include/turtlesim/action
[0.921s] -- Up-to-date: /ros2_test/AD_Middle_Test/ros2/src/install/turtlesim/include/turtlesim/action/detail
[0.921s] -- Up-to-date: /ros2_test/AD_Middle_Test/ros2/src/install/turtlesim/include/turtlesim/action/detail/rotate_absolute__functions.h
[0.921s] -- Up-to-date: /ros2_test/AD_Middle_Test/ros2/src/install/turtlesim/include/turtlesim/action/detail/rotate_absolute__struct.h
[0.921s] -- Up-to-date: /ros2_test/AD_Middle_Test/ros2/src/install/turtlesim/include/turtlesim/action/detail/rotate_absolute__functions.c
[0.921s] -- Up-to-date: /ros2_test/AD_Middle_Test/ros2/src/install/turtlesim/include/turtlesim/action/detail/rotate_absolute__type_support.h
[0.921s] -- Up-to-date: /ros2_test/AD_Middle_Test/ros2/src/install/turtlesim/include/turtlesim/action/rotate_absolute.h
[0.922s] -- Up-to-date: /ros2_test/AD_Middle_Test/ros2/src/install/turtlesim/lib/libturtlesim__rosidl_generator_c.so
[0.922s] -- Up-to-date: /ros2_test/AD_Middle_Test/ros2/src/install/turtlesim/include/turtlesim
[0.922s] -- Up-to-date: /ros2_test/AD_Middle_Test/ros2/src/install/turtlesim/include/turtlesim/msg
[0.922s] -- Up-to-date: /ros2_test/AD_Middle_Test/ros2/src/install/turtlesim/include/turtlesim/msg/color.hpp
[0.922s] -- Up-to-date: /ros2_test/AD_Middle_Test/ros2/src/install/turtlesim/include/turtlesim/msg/detail
[0.922s] -- Up-to-date: /ros2_test/AD_Middle_Test/ros2/src/install/turtlesim/include/turtlesim/msg/detail/pose__traits.hpp
[0.922s] -- Up-to-date: /ros2_test/AD_Middle_Test/ros2/src/install/turtlesim/include/turtlesim/msg/detail/color__struct.hpp
[0.922s] -- Up-to-date: /ros2_test/AD_Middle_Test/ros2/src/install/turtlesim/include/turtlesim/msg/detail/pose__struct.hpp
[0.923s] -- Up-to-date: /ros2_test/AD_Middle_Test/ros2/src/install/turtlesim/include/turtlesim/msg/detail/color__builder.hpp
[0.923s] -- Up-to-date: /ros2_test/AD_Middle_Test/ros2/src/install/turtlesim/include/turtlesim/msg/detail/color__traits.hpp
[0.923s] -- Up-to-date: /ros2_test/AD_Middle_Test/ros2/src/install/turtlesim/include/turtlesim/msg/detail/pose__builder.hpp
[0.923s] -- Up-to-date: /ros2_test/AD_Middle_Test/ros2/src/install/turtlesim/include/turtlesim/msg/pose.hpp
[0.923s] -- Up-to-date: /ros2_test/AD_Middle_Test/ros2/src/install/turtlesim/include/turtlesim/srv
[0.923s] -- Up-to-date: /ros2_test/AD_Middle_Test/ros2/src/install/turtlesim/include/turtlesim/srv/teleport_absolute.hpp
[0.923s] -- Up-to-date: /ros2_test/AD_Middle_Test/ros2/src/install/turtlesim/include/turtlesim/srv/spawn.hpp
[0.924s] -- Up-to-date: /ros2_test/AD_Middle_Test/ros2/src/install/turtlesim/include/turtlesim/srv/kill.hpp
[0.924s] -- Up-to-date: /ros2_test/AD_Middle_Test/ros2/src/install/turtlesim/include/turtlesim/srv/teleport_relative.hpp
[0.924s] -- Up-to-date: /ros2_test/AD_Middle_Test/ros2/src/install/turtlesim/include/turtlesim/srv/detail
[0.924s] -- Up-to-date: /ros2_test/AD_Middle_Test/ros2/src/install/turtlesim/include/turtlesim/srv/detail/set_pen__traits.hpp
[0.924s] -- Up-to-date: /ros2_test/AD_Middle_Test/ros2/src/install/turtlesim/include/turtlesim/srv/detail/teleport_absolute__struct.hpp
[0.924s] -- Up-to-date: /ros2_test/AD_Middle_Test/ros2/src/install/turtlesim/include/turtlesim/srv/detail/spawn__traits.hpp
[0.924s] -- Up-to-date: /ros2_test/AD_Middle_Test/ros2/src/install/turtlesim/include/turtlesim/srv/detail/kill__builder.hpp
[0.925s] -- Up-to-date: /ros2_test/AD_Middle_Test/ros2/src/install/turtlesim/include/turtlesim/srv/detail/kill__struct.hpp
[0.925s] -- Up-to-date: /ros2_test/AD_Middle_Test/ros2/src/install/turtlesim/include/turtlesim/srv/detail/teleport_relative__builder.hpp
[0.925s] -- Up-to-date: /ros2_test/AD_Middle_Test/ros2/src/install/turtlesim/include/turtlesim/srv/detail/kill__traits.hpp
[0.925s] -- Up-to-date: /ros2_test/AD_Middle_Test/ros2/src/install/turtlesim/include/turtlesim/srv/detail/spawn__builder.hpp
[0.925s] -- Up-to-date: /ros2_test/AD_Middle_Test/ros2/src/install/turtlesim/include/turtlesim/srv/detail/teleport_relative__traits.hpp
[0.925s] -- Up-to-date: /ros2_test/AD_Middle_Test/ros2/src/install/turtlesim/include/turtlesim/srv/detail/spawn__struct.hpp
[0.925s] -- Up-to-date: /ros2_test/AD_Middle_Test/ros2/src/install/turtlesim/include/turtlesim/srv/detail/teleport_absolute__builder.hpp
[0.925s] -- Up-to-date: /ros2_test/AD_Middle_Test/ros2/src/install/turtlesim/include/turtlesim/srv/detail/teleport_absolute__traits.hpp
[0.926s] -- Up-to-date: /ros2_test/AD_Middle_Test/ros2/src/install/turtlesim/include/turtlesim/srv/detail/set_pen__builder.hpp
[0.926s] -- Up-to-date: /ros2_test/AD_Middle_Test/ros2/src/install/turtlesim/include/turtlesim/srv/detail/set_pen__struct.hpp
[0.926s] -- Up-to-date: /ros2_test/AD_Middle_Test/ros2/src/install/turtlesim/include/turtlesim/srv/detail/teleport_relative__struct.hpp
[0.926s] -- Up-to-date: /ros2_test/AD_Middle_Test/ros2/src/install/turtlesim/include/turtlesim/srv/set_pen.hpp
[0.926s] -- Up-to-date: /ros2_test/AD_Middle_Test/ros2/src/install/turtlesim/include/turtlesim/action
[0.927s] -- Up-to-date: /ros2_test/AD_Middle_Test/ros2/src/install/turtlesim/include/turtlesim/action/rotate_absolute.hpp
[0.927s] -- Up-to-date: /ros2_test/AD_Middle_Test/ros2/src/install/turtlesim/include/turtlesim/action/detail
[0.927s] -- Up-to-date: /ros2_test/AD_Middle_Test/ros2/src/install/turtlesim/include/turtlesim/action/detail/rotate_absolute__builder.hpp
[0.927s] -- Up-to-date: /ros2_test/AD_Middle_Test/ros2/src/install/turtlesim/include/turtlesim/action/detail/rotate_absolute__traits.hpp
[0.927s] -- Up-to-date: /ros2_test/AD_Middle_Test/ros2/src/install/turtlesim/include/turtlesim/action/detail/rotate_absolute__struct.hpp
[0.927s] -- Up-to-date: /ros2_test/AD_Middle_Test/ros2/src/install/turtlesim/share/turtlesim/environment/pythonpath.sh
[0.927s] -- Up-to-date: /ros2_test/AD_Middle_Test/ros2/src/install/turtlesim/share/turtlesim/environment/pythonpath.dsv
[0.928s] -- Up-to-date: /ros2_test/AD_Middle_Test/ros2/src/install/turtlesim/lib/python3.8/site-packages/turtlesim/__init__.py
[0.982s] -- Up-to-date: /ros2_test/AD_Middle_Test/ros2/src/install/turtlesim/lib/python3.8/site-packages/turtlesim/action
[1.000s] -- Up-to-date: /ros2_test/AD_Middle_Test/ros2/src/install/turtlesim/lib/python3.8/site-packages/turtlesim/action/_rotate_absolute.py
[1.000s] -- Up-to-date: /ros2_test/AD_Middle_Test/ros2/src/install/turtlesim/lib/python3.8/site-packages/turtlesim/action/__init__.py
[1.000s] -- Up-to-date: /ros2_test/AD_Middle_Test/ros2/src/install/turtlesim/lib/python3.8/site-packages/turtlesim/action/_rotate_absolute_s.c
[1.000s] -- Up-to-date: /ros2_test/AD_Middle_Test/ros2/src/install/turtlesim/lib/python3.8/site-packages/turtlesim/msg
[1.001s] -- Up-to-date: /ros2_test/AD_Middle_Test/ros2/src/install/turtlesim/lib/python3.8/site-packages/turtlesim/msg/_pose.py
[1.001s] -- Up-to-date: /ros2_test/AD_Middle_Test/ros2/src/install/turtlesim/lib/python3.8/site-packages/turtlesim/msg/_color_s.c
[1.001s] -- Up-to-date: /ros2_test/AD_Middle_Test/ros2/src/install/turtlesim/lib/python3.8/site-packages/turtlesim/msg/_color.py
[1.001s] -- Up-to-date: /ros2_test/AD_Middle_Test/ros2/src/install/turtlesim/lib/python3.8/site-packages/turtlesim/msg/_pose_s.c
[1.001s] -- Up-to-date: /ros2_test/AD_Middle_Test/ros2/src/install/turtlesim/lib/python3.8/site-packages/turtlesim/msg/__init__.py
[1.001s] -- Up-to-date: /ros2_test/AD_Middle_Test/ros2/src/install/turtlesim/lib/python3.8/site-packages/turtlesim/srv
[1.001s] -- Up-to-date: /ros2_test/AD_Middle_Test/ros2/src/install/turtlesim/lib/python3.8/site-packages/turtlesim/srv/_spawn_s.c
[1.002s] -- Up-to-date: /ros2_test/AD_Middle_Test/ros2/src/install/turtlesim/lib/python3.8/site-packages/turtlesim/srv/_kill.py
[1.002s] -- Up-to-date: /ros2_test/AD_Middle_Test/ros2/src/install/turtlesim/lib/python3.8/site-packages/turtlesim/srv/_set_pen.py
[1.002s] -- Up-to-date: /ros2_test/AD_Middle_Test/ros2/src/install/turtlesim/lib/python3.8/site-packages/turtlesim/srv/_spawn.py
[1.002s] -- Up-to-date: /ros2_test/AD_Middle_Test/ros2/src/install/turtlesim/lib/python3.8/site-packages/turtlesim/srv/_teleport_relative.py
[1.002s] -- Up-to-date: /ros2_test/AD_Middle_Test/ros2/src/install/turtlesim/lib/python3.8/site-packages/turtlesim/srv/__init__.py
[1.002s] -- Up-to-date: /ros2_test/AD_Middle_Test/ros2/src/install/turtlesim/lib/python3.8/site-packages/turtlesim/srv/_teleport_relative_s.c
[1.002s] -- Up-to-date: /ros2_test/AD_Middle_Test/ros2/src/install/turtlesim/lib/python3.8/site-packages/turtlesim/srv/_kill_s.c
[1.003s] -- Up-to-date: /ros2_test/AD_Middle_Test/ros2/src/install/turtlesim/lib/python3.8/site-packages/turtlesim/srv/_teleport_absolute.py
[1.003s] -- Up-to-date: /ros2_test/AD_Middle_Test/ros2/src/install/turtlesim/lib/python3.8/site-packages/turtlesim/srv/_set_pen_s.c
[1.003s] -- Up-to-date: /ros2_test/AD_Middle_Test/ros2/src/install/turtlesim/lib/python3.8/site-packages/turtlesim/srv/_teleport_absolute_s.c
[1.003s] -- Up-to-date: /ros2_test/AD_Middle_Test/ros2/src/install/turtlesim/lib/python3.8/site-packages/turtlesim/turtlesim_s__rosidl_typesupport_fastrtps_c.cpython-38-x86_64-linux-gnu.so
[1.004s] -- Up-to-date: /ros2_test/AD_Middle_Test/ros2/src/install/turtlesim/lib/python3.8/site-packages/turtlesim/turtlesim_s__rosidl_typesupport_introspection_c.cpython-38-x86_64-linux-gnu.so
[1.004s] -- Up-to-date: /ros2_test/AD_Middle_Test/ros2/src/install/turtlesim/lib/python3.8/site-packages/turtlesim/turtlesim_s__rosidl_typesupport_c.cpython-38-x86_64-linux-gnu.so
[1.004s] -- Up-to-date: /ros2_test/AD_Middle_Test/ros2/src/install/turtlesim/lib/libturtlesim__python.so
[1.004s] -- Up-to-date: /ros2_test/AD_Middle_Test/ros2/src/install/turtlesim/share/turtlesim/action/RotateAbsolute.idl
[1.004s] -- Up-to-date: /ros2_test/AD_Middle_Test/ros2/src/install/turtlesim/share/turtlesim/msg/Color.idl
[1.004s] -- Up-to-date: /ros2_test/AD_Middle_Test/ros2/src/install/turtlesim/share/turtlesim/msg/Pose.idl
[1.005s] -- Up-to-date: /ros2_test/AD_Middle_Test/ros2/src/install/turtlesim/share/turtlesim/srv/Kill.idl
[1.005s] -- Up-to-date: /ros2_test/AD_Middle_Test/ros2/src/install/turtlesim/share/turtlesim/srv/SetPen.idl
[1.005s] -- Up-to-date: /ros2_test/AD_Middle_Test/ros2/src/install/turtlesim/share/turtlesim/srv/Spawn.idl
[1.005s] -- Up-to-date: /ros2_test/AD_Middle_Test/ros2/src/install/turtlesim/share/turtlesim/srv/TeleportAbsolute.idl
[1.005s] -- Up-to-date: /ros2_test/AD_Middle_Test/ros2/src/install/turtlesim/share/turtlesim/srv/TeleportRelative.idl
[1.005s] -- Up-to-date: /ros2_test/AD_Middle_Test/ros2/src/install/turtlesim/share/turtlesim/action/RotateAbsolute.action
[1.005s] -- Up-to-date: /ros2_test/AD_Middle_Test/ros2/src/install/turtlesim/share/turtlesim/msg/Color.msg
[1.006s] -- Up-to-date: /ros2_test/AD_Middle_Test/ros2/src/install/turtlesim/share/turtlesim/msg/Pose.msg
[1.006s] -- Up-to-date: /ros2_test/AD_Middle_Test/ros2/src/install/turtlesim/share/turtlesim/srv/Kill.srv
[1.006s] -- Up-to-date: /ros2_test/AD_Middle_Test/ros2/src/install/turtlesim/share/turtlesim/srv/Kill_Request.msg
[1.006s] -- Up-to-date: /ros2_test/AD_Middle_Test/ros2/src/install/turtlesim/share/turtlesim/srv/Kill_Response.msg
[1.006s] -- Up-to-date: /ros2_test/AD_Middle_Test/ros2/src/install/turtlesim/share/turtlesim/srv/SetPen.srv
[1.006s] -- Up-to-date: /ros2_test/AD_Middle_Test/ros2/src/install/turtlesim/share/turtlesim/srv/SetPen_Request.msg
[1.006s] -- Up-to-date: /ros2_test/AD_Middle_Test/ros2/src/install/turtlesim/share/turtlesim/srv/SetPen_Response.msg
[1.007s] -- Up-to-date: /ros2_test/AD_Middle_Test/ros2/src/install/turtlesim/share/turtlesim/srv/Spawn.srv
[1.008s] -- Up-to-date: /ros2_test/AD_Middle_Test/ros2/src/install/turtlesim/share/turtlesim/srv/Spawn_Request.msg
[1.009s] -- Up-to-date: /ros2_test/AD_Middle_Test/ros2/src/install/turtlesim/share/turtlesim/srv/Spawn_Response.msg
[1.012s] -- Up-to-date: /ros2_test/AD_Middle_Test/ros2/src/install/turtlesim/share/turtlesim/srv/TeleportAbsolute.srv
[1.012s] -- Up-to-date: /ros2_test/AD_Middle_Test/ros2/src/install/turtlesim/share/turtlesim/srv/TeleportAbsolute_Request.msg
[1.012s] -- Up-to-date: /ros2_test/AD_Middle_Test/ros2/src/install/turtlesim/share/turtlesim/srv/TeleportAbsolute_Response.msg
[1.012s] -- Up-to-date: /ros2_test/AD_Middle_Test/ros2/src/install/turtlesim/share/turtlesim/srv/TeleportRelative.srv
[1.013s] -- Up-to-date: /ros2_test/AD_Middle_Test/ros2/src/install/turtlesim/share/turtlesim/srv/TeleportRelative_Request.msg
[1.013s] -- Up-to-date: /ros2_test/AD_Middle_Test/ros2/src/install/turtlesim/share/turtlesim/srv/TeleportRelative_Response.msg
[1.013s] -- Up-to-date: /ros2_test/AD_Middle_Test/ros2/src/install/turtlesim/lib/turtlesim/turtlesim_node
[1.013s] -- Up-to-date: /ros2_test/AD_Middle_Test/ros2/src/install/turtlesim/lib/turtlesim/turtle_teleop_key
[1.014s] -- Up-to-date: /ros2_test/AD_Middle_Test/ros2/src/install/turtlesim/lib/turtlesim/draw_square
[1.014s] -- Up-to-date: /ros2_test/AD_Middle_Test/ros2/src/install/turtlesim/lib/turtlesim/mimic
[1.014s] -- Up-to-date: /ros2_test/AD_Middle_Test/ros2/src/install/turtlesim/share/turtlesim/images
[1.014s] -- Up-to-date: /ros2_test/AD_Middle_Test/ros2/src/install/turtlesim/share/turtlesim/images/ardent.png
[1.014s] -- Up-to-date: /ros2_test/AD_Middle_Test/ros2/src/install/turtlesim/share/turtlesim/images/bouncy.png
[1.015s] -- Up-to-date: /ros2_test/AD_Middle_Test/ros2/src/install/turtlesim/share/turtlesim/images/eloquent.png
[1.015s] -- Up-to-date: /ros2_test/AD_Middle_Test/ros2/src/install/turtlesim/share/turtlesim/images/dashing.png
[1.015s] -- Up-to-date: /ros2_test/AD_Middle_Test/ros2/src/install/turtlesim/share/turtlesim/images/crystal.png
[1.015s] -- Up-to-date: /ros2_test/AD_Middle_Test/ros2/src/install/turtlesim/share/turtlesim/launch
[1.016s] -- Up-to-date: /ros2_test/AD_Middle_Test/ros2/src/install/turtlesim/share/turtlesim/launch/multisim.launch.py
[1.016s] -- Up-to-date: /ros2_test/AD_Middle_Test/ros2/src/install/turtlesim/share/ament_index/resource_index/package_run_dependencies/turtlesim
[1.016s] -- Up-to-date: /ros2_test/AD_Middle_Test/ros2/src/install/turtlesim/share/ament_index/resource_index/parent_prefix_path/turtlesim
[1.016s] -- Up-to-date: /ros2_test/AD_Middle_Test/ros2/src/install/turtlesim/share/turtlesim/environment/ament_prefix_path.sh
[1.016s] -- Up-to-date: /ros2_test/AD_Middle_Test/ros2/src/install/turtlesim/share/turtlesim/environment/ament_prefix_path.dsv
[1.017s] -- Up-to-date: /ros2_test/AD_Middle_Test/ros2/src/install/turtlesim/share/turtlesim/environment/path.sh
[1.017s] -- Up-to-date: /ros2_test/AD_Middle_Test/ros2/src/install/turtlesim/share/turtlesim/environment/path.dsv
[1.017s] -- Up-to-date: /ros2_test/AD_Middle_Test/ros2/src/install/turtlesim/share/turtlesim/local_setup.bash
[1.017s] -- Up-to-date: /ros2_test/AD_Middle_Test/ros2/src/install/turtlesim/share/turtlesim/local_setup.sh
[1.018s] -- Up-to-date: /ros2_test/AD_Middle_Test/ros2/src/install/turtlesim/share/turtlesim/local_setup.zsh
[1.018s] -- Up-to-date: /ros2_test/AD_Middle_Test/ros2/src/install/turtlesim/share/turtlesim/local_setup.dsv
[1.018s] -- Installing: /ros2_test/AD_Middle_Test/ros2/src/install/turtlesim/share/turtlesim/package.dsv
[1.018s] -- Up-to-date: /ros2_test/AD_Middle_Test/ros2/src/install/turtlesim/share/ament_index/resource_index/packages/turtlesim
[1.018s] -- Up-to-date: /ros2_test/AD_Middle_Test/ros2/src/install/turtlesim/share/turtlesim/cmake/rosidl_cmake-extras.cmake
[1.019s] -- Up-to-date: /ros2_test/AD_Middle_Test/ros2/src/install/turtlesim/share/turtlesim/cmake/ament_cmake_export_dependencies-extras.cmake
[1.019s] -- Up-to-date: /ros2_test/AD_Middle_Test/ros2/src/install/turtlesim/share/turtlesim/cmake/ament_cmake_export_libraries-extras.cmake
[1.019s] -- Up-to-date: /ros2_test/AD_Middle_Test/ros2/src/install/turtlesim/share/turtlesim/cmake/rosidl_cmake_export_typesupport_libraries-extras.cmake
[1.019s] -- Up-to-date: /ros2_test/AD_Middle_Test/ros2/src/install/turtlesim/share/turtlesim/cmake/ament_cmake_export_include_directories-extras.cmake
[1.019s] -- Up-to-date: /ros2_test/AD_Middle_Test/ros2/src/install/turtlesim/share/turtlesim/cmake/turtlesimConfig.cmake
[1.020s] -- Up-to-date: /ros2_test/AD_Middle_Test/ros2/src/install/turtlesim/share/turtlesim/cmake/turtlesimConfig-version.cmake
[1.020s] -- Up-to-date: /ros2_test/AD_Middle_Test/ros2/src/install/turtlesim/share/turtlesim/package.xml
[1.020s] Invoked command in '/ros2_test/AD_Middle_Test/ros2/src/build/turtlesim' returned '0': /usr/bin/cmake --install /ros2_test/AD_Middle_Test/ros2/src/build/turtlesim
