[0.039s] Invoking command in '/ros2_test/AD_Middle_Test/ros2/src/build/simple_s': /usr/bin/cmake --build /ros2_test/AD_Middle_Test/ros2/src/build/simple_s -- -j40 -l40
[0.082s] -- Found ament_cmake: 0.8.1 (/opt/ros/foxy/share/ament_cmake/cmake)
[0.117s] -- Using PYTHON_EXECUTABLE: /usr/bin/python3
[0.408s] -- Found rclcpp: 0.8.3 (/opt/ros/foxy/share/rclcpp/cmake)
[0.492s] -- Found rosidl_adapter: 0.8.2 (/opt/ros/foxy/share/rosidl_adapter/cmake)
[0.530s] -- Found rmw_implementation_cmake: 0.8.1 (/opt/ros/foxy/share/rmw_implementation_cmake/cmake)
[0.533s] -- Using RMW implementation 'rmw_fastrtps_cpp' as default
[0.535s] -- Looking for pthread.h
[0.639s] -- Looking for pthread.h - found
[0.639s] -- Performing Test CMAKE_HAVE_LIBC_PTHREAD
[0.744s] -- Performing Test CMAKE_HAVE_LIBC_PTHREAD - Failed
[0.744s] -- Looking for pthread_create in pthreads
[0.826s] -- Looking for pthread_create in pthreads - not found
[0.826s] -- Looking for pthread_create in pthread
[0.923s] -- Looking for pthread_create in pthread - found
[0.925s] -- Found Threads: TRUE  
[1.056s] -- Found std_msgs: 0.8.1 (/opt/ros/foxy/share/std_msgs/cmake)
[1.095s] -- Found ament_lint_auto: 0.9.1 (/opt/ros/foxy/share/ament_lint_auto/cmake)
[1.202s] -- Added test 'copyright' to check for copyright in CMake / C / C++ / Python code
[1.204s] -- Added test 'cppcheck' to perform static code analysis on C / C++ code
[1.204s] -- Configured cppcheck include dirs: 
[1.205s] -- Added test 'cpplint' to check C / C++ code against the Google style
[1.206s] -- Added test 'lint_cmake' to check CMake code style
[1.208s] -- Added test 'uncrustify' to check C / C++ code style
[1.208s] -- Added test 'xmllint' to check XML markup files
[1.212s] -- Configuring done
[1.229s] -- Generating done
[1.231s] -- Build files have been written to: /ros2_test/AD_Middle_Test/ros2/src/build/simple_s
[1.262s] [35m[1mScanning dependencies of target talker[0m
[1.316s] [ 50%] [32mBuilding CXX object CMakeFiles/talker.dir/src/talker.cpp.o[0m
[5.539s] [100%] [32m[1mLinking CXX executable talker[0m
[5.742s] [100%] Built target talker
[5.756s] Invoked command in '/ros2_test/AD_Middle_Test/ros2/src/build/simple_s' returned '0': /usr/bin/cmake --build /ros2_test/AD_Middle_Test/ros2/src/build/simple_s -- -j40 -l40
[5.790s] Invoking command in '/ros2_test/AD_Middle_Test/ros2/src/build/simple_s': /usr/bin/cmake --install /ros2_test/AD_Middle_Test/ros2/src/build/simple_s
[5.802s] -- Install configuration: ""
[5.802s] -- Installing: /ros2_test/AD_Middle_Test/ros2/src/install/simple_s/lib/simple_s/talker
[5.804s] -- Set runtime path of "/ros2_test/AD_Middle_Test/ros2/src/install/simple_s/lib/simple_s/talker" to ""
[5.804s] -- Installing: /ros2_test/AD_Middle_Test/ros2/src/install/simple_s/share/ament_index/resource_index/package_run_dependencies/simple_s
[5.804s] -- Installing: /ros2_test/AD_Middle_Test/ros2/src/install/simple_s/share/ament_index/resource_index/parent_prefix_path/simple_s
[5.804s] -- Up-to-date: /ros2_test/AD_Middle_Test/ros2/src/install/simple_s/share/simple_s/environment/ament_prefix_path.sh
[5.805s] -- Installing: /ros2_test/AD_Middle_Test/ros2/src/install/simple_s/share/simple_s/environment/ament_prefix_path.dsv
[5.805s] -- Up-to-date: /ros2_test/AD_Middle_Test/ros2/src/install/simple_s/share/simple_s/environment/path.sh
[5.805s] -- Installing: /ros2_test/AD_Middle_Test/ros2/src/install/simple_s/share/simple_s/environment/path.dsv
[5.805s] -- Up-to-date: /ros2_test/AD_Middle_Test/ros2/src/install/simple_s/share/simple_s/local_setup.bash
[5.805s] -- Up-to-date: /ros2_test/AD_Middle_Test/ros2/src/install/simple_s/share/simple_s/local_setup.sh
[5.805s] -- Up-to-date: /ros2_test/AD_Middle_Test/ros2/src/install/simple_s/share/simple_s/local_setup.zsh
[5.806s] -- Installing: /ros2_test/AD_Middle_Test/ros2/src/install/simple_s/share/simple_s/local_setup.dsv
[5.806s] -- Installing: /ros2_test/AD_Middle_Test/ros2/src/install/simple_s/share/simple_s/package.dsv
[5.806s] -- Up-to-date: /ros2_test/AD_Middle_Test/ros2/src/install/simple_s/share/ament_index/resource_index/packages/simple_s
[5.806s] -- Up-to-date: /ros2_test/AD_Middle_Test/ros2/src/install/simple_s/share/simple_s/cmake/simple_sConfig.cmake
[5.806s] -- Up-to-date: /ros2_test/AD_Middle_Test/ros2/src/install/simple_s/share/simple_s/cmake/simple_sConfig-version.cmake
[5.807s] -- Installing: /ros2_test/AD_Middle_Test/ros2/src/install/simple_s/share/simple_s/package.xml
[5.810s] Invoked command in '/ros2_test/AD_Middle_Test/ros2/src/build/simple_s' returned '0': /usr/bin/cmake --install /ros2_test/AD_Middle_Test/ros2/src/build/simple_s
