[0.032s] Invoking command in '/ros2_test/AD_Middle_Test/ros2/build/turtlesim': /usr/bin/cmake --build /ros2_test/AD_Middle_Test/ros2/build/turtlesim -- -j40 -l40
[0.115s] [  1%] Built target turtlesim__cpp
[0.118s] [ 11%] Built target turtlesim__rosidl_generator_c
[0.150s] [ 21%] Built target turtlesim__rosidl_typesupport_cpp
[0.153s] [ 31%] Built target turtlesim__rosidl_typesupport_introspection_cpp
[0.154s] [ 41%] Built target turtlesim__rosidl_typesupport_c
[0.155s] [ 51%] Built target turtlesim__rosidl_typesupport_introspection_c
[0.160s] [ 61%] Built target turtlesim__rosidl_typesupport_fastrtps_cpp
[0.203s] [ 71%] Built target turtlesim__rosidl_typesupport_fastrtps_c
[0.232s] [ 71%] Built target turtlesim
[0.263s] [ 72%] Built target turtlesim__py
[0.276s] [ 76%] Built target mimic
[0.276s] [ 76%] Built target draw_square
[0.277s] [ 78%] Built target turtle_teleop_key
[0.299s] [ 84%] Built target turtlesim_node
[0.307s] [ 93%] Built target turtlesim__python
[0.345s] [ 95%] Built target turtlesim__rosidl_typesupport_introspection_c__pyext
[0.345s] [ 97%] Built target turtlesim__rosidl_typesupport_fastrtps_c__pyext
[0.346s] [100%] Built target turtlesim__rosidl_typesupport_c__pyext
[0.362s] Invoked command in '/ros2_test/AD_Middle_Test/ros2/build/turtlesim' returned '0': /usr/bin/cmake --build /ros2_test/AD_Middle_Test/ros2/build/turtlesim -- -j40 -l40
[0.608s] Invoking command in '/ros2_test/AD_Middle_Test/ros2/build/turtlesim': /usr/bin/cmake --install /ros2_test/AD_Middle_Test/ros2/build/turtlesim
[0.621s] -- Install configuration: ""
[0.621s] -- Up-to-date: /ros2_test/AD_Middle_Test/ros2/install/turtlesim/share/ament_index/resource_index/rosidl_interfaces/turtlesim
[0.621s] -- Up-to-date: /ros2_test/AD_Middle_Test/ros2/install/turtlesim/lib/libturtlesim__rosidl_typesupport_c.so
[0.622s] -- Up-to-date: /ros2_test/AD_Middle_Test/ros2/install/turtlesim/share/turtlesim/environment/library_path.sh
[0.622s] -- Up-to-date: /ros2_test/AD_Middle_Test/ros2/install/turtlesim/share/turtlesim/environment/library_path.dsv
[0.622s] -- Up-to-date: /ros2_test/AD_Middle_Test/ros2/install/turtlesim/lib/libturtlesim__rosidl_typesupport_cpp.so
[0.622s] -- Up-to-date: /ros2_test/AD_Middle_Test/ros2/install/turtlesim/include/turtlesim
[0.623s] -- Up-to-date: /ros2_test/AD_Middle_Test/ros2/install/turtlesim/include/turtlesim/msg
[0.623s] -- Up-to-date: /ros2_test/AD_Middle_Test/ros2/install/turtlesim/include/turtlesim/msg/rosidl_typesupport_introspection_c__visibility_control.h
[0.623s] -- Up-to-date: /ros2_test/AD_Middle_Test/ros2/install/turtlesim/include/turtlesim/msg/detail
[0.623s] -- Up-to-date: /ros2_test/AD_Middle_Test/ros2/install/turtlesim/include/turtlesim/msg/detail/pose__type_support.c
[0.624s] -- Up-to-date: /ros2_test/AD_Middle_Test/ros2/install/turtlesim/include/turtlesim/msg/detail/pose__rosidl_typesupport_introspection_c.h
[0.624s] -- Up-to-date: /ros2_test/AD_Middle_Test/ros2/install/turtlesim/include/turtlesim/msg/detail/color__rosidl_typesupport_introspection_c.h
[0.624s] -- Up-to-date: /ros2_test/AD_Middle_Test/ros2/install/turtlesim/include/turtlesim/msg/detail/color__type_support.c
[0.624s] -- Up-to-date: /ros2_test/AD_Middle_Test/ros2/install/turtlesim/include/turtlesim/srv
[0.624s] -- Up-to-date: /ros2_test/AD_Middle_Test/ros2/install/turtlesim/include/turtlesim/srv/detail
[0.625s] -- Up-to-date: /ros2_test/AD_Middle_Test/ros2/install/turtlesim/include/turtlesim/srv/detail/set_pen__rosidl_typesupport_introspection_c.h
[0.625s] -- Up-to-date: /ros2_test/AD_Middle_Test/ros2/install/turtlesim/include/turtlesim/srv/detail/teleport_absolute__rosidl_typesupport_introspection_c.h
[0.625s] -- Up-to-date: /ros2_test/AD_Middle_Test/ros2/install/turtlesim/include/turtlesim/srv/detail/set_pen__type_support.c
[0.625s] -- Up-to-date: /ros2_test/AD_Middle_Test/ros2/install/turtlesim/include/turtlesim/srv/detail/teleport_relative__type_support.c
[0.626s] -- Up-to-date: /ros2_test/AD_Middle_Test/ros2/install/turtlesim/include/turtlesim/srv/detail/spawn__type_support.c
[0.626s] -- Up-to-date: /ros2_test/AD_Middle_Test/ros2/install/turtlesim/include/turtlesim/srv/detail/teleport_absolute__type_support.c
[0.626s] -- Up-to-date: /ros2_test/AD_Middle_Test/ros2/install/turtlesim/include/turtlesim/srv/detail/kill__type_support.c
[0.626s] -- Up-to-date: /ros2_test/AD_Middle_Test/ros2/install/turtlesim/include/turtlesim/srv/detail/teleport_relative__rosidl_typesupport_introspection_c.h
[0.626s] -- Up-to-date: /ros2_test/AD_Middle_Test/ros2/install/turtlesim/include/turtlesim/srv/detail/kill__rosidl_typesupport_introspection_c.h
[0.626s] -- Up-to-date: /ros2_test/AD_Middle_Test/ros2/install/turtlesim/include/turtlesim/srv/detail/spawn__rosidl_typesupport_introspection_c.h
[0.627s] -- Up-to-date: /ros2_test/AD_Middle_Test/ros2/install/turtlesim/include/turtlesim/action
[0.627s] -- Up-to-date: /ros2_test/AD_Middle_Test/ros2/install/turtlesim/include/turtlesim/action/detail
[0.627s] -- Up-to-date: /ros2_test/AD_Middle_Test/ros2/install/turtlesim/include/turtlesim/action/detail/rotate_absolute__rosidl_typesupport_introspection_c.h
[0.627s] -- Up-to-date: /ros2_test/AD_Middle_Test/ros2/install/turtlesim/include/turtlesim/action/detail/rotate_absolute__type_support.c
[0.627s] -- Up-to-date: /ros2_test/AD_Middle_Test/ros2/install/turtlesim/lib/libturtlesim__rosidl_typesupport_introspection_c.so
[0.627s] -- Up-to-date: /ros2_test/AD_Middle_Test/ros2/install/turtlesim/include/turtlesim
[0.628s] -- Up-to-date: /ros2_test/AD_Middle_Test/ros2/install/turtlesim/include/turtlesim/msg
[0.628s] -- Up-to-date: /ros2_test/AD_Middle_Test/ros2/install/turtlesim/include/turtlesim/msg/detail
[0.628s] -- Up-to-date: /ros2_test/AD_Middle_Test/ros2/install/turtlesim/include/turtlesim/msg/detail/color__type_support.cpp
[0.628s] -- Up-to-date: /ros2_test/AD_Middle_Test/ros2/install/turtlesim/include/turtlesim/msg/detail/color__rosidl_typesupport_introspection_cpp.hpp
[0.628s] -- Up-to-date: /ros2_test/AD_Middle_Test/ros2/install/turtlesim/include/turtlesim/msg/detail/pose__type_support.cpp
[0.629s] -- Up-to-date: /ros2_test/AD_Middle_Test/ros2/install/turtlesim/include/turtlesim/msg/detail/pose__rosidl_typesupport_introspection_cpp.hpp
[0.629s] -- Up-to-date: /ros2_test/AD_Middle_Test/ros2/install/turtlesim/include/turtlesim/srv
[0.629s] -- Up-to-date: /ros2_test/AD_Middle_Test/ros2/install/turtlesim/include/turtlesim/srv/detail
[0.629s] -- Up-to-date: /ros2_test/AD_Middle_Test/ros2/install/turtlesim/include/turtlesim/srv/detail/kill__type_support.cpp
[0.629s] -- Up-to-date: /ros2_test/AD_Middle_Test/ros2/install/turtlesim/include/turtlesim/srv/detail/kill__rosidl_typesupport_introspection_cpp.hpp
[0.630s] -- Up-to-date: /ros2_test/AD_Middle_Test/ros2/install/turtlesim/include/turtlesim/srv/detail/teleport_relative__rosidl_typesupport_introspection_cpp.hpp
[0.630s] -- Up-to-date: /ros2_test/AD_Middle_Test/ros2/install/turtlesim/include/turtlesim/srv/detail/teleport_absolute__type_support.cpp
[0.630s] -- Up-to-date: /ros2_test/AD_Middle_Test/ros2/install/turtlesim/include/turtlesim/srv/detail/set_pen__type_support.cpp
[0.631s] -- Up-to-date: /ros2_test/AD_Middle_Test/ros2/install/turtlesim/include/turtlesim/srv/detail/spawn__rosidl_typesupport_introspection_cpp.hpp
[0.631s] -- Up-to-date: /ros2_test/AD_Middle_Test/ros2/install/turtlesim/include/turtlesim/srv/detail/spawn__type_support.cpp
[0.631s] -- Up-to-date: /ros2_test/AD_Middle_Test/ros2/install/turtlesim/include/turtlesim/srv/detail/teleport_absolute__rosidl_typesupport_introspection_cpp.hpp
[0.631s] -- Up-to-date: /ros2_test/AD_Middle_Test/ros2/install/turtlesim/include/turtlesim/srv/detail/teleport_relative__type_support.cpp
[0.631s] -- Up-to-date: /ros2_test/AD_Middle_Test/ros2/install/turtlesim/include/turtlesim/srv/detail/set_pen__rosidl_typesupport_introspection_cpp.hpp
[0.631s] -- Up-to-date: /ros2_test/AD_Middle_Test/ros2/install/turtlesim/include/turtlesim/action
[0.632s] -- Up-to-date: /ros2_test/AD_Middle_Test/ros2/install/turtlesim/include/turtlesim/action/detail
[0.632s] -- Up-to-date: /ros2_test/AD_Middle_Test/ros2/install/turtlesim/include/turtlesim/action/detail/rotate_absolute__rosidl_typesupport_introspection_cpp.hpp
[0.632s] -- Up-to-date: /ros2_test/AD_Middle_Test/ros2/install/turtlesim/include/turtlesim/action/detail/rotate_absolute__type_support.cpp
[0.632s] -- Up-to-date: /ros2_test/AD_Middle_Test/ros2/install/turtlesim/lib/libturtlesim__rosidl_typesupport_introspection_cpp.so
[0.633s] -- Up-to-date: /ros2_test/AD_Middle_Test/ros2/install/turtlesim/include/turtlesim
[0.633s] -- Up-to-date: /ros2_test/AD_Middle_Test/ros2/install/turtlesim/include/turtlesim/msg
[0.633s] -- Up-to-date: /ros2_test/AD_Middle_Test/ros2/install/turtlesim/include/turtlesim/msg/color__rosidl_typesupport_fastrtps_c.h
[0.633s] -- Up-to-date: /ros2_test/AD_Middle_Test/ros2/install/turtlesim/include/turtlesim/msg/pose__rosidl_typesupport_fastrtps_c.h
[0.633s] -- Up-to-date: /ros2_test/AD_Middle_Test/ros2/install/turtlesim/include/turtlesim/msg/rosidl_typesupport_fastrtps_c__visibility_control.h
[0.634s] -- Up-to-date: /ros2_test/AD_Middle_Test/ros2/install/turtlesim/include/turtlesim/srv
[0.634s] -- Up-to-date: /ros2_test/AD_Middle_Test/ros2/install/turtlesim/include/turtlesim/srv/teleport_absolute__rosidl_typesupport_fastrtps_c.h
[0.634s] -- Up-to-date: /ros2_test/AD_Middle_Test/ros2/install/turtlesim/include/turtlesim/srv/set_pen__rosidl_typesupport_fastrtps_c.h
[0.634s] -- Up-to-date: /ros2_test/AD_Middle_Test/ros2/install/turtlesim/include/turtlesim/srv/kill__rosidl_typesupport_fastrtps_c.h
[0.634s] -- Up-to-date: /ros2_test/AD_Middle_Test/ros2/install/turtlesim/include/turtlesim/srv/teleport_relative__rosidl_typesupport_fastrtps_c.h
[0.634s] -- Up-to-date: /ros2_test/AD_Middle_Test/ros2/install/turtlesim/include/turtlesim/srv/spawn__rosidl_typesupport_fastrtps_c.h
[0.634s] -- Up-to-date: /ros2_test/AD_Middle_Test/ros2/install/turtlesim/include/turtlesim/action
[0.635s] -- Up-to-date: /ros2_test/AD_Middle_Test/ros2/install/turtlesim/include/turtlesim/action/rotate_absolute__rosidl_typesupport_fastrtps_c.h
[0.635s] -- Up-to-date: /ros2_test/AD_Middle_Test/ros2/install/turtlesim/lib/libturtlesim__rosidl_typesupport_fastrtps_c.so
[0.635s] -- Up-to-date: /ros2_test/AD_Middle_Test/ros2/install/turtlesim/include/turtlesim
[0.635s] -- Up-to-date: /ros2_test/AD_Middle_Test/ros2/install/turtlesim/include/turtlesim/msg
[0.635s] -- Up-to-date: /ros2_test/AD_Middle_Test/ros2/install/turtlesim/include/turtlesim/msg/dds_fastrtps
[0.635s] -- Up-to-date: /ros2_test/AD_Middle_Test/ros2/install/turtlesim/include/turtlesim/msg/rosidl_typesupport_fastrtps_cpp__visibility_control.h
[0.635s] -- Up-to-date: /ros2_test/AD_Middle_Test/ros2/install/turtlesim/include/turtlesim/msg/pose__rosidl_typesupport_fastrtps_cpp.hpp
[0.635s] -- Up-to-date: /ros2_test/AD_Middle_Test/ros2/install/turtlesim/include/turtlesim/msg/color__rosidl_typesupport_fastrtps_cpp.hpp
[0.636s] -- Up-to-date: /ros2_test/AD_Middle_Test/ros2/install/turtlesim/include/turtlesim/srv
[0.636s] -- Up-to-date: /ros2_test/AD_Middle_Test/ros2/install/turtlesim/include/turtlesim/srv/dds_fastrtps
[0.636s] -- Up-to-date: /ros2_test/AD_Middle_Test/ros2/install/turtlesim/include/turtlesim/srv/set_pen__rosidl_typesupport_fastrtps_cpp.hpp
[0.636s] -- Up-to-date: /ros2_test/AD_Middle_Test/ros2/install/turtlesim/include/turtlesim/srv/teleport_absolute__rosidl_typesupport_fastrtps_cpp.hpp
[0.636s] -- Up-to-date: /ros2_test/AD_Middle_Test/ros2/install/turtlesim/include/turtlesim/srv/spawn__rosidl_typesupport_fastrtps_cpp.hpp
[0.636s] -- Up-to-date: /ros2_test/AD_Middle_Test/ros2/install/turtlesim/include/turtlesim/srv/teleport_relative__rosidl_typesupport_fastrtps_cpp.hpp
[0.636s] -- Up-to-date: /ros2_test/AD_Middle_Test/ros2/install/turtlesim/include/turtlesim/srv/kill__rosidl_typesupport_fastrtps_cpp.hpp
[0.637s] -- Up-to-date: /ros2_test/AD_Middle_Test/ros2/install/turtlesim/include/turtlesim/action
[0.637s] -- Up-to-date: /ros2_test/AD_Middle_Test/ros2/install/turtlesim/include/turtlesim/action/rotate_absolute__rosidl_typesupport_fastrtps_cpp.hpp
[0.637s] -- Up-to-date: /ros2_test/AD_Middle_Test/ros2/install/turtlesim/include/turtlesim/action/dds_fastrtps
[0.637s] -- Up-to-date: /ros2_test/AD_Middle_Test/ros2/install/turtlesim/lib/libturtlesim__rosidl_typesupport_fastrtps_cpp.so
[0.637s] -- Up-to-date: /ros2_test/AD_Middle_Test/ros2/install/turtlesim/include/turtlesim
[0.637s] -- Up-to-date: /ros2_test/AD_Middle_Test/ros2/install/turtlesim/include/turtlesim/msg
[0.637s] -- Up-to-date: /ros2_test/AD_Middle_Test/ros2/install/turtlesim/include/turtlesim/msg/color.h
[0.638s] -- Up-to-date: /ros2_test/AD_Middle_Test/ros2/install/turtlesim/include/turtlesim/msg/pose.h
[0.638s] -- Up-to-date: /ros2_test/AD_Middle_Test/ros2/install/turtlesim/include/turtlesim/msg/detail
[0.638s] -- Up-to-date: /ros2_test/AD_Middle_Test/ros2/install/turtlesim/include/turtlesim/msg/detail/color__functions.h
[0.638s] -- Up-to-date: /ros2_test/AD_Middle_Test/ros2/install/turtlesim/include/turtlesim/msg/detail/color__struct.h
[0.638s] -- Up-to-date: /ros2_test/AD_Middle_Test/ros2/install/turtlesim/include/turtlesim/msg/detail/color__type_support.h
[0.638s] -- Up-to-date: /ros2_test/AD_Middle_Test/ros2/install/turtlesim/include/turtlesim/msg/detail/pose__functions.c
[0.638s] -- Up-to-date: /ros2_test/AD_Middle_Test/ros2/install/turtlesim/include/turtlesim/msg/detail/pose__type_support.h
[0.638s] -- Up-to-date: /ros2_test/AD_Middle_Test/ros2/install/turtlesim/include/turtlesim/msg/detail/color__functions.c
[0.639s] -- Up-to-date: /ros2_test/AD_Middle_Test/ros2/install/turtlesim/include/turtlesim/msg/detail/pose__functions.h
[0.639s] -- Up-to-date: /ros2_test/AD_Middle_Test/ros2/install/turtlesim/include/turtlesim/msg/detail/pose__struct.h
[0.639s] -- Up-to-date: /ros2_test/AD_Middle_Test/ros2/install/turtlesim/include/turtlesim/msg/rosidl_generator_c__visibility_control.h
[0.639s] -- Up-to-date: /ros2_test/AD_Middle_Test/ros2/install/turtlesim/include/turtlesim/srv
[0.639s] -- Up-to-date: /ros2_test/AD_Middle_Test/ros2/install/turtlesim/include/turtlesim/srv/spawn.h
[0.639s] -- Up-to-date: /ros2_test/AD_Middle_Test/ros2/install/turtlesim/include/turtlesim/srv/detail
[0.639s] -- Up-to-date: /ros2_test/AD_Middle_Test/ros2/install/turtlesim/include/turtlesim/srv/detail/teleport_absolute__type_support.h
[0.640s] -- Up-to-date: /ros2_test/AD_Middle_Test/ros2/install/turtlesim/include/turtlesim/srv/detail/spawn__struct.h
[0.640s] -- Up-to-date: /ros2_test/AD_Middle_Test/ros2/install/turtlesim/include/turtlesim/srv/detail/kill__functions.c
[0.640s] -- Up-to-date: /ros2_test/AD_Middle_Test/ros2/install/turtlesim/include/turtlesim/srv/detail/spawn__functions.h
[0.640s] -- Up-to-date: /ros2_test/AD_Middle_Test/ros2/install/turtlesim/include/turtlesim/srv/detail/set_pen__functions.h
[0.640s] -- Up-to-date: /ros2_test/AD_Middle_Test/ros2/install/turtlesim/include/turtlesim/srv/detail/spawn__type_support.h
[0.640s] -- Up-to-date: /ros2_test/AD_Middle_Test/ros2/install/turtlesim/include/turtlesim/srv/detail/teleport_relative__functions.c
[0.640s] -- Up-to-date: /ros2_test/AD_Middle_Test/ros2/install/turtlesim/include/turtlesim/srv/detail/kill__functions.h
[0.641s] -- Up-to-date: /ros2_test/AD_Middle_Test/ros2/install/turtlesim/include/turtlesim/srv/detail/teleport_relative__type_support.h
[0.641s] -- Up-to-date: /ros2_test/AD_Middle_Test/ros2/install/turtlesim/include/turtlesim/srv/detail/kill__type_support.h
[0.641s] -- Up-to-date: /ros2_test/AD_Middle_Test/ros2/install/turtlesim/include/turtlesim/srv/detail/teleport_relative__functions.h
[0.641s] -- Up-to-date: /ros2_test/AD_Middle_Test/ros2/install/turtlesim/include/turtlesim/srv/detail/set_pen__struct.h
[0.641s] -- Up-to-date: /ros2_test/AD_Middle_Test/ros2/install/turtlesim/include/turtlesim/srv/detail/set_pen__functions.c
[0.641s] -- Up-to-date: /ros2_test/AD_Middle_Test/ros2/install/turtlesim/include/turtlesim/srv/detail/teleport_absolute__functions.h
[0.641s] -- Up-to-date: /ros2_test/AD_Middle_Test/ros2/install/turtlesim/include/turtlesim/srv/detail/teleport_absolute__struct.h
[0.641s] -- Up-to-date: /ros2_test/AD_Middle_Test/ros2/install/turtlesim/include/turtlesim/srv/detail/spawn__functions.c
[0.642s] -- Up-to-date: /ros2_test/AD_Middle_Test/ros2/install/turtlesim/include/turtlesim/srv/detail/teleport_absolute__functions.c
[0.642s] -- Up-to-date: /ros2_test/AD_Middle_Test/ros2/install/turtlesim/include/turtlesim/srv/detail/kill__struct.h
[0.642s] -- Up-to-date: /ros2_test/AD_Middle_Test/ros2/install/turtlesim/include/turtlesim/srv/detail/teleport_relative__struct.h
[0.642s] -- Up-to-date: /ros2_test/AD_Middle_Test/ros2/install/turtlesim/include/turtlesim/srv/detail/set_pen__type_support.h
[0.642s] -- Up-to-date: /ros2_test/AD_Middle_Test/ros2/install/turtlesim/include/turtlesim/srv/set_pen.h
[0.642s] -- Up-to-date: /ros2_test/AD_Middle_Test/ros2/install/turtlesim/include/turtlesim/srv/kill.h
[0.642s] -- Up-to-date: /ros2_test/AD_Middle_Test/ros2/install/turtlesim/include/turtlesim/srv/teleport_relative.h
[0.643s] -- Up-to-date: /ros2_test/AD_Middle_Test/ros2/install/turtlesim/include/turtlesim/srv/teleport_absolute.h
[0.643s] -- Up-to-date: /ros2_test/AD_Middle_Test/ros2/install/turtlesim/include/turtlesim/action
[0.643s] -- Up-to-date: /ros2_test/AD_Middle_Test/ros2/install/turtlesim/include/turtlesim/action/detail
[0.643s] -- Up-to-date: /ros2_test/AD_Middle_Test/ros2/install/turtlesim/include/turtlesim/action/detail/rotate_absolute__functions.h
[0.643s] -- Up-to-date: /ros2_test/AD_Middle_Test/ros2/install/turtlesim/include/turtlesim/action/detail/rotate_absolute__struct.h
[0.643s] -- Up-to-date: /ros2_test/AD_Middle_Test/ros2/install/turtlesim/include/turtlesim/action/detail/rotate_absolute__functions.c
[0.643s] -- Up-to-date: /ros2_test/AD_Middle_Test/ros2/install/turtlesim/include/turtlesim/action/detail/rotate_absolute__type_support.h
[0.644s] -- Up-to-date: /ros2_test/AD_Middle_Test/ros2/install/turtlesim/include/turtlesim/action/rotate_absolute.h
[0.644s] -- Up-to-date: /ros2_test/AD_Middle_Test/ros2/install/turtlesim/lib/libturtlesim__rosidl_generator_c.so
[0.644s] -- Up-to-date: /ros2_test/AD_Middle_Test/ros2/install/turtlesim/include/turtlesim
[0.644s] -- Up-to-date: /ros2_test/AD_Middle_Test/ros2/install/turtlesim/include/turtlesim/msg
[0.644s] -- Up-to-date: /ros2_test/AD_Middle_Test/ros2/install/turtlesim/include/turtlesim/msg/color.hpp
[0.644s] -- Up-to-date: /ros2_test/AD_Middle_Test/ros2/install/turtlesim/include/turtlesim/msg/detail
[0.644s] -- Up-to-date: /ros2_test/AD_Middle_Test/ros2/install/turtlesim/include/turtlesim/msg/detail/pose__traits.hpp
[0.645s] -- Up-to-date: /ros2_test/AD_Middle_Test/ros2/install/turtlesim/include/turtlesim/msg/detail/color__struct.hpp
[0.645s] -- Up-to-date: /ros2_test/AD_Middle_Test/ros2/install/turtlesim/include/turtlesim/msg/detail/pose__struct.hpp
[0.645s] -- Up-to-date: /ros2_test/AD_Middle_Test/ros2/install/turtlesim/include/turtlesim/msg/detail/color__builder.hpp
[0.645s] -- Up-to-date: /ros2_test/AD_Middle_Test/ros2/install/turtlesim/include/turtlesim/msg/detail/color__traits.hpp
[0.645s] -- Up-to-date: /ros2_test/AD_Middle_Test/ros2/install/turtlesim/include/turtlesim/msg/detail/pose__builder.hpp
[0.645s] -- Up-to-date: /ros2_test/AD_Middle_Test/ros2/install/turtlesim/include/turtlesim/msg/pose.hpp
[0.645s] -- Up-to-date: /ros2_test/AD_Middle_Test/ros2/install/turtlesim/include/turtlesim/srv
[0.645s] -- Up-to-date: /ros2_test/AD_Middle_Test/ros2/install/turtlesim/include/turtlesim/srv/teleport_absolute.hpp
[0.646s] -- Up-to-date: /ros2_test/AD_Middle_Test/ros2/install/turtlesim/include/turtlesim/srv/spawn.hpp
[0.646s] -- Up-to-date: /ros2_test/AD_Middle_Test/ros2/install/turtlesim/include/turtlesim/srv/kill.hpp
[0.646s] -- Up-to-date: /ros2_test/AD_Middle_Test/ros2/install/turtlesim/include/turtlesim/srv/teleport_relative.hpp
[0.646s] -- Up-to-date: /ros2_test/AD_Middle_Test/ros2/install/turtlesim/include/turtlesim/srv/detail
[0.646s] -- Up-to-date: /ros2_test/AD_Middle_Test/ros2/install/turtlesim/include/turtlesim/srv/detail/set_pen__traits.hpp
[0.646s] -- Up-to-date: /ros2_test/AD_Middle_Test/ros2/install/turtlesim/include/turtlesim/srv/detail/teleport_absolute__struct.hpp
[0.646s] -- Up-to-date: /ros2_test/AD_Middle_Test/ros2/install/turtlesim/include/turtlesim/srv/detail/spawn__traits.hpp
[0.647s] -- Up-to-date: /ros2_test/AD_Middle_Test/ros2/install/turtlesim/include/turtlesim/srv/detail/kill__builder.hpp
[0.647s] -- Up-to-date: /ros2_test/AD_Middle_Test/ros2/install/turtlesim/include/turtlesim/srv/detail/kill__struct.hpp
[0.647s] -- Up-to-date: /ros2_test/AD_Middle_Test/ros2/install/turtlesim/include/turtlesim/srv/detail/teleport_relative__builder.hpp
[0.647s] -- Up-to-date: /ros2_test/AD_Middle_Test/ros2/install/turtlesim/include/turtlesim/srv/detail/kill__traits.hpp
[0.647s] -- Up-to-date: /ros2_test/AD_Middle_Test/ros2/install/turtlesim/include/turtlesim/srv/detail/spawn__builder.hpp
[0.647s] -- Up-to-date: /ros2_test/AD_Middle_Test/ros2/install/turtlesim/include/turtlesim/srv/detail/teleport_relative__traits.hpp
[0.647s] -- Up-to-date: /ros2_test/AD_Middle_Test/ros2/install/turtlesim/include/turtlesim/srv/detail/spawn__struct.hpp
[0.648s] -- Up-to-date: /ros2_test/AD_Middle_Test/ros2/install/turtlesim/include/turtlesim/srv/detail/teleport_absolute__builder.hpp
[0.648s] -- Up-to-date: /ros2_test/AD_Middle_Test/ros2/install/turtlesim/include/turtlesim/srv/detail/teleport_absolute__traits.hpp
[0.648s] -- Up-to-date: /ros2_test/AD_Middle_Test/ros2/install/turtlesim/include/turtlesim/srv/detail/set_pen__builder.hpp
[0.648s] -- Up-to-date: /ros2_test/AD_Middle_Test/ros2/install/turtlesim/include/turtlesim/srv/detail/set_pen__struct.hpp
[0.648s] -- Up-to-date: /ros2_test/AD_Middle_Test/ros2/install/turtlesim/include/turtlesim/srv/detail/teleport_relative__struct.hpp
[0.648s] -- Up-to-date: /ros2_test/AD_Middle_Test/ros2/install/turtlesim/include/turtlesim/srv/set_pen.hpp
[0.648s] -- Up-to-date: /ros2_test/AD_Middle_Test/ros2/install/turtlesim/include/turtlesim/action
[0.648s] -- Up-to-date: /ros2_test/AD_Middle_Test/ros2/install/turtlesim/include/turtlesim/action/rotate_absolute.hpp
[0.649s] -- Up-to-date: /ros2_test/AD_Middle_Test/ros2/install/turtlesim/include/turtlesim/action/detail
[0.649s] -- Up-to-date: /ros2_test/AD_Middle_Test/ros2/install/turtlesim/include/turtlesim/action/detail/rotate_absolute__builder.hpp
[0.649s] -- Up-to-date: /ros2_test/AD_Middle_Test/ros2/install/turtlesim/include/turtlesim/action/detail/rotate_absolute__traits.hpp
[0.649s] -- Up-to-date: /ros2_test/AD_Middle_Test/ros2/install/turtlesim/include/turtlesim/action/detail/rotate_absolute__struct.hpp
[0.649s] -- Up-to-date: /ros2_test/AD_Middle_Test/ros2/install/turtlesim/share/turtlesim/environment/pythonpath.sh
[0.649s] -- Up-to-date: /ros2_test/AD_Middle_Test/ros2/install/turtlesim/share/turtlesim/environment/pythonpath.dsv
[0.649s] -- Up-to-date: /ros2_test/AD_Middle_Test/ros2/install/turtlesim/lib/python3.8/site-packages/turtlesim/__init__.py
[0.689s] -- Up-to-date: /ros2_test/AD_Middle_Test/ros2/install/turtlesim/lib/python3.8/site-packages/turtlesim/action
[0.689s] -- Up-to-date: /ros2_test/AD_Middle_Test/ros2/install/turtlesim/lib/python3.8/site-packages/turtlesim/action/_rotate_absolute.py
[0.689s] -- Up-to-date: /ros2_test/AD_Middle_Test/ros2/install/turtlesim/lib/python3.8/site-packages/turtlesim/action/__init__.py
[0.689s] -- Up-to-date: /ros2_test/AD_Middle_Test/ros2/install/turtlesim/lib/python3.8/site-packages/turtlesim/action/_rotate_absolute_s.c
[0.690s] -- Up-to-date: /ros2_test/AD_Middle_Test/ros2/install/turtlesim/lib/python3.8/site-packages/turtlesim/msg
[0.690s] -- Up-to-date: /ros2_test/AD_Middle_Test/ros2/install/turtlesim/lib/python3.8/site-packages/turtlesim/msg/_pose.py
[0.690s] -- Up-to-date: /ros2_test/AD_Middle_Test/ros2/install/turtlesim/lib/python3.8/site-packages/turtlesim/msg/_color_s.c
[0.690s] -- Up-to-date: /ros2_test/AD_Middle_Test/ros2/install/turtlesim/lib/python3.8/site-packages/turtlesim/msg/_color.py
[0.690s] -- Up-to-date: /ros2_test/AD_Middle_Test/ros2/install/turtlesim/lib/python3.8/site-packages/turtlesim/msg/_pose_s.c
[0.690s] -- Up-to-date: /ros2_test/AD_Middle_Test/ros2/install/turtlesim/lib/python3.8/site-packages/turtlesim/msg/__init__.py
[0.690s] -- Up-to-date: /ros2_test/AD_Middle_Test/ros2/install/turtlesim/lib/python3.8/site-packages/turtlesim/srv
[0.691s] -- Up-to-date: /ros2_test/AD_Middle_Test/ros2/install/turtlesim/lib/python3.8/site-packages/turtlesim/srv/_spawn_s.c
[0.691s] -- Up-to-date: /ros2_test/AD_Middle_Test/ros2/install/turtlesim/lib/python3.8/site-packages/turtlesim/srv/_kill.py
[0.691s] -- Up-to-date: /ros2_test/AD_Middle_Test/ros2/install/turtlesim/lib/python3.8/site-packages/turtlesim/srv/_set_pen.py
[0.691s] -- Up-to-date: /ros2_test/AD_Middle_Test/ros2/install/turtlesim/lib/python3.8/site-packages/turtlesim/srv/_spawn.py
[0.691s] -- Up-to-date: /ros2_test/AD_Middle_Test/ros2/install/turtlesim/lib/python3.8/site-packages/turtlesim/srv/_teleport_relative.py
[0.691s] -- Up-to-date: /ros2_test/AD_Middle_Test/ros2/install/turtlesim/lib/python3.8/site-packages/turtlesim/srv/__init__.py
[0.692s] -- Up-to-date: /ros2_test/AD_Middle_Test/ros2/install/turtlesim/lib/python3.8/site-packages/turtlesim/srv/_teleport_relative_s.c
[0.692s] -- Up-to-date: /ros2_test/AD_Middle_Test/ros2/install/turtlesim/lib/python3.8/site-packages/turtlesim/srv/_kill_s.c
[0.692s] -- Up-to-date: /ros2_test/AD_Middle_Test/ros2/install/turtlesim/lib/python3.8/site-packages/turtlesim/srv/_teleport_absolute.py
[0.692s] -- Up-to-date: /ros2_test/AD_Middle_Test/ros2/install/turtlesim/lib/python3.8/site-packages/turtlesim/srv/_set_pen_s.c
[0.692s] -- Up-to-date: /ros2_test/AD_Middle_Test/ros2/install/turtlesim/lib/python3.8/site-packages/turtlesim/srv/_teleport_absolute_s.c
[0.692s] -- Up-to-date: /ros2_test/AD_Middle_Test/ros2/install/turtlesim/lib/python3.8/site-packages/turtlesim/turtlesim_s__rosidl_typesupport_fastrtps_c.cpython-38-x86_64-linux-gnu.so
[0.692s] -- Up-to-date: /ros2_test/AD_Middle_Test/ros2/install/turtlesim/lib/python3.8/site-packages/turtlesim/turtlesim_s__rosidl_typesupport_introspection_c.cpython-38-x86_64-linux-gnu.so
[0.693s] -- Up-to-date: /ros2_test/AD_Middle_Test/ros2/install/turtlesim/lib/python3.8/site-packages/turtlesim/turtlesim_s__rosidl_typesupport_c.cpython-38-x86_64-linux-gnu.so
[0.693s] -- Up-to-date: /ros2_test/AD_Middle_Test/ros2/install/turtlesim/lib/libturtlesim__python.so
[0.694s] -- Up-to-date: /ros2_test/AD_Middle_Test/ros2/install/turtlesim/share/turtlesim/action/RotateAbsolute.idl
[0.694s] -- Up-to-date: /ros2_test/AD_Middle_Test/ros2/install/turtlesim/share/turtlesim/msg/Color.idl
[0.694s] -- Up-to-date: /ros2_test/AD_Middle_Test/ros2/install/turtlesim/share/turtlesim/msg/Pose.idl
[0.694s] -- Up-to-date: /ros2_test/AD_Middle_Test/ros2/install/turtlesim/share/turtlesim/srv/Kill.idl
[0.694s] -- Up-to-date: /ros2_test/AD_Middle_Test/ros2/install/turtlesim/share/turtlesim/srv/SetPen.idl
[0.694s] -- Up-to-date: /ros2_test/AD_Middle_Test/ros2/install/turtlesim/share/turtlesim/srv/Spawn.idl
[0.695s] -- Up-to-date: /ros2_test/AD_Middle_Test/ros2/install/turtlesim/share/turtlesim/srv/TeleportAbsolute.idl
[0.695s] -- Up-to-date: /ros2_test/AD_Middle_Test/ros2/install/turtlesim/share/turtlesim/srv/TeleportRelative.idl
[0.695s] -- Up-to-date: /ros2_test/AD_Middle_Test/ros2/install/turtlesim/share/turtlesim/action/RotateAbsolute.action
[0.695s] -- Up-to-date: /ros2_test/AD_Middle_Test/ros2/install/turtlesim/share/turtlesim/msg/Color.msg
[0.695s] -- Up-to-date: /ros2_test/AD_Middle_Test/ros2/install/turtlesim/share/turtlesim/msg/Pose.msg
[0.696s] -- Up-to-date: /ros2_test/AD_Middle_Test/ros2/install/turtlesim/share/turtlesim/srv/Kill.srv
[0.696s] -- Up-to-date: /ros2_test/AD_Middle_Test/ros2/install/turtlesim/share/turtlesim/srv/Kill_Request.msg
[0.696s] -- Up-to-date: /ros2_test/AD_Middle_Test/ros2/install/turtlesim/share/turtlesim/srv/Kill_Response.msg
[0.696s] -- Up-to-date: /ros2_test/AD_Middle_Test/ros2/install/turtlesim/share/turtlesim/srv/SetPen.srv
[0.696s] -- Up-to-date: /ros2_test/AD_Middle_Test/ros2/install/turtlesim/share/turtlesim/srv/SetPen_Request.msg
[0.696s] -- Up-to-date: /ros2_test/AD_Middle_Test/ros2/install/turtlesim/share/turtlesim/srv/SetPen_Response.msg
[0.696s] -- Up-to-date: /ros2_test/AD_Middle_Test/ros2/install/turtlesim/share/turtlesim/srv/Spawn.srv
[0.697s] -- Up-to-date: /ros2_test/AD_Middle_Test/ros2/install/turtlesim/share/turtlesim/srv/Spawn_Request.msg
[0.697s] -- Up-to-date: /ros2_test/AD_Middle_Test/ros2/install/turtlesim/share/turtlesim/srv/Spawn_Response.msg
[0.697s] -- Up-to-date: /ros2_test/AD_Middle_Test/ros2/install/turtlesim/share/turtlesim/srv/TeleportAbsolute.srv
[0.697s] -- Up-to-date: /ros2_test/AD_Middle_Test/ros2/install/turtlesim/share/turtlesim/srv/TeleportAbsolute_Request.msg
[0.697s] -- Up-to-date: /ros2_test/AD_Middle_Test/ros2/install/turtlesim/share/turtlesim/srv/TeleportAbsolute_Response.msg
[0.697s] -- Up-to-date: /ros2_test/AD_Middle_Test/ros2/install/turtlesim/share/turtlesim/srv/TeleportRelative.srv
[0.698s] -- Up-to-date: /ros2_test/AD_Middle_Test/ros2/install/turtlesim/share/turtlesim/srv/TeleportRelative_Request.msg
[0.698s] -- Up-to-date: /ros2_test/AD_Middle_Test/ros2/install/turtlesim/share/turtlesim/srv/TeleportRelative_Response.msg
[0.698s] -- Up-to-date: /ros2_test/AD_Middle_Test/ros2/install/turtlesim/lib/turtlesim/turtlesim_node
[0.698s] -- Up-to-date: /ros2_test/AD_Middle_Test/ros2/install/turtlesim/lib/turtlesim/turtle_teleop_key
[0.698s] -- Up-to-date: /ros2_test/AD_Middle_Test/ros2/install/turtlesim/lib/turtlesim/draw_square
[0.698s] -- Up-to-date: /ros2_test/AD_Middle_Test/ros2/install/turtlesim/lib/turtlesim/mimic
[0.699s] -- Up-to-date: /ros2_test/AD_Middle_Test/ros2/install/turtlesim/share/turtlesim/images
[0.699s] -- Up-to-date: /ros2_test/AD_Middle_Test/ros2/install/turtlesim/share/turtlesim/images/ardent.png
[0.699s] -- Up-to-date: /ros2_test/AD_Middle_Test/ros2/install/turtlesim/share/turtlesim/images/bouncy.png
[0.699s] -- Up-to-date: /ros2_test/AD_Middle_Test/ros2/install/turtlesim/share/turtlesim/images/eloquent.png
[0.699s] -- Up-to-date: /ros2_test/AD_Middle_Test/ros2/install/turtlesim/share/turtlesim/images/dashing.png
[0.700s] -- Up-to-date: /ros2_test/AD_Middle_Test/ros2/install/turtlesim/share/turtlesim/images/crystal.png
[0.700s] -- Up-to-date: /ros2_test/AD_Middle_Test/ros2/install/turtlesim/share/turtlesim/launch
[0.700s] -- Up-to-date: /ros2_test/AD_Middle_Test/ros2/install/turtlesim/share/turtlesim/launch/multisim.launch.py
[0.700s] -- Up-to-date: /ros2_test/AD_Middle_Test/ros2/install/turtlesim/share/ament_index/resource_index/package_run_dependencies/turtlesim
[0.700s] -- Up-to-date: /ros2_test/AD_Middle_Test/ros2/install/turtlesim/share/ament_index/resource_index/parent_prefix_path/turtlesim
[0.701s] -- Up-to-date: /ros2_test/AD_Middle_Test/ros2/install/turtlesim/share/turtlesim/environment/ament_prefix_path.sh
[0.701s] -- Up-to-date: /ros2_test/AD_Middle_Test/ros2/install/turtlesim/share/turtlesim/environment/ament_prefix_path.dsv
[0.701s] -- Up-to-date: /ros2_test/AD_Middle_Test/ros2/install/turtlesim/share/turtlesim/environment/path.sh
[0.701s] -- Up-to-date: /ros2_test/AD_Middle_Test/ros2/install/turtlesim/share/turtlesim/environment/path.dsv
[0.701s] -- Up-to-date: /ros2_test/AD_Middle_Test/ros2/install/turtlesim/share/turtlesim/local_setup.bash
[0.701s] -- Up-to-date: /ros2_test/AD_Middle_Test/ros2/install/turtlesim/share/turtlesim/local_setup.sh
[0.701s] -- Up-to-date: /ros2_test/AD_Middle_Test/ros2/install/turtlesim/share/turtlesim/local_setup.zsh
[0.702s] -- Up-to-date: /ros2_test/AD_Middle_Test/ros2/install/turtlesim/share/turtlesim/local_setup.dsv
[0.702s] -- Installing: /ros2_test/AD_Middle_Test/ros2/install/turtlesim/share/turtlesim/package.dsv
[0.702s] -- Up-to-date: /ros2_test/AD_Middle_Test/ros2/install/turtlesim/share/ament_index/resource_index/packages/turtlesim
[0.702s] -- Up-to-date: /ros2_test/AD_Middle_Test/ros2/install/turtlesim/share/turtlesim/cmake/rosidl_cmake-extras.cmake
[0.702s] -- Up-to-date: /ros2_test/AD_Middle_Test/ros2/install/turtlesim/share/turtlesim/cmake/ament_cmake_export_dependencies-extras.cmake
[0.702s] -- Up-to-date: /ros2_test/AD_Middle_Test/ros2/install/turtlesim/share/turtlesim/cmake/ament_cmake_export_libraries-extras.cmake
[0.703s] -- Up-to-date: /ros2_test/AD_Middle_Test/ros2/install/turtlesim/share/turtlesim/cmake/rosidl_cmake_export_typesupport_libraries-extras.cmake
[0.703s] -- Up-to-date: /ros2_test/AD_Middle_Test/ros2/install/turtlesim/share/turtlesim/cmake/ament_cmake_export_include_directories-extras.cmake
[0.703s] -- Up-to-date: /ros2_test/AD_Middle_Test/ros2/install/turtlesim/share/turtlesim/cmake/turtlesimConfig.cmake
[0.703s] -- Up-to-date: /ros2_test/AD_Middle_Test/ros2/install/turtlesim/share/turtlesim/cmake/turtlesimConfig-version.cmake
[0.703s] -- Up-to-date: /ros2_test/AD_Middle_Test/ros2/install/turtlesim/share/turtlesim/package.xml
[0.705s] Invoked command in '/ros2_test/AD_Middle_Test/ros2/build/turtlesim' returned '0': /usr/bin/cmake --install /ros2_test/AD_Middle_Test/ros2/build/turtlesim
