[0.104s] [35m[1mScanning dependencies of target cameraTimer[0m
[0.134s] [ 50%] Built target yoloDetect
[0.172s] [ 75%] [32mBuilding CXX object CMakeFiles/cameraTimer.dir/src/CameraTimer.cpp.o[0m
[2.449s] [01m[K/ros2_test/AD_Middle_Test/ros2/src/detect_s/src/CameraTimer.cpp:[m[K In member function ‘[01m[Kvoid CameraTimer::timer_callback()[m[K’:
[2.449s] [01m[K/ros2_test/AD_Middle_Test/ros2/src/detect_s/src/CameraTimer.cpp:47:12:[m[K [01;31m[Kerror: [m[K‘[01m[Kclass std::shared_ptr<test_interfaces::msg::TestImage_<std::allocator<void> > >[m[K’ has no member named ‘[01m[Kheader[m[K’
[2.449s]    47 |    message.[01;31m[Kheader[m[K.stamp = this->now();
[2.450s]       |            [01;31m[K^~~~~~[m[K
[2.450s] In file included from [01m[K/opt/ros/foxy/include/rclcpp/client.hpp:40[m[K,
[2.450s]                  from [01m[K/opt/ros/foxy/include/rclcpp/callback_group.hpp:23[m[K,
[2.450s]                  from [01m[K/opt/ros/foxy/include/rclcpp/any_executable.hpp:20[m[K,
[2.450s]                  from [01m[K/opt/ros/foxy/include/rclcpp/memory_strategy.hpp:24[m[K,
[2.451s]                  from [01m[K/opt/ros/foxy/include/rclcpp/memory_strategies.hpp:18[m[K,
[2.451s]                  from [01m[K/opt/ros/foxy/include/rclcpp/executor.hpp:33[m[K,
[2.451s]                  from [01m[K/opt/ros/foxy/include/rclcpp/executors/multi_threaded_executor.hpp:25[m[K,
[2.451s]                  from [01m[K/opt/ros/foxy/include/rclcpp/executors.hpp:21[m[K,
[2.452s]                  from [01m[K/opt/ros/foxy/include/rclcpp/rclcpp.hpp:145[m[K,
[2.452s]                  from [01m[K/ros2_test/AD_Middle_Test/ros2/src/detect_s/src/CameraTimer.cpp:4[m[K:
[2.452s] [01m[K/ros2_test/AD_Middle_Test/ros2/src/detect_s/src/CameraTimer.cpp:48:65:[m[K [01;31m[Kerror: [m[K‘[01m[Kclass std::shared_ptr<test_interfaces::msg::TestImage_<std::allocator<void> > >[m[K’ has no member named ‘[01m[Kheader[m[K’
[2.452s]    48 |    RCLCPP_INFO(this->get_logger(), "Publishing: '%lu'", message.[01;31m[Kheader[m[K.stamp);    // CHANGE
[2.452s]       |                                                                 [01;31m[K^~~~~~[m[K
[2.452s] [01m[K/opt/ros/foxy/include/rcutils/logging_macros.h:72:64:[m[K [01;36m[Knote: [m[Kin definition of macro ‘[01m[KRCUTILS_LOG_COND_NAMED[m[K’
[2.452s]    72 |       rcutils_log(&__rcutils_logging_location, severity, name, [01;36m[K__VA_ARGS__[m[K); \
[2.452s]       |                                                                [01;36m[K^~~~~~~~~~~[m[K
[2.453s] [01m[K/opt/ros/foxy/include/rclcpp/logging.hpp:542:5:[m[K [01;36m[Knote: [m[Kin expansion of macro ‘[01m[KRCUTILS_LOG_INFO_NAMED[m[K’
[2.453s]   542 |     [01;36m[KRCUTILS_LOG_INFO_NAMED[m[K( \
[2.453s]       |     [01;36m[K^~~~~~~~~~~~~~~~~~~~~~[m[K
[2.453s] [01m[K/opt/ros/foxy/include/rclcpp/logging.hpp:545:9:[m[K [01;36m[Knote: [m[Kin expansion of macro ‘[01m[KRCLCPP_ALL_BUT_FIRST_ARGS[m[K’
[2.453s]   545 |         [01;36m[KRCLCPP_ALL_BUT_FIRST_ARGS[m[K(__VA_ARGS__,"")); \
[2.453s]       |         [01;36m[K^~~~~~~~~~~~~~~~~~~~~~~~~[m[K
[2.453s] [01m[K/ros2_test/AD_Middle_Test/ros2/src/detect_s/src/CameraTimer.cpp:48:4:[m[K [01;36m[Knote: [m[Kin expansion of macro ‘[01m[KRCLCPP_INFO[m[K’
[2.454s]    48 |    [01;36m[KRCLCPP_INFO[m[K(this->get_logger(), "Publishing: '%lu'", message.header.stamp);    // CHANGE
[2.454s]       |    [01;36m[K^~~~~~~~~~~[m[K
[2.454s] [01m[K/ros2_test/AD_Middle_Test/ros2/src/detect_s/src/CameraTimer.cpp:49:31:[m[K [01;31m[Kerror: [m[Kno matching function for call to ‘[01m[Krclcpp::Publisher<test_interfaces::msg::TestImage_<std::allocator<void> > >::publish(std::shared_ptr<test_interfaces::msg::TestImage_<std::allocator<void> > >&)[m[K’
[2.454s]    49 |    publisher_->publish(message[01;31m[K)[m[K;
[2.454s]       |                               [01;31m[K^[m[K
[2.454s] In file included from [01m[K/opt/ros/foxy/include/rclcpp/node_interfaces/node_topics_interface.hpp:28[m[K,
[2.454s]                  from [01m[K/opt/ros/foxy/include/rclcpp/node.hpp:53[m[K,
[2.455s]                  from [01m[K/opt/ros/foxy/include/rclcpp/executors/single_threaded_executor.hpp:28[m[K,
[2.455s]                  from [01m[K/opt/ros/foxy/include/rclcpp/executors.hpp:22[m[K,
[2.455s]                  from [01m[K/opt/ros/foxy/include/rclcpp/rclcpp.hpp:145[m[K,
[2.455s]                  from [01m[K/ros2_test/AD_Middle_Test/ros2/src/detect_s/src/CameraTimer.cpp:4[m[K:
[2.455s] [01m[K/opt/ros/foxy/include/rclcpp/publisher.hpp:174:3:[m[K [01;36m[Knote: [m[Kcandidate: ‘[01m[Kvoid rclcpp::Publisher<MessageT, AllocatorT>::publish(std::unique_ptr<MessageT, typename std::conditional<std::is_same<typename std::allocator_traits<typename std::allocator_traits<_Alloc>::rebind_traits<MessageT>::allocator_type>::rebind_alloc<MessageT>, typename std::allocator<void>::rebind<_Tp1>::other>::value, std::default_delete<_Tp>, rclcpp::allocator::AllocatorDeleter<typename std::allocator_traits<_Alloc>::rebind_traits<MessageT>::allocator_type> >::type>) [with MessageT = test_interfaces::msg::TestImage_<std::allocator<void> >; AllocatorT = std::allocator<void>; typename std::conditional<std::is_same<typename std::allocator_traits<typename std::allocator_traits<_Alloc>::rebind_traits<MessageT>::allocator_type>::rebind_alloc<MessageT>, typename std::allocator<void>::rebind<_Tp1>::other>::value, std::default_delete<_Tp>, rclcpp::allocator::AllocatorDeleter<typename std::allocator_traits<_Alloc>::rebind_traits<MessageT>::allocator_type> >::type = std::default_delete<test_interfaces::msg::TestImage_<std::allocator<void> > >][m[K’
[2.455s]   174 |   [01;36m[Kpublish[m[K(std::unique_ptr<MessageT, MessageDeleter> msg)
[2.455s]       |   [01;36m[K^~~~~~~[m[K
[2.456s] [01m[K/opt/ros/foxy/include/rclcpp/publisher.hpp:174:53:[m[K [01;36m[Knote: [m[K  no known conversion for argument 1 from ‘[01m[Kstd::shared_ptr<test_interfaces::msg::TestImage_<std::allocator<void> > >[m[K’ to ‘[01m[Kstd::unique_ptr<test_interfaces::msg::TestImage_<std::allocator<void> >, std::default_delete<test_interfaces::msg::TestImage_<std::allocator<void> > > >[m[K’
[2.456s]   174 |   publish([01;36m[Kstd::unique_ptr<MessageT, MessageDeleter> msg[m[K)
[2.456s]       |           [01;36m[K~~~~~~~~~~~~~~~~~~~~~~~~~~~~~~~~~~~~~~~~~~^~~[m[K
[2.456s] [01m[K/opt/ros/foxy/include/rclcpp/publisher.hpp:198:3:[m[K [01;36m[Knote: [m[Kcandidate: ‘[01m[Kvoid rclcpp::Publisher<MessageT, AllocatorT>::publish(const MessageT&) [with MessageT = test_interfaces::msg::TestImage_<std::allocator<void> >; AllocatorT = std::allocator<void>][m[K’
[2.456s]   198 |   [01;36m[Kpublish[m[K(const MessageT & msg)
[2.456s]       |   [01;36m[K^~~~~~~[m[K
[2.456s] [01m[K/opt/ros/foxy/include/rclcpp/publisher.hpp:198:28:[m[K [01;36m[Knote: [m[K  no known conversion for argument 1 from ‘[01m[Kstd::shared_ptr<test_interfaces::msg::TestImage_<std::allocator<void> > >[m[K’ to ‘[01m[Kconst test_interfaces::msg::TestImage_<std::allocator<void> >&[m[K’
[2.457s]   198 |   publish([01;36m[Kconst MessageT & msg[m[K)
[2.457s]       |           [01;36m[K~~~~~~~~~~~~~~~~~^~~[m[K
[2.457s] [01m[K/opt/ros/foxy/include/rclcpp/publisher.hpp:215:3:[m[K [01;36m[Knote: [m[Kcandidate: ‘[01m[Kvoid rclcpp::Publisher<MessageT, AllocatorT>::publish(const rcl_serialized_message_t&) [with MessageT = test_interfaces::msg::TestImage_<std::allocator<void> >; AllocatorT = std::allocator<void>; rcl_serialized_message_t = rcutils_uint8_array_t][m[K’
[2.457s]   215 |   [01;36m[Kpublish[m[K(const rcl_serialized_message_t & serialized_msg)
[2.457s]       |   [01;36m[K^~~~~~~[m[K
[2.457s] [01m[K/opt/ros/foxy/include/rclcpp/publisher.hpp:215:44:[m[K [01;36m[Knote: [m[K  no known conversion for argument 1 from ‘[01m[Kstd::shared_ptr<test_interfaces::msg::TestImage_<std::allocator<void> > >[m[K’ to ‘[01m[Kconst rcl_serialized_message_t&[m[K’ {aka ‘[01m[Kconst rcutils_uint8_array_t&[m[K’}
[2.457s]   215 |   publish([01;36m[Kconst rcl_serialized_message_t & serialized_msg[m[K)
[2.458s]       |           [01;36m[K~~~~~~~~~~~~~~~~~~~~~~~~~~~~~~~~~^~~~~~~~~~~~~~[m[K
[2.458s] [01m[K/opt/ros/foxy/include/rclcpp/publisher.hpp:229:3:[m[K [01;36m[Knote: [m[Kcandidate: ‘[01m[Kvoid rclcpp::Publisher<MessageT, AllocatorT>::publish(rclcpp::LoanedMessage<MessageT, AllocatorT>&&) [with MessageT = test_interfaces::msg::TestImage_<std::allocator<void> >; AllocatorT = std::allocator<void>][m[K’
[2.458s]   229 |   [01;36m[Kpublish[m[K(rclcpp::LoanedMessage<MessageT, AllocatorT> && loaned_msg)
[2.458s]       |   [01;36m[K^~~~~~~[m[K
[2.458s] [01m[K/opt/ros/foxy/include/rclcpp/publisher.hpp:229:58:[m[K [01;36m[Knote: [m[K  no known conversion for argument 1 from ‘[01m[Kstd::shared_ptr<test_interfaces::msg::TestImage_<std::allocator<void> > >[m[K’ to ‘[01m[Krclcpp::LoanedMessage<test_interfaces::msg::TestImage_<std::allocator<void> >, std::allocator<void> >&&[m[K’
[2.458s]   229 |   publish([01;36m[Krclcpp::LoanedMessage<MessageT, AllocatorT> && loaned_msg[m[K)
[2.458s]       |           [01;36m[K~~~~~~~~~~~~~~~~~~~~~~~~~~~~~~~~~~~~~~~~~~~~~~~^~~~~~~~~~[m[K
[4.221s] make[2]: *** [CMakeFiles/cameraTimer.dir/build.make:63: CMakeFiles/cameraTimer.dir/src/CameraTimer.cpp.o] Error 1
[4.221s] make[1]: *** [CMakeFiles/Makefile2:107: CMakeFiles/cameraTimer.dir/all] Error 2
[4.222s] make: *** [Makefile:141: all] Error 2
