[0.063s] -- Found ament_cmake: 0.8.1 (/opt/ros/foxy/share/ament_cmake/cmake)
[0.099s] -- Using PYTHON_EXECUTABLE: /usr/bin/python3
[0.418s] -- Found rclcpp: 0.8.3 (/opt/ros/foxy/share/rclcpp/cmake)
[0.484s] -- Found rosidl_adapter: 0.8.2 (/opt/ros/foxy/share/rosidl_adapter/cmake)
[0.514s] -- Found rmw_implementation_cmake: 0.8.1 (/opt/ros/foxy/share/rmw_implementation_cmake/cmake)
[0.518s] -- Using RMW implementation 'rmw_fastrtps_cpp' as default
[0.633s] -- Found std_msgs: 0.8.1 (/opt/ros/foxy/share/std_msgs/cmake)
[0.641s] -- Found sensor_msgs: 0.8.1 (/opt/ros/foxy/share/sensor_msgs/cmake)
[0.664s] -- Found test_interfaces: 0.0.0 (/ros2_test/AD_Middle_Test/ros2/install/test_interfaces/share/test_interfaces/cmake)
[0.674s] -- Found message_filters: 3.2.3 (/opt/ros/foxy/share/message_filters/cmake)
[0.700s] -- Found OpenCV: /usr/local (found version "3.4.10") 
[0.871s] -- Found ament_lint_auto: 0.9.1 (/opt/ros/foxy/share/ament_lint_auto/cmake)
[1.000s] -- Added test 'copyright' to check for copyright in CMake / C / C++ / Python code
[1.003s] -- Added test 'cppcheck' to perform static code analysis on C / C++ code
[1.004s] -- Configured cppcheck include dirs: /ros2_test/AD_Middle_Test/ros2/src/detect_s/include
[1.006s] -- Added test 'cpplint' to check C / C++ code against the Google style
[1.007s] -- Added test 'lint_cmake' to check CMake code style
[1.010s] -- Added test 'uncrustify' to check C / C++ code style
[1.011s] -- Added test 'xmllint' to check XML markup files
[1.016s] -- Configuring done
[1.099s] -- Generating done
[1.101s] -- Build files have been written to: /ros2_test/AD_Middle_Test/ros2/build/detect_s
[1.168s] [35m[1mScanning dependencies of target line[0m
[1.169s] [35m[1mScanning dependencies of target yoloDetect[0m
[1.169s] [35m[1mScanning dependencies of target cameraTimer[0m
[1.232s] [ 16%] [32mBuilding CXX object CMakeFiles/line.dir/src/Line.cpp.o[0m
[1.235s] [ 33%] [32mBuilding CXX object CMakeFiles/cameraTimer.dir/src/CameraTimer.cpp.o[0m
[1.236s] [ 50%] [32mBuilding CXX object CMakeFiles/yoloDetect.dir/src/YoloDetect.cpp.o[0m
[8.015s] [ 66%] [32m[1mLinking CXX executable cameraTimer[0m
[8.492s] [ 66%] Built target cameraTimer
[13.142s] [ 83%] [32m[1mLinking CXX executable yoloDetect[0m
[13.471s] [100%] [32m[1mLinking CXX executable line[0m
[13.798s] [100%] Built target yoloDetect
[13.877s] [100%] Built target line
[13.950s] -- Install configuration: ""
[13.950s] -- Installing: /ros2_test/AD_Middle_Test/ros2/install/detect_s/lib/detect_s/cameraTimer
[13.952s] -- Set runtime path of "/ros2_test/AD_Middle_Test/ros2/install/detect_s/lib/detect_s/cameraTimer" to ""
[13.952s] -- Installing: /ros2_test/AD_Middle_Test/ros2/install/detect_s/lib/detect_s/yoloDetect
[13.955s] -- Set runtime path of "/ros2_test/AD_Middle_Test/ros2/install/detect_s/lib/detect_s/yoloDetect" to ""
[13.955s] -- Installing: /ros2_test/AD_Middle_Test/ros2/install/detect_s/share/ament_index/resource_index/package_run_dependencies/detect_s
[13.955s] -- Installing: /ros2_test/AD_Middle_Test/ros2/install/detect_s/share/ament_index/resource_index/parent_prefix_path/detect_s
[13.955s] -- Installing: /ros2_test/AD_Middle_Test/ros2/install/detect_s/share/detect_s/environment/ament_prefix_path.sh
[13.956s] -- Installing: /ros2_test/AD_Middle_Test/ros2/install/detect_s/share/detect_s/environment/ament_prefix_path.dsv
[13.956s] -- Installing: /ros2_test/AD_Middle_Test/ros2/install/detect_s/share/detect_s/environment/path.sh
[13.956s] -- Installing: /ros2_test/AD_Middle_Test/ros2/install/detect_s/share/detect_s/environment/path.dsv
[13.956s] -- Installing: /ros2_test/AD_Middle_Test/ros2/install/detect_s/share/detect_s/local_setup.bash
[13.956s] -- Installing: /ros2_test/AD_Middle_Test/ros2/install/detect_s/share/detect_s/local_setup.sh
[13.957s] -- Installing: /ros2_test/AD_Middle_Test/ros2/install/detect_s/share/detect_s/local_setup.zsh
[13.957s] -- Installing: /ros2_test/AD_Middle_Test/ros2/install/detect_s/share/detect_s/local_setup.dsv
[13.957s] -- Installing: /ros2_test/AD_Middle_Test/ros2/install/detect_s/share/detect_s/package.dsv
[13.957s] -- Installing: /ros2_test/AD_Middle_Test/ros2/install/detect_s/share/ament_index/resource_index/packages/detect_s
[13.957s] -- Installing: /ros2_test/AD_Middle_Test/ros2/install/detect_s/share/detect_s/cmake/detect_sConfig.cmake
[13.958s] -- Installing: /ros2_test/AD_Middle_Test/ros2/install/detect_s/share/detect_s/cmake/detect_sConfig-version.cmake
[13.958s] -- Installing: /ros2_test/AD_Middle_Test/ros2/install/detect_s/share/detect_s/package.xml
