[0.083s] [35m[1mScanning dependencies of target intra_pipe[0m
[0.106s] [ 33%] Built target listener
[0.107s] [ 66%] Built target talker
[0.138s] [ 83%] [32mBuilding CXX object CMakeFiles/intra_pipe.dir/src/intra_pipe.cpp.o[0m
[10.307s] [100%] [32m[1mLinking CXX executable intra_pipe[0m
[10.674s] [100%] Built target intra_pipe
[10.741s] -- Install configuration: ""
[10.741s] -- Up-to-date: /ros2_test/AD_Middle_Test/ros2/install/simple_s/lib/simple_s/talker
[10.742s] -- Up-to-date: /ros2_test/AD_Middle_Test/ros2/install/simple_s/lib/simple_s/listener
[10.742s] -- Installing: /ros2_test/AD_Middle_Test/ros2/install/simple_s/lib/simple_s/intra_pipe
[10.746s] -- Set runtime path of "/ros2_test/AD_Middle_Test/ros2/install/simple_s/lib/simple_s/intra_pipe" to ""
[10.746s] -- Up-to-date: /ros2_test/AD_Middle_Test/ros2/install/simple_s/share/ament_index/resource_index/package_run_dependencies/simple_s
[10.746s] -- Up-to-date: /ros2_test/AD_Middle_Test/ros2/install/simple_s/share/ament_index/resource_index/parent_prefix_path/simple_s
[10.747s] -- Up-to-date: /ros2_test/AD_Middle_Test/ros2/install/simple_s/share/simple_s/environment/ament_prefix_path.sh
[10.747s] -- Up-to-date: /ros2_test/AD_Middle_Test/ros2/install/simple_s/share/simple_s/environment/ament_prefix_path.dsv
[10.747s] -- Up-to-date: /ros2_test/AD_Middle_Test/ros2/install/simple_s/share/simple_s/environment/path.sh
[10.747s] -- Up-to-date: /ros2_test/AD_Middle_Test/ros2/install/simple_s/share/simple_s/environment/path.dsv
[10.747s] -- Up-to-date: /ros2_test/AD_Middle_Test/ros2/install/simple_s/share/simple_s/local_setup.bash
[10.748s] -- Up-to-date: /ros2_test/AD_Middle_Test/ros2/install/simple_s/share/simple_s/local_setup.sh
[10.748s] -- Up-to-date: /ros2_test/AD_Middle_Test/ros2/install/simple_s/share/simple_s/local_setup.zsh
[10.748s] -- Up-to-date: /ros2_test/AD_Middle_Test/ros2/install/simple_s/share/simple_s/local_setup.dsv
[10.748s] -- Installing: /ros2_test/AD_Middle_Test/ros2/install/simple_s/share/simple_s/package.dsv
[10.748s] -- Up-to-date: /ros2_test/AD_Middle_Test/ros2/install/simple_s/share/ament_index/resource_index/packages/simple_s
[10.748s] -- Up-to-date: /ros2_test/AD_Middle_Test/ros2/install/simple_s/share/simple_s/cmake/simple_sConfig.cmake
[10.748s] -- Up-to-date: /ros2_test/AD_Middle_Test/ros2/install/simple_s/share/simple_s/cmake/simple_sConfig-version.cmake
[10.749s] -- Up-to-date: /ros2_test/AD_Middle_Test/ros2/install/simple_s/share/simple_s/package.xml
