[0.081s] [35m[1mScanning dependencies of target intra_pipe[0m
[0.082s] [35m[1mScanning dependencies of target listener[0m
[0.114s] [ 33%] Built target talker
[0.123s] [ 50%] [32mBuilding CXX object CMakeFiles/listener.dir/src/listener.cpp.o[0m
[0.125s] [ 66%] [32mBuilding CXX object CMakeFiles/intra_pipe.dir/src/intra_pipe.cpp.o[0m
[2.217s] [01m[K/ros2_test/AD_Middle_Test/ros2/src/simple_s/src/intra_pipe.cpp:[m[K In constructor ‘[01m[KConsumer::Consumer(const string&, const string&, const int&)[m[K’:
[2.217s] [01m[K/ros2_test/AD_Middle_Test/ros2/src/simple_s/src/intra_pipe.cpp:106:43:[m[K [01;31m[Kerror: [m[Kno matching function for call to ‘[01m[Kmessage_filters::Subscriber<test_interfaces::msg::Test_<std::allocator<void> > >::subscribe(Consumer*, std::__cxx11::basic_string<char>, int)[m[K’
[2.217s]   106 |    sub1.subscribe(this,channel_name+'0',10[01;31m[K)[m[K;
[2.217s]       |                                           [01;31m[K^[m[K
[2.217s] In file included from [01m[K/ros2_test/AD_Middle_Test/ros2/src/simple_s/src/intra_pipe.cpp:9[m[K:
[2.217s] [01m[K/opt/ros/foxy/include/message_filters/subscriber.h:145:8:[m[K [01;36m[Knote: [m[Kcandidate: ‘[01m[Kvoid message_filters::Subscriber<M>::subscribe(rclcpp::Node::SharedPtr, const string&, rmw_qos_profile_t) [with M = test_interfaces::msg::Test_<std::allocator<void> >; rclcpp::Node::SharedPtr = std::shared_ptr<rclcpp::Node>; std::string = std::__cxx11::basic_string<char>; rmw_qos_profile_t = rmw_qos_profile_t][m[K’
[2.218s]   145 |   void [01;36m[Ksubscribe[m[K(rclcpp::Node::SharedPtr node, const std::string& topic, const rmw_qos_profile_t qos = rmw_qos_profile_default)
[2.218s]       |        [01;36m[K^~~~~~~~~[m[K
[2.218s] [01m[K/opt/ros/foxy/include/message_filters/subscriber.h:145:42:[m[K [01;36m[Knote: [m[K  no known conversion for argument 1 from ‘[01m[KConsumer*[m[K’ to ‘[01m[Krclcpp::Node::SharedPtr[m[K’ {aka ‘[01m[Kstd::shared_ptr<rclcpp::Node>[m[K’}
[2.218s]   145 |   void subscribe([01;36m[Krclcpp::Node::SharedPtr node[m[K, const std::string& topic, const rmw_qos_profile_t qos = rmw_qos_profile_default)
[2.218s]       |                  [01;36m[K~~~~~~~~~~~~~~~~~~~~~~~~^~~~[m[K
[2.218s] [01m[K/opt/ros/foxy/include/message_filters/subscriber.h:162:8:[m[K [01;36m[Knote: [m[Kcandidate: ‘[01m[Kvoid message_filters::Subscriber<M>::subscribe(rclcpp::Node*, const string&, rmw_qos_profile_t) [with M = test_interfaces::msg::Test_<std::allocator<void> >; std::string = std::__cxx11::basic_string<char>; rmw_qos_profile_t = rmw_qos_profile_t][m[K’
[2.218s]   162 |   void [01;36m[Ksubscribe[m[K(rclcpp::Node * node, const std::string& topic, const rmw_qos_profile_t qos = rmw_qos_profile_default)
[2.219s]       |        [01;36m[K^~~~~~~~~[m[K
[2.219s] [01m[K/opt/ros/foxy/include/message_filters/subscriber.h:162:89:[m[K [01;36m[Knote: [m[K  no known conversion for argument 3 from ‘[01m[Kint[m[K’ to ‘[01m[Krmw_qos_profile_t[m[K’
[2.219s]   162 |   void subscribe(rclcpp::Node * node, const std::string& topic, [01;36m[Kconst rmw_qos_profile_t qos = rmw_qos_profile_default[m[K)
[2.219s]       |                                                                 [01;36m[K~~~~~~~~~~~~~~~~~~~~~~~~^~~~~~~~~~~~~~~~~~~~~~~~~~~~~[m[K
[2.219s] [01m[K/opt/ros/foxy/include/message_filters/subscriber.h:184:8:[m[K [01;36m[Knote: [m[Kcandidate: ‘[01m[Kvoid message_filters::Subscriber<M>::subscribe() [with M = test_interfaces::msg::Test_<std::allocator<void> >][m[K’
[2.219s]   184 |   void [01;36m[Ksubscribe[m[K()
[2.219s]       |        [01;36m[K^~~~~~~~~[m[K
[2.220s] [01m[K/opt/ros/foxy/include/message_filters/subscriber.h:184:8:[m[K [01;36m[Knote: [m[K  candidate expects 0 arguments, 3 provided
[2.220s] [01m[K/ros2_test/AD_Middle_Test/ros2/src/simple_s/src/intra_pipe.cpp:107:43:[m[K [01;31m[Kerror: [m[Kno matching function for call to ‘[01m[Kmessage_filters::Subscriber<test_interfaces::msg::Test_<std::allocator<void> > >::subscribe(Consumer*, std::__cxx11::basic_string<char>, int)[m[K’
[2.220s]   107 |    sub2.subscribe(this,channel_name+'1',10[01;31m[K)[m[K;
[2.220s]       |                                           [01;31m[K^[m[K
[2.220s] In file included from [01m[K/ros2_test/AD_Middle_Test/ros2/src/simple_s/src/intra_pipe.cpp:9[m[K:
[2.220s] [01m[K/opt/ros/foxy/include/message_filters/subscriber.h:145:8:[m[K [01;36m[Knote: [m[Kcandidate: ‘[01m[Kvoid message_filters::Subscriber<M>::subscribe(rclcpp::Node::SharedPtr, const string&, rmw_qos_profile_t) [with M = test_interfaces::msg::Test_<std::allocator<void> >; rclcpp::Node::SharedPtr = std::shared_ptr<rclcpp::Node>; std::string = std::__cxx11::basic_string<char>; rmw_qos_profile_t = rmw_qos_profile_t][m[K’
[2.220s]   145 |   void [01;36m[Ksubscribe[m[K(rclcpp::Node::SharedPtr node, const std::string& topic, const rmw_qos_profile_t qos = rmw_qos_profile_default)
[2.221s]       |        [01;36m[K^~~~~~~~~[m[K
[2.221s] [01m[K/opt/ros/foxy/include/message_filters/subscriber.h:145:42:[m[K [01;36m[Knote: [m[K  no known conversion for argument 1 from ‘[01m[KConsumer*[m[K’ to ‘[01m[Krclcpp::Node::SharedPtr[m[K’ {aka ‘[01m[Kstd::shared_ptr<rclcpp::Node>[m[K’}
[2.221s]   145 |   void subscribe([01;36m[Krclcpp::Node::SharedPtr node[m[K, const std::string& topic, const rmw_qos_profile_t qos = rmw_qos_profile_default)
[2.221s]       |                  [01;36m[K~~~~~~~~~~~~~~~~~~~~~~~~^~~~[m[K
[2.221s] [01m[K/opt/ros/foxy/include/message_filters/subscriber.h:162:8:[m[K [01;36m[Knote: [m[Kcandidate: ‘[01m[Kvoid message_filters::Subscriber<M>::subscribe(rclcpp::Node*, const string&, rmw_qos_profile_t) [with M = test_interfaces::msg::Test_<std::allocator<void> >; std::string = std::__cxx11::basic_string<char>; rmw_qos_profile_t = rmw_qos_profile_t][m[K’
[2.221s]   162 |   void [01;36m[Ksubscribe[m[K(rclcpp::Node * node, const std::string& topic, const rmw_qos_profile_t qos = rmw_qos_profile_default)
[2.221s]       |        [01;36m[K^~~~~~~~~[m[K
[2.221s] [01m[K/opt/ros/foxy/include/message_filters/subscriber.h:162:89:[m[K [01;36m[Knote: [m[K  no known conversion for argument 3 from ‘[01m[Kint[m[K’ to ‘[01m[Krmw_qos_profile_t[m[K’
[2.222s]   162 |   void subscribe(rclcpp::Node * node, const std::string& topic, [01;36m[Kconst rmw_qos_profile_t qos = rmw_qos_profile_default[m[K)
[2.222s]       |                                                                 [01;36m[K~~~~~~~~~~~~~~~~~~~~~~~~^~~~~~~~~~~~~~~~~~~~~~~~~~~~~[m[K
[2.222s] [01m[K/opt/ros/foxy/include/message_filters/subscriber.h:184:8:[m[K [01;36m[Knote: [m[Kcandidate: ‘[01m[Kvoid message_filters::Subscriber<M>::subscribe() [with M = test_interfaces::msg::Test_<std::allocator<void> >][m[K’
[2.222s]   184 |   void [01;36m[Ksubscribe[m[K()
[2.222s]       |        [01;36m[K^~~~~~~~~[m[K
[2.222s] [01m[K/opt/ros/foxy/include/message_filters/subscriber.h:184:8:[m[K [01;36m[Knote: [m[K  candidate expects 0 arguments, 3 provided
[2.857s] In file included from [01m[K/opt/ros/foxy/include/message_filters/synchronizer.h:47[m[K,
[2.857s]                  from [01m[K/ros2_test/AD_Middle_Test/ros2/src/simple_s/src/intra_pipe.cpp:10[m[K:
[2.857s] /opt/ros/foxy/include/message_filters/signal9.h: In instantiation of ‘[01m[Kmessage_filters::Connection message_filters::Signal9<M0, M1, M2, M3, M4, M5, M6, M7, M8>::addCallback(const std::function<void(P0, P1, P2, P3, P4, P5, P6, P7, P8)>&) [with P0 = std::unique_ptr<test_interfaces::msg::Test_<std::allocator<void> >, std::default_delete<test_interfaces::msg::Test_<std::allocator<void> > > >; P1 = std::unique_ptr<test_interfaces::msg::Test_<std::allocator<void> >, std::default_delete<test_interfaces::msg::Test_<std::allocator<void> > > >; P2 = const std::shared_ptr<const message_filters::NullType>&; P3 = const std::shared_ptr<const message_filters::NullType>&; P4 = const std::shared_ptr<const message_filters::NullType>&; P5 = const std::shared_ptr<const message_filters::NullType>&; P6 = const std::shared_ptr<const message_filters::NullType>&; P7 = const std::shared_ptr<const message_filters::NullType>&; P8 = const std::shared_ptr<const message_filters::NullType>&; M0 = test_interfaces::msg::Test_<std::allocator<void> >; M1 = test_interfaces::msg::Test_<std::allocator<void> >; M2 = message_filters::NullType; M3 = message_filters::NullType; M4 = message_filters::NullType; M5 = message_filters::NullType; M6 = message_filters::NullType; M7 = message_filters::NullType; M8 = message_filters::NullType][m[K’:
[2.858s] [01m[K/opt/ros/foxy/include/message_filters/signal9.h:230:170:[m[K   required from ‘[01m[Kmessage_filters::Connection message_filters::Signal9<M0, M1, M2, M3, M4, M5, M6, M7, M8>::addCallback(void (T::*)(P0, P1), T*) [with T = Consumer; P0 = std::unique_ptr<test_interfaces::msg::Test_<std::allocator<void> >, std::default_delete<test_interfaces::msg::Test_<std::allocator<void> > > >; P1 = std::unique_ptr<test_interfaces::msg::Test_<std::allocator<void> >, std::default_delete<test_interfaces::msg::Test_<std::allocator<void> > > >; M0 = test_interfaces::msg::Test_<std::allocator<void> >; M1 = test_interfaces::msg::Test_<std::allocator<void> >; M2 = message_filters::NullType; M3 = message_filters::NullType; M4 = message_filters::NullType; M5 = message_filters::NullType; M6 = message_filters::NullType; M7 = message_filters::NullType; M8 = message_filters::NullType][m[K’
[2.858s] [01m[K/opt/ros/foxy/include/message_filters/synchronizer.h:304:43:[m[K   required from ‘[01m[Kmessage_filters::Connection message_filters::Synchronizer<Policy>::registerCallback(const C&, T*) [with C = void (Consumer::*)(std::unique_ptr<test_interfaces::msg::Test_<std::allocator<void> >, std::default_delete<test_interfaces::msg::Test_<std::allocator<void> > > >, std::unique_ptr<test_interfaces::msg::Test_<std::allocator<void> >, std::default_delete<test_interfaces::msg::Test_<std::allocator<void> > > >); T = Consumer; Policy = message_filters::sync_policies::ApproximateTime<test_interfaces::msg::Test_<std::allocator<void> >, test_interfaces::msg::Test_<std::allocator<void> > >][m[K’
[2.858s] [01m[K/ros2_test/AD_Middle_Test/ros2/src/simple_s/src/intra_pipe.cpp:111:65:[m[K   required from here
[2.858s] [01m[K/opt/ros/foxy/include/message_filters/signal9.h:175:26:[m[K [01;31m[Kerror: [m[Kno matching function for call to ‘[01m[Kstd::shared_ptr<message_filters::CallbackHelper9<test_interfaces::msg::Test_<std::allocator<void> >, test_interfaces::msg::Test_<std::allocator<void> >, message_filters::NullType, message_filters::NullType, message_filters::NullType, message_filters::NullType, message_filters::NullType, message_filters::NullType, message_filters::NullType> >::shared_ptr(message_filters::CallbackHelper9T<std::unique_ptr<test_interfaces::msg::Test_<std::allocator<void> >, std::default_delete<test_interfaces::msg::Test_<std::allocator<void> > > >, std::unique_ptr<test_interfaces::msg::Test_<std::allocator<void> >, std::default_delete<test_interfaces::msg::Test_<std::allocator<void> > > >, const std::shared_ptr<const message_filters::NullType>&, const std::shared_ptr<const message_filters::NullType>&, const std::shared_ptr<const message_filters::NullType>&, const std::shared_ptr<const message_filters::NullType>&, const std::shared_ptr<const message_filters::NullType>&, const std::shared_ptr<const message_filters::NullType>&, const std::shared_ptr<const message_filters::NullType>&>*&)[m[K’
[2.858s]   175 |     callbacks_.push_back([01;31m[KCallbackHelper9Ptr(helper)[m[K);
[2.858s]       |                          [01;31m[K^~~~~~~~~~~~~~~~~~~~~~~~~~[m[K
[2.858s] In file included from [01m[K/usr/include/c++/9/memory:81[m[K,
[2.859s]                  from [01m[K/ros2_test/AD_Middle_Test/ros2/src/simple_s/src/intra_pipe.cpp:4[m[K:
[2.859s] [01m[K/usr/include/c++/9/bits/shared_ptr.h:367:7:[m[K [01;36m[Knote: [m[Kcandidate: ‘[01m[Kstd::shared_ptr<_Tp>::shared_ptr(const std::weak_ptr<_Tp>&, std::nothrow_t) [with _Tp = message_filters::CallbackHelper9<test_interfaces::msg::Test_<std::allocator<void> >, test_interfaces::msg::Test_<std::allocator<void> >, message_filters::NullType, message_filters::NullType, message_filters::NullType, message_filters::NullType, message_filters::NullType, message_filters::NullType, message_filters::NullType>][m[K’
[2.859s]   367 |       [01;36m[Kshared_ptr[m[K(const weak_ptr<_Tp>& __r, std::nothrow_t)
[2.859s]       |       [01;36m[K^~~~~~~~~~[m[K
[2.859s] [01m[K/usr/include/c++/9/bits/shared_ptr.h:367:7:[m[K [01;36m[Knote: [m[K  candidate expects 2 arguments, 1 provided
[2.859s] [01m[K/usr/include/c++/9/bits/shared_ptr.h:358:2:[m[K [01;36m[Knote: [m[Kcandidate: ‘[01m[Ktemplate<class _Alloc, class ... _Args> std::shared_ptr<_Tp>::shared_ptr(std::_Sp_alloc_shared_tag<_Tp>, _Args&& ...)[m[K’
[2.859s]   358 |  [01;36m[Kshared_ptr[m[K(_Sp_alloc_shared_tag<_Alloc> __tag, _Args&&... __args)
[2.860s]       |  [01;36m[K^~~~~~~~~~[m[K
[2.860s] [01m[K/usr/include/c++/9/bits/shared_ptr.h:358:2:[m[K [01;36m[Knote: [m[K  template argument deduction/substitution failed:
[2.860s] In file included from [01m[K/opt/ros/foxy/include/message_filters/synchronizer.h:47[m[K,
[2.860s]                  from [01m[K/ros2_test/AD_Middle_Test/ros2/src/simple_s/src/intra_pipe.cpp:10[m[K:
[2.860s] [01m[K/opt/ros/foxy/include/message_filters/signal9.h:175:26:[m[K [01;36m[Knote: [m[K  mismatched types ‘[01m[Kstd::_Sp_alloc_shared_tag<_Tp>[m[K’ and ‘[01m[Kmessage_filters::CallbackHelper9T<std::unique_ptr<test_interfaces::msg::Test_<std::allocator<void> >, std::default_delete<test_interfaces::msg::Test_<std::allocator<void> > > >, std::unique_ptr<test_interfaces::msg::Test_<std::allocator<void> >, std::default_delete<test_interfaces::msg::Test_<std::allocator<void> > > >, const std::shared_ptr<const message_filters::NullType>&, const std::shared_ptr<const message_filters::NullType>&, const std::shared_ptr<const message_filters::NullType>&, const std::shared_ptr<const message_filters::NullType>&, const std::shared_ptr<const message_filters::NullType>&, const std::shared_ptr<const message_filters::NullType>&, const std::shared_ptr<const message_filters::NullType>&>*[m[K’
[2.860s]   175 |     callbacks_.push_back([01;36m[KCallbackHelper9Ptr(helper)[m[K);
[2.860s]       |                          [01;36m[K^~~~~~~~~~~~~~~~~~~~~~~~~~[m[K
[2.861s] In file included from [01m[K/usr/include/c++/9/memory:81[m[K,
[2.861s]                  from [01m[K/ros2_test/AD_Middle_Test/ros2/src/simple_s/src/intra_pipe.cpp:4[m[K:
[2.861s] [01m[K/usr/include/c++/9/bits/shared_ptr.h:307:17:[m[K [01;36m[Knote: [m[Kcandidate: ‘[01m[Kconstexpr std::shared_ptr<_Tp>::shared_ptr(std::nullptr_t) [with _Tp = message_filters::CallbackHelper9<test_interfaces::msg::Test_<std::allocator<void> >, test_interfaces::msg::Test_<std::allocator<void> >, message_filters::NullType, message_filters::NullType, message_filters::NullType, message_filters::NullType, message_filters::NullType, message_filters::NullType, message_filters::NullType>; std::nullptr_t = std::nullptr_t][m[K’
[2.861s]   307 |       constexpr [01;36m[Kshared_ptr[m[K(nullptr_t) noexcept : shared_ptr() { }
[2.861s]       |                 [01;36m[K^~~~~~~~~~[m[K
[2.861s] [01m[K/usr/include/c++/9/bits/shared_ptr.h:307:28:[m[K [01;36m[Knote: [m[K  no known conversion for argument 1 from ‘[01m[Kmessage_filters::CallbackHelper9T<std::unique_ptr<test_interfaces::msg::Test_<std::allocator<void> >, std::default_delete<test_interfaces::msg::Test_<std::allocator<void> > > >, std::unique_ptr<test_interfaces::msg::Test_<std::allocator<void> >, std::default_delete<test_interfaces::msg::Test_<std::allocator<void> > > >, const std::shared_ptr<const message_filters::NullType>&, const std::shared_ptr<const message_filters::NullType>&, const std::shared_ptr<const message_filters::NullType>&, const std::shared_ptr<const message_filters::NullType>&, const std::shared_ptr<const message_filters::NullType>&, const std::shared_ptr<const message_filters::NullType>&, const std::shared_ptr<const message_filters::NullType>&>*[m[K’ to ‘[01m[Kstd::nullptr_t[m[K’
[2.861s]   307 |       constexpr shared_ptr([01;36m[Knullptr_t[m[K) noexcept : shared_ptr() { }
[2.862s]       |                            [01;36m[K^~~~~~~~~[m[K
[2.862s] [01m[K/usr/include/c++/9/bits/shared_ptr.h:299:2:[m[K [01;36m[Knote: [m[Kcandidate: ‘[01m[Ktemplate<class _Yp, class _Del, std::shared_ptr<message_filters::CallbackHelper9<test_interfaces::msg::Test_<std::allocator<void> >, test_interfaces::msg::Test_<std::allocator<void> >, message_filters::NullType, message_filters::NullType, message_filters::NullType, message_filters::NullType, message_filters::NullType, message_filters::NullType, message_filters::NullType> >::_Constructible<std::unique_ptr<_Tp, _Dp>, std::__sp_array_delete>* <anonymous> > std::shared_ptr<_Tp>::shared_ptr(std::unique_ptr<_Up, _Ep>&&)[m[K’
[2.862s]   299 |  [01;36m[Kshared_ptr[m[K(unique_ptr<_Yp, _Del>&& __r)
[2.862s]       |  [01;36m[K^~~~~~~~~~[m[K
[2.862s] [01m[K/usr/include/c++/9/bits/shared_ptr.h:299:2:[m[K [01;36m[Knote: [m[K  template argument deduction/substitution failed:
[2.862s] In file included from [01m[K/opt/ros/foxy/include/message_filters/synchronizer.h:47[m[K,
[2.863s]                  from [01m[K/ros2_test/AD_Middle_Test/ros2/src/simple_s/src/intra_pipe.cpp:10[m[K:
[2.863s] [01m[K/opt/ros/foxy/include/message_filters/signal9.h:175:26:[m[K [01;36m[Knote: [m[K  mismatched types ‘[01m[Kstd::unique_ptr<_Tp, _Dp>[m[K’ and ‘[01m[Kmessage_filters::CallbackHelper9T<std::unique_ptr<test_interfaces::msg::Test_<std::allocator<void> >, std::default_delete<test_interfaces::msg::Test_<std::allocator<void> > > >, std::unique_ptr<test_interfaces::msg::Test_<std::allocator<void> >, std::default_delete<test_interfaces::msg::Test_<std::allocator<void> > > >, const std::shared_ptr<const message_filters::NullType>&, const std::shared_ptr<const message_filters::NullType>&, const std::shared_ptr<const message_filters::NullType>&, const std::shared_ptr<const message_filters::NullType>&, const std::shared_ptr<const message_filters::NullType>&, const std::shared_ptr<const message_filters::NullType>&, const std::shared_ptr<const message_filters::NullType>&>*[m[K’
[2.863s]   175 |     callbacks_.push_back([01;36m[KCallbackHelper9Ptr(helper)[m[K);
[2.863s]       |                          [01;36m[K^~~~~~~~~~~~~~~~~~~~~~~~~~[m[K
[2.863s] In file included from [01m[K/usr/include/c++/9/memory:81[m[K,
[2.863s]                  from [01m[K/ros2_test/AD_Middle_Test/ros2/src/simple_s/src/intra_pipe.cpp:4[m[K:
[2.863s] [01m[K/usr/include/c++/9/bits/shared_ptr.h:290:2:[m[K [01;36m[Knote: [m[Kcandidate: ‘[01m[Ktemplate<class _Yp, class _Del, class> std::shared_ptr<_Tp>::shared_ptr(std::unique_ptr<_Up, _Ep>&&)[m[K’
[2.863s]   290 |  [01;36m[Kshared_ptr[m[K(unique_ptr<_Yp, _Del>&& __r)
[2.864s]       |  [01;36m[K^~~~~~~~~~[m[K
[2.864s] [01m[K/usr/include/c++/9/bits/shared_ptr.h:290:2:[m[K [01;36m[Knote: [m[K  template argument deduction/substitution failed:
[2.864s] In file included from [01m[K/opt/ros/foxy/include/message_filters/synchronizer.h:47[m[K,
[2.864s]                  from [01m[K/ros2_test/AD_Middle_Test/ros2/src/simple_s/src/intra_pipe.cpp:10[m[K:
[2.864s] [01m[K/opt/ros/foxy/include/message_filters/signal9.h:175:26:[m[K [01;36m[Knote: [m[K  mismatched types ‘[01m[Kstd::unique_ptr<_Tp, _Dp>[m[K’ and ‘[01m[Kmessage_filters::CallbackHelper9T<std::unique_ptr<test_interfaces::msg::Test_<std::allocator<void> >, std::default_delete<test_interfaces::msg::Test_<std::allocator<void> > > >, std::unique_ptr<test_interfaces::msg::Test_<std::allocator<void> >, std::default_delete<test_interfaces::msg::Test_<std::allocator<void> > > >, const std::shared_ptr<const message_filters::NullType>&, const std::shared_ptr<const message_filters::NullType>&, const std::shared_ptr<const message_filters::NullType>&, const std::shared_ptr<const message_filters::NullType>&, const std::shared_ptr<const message_filters::NullType>&, const std::shared_ptr<const message_filters::NullType>&, const std::shared_ptr<const message_filters::NullType>&>*[m[K’
[2.864s]   175 |     callbacks_.push_back([01;36m[KCallbackHelper9Ptr(helper)[m[K);
[2.864s]       |                          [01;36m[K^~~~~~~~~~~~~~~~~~~~~~~~~~[m[K
[2.865s] In file included from [01m[K/usr/include/c++/9/memory:81[m[K,
[2.865s]                  from [01m[K/ros2_test/AD_Middle_Test/ros2/src/simple_s/src/intra_pipe.cpp:4[m[K:
[2.865s] [01m[K/usr/include/c++/9/bits/shared_ptr.h:282:2:[m[K [01;36m[Knote: [m[Kcandidate: ‘[01m[Ktemplate<class _Yp, class> std::shared_ptr<_Tp>::shared_ptr(std::auto_ptr<_Up>&&)[m[K’
[2.865s]   282 |  [01;36m[Kshared_ptr[m[K(auto_ptr<_Yp>&& __r);
[2.865s]       |  [01;36m[K^~~~~~~~~~[m[K
[2.865s] [01m[K/usr/include/c++/9/bits/shared_ptr.h:282:2:[m[K [01;36m[Knote: [m[K  template argument deduction/substitution failed:
[2.865s] In file included from [01m[K/opt/ros/foxy/include/message_filters/synchronizer.h:47[m[K,
[2.866s]                  from [01m[K/ros2_test/AD_Middle_Test/ros2/src/simple_s/src/intra_pipe.cpp:10[m[K:
[2.866s] [01m[K/opt/ros/foxy/include/message_filters/signal9.h:175:26:[m[K [01;36m[Knote: [m[K  mismatched types ‘[01m[Kstd::auto_ptr<_Up>[m[K’ and ‘[01m[Kmessage_filters::CallbackHelper9T<std::unique_ptr<test_interfaces::msg::Test_<std::allocator<void> >, std::default_delete<test_interfaces::msg::Test_<std::allocator<void> > > >, std::unique_ptr<test_interfaces::msg::Test_<std::allocator<void> >, std::default_delete<test_interfaces::msg::Test_<std::allocator<void> > > >, const std::shared_ptr<const message_filters::NullType>&, const std::shared_ptr<const message_filters::NullType>&, const std::shared_ptr<const message_filters::NullType>&, const std::shared_ptr<const message_filters::NullType>&, const std::shared_ptr<const message_filters::NullType>&, const std::shared_ptr<const message_filters::NullType>&, const std::shared_ptr<const message_filters::NullType>&>*[m[K’
[2.866s]   175 |     callbacks_.push_back([01;36m[KCallbackHelper9Ptr(helper)[m[K);
[2.866s]       |                          [01;36m[K^~~~~~~~~~~~~~~~~~~~~~~~~~[m[K
[2.866s] In file included from [01m[K/usr/include/c++/9/memory:81[m[K,
[2.866s]                  from [01m[K/ros2_test/AD_Middle_Test/ros2/src/simple_s/src/intra_pipe.cpp:4[m[K:
[2.866s] [01m[K/usr/include/c++/9/bits/shared_ptr.h:275:11:[m[K [01;36m[Knote: [m[Kcandidate: ‘[01m[Ktemplate<class _Yp, class> std::shared_ptr<_Tp>::shared_ptr(const std::weak_ptr<_Yp>&)[m[K’
[2.867s]   275 |  explicit [01;36m[Kshared_ptr[m[K(const weak_ptr<_Yp>& __r)
[2.867s]       |           [01;36m[K^~~~~~~~~~[m[K
[2.867s] [01m[K/usr/include/c++/9/bits/shared_ptr.h:275:11:[m[K [01;36m[Knote: [m[K  template argument deduction/substitution failed:
[2.867s] In file included from [01m[K/opt/ros/foxy/include/message_filters/synchronizer.h:47[m[K,
[2.867s]                  from [01m[K/ros2_test/AD_Middle_Test/ros2/src/simple_s/src/intra_pipe.cpp:10[m[K:
[2.867s] [01m[K/opt/ros/foxy/include/message_filters/signal9.h:175:26:[m[K [01;36m[Knote: [m[K  mismatched types ‘[01m[Kconst std::weak_ptr<_Tp>[m[K’ and ‘[01m[Kmessage_filters::CallbackHelper9T<std::unique_ptr<test_interfaces::msg::Test_<std::allocator<void> >, std::default_delete<test_interfaces::msg::Test_<std::allocator<void> > > >, std::unique_ptr<test_interfaces::msg::Test_<std::allocator<void> >, std::default_delete<test_interfaces::msg::Test_<std::allocator<void> > > >, const std::shared_ptr<const message_filters::NullType>&, const std::shared_ptr<const message_filters::NullType>&, const std::shared_ptr<const message_filters::NullType>&, const std::shared_ptr<const message_filters::NullType>&, const std::shared_ptr<const message_filters::NullType>&, const std::shared_ptr<const message_filters::NullType>&, const std::shared_ptr<const message_filters::NullType>&>*[m[K’
[2.867s]   175 |     callbacks_.push_back([01;36m[KCallbackHelper9Ptr(helper)[m[K);
[2.867s]       |                          [01;36m[K^~~~~~~~~~~~~~~~~~~~~~~~~~[m[K
[2.868s] In file included from [01m[K/usr/include/c++/9/memory:81[m[K,
[2.868s]                  from [01m[K/ros2_test/AD_Middle_Test/ros2/src/simple_s/src/intra_pipe.cpp:4[m[K:
[2.868s] [01m[K/usr/include/c++/9/bits/shared_ptr.h:263:2:[m[K [01;36m[Knote: [m[Kcandidate: ‘[01m[Ktemplate<class _Yp, class> std::shared_ptr<_Tp>::shared_ptr(std::shared_ptr<_Yp>&&)[m[K’
[2.868s]   263 |  [01;36m[Kshared_ptr[m[K(shared_ptr<_Yp>&& __r) noexcept
[2.868s]       |  [01;36m[K^~~~~~~~~~[m[K
[2.868s] [01m[K/usr/include/c++/9/bits/shared_ptr.h:263:2:[m[K [01;36m[Knote: [m[K  template argument deduction/substitution failed:
[2.868s] In file included from [01m[K/opt/ros/foxy/include/message_filters/synchronizer.h:47[m[K,
[2.869s]                  from [01m[K/ros2_test/AD_Middle_Test/ros2/src/simple_s/src/intra_pipe.cpp:10[m[K:
[2.869s] [01m[K/opt/ros/foxy/include/message_filters/signal9.h:175:26:[m[K [01;36m[Knote: [m[K  mismatched types ‘[01m[Kstd::shared_ptr<_Tp>[m[K’ and ‘[01m[Kmessage_filters::CallbackHelper9T<std::unique_ptr<test_interfaces::msg::Test_<std::allocator<void> >, std::default_delete<test_interfaces::msg::Test_<std::allocator<void> > > >, std::unique_ptr<test_interfaces::msg::Test_<std::allocator<void> >, std::default_delete<test_interfaces::msg::Test_<std::allocator<void> > > >, const std::shared_ptr<const message_filters::NullType>&, const std::shared_ptr<const message_filters::NullType>&, const std::shared_ptr<const message_filters::NullType>&, const std::shared_ptr<const message_filters::NullType>&, const std::shared_ptr<const message_filters::NullType>&, const std::shared_ptr<const message_filters::NullType>&, const std::shared_ptr<const message_filters::NullType>&>*[m[K’
[2.869s]   175 |     callbacks_.push_back([01;36m[KCallbackHelper9Ptr(helper)[m[K);
[2.869s]       |                          [01;36m[K^~~~~~~~~~~~~~~~~~~~~~~~~~[m[K
[2.869s] In file included from [01m[K/usr/include/c++/9/memory:81[m[K,
[2.869s]                  from [01m[K/ros2_test/AD_Middle_Test/ros2/src/simple_s/src/intra_pipe.cpp:4[m[K:
[2.869s] [01m[K/usr/include/c++/9/bits/shared_ptr.h:254:7:[m[K [01;36m[Knote: [m[Kcandidate: ‘[01m[Kstd::shared_ptr<_Tp>::shared_ptr(std::shared_ptr<_Tp>&&) [with _Tp = message_filters::CallbackHelper9<test_interfaces::msg::Test_<std::allocator<void> >, test_interfaces::msg::Test_<std::allocator<void> >, message_filters::NullType, message_filters::NullType, message_filters::NullType, message_filters::NullType, message_filters::NullType, message_filters::NullType, message_filters::NullType>][m[K’
[2.870s]   254 |       [01;36m[Kshared_ptr[m[K(shared_ptr&& __r) noexcept
[2.870s]       |       [01;36m[K^~~~~~~~~~[m[K
[2.870s] [01m[K/usr/include/c++/9/bits/shared_ptr.h:254:31:[m[K [01;36m[Knote: [m[K  no known conversion for argument 1 from ‘[01m[Kmessage_filters::CallbackHelper9T<std::unique_ptr<test_interfaces::msg::Test_<std::allocator<void> >, std::default_delete<test_interfaces::msg::Test_<std::allocator<void> > > >, std::unique_ptr<test_interfaces::msg::Test_<std::allocator<void> >, std::default_delete<test_interfaces::msg::Test_<std::allocator<void> > > >, const std::shared_ptr<const message_filters::NullType>&, const std::shared_ptr<const message_filters::NullType>&, const std::shared_ptr<const message_filters::NullType>&, const std::shared_ptr<const message_filters::NullType>&, const std::shared_ptr<const message_filters::NullType>&, const std::shared_ptr<const message_filters::NullType>&, const std::shared_ptr<const message_filters::NullType>&>*[m[K’ to ‘[01m[Kstd::shared_ptr<message_filters::CallbackHelper9<test_interfaces::msg::Test_<std::allocator<void> >, test_interfaces::msg::Test_<std::allocator<void> >, message_filters::NullType, message_filters::NullType, message_filters::NullType, message_filters::NullType, message_filters::NullType, message_filters::NullType, message_filters::NullType> >&&[m[K’
[2.870s]   254 |       shared_ptr([01;36m[Kshared_ptr&& __r[m[K) noexcept
[2.870s]       |                  [01;36m[K~~~~~~~~~~~~~^~~[m[K
[2.870s] [01m[K/usr/include/c++/9/bits/shared_ptr.h:246:2:[m[K [01;36m[Knote: [m[Kcandidate: ‘[01m[Ktemplate<class _Yp, class> std::shared_ptr<_Tp>::shared_ptr(const std::shared_ptr<_Yp>&)[m[K’
[2.870s]   246 |  [01;36m[Kshared_ptr[m[K(const shared_ptr<_Yp>& __r) noexcept
[2.870s]       |  [01;36m[K^~~~~~~~~~[m[K
[2.871s] [01m[K/usr/include/c++/9/bits/shared_ptr.h:246:2:[m[K [01;36m[Knote: [m[K  template argument deduction/substitution failed:
[2.871s] In file included from [01m[K/opt/ros/foxy/include/message_filters/synchronizer.h:47[m[K,
[2.871s]                  from [01m[K/ros2_test/AD_Middle_Test/ros2/src/simple_s/src/intra_pipe.cpp:10[m[K:
[2.871s] [01m[K/opt/ros/foxy/include/message_filters/signal9.h:175:26:[m[K [01;36m[Knote: [m[K  mismatched types ‘[01m[Kconst std::shared_ptr<_Tp>[m[K’ and ‘[01m[Kmessage_filters::CallbackHelper9T<std::unique_ptr<test_interfaces::msg::Test_<std::allocator<void> >, std::default_delete<test_interfaces::msg::Test_<std::allocator<void> > > >, std::unique_ptr<test_interfaces::msg::Test_<std::allocator<void> >, std::default_delete<test_interfaces::msg::Test_<std::allocator<void> > > >, const std::shared_ptr<const message_filters::NullType>&, const std::shared_ptr<const message_filters::NullType>&, const std::shared_ptr<const message_filters::NullType>&, const std::shared_ptr<const message_filters::NullType>&, const std::shared_ptr<const message_filters::NullType>&, const std::shared_ptr<const message_filters::NullType>&, const std::shared_ptr<const message_filters::NullType>&>*[m[K’
[2.871s]   175 |     callbacks_.push_back([01;36m[KCallbackHelper9Ptr(helper)[m[K);
[2.871s]       |                          [01;36m[K^~~~~~~~~~~~~~~~~~~~~~~~~~[m[K
[2.871s] In file included from [01m[K/usr/include/c++/9/memory:81[m[K,
[2.872s]                  from [01m[K/ros2_test/AD_Middle_Test/ros2/src/simple_s/src/intra_pipe.cpp:4[m[K:
[2.872s] [01m[K/usr/include/c++/9/bits/shared_ptr.h:234:2:[m[K [01;36m[Knote: [m[Kcandidate: ‘[01m[Ktemplate<class _Yp> std::shared_ptr<_Tp>::shared_ptr(const std::shared_ptr<_Yp>&, std::shared_ptr<_Tp>::element_type*)[m[K’
[2.872s]   234 |  [01;36m[Kshared_ptr[m[K(const shared_ptr<_Yp>& __r, element_type* __p) noexcept
[2.872s]       |  [01;36m[K^~~~~~~~~~[m[K
[2.872s] [01m[K/usr/include/c++/9/bits/shared_ptr.h:234:2:[m[K [01;36m[Knote: [m[K  template argument deduction/substitution failed:
[2.872s] In file included from [01m[K/opt/ros/foxy/include/message_filters/synchronizer.h:47[m[K,
[2.872s]                  from [01m[K/ros2_test/AD_Middle_Test/ros2/src/simple_s/src/intra_pipe.cpp:10[m[K:
[2.873s] [01m[K/opt/ros/foxy/include/message_filters/signal9.h:175:26:[m[K [01;36m[Knote: [m[K  mismatched types ‘[01m[Kconst std::shared_ptr<_Tp>[m[K’ and ‘[01m[Kmessage_filters::CallbackHelper9T<std::unique_ptr<test_interfaces::msg::Test_<std::allocator<void> >, std::default_delete<test_interfaces::msg::Test_<std::allocator<void> > > >, std::unique_ptr<test_interfaces::msg::Test_<std::allocator<void> >, std::default_delete<test_interfaces::msg::Test_<std::allocator<void> > > >, const std::shared_ptr<const message_filters::NullType>&, const std::shared_ptr<const message_filters::NullType>&, const std::shared_ptr<const message_filters::NullType>&, const std::shared_ptr<const message_filters::NullType>&, const std::shared_ptr<const message_filters::NullType>&, const std::shared_ptr<const message_filters::NullType>&, const std::shared_ptr<const message_filters::NullType>&>*[m[K’
[2.873s]   175 |     callbacks_.push_back([01;36m[KCallbackHelper9Ptr(helper)[m[K);
[2.873s]       |                          [01;36m[K^~~~~~~~~~~~~~~~~~~~~~~~~~[m[K
[2.873s] In file included from [01m[K/usr/include/c++/9/memory:81[m[K,
[2.873s]                  from [01m[K/ros2_test/AD_Middle_Test/ros2/src/simple_s/src/intra_pipe.cpp:4[m[K:
[2.873s] [01m[K/usr/include/c++/9/bits/shared_ptr.h:212:2:[m[K [01;36m[Knote: [m[Kcandidate: ‘[01m[Ktemplate<class _Deleter, class _Alloc> std::shared_ptr<_Tp>::shared_ptr(std::nullptr_t, _Deleter, _Alloc)[m[K’
[2.873s]   212 |  [01;36m[Kshared_ptr[m[K(nullptr_t __p, _Deleter __d, _Alloc __a)
[2.873s]       |  [01;36m[K^~~~~~~~~~[m[K
[2.874s] [01m[K/usr/include/c++/9/bits/shared_ptr.h:212:2:[m[K [01;36m[Knote: [m[K  template argument deduction/substitution failed:
[2.874s] In file included from [01m[K/opt/ros/foxy/include/message_filters/synchronizer.h:47[m[K,
[2.874s]                  from [01m[K/ros2_test/AD_Middle_Test/ros2/src/simple_s/src/intra_pipe.cpp:10[m[K:
[2.874s] [01m[K/opt/ros/foxy/include/message_filters/signal9.h:175:26:[m[K [01;36m[Knote: [m[K  candidate expects 3 arguments, 1 provided
[2.874s]   175 |     callbacks_.push_back([01;36m[KCallbackHelper9Ptr(helper)[m[K);
[2.874s]       |                          [01;36m[K^~~~~~~~~~~~~~~~~~~~~~~~~~[m[K
[2.874s] In file included from [01m[K/usr/include/c++/9/memory:81[m[K,
[2.875s]                  from [01m[K/ros2_test/AD_Middle_Test/ros2/src/simple_s/src/intra_pipe.cpp:4[m[K:
[2.875s] [01m[K/usr/include/c++/9/bits/shared_ptr.h:193:2:[m[K [01;36m[Knote: [m[Kcandidate: ‘[01m[Ktemplate<class _Yp, class _Deleter, class _Alloc, class> std::shared_ptr<_Tp>::shared_ptr(_Yp*, _Deleter, _Alloc)[m[K’
[2.875s]   193 |  [01;36m[Kshared_ptr[m[K(_Yp* __p, _Deleter __d, _Alloc __a)
[2.875s]       |  [01;36m[K^~~~~~~~~~[m[K
[2.875s] [01m[K/usr/include/c++/9/bits/shared_ptr.h:193:2:[m[K [01;36m[Knote: [m[K  template argument deduction/substitution failed:
[2.875s] In file included from [01m[K/opt/ros/foxy/include/message_filters/synchronizer.h:47[m[K,
[2.875s]                  from [01m[K/ros2_test/AD_Middle_Test/ros2/src/simple_s/src/intra_pipe.cpp:10[m[K:
[2.875s] [01m[K/opt/ros/foxy/include/message_filters/signal9.h:175:26:[m[K [01;36m[Knote: [m[K  candidate expects 3 arguments, 1 provided
[2.876s]   175 |     callbacks_.push_back([01;36m[KCallbackHelper9Ptr(helper)[m[K);
[2.876s]       |                          [01;36m[K^~~~~~~~~~~~~~~~~~~~~~~~~~[m[K
[2.876s] In file included from [01m[K/usr/include/c++/9/memory:81[m[K,
[2.876s]                  from [01m[K/ros2_test/AD_Middle_Test/ros2/src/simple_s/src/intra_pipe.cpp:4[m[K:
[2.876s] [01m[K/usr/include/c++/9/bits/shared_ptr.h:173:2:[m[K [01;36m[Knote: [m[Kcandidate: ‘[01m[Ktemplate<class _Deleter> std::shared_ptr<_Tp>::shared_ptr(std::nullptr_t, _Deleter)[m[K’
[2.876s]   173 |  [01;36m[Kshared_ptr[m[K(nullptr_t __p, _Deleter __d)
[2.876s]       |  [01;36m[K^~~~~~~~~~[m[K
[2.877s] [01m[K/usr/include/c++/9/bits/shared_ptr.h:173:2:[m[K [01;36m[Knote: [m[K  template argument deduction/substitution failed:
[2.877s] In file included from [01m[K/opt/ros/foxy/include/message_filters/synchronizer.h:47[m[K,
[2.877s]                  from [01m[K/ros2_test/AD_Middle_Test/ros2/src/simple_s/src/intra_pipe.cpp:10[m[K:
[2.877s] [01m[K/opt/ros/foxy/include/message_filters/signal9.h:175:26:[m[K [01;36m[Knote: [m[K  candidate expects 2 arguments, 1 provided
[2.877s]   175 |     callbacks_.push_back([01;36m[KCallbackHelper9Ptr(helper)[m[K);
[2.877s]       |                          [01;36m[K^~~~~~~~~~~~~~~~~~~~~~~~~~[m[K
[2.877s] In file included from [01m[K/usr/include/c++/9/memory:81[m[K,
[2.878s]                  from [01m[K/ros2_test/AD_Middle_Test/ros2/src/simple_s/src/intra_pipe.cpp:4[m[K:
[2.878s] [01m[K/usr/include/c++/9/bits/shared_ptr.h:156:2:[m[K [01;36m[Knote: [m[Kcandidate: ‘[01m[Ktemplate<class _Yp, class _Deleter, class> std::shared_ptr<_Tp>::shared_ptr(_Yp*, _Deleter)[m[K’
[2.878s]   156 |  [01;36m[Kshared_ptr[m[K(_Yp* __p, _Deleter __d)
[2.878s]       |  [01;36m[K^~~~~~~~~~[m[K
[2.878s] [01m[K/usr/include/c++/9/bits/shared_ptr.h:156:2:[m[K [01;36m[Knote: [m[K  template argument deduction/substitution failed:
[2.878s] In file included from [01m[K/opt/ros/foxy/include/message_filters/synchronizer.h:47[m[K,
[2.878s]                  from [01m[K/ros2_test/AD_Middle_Test/ros2/src/simple_s/src/intra_pipe.cpp:10[m[K:
[2.878s] [01m[K/opt/ros/foxy/include/message_filters/signal9.h:175:26:[m[K [01;36m[Knote: [m[K  candidate expects 2 arguments, 1 provided
[2.879s]   175 |     callbacks_.push_back([01;36m[KCallbackHelper9Ptr(helper)[m[K);
[2.879s]       |                          [01;36m[K^~~~~~~~~~~~~~~~~~~~~~~~~~[m[K
[2.879s] In file included from [01m[K/usr/include/c++/9/memory:81[m[K,
[2.879s]                  from [01m[K/ros2_test/AD_Middle_Test/ros2/src/simple_s/src/intra_pipe.cpp:4[m[K:
[2.879s] [01m[K/usr/include/c++/9/bits/shared_ptr.h:139:2:[m[K [01;36m[Knote: [m[Kcandidate: ‘[01m[Ktemplate<class _Yp, class> std::shared_ptr<_Tp>::shared_ptr(_Yp*)[m[K’
[2.879s]   139 |  [01;36m[Kshared_ptr[m[K(_Yp* __p) : __shared_ptr<_Tp>(__p) { }
[2.879s]       |  [01;36m[K^~~~~~~~~~[m[K
[2.880s] [01m[K/usr/include/c++/9/bits/shared_ptr.h:139:2:[m[K [01;36m[Knote: [m[K  template argument deduction/substitution failed:
[2.880s] /usr/include/c++/9/bits/shared_ptr.h: In substitution of ‘[01m[Ktemplate<class _Tp> template<class ... _Args> using _Constructible = typename std::enable_if<std::is_constructible<std::__shared_ptr<_Tp>, _Args ...>::value>::type [with _Args = {message_filters::CallbackHelper9T<std::unique_ptr<test_interfaces::msg::Test_<std::allocator<void> >, std::default_delete<test_interfaces::msg::Test_<std::allocator<void> > > >, std::unique_ptr<test_interfaces::msg::Test_<std::allocator<void> >, std::default_delete<test_interfaces::msg::Test_<std::allocator<void> > > >, const std::shared_ptr<const message_filters::NullType>&, const std::shared_ptr<const message_filters::NullType>&, const std::shared_ptr<const message_filters::NullType>&, const std::shared_ptr<const message_filters::NullType>&, const std::shared_ptr<const message_filters::NullType>&, const std::shared_ptr<const message_filters::NullType>&, const std::shared_ptr<const message_filters::NullType>&>*}; _Tp = message_filters::CallbackHelper9<test_interfaces::msg::Test_<std::allocator<void> >, test_interfaces::msg::Test_<std::allocator<void> >, message_filters::NullType, message_filters::NullType, message_filters::NullType, message_filters::NullType, message_filters::NullType, message_filters::NullType, message_filters::NullType>][m[K’:
[2.880s] [01m[K/usr/include/c++/9/bits/shared_ptr.h:137:30:[m[K   required from ‘[01m[Kmessage_filters::Connection message_filters::Signal9<M0, M1, M2, M3, M4, M5, M6, M7, M8>::addCallback(const std::function<void(P0, P1, P2, P3, P4, P5, P6, P7, P8)>&) [with P0 = std::unique_ptr<test_interfaces::msg::Test_<std::allocator<void> >, std::default_delete<test_interfaces::msg::Test_<std::allocator<void> > > >; P1 = std::unique_ptr<test_interfaces::msg::Test_<std::allocator<void> >, std::default_delete<test_interfaces::msg::Test_<std::allocator<void> > > >; P2 = const std::shared_ptr<const message_filters::NullType>&; P3 = const std::shared_ptr<const message_filters::NullType>&; P4 = const std::shared_ptr<const message_filters::NullType>&; P5 = const std::shared_ptr<const message_filters::NullType>&; P6 = const std::shared_ptr<const message_filters::NullType>&; P7 = const std::shared_ptr<const message_filters::NullType>&; P8 = const std::shared_ptr<const message_filters::NullType>&; M0 = test_interfaces::msg::Test_<std::allocator<void> >; M1 = test_interfaces::msg::Test_<std::allocator<void> >; M2 = message_filters::NullType; M3 = message_filters::NullType; M4 = message_filters::NullType; M5 = message_filters::NullType; M6 = message_filters::NullType; M7 = message_filters::NullType; M8 = message_filters::NullType][m[K’
[2.880s] [01m[K/opt/ros/foxy/include/message_filters/signal9.h:230:170:[m[K   required from ‘[01m[Kmessage_filters::Connection message_filters::Signal9<M0, M1, M2, M3, M4, M5, M6, M7, M8>::addCallback(void (T::*)(P0, P1), T*) [with T = Consumer; P0 = std::unique_ptr<test_interfaces::msg::Test_<std::allocator<void> >, std::default_delete<test_interfaces::msg::Test_<std::allocator<void> > > >; P1 = std::unique_ptr<test_interfaces::msg::Test_<std::allocator<void> >, std::default_delete<test_interfaces::msg::Test_<std::allocator<void> > > >; M0 = test_interfaces::msg::Test_<std::allocator<void> >; M1 = test_interfaces::msg::Test_<std::allocator<void> >; M2 = message_filters::NullType; M3 = message_filters::NullType; M4 = message_filters::NullType; M5 = message_filters::NullType; M6 = message_filters::NullType; M7 = message_filters::NullType; M8 = message_filters::NullType][m[K’
[2.880s] [01m[K/opt/ros/foxy/include/message_filters/synchronizer.h:304:43:[m[K   required from ‘[01m[Kmessage_filters::Connection message_filters::Synchronizer<Policy>::registerCallback(const C&, T*) [with C = void (Consumer::*)(std::unique_ptr<test_interfaces::msg::Test_<std::allocator<void> >, std::default_delete<test_interfaces::msg::Test_<std::allocator<void> > > >, std::unique_ptr<test_interfaces::msg::Test_<std::allocator<void> >, std::default_delete<test_interfaces::msg::Test_<std::allocator<void> > > >); T = Consumer; Policy = message_filters::sync_policies::ApproximateTime<test_interfaces::msg::Test_<std::allocator<void> >, test_interfaces::msg::Test_<std::allocator<void> > >][m[K’
[2.880s] [01m[K/ros2_test/AD_Middle_Test/ros2/src/simple_s/src/intra_pipe.cpp:111:65:[m[K   required from here
[2.880s] [01m[K/usr/include/c++/9/bits/shared_ptr.h:106:8:[m[K [01;31m[Kerror: [m[Kno type named ‘[01m[Ktype[m[K’ in ‘[01m[Kstruct std::enable_if<false, void>[m[K’
[2.881s]   106 |  using [01;31m[K_Constructible[m[K = typename enable_if<
[2.881s]       |        [01;31m[K^~~~~~~~~~~~~~[m[K
[2.881s] /opt/ros/foxy/include/message_filters/signal9.h: In instantiation of ‘[01m[Kmessage_filters::Connection message_filters::Signal9<M0, M1, M2, M3, M4, M5, M6, M7, M8>::addCallback(const std::function<void(P0, P1, P2, P3, P4, P5, P6, P7, P8)>&) [with P0 = std::unique_ptr<test_interfaces::msg::Test_<std::allocator<void> >, std::default_delete<test_interfaces::msg::Test_<std::allocator<void> > > >; P1 = std::unique_ptr<test_interfaces::msg::Test_<std::allocator<void> >, std::default_delete<test_interfaces::msg::Test_<std::allocator<void> > > >; P2 = const std::shared_ptr<const message_filters::NullType>&; P3 = const std::shared_ptr<const message_filters::NullType>&; P4 = const std::shared_ptr<const message_filters::NullType>&; P5 = const std::shared_ptr<const message_filters::NullType>&; P6 = const std::shared_ptr<const message_filters::NullType>&; P7 = const std::shared_ptr<const message_filters::NullType>&; P8 = const std::shared_ptr<const message_filters::NullType>&; M0 = test_interfaces::msg::Test_<std::allocator<void> >; M1 = test_interfaces::msg::Test_<std::allocator<void> >; M2 = message_filters::NullType; M3 = message_filters::NullType; M4 = message_filters::NullType; M5 = message_filters::NullType; M6 = message_filters::NullType; M7 = message_filters::NullType; M8 = message_filters::NullType][m[K’:
[2.881s] [01m[K/opt/ros/foxy/include/message_filters/signal9.h:230:170:[m[K   required from ‘[01m[Kmessage_filters::Connection message_filters::Signal9<M0, M1, M2, M3, M4, M5, M6, M7, M8>::addCallback(void (T::*)(P0, P1), T*) [with T = Consumer; P0 = std::unique_ptr<test_interfaces::msg::Test_<std::allocator<void> >, std::default_delete<test_interfaces::msg::Test_<std::allocator<void> > > >; P1 = std::unique_ptr<test_interfaces::msg::Test_<std::allocator<void> >, std::default_delete<test_interfaces::msg::Test_<std::allocator<void> > > >; M0 = test_interfaces::msg::Test_<std::allocator<void> >; M1 = test_interfaces::msg::Test_<std::allocator<void> >; M2 = message_filters::NullType; M3 = message_filters::NullType; M4 = message_filters::NullType; M5 = message_filters::NullType; M6 = message_filters::NullType; M7 = message_filters::NullType; M8 = message_filters::NullType][m[K’
[2.881s] [01m[K/opt/ros/foxy/include/message_filters/synchronizer.h:304:43:[m[K   required from ‘[01m[Kmessage_filters::Connection message_filters::Synchronizer<Policy>::registerCallback(const C&, T*) [with C = void (Consumer::*)(std::unique_ptr<test_interfaces::msg::Test_<std::allocator<void> >, std::default_delete<test_interfaces::msg::Test_<std::allocator<void> > > >, std::unique_ptr<test_interfaces::msg::Test_<std::allocator<void> >, std::default_delete<test_interfaces::msg::Test_<std::allocator<void> > > >); T = Consumer; Policy = message_filters::sync_policies::ApproximateTime<test_interfaces::msg::Test_<std::allocator<void> >, test_interfaces::msg::Test_<std::allocator<void> > >][m[K’
[2.881s] [01m[K/ros2_test/AD_Middle_Test/ros2/src/simple_s/src/intra_pipe.cpp:111:65:[m[K   required from here
[2.881s] [01m[K/usr/include/c++/9/bits/shared_ptr.h:129:7:[m[K [01;36m[Knote: [m[Kcandidate: ‘[01m[Kstd::shared_ptr<_Tp>::shared_ptr(const std::shared_ptr<_Tp>&) [with _Tp = message_filters::CallbackHelper9<test_interfaces::msg::Test_<std::allocator<void> >, test_interfaces::msg::Test_<std::allocator<void> >, message_filters::NullType, message_filters::NullType, message_filters::NullType, message_filters::NullType, message_filters::NullType, message_filters::NullType, message_filters::NullType>][m[K’
[2.882s]   129 |       [01;36m[Kshared_ptr[m[K(const shared_ptr&) noexcept = default;
[2.882s]       |       [01;36m[K^~~~~~~~~~[m[K
[2.882s] [01m[K/usr/include/c++/9/bits/shared_ptr.h:129:18:[m[K [01;36m[Knote: [m[K  no known conversion for argument 1 from ‘[01m[Kmessage_filters::CallbackHelper9T<std::unique_ptr<test_interfaces::msg::Test_<std::allocator<void> >, std::default_delete<test_interfaces::msg::Test_<std::allocator<void> > > >, std::unique_ptr<test_interfaces::msg::Test_<std::allocator<void> >, std::default_delete<test_interfaces::msg::Test_<std::allocator<void> > > >, const std::shared_ptr<const message_filters::NullType>&, const std::shared_ptr<const message_filters::NullType>&, const std::shared_ptr<const message_filters::NullType>&, const std::shared_ptr<const message_filters::NullType>&, const std::shared_ptr<const message_filters::NullType>&, const std::shared_ptr<const message_filters::NullType>&, const std::shared_ptr<const message_filters::NullType>&>*[m[K’ to ‘[01m[Kconst std::shared_ptr<message_filters::CallbackHelper9<test_interfaces::msg::Test_<std::allocator<void> >, test_interfaces::msg::Test_<std::allocator<void> >, message_filters::NullType, message_filters::NullType, message_filters::NullType, message_filters::NullType, message_filters::NullType, message_filters::NullType, message_filters::NullType> >&[m[K’
[2.882s]   129 |       shared_ptr([01;36m[Kconst shared_ptr&[m[K) noexcept = default;
[2.882s]       |                  [01;36m[K^~~~~~~~~~~~~~~~~[m[K
[2.882s] [01m[K/usr/include/c++/9/bits/shared_ptr.h:127:17:[m[K [01;36m[Knote: [m[Kcandidate: ‘[01m[Kconstexpr std::shared_ptr<_Tp>::shared_ptr() [with _Tp = message_filters::CallbackHelper9<test_interfaces::msg::Test_<std::allocator<void> >, test_interfaces::msg::Test_<std::allocator<void> >, message_filters::NullType, message_filters::NullType, message_filters::NullType, message_filters::NullType, message_filters::NullType, message_filters::NullType, message_filters::NullType>][m[K’
[2.882s]   127 |       constexpr [01;36m[Kshared_ptr[m[K() noexcept : __shared_ptr<_Tp>() { }
[2.883s]       |                 [01;36m[K^~~~~~~~~~[m[K
[2.883s] [01m[K/usr/include/c++/9/bits/shared_ptr.h:127:17:[m[K [01;36m[Knote: [m[K  candidate expects 0 arguments, 1 provided
[4.594s] In file included from [01m[K/opt/ros/foxy/include/message_filters/signal1.h:43[m[K,
[4.594s]                  from [01m[K/opt/ros/foxy/include/message_filters/simple_filter.h:43[m[K,
[4.595s]                  from [01m[K/opt/ros/foxy/include/message_filters/subscriber.h:41[m[K,
[4.595s]                  from [01m[K/ros2_test/AD_Middle_Test/ros2/src/simple_s/src/intra_pipe.cpp:9[m[K:
[4.595s] /opt/ros/foxy/include/message_filters/parameter_adapter.h: In instantiation of ‘[01m[Kstatic message_filters::ParameterAdapter<M>::Parameter message_filters::ParameterAdapter<M>::getParameter(const Event&) [with M = std::unique_ptr<test_interfaces::msg::Test_<std::allocator<void> >, std::default_delete<test_interfaces::msg::Test_<std::allocator<void> > > >; message_filters::ParameterAdapter<M>::Parameter = std::unique_ptr<test_interfaces::msg::Test_<std::allocator<void> >, std::default_delete<test_interfaces::msg::Test_<std::allocator<void> > > >; message_filters::ParameterAdapter<M>::Event = message_filters::MessageEvent<const std::unique_ptr<test_interfaces::msg::Test_<std::allocator<void> >, std::default_delete<test_interfaces::msg::Test_<std::allocator<void> > > > >; typename std::remove_reference<typename std::remove_const<_Tp>::type>::type = std::unique_ptr<test_interfaces::msg::Test_<std::allocator<void> >, std::default_delete<test_interfaces::msg::Test_<std::allocator<void> > > >][m[K’:
[4.595s] [01m[K/opt/ros/foxy/include/message_filters/signal9.h:126:31:[m[K   required from ‘[01m[Kvoid message_filters::CallbackHelper9T<P0, P1, P2, P3, P4, P5, P6, P7, P8>::call(bool, const M0Event&, const M1Event&, const M2Event&, const M3Event&, const M4Event&, const M5Event&, const M6Event&, const M7Event&, const M8Event&) [with P0 = std::unique_ptr<test_interfaces::msg::Test_<std::allocator<void> >, std::default_delete<test_interfaces::msg::Test_<std::allocator<void> > > >; P1 = std::unique_ptr<test_interfaces::msg::Test_<std::allocator<void> >, std::default_delete<test_interfaces::msg::Test_<std::allocator<void> > > >; P2 = const std::shared_ptr<const message_filters::NullType>&; P3 = const std::shared_ptr<const message_filters::NullType>&; P4 = const std::shared_ptr<const message_filters::NullType>&; P5 = const std::shared_ptr<const message_filters::NullType>&; P6 = const std::shared_ptr<const message_filters::NullType>&; P7 = const std::shared_ptr<const message_filters::NullType>&; P8 = const std::shared_ptr<const message_filters::NullType>&; message_filters::CallbackHelper9T<P0, P1, P2, P3, P4, P5, P6, P7, P8>::M0Event = message_filters::MessageEvent<const std::unique_ptr<test_interfaces::msg::Test_<std::allocator<void> >, std::default_delete<test_interfaces::msg::Test_<std::allocator<void> > > > >; message_filters::CallbackHelper9T<P0, P1, P2, P3, P4, P5, P6, P7, P8>::M1Event = message_filters::MessageEvent<const std::unique_ptr<test_interfaces::msg::Test_<std::allocator<void> >, std::default_delete<test_interfaces::msg::Test_<std::allocator<void> > > > >; message_filters::CallbackHelper9T<P0, P1, P2, P3, P4, P5, P6, P7, P8>::M2Event = message_filters::MessageEvent<const message_filters::NullType>; message_filters::CallbackHelper9T<P0, P1, P2, P3, P4, P5, P6, P7, P8>::M3Event = message_filters::MessageEvent<const message_filters::NullType>; message_filters::CallbackHelper9T<P0, P1, P2, P3, P4, P5, P6, P7, P8>::M4Event = message_filters::MessageEvent<const message_filters::NullType>; message_filters::CallbackHelper9T<P0, P1, P2, P3, P4, P5, P6, P7, P8>::M5Event = message_filters::MessageEvent<const message_filters::NullType>; message_filters::CallbackHelper9T<P0, P1, P2, P3, P4, P5, P6, P7, P8>::M6Event = message_filters::MessageEvent<const message_filters::NullType>; message_filters::CallbackHelper9T<P0, P1, P2, P3, P4, P5, P6, P7, P8>::M7Event = message_filters::MessageEvent<const message_filters::NullType>; message_filters::CallbackHelper9T<P0, P1, P2, P3, P4, P5, P6, P7, P8>::M8Event = message_filters::MessageEvent<const message_filters::NullType>][m[K’
[4.595s] [01m[K/opt/ros/foxy/include/message_filters/signal9.h:114:16:[m[K   required from here
[4.595s] [01m[K/opt/ros/foxy/include/message_filters/parameter_adapter.h:78:30:[m[K [01;31m[Kerror: [m[Kuse of deleted function ‘[01m[Kstd::unique_ptr<_Tp, _Dp>::unique_ptr(const std::unique_ptr<_Tp, _Dp>&) [with _Tp = test_interfaces::msg::Test_<std::allocator<void> >; _Dp = std::default_delete<test_interfaces::msg::Test_<std::allocator<void> > >][m[K’
[4.595s]    78 |     return *event.getMessage([01;31m[K)[m[K;
[4.596s]       |                              [01;31m[K^[m[K
[4.596s] In file included from [01m[K/usr/include/c++/9/memory:80[m[K,
[4.596s]                  from [01m[K/ros2_test/AD_Middle_Test/ros2/src/simple_s/src/intra_pipe.cpp:4[m[K:
[4.596s] [01m[K/usr/include/c++/9/bits/unique_ptr.h:414:7:[m[K [01;36m[Knote: [m[Kdeclared here
[4.596s]   414 |       [01;36m[Kunique_ptr[m[K(const unique_ptr&) = delete;
[4.596s]       |       [01;36m[K^~~~~~~~~~[m[K
[4.625s] In file included from [01m[K/opt/ros/foxy/include/message_filters/signal1.h:42[m[K,
[4.625s]                  from [01m[K/opt/ros/foxy/include/message_filters/simple_filter.h:43[m[K,
[4.625s]                  from [01m[K/opt/ros/foxy/include/message_filters/subscriber.h:41[m[K,
[4.625s]                  from [01m[K/ros2_test/AD_Middle_Test/ros2/src/simple_s/src/intra_pipe.cpp:9[m[K:
[4.626s] /opt/ros/foxy/include/message_filters/message_event.h: In instantiation of ‘[01m[Ktypename std::enable_if<(! std::is_void<_Yp>::value), std::shared_ptr<_Tp> >::type message_filters::MessageEvent<M>::copyMessageIfNecessary() const [with M2 = const std::unique_ptr<test_interfaces::msg::Test_<std::allocator<void> >, std::default_delete<test_interfaces::msg::Test_<std::allocator<void> > > >; M = const std::unique_ptr<test_interfaces::msg::Test_<std::allocator<void> >, std::default_delete<test_interfaces::msg::Test_<std::allocator<void> > > >; typename std::enable_if<(! std::is_void<_Yp>::value), std::shared_ptr<_Tp> >::type = std::shared_ptr<const std::unique_ptr<test_interfaces::msg::Test_<std::allocator<void> >, std::default_delete<test_interfaces::msg::Test_<std::allocator<void> > > > >][m[K’:
[4.626s] [01m[K/opt/ros/foxy/include/message_filters/message_event.h:160:38:[m[K   required from ‘[01m[Kstd::shared_ptr<_Tp> message_filters::MessageEvent<M>::getMessage() const [with M = const std::unique_ptr<test_interfaces::msg::Test_<std::allocator<void> >, std::default_delete<test_interfaces::msg::Test_<std::allocator<void> > > >][m[K’
[4.626s] [01m[K/opt/ros/foxy/include/message_filters/parameter_adapter.h:78:12:[m[K   required from ‘[01m[Kstatic message_filters::ParameterAdapter<M>::Parameter message_filters::ParameterAdapter<M>::getParameter(const Event&) [with M = std::unique_ptr<test_interfaces::msg::Test_<std::allocator<void> >, std::default_delete<test_interfaces::msg::Test_<std::allocator<void> > > >; message_filters::ParameterAdapter<M>::Parameter = std::unique_ptr<test_interfaces::msg::Test_<std::allocator<void> >, std::default_delete<test_interfaces::msg::Test_<std::allocator<void> > > >; message_filters::ParameterAdapter<M>::Event = message_filters::MessageEvent<const std::unique_ptr<test_interfaces::msg::Test_<std::allocator<void> >, std::default_delete<test_interfaces::msg::Test_<std::allocator<void> > > > >; typename std::remove_reference<typename std::remove_const<_Tp>::type>::type = std::unique_ptr<test_interfaces::msg::Test_<std::allocator<void> >, std::default_delete<test_interfaces::msg::Test_<std::allocator<void> > > >][m[K’
[4.626s] [01m[K/opt/ros/foxy/include/message_filters/signal9.h:126:31:[m[K   required from ‘[01m[Kvoid message_filters::CallbackHelper9T<P0, P1, P2, P3, P4, P5, P6, P7, P8>::call(bool, const M0Event&, const M1Event&, const M2Event&, const M3Event&, const M4Event&, const M5Event&, const M6Event&, const M7Event&, const M8Event&) [with P0 = std::unique_ptr<test_interfaces::msg::Test_<std::allocator<void> >, std::default_delete<test_interfaces::msg::Test_<std::allocator<void> > > >; P1 = std::unique_ptr<test_interfaces::msg::Test_<std::allocator<void> >, std::default_delete<test_interfaces::msg::Test_<std::allocator<void> > > >; P2 = const std::shared_ptr<const message_filters::NullType>&; P3 = const std::shared_ptr<const message_filters::NullType>&; P4 = const std::shared_ptr<const message_filters::NullType>&; P5 = const std::shared_ptr<const message_filters::NullType>&; P6 = const std::shared_ptr<const message_filters::NullType>&; P7 = const std::shared_ptr<const message_filters::NullType>&; P8 = const std::shared_ptr<const message_filters::NullType>&; message_filters::CallbackHelper9T<P0, P1, P2, P3, P4, P5, P6, P7, P8>::M0Event = message_filters::MessageEvent<const std::unique_ptr<test_interfaces::msg::Test_<std::allocator<void> >, std::default_delete<test_interfaces::msg::Test_<std::allocator<void> > > > >; message_filters::CallbackHelper9T<P0, P1, P2, P3, P4, P5, P6, P7, P8>::M1Event = message_filters::MessageEvent<const std::unique_ptr<test_interfaces::msg::Test_<std::allocator<void> >, std::default_delete<test_interfaces::msg::Test_<std::allocator<void> > > > >; message_filters::CallbackHelper9T<P0, P1, P2, P3, P4, P5, P6, P7, P8>::M2Event = message_filters::MessageEvent<const message_filters::NullType>; message_filters::CallbackHelper9T<P0, P1, P2, P3, P4, P5, P6, P7, P8>::M3Event = message_filters::MessageEvent<const message_filters::NullType>; message_filters::CallbackHelper9T<P0, P1, P2, P3, P4, P5, P6, P7, P8>::M4Event = message_filters::MessageEvent<const message_filters::NullType>; message_filters::CallbackHelper9T<P0, P1, P2, P3, P4, P5, P6, P7, P8>::M5Event = message_filters::MessageEvent<const message_filters::NullType>; message_filters::CallbackHelper9T<P0, P1, P2, P3, P4, P5, P6, P7, P8>::M6Event = message_filters::MessageEvent<const message_filters::NullType>; message_filters::CallbackHelper9T<P0, P1, P2, P3, P4, P5, P6, P7, P8>::M7Event = message_filters::MessageEvent<const message_filters::NullType>; message_filters::CallbackHelper9T<P0, P1, P2, P3, P4, P5, P6, P7, P8>::M8Event = message_filters::MessageEvent<const message_filters::NullType>][m[K’
[4.626s] [01m[K/opt/ros/foxy/include/message_filters/signal9.h:114:16:[m[K   required from here
[4.626s] [01m[K/opt/ros/foxy/include/message_filters/message_event.h:219:20:[m[K [01;31m[Kerror: [m[Kuse of deleted function ‘[01m[Kstd::unique_ptr<_Tp, _Dp>& std::unique_ptr<_Tp, _Dp>::operator=(const std::unique_ptr<_Tp, _Dp>&) [with _Tp = test_interfaces::msg::Test_<std::allocator<void> >; _Dp = std::default_delete<test_interfaces::msg::Test_<std::allocator<void> > >][m[K’
[4.626s]   219 |     [01;31m[K*message_copy_ = *message_[m[K;
[4.627s]       |     [01;31m[K~~~~~~~~~~~~~~~^~~~~~~~~~~[m[K
[4.627s] In file included from [01m[K/usr/include/c++/9/memory:80[m[K,
[4.627s]                  from [01m[K/ros2_test/AD_Middle_Test/ros2/src/simple_s/src/intra_pipe.cpp:4[m[K:
[4.627s] [01m[K/usr/include/c++/9/bits/unique_ptr.h:415:19:[m[K [01;36m[Knote: [m[Kdeclared here
[4.627s]   415 |       unique_ptr& [01;36m[Koperator[m[K=(const unique_ptr&) = delete;
[4.627s]       |                   [01;36m[K^~~~~~~~[m[K
[5.103s] make[2]: *** [CMakeFiles/intra_pipe.dir/build.make:63: CMakeFiles/intra_pipe.dir/src/intra_pipe.cpp.o] Error 1
[5.103s] make[1]: *** [CMakeFiles/Makefile2:163: CMakeFiles/intra_pipe.dir/all] Error 2
[5.103s] make[1]: *** Waiting for unfinished jobs....
[8.393s] [ 83%] [32m[1mLinking CXX executable listener[0m
[8.733s] [ 83%] Built target listener
[8.734s] make: *** [Makefile:141: all] Error 2
