[0.109s] [35m[1mScanning dependencies of target fusionMiddle[0m
[0.149s] [ 20%] Built target trackerRos2
[0.160s] [ 40%] Built target line
[0.162s] [ 60%] Built target yoloDetect
[0.166s] [ 70%] [32mBuilding CXX object CMakeFiles/fusionMiddle.dir/src/FusionMiddle.cpp.o[0m
[0.177s] [ 90%] Built target cameraTimer
[15.801s] [100%] [32m[1mLinking CXX executable fusionMiddle[0m
[16.412s] [100%] Built target fusionMiddle
[16.486s] -- Install configuration: ""
[16.487s] -- Up-to-date: /ros2_test/AD_Middle_Test/ros2/install/detect_s/lib/detect_s/cameraTimer
[16.487s] -- Up-to-date: /ros2_test/AD_Middle_Test/ros2/install/detect_s/lib/detect_s/yoloDetect
[16.488s] -- Up-to-date: /ros2_test/AD_Middle_Test/ros2/install/detect_s/lib/detect_s/line
[16.488s] -- Up-to-date: /ros2_test/AD_Middle_Test/ros2/install/detect_s/lib/detect_s/trackerRos2
[16.489s] -- Installing: /ros2_test/AD_Middle_Test/ros2/install/detect_s/lib/detect_s/fusionMiddle
[16.494s] -- Set runtime path of "/ros2_test/AD_Middle_Test/ros2/install/detect_s/lib/detect_s/fusionMiddle" to ""
[16.495s] -- Up-to-date: /ros2_test/AD_Middle_Test/ros2/install/detect_s/share/ament_index/resource_index/package_run_dependencies/detect_s
[16.495s] -- Up-to-date: /ros2_test/AD_Middle_Test/ros2/install/detect_s/share/ament_index/resource_index/parent_prefix_path/detect_s
[16.495s] -- Up-to-date: /ros2_test/AD_Middle_Test/ros2/install/detect_s/share/detect_s/environment/ament_prefix_path.sh
[16.495s] -- Installing: /ros2_test/AD_Middle_Test/ros2/install/detect_s/share/detect_s/environment/ament_prefix_path.dsv
[16.495s] -- Up-to-date: /ros2_test/AD_Middle_Test/ros2/install/detect_s/share/detect_s/environment/path.sh
[16.495s] -- Installing: /ros2_test/AD_Middle_Test/ros2/install/detect_s/share/detect_s/environment/path.dsv
[16.496s] -- Up-to-date: /ros2_test/AD_Middle_Test/ros2/install/detect_s/share/detect_s/local_setup.bash
[16.496s] -- Up-to-date: /ros2_test/AD_Middle_Test/ros2/install/detect_s/share/detect_s/local_setup.sh
[16.496s] -- Up-to-date: /ros2_test/AD_Middle_Test/ros2/install/detect_s/share/detect_s/local_setup.zsh
[16.496s] -- Installing: /ros2_test/AD_Middle_Test/ros2/install/detect_s/share/detect_s/local_setup.dsv
[16.496s] -- Installing: /ros2_test/AD_Middle_Test/ros2/install/detect_s/share/detect_s/package.dsv
[16.496s] -- Up-to-date: /ros2_test/AD_Middle_Test/ros2/install/detect_s/share/ament_index/resource_index/packages/detect_s
[16.497s] -- Up-to-date: /ros2_test/AD_Middle_Test/ros2/install/detect_s/share/detect_s/cmake/detect_sConfig.cmake
[16.497s] -- Up-to-date: /ros2_test/AD_Middle_Test/ros2/install/detect_s/share/detect_s/cmake/detect_sConfig-version.cmake
[16.497s] -- Up-to-date: /ros2_test/AD_Middle_Test/ros2/install/detect_s/share/detect_s/package.xml
