[0.037s] Invoking command in '/ros2_test/AD_Middle_Test/ros2/build/turtlesim': /usr/bin/cmake --build /ros2_test/AD_Middle_Test/ros2/build/turtlesim -- -j5 -l5
[0.131s] [  1%] Built target turtlesim__cpp
[0.144s] [ 11%] Built target turtlesim__rosidl_generator_c
[0.229s] [ 21%] Built target turtlesim__rosidl_typesupport_fastrtps_cpp
[0.235s] [ 31%] Built target turtlesim__rosidl_typesupport_introspection_cpp
[0.267s] [ 41%] Built target turtlesim__rosidl_typesupport_c
[0.278s] [ 51%] Built target turtlesim__rosidl_typesupport_cpp
[0.285s] [ 61%] Built target turtlesim__rosidl_typesupport_introspection_c
[0.314s] [ 71%] Built target turtlesim__rosidl_typesupport_fastrtps_c
[0.343s] [ 71%] Built target turtlesim
[0.421s] [ 73%] Built target mimic
[0.435s] [ 74%] Built target turtlesim__py
[0.441s] [ 76%] Built target turtle_teleop_key
[0.476s] [ 78%] Built target draw_square
[0.485s] [ 84%] Built target turtlesim_node
[0.512s] [ 93%] Built target turtlesim__python
[0.572s] [ 95%] Built target turtlesim__rosidl_typesupport_introspection_c__pyext
[0.582s] [ 97%] Built target turtlesim__rosidl_typesupport_c__pyext
[0.587s] [100%] Built target turtlesim__rosidl_typesupport_fastrtps_c__pyext
[0.603s] Invoked command in '/ros2_test/AD_Middle_Test/ros2/build/turtlesim' returned '0': /usr/bin/cmake --build /ros2_test/AD_Middle_Test/ros2/build/turtlesim -- -j5 -l5
[0.896s] Invoking command in '/ros2_test/AD_Middle_Test/ros2/build/turtlesim': /usr/bin/cmake --install /ros2_test/AD_Middle_Test/ros2/build/turtlesim
[0.910s] -- Install configuration: ""
[0.911s] -- Up-to-date: /ros2_test/AD_Middle_Test/ros2/install/turtlesim/share/ament_index/resource_index/rosidl_interfaces/turtlesim
[0.911s] -- Up-to-date: /ros2_test/AD_Middle_Test/ros2/install/turtlesim/lib/libturtlesim__rosidl_typesupport_c.so
[0.912s] -- Up-to-date: /ros2_test/AD_Middle_Test/ros2/install/turtlesim/share/turtlesim/environment/library_path.sh
[0.912s] -- Up-to-date: /ros2_test/AD_Middle_Test/ros2/install/turtlesim/share/turtlesim/environment/library_path.dsv
[0.913s] -- Up-to-date: /ros2_test/AD_Middle_Test/ros2/install/turtlesim/lib/libturtlesim__rosidl_typesupport_cpp.so
[0.913s] -- Up-to-date: /ros2_test/AD_Middle_Test/ros2/install/turtlesim/include/turtlesim
[0.914s] -- Up-to-date: /ros2_test/AD_Middle_Test/ros2/install/turtlesim/include/turtlesim/msg
[0.914s] -- Up-to-date: /ros2_test/AD_Middle_Test/ros2/install/turtlesim/include/turtlesim/msg/rosidl_typesupport_introspection_c__visibility_control.h
[0.914s] -- Up-to-date: /ros2_test/AD_Middle_Test/ros2/install/turtlesim/include/turtlesim/msg/detail
[0.915s] -- Up-to-date: /ros2_test/AD_Middle_Test/ros2/install/turtlesim/include/turtlesim/msg/detail/pose__type_support.c
[0.915s] -- Up-to-date: /ros2_test/AD_Middle_Test/ros2/install/turtlesim/include/turtlesim/msg/detail/pose__rosidl_typesupport_introspection_c.h
[0.915s] -- Up-to-date: /ros2_test/AD_Middle_Test/ros2/install/turtlesim/include/turtlesim/msg/detail/color__rosidl_typesupport_introspection_c.h
[0.915s] -- Up-to-date: /ros2_test/AD_Middle_Test/ros2/install/turtlesim/include/turtlesim/msg/detail/color__type_support.c
[0.915s] -- Up-to-date: /ros2_test/AD_Middle_Test/ros2/install/turtlesim/include/turtlesim/srv
[0.916s] -- Up-to-date: /ros2_test/AD_Middle_Test/ros2/install/turtlesim/include/turtlesim/srv/detail
[0.916s] -- Up-to-date: /ros2_test/AD_Middle_Test/ros2/install/turtlesim/include/turtlesim/srv/detail/set_pen__rosidl_typesupport_introspection_c.h
[0.916s] -- Up-to-date: /ros2_test/AD_Middle_Test/ros2/install/turtlesim/include/turtlesim/srv/detail/teleport_absolute__rosidl_typesupport_introspection_c.h
[0.916s] -- Up-to-date: /ros2_test/AD_Middle_Test/ros2/install/turtlesim/include/turtlesim/srv/detail/set_pen__type_support.c
[0.917s] -- Up-to-date: /ros2_test/AD_Middle_Test/ros2/install/turtlesim/include/turtlesim/srv/detail/teleport_relative__type_support.c
[0.917s] -- Up-to-date: /ros2_test/AD_Middle_Test/ros2/install/turtlesim/include/turtlesim/srv/detail/spawn__type_support.c
[0.917s] -- Up-to-date: /ros2_test/AD_Middle_Test/ros2/install/turtlesim/include/turtlesim/srv/detail/teleport_absolute__type_support.c
[0.917s] -- Up-to-date: /ros2_test/AD_Middle_Test/ros2/install/turtlesim/include/turtlesim/srv/detail/kill__type_support.c
[0.918s] -- Up-to-date: /ros2_test/AD_Middle_Test/ros2/install/turtlesim/include/turtlesim/srv/detail/teleport_relative__rosidl_typesupport_introspection_c.h
[0.918s] -- Up-to-date: /ros2_test/AD_Middle_Test/ros2/install/turtlesim/include/turtlesim/srv/detail/kill__rosidl_typesupport_introspection_c.h
[0.918s] -- Up-to-date: /ros2_test/AD_Middle_Test/ros2/install/turtlesim/include/turtlesim/srv/detail/spawn__rosidl_typesupport_introspection_c.h
[0.918s] -- Up-to-date: /ros2_test/AD_Middle_Test/ros2/install/turtlesim/include/turtlesim/action
[0.919s] -- Up-to-date: /ros2_test/AD_Middle_Test/ros2/install/turtlesim/include/turtlesim/action/detail
[0.919s] -- Up-to-date: /ros2_test/AD_Middle_Test/ros2/install/turtlesim/include/turtlesim/action/detail/rotate_absolute__rosidl_typesupport_introspection_c.h
[0.919s] -- Up-to-date: /ros2_test/AD_Middle_Test/ros2/install/turtlesim/include/turtlesim/action/detail/rotate_absolute__type_support.c
[0.920s] -- Up-to-date: /ros2_test/AD_Middle_Test/ros2/install/turtlesim/lib/libturtlesim__rosidl_typesupport_introspection_c.so
[0.920s] -- Up-to-date: /ros2_test/AD_Middle_Test/ros2/install/turtlesim/include/turtlesim
[0.921s] -- Up-to-date: /ros2_test/AD_Middle_Test/ros2/install/turtlesim/include/turtlesim/msg
[0.921s] -- Up-to-date: /ros2_test/AD_Middle_Test/ros2/install/turtlesim/include/turtlesim/msg/detail
[0.921s] -- Up-to-date: /ros2_test/AD_Middle_Test/ros2/install/turtlesim/include/turtlesim/msg/detail/color__type_support.cpp
[0.921s] -- Up-to-date: /ros2_test/AD_Middle_Test/ros2/install/turtlesim/include/turtlesim/msg/detail/color__rosidl_typesupport_introspection_cpp.hpp
[0.922s] -- Up-to-date: /ros2_test/AD_Middle_Test/ros2/install/turtlesim/include/turtlesim/msg/detail/pose__type_support.cpp
[0.922s] -- Up-to-date: /ros2_test/AD_Middle_Test/ros2/install/turtlesim/include/turtlesim/msg/detail/pose__rosidl_typesupport_introspection_cpp.hpp
[0.922s] -- Up-to-date: /ros2_test/AD_Middle_Test/ros2/install/turtlesim/include/turtlesim/srv
[0.922s] -- Up-to-date: /ros2_test/AD_Middle_Test/ros2/install/turtlesim/include/turtlesim/srv/detail
[0.923s] -- Up-to-date: /ros2_test/AD_Middle_Test/ros2/install/turtlesim/include/turtlesim/srv/detail/kill__type_support.cpp
[0.923s] -- Up-to-date: /ros2_test/AD_Middle_Test/ros2/install/turtlesim/include/turtlesim/srv/detail/kill__rosidl_typesupport_introspection_cpp.hpp
[0.923s] -- Up-to-date: /ros2_test/AD_Middle_Test/ros2/install/turtlesim/include/turtlesim/srv/detail/teleport_relative__rosidl_typesupport_introspection_cpp.hpp
[0.923s] -- Up-to-date: /ros2_test/AD_Middle_Test/ros2/install/turtlesim/include/turtlesim/srv/detail/teleport_absolute__type_support.cpp
[0.924s] -- Up-to-date: /ros2_test/AD_Middle_Test/ros2/install/turtlesim/include/turtlesim/srv/detail/set_pen__type_support.cpp
[0.924s] -- Up-to-date: /ros2_test/AD_Middle_Test/ros2/install/turtlesim/include/turtlesim/srv/detail/spawn__rosidl_typesupport_introspection_cpp.hpp
[0.924s] -- Up-to-date: /ros2_test/AD_Middle_Test/ros2/install/turtlesim/include/turtlesim/srv/detail/spawn__type_support.cpp
[0.924s] -- Up-to-date: /ros2_test/AD_Middle_Test/ros2/install/turtlesim/include/turtlesim/srv/detail/teleport_absolute__rosidl_typesupport_introspection_cpp.hpp
[0.925s] -- Up-to-date: /ros2_test/AD_Middle_Test/ros2/install/turtlesim/include/turtlesim/srv/detail/teleport_relative__type_support.cpp
[0.925s] -- Up-to-date: /ros2_test/AD_Middle_Test/ros2/install/turtlesim/include/turtlesim/srv/detail/set_pen__rosidl_typesupport_introspection_cpp.hpp
[0.925s] -- Up-to-date: /ros2_test/AD_Middle_Test/ros2/install/turtlesim/include/turtlesim/action
[0.925s] -- Up-to-date: /ros2_test/AD_Middle_Test/ros2/install/turtlesim/include/turtlesim/action/detail
[0.926s] -- Up-to-date: /ros2_test/AD_Middle_Test/ros2/install/turtlesim/include/turtlesim/action/detail/rotate_absolute__rosidl_typesupport_introspection_cpp.hpp
[0.926s] -- Up-to-date: /ros2_test/AD_Middle_Test/ros2/install/turtlesim/include/turtlesim/action/detail/rotate_absolute__type_support.cpp
[0.927s] -- Up-to-date: /ros2_test/AD_Middle_Test/ros2/install/turtlesim/lib/libturtlesim__rosidl_typesupport_introspection_cpp.so
[0.927s] -- Up-to-date: /ros2_test/AD_Middle_Test/ros2/install/turtlesim/include/turtlesim
[0.928s] -- Up-to-date: /ros2_test/AD_Middle_Test/ros2/install/turtlesim/include/turtlesim/msg
[0.928s] -- Up-to-date: /ros2_test/AD_Middle_Test/ros2/install/turtlesim/include/turtlesim/msg/color__rosidl_typesupport_fastrtps_c.h
[0.928s] -- Up-to-date: /ros2_test/AD_Middle_Test/ros2/install/turtlesim/include/turtlesim/msg/pose__rosidl_typesupport_fastrtps_c.h
[0.929s] -- Up-to-date: /ros2_test/AD_Middle_Test/ros2/install/turtlesim/include/turtlesim/msg/rosidl_typesupport_fastrtps_c__visibility_control.h
[0.929s] -- Up-to-date: /ros2_test/AD_Middle_Test/ros2/install/turtlesim/include/turtlesim/srv
[0.929s] -- Up-to-date: /ros2_test/AD_Middle_Test/ros2/install/turtlesim/include/turtlesim/srv/teleport_absolute__rosidl_typesupport_fastrtps_c.h
[0.930s] -- Up-to-date: /ros2_test/AD_Middle_Test/ros2/install/turtlesim/include/turtlesim/srv/set_pen__rosidl_typesupport_fastrtps_c.h
[0.930s] -- Up-to-date: /ros2_test/AD_Middle_Test/ros2/install/turtlesim/include/turtlesim/srv/kill__rosidl_typesupport_fastrtps_c.h
[0.930s] -- Up-to-date: /ros2_test/AD_Middle_Test/ros2/install/turtlesim/include/turtlesim/srv/teleport_relative__rosidl_typesupport_fastrtps_c.h
[0.930s] -- Up-to-date: /ros2_test/AD_Middle_Test/ros2/install/turtlesim/include/turtlesim/srv/spawn__rosidl_typesupport_fastrtps_c.h
[0.930s] -- Up-to-date: /ros2_test/AD_Middle_Test/ros2/install/turtlesim/include/turtlesim/action
[0.931s] -- Up-to-date: /ros2_test/AD_Middle_Test/ros2/install/turtlesim/include/turtlesim/action/rotate_absolute__rosidl_typesupport_fastrtps_c.h
[0.931s] -- Up-to-date: /ros2_test/AD_Middle_Test/ros2/install/turtlesim/lib/libturtlesim__rosidl_typesupport_fastrtps_c.so
[0.932s] -- Up-to-date: /ros2_test/AD_Middle_Test/ros2/install/turtlesim/include/turtlesim
[0.932s] -- Up-to-date: /ros2_test/AD_Middle_Test/ros2/install/turtlesim/include/turtlesim/msg
[0.933s] -- Up-to-date: /ros2_test/AD_Middle_Test/ros2/install/turtlesim/include/turtlesim/msg/dds_fastrtps
[0.933s] -- Up-to-date: /ros2_test/AD_Middle_Test/ros2/install/turtlesim/include/turtlesim/msg/rosidl_typesupport_fastrtps_cpp__visibility_control.h
[0.933s] -- Up-to-date: /ros2_test/AD_Middle_Test/ros2/install/turtlesim/include/turtlesim/msg/pose__rosidl_typesupport_fastrtps_cpp.hpp
[0.933s] -- Up-to-date: /ros2_test/AD_Middle_Test/ros2/install/turtlesim/include/turtlesim/msg/color__rosidl_typesupport_fastrtps_cpp.hpp
[0.933s] -- Up-to-date: /ros2_test/AD_Middle_Test/ros2/install/turtlesim/include/turtlesim/srv
[0.934s] -- Up-to-date: /ros2_test/AD_Middle_Test/ros2/install/turtlesim/include/turtlesim/srv/dds_fastrtps
[0.934s] -- Up-to-date: /ros2_test/AD_Middle_Test/ros2/install/turtlesim/include/turtlesim/srv/set_pen__rosidl_typesupport_fastrtps_cpp.hpp
[0.934s] -- Up-to-date: /ros2_test/AD_Middle_Test/ros2/install/turtlesim/include/turtlesim/srv/teleport_absolute__rosidl_typesupport_fastrtps_cpp.hpp
[0.934s] -- Up-to-date: /ros2_test/AD_Middle_Test/ros2/install/turtlesim/include/turtlesim/srv/spawn__rosidl_typesupport_fastrtps_cpp.hpp
[0.935s] -- Up-to-date: /ros2_test/AD_Middle_Test/ros2/install/turtlesim/include/turtlesim/srv/teleport_relative__rosidl_typesupport_fastrtps_cpp.hpp
[0.935s] -- Up-to-date: /ros2_test/AD_Middle_Test/ros2/install/turtlesim/include/turtlesim/srv/kill__rosidl_typesupport_fastrtps_cpp.hpp
[0.935s] -- Up-to-date: /ros2_test/AD_Middle_Test/ros2/install/turtlesim/include/turtlesim/action
[0.935s] -- Up-to-date: /ros2_test/AD_Middle_Test/ros2/install/turtlesim/include/turtlesim/action/rotate_absolute__rosidl_typesupport_fastrtps_cpp.hpp
[0.936s] -- Up-to-date: /ros2_test/AD_Middle_Test/ros2/install/turtlesim/include/turtlesim/action/dds_fastrtps
[0.936s] -- Up-to-date: /ros2_test/AD_Middle_Test/ros2/install/turtlesim/lib/libturtlesim__rosidl_typesupport_fastrtps_cpp.so
[0.937s] -- Up-to-date: /ros2_test/AD_Middle_Test/ros2/install/turtlesim/include/turtlesim
[0.937s] -- Up-to-date: /ros2_test/AD_Middle_Test/ros2/install/turtlesim/include/turtlesim/msg
[0.938s] -- Up-to-date: /ros2_test/AD_Middle_Test/ros2/install/turtlesim/include/turtlesim/msg/color.h
[0.938s] -- Up-to-date: /ros2_test/AD_Middle_Test/ros2/install/turtlesim/include/turtlesim/msg/pose.h
[0.938s] -- Up-to-date: /ros2_test/AD_Middle_Test/ros2/install/turtlesim/include/turtlesim/msg/detail
[0.938s] -- Up-to-date: /ros2_test/AD_Middle_Test/ros2/install/turtlesim/include/turtlesim/msg/detail/color__functions.h
[0.938s] -- Up-to-date: /ros2_test/AD_Middle_Test/ros2/install/turtlesim/include/turtlesim/msg/detail/color__struct.h
[0.943s] -- Up-to-date: /ros2_test/AD_Middle_Test/ros2/install/turtlesim/include/turtlesim/msg/detail/color__type_support.h
[0.943s] -- Up-to-date: /ros2_test/AD_Middle_Test/ros2/install/turtlesim/include/turtlesim/msg/detail/pose__functions.c
[0.944s] -- Up-to-date: /ros2_test/AD_Middle_Test/ros2/install/turtlesim/include/turtlesim/msg/detail/pose__type_support.h
[0.944s] -- Up-to-date: /ros2_test/AD_Middle_Test/ros2/install/turtlesim/include/turtlesim/msg/detail/color__functions.c
[0.944s] -- Up-to-date: /ros2_test/AD_Middle_Test/ros2/install/turtlesim/include/turtlesim/msg/detail/pose__functions.h
[0.944s] -- Up-to-date: /ros2_test/AD_Middle_Test/ros2/install/turtlesim/include/turtlesim/msg/detail/pose__struct.h
[0.944s] -- Up-to-date: /ros2_test/AD_Middle_Test/ros2/install/turtlesim/include/turtlesim/msg/rosidl_generator_c__visibility_control.h
[0.944s] -- Up-to-date: /ros2_test/AD_Middle_Test/ros2/install/turtlesim/include/turtlesim/srv
[0.944s] -- Up-to-date: /ros2_test/AD_Middle_Test/ros2/install/turtlesim/include/turtlesim/srv/spawn.h
[0.944s] -- Up-to-date: /ros2_test/AD_Middle_Test/ros2/install/turtlesim/include/turtlesim/srv/detail
[0.945s] -- Up-to-date: /ros2_test/AD_Middle_Test/ros2/install/turtlesim/include/turtlesim/srv/detail/teleport_absolute__type_support.h
[0.945s] -- Up-to-date: /ros2_test/AD_Middle_Test/ros2/install/turtlesim/include/turtlesim/srv/detail/spawn__struct.h
[0.945s] -- Up-to-date: /ros2_test/AD_Middle_Test/ros2/install/turtlesim/include/turtlesim/srv/detail/kill__functions.c
[0.945s] -- Up-to-date: /ros2_test/AD_Middle_Test/ros2/install/turtlesim/include/turtlesim/srv/detail/spawn__functions.h
[0.945s] -- Up-to-date: /ros2_test/AD_Middle_Test/ros2/install/turtlesim/include/turtlesim/srv/detail/set_pen__functions.h
[0.945s] -- Up-to-date: /ros2_test/AD_Middle_Test/ros2/install/turtlesim/include/turtlesim/srv/detail/spawn__type_support.h
[0.945s] -- Up-to-date: /ros2_test/AD_Middle_Test/ros2/install/turtlesim/include/turtlesim/srv/detail/teleport_relative__functions.c
[0.946s] -- Up-to-date: /ros2_test/AD_Middle_Test/ros2/install/turtlesim/include/turtlesim/srv/detail/kill__functions.h
[0.946s] -- Up-to-date: /ros2_test/AD_Middle_Test/ros2/install/turtlesim/include/turtlesim/srv/detail/teleport_relative__type_support.h
[0.946s] -- Up-to-date: /ros2_test/AD_Middle_Test/ros2/install/turtlesim/include/turtlesim/srv/detail/kill__type_support.h
[0.946s] -- Up-to-date: /ros2_test/AD_Middle_Test/ros2/install/turtlesim/include/turtlesim/srv/detail/teleport_relative__functions.h
[0.946s] -- Up-to-date: /ros2_test/AD_Middle_Test/ros2/install/turtlesim/include/turtlesim/srv/detail/set_pen__struct.h
[0.946s] -- Up-to-date: /ros2_test/AD_Middle_Test/ros2/install/turtlesim/include/turtlesim/srv/detail/set_pen__functions.c
[0.946s] -- Up-to-date: /ros2_test/AD_Middle_Test/ros2/install/turtlesim/include/turtlesim/srv/detail/teleport_absolute__functions.h
[0.947s] -- Up-to-date: /ros2_test/AD_Middle_Test/ros2/install/turtlesim/include/turtlesim/srv/detail/teleport_absolute__struct.h
[0.947s] -- Up-to-date: /ros2_test/AD_Middle_Test/ros2/install/turtlesim/include/turtlesim/srv/detail/spawn__functions.c
[0.947s] -- Up-to-date: /ros2_test/AD_Middle_Test/ros2/install/turtlesim/include/turtlesim/srv/detail/teleport_absolute__functions.c
[0.947s] -- Up-to-date: /ros2_test/AD_Middle_Test/ros2/install/turtlesim/include/turtlesim/srv/detail/kill__struct.h
[0.947s] -- Up-to-date: /ros2_test/AD_Middle_Test/ros2/install/turtlesim/include/turtlesim/srv/detail/teleport_relative__struct.h
[0.947s] -- Up-to-date: /ros2_test/AD_Middle_Test/ros2/install/turtlesim/include/turtlesim/srv/detail/set_pen__type_support.h
[0.947s] -- Up-to-date: /ros2_test/AD_Middle_Test/ros2/install/turtlesim/include/turtlesim/srv/set_pen.h
[0.948s] -- Up-to-date: /ros2_test/AD_Middle_Test/ros2/install/turtlesim/include/turtlesim/srv/kill.h
[0.948s] -- Up-to-date: /ros2_test/AD_Middle_Test/ros2/install/turtlesim/include/turtlesim/srv/teleport_relative.h
[0.948s] -- Up-to-date: /ros2_test/AD_Middle_Test/ros2/install/turtlesim/include/turtlesim/srv/teleport_absolute.h
[0.948s] -- Up-to-date: /ros2_test/AD_Middle_Test/ros2/install/turtlesim/include/turtlesim/action
[0.948s] -- Up-to-date: /ros2_test/AD_Middle_Test/ros2/install/turtlesim/include/turtlesim/action/detail
[0.948s] -- Up-to-date: /ros2_test/AD_Middle_Test/ros2/install/turtlesim/include/turtlesim/action/detail/rotate_absolute__functions.h
[0.948s] -- Up-to-date: /ros2_test/AD_Middle_Test/ros2/install/turtlesim/include/turtlesim/action/detail/rotate_absolute__struct.h
[0.949s] -- Up-to-date: /ros2_test/AD_Middle_Test/ros2/install/turtlesim/include/turtlesim/action/detail/rotate_absolute__functions.c
[0.949s] -- Up-to-date: /ros2_test/AD_Middle_Test/ros2/install/turtlesim/include/turtlesim/action/detail/rotate_absolute__type_support.h
[0.949s] -- Up-to-date: /ros2_test/AD_Middle_Test/ros2/install/turtlesim/include/turtlesim/action/rotate_absolute.h
[0.949s] -- Up-to-date: /ros2_test/AD_Middle_Test/ros2/install/turtlesim/lib/libturtlesim__rosidl_generator_c.so
[0.949s] -- Up-to-date: /ros2_test/AD_Middle_Test/ros2/install/turtlesim/include/turtlesim
[0.949s] -- Up-to-date: /ros2_test/AD_Middle_Test/ros2/install/turtlesim/include/turtlesim/msg
[0.949s] -- Up-to-date: /ros2_test/AD_Middle_Test/ros2/install/turtlesim/include/turtlesim/msg/color.hpp
[0.950s] -- Up-to-date: /ros2_test/AD_Middle_Test/ros2/install/turtlesim/include/turtlesim/msg/detail
[0.950s] -- Up-to-date: /ros2_test/AD_Middle_Test/ros2/install/turtlesim/include/turtlesim/msg/detail/pose__traits.hpp
[0.950s] -- Up-to-date: /ros2_test/AD_Middle_Test/ros2/install/turtlesim/include/turtlesim/msg/detail/color__struct.hpp
[0.950s] -- Up-to-date: /ros2_test/AD_Middle_Test/ros2/install/turtlesim/include/turtlesim/msg/detail/pose__struct.hpp
[0.950s] -- Up-to-date: /ros2_test/AD_Middle_Test/ros2/install/turtlesim/include/turtlesim/msg/detail/color__builder.hpp
[0.950s] -- Up-to-date: /ros2_test/AD_Middle_Test/ros2/install/turtlesim/include/turtlesim/msg/detail/color__traits.hpp
[0.950s] -- Up-to-date: /ros2_test/AD_Middle_Test/ros2/install/turtlesim/include/turtlesim/msg/detail/pose__builder.hpp
[0.950s] -- Up-to-date: /ros2_test/AD_Middle_Test/ros2/install/turtlesim/include/turtlesim/msg/pose.hpp
[0.951s] -- Up-to-date: /ros2_test/AD_Middle_Test/ros2/install/turtlesim/include/turtlesim/srv
[0.951s] -- Up-to-date: /ros2_test/AD_Middle_Test/ros2/install/turtlesim/include/turtlesim/srv/teleport_absolute.hpp
[0.951s] -- Up-to-date: /ros2_test/AD_Middle_Test/ros2/install/turtlesim/include/turtlesim/srv/spawn.hpp
[0.951s] -- Up-to-date: /ros2_test/AD_Middle_Test/ros2/install/turtlesim/include/turtlesim/srv/kill.hpp
[0.965s] -- Up-to-date: /ros2_test/AD_Middle_Test/ros2/install/turtlesim/include/turtlesim/srv/teleport_relative.hpp
[0.965s] -- Up-to-date: /ros2_test/AD_Middle_Test/ros2/install/turtlesim/include/turtlesim/srv/detail
[0.965s] -- Up-to-date: /ros2_test/AD_Middle_Test/ros2/install/turtlesim/include/turtlesim/srv/detail/set_pen__traits.hpp
[0.966s] -- Up-to-date: /ros2_test/AD_Middle_Test/ros2/install/turtlesim/include/turtlesim/srv/detail/teleport_absolute__struct.hpp
[0.966s] -- Up-to-date: /ros2_test/AD_Middle_Test/ros2/install/turtlesim/include/turtlesim/srv/detail/spawn__traits.hpp
[0.966s] -- Up-to-date: /ros2_test/AD_Middle_Test/ros2/install/turtlesim/include/turtlesim/srv/detail/kill__builder.hpp
[0.966s] -- Up-to-date: /ros2_test/AD_Middle_Test/ros2/install/turtlesim/include/turtlesim/srv/detail/kill__struct.hpp
[0.966s] -- Up-to-date: /ros2_test/AD_Middle_Test/ros2/install/turtlesim/include/turtlesim/srv/detail/teleport_relative__builder.hpp
[0.967s] -- Up-to-date: /ros2_test/AD_Middle_Test/ros2/install/turtlesim/include/turtlesim/srv/detail/kill__traits.hpp
[0.967s] -- Up-to-date: /ros2_test/AD_Middle_Test/ros2/install/turtlesim/include/turtlesim/srv/detail/spawn__builder.hpp
[0.967s] -- Up-to-date: /ros2_test/AD_Middle_Test/ros2/install/turtlesim/include/turtlesim/srv/detail/teleport_relative__traits.hpp
[0.967s] -- Up-to-date: /ros2_test/AD_Middle_Test/ros2/install/turtlesim/include/turtlesim/srv/detail/spawn__struct.hpp
[0.967s] -- Up-to-date: /ros2_test/AD_Middle_Test/ros2/install/turtlesim/include/turtlesim/srv/detail/teleport_absolute__builder.hpp
[0.967s] -- Up-to-date: /ros2_test/AD_Middle_Test/ros2/install/turtlesim/include/turtlesim/srv/detail/teleport_absolute__traits.hpp
[0.967s] -- Up-to-date: /ros2_test/AD_Middle_Test/ros2/install/turtlesim/include/turtlesim/srv/detail/set_pen__builder.hpp
[0.968s] -- Up-to-date: /ros2_test/AD_Middle_Test/ros2/install/turtlesim/include/turtlesim/srv/detail/set_pen__struct.hpp
[0.968s] -- Up-to-date: /ros2_test/AD_Middle_Test/ros2/install/turtlesim/include/turtlesim/srv/detail/teleport_relative__struct.hpp
[0.968s] -- Up-to-date: /ros2_test/AD_Middle_Test/ros2/install/turtlesim/include/turtlesim/srv/set_pen.hpp
[0.968s] -- Up-to-date: /ros2_test/AD_Middle_Test/ros2/install/turtlesim/include/turtlesim/action
[0.968s] -- Up-to-date: /ros2_test/AD_Middle_Test/ros2/install/turtlesim/include/turtlesim/action/rotate_absolute.hpp
[0.968s] -- Up-to-date: /ros2_test/AD_Middle_Test/ros2/install/turtlesim/include/turtlesim/action/detail
[0.968s] -- Up-to-date: /ros2_test/AD_Middle_Test/ros2/install/turtlesim/include/turtlesim/action/detail/rotate_absolute__builder.hpp
[0.968s] -- Up-to-date: /ros2_test/AD_Middle_Test/ros2/install/turtlesim/include/turtlesim/action/detail/rotate_absolute__traits.hpp
[0.969s] -- Up-to-date: /ros2_test/AD_Middle_Test/ros2/install/turtlesim/include/turtlesim/action/detail/rotate_absolute__struct.hpp
[0.969s] -- Up-to-date: /ros2_test/AD_Middle_Test/ros2/install/turtlesim/share/turtlesim/environment/pythonpath.sh
[0.969s] -- Up-to-date: /ros2_test/AD_Middle_Test/ros2/install/turtlesim/share/turtlesim/environment/pythonpath.dsv
[0.969s] -- Up-to-date: /ros2_test/AD_Middle_Test/ros2/install/turtlesim/lib/python3.8/site-packages/turtlesim/__init__.py
[1.036s] -- Up-to-date: /ros2_test/AD_Middle_Test/ros2/install/turtlesim/lib/python3.8/site-packages/turtlesim/action
[1.036s] -- Up-to-date: /ros2_test/AD_Middle_Test/ros2/install/turtlesim/lib/python3.8/site-packages/turtlesim/action/_rotate_absolute.py
[1.036s] -- Up-to-date: /ros2_test/AD_Middle_Test/ros2/install/turtlesim/lib/python3.8/site-packages/turtlesim/action/__init__.py
[1.036s] -- Up-to-date: /ros2_test/AD_Middle_Test/ros2/install/turtlesim/lib/python3.8/site-packages/turtlesim/action/_rotate_absolute_s.c
[1.037s] -- Up-to-date: /ros2_test/AD_Middle_Test/ros2/install/turtlesim/lib/python3.8/site-packages/turtlesim/msg
[1.037s] -- Up-to-date: /ros2_test/AD_Middle_Test/ros2/install/turtlesim/lib/python3.8/site-packages/turtlesim/msg/_pose.py
[1.037s] -- Up-to-date: /ros2_test/AD_Middle_Test/ros2/install/turtlesim/lib/python3.8/site-packages/turtlesim/msg/_color_s.c
[1.037s] -- Up-to-date: /ros2_test/AD_Middle_Test/ros2/install/turtlesim/lib/python3.8/site-packages/turtlesim/msg/_color.py
[1.037s] -- Up-to-date: /ros2_test/AD_Middle_Test/ros2/install/turtlesim/lib/python3.8/site-packages/turtlesim/msg/_pose_s.c
[1.038s] -- Up-to-date: /ros2_test/AD_Middle_Test/ros2/install/turtlesim/lib/python3.8/site-packages/turtlesim/msg/__init__.py
[1.038s] -- Up-to-date: /ros2_test/AD_Middle_Test/ros2/install/turtlesim/lib/python3.8/site-packages/turtlesim/srv
[1.038s] -- Up-to-date: /ros2_test/AD_Middle_Test/ros2/install/turtlesim/lib/python3.8/site-packages/turtlesim/srv/_spawn_s.c
[1.038s] -- Up-to-date: /ros2_test/AD_Middle_Test/ros2/install/turtlesim/lib/python3.8/site-packages/turtlesim/srv/_kill.py
[1.038s] -- Up-to-date: /ros2_test/AD_Middle_Test/ros2/install/turtlesim/lib/python3.8/site-packages/turtlesim/srv/_set_pen.py
[1.038s] -- Up-to-date: /ros2_test/AD_Middle_Test/ros2/install/turtlesim/lib/python3.8/site-packages/turtlesim/srv/_spawn.py
[1.039s] -- Up-to-date: /ros2_test/AD_Middle_Test/ros2/install/turtlesim/lib/python3.8/site-packages/turtlesim/srv/_teleport_relative.py
[1.039s] -- Up-to-date: /ros2_test/AD_Middle_Test/ros2/install/turtlesim/lib/python3.8/site-packages/turtlesim/srv/__init__.py
[1.039s] -- Up-to-date: /ros2_test/AD_Middle_Test/ros2/install/turtlesim/lib/python3.8/site-packages/turtlesim/srv/_teleport_relative_s.c
[1.039s] -- Up-to-date: /ros2_test/AD_Middle_Test/ros2/install/turtlesim/lib/python3.8/site-packages/turtlesim/srv/_kill_s.c
[1.039s] -- Up-to-date: /ros2_test/AD_Middle_Test/ros2/install/turtlesim/lib/python3.8/site-packages/turtlesim/srv/_teleport_absolute.py
[1.039s] -- Up-to-date: /ros2_test/AD_Middle_Test/ros2/install/turtlesim/lib/python3.8/site-packages/turtlesim/srv/_set_pen_s.c
[1.040s] -- Up-to-date: /ros2_test/AD_Middle_Test/ros2/install/turtlesim/lib/python3.8/site-packages/turtlesim/srv/_teleport_absolute_s.c
[1.040s] -- Up-to-date: /ros2_test/AD_Middle_Test/ros2/install/turtlesim/lib/python3.8/site-packages/turtlesim/turtlesim_s__rosidl_typesupport_fastrtps_c.cpython-38-x86_64-linux-gnu.so
[1.040s] -- Up-to-date: /ros2_test/AD_Middle_Test/ros2/install/turtlesim/lib/python3.8/site-packages/turtlesim/turtlesim_s__rosidl_typesupport_introspection_c.cpython-38-x86_64-linux-gnu.so
[1.040s] -- Up-to-date: /ros2_test/AD_Middle_Test/ros2/install/turtlesim/lib/python3.8/site-packages/turtlesim/turtlesim_s__rosidl_typesupport_c.cpython-38-x86_64-linux-gnu.so
[1.040s] -- Up-to-date: /ros2_test/AD_Middle_Test/ros2/install/turtlesim/lib/libturtlesim__python.so
[1.041s] -- Up-to-date: /ros2_test/AD_Middle_Test/ros2/install/turtlesim/share/turtlesim/action/RotateAbsolute.idl
[1.041s] -- Up-to-date: /ros2_test/AD_Middle_Test/ros2/install/turtlesim/share/turtlesim/msg/Color.idl
[1.041s] -- Up-to-date: /ros2_test/AD_Middle_Test/ros2/install/turtlesim/share/turtlesim/msg/Pose.idl
[1.065s] -- Up-to-date: /ros2_test/AD_Middle_Test/ros2/install/turtlesim/share/turtlesim/srv/Kill.idl
[1.066s] -- Up-to-date: /ros2_test/AD_Middle_Test/ros2/install/turtlesim/share/turtlesim/srv/SetPen.idl
[1.066s] -- Up-to-date: /ros2_test/AD_Middle_Test/ros2/install/turtlesim/share/turtlesim/srv/Spawn.idl
[1.066s] -- Up-to-date: /ros2_test/AD_Middle_Test/ros2/install/turtlesim/share/turtlesim/srv/TeleportAbsolute.idl
[1.066s] -- Up-to-date: /ros2_test/AD_Middle_Test/ros2/install/turtlesim/share/turtlesim/srv/TeleportRelative.idl
[1.067s] -- Up-to-date: /ros2_test/AD_Middle_Test/ros2/install/turtlesim/share/turtlesim/action/RotateAbsolute.action
[1.067s] -- Up-to-date: /ros2_test/AD_Middle_Test/ros2/install/turtlesim/share/turtlesim/msg/Color.msg
[1.067s] -- Up-to-date: /ros2_test/AD_Middle_Test/ros2/install/turtlesim/share/turtlesim/msg/Pose.msg
[1.067s] -- Up-to-date: /ros2_test/AD_Middle_Test/ros2/install/turtlesim/share/turtlesim/srv/Kill.srv
[1.067s] -- Up-to-date: /ros2_test/AD_Middle_Test/ros2/install/turtlesim/share/turtlesim/srv/Kill_Request.msg
[1.067s] -- Up-to-date: /ros2_test/AD_Middle_Test/ros2/install/turtlesim/share/turtlesim/srv/Kill_Response.msg
[1.068s] -- Up-to-date: /ros2_test/AD_Middle_Test/ros2/install/turtlesim/share/turtlesim/srv/SetPen.srv
[1.068s] -- Up-to-date: /ros2_test/AD_Middle_Test/ros2/install/turtlesim/share/turtlesim/srv/SetPen_Request.msg
[1.068s] -- Up-to-date: /ros2_test/AD_Middle_Test/ros2/install/turtlesim/share/turtlesim/srv/SetPen_Response.msg
[1.068s] -- Up-to-date: /ros2_test/AD_Middle_Test/ros2/install/turtlesim/share/turtlesim/srv/Spawn.srv
[1.068s] -- Up-to-date: /ros2_test/AD_Middle_Test/ros2/install/turtlesim/share/turtlesim/srv/Spawn_Request.msg
[1.068s] -- Up-to-date: /ros2_test/AD_Middle_Test/ros2/install/turtlesim/share/turtlesim/srv/Spawn_Response.msg
[1.069s] -- Up-to-date: /ros2_test/AD_Middle_Test/ros2/install/turtlesim/share/turtlesim/srv/TeleportAbsolute.srv
[1.069s] -- Up-to-date: /ros2_test/AD_Middle_Test/ros2/install/turtlesim/share/turtlesim/srv/TeleportAbsolute_Request.msg
[1.069s] -- Up-to-date: /ros2_test/AD_Middle_Test/ros2/install/turtlesim/share/turtlesim/srv/TeleportAbsolute_Response.msg
[1.069s] -- Up-to-date: /ros2_test/AD_Middle_Test/ros2/install/turtlesim/share/turtlesim/srv/TeleportRelative.srv
[1.069s] -- Up-to-date: /ros2_test/AD_Middle_Test/ros2/install/turtlesim/share/turtlesim/srv/TeleportRelative_Request.msg
[1.069s] -- Up-to-date: /ros2_test/AD_Middle_Test/ros2/install/turtlesim/share/turtlesim/srv/TeleportRelative_Response.msg
[1.070s] -- Up-to-date: /ros2_test/AD_Middle_Test/ros2/install/turtlesim/lib/turtlesim/turtlesim_node
[1.070s] -- Up-to-date: /ros2_test/AD_Middle_Test/ros2/install/turtlesim/lib/turtlesim/turtle_teleop_key
[1.070s] -- Up-to-date: /ros2_test/AD_Middle_Test/ros2/install/turtlesim/lib/turtlesim/draw_square
[1.070s] -- Up-to-date: /ros2_test/AD_Middle_Test/ros2/install/turtlesim/lib/turtlesim/mimic
[1.070s] -- Up-to-date: /ros2_test/AD_Middle_Test/ros2/install/turtlesim/share/turtlesim/images
[1.070s] -- Up-to-date: /ros2_test/AD_Middle_Test/ros2/install/turtlesim/share/turtlesim/images/ardent.png
[1.070s] -- Up-to-date: /ros2_test/AD_Middle_Test/ros2/install/turtlesim/share/turtlesim/images/bouncy.png
[1.071s] -- Up-to-date: /ros2_test/AD_Middle_Test/ros2/install/turtlesim/share/turtlesim/images/eloquent.png
[1.071s] -- Up-to-date: /ros2_test/AD_Middle_Test/ros2/install/turtlesim/share/turtlesim/images/dashing.png
[1.071s] -- Up-to-date: /ros2_test/AD_Middle_Test/ros2/install/turtlesim/share/turtlesim/images/crystal.png
[1.071s] -- Up-to-date: /ros2_test/AD_Middle_Test/ros2/install/turtlesim/share/turtlesim/launch
[1.071s] -- Up-to-date: /ros2_test/AD_Middle_Test/ros2/install/turtlesim/share/turtlesim/launch/multisim.launch.py
[1.071s] -- Up-to-date: /ros2_test/AD_Middle_Test/ros2/install/turtlesim/share/ament_index/resource_index/package_run_dependencies/turtlesim
[1.072s] -- Up-to-date: /ros2_test/AD_Middle_Test/ros2/install/turtlesim/share/ament_index/resource_index/parent_prefix_path/turtlesim
[1.072s] -- Up-to-date: /ros2_test/AD_Middle_Test/ros2/install/turtlesim/share/turtlesim/environment/ament_prefix_path.sh
[1.072s] -- Up-to-date: /ros2_test/AD_Middle_Test/ros2/install/turtlesim/share/turtlesim/environment/ament_prefix_path.dsv
[1.072s] -- Up-to-date: /ros2_test/AD_Middle_Test/ros2/install/turtlesim/share/turtlesim/environment/path.sh
[1.072s] -- Up-to-date: /ros2_test/AD_Middle_Test/ros2/install/turtlesim/share/turtlesim/environment/path.dsv
[1.072s] -- Up-to-date: /ros2_test/AD_Middle_Test/ros2/install/turtlesim/share/turtlesim/local_setup.bash
[1.073s] -- Up-to-date: /ros2_test/AD_Middle_Test/ros2/install/turtlesim/share/turtlesim/local_setup.sh
[1.073s] -- Up-to-date: /ros2_test/AD_Middle_Test/ros2/install/turtlesim/share/turtlesim/local_setup.zsh
[1.073s] -- Up-to-date: /ros2_test/AD_Middle_Test/ros2/install/turtlesim/share/turtlesim/local_setup.dsv
[1.073s] -- Installing: /ros2_test/AD_Middle_Test/ros2/install/turtlesim/share/turtlesim/package.dsv
[1.073s] -- Up-to-date: /ros2_test/AD_Middle_Test/ros2/install/turtlesim/share/ament_index/resource_index/packages/turtlesim
[1.073s] -- Up-to-date: /ros2_test/AD_Middle_Test/ros2/install/turtlesim/share/turtlesim/cmake/rosidl_cmake-extras.cmake
[1.085s] -- Up-to-date: /ros2_test/AD_Middle_Test/ros2/install/turtlesim/share/turtlesim/cmake/ament_cmake_export_dependencies-extras.cmake
[1.089s] -- Up-to-date: /ros2_test/AD_Middle_Test/ros2/install/turtlesim/share/turtlesim/cmake/ament_cmake_export_libraries-extras.cmake
[1.089s] -- Up-to-date: /ros2_test/AD_Middle_Test/ros2/install/turtlesim/share/turtlesim/cmake/rosidl_cmake_export_typesupport_libraries-extras.cmake
[1.089s] -- Up-to-date: /ros2_test/AD_Middle_Test/ros2/install/turtlesim/share/turtlesim/cmake/ament_cmake_export_include_directories-extras.cmake
[1.089s] -- Up-to-date: /ros2_test/AD_Middle_Test/ros2/install/turtlesim/share/turtlesim/cmake/turtlesimConfig.cmake
[1.089s] -- Up-to-date: /ros2_test/AD_Middle_Test/ros2/install/turtlesim/share/turtlesim/cmake/turtlesimConfig-version.cmake
[1.090s] -- Up-to-date: /ros2_test/AD_Middle_Test/ros2/install/turtlesim/share/turtlesim/package.xml
[1.090s] Invoked command in '/ros2_test/AD_Middle_Test/ros2/build/turtlesim' returned '0': /usr/bin/cmake --install /ros2_test/AD_Middle_Test/ros2/build/turtlesim
