[0.104s] [35m[1mScanning dependencies of target trackerRos2[0m
[0.150s] [ 25%] Built target yoloDetect
[0.156s] [ 37%] [32mBuilding CXX object CMakeFiles/trackerRos2.dir/src/TrackerRos2.cpp.o[0m
[0.159s] [ 62%] Built target line
[0.161s] [ 87%] Built target cameraTimer
[3.931s] [01m[K/ros2_test/AD_Middle_Test/ros2/src/detect_s/src/TrackerRos2.cpp:[m[K In constructor ‘[01m[KTrackerRos2::TrackerRos2(std::string, std::string, std::string, std::string)[m[K’:
[3.932s] [01m[K/ros2_test/AD_Middle_Test/ros2/src/detect_s/src/TrackerRos2.cpp:35:47:[m[K [01;31m[Kerror: [m[Kno matching function for call to ‘[01m[Kmessage_filters::Subscriber<test_interfaces::msg::TestImage_<std::allocator<void> > >::subscribe(TrackerRos2*, std::string&, rclcpp::QoS&)[m[K’
[3.932s]    35 |    sub1.subscribe(this,image_channel_name,qos_[01;31m[K)[m[K;
[3.932s]       |                                               [01;31m[K^[m[K
[3.932s] In file included from [01m[K/ros2_test/AD_Middle_Test/ros2/src/detect_s/src/TrackerRos2.cpp:5[m[K:
[3.932s] [01m[K/opt/ros/foxy/include/message_filters/subscriber.h:145:8:[m[K [01;36m[Knote: [m[Kcandidate: ‘[01m[Kvoid message_filters::Subscriber<M>::subscribe(rclcpp::Node::SharedPtr, const string&, rmw_qos_profile_t) [with M = test_interfaces::msg::TestImage_<std::allocator<void> >; rclcpp::Node::SharedPtr = std::shared_ptr<rclcpp::Node>; std::string = std::__cxx11::basic_string<char>; rmw_qos_profile_t = rmw_qos_profile_t][m[K’
[3.932s]   145 |   void [01;36m[Ksubscribe[m[K(rclcpp::Node::SharedPtr node, const std::string& topic, const rmw_qos_profile_t qos = rmw_qos_profile_default)
[3.933s]       |        [01;36m[K^~~~~~~~~[m[K
[3.933s] [01m[K/opt/ros/foxy/include/message_filters/subscriber.h:145:42:[m[K [01;36m[Knote: [m[K  no known conversion for argument 1 from ‘[01m[KTrackerRos2*[m[K’ to ‘[01m[Krclcpp::Node::SharedPtr[m[K’ {aka ‘[01m[Kstd::shared_ptr<rclcpp::Node>[m[K’}
[3.933s]   145 |   void subscribe([01;36m[Krclcpp::Node::SharedPtr node[m[K, const std::string& topic, const rmw_qos_profile_t qos = rmw_qos_profile_default)
[3.933s]       |                  [01;36m[K~~~~~~~~~~~~~~~~~~~~~~~~^~~~[m[K
[3.933s] [01m[K/opt/ros/foxy/include/message_filters/subscriber.h:162:8:[m[K [01;36m[Knote: [m[Kcandidate: ‘[01m[Kvoid message_filters::Subscriber<M>::subscribe(rclcpp::Node*, const string&, rmw_qos_profile_t) [with M = test_interfaces::msg::TestImage_<std::allocator<void> >; std::string = std::__cxx11::basic_string<char>; rmw_qos_profile_t = rmw_qos_profile_t][m[K’
[3.933s]   162 |   void [01;36m[Ksubscribe[m[K(rclcpp::Node * node, const std::string& topic, const rmw_qos_profile_t qos = rmw_qos_profile_default)
[3.933s]       |        [01;36m[K^~~~~~~~~[m[K
[3.934s] [01m[K/opt/ros/foxy/include/message_filters/subscriber.h:162:89:[m[K [01;36m[Knote: [m[K  no known conversion for argument 3 from ‘[01m[Krclcpp::QoS[m[K’ to ‘[01m[Krmw_qos_profile_t[m[K’
[3.934s]   162 |   void subscribe(rclcpp::Node * node, const std::string& topic, [01;36m[Kconst rmw_qos_profile_t qos = rmw_qos_profile_default[m[K)
[3.934s]       |                                                                 [01;36m[K~~~~~~~~~~~~~~~~~~~~~~~~^~~~~~~~~~~~~~~~~~~~~~~~~~~~~[m[K
[3.934s] [01m[K/opt/ros/foxy/include/message_filters/subscriber.h:184:8:[m[K [01;36m[Knote: [m[Kcandidate: ‘[01m[Kvoid message_filters::Subscriber<M>::subscribe() [with M = test_interfaces::msg::TestImage_<std::allocator<void> >][m[K’
[3.934s]   184 |   void [01;36m[Ksubscribe[m[K()
[3.934s]       |        [01;36m[K^~~~~~~~~[m[K
[3.934s] [01m[K/opt/ros/foxy/include/message_filters/subscriber.h:184:8:[m[K [01;36m[Knote: [m[K  candidate expects 0 arguments, 3 provided
[3.935s] [01m[K/ros2_test/AD_Middle_Test/ros2/src/detect_s/src/TrackerRos2.cpp:36:46:[m[K [01;31m[Kerror: [m[Kno matching function for call to ‘[01m[Kmessage_filters::Subscriber<test_interfaces::msg::YoloResult_<std::allocator<void> > >::subscribe(TrackerRos2*, std::string&, rclcpp::QoS&)[m[K’
[3.935s]    36 |    sub2.subscribe(this,yolo_channel_name,qos_[01;31m[K)[m[K;
[3.935s]       |                                              [01;31m[K^[m[K
[3.935s] In file included from [01m[K/ros2_test/AD_Middle_Test/ros2/src/detect_s/src/TrackerRos2.cpp:5[m[K:
[3.935s] [01m[K/opt/ros/foxy/include/message_filters/subscriber.h:145:8:[m[K [01;36m[Knote: [m[Kcandidate: ‘[01m[Kvoid message_filters::Subscriber<M>::subscribe(rclcpp::Node::SharedPtr, const string&, rmw_qos_profile_t) [with M = test_interfaces::msg::YoloResult_<std::allocator<void> >; rclcpp::Node::SharedPtr = std::shared_ptr<rclcpp::Node>; std::string = std::__cxx11::basic_string<char>; rmw_qos_profile_t = rmw_qos_profile_t][m[K’
[3.935s]   145 |   void [01;36m[Ksubscribe[m[K(rclcpp::Node::SharedPtr node, const std::string& topic, const rmw_qos_profile_t qos = rmw_qos_profile_default)
[3.935s]       |        [01;36m[K^~~~~~~~~[m[K
[3.935s] [01m[K/opt/ros/foxy/include/message_filters/subscriber.h:145:42:[m[K [01;36m[Knote: [m[K  no known conversion for argument 1 from ‘[01m[KTrackerRos2*[m[K’ to ‘[01m[Krclcpp::Node::SharedPtr[m[K’ {aka ‘[01m[Kstd::shared_ptr<rclcpp::Node>[m[K’}
[3.936s]   145 |   void subscribe([01;36m[Krclcpp::Node::SharedPtr node[m[K, const std::string& topic, const rmw_qos_profile_t qos = rmw_qos_profile_default)
[3.936s]       |                  [01;36m[K~~~~~~~~~~~~~~~~~~~~~~~~^~~~[m[K
[3.936s] [01m[K/opt/ros/foxy/include/message_filters/subscriber.h:162:8:[m[K [01;36m[Knote: [m[Kcandidate: ‘[01m[Kvoid message_filters::Subscriber<M>::subscribe(rclcpp::Node*, const string&, rmw_qos_profile_t) [with M = test_interfaces::msg::YoloResult_<std::allocator<void> >; std::string = std::__cxx11::basic_string<char>; rmw_qos_profile_t = rmw_qos_profile_t][m[K’
[3.936s]   162 |   void [01;36m[Ksubscribe[m[K(rclcpp::Node * node, const std::string& topic, const rmw_qos_profile_t qos = rmw_qos_profile_default)
[3.936s]       |        [01;36m[K^~~~~~~~~[m[K
[3.936s] [01m[K/opt/ros/foxy/include/message_filters/subscriber.h:162:89:[m[K [01;36m[Knote: [m[K  no known conversion for argument 3 from ‘[01m[Krclcpp::QoS[m[K’ to ‘[01m[Krmw_qos_profile_t[m[K’
[3.936s]   162 |   void subscribe(rclcpp::Node * node, const std::string& topic, [01;36m[Kconst rmw_qos_profile_t qos = rmw_qos_profile_default[m[K)
[3.937s]       |                                                                 [01;36m[K~~~~~~~~~~~~~~~~~~~~~~~~^~~~~~~~~~~~~~~~~~~~~~~~~~~~~[m[K
[3.937s] [01m[K/opt/ros/foxy/include/message_filters/subscriber.h:184:8:[m[K [01;36m[Knote: [m[Kcandidate: ‘[01m[Kvoid message_filters::Subscriber<M>::subscribe() [with M = test_interfaces::msg::YoloResult_<std::allocator<void> >][m[K’
[3.937s]   184 |   void [01;36m[Ksubscribe[m[K()
[3.937s]       |        [01;36m[K^~~~~~~~~[m[K
[3.937s] [01m[K/opt/ros/foxy/include/message_filters/subscriber.h:184:8:[m[K [01;36m[Knote: [m[K  candidate expects 0 arguments, 3 provided
[8.575s] make[2]: *** [CMakeFiles/trackerRos2.dir/build.make:63: CMakeFiles/trackerRos2.dir/src/TrackerRos2.cpp.o] Error 1
[8.576s] make[1]: *** [CMakeFiles/Makefile2:84: CMakeFiles/trackerRos2.dir/all] Error 2
[8.576s] make: *** [Makefile:141: all] Error 2
