[0.083s] -- Found ament_cmake: 0.8.1 (/opt/ros/foxy/share/ament_cmake/cmake)
[0.120s] -- Using PYTHON_EXECUTABLE: /usr/bin/python3
[0.443s] -- Found rclcpp: 0.8.3 (/opt/ros/foxy/share/rclcpp/cmake)
[0.517s] -- Found rosidl_adapter: 0.8.2 (/opt/ros/foxy/share/rosidl_adapter/cmake)
[0.547s] -- Found rmw_implementation_cmake: 0.8.1 (/opt/ros/foxy/share/rmw_implementation_cmake/cmake)
[0.551s] -- Using RMW implementation 'rmw_fastrtps_cpp' as default
[0.665s] -- Found std_msgs: 0.8.1 (/opt/ros/foxy/share/std_msgs/cmake)
[0.673s] -- Found sensor_msgs: 0.8.1 (/opt/ros/foxy/share/sensor_msgs/cmake)
[0.698s] -- Found test_interfaces: 0.0.0 (/ros2_test/AD_Middle_Test/ros2/install/test_interfaces/share/test_interfaces/cmake)
[0.710s] -- Found message_filters: 3.2.3 (/opt/ros/foxy/share/message_filters/cmake)
[0.907s] CMake Error at /opt/ros/foxy/share/ament_cmake_target_dependencies/cmake/ament_target_dependencies.cmake:37 (message):
[0.908s]   ament_target_dependencies() the first argument must be a valid target name
[0.908s] Call Stack (most recent call first):
[0.908s]   CMakeLists.txt:44 (ament_target_dependencies)
[0.908s] 
[0.909s] 
[0.909s] -- Configuring incomplete, errors occurred!
[0.909s] See also "/ros2_test/AD_Middle_Test/ros2/build/detect_s/CMakeFiles/CMakeOutput.log".
[0.910s] See also "/ros2_test/AD_Middle_Test/ros2/build/detect_s/CMakeFiles/CMakeError.log".
[0.913s] make: *** [Makefile:354: cmake_check_build_system] Error 1
