[0.136s] [ 33%] Built target line
[0.149s] [ 66%] Built target yoloDetect
[0.160s] [100%] Built target cameraTimer
[0.316s] -- Install configuration: ""
[0.317s] -- Up-to-date: /ros2_test/AD_Middle_Test/ros2/install/detect_s/lib/detect_s/cameraTimer
[0.317s] -- Up-to-date: /ros2_test/AD_Middle_Test/ros2/install/detect_s/lib/detect_s/yoloDetect
[0.318s] -- Up-to-date: /ros2_test/AD_Middle_Test/ros2/install/detect_s/share/ament_index/resource_index/package_run_dependencies/detect_s
[0.318s] -- Up-to-date: /ros2_test/AD_Middle_Test/ros2/install/detect_s/share/ament_index/resource_index/parent_prefix_path/detect_s
[0.318s] -- Up-to-date: /ros2_test/AD_Middle_Test/ros2/install/detect_s/share/detect_s/environment/ament_prefix_path.sh
[0.318s] -- Up-to-date: /ros2_test/AD_Middle_Test/ros2/install/detect_s/share/detect_s/environment/ament_prefix_path.dsv
[0.319s] -- Up-to-date: /ros2_test/AD_Middle_Test/ros2/install/detect_s/share/detect_s/environment/path.sh
[0.319s] -- Up-to-date: /ros2_test/AD_Middle_Test/ros2/install/detect_s/share/detect_s/environment/path.dsv
[0.319s] -- Up-to-date: /ros2_test/AD_Middle_Test/ros2/install/detect_s/share/detect_s/local_setup.bash
[0.319s] -- Up-to-date: /ros2_test/AD_Middle_Test/ros2/install/detect_s/share/detect_s/local_setup.sh
[0.319s] -- Up-to-date: /ros2_test/AD_Middle_Test/ros2/install/detect_s/share/detect_s/local_setup.zsh
[0.319s] -- Up-to-date: /ros2_test/AD_Middle_Test/ros2/install/detect_s/share/detect_s/local_setup.dsv
[0.320s] -- Installing: /ros2_test/AD_Middle_Test/ros2/install/detect_s/share/detect_s/package.dsv
[0.320s] -- Up-to-date: /ros2_test/AD_Middle_Test/ros2/install/detect_s/share/ament_index/resource_index/packages/detect_s
[0.320s] -- Up-to-date: /ros2_test/AD_Middle_Test/ros2/install/detect_s/share/detect_s/cmake/detect_sConfig.cmake
[0.320s] -- Up-to-date: /ros2_test/AD_Middle_Test/ros2/install/detect_s/share/detect_s/cmake/detect_sConfig-version.cmake
[0.320s] -- Up-to-date: /ros2_test/AD_Middle_Test/ros2/install/detect_s/share/detect_s/package.xml
