[0.083s] -- Found ament_cmake: 0.8.1 (/opt/ros/foxy/share/ament_cmake/cmake)
[0.120s] -- Using PYTHON_EXECUTABLE: /usr/bin/python3
[0.452s] -- Found rclcpp: 0.8.3 (/opt/ros/foxy/share/rclcpp/cmake)
[0.526s] -- Found rosidl_adapter: 0.8.2 (/opt/ros/foxy/share/rosidl_adapter/cmake)
[0.556s] -- Found rmw_implementation_cmake: 0.8.1 (/opt/ros/foxy/share/rmw_implementation_cmake/cmake)
[0.560s] -- Using RMW implementation 'rmw_fastrtps_cpp' as default
[0.677s] -- Found std_msgs: 0.8.1 (/opt/ros/foxy/share/std_msgs/cmake)
[0.685s] -- Found sensor_msgs: 0.8.1 (/opt/ros/foxy/share/sensor_msgs/cmake)
[0.710s] -- Found test_interfaces: 0.0.0 (/ros2_test/AD_Middle_Test/ros2/install/test_interfaces/share/test_interfaces/cmake)
[0.723s] -- Found message_filters: 3.2.3 (/opt/ros/foxy/share/message_filters/cmake)
[0.992s] -- Found ament_lint_auto: 0.9.1 (/opt/ros/foxy/share/ament_lint_auto/cmake)
[1.105s] -- Added test 'copyright' to check for copyright in CMake / C / C++ / Python code
[1.108s] -- Added test 'cppcheck' to perform static code analysis on C / C++ code
[1.109s] -- Configured cppcheck include dirs: /ros2_test/AD_Middle_Test/ros2/src/detect_s/include
[1.111s] -- Added test 'cpplint' to check C / C++ code against the Google style
[1.112s] -- Added test 'lint_cmake' to check CMake code style
[1.114s] -- Added test 'uncrustify' to check C / C++ code style
[1.115s] -- Added test 'xmllint' to check XML markup files
[1.119s] -- Configuring done
[1.229s] -- Generating done
[1.232s] -- Build files have been written to: /ros2_test/AD_Middle_Test/ros2/build/detect_s
[1.265s] [35m[1mScanning dependencies of target trackerRos2[0m
[1.295s] [ 50%] Built target line
[1.295s] [ 50%] Built target yoloDetect
[1.295s] [ 75%] Built target cameraTimer
[1.328s] [ 87%] [32mBuilding CXX object CMakeFiles/trackerRos2.dir/src/TrackerRos2.cpp.o[0m
