[0.063s] -- Found ament_cmake: 0.8.1 (/opt/ros/foxy/share/ament_cmake/cmake)
[0.113s] -- Found PythonInterp: /usr/bin/python3 (found suitable version "3.8.2", minimum required is "3") 
[0.113s] -- Using PYTHON_EXECUTABLE: /usr/bin/python3
[0.390s] -- Found rclcpp: 0.8.3 (/opt/ros/foxy/share/rclcpp/cmake)
[0.447s] -- Found rosidl_adapter: 0.8.2 (/opt/ros/foxy/share/rosidl_adapter/cmake)
[0.477s] -- Found rmw_implementation_cmake: 0.8.1 (/opt/ros/foxy/share/rmw_implementation_cmake/cmake)
[0.480s] -- Using RMW implementation 'rmw_fastrtps_cpp' as default
[0.593s] -- Found std_msgs: 0.8.1 (/opt/ros/foxy/share/std_msgs/cmake)
[0.601s] -- Found test_interfaces: 0.0.0 (/ros2_test/AD_Middle_Test/ros2/src/install/test_interfaces/share/test_interfaces/cmake)
[0.640s] -- Found PythonInterp: /usr/bin/python3 (found version "3.8.2") 
[0.820s] CMake Error at /opt/ros/foxy/share/rosidl_cmake/cmake/rosidl_generate_interfaces.cmake:229 (message):
[0.820s]   Packages installing interfaces must include
[0.820s]   '<member_of_group>rosidl_interface_packages</member_of_group>' in their
[0.820s]   package.xml
[0.821s] Call Stack (most recent call first):
[0.821s]   CMakeLists.txt:26 (rosidl_generate_interfaces)
[0.821s] 
[0.821s] 
[0.822s] -- Configuring incomplete, errors occurred!
[0.822s] See also "/ros2_test/AD_Middle_Test/ros2/src/build/simple_s/CMakeFiles/CMakeOutput.log".
[0.823s] See also "/ros2_test/AD_Middle_Test/ros2/src/build/simple_s/CMakeFiles/CMakeError.log".
[0.827s] make: *** [Makefile:836: cmake_check_build_system] Error 1
