[0.128s] -- The C compiler identification is GNU 9.3.0
[0.242s] -- The CXX compiler identification is GNU 9.3.0
[0.251s] -- Check for working C compiler: /usr/bin/cc
[0.371s] -- Check for working C compiler: /usr/bin/cc -- works
[0.373s] -- Detecting C compiler ABI info
[0.486s] -- Detecting C compiler ABI info - done
[0.511s] -- Detecting C compile features
[0.512s] -- Detecting C compile features - done
[0.517s] -- Check for working CXX compiler: /usr/bin/c++
[0.639s] -- Check for working CXX compiler: /usr/bin/c++ -- works
[0.641s] -- Detecting CXX compiler ABI info
[0.774s] -- Detecting CXX compiler ABI info - done
[0.788s] -- Detecting CXX compile features
[0.789s] -- Detecting CXX compile features - done
[0.794s] -- Found ament_cmake: 0.8.1 (/opt/ros/foxy/share/ament_cmake/cmake)
[0.837s] -- Found PythonInterp: /usr/bin/python3 (found suitable version "3.8.2", minimum required is "3") 
[0.837s] -- Using PYTHON_EXECUTABLE: /usr/bin/python3
[1.169s] -- Found rclcpp: 0.8.3 (/opt/ros/foxy/share/rclcpp/cmake)
[1.263s] -- Found rosidl_adapter: 0.8.2 (/opt/ros/foxy/share/rosidl_adapter/cmake)
[1.304s] -- Found rmw_implementation_cmake: 0.8.1 (/opt/ros/foxy/share/rmw_implementation_cmake/cmake)
[1.308s] -- Using RMW implementation 'rmw_fastrtps_cpp' as default
[1.309s] -- Looking for pthread.h
[1.417s] -- Looking for pthread.h - found
[1.417s] -- Performing Test CMAKE_HAVE_LIBC_PTHREAD
[1.527s] -- Performing Test CMAKE_HAVE_LIBC_PTHREAD - Failed
[1.527s] -- Looking for pthread_create in pthreads
[1.612s] -- Looking for pthread_create in pthreads - not found
[1.612s] -- Looking for pthread_create in pthread
[1.713s] -- Looking for pthread_create in pthread - found
[1.715s] -- Found Threads: TRUE  
[1.855s] -- Found std_msgs: 0.8.1 (/opt/ros/foxy/share/std_msgs/cmake)
[1.864s] -- Found test_interfaces: 0.0.0 (/ros2_test/AD_Middle_Test/ros2/install/test_interfaces/share/test_interfaces/cmake)
[1.874s] -- Found message_filters: 3.2.3 (/opt/ros/foxy/share/message_filters/cmake)
[1.905s] -- Found OpenCV: /usr (found version "4.2.0") 
[1.951s] -- Found ament_lint_auto: 0.9.1 (/opt/ros/foxy/share/ament_lint_auto/cmake)
[2.090s] -- Added test 'copyright' to check for copyright in CMake / C / C++ / Python code
[2.092s] -- Added test 'cppcheck' to perform static code analysis on C / C++ code
[2.093s] -- Configured cppcheck include dirs: /ros2_test/AD_Middle_Test/ros2/src/detect_s/include
[2.094s] -- Added test 'cpplint' to check C / C++ code against the Google style
[2.096s] -- Added test 'lint_cmake' to check CMake code style
[2.097s] -- Added test 'uncrustify' to check C / C++ code style
[2.098s] -- Added test 'xmllint' to check XML markup files
[2.103s] -- Configuring done
[2.136s] -- Generating done
[2.138s] -- Build files have been written to: /ros2_test/AD_Middle_Test/ros2/build/detect_s
[2.208s] [35m[1mScanning dependencies of target camera[0m
[2.303s] [ 50%] [32mBuilding CXX object CMakeFiles/camera.dir/src/camera.cpp.o[0m
