[0.025s] Invoking command in '/ros2_test/AD_Middle_Test/ros2/src/build/simple_s': CMAKE_PREFIX_PATH=/ros2_test/AD_Middle_Test/ros2/src/install/test_interfaces:/ros2_test/AD_Middle_Test/ros2/install/test_interfaces:/ros2_test/AD_Middle_Test/ros2/src/install/turtlesim:/ros2_test/AD_Middle_Test/ros2/src/install/simple_s:/ros2_test/AD_Middle_Test/ros2/install/simple_s:/ros2_test/AD_Middle_Test/ros2/install/turtlesim:/opt/ros/foxy LD_LIBRARY_PATH=/ros2_test/AD_Middle_Test/ros2/src/install/test_interfaces/lib:/ros2_test/AD_Middle_Test/ros2/install/test_interfaces/lib:/ros2_test/AD_Middle_Test/ros2/src/install/turtlesim/lib:/ros2_test/AD_Middle_Test/ros2/install/turtlesim/lib:/opt/ros/foxy/opt/yaml_cpp_vendor/lib:/opt/ros/foxy/opt/rviz_ogre_vendor/lib:/opt/ros/foxy/lib PYTHONPATH=/ros2_test/AD_Middle_Test/ros2/src/install/test_interfaces/lib/python3.8/site-packages:/ros2_test/AD_Middle_Test/ros2/install/test_interfaces/lib/python3.8/site-packages:/ros2_test/AD_Middle_Test/ros2/src/install/turtlesim/lib/python3.8/site-packages:/ros2_test/AD_Middle_Test/ros2/install/turtlesim/lib/python3.8/site-packages:/opt/ros/foxy/lib/python3.8/site-packages /usr/bin/cmake /ros2_test/AD_Middle_Test/ros2/src/simple_s -DCMAKE_INSTALL_PREFIX=/ros2_test/AD_Middle_Test/ros2/src/install/simple_s
[0.105s] -- The C compiler identification is GNU 9.3.0
[0.193s] -- The CXX compiler identification is GNU 9.3.0
[0.202s] -- Check for working C compiler: /usr/bin/cc
[0.300s] -- Check for working C compiler: /usr/bin/cc -- works
[0.302s] -- Detecting C compiler ABI info
[0.400s] -- Detecting C compiler ABI info - done
[0.425s] -- Detecting C compile features
[0.425s] -- Detecting C compile features - done
[0.430s] -- Check for working CXX compiler: /usr/bin/c++
[0.544s] -- Check for working CXX compiler: /usr/bin/c++ -- works
[0.546s] -- Detecting CXX compiler ABI info
[0.663s] -- Detecting CXX compiler ABI info - done
[0.689s] -- Detecting CXX compile features
[0.690s] -- Detecting CXX compile features - done
[0.694s] -- Found ament_cmake: 0.8.1 (/opt/ros/foxy/share/ament_cmake/cmake)
[0.736s] -- Found PythonInterp: /usr/bin/python3 (found suitable version "3.8.2", minimum required is "3") 
[0.736s] -- Using PYTHON_EXECUTABLE: /usr/bin/python3
[1.063s] -- Found rclcpp: 0.8.3 (/opt/ros/foxy/share/rclcpp/cmake)
[1.153s] -- Found rosidl_adapter: 0.8.2 (/opt/ros/foxy/share/rosidl_adapter/cmake)
[1.194s] -- Found rmw_implementation_cmake: 0.8.1 (/opt/ros/foxy/share/rmw_implementation_cmake/cmake)
[1.197s] -- Using RMW implementation 'rmw_fastrtps_cpp' as default
[1.198s] -- Looking for pthread.h
[1.303s] -- Looking for pthread.h - found
[1.304s] -- Performing Test CMAKE_HAVE_LIBC_PTHREAD
[1.408s] -- Performing Test CMAKE_HAVE_LIBC_PTHREAD - Failed
[1.408s] -- Looking for pthread_create in pthreads
[1.490s] -- Looking for pthread_create in pthreads - not found
[1.490s] -- Looking for pthread_create in pthread
[1.588s] -- Looking for pthread_create in pthread - found
[1.589s] -- Found Threads: TRUE  
[1.724s] -- Found std_msgs: 0.8.1 (/opt/ros/foxy/share/std_msgs/cmake)
[1.733s] -- Found test_interfaces: 0.0.0 (/ros2_test/AD_Middle_Test/ros2/src/install/test_interfaces/share/test_interfaces/cmake)
[1.743s] -- Found message_filters: 3.2.3 (/opt/ros/foxy/share/message_filters/cmake)
[1.846s] -- Found ament_lint_auto: 0.9.1 (/opt/ros/foxy/share/ament_lint_auto/cmake)
[1.981s] -- Added test 'copyright' to check for copyright in CMake / C / C++ / Python code
[1.983s] -- Added test 'cppcheck' to perform static code analysis on C / C++ code
[1.984s] -- Configured cppcheck include dirs: 
[1.986s] -- Added test 'cpplint' to check C / C++ code against the Google style
[1.987s] -- Added test 'lint_cmake' to check CMake code style
[1.989s] -- Added test 'uncrustify' to check C / C++ code style
[1.990s] -- Added test 'xmllint' to check XML markup files
[1.995s] -- Configuring done
[2.042s] -- Generating done
[2.044s] -- Build files have been written to: /ros2_test/AD_Middle_Test/ros2/src/build/simple_s
