[0.484s] -- The C compiler identification is GNU 9.3.0
[0.789s] -- The CXX compiler identification is GNU 9.3.0
[0.814s] -- Check for working C compiler: /usr/bin/cc
[1.229s] -- Check for working C compiler: /usr/bin/cc -- works
[1.229s] -- Detecting C compiler ABI info
[1.664s] -- Detecting C compiler ABI info - done
[1.697s] -- Detecting C compile features
[1.698s] -- Detecting C compile features - done
[1.719s] -- Check for working CXX compiler: /usr/bin/c++
[2.161s] -- Check for working CXX compiler: /usr/bin/c++ -- works
[2.161s] -- Detecting CXX compiler ABI info
[2.565s] -- Detecting CXX compiler ABI info - done
[2.603s] -- Detecting CXX compile features
[2.604s] -- Detecting CXX compile features - done
[2.625s] -- Found ament_cmake: 0.8.1 (/opt/ros/foxy/share/ament_cmake/cmake)
[2.765s] -- Found PythonInterp: /usr/bin/python3 (found suitable version "3.8.2", minimum required is "3") 
[2.765s] -- Using PYTHON_EXECUTABLE: /usr/bin/python3
[3.323s] -- Found rclcpp: 0.8.3 (/opt/ros/foxy/share/rclcpp/cmake)
[3.469s] -- Found rosidl_adapter: 0.8.2 (/opt/ros/foxy/share/rosidl_adapter/cmake)
[3.514s] -- Found rmw_implementation_cmake: 0.8.1 (/opt/ros/foxy/share/rmw_implementation_cmake/cmake)
[3.518s] -- Using RMW implementation 'rmw_fastrtps_cpp' as default
[3.520s] -- Looking for pthread.h
[3.878s] -- Looking for pthread.h - found
[3.878s] -- Performing Test CMAKE_HAVE_LIBC_PTHREAD
[4.117s] -- Performing Test CMAKE_HAVE_LIBC_PTHREAD - Failed
[4.118s] -- Looking for pthread_create in pthreads
[4.331s] -- Looking for pthread_create in pthreads - not found
[4.331s] -- Looking for pthread_create in pthread
[4.515s] -- Looking for pthread_create in pthread - found
[4.517s] -- Found Threads: TRUE  
[4.861s] -- Found std_msgs: 0.8.1 (/opt/ros/foxy/share/std_msgs/cmake)
[4.870s] -- Found test_interfaces: 0.0.0 (/ros2_test/AD_Middle_Test/ros2/install/test_interfaces/share/test_interfaces/cmake)
[4.918s] -- Found message_filters: 3.2.3 (/opt/ros/foxy/share/message_filters/cmake)
[5.064s] -- Found ament_lint_auto: 0.9.1 (/opt/ros/foxy/share/ament_lint_auto/cmake)
[5.227s] -- Added test 'copyright' to check for copyright in CMake / C / C++ / Python code
[5.229s] -- Added test 'cppcheck' to perform static code analysis on C / C++ code
[5.229s] -- Configured cppcheck include dirs: 
[5.231s] -- Added test 'cpplint' to check C / C++ code against the Google style
[5.233s] -- Added test 'lint_cmake' to check CMake code style
[5.235s] -- Added test 'uncrustify' to check C / C++ code style
[5.236s] -- Added test 'xmllint' to check XML markup files
[5.261s] -- Configuring done
[5.315s] -- Generating done
[5.318s] -- Build files have been written to: /ros2_test/AD_Middle_Test/ros2/build/simple_s
[5.425s] [35m[1mScanning dependencies of target listener[0m
[5.469s] [35m[1mScanning dependencies of target intra_pipe[0m
[5.477s] [35m[1mScanning dependencies of target talker[0m
[5.564s] [ 16%] [32mBuilding CXX object CMakeFiles/listener.dir/src/listener.cpp.o[0m
[5.588s] [ 33%] [32mBuilding CXX object CMakeFiles/talker.dir/src/talker.cpp.o[0m
[5.628s] [ 50%] [32mBuilding CXX object CMakeFiles/intra_pipe.dir/src/intra_pipe.cpp.o[0m
[11.705s] [ 66%] [32m[1mLinking CXX executable talker[0m
[12.010s] [ 66%] Built target talker
[16.988s] [ 83%] [32m[1mLinking CXX executable listener[0m
[17.382s] [ 83%] Built target listener
[18.892s] [100%] [32m[1mLinking CXX executable intra_pipe[0m
[19.269s] [100%] Built target intra_pipe
[19.337s] -- Install configuration: ""
[19.338s] -- Installing: /ros2_test/AD_Middle_Test/ros2/install/simple_s/lib/simple_s/talker
[19.339s] -- Set runtime path of "/ros2_test/AD_Middle_Test/ros2/install/simple_s/lib/simple_s/talker" to ""
[19.340s] -- Installing: /ros2_test/AD_Middle_Test/ros2/install/simple_s/lib/simple_s/listener
[19.343s] -- Set runtime path of "/ros2_test/AD_Middle_Test/ros2/install/simple_s/lib/simple_s/listener" to ""
[19.343s] -- Installing: /ros2_test/AD_Middle_Test/ros2/install/simple_s/lib/simple_s/intra_pipe
[19.347s] -- Set runtime path of "/ros2_test/AD_Middle_Test/ros2/install/simple_s/lib/simple_s/intra_pipe" to ""
[19.347s] -- Installing: /ros2_test/AD_Middle_Test/ros2/install/simple_s/share/ament_index/resource_index/package_run_dependencies/simple_s
[19.347s] -- Installing: /ros2_test/AD_Middle_Test/ros2/install/simple_s/share/ament_index/resource_index/parent_prefix_path/simple_s
[19.348s] -- Up-to-date: /ros2_test/AD_Middle_Test/ros2/install/simple_s/share/simple_s/environment/ament_prefix_path.sh
[19.348s] -- Installing: /ros2_test/AD_Middle_Test/ros2/install/simple_s/share/simple_s/environment/ament_prefix_path.dsv
[19.348s] -- Up-to-date: /ros2_test/AD_Middle_Test/ros2/install/simple_s/share/simple_s/environment/path.sh
[19.348s] -- Installing: /ros2_test/AD_Middle_Test/ros2/install/simple_s/share/simple_s/environment/path.dsv
[19.348s] -- Installing: /ros2_test/AD_Middle_Test/ros2/install/simple_s/share/simple_s/local_setup.bash
[19.349s] -- Installing: /ros2_test/AD_Middle_Test/ros2/install/simple_s/share/simple_s/local_setup.sh
[19.349s] -- Installing: /ros2_test/AD_Middle_Test/ros2/install/simple_s/share/simple_s/local_setup.zsh
[19.349s] -- Installing: /ros2_test/AD_Middle_Test/ros2/install/simple_s/share/simple_s/local_setup.dsv
[19.349s] -- Installing: /ros2_test/AD_Middle_Test/ros2/install/simple_s/share/simple_s/package.dsv
[19.349s] -- Installing: /ros2_test/AD_Middle_Test/ros2/install/simple_s/share/ament_index/resource_index/packages/simple_s
[19.350s] -- Installing: /ros2_test/AD_Middle_Test/ros2/install/simple_s/share/simple_s/cmake/simple_sConfig.cmake
[19.350s] -- Installing: /ros2_test/AD_Middle_Test/ros2/install/simple_s/share/simple_s/cmake/simple_sConfig-version.cmake
[19.350s] -- Up-to-date: /ros2_test/AD_Middle_Test/ros2/install/simple_s/share/simple_s/package.xml
