[0.109s] [35m[1mScanning dependencies of target camera[0m
[0.169s] [ 50%] [32mBuilding CXX object CMakeFiles/camera.dir/src/camera.cpp.o[0m
[2.469s] In file included from [01m[K/opt/ros/foxy/include/rclcpp/service.hpp:34[m[K,
[2.469s]                  from [01m[K/opt/ros/foxy/include/rclcpp/callback_group.hpp:25[m[K,
[2.470s]                  from [01m[K/opt/ros/foxy/include/rclcpp/any_executable.hpp:20[m[K,
[2.470s]                  from [01m[K/opt/ros/foxy/include/rclcpp/memory_strategy.hpp:24[m[K,
[2.470s]                  from [01m[K/opt/ros/foxy/include/rclcpp/memory_strategies.hpp:18[m[K,
[2.470s]                  from [01m[K/opt/ros/foxy/include/rclcpp/executor.hpp:33[m[K,
[2.470s]                  from [01m[K/opt/ros/foxy/include/rclcpp/executors/multi_threaded_executor.hpp:25[m[K,
[2.471s]                  from [01m[K/opt/ros/foxy/include/rclcpp/executors.hpp:21[m[K,
[2.471s]                  from [01m[K/opt/ros/foxy/include/rclcpp/rclcpp.hpp:145[m[K,
[2.471s]                  from [01m[K/ros2_test/AD_Middle_Test/ros2/src/detect_s/src/camera.cpp:4[m[K:
[2.471s] [01m[K/ros2_test/AD_Middle_Test/ros2/src/detect_s/src/camera.cpp:[m[K In function ‘[01m[Kint main(int, char**)[m[K’:
[2.471s] [01m[K/ros2_test/AD_Middle_Test/ros2/src/detect_s/src/camera.cpp:53:16:[m[K [01;31m[Kerror: [m[Kinvalid use of ‘[01m[Kthis[m[K’ in non-member function
[2.471s]    53 |    RCLCPP_INFO([01;31m[Kthis[m[K->get_logger(), "start");    // CHANGE
[2.471s]       |                [01;31m[K^~~~[m[K
[2.472s] [01m[K/opt/ros/foxy/include/rclcpp/logging.hpp:538:86:[m[K [01;36m[Knote: [m[Kin definition of macro ‘[01m[KRCLCPP_INFO[m[K’
[2.472s]   538 |       ::std::is_same<typename std::remove_cv<typename std::remove_reference<decltype([01;36m[Klogger[m[K)>::type>::type, \
[2.472s]       |                                                                                      [01;36m[K^~~~~~[m[K
[2.472s] [01m[K/ros2_test/AD_Middle_Test/ros2/src/detect_s/src/camera.cpp:53:16:[m[K [01;31m[Kerror: [m[Kinvalid use of ‘[01m[Kthis[m[K’ in non-member function
[2.472s]    53 |    RCLCPP_INFO([01;31m[Kthis[m[K->get_logger(), "start");    // CHANGE
[2.472s]       |                [01;31m[K^~~~[m[K
[2.472s] [01m[K/opt/ros/foxy/include/rclcpp/logging.hpp:538:86:[m[K [01;36m[Knote: [m[Kin definition of macro ‘[01m[KRCLCPP_INFO[m[K’
[2.472s]   538 |       ::std::is_same<typename std::remove_cv<typename std::remove_reference<decltype([01;36m[Klogger[m[K)>::type>::type, \
[2.473s]       |                                                                                      [01;36m[K^~~~~~[m[K
[2.473s] [01m[K/opt/ros/foxy/include/rclcpp/logging.hpp:538:93:[m[K [01;31m[Kerror: [m[Ktemplate argument 1 is invalid
[2.473s]   538 |       ::std::is_same<typename std::remove_cv<typename std::remove_reference<decltype(logger)[01;31m[K>[m[K::type>::type, \
[2.473s]       |                                                                                             [01;31m[K^[m[K
[2.473s] [01m[K/ros2_test/AD_Middle_Test/ros2/src/detect_s/src/camera.cpp:53:4:[m[K [01;36m[Knote: [m[Kin expansion of macro ‘[01m[KRCLCPP_INFO[m[K’
[2.473s]    53 |    [01;36m[KRCLCPP_INFO[m[K(this->get_logger(), "start");    // CHANGE
[2.473s]       |    [01;36m[K^~~~~~~~~~~[m[K
[2.474s] [01m[K/opt/ros/foxy/include/rclcpp/logging.hpp:538:100:[m[K [01;31m[Kerror: [m[Ktemplate argument 1 is invalid
[2.474s]   538 |       ::std::is_same<typename std::remove_cv<typename std::remove_reference<decltype(logger)>::type[01;31m[K>[m[K::type, \
[2.474s]       |                                                                                                    [01;31m[K^[m[K
[2.474s] [01m[K/ros2_test/AD_Middle_Test/ros2/src/detect_s/src/camera.cpp:53:4:[m[K [01;36m[Knote: [m[Kin expansion of macro ‘[01m[KRCLCPP_INFO[m[K’
[2.474s]    53 |    [01;36m[KRCLCPP_INFO[m[K(this->get_logger(), "start");    // CHANGE
[2.474s]       |    [01;36m[K^~~~~~~~~~~[m[K
[2.474s] [01m[K/opt/ros/foxy/include/rclcpp/logging.hpp:539:32:[m[K [01;31m[Kerror: [m[Ktemplate argument 1 is invalid
[2.475s]   539 |       typename ::rclcpp::Logger[01;31m[K>[m[K::value, \
[2.475s]       |                                [01;31m[K^[m[K
[2.475s] [01m[K/ros2_test/AD_Middle_Test/ros2/src/detect_s/src/camera.cpp:53:4:[m[K [01;36m[Knote: [m[Kin expansion of macro ‘[01m[KRCLCPP_INFO[m[K’
[2.475s]    53 |    [01;36m[KRCLCPP_INFO[m[K(this->get_logger(), "start");    // CHANGE
[2.475s]       |    [01;36m[K^~~~~~~~~~~[m[K
[2.475s] In file included from [01m[K/opt/ros/foxy/include/rclcpp/client.hpp:40[m[K,
[2.475s]                  from [01m[K/opt/ros/foxy/include/rclcpp/callback_group.hpp:23[m[K,
[2.475s]                  from [01m[K/opt/ros/foxy/include/rclcpp/any_executable.hpp:20[m[K,
[2.476s]                  from [01m[K/opt/ros/foxy/include/rclcpp/memory_strategy.hpp:24[m[K,
[2.476s]                  from [01m[K/opt/ros/foxy/include/rclcpp/memory_strategies.hpp:18[m[K,
[2.476s]                  from [01m[K/opt/ros/foxy/include/rclcpp/executor.hpp:33[m[K,
[2.476s]                  from [01m[K/opt/ros/foxy/include/rclcpp/executors/multi_threaded_executor.hpp:25[m[K,
[2.476s]                  from [01m[K/opt/ros/foxy/include/rclcpp/executors.hpp:21[m[K,
[2.476s]                  from [01m[K/opt/ros/foxy/include/rclcpp/rclcpp.hpp:145[m[K,
[2.476s]                  from [01m[K/ros2_test/AD_Middle_Test/ros2/src/detect_s/src/camera.cpp:4[m[K:
[2.477s] [01m[K/ros2_test/AD_Middle_Test/ros2/src/detect_s/src/camera.cpp:53:16:[m[K [01;31m[Kerror: [m[Kinvalid use of ‘[01m[Kthis[m[K’ in non-member function
[2.477s]    53 |    RCLCPP_INFO([01;31m[Kthis[m[K->get_logger(), "start");    // CHANGE
[2.477s]       |                [01;31m[K^~~~[m[K
[2.477s] [01m[K/opt/ros/foxy/include/rcutils/logging_macros.h:70:47:[m[K [01;36m[Knote: [m[Kin definition of macro ‘[01m[KRCUTILS_LOG_COND_NAMED[m[K’
[2.477s]    70 |     if (rcutils_logging_logger_is_enabled_for([01;36m[Kname[m[K, severity)) { \
[2.477s]       |                                               [01;36m[K^~~~[m[K
[2.477s] [01m[K/opt/ros/foxy/include/rclcpp/logging.hpp:542:5:[m[K [01;36m[Knote: [m[Kin expansion of macro ‘[01m[KRCUTILS_LOG_INFO_NAMED[m[K’
[2.477s]   542 |     [01;36m[KRCUTILS_LOG_INFO_NAMED[m[K( \
[2.478s]       |     [01;36m[K^~~~~~~~~~~~~~~~~~~~~~[m[K
[2.478s] [01m[K/ros2_test/AD_Middle_Test/ros2/src/detect_s/src/camera.cpp:53:4:[m[K [01;36m[Knote: [m[Kin expansion of macro ‘[01m[KRCLCPP_INFO[m[K’
[2.478s]    53 |    [01;36m[KRCLCPP_INFO[m[K(this->get_logger(), "start");    // CHANGE
[2.478s]       |    [01;36m[K^~~~~~~~~~~[m[K
[2.478s] [01m[K/ros2_test/AD_Middle_Test/ros2/src/detect_s/src/camera.cpp:53:16:[m[K [01;31m[Kerror: [m[Kinvalid use of ‘[01m[Kthis[m[K’ in non-member function
[2.478s]    53 |    RCLCPP_INFO([01;31m[Kthis[m[K->get_logger(), "start");    // CHANGE
[2.478s]       |                [01;31m[K^~~~[m[K
[2.479s] [01m[K/opt/ros/foxy/include/rcutils/logging_macros.h:72:58:[m[K [01;36m[Knote: [m[Kin definition of macro ‘[01m[KRCUTILS_LOG_COND_NAMED[m[K’
[2.479s]    72 |       rcutils_log(&__rcutils_logging_location, severity, [01;36m[Kname[m[K, __VA_ARGS__); \
[2.479s]       |                                                          [01;36m[K^~~~[m[K
[2.479s] [01m[K/opt/ros/foxy/include/rclcpp/logging.hpp:542:5:[m[K [01;36m[Knote: [m[Kin expansion of macro ‘[01m[KRCUTILS_LOG_INFO_NAMED[m[K’
[2.479s]   542 |     [01;36m[KRCUTILS_LOG_INFO_NAMED[m[K( \
[2.479s]       |     [01;36m[K^~~~~~~~~~~~~~~~~~~~~~[m[K
[2.479s] [01m[K/ros2_test/AD_Middle_Test/ros2/src/detect_s/src/camera.cpp:53:4:[m[K [01;36m[Knote: [m[Kin expansion of macro ‘[01m[KRCLCPP_INFO[m[K’
[2.480s]    53 |    [01;36m[KRCLCPP_INFO[m[K(this->get_logger(), "start");    // CHANGE
[2.480s]       |    [01;36m[K^~~~~~~~~~~[m[K
[3.779s] make[2]: *** [CMakeFiles/camera.dir/build.make:63: CMakeFiles/camera.dir/src/camera.cpp.o] Error 1
[3.779s] make[1]: *** [CMakeFiles/Makefile2:78: CMakeFiles/camera.dir/all] Error 2
[3.779s] make: *** [Makefile:141: all] Error 2
