[0.308s] DEBUG:colcon:Command line arguments: ['/usr/bin/colcon', 'build']
[0.308s] DEBUG:colcon:Parsed command line arguments: Namespace(ament_cmake_args=None, base_paths=['.'], build_base='build', catkin_cmake_args=None, catkin_skip_building_tests=False, cmake_args=None, cmake_clean_cache=False, cmake_clean_first=False, cmake_force_configure=False, cmake_target=None, cmake_target_skip_unavailable=False, continue_on_error=False, event_handlers=None, executor='parallel', ignore_user_meta=False, install_base='install', log_base=None, log_level=None, main=<bound method BuildVerb.main of <colcon_core.verb.build.BuildVerb object at 0x7fc61a3a83d0>>, merge_install=False, metas=['./colcon.meta'], mixin=None, mixin_files=None, mixin_verb=('build',), packages_above=None, packages_above_depth=None, packages_end=None, packages_ignore=None, packages_ignore_regex=None, packages_select=None, packages_select_build_failed=False, packages_select_by_dep=None, packages_select_regex=None, packages_select_test_failures=False, packages_skip=None, packages_skip_build_finished=False, packages_skip_by_dep=None, packages_skip_regex=None, packages_skip_test_passed=False, packages_skip_up_to=None, packages_start=None, packages_up_to=None, parallel_workers=5, paths=None, symlink_install=False, test_result_base=None, verb_extension=<colcon_core.verb.build.BuildVerb object at 0x7fc61a3a83d0>, verb_name='build', verb_parser=<colcon_mixin.mixin.mixin_argument.MixinArgumentDecorator object at 0x7fc61a3a89a0>)
[0.377s] Level 1:colcon.colcon_core.package_discovery:discover_packages(colcon_meta) check parameters
[0.378s] INFO:colcon.colcon_metadata.package_discovery.colcon_meta:Using configuration from '/root/.colcon/metadata/default/Gazebo.meta'
[0.379s] INFO:colcon.colcon_metadata.package_discovery.colcon_meta:Using configuration from '/root/.colcon/metadata/default/fastrtps.meta'
[0.379s] Level 1:colcon.colcon_core.package_discovery:discover_packages(recursive) check parameters
[0.379s] Level 1:colcon.colcon_core.package_discovery:discover_packages(ignore) check parameters
[0.379s] Level 1:colcon.colcon_core.package_discovery:discover_packages(path) check parameters
[0.379s] Level 1:colcon.colcon_core.package_discovery:discover_packages(colcon_meta) discover
[0.380s] Level 1:colcon.colcon_core.package_discovery:discover_packages(recursive) discover
[0.380s] INFO:colcon.colcon_core.package_discovery:Crawling recursively for packages in '/ros2_test/AD_Middle_Test/ros2/src'
[0.380s] Level 1:colcon.colcon_core.package_identification:_identify(.) by extensions ['ignore', 'ignore_ament_install']
[0.380s] Level 1:colcon.colcon_core.package_identification:_identify(.) by extension 'ignore'
[0.380s] Level 1:colcon.colcon_core.package_identification:_identify(.) by extension 'ignore_ament_install'
[0.380s] Level 1:colcon.colcon_core.package_identification:_identify(.) by extensions ['colcon_pkg']
[0.380s] Level 1:colcon.colcon_core.package_identification:_identify(.) by extension 'colcon_pkg'
[0.380s] Level 1:colcon.colcon_core.package_identification:_identify(.) by extensions ['colcon_meta']
[0.380s] Level 1:colcon.colcon_core.package_identification:_identify(.) by extension 'colcon_meta'
[0.380s] Level 1:colcon.colcon_core.package_identification:_identify(.) by extensions ['ros']
[0.380s] Level 1:colcon.colcon_core.package_identification:_identify(.) by extension 'ros'
[0.401s] Level 1:colcon.colcon_core.package_identification:_identify(.) by extensions ['cmake', 'python']
[0.401s] Level 1:colcon.colcon_core.package_identification:_identify(.) by extension 'cmake'
[0.401s] Level 1:colcon.colcon_core.package_identification:_identify(.) by extension 'python'
[0.401s] Level 1:colcon.colcon_core.package_identification:_identify(.) by extensions ['python_setup_py']
[0.401s] Level 1:colcon.colcon_core.package_identification:_identify(.) by extension 'python_setup_py'
[0.401s] Level 1:colcon.colcon_core.package_identification:_identify(build) by extensions ['ignore', 'ignore_ament_install']
[0.402s] Level 1:colcon.colcon_core.package_identification:_identify(build) by extension 'ignore'
[0.402s] Level 1:colcon.colcon_core.package_identification:_identify(build) ignored
[0.402s] Level 1:colcon.colcon_core.package_identification:_identify(detect_s) by extensions ['ignore', 'ignore_ament_install']
[0.402s] Level 1:colcon.colcon_core.package_identification:_identify(detect_s) by extension 'ignore'
[0.402s] Level 1:colcon.colcon_core.package_identification:_identify(detect_s) by extension 'ignore_ament_install'
[0.402s] Level 1:colcon.colcon_core.package_identification:_identify(detect_s) by extensions ['colcon_pkg']
[0.402s] Level 1:colcon.colcon_core.package_identification:_identify(detect_s) by extension 'colcon_pkg'
[0.402s] Level 1:colcon.colcon_core.package_identification:_identify(detect_s) by extensions ['colcon_meta']
[0.402s] Level 1:colcon.colcon_core.package_identification:_identify(detect_s) by extension 'colcon_meta'
[0.403s] Level 1:colcon.colcon_core.package_identification:_identify(detect_s) by extensions ['ros']
[0.403s] Level 1:colcon.colcon_core.package_identification:_identify(detect_s) by extension 'ros'
[0.406s] DEBUG:colcon.colcon_core.package_identification:Package 'detect_s' with type 'ros.ament_cmake' and name 'detect_s'
[0.406s] Level 1:colcon.colcon_core.package_identification:_identify(install) by extensions ['ignore', 'ignore_ament_install']
[0.407s] Level 1:colcon.colcon_core.package_identification:_identify(install) by extension 'ignore'
[0.407s] Level 1:colcon.colcon_core.package_identification:_identify(install) ignored
[0.407s] Level 1:colcon.colcon_core.package_identification:_identify(log) by extensions ['ignore', 'ignore_ament_install']
[0.407s] Level 1:colcon.colcon_core.package_identification:_identify(log) by extension 'ignore'
[0.407s] Level 1:colcon.colcon_core.package_identification:_identify(log) ignored
[0.408s] Level 1:colcon.colcon_core.package_identification:_identify(ros_tutorials) by extensions ['ignore', 'ignore_ament_install']
[0.408s] Level 1:colcon.colcon_core.package_identification:_identify(ros_tutorials) by extension 'ignore'
[0.408s] Level 1:colcon.colcon_core.package_identification:_identify(ros_tutorials) by extension 'ignore_ament_install'
[0.408s] Level 1:colcon.colcon_core.package_identification:_identify(ros_tutorials) by extensions ['colcon_pkg']
[0.408s] Level 1:colcon.colcon_core.package_identification:_identify(ros_tutorials) by extension 'colcon_pkg'
[0.408s] Level 1:colcon.colcon_core.package_identification:_identify(ros_tutorials) by extensions ['colcon_meta']
[0.408s] Level 1:colcon.colcon_core.package_identification:_identify(ros_tutorials) by extension 'colcon_meta'
[0.408s] Level 1:colcon.colcon_core.package_identification:_identify(ros_tutorials) by extensions ['ros']
[0.408s] Level 1:colcon.colcon_core.package_identification:_identify(ros_tutorials) by extension 'ros'
[0.408s] Level 1:colcon.colcon_core.package_identification:_identify(ros_tutorials) by extensions ['cmake', 'python']
[0.409s] Level 1:colcon.colcon_core.package_identification:_identify(ros_tutorials) by extension 'cmake'
[0.409s] Level 1:colcon.colcon_core.package_identification:_identify(ros_tutorials) by extension 'python'
[0.409s] Level 1:colcon.colcon_core.package_identification:_identify(ros_tutorials) by extensions ['python_setup_py']
[0.409s] Level 1:colcon.colcon_core.package_identification:_identify(ros_tutorials) by extension 'python_setup_py'
[0.409s] Level 1:colcon.colcon_core.package_identification:_identify(ros_tutorials/ros_tutorials) by extensions ['ignore', 'ignore_ament_install']
[0.409s] Level 1:colcon.colcon_core.package_identification:_identify(ros_tutorials/ros_tutorials) by extension 'ignore'
[0.409s] Level 1:colcon.colcon_core.package_identification:_identify(ros_tutorials/ros_tutorials) ignored
[0.409s] Level 1:colcon.colcon_core.package_identification:_identify(ros_tutorials/roscpp_tutorials) by extensions ['ignore', 'ignore_ament_install']
[0.410s] Level 1:colcon.colcon_core.package_identification:_identify(ros_tutorials/roscpp_tutorials) by extension 'ignore'
[0.410s] Level 1:colcon.colcon_core.package_identification:_identify(ros_tutorials/roscpp_tutorials) ignored
[0.410s] Level 1:colcon.colcon_core.package_identification:_identify(ros_tutorials/rospy_tutorials) by extensions ['ignore', 'ignore_ament_install']
[0.410s] Level 1:colcon.colcon_core.package_identification:_identify(ros_tutorials/rospy_tutorials) by extension 'ignore'
[0.410s] Level 1:colcon.colcon_core.package_identification:_identify(ros_tutorials/rospy_tutorials) ignored
[0.410s] Level 1:colcon.colcon_core.package_identification:_identify(ros_tutorials/turtlesim) by extensions ['ignore', 'ignore_ament_install']
[0.410s] Level 1:colcon.colcon_core.package_identification:_identify(ros_tutorials/turtlesim) by extension 'ignore'
[0.411s] Level 1:colcon.colcon_core.package_identification:_identify(ros_tutorials/turtlesim) by extension 'ignore_ament_install'
[0.411s] Level 1:colcon.colcon_core.package_identification:_identify(ros_tutorials/turtlesim) by extensions ['colcon_pkg']
[0.411s] Level 1:colcon.colcon_core.package_identification:_identify(ros_tutorials/turtlesim) by extension 'colcon_pkg'
[0.411s] Level 1:colcon.colcon_core.package_identification:_identify(ros_tutorials/turtlesim) by extensions ['colcon_meta']
[0.411s] Level 1:colcon.colcon_core.package_identification:_identify(ros_tutorials/turtlesim) by extension 'colcon_meta'
[0.411s] Level 1:colcon.colcon_core.package_identification:_identify(ros_tutorials/turtlesim) by extensions ['ros']
[0.411s] Level 1:colcon.colcon_core.package_identification:_identify(ros_tutorials/turtlesim) by extension 'ros'
[0.413s] DEBUG:colcon.colcon_core.package_identification:Package 'ros_tutorials/turtlesim' with type 'ros.ament_cmake' and name 'turtlesim'
[0.414s] Level 1:colcon.colcon_core.package_identification:_identify(simple_s) by extensions ['ignore', 'ignore_ament_install']
[0.414s] Level 1:colcon.colcon_core.package_identification:_identify(simple_s) by extension 'ignore'
[0.414s] Level 1:colcon.colcon_core.package_identification:_identify(simple_s) by extension 'ignore_ament_install'
[0.414s] Level 1:colcon.colcon_core.package_identification:_identify(simple_s) by extensions ['colcon_pkg']
[0.414s] Level 1:colcon.colcon_core.package_identification:_identify(simple_s) by extension 'colcon_pkg'
[0.414s] Level 1:colcon.colcon_core.package_identification:_identify(simple_s) by extensions ['colcon_meta']
[0.414s] Level 1:colcon.colcon_core.package_identification:_identify(simple_s) by extension 'colcon_meta'
[0.414s] Level 1:colcon.colcon_core.package_identification:_identify(simple_s) by extensions ['ros']
[0.414s] Level 1:colcon.colcon_core.package_identification:_identify(simple_s) by extension 'ros'
[0.416s] DEBUG:colcon.colcon_core.package_identification:Package 'simple_s' with type 'ros.ament_cmake' and name 'simple_s'
[0.416s] Level 1:colcon.colcon_core.package_identification:_identify(test_interfaces) by extensions ['ignore', 'ignore_ament_install']
[0.416s] Level 1:colcon.colcon_core.package_identification:_identify(test_interfaces) by extension 'ignore'
[0.416s] Level 1:colcon.colcon_core.package_identification:_identify(test_interfaces) by extension 'ignore_ament_install'
[0.416s] Level 1:colcon.colcon_core.package_identification:_identify(test_interfaces) by extensions ['colcon_pkg']
[0.416s] Level 1:colcon.colcon_core.package_identification:_identify(test_interfaces) by extension 'colcon_pkg'
[0.416s] Level 1:colcon.colcon_core.package_identification:_identify(test_interfaces) by extensions ['colcon_meta']
[0.416s] Level 1:colcon.colcon_core.package_identification:_identify(test_interfaces) by extension 'colcon_meta'
[0.417s] Level 1:colcon.colcon_core.package_identification:_identify(test_interfaces) by extensions ['ros']
[0.417s] Level 1:colcon.colcon_core.package_identification:_identify(test_interfaces) by extension 'ros'
[0.417s] DEBUG:colcon.colcon_core.package_identification:Package 'test_interfaces' with type 'ros.ament_cmake' and name 'test_interfaces'
[0.418s] Level 1:colcon.colcon_core.package_discovery:discover_packages(recursive) using defaults
[0.418s] Level 1:colcon.colcon_core.package_discovery:discover_packages(ignore) discover
[0.418s] Level 1:colcon.colcon_core.package_discovery:discover_packages(ignore) using defaults
[0.418s] Level 1:colcon.colcon_core.package_discovery:discover_packages(path) discover
[0.418s] Level 1:colcon.colcon_core.package_discovery:discover_packages(path) using defaults
[0.428s] Level 5:colcon.colcon_core.verb:set package 'detect_s' build argument 'cmake_args' from command line to 'None'
[0.428s] Level 5:colcon.colcon_core.verb:set package 'detect_s' build argument 'cmake_target' from command line to 'None'
[0.428s] Level 5:colcon.colcon_core.verb:set package 'detect_s' build argument 'cmake_target_skip_unavailable' from command line to 'False'
[0.428s] Level 5:colcon.colcon_core.verb:set package 'detect_s' build argument 'cmake_clean_cache' from command line to 'False'
[0.428s] Level 5:colcon.colcon_core.verb:set package 'detect_s' build argument 'cmake_clean_first' from command line to 'False'
[0.428s] Level 5:colcon.colcon_core.verb:set package 'detect_s' build argument 'cmake_force_configure' from command line to 'False'
[0.428s] Level 5:colcon.colcon_core.verb:set package 'detect_s' build argument 'ament_cmake_args' from command line to 'None'
[0.428s] Level 5:colcon.colcon_core.verb:set package 'detect_s' build argument 'catkin_cmake_args' from command line to 'None'
[0.428s] Level 5:colcon.colcon_core.verb:set package 'detect_s' build argument 'catkin_skip_building_tests' from command line to 'False'
[0.428s] DEBUG:colcon.colcon_core.verb:Building package 'detect_s' with the following arguments: {'ament_cmake_args': None, 'build_base': '/ros2_test/AD_Middle_Test/ros2/src/build/detect_s', 'catkin_cmake_args': None, 'catkin_skip_building_tests': False, 'cmake_args': None, 'cmake_clean_cache': False, 'cmake_clean_first': False, 'cmake_force_configure': False, 'cmake_target': None, 'cmake_target_skip_unavailable': False, 'install_base': '/ros2_test/AD_Middle_Test/ros2/src/install/detect_s', 'merge_install': False, 'path': '/ros2_test/AD_Middle_Test/ros2/src/detect_s', 'symlink_install': False, 'test_result_base': None}
[0.434s] Level 5:colcon.colcon_core.verb:set package 'test_interfaces' build argument 'cmake_args' from command line to 'None'
[0.434s] Level 5:colcon.colcon_core.verb:set package 'test_interfaces' build argument 'cmake_target' from command line to 'None'
[0.434s] Level 5:colcon.colcon_core.verb:set package 'test_interfaces' build argument 'cmake_target_skip_unavailable' from command line to 'False'
[0.434s] Level 5:colcon.colcon_core.verb:set package 'test_interfaces' build argument 'cmake_clean_cache' from command line to 'False'
[0.434s] Level 5:colcon.colcon_core.verb:set package 'test_interfaces' build argument 'cmake_clean_first' from command line to 'False'
[0.434s] Level 5:colcon.colcon_core.verb:set package 'test_interfaces' build argument 'cmake_force_configure' from command line to 'False'
[0.434s] Level 5:colcon.colcon_core.verb:set package 'test_interfaces' build argument 'ament_cmake_args' from command line to 'None'
[0.434s] Level 5:colcon.colcon_core.verb:set package 'test_interfaces' build argument 'catkin_cmake_args' from command line to 'None'
[0.434s] Level 5:colcon.colcon_core.verb:set package 'test_interfaces' build argument 'catkin_skip_building_tests' from command line to 'False'
[0.434s] DEBUG:colcon.colcon_core.verb:Building package 'test_interfaces' with the following arguments: {'ament_cmake_args': None, 'build_base': '/ros2_test/AD_Middle_Test/ros2/src/build/test_interfaces', 'catkin_cmake_args': None, 'catkin_skip_building_tests': False, 'cmake_args': None, 'cmake_clean_cache': False, 'cmake_clean_first': False, 'cmake_force_configure': False, 'cmake_target': None, 'cmake_target_skip_unavailable': False, 'install_base': '/ros2_test/AD_Middle_Test/ros2/src/install/test_interfaces', 'merge_install': False, 'path': '/ros2_test/AD_Middle_Test/ros2/src/test_interfaces', 'symlink_install': False, 'test_result_base': None}
[0.439s] Level 5:colcon.colcon_core.verb:set package 'turtlesim' build argument 'cmake_args' from command line to 'None'
[0.439s] Level 5:colcon.colcon_core.verb:set package 'turtlesim' build argument 'cmake_target' from command line to 'None'
[0.440s] Level 5:colcon.colcon_core.verb:set package 'turtlesim' build argument 'cmake_target_skip_unavailable' from command line to 'False'
[0.440s] Level 5:colcon.colcon_core.verb:set package 'turtlesim' build argument 'cmake_clean_cache' from command line to 'False'
[0.440s] Level 5:colcon.colcon_core.verb:set package 'turtlesim' build argument 'cmake_clean_first' from command line to 'False'
[0.440s] Level 5:colcon.colcon_core.verb:set package 'turtlesim' build argument 'cmake_force_configure' from command line to 'False'
[0.440s] Level 5:colcon.colcon_core.verb:set package 'turtlesim' build argument 'ament_cmake_args' from command line to 'None'
[0.440s] Level 5:colcon.colcon_core.verb:set package 'turtlesim' build argument 'catkin_cmake_args' from command line to 'None'
[0.440s] Level 5:colcon.colcon_core.verb:set package 'turtlesim' build argument 'catkin_skip_building_tests' from command line to 'False'
[0.440s] DEBUG:colcon.colcon_core.verb:Building package 'turtlesim' with the following arguments: {'ament_cmake_args': None, 'build_base': '/ros2_test/AD_Middle_Test/ros2/src/build/turtlesim', 'catkin_cmake_args': None, 'catkin_skip_building_tests': False, 'cmake_args': None, 'cmake_clean_cache': False, 'cmake_clean_first': False, 'cmake_force_configure': False, 'cmake_target': None, 'cmake_target_skip_unavailable': False, 'install_base': '/ros2_test/AD_Middle_Test/ros2/src/install/turtlesim', 'merge_install': False, 'path': '/ros2_test/AD_Middle_Test/ros2/src/ros_tutorials/turtlesim', 'symlink_install': False, 'test_result_base': None}
[0.445s] Level 5:colcon.colcon_core.verb:set package 'simple_s' build argument 'cmake_args' from command line to 'None'
[0.445s] Level 5:colcon.colcon_core.verb:set package 'simple_s' build argument 'cmake_target' from command line to 'None'
[0.445s] Level 5:colcon.colcon_core.verb:set package 'simple_s' build argument 'cmake_target_skip_unavailable' from command line to 'False'
[0.445s] Level 5:colcon.colcon_core.verb:set package 'simple_s' build argument 'cmake_clean_cache' from command line to 'False'
[0.445s] Level 5:colcon.colcon_core.verb:set package 'simple_s' build argument 'cmake_clean_first' from command line to 'False'
[0.445s] Level 5:colcon.colcon_core.verb:set package 'simple_s' build argument 'cmake_force_configure' from command line to 'False'
[0.446s] Level 5:colcon.colcon_core.verb:set package 'simple_s' build argument 'ament_cmake_args' from command line to 'None'
[0.446s] Level 5:colcon.colcon_core.verb:set package 'simple_s' build argument 'catkin_cmake_args' from command line to 'None'
[0.446s] Level 5:colcon.colcon_core.verb:set package 'simple_s' build argument 'catkin_skip_building_tests' from command line to 'False'
[0.446s] DEBUG:colcon.colcon_core.verb:Building package 'simple_s' with the following arguments: {'ament_cmake_args': None, 'build_base': '/ros2_test/AD_Middle_Test/ros2/src/build/simple_s', 'catkin_cmake_args': None, 'catkin_skip_building_tests': False, 'cmake_args': None, 'cmake_clean_cache': False, 'cmake_clean_first': False, 'cmake_force_configure': False, 'cmake_target': None, 'cmake_target_skip_unavailable': False, 'install_base': '/ros2_test/AD_Middle_Test/ros2/src/install/simple_s', 'merge_install': False, 'path': '/ros2_test/AD_Middle_Test/ros2/src/simple_s', 'symlink_install': False, 'test_result_base': None}
[0.446s] INFO:colcon.colcon_core.executor:Executing jobs using 'parallel' executor
[0.450s] DEBUG:colcon.colcon_parallel_executor.executor.parallel:run_until_complete
[0.450s] INFO:colcon.colcon_ros.task.ament_cmake.build:Building ROS package in '/ros2_test/AD_Middle_Test/ros2/src/test_interfaces' with build type 'ament_cmake'
[0.456s] INFO:colcon.colcon_core.plugin_system:Skipping extension 'colcon_core.shell.bat': Not used on non-Windows systems
[0.456s] INFO:colcon.colcon_cmake.task.cmake.build:Building CMake package in '/ros2_test/AD_Middle_Test/ros2/src/test_interfaces'
[0.457s] INFO:colcon.colcon_core.shell:Skip shell extension 'powershell' for command environment: Not usable outside of PowerShell
[0.457s] DEBUG:colcon.colcon_core.shell:Skip shell extension 'dsv' for command environment
[0.471s] INFO:colcon.colcon_ros.task.ament_cmake.build:Building ROS package in '/ros2_test/AD_Middle_Test/ros2/src/detect_s' with build type 'ament_cmake'
[0.473s] INFO:colcon.colcon_cmake.task.cmake.build:Building CMake package in '/ros2_test/AD_Middle_Test/ros2/src/detect_s'
[0.474s] INFO:colcon.colcon_core.shell:Skip shell extension 'powershell' for command environment: Not usable outside of PowerShell
[0.474s] DEBUG:colcon.colcon_core.shell:Skip shell extension 'dsv' for command environment
[0.486s] INFO:colcon.colcon_ros.task.ament_cmake.build:Building ROS package in '/ros2_test/AD_Middle_Test/ros2/src/ros_tutorials/turtlesim' with build type 'ament_cmake'
[0.488s] INFO:colcon.colcon_cmake.task.cmake.build:Building CMake package in '/ros2_test/AD_Middle_Test/ros2/src/ros_tutorials/turtlesim'
[0.489s] INFO:colcon.colcon_core.shell:Skip shell extension 'powershell' for command environment: Not usable outside of PowerShell
[0.489s] DEBUG:colcon.colcon_core.shell:Skip shell extension 'dsv' for command environment
[0.508s] DEBUG:colcon.colcon_core.event_handler.log_command:Invoking command in '/ros2_test/AD_Middle_Test/ros2/src/build/test_interfaces': /usr/bin/cmake --build /ros2_test/AD_Middle_Test/ros2/src/build/test_interfaces -- -j5 -l5
[0.519s] DEBUG:colcon.colcon_core.event_handler.log_command:Invoking command in '/ros2_test/AD_Middle_Test/ros2/src/build/detect_s': /usr/bin/cmake --build /ros2_test/AD_Middle_Test/ros2/src/build/detect_s -- -j5 -l5
[0.526s] DEBUG:colcon.colcon_core.event_handler.log_command:Invoking command in '/ros2_test/AD_Middle_Test/ros2/src/build/turtlesim': /usr/bin/cmake --build /ros2_test/AD_Middle_Test/ros2/src/build/turtlesim -- -j5 -l5
[0.926s] DEBUG:colcon.colcon_core.event_handler.log_command:Invoked command in '/ros2_test/AD_Middle_Test/ros2/src/build/test_interfaces' returned '0': /usr/bin/cmake --build /ros2_test/AD_Middle_Test/ros2/src/build/test_interfaces -- -j5 -l5
[0.973s] DEBUG:colcon.colcon_core.event_handler.log_command:Invoked command in '/ros2_test/AD_Middle_Test/ros2/src/build/turtlesim' returned '0': /usr/bin/cmake --build /ros2_test/AD_Middle_Test/ros2/src/build/turtlesim -- -j5 -l5
[1.052s] DEBUG:colcon.colcon_core.event_handler.log_command:Invoking command in '/ros2_test/AD_Middle_Test/ros2/src/build/test_interfaces': /usr/bin/cmake --install /ros2_test/AD_Middle_Test/ros2/src/build/test_interfaces
[1.140s] Level 1:colcon.colcon_core.environment:create_environment_scripts_only(test_interfaces)
[1.142s] DEBUG:colcon.colcon_core.event_handler.log_command:Invoked command in '/ros2_test/AD_Middle_Test/ros2/src/build/test_interfaces' returned '0': /usr/bin/cmake --install /ros2_test/AD_Middle_Test/ros2/src/build/test_interfaces
[1.147s] Level 1:colcon.colcon_core.environment:checking '/ros2_test/AD_Middle_Test/ros2/src/install/test_interfaces' for CMake module files
[1.148s] Level 1:colcon.colcon_core.environment:checking '/ros2_test/AD_Middle_Test/ros2/src/install/test_interfaces' for CMake config files
[1.149s] Level 1:colcon.colcon_core.shell:create_environment_hook('test_interfaces', 'cmake_prefix_path')
[1.150s] INFO:colcon.colcon_core.shell:Creating environment hook '/ros2_test/AD_Middle_Test/ros2/src/install/test_interfaces/share/test_interfaces/hook/cmake_prefix_path.ps1'
[1.151s] INFO:colcon.colcon_core.shell:Creating environment descriptor '/ros2_test/AD_Middle_Test/ros2/src/install/test_interfaces/share/test_interfaces/hook/cmake_prefix_path.dsv'
[1.151s] INFO:colcon.colcon_core.shell:Creating environment hook '/ros2_test/AD_Middle_Test/ros2/src/install/test_interfaces/share/test_interfaces/hook/cmake_prefix_path.sh'
[1.153s] Level 1:colcon.colcon_core.environment:checking '/ros2_test/AD_Middle_Test/ros2/src/install/test_interfaces/lib'
[1.154s] Level 1:colcon.colcon_core.shell:create_environment_hook('test_interfaces', 'ld_library_path_lib')
[1.155s] INFO:colcon.colcon_core.shell:Creating environment hook '/ros2_test/AD_Middle_Test/ros2/src/install/test_interfaces/share/test_interfaces/hook/ld_library_path_lib.ps1'
[1.155s] INFO:colcon.colcon_core.shell:Creating environment descriptor '/ros2_test/AD_Middle_Test/ros2/src/install/test_interfaces/share/test_interfaces/hook/ld_library_path_lib.dsv'
[1.156s] INFO:colcon.colcon_core.shell:Creating environment hook '/ros2_test/AD_Middle_Test/ros2/src/install/test_interfaces/share/test_interfaces/hook/ld_library_path_lib.sh'
[1.156s] Level 1:colcon.colcon_core.environment:checking '/ros2_test/AD_Middle_Test/ros2/src/install/test_interfaces/bin'
[1.157s] Level 1:colcon.colcon_core.environment:checking '/ros2_test/AD_Middle_Test/ros2/src/install/test_interfaces/lib/pkgconfig/test_interfaces.pc'
[1.157s] Level 1:colcon.colcon_core.environment:checking '/ros2_test/AD_Middle_Test/ros2/src/install/test_interfaces/lib/python3.8/site-packages'
[1.157s] Level 1:colcon.colcon_core.shell:create_environment_hook('test_interfaces', 'pythonpath')
[1.158s] INFO:colcon.colcon_core.shell:Creating environment hook '/ros2_test/AD_Middle_Test/ros2/src/install/test_interfaces/share/test_interfaces/hook/pythonpath.ps1'
[1.158s] INFO:colcon.colcon_core.shell:Creating environment descriptor '/ros2_test/AD_Middle_Test/ros2/src/install/test_interfaces/share/test_interfaces/hook/pythonpath.dsv'
[1.159s] INFO:colcon.colcon_core.shell:Creating environment hook '/ros2_test/AD_Middle_Test/ros2/src/install/test_interfaces/share/test_interfaces/hook/pythonpath.sh'
[1.160s] INFO:colcon.colcon_core.shell:Creating package script '/ros2_test/AD_Middle_Test/ros2/src/install/test_interfaces/share/test_interfaces/package.ps1'
[1.162s] INFO:colcon.colcon_core.shell:Creating package descriptor '/ros2_test/AD_Middle_Test/ros2/src/install/test_interfaces/share/test_interfaces/package.dsv'
[1.163s] INFO:colcon.colcon_core.shell:Creating package script '/ros2_test/AD_Middle_Test/ros2/src/install/test_interfaces/share/test_interfaces/package.sh'
[1.165s] INFO:colcon.colcon_core.shell:Creating package script '/ros2_test/AD_Middle_Test/ros2/src/install/test_interfaces/share/test_interfaces/package.bash'
[1.167s] INFO:colcon.colcon_core.shell:Creating package script '/ros2_test/AD_Middle_Test/ros2/src/install/test_interfaces/share/test_interfaces/package.zsh'
[1.168s] Level 1:colcon.colcon_core.environment:create_file_with_runtime_dependencies(/ros2_test/AD_Middle_Test/ros2/src/install/test_interfaces/share/colcon-core/packages/test_interfaces)
[1.169s] INFO:colcon.colcon_ros.task.ament_cmake.build:Building ROS package in '/ros2_test/AD_Middle_Test/ros2/src/simple_s' with build type 'ament_cmake'
[1.170s] INFO:colcon.colcon_cmake.task.cmake.build:Building CMake package in '/ros2_test/AD_Middle_Test/ros2/src/simple_s'
[1.171s] INFO:colcon.colcon_core.shell:Skip shell extension 'powershell' for command environment: Not usable outside of PowerShell
[1.171s] DEBUG:colcon.colcon_core.shell:Skip shell extension 'dsv' for command environment
[1.195s] DEBUG:colcon.colcon_core.event_handler.log_command:Invoking command in '/ros2_test/AD_Middle_Test/ros2/src/build/simple_s': CMAKE_PREFIX_PATH=/ros2_test/AD_Middle_Test/ros2/src/install/test_interfaces:/ros2_test/AD_Middle_Test/ros2/src/install/turtlesim:/ros2_test/AD_Middle_Test/ros2/src/install/simple_s:/ros2_test/AD_Middle_Test/ros2/src/install/detect_s:/ros2_test/AD_Middle_Test/ros2/install/turtlesim:/ros2_test/AD_Middle_Test/ros2/install/simple_s:/ros2_test/AD_Middle_Test/ros2/install/test_interfaces:/ros2_test/AD_Middle_Test/ros2/install/detect_s:/opt/ros/foxy LD_LIBRARY_PATH=/ros2_test/AD_Middle_Test/ros2/src/install/test_interfaces/lib:/ros2_test/AD_Middle_Test/ros2/src/install/turtlesim/lib:/ros2_test/AD_Middle_Test/ros2/install/turtlesim/lib:/ros2_test/AD_Middle_Test/ros2/install/test_interfaces/lib:/opt/ros/foxy/opt/yaml_cpp_vendor/lib:/opt/ros/foxy/opt/rviz_ogre_vendor/lib:/opt/ros/foxy/lib PYTHONPATH=/ros2_test/AD_Middle_Test/ros2/src/install/test_interfaces/lib/python3.8/site-packages:/ros2_test/AD_Middle_Test/ros2/src/install/turtlesim/lib/python3.8/site-packages:/ros2_test/AD_Middle_Test/ros2/install/turtlesim/lib/python3.8/site-packages:/ros2_test/AD_Middle_Test/ros2/install/test_interfaces/lib/python3.8/site-packages:/opt/ros/foxy/lib/python3.8/site-packages /usr/bin/cmake --build /ros2_test/AD_Middle_Test/ros2/src/build/simple_s -- -j5 -l5
[1.238s] DEBUG:colcon.colcon_core.event_handler.log_command:Invoking command in '/ros2_test/AD_Middle_Test/ros2/src/build/turtlesim': /usr/bin/cmake --install /ros2_test/AD_Middle_Test/ros2/src/build/turtlesim
[1.316s] DEBUG:colcon.colcon_core.event_handler.log_command:Invoked command in '/ros2_test/AD_Middle_Test/ros2/src/build/simple_s' returned '0': CMAKE_PREFIX_PATH=/ros2_test/AD_Middle_Test/ros2/src/install/test_interfaces:/ros2_test/AD_Middle_Test/ros2/src/install/turtlesim:/ros2_test/AD_Middle_Test/ros2/src/install/simple_s:/ros2_test/AD_Middle_Test/ros2/src/install/detect_s:/ros2_test/AD_Middle_Test/ros2/install/turtlesim:/ros2_test/AD_Middle_Test/ros2/install/simple_s:/ros2_test/AD_Middle_Test/ros2/install/test_interfaces:/ros2_test/AD_Middle_Test/ros2/install/detect_s:/opt/ros/foxy LD_LIBRARY_PATH=/ros2_test/AD_Middle_Test/ros2/src/install/test_interfaces/lib:/ros2_test/AD_Middle_Test/ros2/src/install/turtlesim/lib:/ros2_test/AD_Middle_Test/ros2/install/turtlesim/lib:/ros2_test/AD_Middle_Test/ros2/install/test_interfaces/lib:/opt/ros/foxy/opt/yaml_cpp_vendor/lib:/opt/ros/foxy/opt/rviz_ogre_vendor/lib:/opt/ros/foxy/lib PYTHONPATH=/ros2_test/AD_Middle_Test/ros2/src/install/test_interfaces/lib/python3.8/site-packages:/ros2_test/AD_Middle_Test/ros2/src/install/turtlesim/lib/python3.8/site-packages:/ros2_test/AD_Middle_Test/ros2/install/turtlesim/lib/python3.8/site-packages:/ros2_test/AD_Middle_Test/ros2/install/test_interfaces/lib/python3.8/site-packages:/opt/ros/foxy/lib/python3.8/site-packages /usr/bin/cmake --build /ros2_test/AD_Middle_Test/ros2/src/build/simple_s -- -j5 -l5
[1.349s] Level 1:colcon.colcon_core.environment:create_environment_scripts_only(turtlesim)
[1.351s] Level 1:colcon.colcon_core.environment:checking '/ros2_test/AD_Middle_Test/ros2/src/install/turtlesim' for CMake module files
[1.355s] DEBUG:colcon.colcon_core.event_handler.log_command:Invoked command in '/ros2_test/AD_Middle_Test/ros2/src/build/turtlesim' returned '0': /usr/bin/cmake --install /ros2_test/AD_Middle_Test/ros2/src/build/turtlesim
[1.355s] Level 1:colcon.colcon_core.environment:checking '/ros2_test/AD_Middle_Test/ros2/src/install/turtlesim' for CMake config files
[1.356s] Level 1:colcon.colcon_core.shell:create_environment_hook('turtlesim', 'cmake_prefix_path')
[1.357s] INFO:colcon.colcon_core.shell:Creating environment hook '/ros2_test/AD_Middle_Test/ros2/src/install/turtlesim/share/turtlesim/hook/cmake_prefix_path.ps1'
[1.358s] INFO:colcon.colcon_core.shell:Creating environment descriptor '/ros2_test/AD_Middle_Test/ros2/src/install/turtlesim/share/turtlesim/hook/cmake_prefix_path.dsv'
[1.359s] INFO:colcon.colcon_core.shell:Creating environment hook '/ros2_test/AD_Middle_Test/ros2/src/install/turtlesim/share/turtlesim/hook/cmake_prefix_path.sh'
[1.359s] Level 1:colcon.colcon_core.environment:checking '/ros2_test/AD_Middle_Test/ros2/src/install/turtlesim/lib'
[1.360s] Level 1:colcon.colcon_core.shell:create_environment_hook('turtlesim', 'ld_library_path_lib')
[1.360s] INFO:colcon.colcon_core.shell:Creating environment hook '/ros2_test/AD_Middle_Test/ros2/src/install/turtlesim/share/turtlesim/hook/ld_library_path_lib.ps1'
[1.361s] INFO:colcon.colcon_core.shell:Creating environment descriptor '/ros2_test/AD_Middle_Test/ros2/src/install/turtlesim/share/turtlesim/hook/ld_library_path_lib.dsv'
[1.362s] INFO:colcon.colcon_core.shell:Creating environment hook '/ros2_test/AD_Middle_Test/ros2/src/install/turtlesim/share/turtlesim/hook/ld_library_path_lib.sh'
[1.362s] Level 1:colcon.colcon_core.environment:checking '/ros2_test/AD_Middle_Test/ros2/src/install/turtlesim/bin'
[1.362s] Level 1:colcon.colcon_core.environment:checking '/ros2_test/AD_Middle_Test/ros2/src/install/turtlesim/lib/pkgconfig/turtlesim.pc'
[1.362s] Level 1:colcon.colcon_core.environment:checking '/ros2_test/AD_Middle_Test/ros2/src/install/turtlesim/lib/python3.8/site-packages'
[1.363s] Level 1:colcon.colcon_core.shell:create_environment_hook('turtlesim', 'pythonpath')
[1.363s] INFO:colcon.colcon_core.shell:Creating environment hook '/ros2_test/AD_Middle_Test/ros2/src/install/turtlesim/share/turtlesim/hook/pythonpath.ps1'
[1.364s] INFO:colcon.colcon_core.shell:Creating environment descriptor '/ros2_test/AD_Middle_Test/ros2/src/install/turtlesim/share/turtlesim/hook/pythonpath.dsv'
[1.365s] INFO:colcon.colcon_core.shell:Creating environment hook '/ros2_test/AD_Middle_Test/ros2/src/install/turtlesim/share/turtlesim/hook/pythonpath.sh'
[1.366s] INFO:colcon.colcon_core.shell:Creating package script '/ros2_test/AD_Middle_Test/ros2/src/install/turtlesim/share/turtlesim/package.ps1'
[1.367s] INFO:colcon.colcon_core.shell:Creating package descriptor '/ros2_test/AD_Middle_Test/ros2/src/install/turtlesim/share/turtlesim/package.dsv'
[1.368s] INFO:colcon.colcon_core.shell:Creating package script '/ros2_test/AD_Middle_Test/ros2/src/install/turtlesim/share/turtlesim/package.sh'
[1.369s] INFO:colcon.colcon_core.shell:Creating package script '/ros2_test/AD_Middle_Test/ros2/src/install/turtlesim/share/turtlesim/package.bash'
[1.370s] INFO:colcon.colcon_core.shell:Creating package script '/ros2_test/AD_Middle_Test/ros2/src/install/turtlesim/share/turtlesim/package.zsh'
[1.370s] Level 1:colcon.colcon_core.environment:create_file_with_runtime_dependencies(/ros2_test/AD_Middle_Test/ros2/src/install/turtlesim/share/colcon-core/packages/turtlesim)
[1.375s] DEBUG:colcon.colcon_core.event_handler.log_command:Invoking command in '/ros2_test/AD_Middle_Test/ros2/src/build/simple_s': CMAKE_PREFIX_PATH=/ros2_test/AD_Middle_Test/ros2/src/install/test_interfaces:/ros2_test/AD_Middle_Test/ros2/src/install/turtlesim:/ros2_test/AD_Middle_Test/ros2/src/install/simple_s:/ros2_test/AD_Middle_Test/ros2/src/install/detect_s:/ros2_test/AD_Middle_Test/ros2/install/turtlesim:/ros2_test/AD_Middle_Test/ros2/install/simple_s:/ros2_test/AD_Middle_Test/ros2/install/test_interfaces:/ros2_test/AD_Middle_Test/ros2/install/detect_s:/opt/ros/foxy LD_LIBRARY_PATH=/ros2_test/AD_Middle_Test/ros2/src/install/test_interfaces/lib:/ros2_test/AD_Middle_Test/ros2/src/install/turtlesim/lib:/ros2_test/AD_Middle_Test/ros2/install/turtlesim/lib:/ros2_test/AD_Middle_Test/ros2/install/test_interfaces/lib:/opt/ros/foxy/opt/yaml_cpp_vendor/lib:/opt/ros/foxy/opt/rviz_ogre_vendor/lib:/opt/ros/foxy/lib PYTHONPATH=/ros2_test/AD_Middle_Test/ros2/src/install/test_interfaces/lib/python3.8/site-packages:/ros2_test/AD_Middle_Test/ros2/src/install/turtlesim/lib/python3.8/site-packages:/ros2_test/AD_Middle_Test/ros2/install/turtlesim/lib/python3.8/site-packages:/ros2_test/AD_Middle_Test/ros2/install/test_interfaces/lib/python3.8/site-packages:/opt/ros/foxy/lib/python3.8/site-packages /usr/bin/cmake --install /ros2_test/AD_Middle_Test/ros2/src/build/simple_s
[1.392s] Level 1:colcon.colcon_core.environment:create_environment_scripts_only(simple_s)
[1.394s] Level 1:colcon.colcon_core.environment:checking '/ros2_test/AD_Middle_Test/ros2/src/install/simple_s' for CMake module files
[1.395s] DEBUG:colcon.colcon_core.event_handler.log_command:Invoked command in '/ros2_test/AD_Middle_Test/ros2/src/build/simple_s' returned '0': CMAKE_PREFIX_PATH=/ros2_test/AD_Middle_Test/ros2/src/install/test_interfaces:/ros2_test/AD_Middle_Test/ros2/src/install/turtlesim:/ros2_test/AD_Middle_Test/ros2/src/install/simple_s:/ros2_test/AD_Middle_Test/ros2/src/install/detect_s:/ros2_test/AD_Middle_Test/ros2/install/turtlesim:/ros2_test/AD_Middle_Test/ros2/install/simple_s:/ros2_test/AD_Middle_Test/ros2/install/test_interfaces:/ros2_test/AD_Middle_Test/ros2/install/detect_s:/opt/ros/foxy LD_LIBRARY_PATH=/ros2_test/AD_Middle_Test/ros2/src/install/test_interfaces/lib:/ros2_test/AD_Middle_Test/ros2/src/install/turtlesim/lib:/ros2_test/AD_Middle_Test/ros2/install/turtlesim/lib:/ros2_test/AD_Middle_Test/ros2/install/test_interfaces/lib:/opt/ros/foxy/opt/yaml_cpp_vendor/lib:/opt/ros/foxy/opt/rviz_ogre_vendor/lib:/opt/ros/foxy/lib PYTHONPATH=/ros2_test/AD_Middle_Test/ros2/src/install/test_interfaces/lib/python3.8/site-packages:/ros2_test/AD_Middle_Test/ros2/src/install/turtlesim/lib/python3.8/site-packages:/ros2_test/AD_Middle_Test/ros2/install/turtlesim/lib/python3.8/site-packages:/ros2_test/AD_Middle_Test/ros2/install/test_interfaces/lib/python3.8/site-packages:/opt/ros/foxy/lib/python3.8/site-packages /usr/bin/cmake --install /ros2_test/AD_Middle_Test/ros2/src/build/simple_s
[1.396s] Level 1:colcon.colcon_core.environment:checking '/ros2_test/AD_Middle_Test/ros2/src/install/simple_s' for CMake config files
[1.396s] Level 1:colcon.colcon_core.shell:create_environment_hook('simple_s', 'cmake_prefix_path')
[1.397s] INFO:colcon.colcon_core.shell:Creating environment hook '/ros2_test/AD_Middle_Test/ros2/src/install/simple_s/share/simple_s/hook/cmake_prefix_path.ps1'
[1.398s] INFO:colcon.colcon_core.shell:Creating environment descriptor '/ros2_test/AD_Middle_Test/ros2/src/install/simple_s/share/simple_s/hook/cmake_prefix_path.dsv'
[1.398s] INFO:colcon.colcon_core.shell:Creating environment hook '/ros2_test/AD_Middle_Test/ros2/src/install/simple_s/share/simple_s/hook/cmake_prefix_path.sh'
[1.399s] Level 1:colcon.colcon_core.environment:checking '/ros2_test/AD_Middle_Test/ros2/src/install/simple_s/lib'
[1.399s] Level 1:colcon.colcon_core.environment:checking '/ros2_test/AD_Middle_Test/ros2/src/install/simple_s/bin'
[1.399s] Level 1:colcon.colcon_core.environment:checking '/ros2_test/AD_Middle_Test/ros2/src/install/simple_s/lib/pkgconfig/simple_s.pc'
[1.400s] Level 1:colcon.colcon_core.environment:checking '/ros2_test/AD_Middle_Test/ros2/src/install/simple_s/lib/python3.8/site-packages'
[1.401s] INFO:colcon.colcon_core.shell:Creating package script '/ros2_test/AD_Middle_Test/ros2/src/install/simple_s/share/simple_s/package.ps1'
[1.401s] INFO:colcon.colcon_core.shell:Creating package descriptor '/ros2_test/AD_Middle_Test/ros2/src/install/simple_s/share/simple_s/package.dsv'
[1.402s] INFO:colcon.colcon_core.shell:Creating package script '/ros2_test/AD_Middle_Test/ros2/src/install/simple_s/share/simple_s/package.sh'
[1.403s] INFO:colcon.colcon_core.shell:Creating package script '/ros2_test/AD_Middle_Test/ros2/src/install/simple_s/share/simple_s/package.bash'
[1.403s] INFO:colcon.colcon_core.shell:Creating package script '/ros2_test/AD_Middle_Test/ros2/src/install/simple_s/share/simple_s/package.zsh'
[1.404s] Level 1:colcon.colcon_core.environment:create_file_with_runtime_dependencies(/ros2_test/AD_Middle_Test/ros2/src/install/simple_s/share/colcon-core/packages/simple_s)
[6.050s] DEBUG:colcon.colcon_core.event_handler.log_command:Invoked command in '/ros2_test/AD_Middle_Test/ros2/src/build/detect_s' returned '0': /usr/bin/cmake --build /ros2_test/AD_Middle_Test/ros2/src/build/detect_s -- -j5 -l5
[6.088s] DEBUG:colcon.colcon_core.event_handler.log_command:Invoking command in '/ros2_test/AD_Middle_Test/ros2/src/build/detect_s': /usr/bin/cmake --install /ros2_test/AD_Middle_Test/ros2/src/build/detect_s
[6.105s] Level 1:colcon.colcon_core.environment:create_environment_scripts_only(detect_s)
[6.107s] Level 1:colcon.colcon_core.environment:checking '/ros2_test/AD_Middle_Test/ros2/src/install/detect_s' for CMake module files
[6.108s] DEBUG:colcon.colcon_core.event_handler.log_command:Invoked command in '/ros2_test/AD_Middle_Test/ros2/src/build/detect_s' returned '0': /usr/bin/cmake --install /ros2_test/AD_Middle_Test/ros2/src/build/detect_s
[6.109s] Level 1:colcon.colcon_core.environment:checking '/ros2_test/AD_Middle_Test/ros2/src/install/detect_s' for CMake config files
[6.109s] Level 1:colcon.colcon_core.shell:create_environment_hook('detect_s', 'cmake_prefix_path')
[6.110s] INFO:colcon.colcon_core.shell:Creating environment hook '/ros2_test/AD_Middle_Test/ros2/src/install/detect_s/share/detect_s/hook/cmake_prefix_path.ps1'
[6.111s] INFO:colcon.colcon_core.shell:Creating environment descriptor '/ros2_test/AD_Middle_Test/ros2/src/install/detect_s/share/detect_s/hook/cmake_prefix_path.dsv'
[6.111s] INFO:colcon.colcon_core.shell:Creating environment hook '/ros2_test/AD_Middle_Test/ros2/src/install/detect_s/share/detect_s/hook/cmake_prefix_path.sh'
[6.112s] Level 1:colcon.colcon_core.environment:checking '/ros2_test/AD_Middle_Test/ros2/src/install/detect_s/lib'
[6.112s] Level 1:colcon.colcon_core.environment:checking '/ros2_test/AD_Middle_Test/ros2/src/install/detect_s/bin'
[6.113s] Level 1:colcon.colcon_core.environment:checking '/ros2_test/AD_Middle_Test/ros2/src/install/detect_s/lib/pkgconfig/detect_s.pc'
[6.113s] Level 1:colcon.colcon_core.environment:checking '/ros2_test/AD_Middle_Test/ros2/src/install/detect_s/lib/python3.8/site-packages'
[6.114s] INFO:colcon.colcon_core.shell:Creating package script '/ros2_test/AD_Middle_Test/ros2/src/install/detect_s/share/detect_s/package.ps1'
[6.115s] INFO:colcon.colcon_core.shell:Creating package descriptor '/ros2_test/AD_Middle_Test/ros2/src/install/detect_s/share/detect_s/package.dsv'
[6.115s] INFO:colcon.colcon_core.shell:Creating package script '/ros2_test/AD_Middle_Test/ros2/src/install/detect_s/share/detect_s/package.sh'
[6.116s] INFO:colcon.colcon_core.shell:Creating package script '/ros2_test/AD_Middle_Test/ros2/src/install/detect_s/share/detect_s/package.bash'
[6.117s] INFO:colcon.colcon_core.shell:Creating package script '/ros2_test/AD_Middle_Test/ros2/src/install/detect_s/share/detect_s/package.zsh'
[6.117s] Level 1:colcon.colcon_core.environment:create_file_with_runtime_dependencies(/ros2_test/AD_Middle_Test/ros2/src/install/detect_s/share/colcon-core/packages/detect_s)
[6.118s] DEBUG:colcon.colcon_parallel_executor.executor.parallel:closing loop
[6.118s] DEBUG:colcon.colcon_parallel_executor.executor.parallel:loop closed
[6.118s] DEBUG:colcon.colcon_parallel_executor.executor.parallel:run_until_complete finished with '0'
[6.118s] DEBUG:colcon.colcon_core.event_reactor:joining thread
[6.128s] INFO:colcon.colcon_core.plugin_system:Skipping extension 'colcon_notification.desktop_notification.notify_send': Could not find 'notify-send'
[6.128s] INFO:colcon.colcon_core.plugin_system:Skipping extension 'colcon_notification.desktop_notification.terminal_notifier': Not used on non-Darwin systems
[6.128s] INFO:colcon.colcon_core.plugin_system:Skipping extension 'colcon_notification.desktop_notification.win32': Not used on non-Windows systems
[6.128s] INFO:colcon.colcon_notification.desktop_notification:Sending desktop notification using 'notify2'
[6.128s] DEBUG:colcon.colcon_notification.desktop_notification.notify2:Failed to initialize notify2: org.freedesktop.DBus.Error.NotSupported: Unable to autolaunch a dbus-daemon without a $DISPLAY for X11
[6.128s] DEBUG:colcon.colcon_core.event_reactor:joined thread
[6.129s] INFO:colcon.colcon_core.shell:Creating prefix script '/ros2_test/AD_Middle_Test/ros2/src/install/local_setup.ps1'
[6.131s] INFO:colcon.colcon_core.shell:Creating prefix util module '/ros2_test/AD_Middle_Test/ros2/src/install/_local_setup_util_ps1.py'
[6.134s] INFO:colcon.colcon_core.shell:Creating prefix chain script '/ros2_test/AD_Middle_Test/ros2/src/install/setup.ps1'
[6.139s] INFO:colcon.colcon_core.shell:Creating prefix script '/ros2_test/AD_Middle_Test/ros2/src/install/local_setup.sh'
[6.140s] INFO:colcon.colcon_core.shell:Creating prefix util module '/ros2_test/AD_Middle_Test/ros2/src/install/_local_setup_util_sh.py'
[6.140s] INFO:colcon.colcon_core.shell:Creating prefix chain script '/ros2_test/AD_Middle_Test/ros2/src/install/setup.sh'
[6.145s] INFO:colcon.colcon_core.shell:Creating prefix script '/ros2_test/AD_Middle_Test/ros2/src/install/local_setup.bash'
[6.146s] INFO:colcon.colcon_core.shell:Creating prefix chain script '/ros2_test/AD_Middle_Test/ros2/src/install/setup.bash'
[6.150s] INFO:colcon.colcon_core.shell:Creating prefix script '/ros2_test/AD_Middle_Test/ros2/src/install/local_setup.zsh'
[6.153s] INFO:colcon.colcon_core.shell:Creating prefix chain script '/ros2_test/AD_Middle_Test/ros2/src/install/setup.zsh'
