[0.082s] [35m[1mScanning dependencies of target talker[0m
[0.116s] [ 25%] [32mBuilding CXX object CMakeFiles/listener.dir/src/listener.cpp.o[0m
[0.120s] [ 50%] [32mBuilding CXX object CMakeFiles/talker.dir/src/talker.cpp.o[0m
[1.882s] [01m[K/ros2_test/AD_Middle_Test/ros2/src/simple_s/src/talker.cpp:33:3:[m[K [01;31m[Kerror: [m[Knon-static data member declared with placeholder ‘[01m[Kauto[m[K’
[1.882s]    33 |   [01;31m[Kauto[m[K message;
[1.883s]       |   [01;31m[K^~~~[m[K
[1.883s] [01m[K/ros2_test/AD_Middle_Test/ros2/src/simple_s/src/talker.cpp:[m[K In constructor ‘[01m[KMinimalPublisher::MinimalPublisher(int, int64_t, std::string)[m[K’:
[1.883s] [01m[K/ros2_test/AD_Middle_Test/ros2/src/simple_s/src/talker.cpp:13:14:[m[K [01;31m[Kerror: [m[Kno matching function for call to ‘[01m[Krclcpp::Node::Node()[m[K’
[1.883s]    13 |    : count_(0[01;31m[K)[m[K
[1.883s]       |              [01;31m[K^[m[K
[1.884s] In file included from [01m[K/opt/ros/foxy/include/rclcpp/executors/single_threaded_executor.hpp:28[m[K,
[1.884s]                  from [01m[K/opt/ros/foxy/include/rclcpp/executors.hpp:22[m[K,
[1.884s]                  from [01m[K/opt/ros/foxy/include/rclcpp/rclcpp.hpp:145[m[K,
[1.884s]                  from [01m[K/ros2_test/AD_Middle_Test/ros2/src/simple_s/src/talker.cpp:4[m[K:
[1.884s] [01m[K/opt/ros/foxy/include/rclcpp/node.hpp:1136:3:[m[K [01;36m[Knote: [m[Kcandidate: ‘[01m[Krclcpp::Node::Node(const rclcpp::Node&, const string&)[m[K’
[1.884s]  1136 |   [01;36m[KNode[m[K(
[1.884s]       |   [01;36m[K^~~~[m[K
[1.885s] [01m[K/opt/ros/foxy/include/rclcpp/node.hpp:1136:3:[m[K [01;36m[Knote: [m[K  candidate expects 2 arguments, 0 provided
[1.885s] [01m[K/opt/ros/foxy/include/rclcpp/node.hpp:94:12:[m[K [01;36m[Knote: [m[Kcandidate: ‘[01m[Krclcpp::Node::Node(const string&, const string&, const rclcpp::NodeOptions&)[m[K’
[1.885s]    94 |   explicit [01;36m[KNode[m[K(
[1.885s]       |            [01;36m[K^~~~[m[K
[1.885s] [01m[K/opt/ros/foxy/include/rclcpp/node.hpp:94:12:[m[K [01;36m[Knote: [m[K  candidate expects 3 arguments, 0 provided
[1.885s] [01m[K/opt/ros/foxy/include/rclcpp/node.hpp:83:12:[m[K [01;36m[Knote: [m[Kcandidate: ‘[01m[Krclcpp::Node::Node(const string&, const rclcpp::NodeOptions&)[m[K’
[1.885s]    83 |   explicit [01;36m[KNode[m[K(
[1.885s]       |            [01;36m[K^~~~[m[K
[1.886s] [01m[K/opt/ros/foxy/include/rclcpp/node.hpp:83:12:[m[K [01;36m[Knote: [m[K  candidate expects 2 arguments, 0 provided
[1.903s] [01m[K/ros2_test/AD_Middle_Test/ros2/src/simple_s/src/talker.cpp:[m[K In member function ‘[01m[Kvoid MinimalPublisher::timer_callback()[m[K’:
[1.903s] [01m[K/ros2_test/AD_Middle_Test/ros2/src/simple_s/src/talker.cpp:26:43:[m[K [01;31m[Kerror: [m[Kcannot call member function ‘[01m[Krclcpp::Time rclcpp::Clock::now()[m[K’ without object
[1.903s]    26 |    message.timestamp = rclcpp::Clock::now([01;31m[K)[m[K.nanoseconds();
[1.903s]       |                                           [01;31m[K^[m[K
[1.904s] [01m[K/ros2_test/AD_Middle_Test/ros2/src/simple_s/src/talker.cpp:[m[K In function ‘[01m[Kint main(int, char**)[m[K’:
[1.904s] [01m[K/ros2_test/AD_Middle_Test/ros2/src/simple_s/src/talker.cpp:39:92:[m[K [01;31m[Kerror: [m[Ktoo many arguments to function ‘[01m[Klong long int atoll(const char*)[m[K’
[1.905s]    39 |  rclcpp::spin(std::make_shared<MinimalPublisher>(atoi(argv[1],atoll(argv[2],string(argv[3])[01;31m[K)[m[K)));
[1.905s]       |                                                                                            [01;31m[K^[m[K
[1.905s] In file included from [01m[K/usr/include/c++/9/cstdlib:75[m[K,
[1.905s]                  from [01m[K/usr/include/c++/9/ext/string_conversions.h:41[m[K,
[1.905s]                  from [01m[K/usr/include/c++/9/bits/basic_string.h:6493[m[K,
[1.905s]                  from [01m[K/usr/include/c++/9/string:55[m[K,
[1.905s]                  from [01m[K/usr/include/c++/9/stdexcept:39[m[K,
[1.906s]                  from [01m[K/usr/include/c++/9/array:39[m[K,
[1.906s]                  from [01m[K/usr/include/c++/9/tuple:39[m[K,
[1.906s]                  from [01m[K/usr/include/c++/9/bits/unique_ptr.h:37[m[K,
[1.906s]                  from [01m[K/usr/include/c++/9/memory:80[m[K,
[1.906s]                  from [01m[K/ros2_test/AD_Middle_Test/ros2/src/simple_s/src/talker.cpp:2[m[K:
[1.906s] [01m[K/usr/include/stdlib.h:112:36:[m[K [01;36m[Knote: [m[Kdeclared here
[1.906s]   112 | __extension__ extern long long int [01;36m[Katoll[m[K (const char *__nptr)
[1.907s]       |                                    [01;36m[K^~~~~[m[K
[1.907s] [01m[K/ros2_test/AD_Middle_Test/ros2/src/simple_s/src/talker.cpp:39:93:[m[K [01;31m[Kerror: [m[Ktoo many arguments to function ‘[01m[Kint atoi(const char*)[m[K’
[1.907s]    39 |  rclcpp::spin(std::make_shared<MinimalPublisher>(atoi(argv[1],atoll(argv[2],string(argv[3]))[01;31m[K)[m[K));
[1.907s]       |                                                                                             [01;31m[K^[m[K
[1.907s] In file included from [01m[K/usr/include/c++/9/cstdlib:75[m[K,
[1.907s]                  from [01m[K/usr/include/c++/9/ext/string_conversions.h:41[m[K,
[1.907s]                  from [01m[K/usr/include/c++/9/bits/basic_string.h:6493[m[K,
[1.907s]                  from [01m[K/usr/include/c++/9/string:55[m[K,
[1.908s]                  from [01m[K/usr/include/c++/9/stdexcept:39[m[K,
[1.908s]                  from [01m[K/usr/include/c++/9/array:39[m[K,
[1.908s]                  from [01m[K/usr/include/c++/9/tuple:39[m[K,
[1.908s]                  from [01m[K/usr/include/c++/9/bits/unique_ptr.h:37[m[K,
[1.908s]                  from [01m[K/usr/include/c++/9/memory:80[m[K,
[1.908s]                  from [01m[K/ros2_test/AD_Middle_Test/ros2/src/simple_s/src/talker.cpp:2[m[K:
[1.908s] [01m[K/usr/include/stdlib.h:104:12:[m[K [01;36m[Knote: [m[Kdeclared here
[1.909s]   104 | extern int [01;36m[Katoi[m[K (const char *__nptr)
[1.909s]       |            [01;36m[K^~~~[m[K
[2.000s] [01m[K/ros2_test/AD_Middle_Test/ros2/src/simple_s/src/listener.cpp:[m[K In constructor ‘[01m[KMinimalSubscriber::MinimalSubscriber(std::string)[m[K’:
[2.001s] [01m[K/ros2_test/AD_Middle_Test/ros2/src/simple_s/src/listener.cpp:13:14:[m[K [01;31m[Kerror: [m[Kno matching function for call to ‘[01m[Krclcpp::Node::Node()[m[K’
[2.001s]    13 |    : count_(0[01;31m[K)[m[K
[2.001s]       |              [01;31m[K^[m[K
[2.001s] In file included from [01m[K/opt/ros/foxy/include/rclcpp/executors/single_threaded_executor.hpp:28[m[K,
[2.001s]                  from [01m[K/opt/ros/foxy/include/rclcpp/executors.hpp:22[m[K,
[2.001s]                  from [01m[K/opt/ros/foxy/include/rclcpp/rclcpp.hpp:145[m[K,
[2.001s]                  from [01m[K/ros2_test/AD_Middle_Test/ros2/src/simple_s/src/listener.cpp:3[m[K:
[2.002s] [01m[K/opt/ros/foxy/include/rclcpp/node.hpp:1136:3:[m[K [01;36m[Knote: [m[Kcandidate: ‘[01m[Krclcpp::Node::Node(const rclcpp::Node&, const string&)[m[K’
[2.002s]  1136 |   [01;36m[KNode[m[K(
[2.002s]       |   [01;36m[K^~~~[m[K
[2.002s] [01m[K/opt/ros/foxy/include/rclcpp/node.hpp:1136:3:[m[K [01;36m[Knote: [m[K  candidate expects 2 arguments, 0 provided
[2.002s] [01m[K/opt/ros/foxy/include/rclcpp/node.hpp:94:12:[m[K [01;36m[Knote: [m[Kcandidate: ‘[01m[Krclcpp::Node::Node(const string&, const string&, const rclcpp::NodeOptions&)[m[K’
[2.002s]    94 |   explicit [01;36m[KNode[m[K(
[2.002s]       |            [01;36m[K^~~~[m[K
[2.002s] [01m[K/opt/ros/foxy/include/rclcpp/node.hpp:94:12:[m[K [01;36m[Knote: [m[K  candidate expects 3 arguments, 0 provided
[2.003s] [01m[K/opt/ros/foxy/include/rclcpp/node.hpp:83:12:[m[K [01;36m[Knote: [m[Kcandidate: ‘[01m[Krclcpp::Node::Node(const string&, const rclcpp::NodeOptions&)[m[K’
[2.003s]    83 |   explicit [01;36m[KNode[m[K(
[2.003s]       |            [01;36m[K^~~~[m[K
[2.003s] [01m[K/opt/ros/foxy/include/rclcpp/node.hpp:83:12:[m[K [01;36m[Knote: [m[K  candidate expects 2 arguments, 0 provided
[2.017s] [01m[K/ros2_test/AD_Middle_Test/ros2/src/simple_s/src/listener.cpp:12:28:[m[K [01;35m[Kwarning: [m[Kunused parameter ‘[01m[Kchannel_name[m[K’ [[01;35m[K-Wunused-parameter[m[K]
[2.017s]    12 |   MinimalSubscriber([01;35m[Kstring channel_name[m[K)
[2.017s]       |                     [01;35m[K~~~~~~~^~~~~~~~~~~~[m[K
[2.022s] [01m[K/ros2_test/AD_Middle_Test/ros2/src/simple_s/src/listener.cpp:[m[K In member function ‘[01m[Kvoid MinimalSubscriber::topic_callback(test_interfaces::msg::Test_<std::allocator<void> >::SharedPtr) const[m[K’:
[2.022s] [01m[K/ros2_test/AD_Middle_Test/ros2/src/simple_s/src/listener.cpp:32:43:[m[K [01;31m[Kerror: [m[Kcannot call member function ‘[01m[Krclcpp::Time rclcpp::Clock::now()[m[K’ without object
[2.022s]    32 |    uint64_t rec_time = rclcpp::Clock::now([01;31m[K)[m[K.nanoseconds();
[2.022s]       |                                           [01;31m[K^[m[K
[2.023s] [01m[K/ros2_test/AD_Middle_Test/ros2/src/simple_s/src/listener.cpp:34:50:[m[K [01;31m[Kerror: [m[Kpassing ‘[01m[Kconst value_type[m[K’ {aka ‘[01m[Kconst std::vector<long unsigned int>[m[K’} as ‘[01m[Kthis[m[K’ argument discards qualifiers [[01;31m[K-fpermissive[m[K]
[2.023s]    34 |    latency[0].push_back(msg->timestamp - rec_time[01;31m[K)[m[K;
[2.023s]       |                                                  [01;31m[K^[m[K
[2.024s] In file included from [01m[K/usr/include/c++/9/vector:67[m[K,
[2.024s]                  from [01m[K/opt/ros/foxy/include/rclcpp/executor.hpp:27[m[K,
[2.024s]                  from [01m[K/opt/ros/foxy/include/rclcpp/executors/multi_threaded_executor.hpp:25[m[K,
[2.024s]                  from [01m[K/opt/ros/foxy/include/rclcpp/executors.hpp:21[m[K,
[2.024s]                  from [01m[K/opt/ros/foxy/include/rclcpp/rclcpp.hpp:145[m[K,
[2.024s]                  from [01m[K/ros2_test/AD_Middle_Test/ros2/src/simple_s/src/listener.cpp:3[m[K:
[2.024s] [01m[K/usr/include/c++/9/bits/stl_vector.h:1200:7:[m[K [01;36m[Knote: [m[K  in call to ‘[01m[Kvoid std::vector<_Tp, _Alloc>::push_back(std::vector<_Tp, _Alloc>::value_type&&) [with _Tp = long unsigned int; _Alloc = std::allocator<long unsigned int>; std::vector<_Tp, _Alloc>::value_type = long unsigned int][m[K’
[2.024s]  1200 |       [01;36m[Kpush_back[m[K(value_type&& __x)
[2.025s]       |       [01;36m[K^~~~~~~~~[m[K
[2.025s] [01m[K/ros2_test/AD_Middle_Test/ros2/src/simple_s/src/listener.cpp:35:4:[m[K [01;31m[Kerror: [m[Kincrement of member ‘[01m[KMinimalSubscriber::count_[m[K’ in read-only object
[2.025s]    35 |    [01;31m[Kcount_[m[K++;
[2.025s]       |    [01;31m[K^~~~~~[m[K
[2.026s] [01m[K/ros2_test/AD_Middle_Test/ros2/src/simple_s/src/listener.cpp:[m[K In member function ‘[01m[Kstd::vector<double, std::allocator<double> > MinimalSubscriber::analyze_latency(std::vector<long unsigned int>&)[m[K’:
[2.026s] [01m[K/ros2_test/AD_Middle_Test/ros2/src/simple_s/src/listener.cpp:52:22:[m[K [01;31m[Kerror: [m[K‘[01m[Kaccumulate[m[K’ is not a member of ‘[01m[Kstd[m[K’
[2.026s]    52 |    double sum = std::[01;31m[Kaccumulate[m[K(std::begin(p), std::end(p), 0.0);
[2.026s]       |                      [01;31m[K^~~~~~~~~~[m[K
[2.027s] [01m[K/ros2_test/AD_Middle_Test/ros2/src/simple_s/src/listener.cpp:59:19:[m[K [01;31m[Kerror: [m[K‘[01m[Ksqrt[m[K’ was not declared in this scope
[2.028s]    59 |    double stdev = [01;31m[Ksqrt[m[K(accum/(size-1));
[2.028s]       |                   [01;31m[K^~~~[m[K
[2.386s] In file included from [01m[K/usr/include/x86_64-linux-gnu/c++/9/bits/c++allocator.h:33[m[K,
[2.387s]                  from [01m[K/usr/include/c++/9/bits/allocator.h:46[m[K,
[2.387s]                  from [01m[K/usr/include/c++/9/memory:63[m[K,
[2.387s]                  from [01m[K/ros2_test/AD_Middle_Test/ros2/src/simple_s/src/talker.cpp:2[m[K:
[2.387s] /usr/include/c++/9/ext/new_allocator.h: In instantiation of ‘[01m[Kvoid __gnu_cxx::new_allocator<_Tp>::construct(_Up*, _Args&& ...) [with _Up = MinimalPublisher; _Args = {int}; _Tp = MinimalPublisher][m[K’:
[2.387s] [01m[K/usr/include/c++/9/bits/alloc_traits.h:482:2:[m[K   required from ‘[01m[Kstatic void std::allocator_traits<std::allocator<_Tp1> >::construct(std::allocator_traits<std::allocator<_Tp1> >::allocator_type&, _Up*, _Args&& ...) [with _Up = MinimalPublisher; _Args = {int}; _Tp = MinimalPublisher; std::allocator_traits<std::allocator<_Tp1> >::allocator_type = std::allocator<MinimalPublisher>][m[K’
[2.387s] [01m[K/usr/include/c++/9/bits/shared_ptr_base.h:548:39:[m[K   required from ‘[01m[Kstd::_Sp_counted_ptr_inplace<_Tp, _Alloc, _Lp>::_Sp_counted_ptr_inplace(_Alloc, _Args&& ...) [with _Args = {int}; _Tp = MinimalPublisher; _Alloc = std::allocator<MinimalPublisher>; __gnu_cxx::_Lock_policy _Lp = __gnu_cxx::_S_atomic][m[K’
[2.387s] [01m[K/usr/include/c++/9/bits/shared_ptr_base.h:679:16:[m[K   required from ‘[01m[Kstd::__shared_count<_Lp>::__shared_count(_Tp*&, std::_Sp_alloc_shared_tag<_Alloc>, _Args&& ...) [with _Tp = MinimalPublisher; _Alloc = std::allocator<MinimalPublisher>; _Args = {int}; __gnu_cxx::_Lock_policy _Lp = __gnu_cxx::_S_atomic][m[K’
[2.388s] [01m[K/usr/include/c++/9/bits/shared_ptr_base.h:1344:71:[m[K   required from ‘[01m[Kstd::__shared_ptr<_Tp, _Lp>::__shared_ptr(std::_Sp_alloc_shared_tag<_Tp>, _Args&& ...) [with _Alloc = std::allocator<MinimalPublisher>; _Args = {int}; _Tp = MinimalPublisher; __gnu_cxx::_Lock_policy _Lp = __gnu_cxx::_S_atomic][m[K’
[2.388s] [01m[K/usr/include/c++/9/bits/shared_ptr.h:359:59:[m[K   required from ‘[01m[Kstd::shared_ptr<_Tp>::shared_ptr(std::_Sp_alloc_shared_tag<_Tp>, _Args&& ...) [with _Alloc = std::allocator<MinimalPublisher>; _Args = {int}; _Tp = MinimalPublisher][m[K’
[2.388s] [01m[K/usr/include/c++/9/bits/shared_ptr.h:701:14:[m[K   required from ‘[01m[Kstd::shared_ptr<_Tp> std::allocate_shared(const _Alloc&, _Args&& ...) [with _Tp = MinimalPublisher; _Alloc = std::allocator<MinimalPublisher>; _Args = {int}][m[K’
[2.388s] [01m[K/usr/include/c++/9/bits/shared_ptr.h:717:39:[m[K   required from ‘[01m[Kstd::shared_ptr<_Tp> std::make_shared(_Args&& ...) [with _Tp = MinimalPublisher; _Args = {int}][m[K’
[2.388s] [01m[K/ros2_test/AD_Middle_Test/ros2/src/simple_s/src/talker.cpp:39:94:[m[K   required from here
[2.388s] [01m[K/usr/include/c++/9/ext/new_allocator.h:145:20:[m[K [01;31m[Kerror: [m[Kno matching function for call to ‘[01m[KMinimalPublisher::MinimalPublisher(int)[m[K’
[2.388s]   145 |  noexcept(noexcept([01;31m[K::new((void *)__p)[m[K
[2.389s]       |                    [01;31m[K^~~~~~~~~~~~~~~~~~[m[K
[2.389s]   146 | [01;31m[K       _Up(std::forward<_Args>(__args)...)[m[K))
[2.389s]       |        [01;31m[K~~~~~~~~~~~~~~~~~~~~~~~~~~~~~~~~~~~[m[K
[2.389s] [01m[K/ros2_test/AD_Middle_Test/ros2/src/simple_s/src/talker.cpp:12:3:[m[K [01;36m[Knote: [m[Kcandidate: ‘[01m[KMinimalPublisher::MinimalPublisher(int, int64_t, std::string)[m[K’
[2.389s]    12 |   [01;36m[KMinimalPublisher[m[K(int sleep_ms, int64_t str_size, string channel_name)
[2.389s]       |   [01;36m[K^~~~~~~~~~~~~~~~[m[K
[2.389s] [01m[K/ros2_test/AD_Middle_Test/ros2/src/simple_s/src/talker.cpp:12:3:[m[K [01;36m[Knote: [m[K  candidate expects 3 arguments, 1 provided
[2.600s] In file included from [01m[K/usr/include/x86_64-linux-gnu/c++/9/bits/c++allocator.h:33[m[K,
[2.601s]                  from [01m[K/usr/include/c++/9/bits/allocator.h:46[m[K,
[2.601s]                  from [01m[K/usr/include/c++/9/memory:63[m[K,
[2.601s]                  from [01m[K/ros2_test/AD_Middle_Test/ros2/src/simple_s/src/listener.cpp:1[m[K:
[2.601s] /usr/include/c++/9/ext/new_allocator.h: In instantiation of ‘[01m[Kvoid __gnu_cxx::new_allocator<_Tp>::construct(_Up*, _Args&& ...) [with _Up = MinimalSubscriber; _Args = {}; _Tp = MinimalSubscriber][m[K’:
[2.601s] [01m[K/usr/include/c++/9/bits/alloc_traits.h:482:2:[m[K   required from ‘[01m[Kstatic void std::allocator_traits<std::allocator<_Tp1> >::construct(std::allocator_traits<std::allocator<_Tp1> >::allocator_type&, _Up*, _Args&& ...) [with _Up = MinimalSubscriber; _Args = {}; _Tp = MinimalSubscriber; std::allocator_traits<std::allocator<_Tp1> >::allocator_type = std::allocator<MinimalSubscriber>][m[K’
[2.601s] [01m[K/usr/include/c++/9/bits/shared_ptr_base.h:548:39:[m[K   required from ‘[01m[Kstd::_Sp_counted_ptr_inplace<_Tp, _Alloc, _Lp>::_Sp_counted_ptr_inplace(_Alloc, _Args&& ...) [with _Args = {}; _Tp = MinimalSubscriber; _Alloc = std::allocator<MinimalSubscriber>; __gnu_cxx::_Lock_policy _Lp = __gnu_cxx::_S_atomic][m[K’
[2.601s] [01m[K/usr/include/c++/9/bits/shared_ptr_base.h:679:16:[m[K   required from ‘[01m[Kstd::__shared_count<_Lp>::__shared_count(_Tp*&, std::_Sp_alloc_shared_tag<_Alloc>, _Args&& ...) [with _Tp = MinimalSubscriber; _Alloc = std::allocator<MinimalSubscriber>; _Args = {}; __gnu_cxx::_Lock_policy _Lp = __gnu_cxx::_S_atomic][m[K’
[2.602s] [01m[K/usr/include/c++/9/bits/shared_ptr_base.h:1344:71:[m[K   required from ‘[01m[Kstd::__shared_ptr<_Tp, _Lp>::__shared_ptr(std::_Sp_alloc_shared_tag<_Tp>, _Args&& ...) [with _Alloc = std::allocator<MinimalSubscriber>; _Args = {}; _Tp = MinimalSubscriber; __gnu_cxx::_Lock_policy _Lp = __gnu_cxx::_S_atomic][m[K’
[2.602s] [01m[K/usr/include/c++/9/bits/shared_ptr.h:359:59:[m[K   required from ‘[01m[Kstd::shared_ptr<_Tp>::shared_ptr(std::_Sp_alloc_shared_tag<_Tp>, _Args&& ...) [with _Alloc = std::allocator<MinimalSubscriber>; _Args = {}; _Tp = MinimalSubscriber][m[K’
[2.602s] [01m[K/usr/include/c++/9/bits/shared_ptr.h:701:14:[m[K   required from ‘[01m[Kstd::shared_ptr<_Tp> std::allocate_shared(const _Alloc&, _Args&& ...) [with _Tp = MinimalSubscriber; _Alloc = std::allocator<MinimalSubscriber>; _Args = {}][m[K’
[2.602s] [01m[K/usr/include/c++/9/bits/shared_ptr.h:717:39:[m[K   required from ‘[01m[Kstd::shared_ptr<_Tp> std::make_shared(_Args&& ...) [with _Tp = MinimalSubscriber; _Args = {}][m[K’
[2.602s] [01m[K/ros2_test/AD_Middle_Test/ros2/src/simple_s/src/listener.cpp:71:51:[m[K   required from here
[2.602s] [01m[K/usr/include/c++/9/ext/new_allocator.h:145:20:[m[K [01;31m[Kerror: [m[Kno matching function for call to ‘[01m[KMinimalSubscriber::MinimalSubscriber()[m[K’
[2.603s]   145 |  noexcept(noexcept([01;31m[K::new((void *)__p)[m[K
[2.603s]       |                    [01;31m[K^~~~~~~~~~~~~~~~~~[m[K
[2.603s]   146 | [01;31m[K       _Up(std::forward<_Args>(__args)...)[m[K))
[2.603s]       |        [01;31m[K~~~~~~~~~~~~~~~~~~~~~~~~~~~~~~~~~~~[m[K
[2.603s] [01m[K/ros2_test/AD_Middle_Test/ros2/src/simple_s/src/listener.cpp:12:3:[m[K [01;36m[Knote: [m[Kcandidate: ‘[01m[KMinimalSubscriber::MinimalSubscriber(std::string)[m[K’
[2.603s]    12 |   [01;36m[KMinimalSubscriber[m[K(string channel_name)
[2.603s]       |   [01;36m[K^~~~~~~~~~~~~~~~~[m[K
[2.603s] [01m[K/ros2_test/AD_Middle_Test/ros2/src/simple_s/src/listener.cpp:12:3:[m[K [01;36m[Knote: [m[K  candidate expects 1 argument, 0 provided
[2.768s] make[2]: *** [CMakeFiles/talker.dir/build.make:63: CMakeFiles/talker.dir/src/talker.cpp.o] Error 1
[2.769s] make[1]: *** [CMakeFiles/Makefile2:107: CMakeFiles/talker.dir/all] Error 2
[2.769s] make[1]: *** Waiting for unfinished jobs....
[3.629s] make[2]: *** [CMakeFiles/listener.dir/build.make:63: CMakeFiles/listener.dir/src/listener.cpp.o] Error 1
[3.629s] make[1]: *** [CMakeFiles/Makefile2:80: CMakeFiles/listener.dir/all] Error 2
[3.629s] make: *** [Makefile:141: all] Error 2
