[0.082s] -- Found ament_cmake: 0.8.1 (/opt/ros/foxy/share/ament_cmake/cmake)
[0.119s] -- Using PYTHON_EXECUTABLE: /usr/bin/python3
[0.460s] -- Found rclcpp: 0.8.3 (/opt/ros/foxy/share/rclcpp/cmake)
[0.519s] -- Found rosidl_adapter: 0.8.2 (/opt/ros/foxy/share/rosidl_adapter/cmake)
[0.550s] -- Found rmw_implementation_cmake: 0.8.1 (/opt/ros/foxy/share/rmw_implementation_cmake/cmake)
[0.553s] -- Using RMW implementation 'rmw_fastrtps_cpp' as default
[0.690s] CMake Error at CMakeLists.txt:23 (find_package):
[0.690s]   By not providing "Findcv_bridge.cmake" in CMAKE_MODULE_PATH this project
[0.691s]   has asked CMake to find a package configuration file provided by
[0.691s]   "cv_bridge", but CMake did not find one.
[0.691s] 
[0.691s]   Could not find a package configuration file provided by "cv_bridge" with
[0.691s]   any of the following names:
[0.692s] 
[0.692s]     cv_bridgeConfig.cmake
[0.692s]     cv_bridge-config.cmake
[0.692s] 
[0.693s]   Add the installation prefix of "cv_bridge" to CMAKE_PREFIX_PATH or set
[0.693s]   "cv_bridge_DIR" to a directory containing one of the above files.  If
[0.693s]   "cv_bridge" provides a separate development package or SDK, be sure it has
[0.693s]   been installed.
[0.693s] 
[0.694s] 
[0.694s] -- Configuring incomplete, errors occurred!
[0.694s] See also "/ros2_test/AD_Middle_Test/ros2/src/build/detect_s/CMakeFiles/CMakeOutput.log".
[0.694s] See also "/ros2_test/AD_Middle_Test/ros2/src/build/detect_s/CMakeFiles/CMakeError.log".
[0.695s] make: *** [Makefile:266: cmake_check_build_system] Error 1
