[0.304s] DEBUG:colcon:Command line arguments: ['/usr/bin/colcon', 'build', '--packages-select', 'test_interfaces']
[0.304s] DEBUG:colcon:Parsed command line arguments: Namespace(ament_cmake_args=None, base_paths=['.'], build_base='build', catkin_cmake_args=None, catkin_skip_building_tests=False, cmake_args=None, cmake_clean_cache=False, cmake_clean_first=False, cmake_force_configure=False, cmake_target=None, cmake_target_skip_unavailable=False, continue_on_error=False, event_handlers=None, executor='parallel', ignore_user_meta=False, install_base='install', log_base=None, log_level=None, main=<bound method BuildVerb.main of <colcon_core.verb.build.BuildVerb object at 0x7f66a379a2e0>>, merge_install=False, metas=['./colcon.meta'], mixin=None, mixin_files=None, mixin_verb=('build',), packages_above=None, packages_above_depth=None, packages_end=None, packages_ignore=None, packages_ignore_regex=None, packages_select=['test_interfaces'], packages_select_build_failed=False, packages_select_by_dep=None, packages_select_regex=None, packages_select_test_failures=False, packages_skip=None, packages_skip_build_finished=False, packages_skip_by_dep=None, packages_skip_regex=None, packages_skip_test_passed=False, packages_skip_up_to=None, packages_start=None, packages_up_to=None, parallel_workers=40, paths=None, symlink_install=False, test_result_base=None, verb_extension=<colcon_core.verb.build.BuildVerb object at 0x7f66a379a2e0>, verb_name='build', verb_parser=<colcon_mixin.mixin.mixin_argument.MixinArgumentDecorator object at 0x7f66a379a8b0>)
[0.372s] Level 1:colcon.colcon_core.package_discovery:discover_packages(colcon_meta) check parameters
[0.373s] INFO:colcon.colcon_metadata.package_discovery.colcon_meta:Using configuration from '/root/.colcon/metadata/default/Gazebo.meta'
[0.375s] INFO:colcon.colcon_metadata.package_discovery.colcon_meta:Using configuration from '/root/.colcon/metadata/default/fastrtps.meta'
[0.375s] Level 1:colcon.colcon_core.package_discovery:discover_packages(recursive) check parameters
[0.375s] Level 1:colcon.colcon_core.package_discovery:discover_packages(ignore) check parameters
[0.375s] Level 1:colcon.colcon_core.package_discovery:discover_packages(path) check parameters
[0.375s] Level 1:colcon.colcon_core.package_discovery:discover_packages(colcon_meta) discover
[0.375s] Level 1:colcon.colcon_core.package_discovery:discover_packages(recursive) discover
[0.375s] INFO:colcon.colcon_core.package_discovery:Crawling recursively for packages in '/ros2_test/AD_Middle_Test/ros2/src'
[0.375s] Level 1:colcon.colcon_core.package_identification:_identify(.) by extensions ['ignore', 'ignore_ament_install']
[0.375s] Level 1:colcon.colcon_core.package_identification:_identify(.) by extension 'ignore'
[0.375s] Level 1:colcon.colcon_core.package_identification:_identify(.) by extension 'ignore_ament_install'
[0.376s] Level 1:colcon.colcon_core.package_identification:_identify(.) by extensions ['colcon_pkg']
[0.376s] Level 1:colcon.colcon_core.package_identification:_identify(.) by extension 'colcon_pkg'
[0.376s] Level 1:colcon.colcon_core.package_identification:_identify(.) by extensions ['colcon_meta']
[0.376s] Level 1:colcon.colcon_core.package_identification:_identify(.) by extension 'colcon_meta'
[0.376s] Level 1:colcon.colcon_core.package_identification:_identify(.) by extensions ['ros']
[0.376s] Level 1:colcon.colcon_core.package_identification:_identify(.) by extension 'ros'
[0.396s] Level 1:colcon.colcon_core.package_identification:_identify(.) by extensions ['cmake', 'python']
[0.396s] Level 1:colcon.colcon_core.package_identification:_identify(.) by extension 'cmake'
[0.396s] Level 1:colcon.colcon_core.package_identification:_identify(.) by extension 'python'
[0.397s] Level 1:colcon.colcon_core.package_identification:_identify(.) by extensions ['python_setup_py']
[0.397s] Level 1:colcon.colcon_core.package_identification:_identify(.) by extension 'python_setup_py'
[0.397s] Level 1:colcon.colcon_core.package_identification:_identify(build) by extensions ['ignore', 'ignore_ament_install']
[0.397s] Level 1:colcon.colcon_core.package_identification:_identify(build) by extension 'ignore'
[0.397s] Level 1:colcon.colcon_core.package_identification:_identify(build) ignored
[0.397s] Level 1:colcon.colcon_core.package_identification:_identify(install) by extensions ['ignore', 'ignore_ament_install']
[0.397s] Level 1:colcon.colcon_core.package_identification:_identify(install) by extension 'ignore'
[0.398s] Level 1:colcon.colcon_core.package_identification:_identify(install) ignored
[0.398s] Level 1:colcon.colcon_core.package_identification:_identify(log) by extensions ['ignore', 'ignore_ament_install']
[0.398s] Level 1:colcon.colcon_core.package_identification:_identify(log) by extension 'ignore'
[0.398s] Level 1:colcon.colcon_core.package_identification:_identify(log) ignored
[0.398s] Level 1:colcon.colcon_core.package_identification:_identify(ros_tutorials) by extensions ['ignore', 'ignore_ament_install']
[0.398s] Level 1:colcon.colcon_core.package_identification:_identify(ros_tutorials) by extension 'ignore'
[0.398s] Level 1:colcon.colcon_core.package_identification:_identify(ros_tutorials) by extension 'ignore_ament_install'
[0.398s] Level 1:colcon.colcon_core.package_identification:_identify(ros_tutorials) by extensions ['colcon_pkg']
[0.399s] Level 1:colcon.colcon_core.package_identification:_identify(ros_tutorials) by extension 'colcon_pkg'
[0.399s] Level 1:colcon.colcon_core.package_identification:_identify(ros_tutorials) by extensions ['colcon_meta']
[0.399s] Level 1:colcon.colcon_core.package_identification:_identify(ros_tutorials) by extension 'colcon_meta'
[0.399s] Level 1:colcon.colcon_core.package_identification:_identify(ros_tutorials) by extensions ['ros']
[0.399s] Level 1:colcon.colcon_core.package_identification:_identify(ros_tutorials) by extension 'ros'
[0.399s] Level 1:colcon.colcon_core.package_identification:_identify(ros_tutorials) by extensions ['cmake', 'python']
[0.399s] Level 1:colcon.colcon_core.package_identification:_identify(ros_tutorials) by extension 'cmake'
[0.399s] Level 1:colcon.colcon_core.package_identification:_identify(ros_tutorials) by extension 'python'
[0.399s] Level 1:colcon.colcon_core.package_identification:_identify(ros_tutorials) by extensions ['python_setup_py']
[0.399s] Level 1:colcon.colcon_core.package_identification:_identify(ros_tutorials) by extension 'python_setup_py'
[0.399s] Level 1:colcon.colcon_core.package_identification:_identify(ros_tutorials/ros_tutorials) by extensions ['ignore', 'ignore_ament_install']
[0.400s] Level 1:colcon.colcon_core.package_identification:_identify(ros_tutorials/ros_tutorials) by extension 'ignore'
[0.400s] Level 1:colcon.colcon_core.package_identification:_identify(ros_tutorials/ros_tutorials) ignored
[0.400s] Level 1:colcon.colcon_core.package_identification:_identify(ros_tutorials/roscpp_tutorials) by extensions ['ignore', 'ignore_ament_install']
[0.400s] Level 1:colcon.colcon_core.package_identification:_identify(ros_tutorials/roscpp_tutorials) by extension 'ignore'
[0.400s] Level 1:colcon.colcon_core.package_identification:_identify(ros_tutorials/roscpp_tutorials) ignored
[0.400s] Level 1:colcon.colcon_core.package_identification:_identify(ros_tutorials/rospy_tutorials) by extensions ['ignore', 'ignore_ament_install']
[0.400s] Level 1:colcon.colcon_core.package_identification:_identify(ros_tutorials/rospy_tutorials) by extension 'ignore'
[0.401s] Level 1:colcon.colcon_core.package_identification:_identify(ros_tutorials/rospy_tutorials) ignored
[0.401s] Level 1:colcon.colcon_core.package_identification:_identify(ros_tutorials/turtlesim) by extensions ['ignore', 'ignore_ament_install']
[0.401s] Level 1:colcon.colcon_core.package_identification:_identify(ros_tutorials/turtlesim) by extension 'ignore'
[0.401s] Level 1:colcon.colcon_core.package_identification:_identify(ros_tutorials/turtlesim) by extension 'ignore_ament_install'
[0.401s] Level 1:colcon.colcon_core.package_identification:_identify(ros_tutorials/turtlesim) by extensions ['colcon_pkg']
[0.401s] Level 1:colcon.colcon_core.package_identification:_identify(ros_tutorials/turtlesim) by extension 'colcon_pkg'
[0.401s] Level 1:colcon.colcon_core.package_identification:_identify(ros_tutorials/turtlesim) by extensions ['colcon_meta']
[0.401s] Level 1:colcon.colcon_core.package_identification:_identify(ros_tutorials/turtlesim) by extension 'colcon_meta'
[0.401s] Level 1:colcon.colcon_core.package_identification:_identify(ros_tutorials/turtlesim) by extensions ['ros']
[0.401s] Level 1:colcon.colcon_core.package_identification:_identify(ros_tutorials/turtlesim) by extension 'ros'
[0.407s] DEBUG:colcon.colcon_core.package_identification:Package 'ros_tutorials/turtlesim' with type 'ros.ament_cmake' and name 'turtlesim'
[0.407s] Level 1:colcon.colcon_core.package_identification:_identify(simple_s) by extensions ['ignore', 'ignore_ament_install']
[0.407s] Level 1:colcon.colcon_core.package_identification:_identify(simple_s) by extension 'ignore'
[0.407s] Level 1:colcon.colcon_core.package_identification:_identify(simple_s) by extension 'ignore_ament_install'
[0.407s] Level 1:colcon.colcon_core.package_identification:_identify(simple_s) by extensions ['colcon_pkg']
[0.407s] Level 1:colcon.colcon_core.package_identification:_identify(simple_s) by extension 'colcon_pkg'
[0.408s] Level 1:colcon.colcon_core.package_identification:_identify(simple_s) by extensions ['colcon_meta']
[0.408s] Level 1:colcon.colcon_core.package_identification:_identify(simple_s) by extension 'colcon_meta'
[0.408s] Level 1:colcon.colcon_core.package_identification:_identify(simple_s) by extensions ['ros']
[0.408s] Level 1:colcon.colcon_core.package_identification:_identify(simple_s) by extension 'ros'
[0.409s] DEBUG:colcon.colcon_core.package_identification:Package 'simple_s' with type 'ros.ament_cmake' and name 'simple_s'
[0.409s] Level 1:colcon.colcon_core.package_identification:_identify(test_interfaces) by extensions ['ignore', 'ignore_ament_install']
[0.409s] Level 1:colcon.colcon_core.package_identification:_identify(test_interfaces) by extension 'ignore'
[0.409s] Level 1:colcon.colcon_core.package_identification:_identify(test_interfaces) by extension 'ignore_ament_install'
[0.410s] Level 1:colcon.colcon_core.package_identification:_identify(test_interfaces) by extensions ['colcon_pkg']
[0.410s] Level 1:colcon.colcon_core.package_identification:_identify(test_interfaces) by extension 'colcon_pkg'
[0.410s] Level 1:colcon.colcon_core.package_identification:_identify(test_interfaces) by extensions ['colcon_meta']
[0.410s] Level 1:colcon.colcon_core.package_identification:_identify(test_interfaces) by extension 'colcon_meta'
[0.410s] Level 1:colcon.colcon_core.package_identification:_identify(test_interfaces) by extensions ['ros']
[0.410s] Level 1:colcon.colcon_core.package_identification:_identify(test_interfaces) by extension 'ros'
[0.411s] DEBUG:colcon.colcon_core.package_identification:Package 'test_interfaces' with type 'ros.ament_cmake' and name 'test_interfaces'
[0.411s] Level 1:colcon.colcon_core.package_discovery:discover_packages(recursive) using defaults
[0.411s] Level 1:colcon.colcon_core.package_discovery:discover_packages(ignore) discover
[0.411s] Level 1:colcon.colcon_core.package_discovery:discover_packages(ignore) using defaults
[0.411s] Level 1:colcon.colcon_core.package_discovery:discover_packages(path) discover
[0.411s] Level 1:colcon.colcon_core.package_discovery:discover_packages(path) using defaults
[0.416s] INFO:colcon.colcon_core.package_selection:Skipping not selected package 'simple_s' in 'simple_s'
[0.416s] INFO:colcon.colcon_core.package_selection:Skipping not selected package 'turtlesim' in 'ros_tutorials/turtlesim'
[0.421s] Level 5:colcon.colcon_core.verb:set package 'test_interfaces' build argument 'cmake_args' from command line to 'None'
[0.421s] Level 5:colcon.colcon_core.verb:set package 'test_interfaces' build argument 'cmake_target' from command line to 'None'
[0.421s] Level 5:colcon.colcon_core.verb:set package 'test_interfaces' build argument 'cmake_target_skip_unavailable' from command line to 'False'
[0.421s] Level 5:colcon.colcon_core.verb:set package 'test_interfaces' build argument 'cmake_clean_cache' from command line to 'False'
[0.421s] Level 5:colcon.colcon_core.verb:set package 'test_interfaces' build argument 'cmake_clean_first' from command line to 'False'
[0.421s] Level 5:colcon.colcon_core.verb:set package 'test_interfaces' build argument 'cmake_force_configure' from command line to 'False'
[0.421s] Level 5:colcon.colcon_core.verb:set package 'test_interfaces' build argument 'ament_cmake_args' from command line to 'None'
[0.421s] Level 5:colcon.colcon_core.verb:set package 'test_interfaces' build argument 'catkin_cmake_args' from command line to 'None'
[0.421s] Level 5:colcon.colcon_core.verb:set package 'test_interfaces' build argument 'catkin_skip_building_tests' from command line to 'False'
[0.422s] DEBUG:colcon.colcon_core.verb:Building package 'test_interfaces' with the following arguments: {'ament_cmake_args': None, 'build_base': '/ros2_test/AD_Middle_Test/ros2/src/build/test_interfaces', 'catkin_cmake_args': None, 'catkin_skip_building_tests': False, 'cmake_args': None, 'cmake_clean_cache': False, 'cmake_clean_first': False, 'cmake_force_configure': False, 'cmake_target': None, 'cmake_target_skip_unavailable': False, 'install_base': '/ros2_test/AD_Middle_Test/ros2/src/install/test_interfaces', 'merge_install': False, 'path': '/ros2_test/AD_Middle_Test/ros2/src/test_interfaces', 'symlink_install': False, 'test_result_base': None}
[0.422s] INFO:colcon.colcon_core.executor:Executing jobs using 'parallel' executor
[0.425s] DEBUG:colcon.colcon_parallel_executor.executor.parallel:run_until_complete
[0.426s] INFO:colcon.colcon_ros.task.ament_cmake.build:Building ROS package in '/ros2_test/AD_Middle_Test/ros2/src/test_interfaces' with build type 'ament_cmake'
[0.432s] INFO:colcon.colcon_core.plugin_system:Skipping extension 'colcon_core.shell.bat': Not used on non-Windows systems
[0.432s] INFO:colcon.colcon_cmake.task.cmake.build:Building CMake package in '/ros2_test/AD_Middle_Test/ros2/src/test_interfaces'
[0.433s] INFO:colcon.colcon_core.shell:Skip shell extension 'powershell' for command environment: Not usable outside of PowerShell
[0.433s] DEBUG:colcon.colcon_core.shell:Skip shell extension 'dsv' for command environment
[0.455s] DEBUG:colcon.colcon_core.event_handler.log_command:Invoking command in '/ros2_test/AD_Middle_Test/ros2/src/build/test_interfaces': /usr/bin/cmake /ros2_test/AD_Middle_Test/ros2/src/test_interfaces -DCMAKE_INSTALL_PREFIX=/ros2_test/AD_Middle_Test/ros2/src/install/test_interfaces
[2.598s] DEBUG:colcon.colcon_core.event_handler.log_command:Invoked command in '/ros2_test/AD_Middle_Test/ros2/src/build/test_interfaces' returned '0': /usr/bin/cmake /ros2_test/AD_Middle_Test/ros2/src/test_interfaces -DCMAKE_INSTALL_PREFIX=/ros2_test/AD_Middle_Test/ros2/src/install/test_interfaces
[2.603s] DEBUG:colcon.colcon_core.event_handler.log_command:Invoking command in '/ros2_test/AD_Middle_Test/ros2/src/build/test_interfaces': /usr/bin/cmake --build /ros2_test/AD_Middle_Test/ros2/src/build/test_interfaces -- -j40 -l40
[6.924s] DEBUG:colcon.colcon_core.event_handler.log_command:Invoked command in '/ros2_test/AD_Middle_Test/ros2/src/build/test_interfaces' returned '0': /usr/bin/cmake --build /ros2_test/AD_Middle_Test/ros2/src/build/test_interfaces -- -j40 -l40
[7.006s] DEBUG:colcon.colcon_core.event_handler.log_command:Invoking command in '/ros2_test/AD_Middle_Test/ros2/src/build/test_interfaces': /usr/bin/cmake --install /ros2_test/AD_Middle_Test/ros2/src/build/test_interfaces
[7.097s] Level 1:colcon.colcon_core.environment:create_environment_scripts_only(test_interfaces)
[7.099s] DEBUG:colcon.colcon_core.event_handler.log_command:Invoked command in '/ros2_test/AD_Middle_Test/ros2/src/build/test_interfaces' returned '0': /usr/bin/cmake --install /ros2_test/AD_Middle_Test/ros2/src/build/test_interfaces
[7.104s] Level 1:colcon.colcon_core.environment:checking '/ros2_test/AD_Middle_Test/ros2/src/install/test_interfaces' for CMake module files
[7.105s] Level 1:colcon.colcon_core.environment:checking '/ros2_test/AD_Middle_Test/ros2/src/install/test_interfaces' for CMake config files
[7.106s] Level 1:colcon.colcon_core.shell:create_environment_hook('test_interfaces', 'cmake_prefix_path')
[7.106s] INFO:colcon.colcon_core.shell:Creating environment hook '/ros2_test/AD_Middle_Test/ros2/src/install/test_interfaces/share/test_interfaces/hook/cmake_prefix_path.ps1'
[7.108s] INFO:colcon.colcon_core.shell:Creating environment descriptor '/ros2_test/AD_Middle_Test/ros2/src/install/test_interfaces/share/test_interfaces/hook/cmake_prefix_path.dsv'
[7.108s] INFO:colcon.colcon_core.shell:Creating environment hook '/ros2_test/AD_Middle_Test/ros2/src/install/test_interfaces/share/test_interfaces/hook/cmake_prefix_path.sh'
[7.110s] Level 1:colcon.colcon_core.environment:checking '/ros2_test/AD_Middle_Test/ros2/src/install/test_interfaces/lib'
[7.110s] Level 1:colcon.colcon_core.shell:create_environment_hook('test_interfaces', 'ld_library_path_lib')
[7.111s] INFO:colcon.colcon_core.shell:Creating environment hook '/ros2_test/AD_Middle_Test/ros2/src/install/test_interfaces/share/test_interfaces/hook/ld_library_path_lib.ps1'
[7.112s] INFO:colcon.colcon_core.shell:Creating environment descriptor '/ros2_test/AD_Middle_Test/ros2/src/install/test_interfaces/share/test_interfaces/hook/ld_library_path_lib.dsv'
[7.112s] INFO:colcon.colcon_core.shell:Creating environment hook '/ros2_test/AD_Middle_Test/ros2/src/install/test_interfaces/share/test_interfaces/hook/ld_library_path_lib.sh'
[7.113s] Level 1:colcon.colcon_core.environment:checking '/ros2_test/AD_Middle_Test/ros2/src/install/test_interfaces/bin'
[7.113s] Level 1:colcon.colcon_core.environment:checking '/ros2_test/AD_Middle_Test/ros2/src/install/test_interfaces/lib/pkgconfig/test_interfaces.pc'
[7.113s] Level 1:colcon.colcon_core.environment:checking '/ros2_test/AD_Middle_Test/ros2/src/install/test_interfaces/lib/python3.8/site-packages'
[7.113s] Level 1:colcon.colcon_core.shell:create_environment_hook('test_interfaces', 'pythonpath')
[7.114s] INFO:colcon.colcon_core.shell:Creating environment hook '/ros2_test/AD_Middle_Test/ros2/src/install/test_interfaces/share/test_interfaces/hook/pythonpath.ps1'
[7.115s] INFO:colcon.colcon_core.shell:Creating environment descriptor '/ros2_test/AD_Middle_Test/ros2/src/install/test_interfaces/share/test_interfaces/hook/pythonpath.dsv'
[7.115s] INFO:colcon.colcon_core.shell:Creating environment hook '/ros2_test/AD_Middle_Test/ros2/src/install/test_interfaces/share/test_interfaces/hook/pythonpath.sh'
[7.117s] INFO:colcon.colcon_core.shell:Creating package script '/ros2_test/AD_Middle_Test/ros2/src/install/test_interfaces/share/test_interfaces/package.ps1'
[7.118s] INFO:colcon.colcon_core.shell:Creating package descriptor '/ros2_test/AD_Middle_Test/ros2/src/install/test_interfaces/share/test_interfaces/package.dsv'
[7.120s] INFO:colcon.colcon_core.shell:Creating package script '/ros2_test/AD_Middle_Test/ros2/src/install/test_interfaces/share/test_interfaces/package.sh'
[7.121s] INFO:colcon.colcon_core.shell:Creating package script '/ros2_test/AD_Middle_Test/ros2/src/install/test_interfaces/share/test_interfaces/package.bash'
[7.123s] INFO:colcon.colcon_core.shell:Creating package script '/ros2_test/AD_Middle_Test/ros2/src/install/test_interfaces/share/test_interfaces/package.zsh'
[7.124s] Level 1:colcon.colcon_core.environment:create_file_with_runtime_dependencies(/ros2_test/AD_Middle_Test/ros2/src/install/test_interfaces/share/colcon-core/packages/test_interfaces)
[7.124s] DEBUG:colcon.colcon_parallel_executor.executor.parallel:closing loop
[7.125s] DEBUG:colcon.colcon_parallel_executor.executor.parallel:loop closed
[7.125s] DEBUG:colcon.colcon_parallel_executor.executor.parallel:run_until_complete finished with '0'
[7.125s] DEBUG:colcon.colcon_core.event_reactor:joining thread
[7.134s] INFO:colcon.colcon_core.plugin_system:Skipping extension 'colcon_notification.desktop_notification.notify_send': Could not find 'notify-send'
[7.135s] INFO:colcon.colcon_core.plugin_system:Skipping extension 'colcon_notification.desktop_notification.terminal_notifier': Not used on non-Darwin systems
[7.135s] INFO:colcon.colcon_core.plugin_system:Skipping extension 'colcon_notification.desktop_notification.win32': Not used on non-Windows systems
[7.135s] INFO:colcon.colcon_notification.desktop_notification:Sending desktop notification using 'notify2'
[7.135s] DEBUG:colcon.colcon_notification.desktop_notification.notify2:Failed to initialize notify2: org.freedesktop.DBus.Error.NotSupported: Unable to autolaunch a dbus-daemon without a $DISPLAY for X11
[7.135s] DEBUG:colcon.colcon_core.event_reactor:joined thread
[7.136s] INFO:colcon.colcon_core.shell:Creating prefix script '/ros2_test/AD_Middle_Test/ros2/src/install/local_setup.ps1'
[7.138s] INFO:colcon.colcon_core.shell:Creating prefix util module '/ros2_test/AD_Middle_Test/ros2/src/install/_local_setup_util_ps1.py'
[7.140s] INFO:colcon.colcon_core.shell:Creating prefix chain script '/ros2_test/AD_Middle_Test/ros2/src/install/setup.ps1'
[7.145s] INFO:colcon.colcon_core.shell:Creating prefix script '/ros2_test/AD_Middle_Test/ros2/src/install/local_setup.sh'
[7.146s] INFO:colcon.colcon_core.shell:Creating prefix util module '/ros2_test/AD_Middle_Test/ros2/src/install/_local_setup_util_sh.py'
[7.146s] INFO:colcon.colcon_core.shell:Creating prefix chain script '/ros2_test/AD_Middle_Test/ros2/src/install/setup.sh'
[7.151s] INFO:colcon.colcon_core.shell:Creating prefix script '/ros2_test/AD_Middle_Test/ros2/src/install/local_setup.bash'
[7.152s] INFO:colcon.colcon_core.shell:Creating prefix chain script '/ros2_test/AD_Middle_Test/ros2/src/install/setup.bash'
[7.156s] INFO:colcon.colcon_core.shell:Creating prefix script '/ros2_test/AD_Middle_Test/ros2/src/install/local_setup.zsh'
[7.157s] INFO:colcon.colcon_core.shell:Creating prefix chain script '/ros2_test/AD_Middle_Test/ros2/src/install/setup.zsh'
