[0.086s] -- Found ament_cmake: 0.8.1 (/opt/ros/foxy/share/ament_cmake/cmake)
[0.122s] -- Using PYTHON_EXECUTABLE: /usr/bin/python3
[0.412s] -- Found rclcpp: 0.8.3 (/opt/ros/foxy/share/rclcpp/cmake)
[0.468s] -- Found rosidl_adapter: 0.8.2 (/opt/ros/foxy/share/rosidl_adapter/cmake)
[0.498s] -- Found rmw_implementation_cmake: 0.8.1 (/opt/ros/foxy/share/rmw_implementation_cmake/cmake)
[0.501s] -- Using RMW implementation 'rmw_fastrtps_cpp' as default
[0.613s] -- Found std_msgs: 0.8.1 (/opt/ros/foxy/share/std_msgs/cmake)
[0.632s] -- Found rosidl_default_generators: 0.8.0 (/opt/ros/foxy/share/rosidl_default_generators/cmake)
[0.664s] -- Could not find RTI Connext - skipping rosidl_typesupport_connext_c
[0.679s] -- Could not find RTI Connext - skipping rosidl_typesupport_connext_cpp
[0.800s] -- Found OpenSSL: /usr/lib/x86_64-linux-gnu/libcrypto.so (found version "1.1.1f")  
[0.841s] -- Found FastRTPS: /opt/ros/foxy/include  
[0.995s] -- Found PythonInterp: /usr/bin/python3 (found version "3.8.2") 
[1.175s] -- Using all available rosidl_typesupport_c: rosidl_typesupport_connext_c;rosidl_typesupport_fastrtps_c;rosidl_typesupport_introspection_c
[1.182s] -- Using all available rosidl_typesupport_cpp: rosidl_typesupport_connext_cpp;rosidl_typesupport_fastrtps_cpp;rosidl_typesupport_introspection_cpp
[1.196s] -- Found ament_cmake_ros: 0.9.0 (/opt/ros/foxy/share/ament_cmake_ros/cmake)
[1.390s] -- Found PythonInterp: /usr/bin/python3 (found suitable version "3.8.2", minimum required is "3.5") 
[1.393s] -- Found python_cmake_module: 0.8.0 (/opt/ros/foxy/share/python_cmake_module/cmake)
[1.435s] -- Found PythonLibs: /usr/lib/x86_64-linux-gnu/libpython3.8.so (found suitable version "3.8.2", minimum required is "3.5") 
[1.435s] -- Using PYTHON_EXECUTABLE: /usr/bin/python3
[1.435s] -- Using PYTHON_INCLUDE_DIRS: /usr/include/python3.8
[1.435s] -- Using PYTHON_LIBRARIES: /usr/lib/x86_64-linux-gnu/libpython3.8.so
[1.469s] -- Found PythonExtra: .so  
[1.593s] -- Found ament_lint_auto: 0.9.1 (/opt/ros/foxy/share/ament_lint_auto/cmake)
[1.612s] -- Added test 'copyright' to check for copyright in CMake / C / C++ / Python code
[1.614s] -- Added test 'cppcheck' to perform static code analysis on C / C++ code
[1.615s] -- Configured cppcheck include dirs: 
[1.617s] -- Added test 'cpplint' to check C / C++ code against the Google style
[1.618s] -- Added test 'lint_cmake' to check CMake code style
[1.619s] -- Added test 'uncrustify' to check C / C++ code style
[1.620s] -- Added test 'xmllint' to check XML markup files
[1.627s] -- Configuring done
[1.717s] -- Generating done
[1.722s] -- Build files have been written to: /ros2_test/AD_Middle_Test/ros2/src/build/simple_s
[1.758s] [35m[1mScanning dependencies of target simple_s__cpp[0m
[1.759s] [  2%] [34m[1mGenerating C code for ROS interfaces[0m
[1.762s] [35m[1mScanning dependencies of target talker[0m
[1.763s] [35m[1mScanning dependencies of target listener[0m
[1.773s] [  5%] [34m[1mGenerating C++ code for ROS interfaces[0m
[1.800s] [  8%] [32mBuilding CXX object CMakeFiles/talker.dir/src/talker.cpp.o[0m
[1.801s] [ 11%] [32mBuilding CXX object CMakeFiles/listener.dir/src/listener.cpp.o[0m
[1.947s] [01m[K/ros2_test/AD_Middle_Test/ros2/src/simple_s/src/listener.cpp:4:10:[m[K [01;31m[Kfatal error: [m[Ksimple_s/msg/test.hpp: No such file or directory
[1.947s]     4 | #include [01;31m[K"simple_s/msg/test.hpp"[m[K     // CHANGE
[1.947s]       |          [01;31m[K^~~~~~~~~~~~~~~~~~~~~~~[m[K
[1.948s] [01m[K/ros2_test/AD_Middle_Test/ros2/src/simple_s/src/talker.cpp:5:10:[m[K [01;31m[Kfatal error: [m[Ksimple_s/msg/test.hpp: No such file or directory
[1.948s]     5 | #include [01;31m[K"simple_s/msg/test.hpp"[m[K     // CHANGE
[1.948s]       |          [01;31m[K^~~~~~~~~~~~~~~~~~~~~~~[m[K
[1.948s] compilation terminated.
[1.948s] compilation terminated.
[1.949s] make[2]: *** [CMakeFiles/talker.dir/build.make:63: CMakeFiles/talker.dir/src/talker.cpp.o] Error 1
[1.950s] make[2]: *** [CMakeFiles/listener.dir/build.make:63: CMakeFiles/listener.dir/src/listener.cpp.o] Error 1
[1.950s] make[1]: *** [CMakeFiles/Makefile2:388: CMakeFiles/talker.dir/all] Error 2
[1.950s] make[1]: *** Waiting for unfinished jobs....
[1.950s] make[1]: *** [CMakeFiles/Makefile2:125: CMakeFiles/listener.dir/all] Error 2
[2.239s] [35m[1mScanning dependencies of target simple_s__rosidl_generator_c[0m
[2.240s] [ 11%] Built target simple_s__cpp
[2.256s] [ 14%] [32mBuilding C object CMakeFiles/simple_s__rosidl_generator_c.dir/rosidl_generator_c/simple_s/msg/detail/test__functions.c.o[0m
[2.314s] [ 17%] [32m[1mLinking C shared library libsimple_s__rosidl_generator_c.so[0m
[2.360s] [ 17%] Built target simple_s__rosidl_generator_c
[2.361s] make: *** [Makefile:141: all] Error 2
