[2.139s] [01m[K/ros2_test/AD_Middle_Test/ros2/src/simple_s/src/listener.cpp:[m[K In constructor ‘[01m[KMinimalSubscriber::MinimalSubscriber(std::string, int)[m[K’:
[2.140s] [01m[K/ros2_test/AD_Middle_Test/ros2/src/simple_s/src/listener.cpp:60:27:[m[K [01;31m[Kerror: [m[K‘[01m[KSychronizer[m[K’ was not declared in this scope
[2.140s]    60 |    this->sync=make_shared<[01;31m[KSychronizer[m[K<test_interfaces::msg::Test,test_interfaces::msg::Test>>(myP,this->sub1,this->sub2);
[2.140s]       |                           [01;31m[K^~~~~~~~~~~[m[K
[2.140s] [01m[K/ros2_test/AD_Middle_Test/ros2/src/simple_s/src/listener.cpp:60:15:[m[K [01;31m[Kerror: [m[Kparse error in template argument list
[2.140s]    60 |    this->sync=[01;31m[Kmake_shared<Sychronizer<test_interfaces::msg::Test,test_interfaces::msg::Test[m[K>>(myP,this->sub1,this->sub2);
[2.141s]       |               [01;31m[K^~~~~~~~~~~~~~~~~~~~~~~~~~~~~~~~~~~~~~~~~~~~~~~~~~~~~~~~~~~~~~~~~~~~~~~~~~~~~[m[K
[2.141s] [01m[K/ros2_test/AD_Middle_Test/ros2/src/simple_s/src/listener.cpp:60:95:[m[K [01;35m[Kwarning: [m[Kleft operand of comma operator has no effect [[01;35m[K-Wunused-value[m[K]
[2.141s]    60 |    this->sync=make_shared<Sychronizer<test_interfaces::msg::Test,test_interfaces::msg::Test>>([01;35m[KmyP[m[K,this->sub1,this->sub2);
[2.141s]       |                                                                                               [01;35m[K^~~[m[K
[2.141s] [01m[K/ros2_test/AD_Middle_Test/ros2/src/simple_s/src/listener.cpp:60:105:[m[K [01;35m[Kwarning: [m[Kright operand of comma operator has no effect [[01;35m[K-Wunused-value[m[K]
[2.142s]    60 |    this->sync=make_shared<Sychronizer<test_interfaces::msg::Test,test_interfaces::msg::Test>>(myP,[01;35m[Kthis->sub1[m[K,this->sub2);
[2.142s]       |                                                                                                   [01;35m[K~~~~~~^~~~[m[K
[2.142s] [01m[K/ros2_test/AD_Middle_Test/ros2/src/simple_s/src/listener.cpp:60:92:[m[K [01;31m[Kerror: [m[Kno match for ‘[01m[Koperator>[m[K’ (operand types are ‘[01m[K<unresolved overloaded function type>[m[K’ and ‘[01m[Kmessage_filters::Subscriber<test_interfaces::msg::Test_<std::allocator<void> > >[m[K’)
[2.142s]    60 |    this->sync=[01;31m[Kmake_shared<Sychronizer<test_interfaces::msg::Test,test_interfaces::msg::Test>>(myP,this->sub1,this->sub2)[m[K;
[2.142s]       |               [01;31m[K~~~~~~~~~~~~~~~~~~~~~~~~~~~~~~~~~~~~~~~~~~~~~~~~~~~~~~~~~~~~~~~~~~~~~~~~~~~~~^~~~~~~~~~~~~~~~~~~~~~~~~~~~~[m[K
[2.143s] In file included from [01m[K/usr/include/c++/9/bits/stl_algobase.h:64[m[K,
[2.143s]                  from [01m[K/usr/include/c++/9/memory:62[m[K,
[2.143s]                  from [01m[K/ros2_test/AD_Middle_Test/ros2/src/simple_s/src/listener.cpp:1[m[K:
[2.143s] [01m[K/usr/include/c++/9/bits/stl_pair.h:467:5:[m[K [01;36m[Knote: [m[Kcandidate: ‘[01m[Ktemplate<class _T1, class _T2> constexpr bool std::operator>(const std::pair<_T1, _T2>&, const std::pair<_T1, _T2>&)[m[K’
[2.143s]   467 |     [01;36m[Koperator[m[K>(const pair<_T1, _T2>& __x, const pair<_T1, _T2>& __y)
[2.143s]       |     [01;36m[K^~~~~~~~[m[K
[2.144s] [01m[K/usr/include/c++/9/bits/stl_pair.h:467:5:[m[K [01;36m[Knote: [m[K  template argument deduction/substitution failed:
[2.144s] [01m[K/ros2_test/AD_Middle_Test/ros2/src/simple_s/src/listener.cpp:60:120:[m[K [01;36m[Knote: [m[K  ‘[01m[Kmessage_filters::Subscriber<test_interfaces::msg::Test_<std::allocator<void> > >[m[K’ is not derived from ‘[01m[Kconst std::pair<_T1, _T2>[m[K’
[2.144s]    60 |    this->sync=make_shared<Sychronizer<test_interfaces::msg::Test,test_interfaces::msg::Test>>(myP,this->sub1,this->sub2[01;36m[K)[m[K;
[2.144s]       |                                                                                                                        [01;36m[K^[m[K
[2.145s] In file included from [01m[K/usr/include/c++/9/bits/stl_algobase.h:67[m[K,
[2.145s]                  from [01m[K/usr/include/c++/9/memory:62[m[K,
[2.145s]                  from [01m[K/ros2_test/AD_Middle_Test/ros2/src/simple_s/src/listener.cpp:1[m[K:
[2.145s] [01m[K/usr/include/c++/9/bits/stl_iterator.h:343:5:[m[K [01;36m[Knote: [m[Kcandidate: ‘[01m[Ktemplate<class _Iterator> bool std::operator>(const std::reverse_iterator<_Iterator>&, const std::reverse_iterator<_Iterator>&)[m[K’
[2.145s]   343 |     [01;36m[Koperator[m[K>(const reverse_iterator<_Iterator>& __x,
[2.145s]       |     [01;36m[K^~~~~~~~[m[K
[2.146s] [01m[K/usr/include/c++/9/bits/stl_iterator.h:343:5:[m[K [01;36m[Knote: [m[K  template argument deduction/substitution failed:
[2.146s] [01m[K/ros2_test/AD_Middle_Test/ros2/src/simple_s/src/listener.cpp:60:120:[m[K [01;36m[Knote: [m[K  ‘[01m[Kmessage_filters::Subscriber<test_interfaces::msg::Test_<std::allocator<void> > >[m[K’ is not derived from ‘[01m[Kconst std::reverse_iterator<_Iterator>[m[K’
[2.146s]    60 |    this->sync=make_shared<Sychronizer<test_interfaces::msg::Test,test_interfaces::msg::Test>>(myP,this->sub1,this->sub2[01;36m[K)[m[K;
[2.146s]       |                                                                                                                        [01;36m[K^[m[K
[2.146s] In file included from [01m[K/usr/include/c++/9/bits/stl_algobase.h:67[m[K,
[2.147s]                  from [01m[K/usr/include/c++/9/memory:62[m[K,
[2.147s]                  from [01m[K/ros2_test/AD_Middle_Test/ros2/src/simple_s/src/listener.cpp:1[m[K:
[2.147s] [01m[K/usr/include/c++/9/bits/stl_iterator.h:381:5:[m[K [01;36m[Knote: [m[Kcandidate: ‘[01m[Ktemplate<class _IteratorL, class _IteratorR> bool std::operator>(const std::reverse_iterator<_Iterator>&, const std::reverse_iterator<_IteratorR>&)[m[K’
[2.147s]   381 |     [01;36m[Koperator[m[K>(const reverse_iterator<_IteratorL>& __x,
[2.147s]       |     [01;36m[K^~~~~~~~[m[K
[2.147s] [01m[K/usr/include/c++/9/bits/stl_iterator.h:381:5:[m[K [01;36m[Knote: [m[K  template argument deduction/substitution failed:
[2.148s] [01m[K/ros2_test/AD_Middle_Test/ros2/src/simple_s/src/listener.cpp:60:120:[m[K [01;36m[Knote: [m[K  ‘[01m[Kmessage_filters::Subscriber<test_interfaces::msg::Test_<std::allocator<void> > >[m[K’ is not derived from ‘[01m[Kconst std::reverse_iterator<_IteratorR>[m[K’
[2.148s]    60 |    this->sync=make_shared<Sychronizer<test_interfaces::msg::Test,test_interfaces::msg::Test>>(myP,this->sub1,this->sub2[01;36m[K)[m[K;
[2.148s]       |                                                                                                                        [01;36m[K^[m[K
[2.148s] In file included from [01m[K/usr/include/c++/9/bits/stl_algobase.h:67[m[K,
[2.148s]                  from [01m[K/usr/include/c++/9/memory:62[m[K,
[2.149s]                  from [01m[K/ros2_test/AD_Middle_Test/ros2/src/simple_s/src/listener.cpp:1[m[K:
[2.149s] [01m[K/usr/include/c++/9/bits/stl_iterator.h:1187:5:[m[K [01;36m[Knote: [m[Kcandidate: ‘[01m[Ktemplate<class _IteratorL, class _IteratorR> bool std::operator>(const std::move_iterator<_IteratorL>&, const std::move_iterator<_IteratorR>&)[m[K’
[2.149s]  1187 |     [01;36m[Koperator[m[K>(const move_iterator<_IteratorL>& __x,
[2.149s]       |     [01;36m[K^~~~~~~~[m[K
[2.149s] [01m[K/usr/include/c++/9/bits/stl_iterator.h:1187:5:[m[K [01;36m[Knote: [m[K  template argument deduction/substitution failed:
[2.150s] [01m[K/ros2_test/AD_Middle_Test/ros2/src/simple_s/src/listener.cpp:60:120:[m[K [01;36m[Knote: [m[K  ‘[01m[Kmessage_filters::Subscriber<test_interfaces::msg::Test_<std::allocator<void> > >[m[K’ is not derived from ‘[01m[Kconst std::move_iterator<_IteratorR>[m[K’
[2.150s]    60 |    this->sync=make_shared<Sychronizer<test_interfaces::msg::Test,test_interfaces::msg::Test>>(myP,this->sub1,this->sub2[01;36m[K)[m[K;
[2.150s]       |                                                                                                                        [01;36m[K^[m[K
[2.150s] In file included from [01m[K/usr/include/c++/9/bits/stl_algobase.h:67[m[K,
[2.150s]                  from [01m[K/usr/include/c++/9/memory:62[m[K,
[2.150s]                  from [01m[K/ros2_test/AD_Middle_Test/ros2/src/simple_s/src/listener.cpp:1[m[K:
[2.151s] [01m[K/usr/include/c++/9/bits/stl_iterator.h:1193:5:[m[K [01;36m[Knote: [m[Kcandidate: ‘[01m[Ktemplate<class _Iterator> bool std::operator>(const std::move_iterator<_IteratorL>&, const std::move_iterator<_IteratorL>&)[m[K’
[2.151s]  1193 |     [01;36m[Koperator[m[K>(const move_iterator<_Iterator>& __x,
[2.151s]       |     [01;36m[K^~~~~~~~[m[K
[2.151s] [01m[K/usr/include/c++/9/bits/stl_iterator.h:1193:5:[m[K [01;36m[Knote: [m[K  template argument deduction/substitution failed:
[2.151s] [01m[K/ros2_test/AD_Middle_Test/ros2/src/simple_s/src/listener.cpp:60:120:[m[K [01;36m[Knote: [m[K  ‘[01m[Kmessage_filters::Subscriber<test_interfaces::msg::Test_<std::allocator<void> > >[m[K’ is not derived from ‘[01m[Kconst std::move_iterator<_IteratorL>[m[K’
[2.152s]    60 |    this->sync=make_shared<Sychronizer<test_interfaces::msg::Test,test_interfaces::msg::Test>>(myP,this->sub1,this->sub2[01;36m[K)[m[K;
[2.152s]       |                                                                                                                        [01;36m[K^[m[K
[2.153s] In file included from [01m[K/usr/include/c++/9/string:55[m[K,
[2.153s]                  from [01m[K/usr/include/c++/9/stdexcept:39[m[K,
[2.153s]                  from [01m[K/usr/include/c++/9/array:39[m[K,
[2.153s]                  from [01m[K/usr/include/c++/9/tuple:39[m[K,
[2.153s]                  from [01m[K/usr/include/c++/9/bits/unique_ptr.h:37[m[K,
[2.154s]                  from [01m[K/usr/include/c++/9/memory:80[m[K,
[2.154s]                  from [01m[K/ros2_test/AD_Middle_Test/ros2/src/simple_s/src/listener.cpp:1[m[K:
[2.154s] [01m[K/usr/include/c++/9/bits/basic_string.h:6264:5:[m[K [01;36m[Knote: [m[Kcandidate: ‘[01m[Ktemplate<class _CharT, class _Traits, class _Alloc> bool std::operator>(const std::__cxx11::basic_string<_CharT, _Traits, _Alloc>&, const std::__cxx11::basic_string<_CharT, _Traits, _Alloc>&)[m[K’
[2.154s]  6264 |     [01;36m[Koperator[m[K>(const basic_string<_CharT, _Traits, _Alloc>& __lhs,
[2.154s]       |     [01;36m[K^~~~~~~~[m[K
[2.155s] [01m[K/usr/include/c++/9/bits/basic_string.h:6264:5:[m[K [01;36m[Knote: [m[K  template argument deduction/substitution failed:
[2.155s] [01m[K/ros2_test/AD_Middle_Test/ros2/src/simple_s/src/listener.cpp:60:120:[m[K [01;36m[Knote: [m[K  ‘[01m[Kmessage_filters::Subscriber<test_interfaces::msg::Test_<std::allocator<void> > >[m[K’ is not derived from ‘[01m[Kconst std::__cxx11::basic_string<_CharT, _Traits, _Alloc>[m[K’
[2.155s]    60 |    this->sync=make_shared<Sychronizer<test_interfaces::msg::Test,test_interfaces::msg::Test>>(myP,this->sub1,this->sub2[01;36m[K)[m[K;
[2.155s]       |                                                                                                                        [01;36m[K^[m[K
[2.155s] In file included from [01m[K/usr/include/c++/9/string:55[m[K,
[2.155s]                  from [01m[K/usr/include/c++/9/stdexcept:39[m[K,
[2.156s]                  from [01m[K/usr/include/c++/9/array:39[m[K,
[2.156s]                  from [01m[K/usr/include/c++/9/tuple:39[m[K,
[2.156s]                  from [01m[K/usr/include/c++/9/bits/unique_ptr.h:37[m[K,
[2.156s]                  from [01m[K/usr/include/c++/9/memory:80[m[K,
[2.156s]                  from [01m[K/ros2_test/AD_Middle_Test/ros2/src/simple_s/src/listener.cpp:1[m[K:
[2.156s] [01m[K/usr/include/c++/9/bits/basic_string.h:6277:5:[m[K [01;36m[Knote: [m[Kcandidate: ‘[01m[Ktemplate<class _CharT, class _Traits, class _Alloc> bool std::operator>(const std::__cxx11::basic_string<_CharT, _Traits, _Alloc>&, const _CharT*)[m[K’
[2.157s]  6277 |     [01;36m[Koperator[m[K>(const basic_string<_CharT, _Traits, _Alloc>& __lhs,
[2.157s]       |     [01;36m[K^~~~~~~~[m[K
[2.157s] [01m[K/usr/include/c++/9/bits/basic_string.h:6277:5:[m[K [01;36m[Knote: [m[K  template argument deduction/substitution failed:
[2.157s] [01m[K/ros2_test/AD_Middle_Test/ros2/src/simple_s/src/listener.cpp:60:120:[m[K [01;36m[Knote: [m[K  mismatched types ‘[01m[Kconst _CharT*[m[K’ and ‘[01m[Kmessage_filters::Subscriber<test_interfaces::msg::Test_<std::allocator<void> > >[m[K’
[2.157s]    60 |    this->sync=make_shared<Sychronizer<test_interfaces::msg::Test,test_interfaces::msg::Test>>(myP,this->sub1,this->sub2[01;36m[K)[m[K;
[2.158s]       |                                                                                                                        [01;36m[K^[m[K
[2.158s] In file included from [01m[K/usr/include/c++/9/string:55[m[K,
[2.158s]                  from [01m[K/usr/include/c++/9/stdexcept:39[m[K,
[2.158s]                  from [01m[K/usr/include/c++/9/array:39[m[K,
[2.158s]                  from [01m[K/usr/include/c++/9/tuple:39[m[K,
[2.158s]                  from [01m[K/usr/include/c++/9/bits/unique_ptr.h:37[m[K,
[2.160s]                  from [01m[K/usr/include/c++/9/memory:80[m[K,
[2.160s]                  from [01m[K/ros2_test/AD_Middle_Test/ros2/src/simple_s/src/listener.cpp:1[m[K:
[2.160s] [01m[K/usr/include/c++/9/bits/basic_string.h:6289:5:[m[K [01;36m[Knote: [m[Kcandidate: ‘[01m[Ktemplate<class _CharT, class _Traits, class _Alloc> bool std::operator>(const _CharT*, const std::__cxx11::basic_string<_CharT, _Traits, _Alloc>&)[m[K’
[2.160s]  6289 |     [01;36m[Koperator[m[K>(const _CharT* __lhs,
[2.160s]       |     [01;36m[K^~~~~~~~[m[K
[2.161s] [01m[K/usr/include/c++/9/bits/basic_string.h:6289:5:[m[K [01;36m[Knote: [m[K  template argument deduction/substitution failed:
[2.161s] [01m[K/ros2_test/AD_Middle_Test/ros2/src/simple_s/src/listener.cpp:60:120:[m[K [01;36m[Knote: [m[K  ‘[01m[Kmessage_filters::Subscriber<test_interfaces::msg::Test_<std::allocator<void> > >[m[K’ is not derived from ‘[01m[Kconst std::__cxx11::basic_string<_CharT, _Traits, _Alloc>[m[K’
[2.161s]    60 |    this->sync=make_shared<Sychronizer<test_interfaces::msg::Test,test_interfaces::msg::Test>>(myP,this->sub1,this->sub2[01;36m[K)[m[K;
[2.161s]       |                                                                                                                        [01;36m[K^[m[K
[2.161s] In file included from [01m[K/usr/include/c++/9/tuple:39[m[K,
[2.161s]                  from [01m[K/usr/include/c++/9/bits/unique_ptr.h:37[m[K,
[2.161s]                  from [01m[K/usr/include/c++/9/memory:80[m[K,
[2.162s]                  from [01m[K/ros2_test/AD_Middle_Test/ros2/src/simple_s/src/listener.cpp:1[m[K:
[2.162s] [01m[K/usr/include/c++/9/array:270:5:[m[K [01;36m[Knote: [m[Kcandidate: ‘[01m[Ktemplate<class _Tp, long unsigned int _Nm> bool std::operator>(const std::array<_Tp, _Nm>&, const std::array<_Tp, _Nm>&)[m[K’
[2.162s]   270 |     [01;36m[Koperator[m[K>(const array<_Tp, _Nm>& __one, const array<_Tp, _Nm>& __two)
[2.162s]       |     [01;36m[K^~~~~~~~[m[K
[2.162s] [01m[K/usr/include/c++/9/array:270:5:[m[K [01;36m[Knote: [m[K  template argument deduction/substitution failed:
[2.162s] [01m[K/ros2_test/AD_Middle_Test/ros2/src/simple_s/src/listener.cpp:60:120:[m[K [01;36m[Knote: [m[K  ‘[01m[Kmessage_filters::Subscriber<test_interfaces::msg::Test_<std::allocator<void> > >[m[K’ is not derived from ‘[01m[Kconst std::array<_Tp, _Nm>[m[K’
[2.162s]    60 |    this->sync=make_shared<Sychronizer<test_interfaces::msg::Test,test_interfaces::msg::Test>>(myP,this->sub1,this->sub2[01;36m[K)[m[K;
[2.162s]       |                                                                                                                        [01;36m[K^[m[K
[2.163s] In file included from [01m[K/usr/include/c++/9/bits/unique_ptr.h:37[m[K,
[2.163s]                  from [01m[K/usr/include/c++/9/memory:80[m[K,
[2.163s]                  from [01m[K/ros2_test/AD_Middle_Test/ros2/src/simple_s/src/listener.cpp:1[m[K:
[2.163s] [01m[K/usr/include/c++/9/tuple:1451:5:[m[K [01;36m[Knote: [m[Kcandidate: ‘[01m[Ktemplate<class ... _TElements, class ... _UElements> constexpr bool std::operator>(const std::tuple<_Tps ...>&, const std::tuple<_Elements ...>&)[m[K’
[2.163s]  1451 |     [01;36m[Koperator[m[K>(const tuple<_TElements...>& __t,
[2.163s]       |     [01;36m[K^~~~~~~~[m[K
[2.163s] [01m[K/usr/include/c++/9/tuple:1451:5:[m[K [01;36m[Knote: [m[K  template argument deduction/substitution failed:
[2.164s] [01m[K/ros2_test/AD_Middle_Test/ros2/src/simple_s/src/listener.cpp:60:120:[m[K [01;36m[Knote: [m[K  ‘[01m[Kmessage_filters::Subscriber<test_interfaces::msg::Test_<std::allocator<void> > >[m[K’ is not derived from ‘[01m[Kconst std::tuple<_Elements ...>[m[K’
[2.164s]    60 |    this->sync=make_shared<Sychronizer<test_interfaces::msg::Test,test_interfaces::msg::Test>>(myP,this->sub1,this->sub2[01;36m[K)[m[K;
[2.164s]       |                                                                                                                        [01;36m[K^[m[K
[2.164s] In file included from [01m[K/usr/include/c++/9/memory:80[m[K,
[2.164s]                  from [01m[K/ros2_test/AD_Middle_Test/ros2/src/simple_s/src/listener.cpp:1[m[K:
[2.164s] [01m[K/usr/include/c++/9/bits/unique_ptr.h:790:5:[m[K [01;36m[Knote: [m[Kcandidate: ‘[01m[Ktemplate<class _Tp, class _Dp, class _Up, class _Ep> bool std::operator>(const std::unique_ptr<_Tp, _Dp>&, const std::unique_ptr<_Up, _Ep>&)[m[K’
[2.181s]   790 |     [01;36m[Koperator[m[K>(const unique_ptr<_Tp, _Dp>& __x,
[2.181s]       |     [01;36m[K^~~~~~~~[m[K
[2.181s] [01m[K/usr/include/c++/9/bits/unique_ptr.h:790:5:[m[K [01;36m[Knote: [m[K  template argument deduction/substitution failed:
[2.181s] [01m[K/ros2_test/AD_Middle_Test/ros2/src/simple_s/src/listener.cpp:60:120:[m[K [01;36m[Knote: [m[K  ‘[01m[Kmessage_filters::Subscriber<test_interfaces::msg::Test_<std::allocator<void> > >[m[K’ is not derived from ‘[01m[Kconst std::unique_ptr<_Up, _Ep>[m[K’
[2.181s]    60 |    this->sync=make_shared<Sychronizer<test_interfaces::msg::Test,test_interfaces::msg::Test>>(myP,this->sub1,this->sub2[01;36m[K)[m[K;
[2.181s]       |                                                                                                                        [01;36m[K^[m[K
[2.181s] In file included from [01m[K/usr/include/c++/9/memory:80[m[K,
[2.182s]                  from [01m[K/ros2_test/AD_Middle_Test/ros2/src/simple_s/src/listener.cpp:1[m[K:
[2.182s] [01m[K/usr/include/c++/9/bits/unique_ptr.h:796:5:[m[K [01;36m[Knote: [m[Kcandidate: ‘[01m[Ktemplate<class _Tp, class _Dp> bool std::operator>(const std::unique_ptr<_Tp, _Dp>&, std::nullptr_t)[m[K’
[2.182s]   796 |     [01;36m[Koperator[m[K>(const unique_ptr<_Tp, _Dp>& __x, nullptr_t)
[2.182s]       |     [01;36m[K^~~~~~~~[m[K
[2.182s] [01m[K/usr/include/c++/9/bits/unique_ptr.h:796:5:[m[K [01;36m[Knote: [m[K  template argument deduction/substitution failed:
[2.182s] [01m[K/ros2_test/AD_Middle_Test/ros2/src/simple_s/src/listener.cpp:60:120:[m[K [01;36m[Knote: [m[K  couldn’t deduce template parameter ‘[01m[K_Tp[m[K’
[2.182s]    60 |    this->sync=make_shared<Sychronizer<test_interfaces::msg::Test,test_interfaces::msg::Test>>(myP,this->sub1,this->sub2[01;36m[K)[m[K;
[2.182s]       |                                                                                                                        [01;36m[K^[m[K
[2.183s] In file included from [01m[K/usr/include/c++/9/memory:80[m[K,
[2.183s]                  from [01m[K/ros2_test/AD_Middle_Test/ros2/src/simple_s/src/listener.cpp:1[m[K:
[2.183s] [01m[K/usr/include/c++/9/bits/unique_ptr.h:802:5:[m[K [01;36m[Knote: [m[Kcandidate: ‘[01m[Ktemplate<class _Tp, class _Dp> bool std::operator>(std::nullptr_t, const std::unique_ptr<_Tp, _Dp>&)[m[K’
[2.183s]   802 |     [01;36m[Koperator[m[K>(nullptr_t, const unique_ptr<_Tp, _Dp>& __x)
[2.183s]       |     [01;36m[K^~~~~~~~[m[K
[2.183s] [01m[K/usr/include/c++/9/bits/unique_ptr.h:802:5:[m[K [01;36m[Knote: [m[K  template argument deduction/substitution failed:
[2.183s] [01m[K/ros2_test/AD_Middle_Test/ros2/src/simple_s/src/listener.cpp:60:120:[m[K [01;36m[Knote: [m[K  ‘[01m[Kmessage_filters::Subscriber<test_interfaces::msg::Test_<std::allocator<void> > >[m[K’ is not derived from ‘[01m[Kconst std::unique_ptr<_Tp, _Dp>[m[K’
[2.184s]    60 |    this->sync=make_shared<Sychronizer<test_interfaces::msg::Test,test_interfaces::msg::Test>>(myP,this->sub1,this->sub2[01;36m[K)[m[K;
[2.184s]       |                                                                                                                        [01;36m[K^[m[K
[2.184s] In file included from [01m[K/usr/include/c++/9/bits/shared_ptr.h:52[m[K,
[2.184s]                  from [01m[K/usr/include/c++/9/memory:81[m[K,
[2.184s]                  from [01m[K/ros2_test/AD_Middle_Test/ros2/src/simple_s/src/listener.cpp:1[m[K:
[2.184s] [01m[K/usr/include/c++/9/bits/shared_ptr_base.h:1487:5:[m[K [01;36m[Knote: [m[Kcandidate: ‘[01m[Ktemplate<class _Tp1, class _Tp2, __gnu_cxx::_Lock_policy _Lp> bool std::operator>(const std::__shared_ptr<_Tp1, _Lp>&, const std::__shared_ptr<_Tp2, _Lp>&)[m[K’
[2.184s]  1487 |     [01;36m[Koperator[m[K>(const __shared_ptr<_Tp1, _Lp>& __a,
[2.184s]       |     [01;36m[K^~~~~~~~[m[K
[2.185s] [01m[K/usr/include/c++/9/bits/shared_ptr_base.h:1487:5:[m[K [01;36m[Knote: [m[K  template argument deduction/substitution failed:
[2.185s] [01m[K/ros2_test/AD_Middle_Test/ros2/src/simple_s/src/listener.cpp:60:120:[m[K [01;36m[Knote: [m[K  ‘[01m[Kmessage_filters::Subscriber<test_interfaces::msg::Test_<std::allocator<void> > >[m[K’ is not derived from ‘[01m[Kconst std::__shared_ptr<_Tp2, _Lp>[m[K’
[2.185s]    60 |    this->sync=make_shared<Sychronizer<test_interfaces::msg::Test,test_interfaces::msg::Test>>(myP,this->sub1,this->sub2[01;36m[K)[m[K;
[2.185s]       |                                                                                                                        [01;36m[K^[m[K
[2.185s] In file included from [01m[K/usr/include/c++/9/bits/shared_ptr.h:52[m[K,
[2.185s]                  from [01m[K/usr/include/c++/9/memory:81[m[K,
[2.185s]                  from [01m[K/ros2_test/AD_Middle_Test/ros2/src/simple_s/src/listener.cpp:1[m[K:
[2.186s] [01m[K/usr/include/c++/9/bits/shared_ptr_base.h:1493:5:[m[K [01;36m[Knote: [m[Kcandidate: ‘[01m[Ktemplate<class _Tp, __gnu_cxx::_Lock_policy _Lp> bool std::operator>(const std::__shared_ptr<_Tp, _Lp>&, std::nullptr_t)[m[K’
[2.186s]  1493 |     [01;36m[Koperator[m[K>(const __shared_ptr<_Tp, _Lp>& __a, nullptr_t) noexcept
[2.186s]       |     [01;36m[K^~~~~~~~[m[K
[2.186s] [01m[K/usr/include/c++/9/bits/shared_ptr_base.h:1493:5:[m[K [01;36m[Knote: [m[K  template argument deduction/substitution failed:
[2.186s] [01m[K/ros2_test/AD_Middle_Test/ros2/src/simple_s/src/listener.cpp:60:120:[m[K [01;36m[Knote: [m[K  couldn’t deduce template parameter ‘[01m[K_Tp[m[K’
[2.186s]    60 |    this->sync=make_shared<Sychronizer<test_interfaces::msg::Test,test_interfaces::msg::Test>>(myP,this->sub1,this->sub2[01;36m[K)[m[K;
[2.186s]       |                                                                                                                        [01;36m[K^[m[K
[2.187s] In file included from [01m[K/usr/include/c++/9/bits/shared_ptr.h:52[m[K,
[2.187s]                  from [01m[K/usr/include/c++/9/memory:81[m[K,
[2.187s]                  from [01m[K/ros2_test/AD_Middle_Test/ros2/src/simple_s/src/listener.cpp:1[m[K:
[2.187s] [01m[K/usr/include/c++/9/bits/shared_ptr_base.h:1498:5:[m[K [01;36m[Knote: [m[Kcandidate: ‘[01m[Ktemplate<class _Tp, __gnu_cxx::_Lock_policy _Lp> bool std::operator>(std::nullptr_t, const std::__shared_ptr<_Tp, _Lp>&)[m[K’
[2.187s]  1498 |     [01;36m[Koperator[m[K>(nullptr_t, const __shared_ptr<_Tp, _Lp>& __a) noexcept
[2.187s]       |     [01;36m[K^~~~~~~~[m[K
[2.187s] [01m[K/usr/include/c++/9/bits/shared_ptr_base.h:1498:5:[m[K [01;36m[Knote: [m[K  template argument deduction/substitution failed:
[2.187s] [01m[K/ros2_test/AD_Middle_Test/ros2/src/simple_s/src/listener.cpp:60:120:[m[K [01;36m[Knote: [m[K  ‘[01m[Kmessage_filters::Subscriber<test_interfaces::msg::Test_<std::allocator<void> > >[m[K’ is not derived from ‘[01m[Kconst std::__shared_ptr<_Tp, _Lp>[m[K’
[2.188s]    60 |    this->sync=make_shared<Sychronizer<test_interfaces::msg::Test,test_interfaces::msg::Test>>(myP,this->sub1,this->sub2[01;36m[K)[m[K;
[2.188s]       |                                                                                                                        [01;36m[K^[m[K
[2.188s] In file included from [01m[K/usr/include/c++/9/memory:81[m[K,
[2.188s]                  from [01m[K/ros2_test/AD_Middle_Test/ros2/src/simple_s/src/listener.cpp:1[m[K:
[2.188s] [01m[K/usr/include/c++/9/bits/shared_ptr.h:454:5:[m[K [01;36m[Knote: [m[Kcandidate: ‘[01m[Ktemplate<class _Tp, class _Up> bool std::operator>(const std::shared_ptr<_Tp>&, const std::shared_ptr<_Tp>&)[m[K’
[2.188s]   454 |     [01;36m[Koperator[m[K>(const shared_ptr<_Tp>& __a, const shared_ptr<_Up>& __b) noexcept
[2.188s]       |     [01;36m[K^~~~~~~~[m[K
[2.189s] [01m[K/usr/include/c++/9/bits/shared_ptr.h:454:5:[m[K [01;36m[Knote: [m[K  template argument deduction/substitution failed:
[2.189s] [01m[K/ros2_test/AD_Middle_Test/ros2/src/simple_s/src/listener.cpp:60:120:[m[K [01;36m[Knote: [m[K  ‘[01m[Kmessage_filters::Subscriber<test_interfaces::msg::Test_<std::allocator<void> > >[m[K’ is not derived from ‘[01m[Kconst std::shared_ptr<_Tp>[m[K’
[2.189s]    60 |    this->sync=make_shared<Sychronizer<test_interfaces::msg::Test,test_interfaces::msg::Test>>(myP,this->sub1,this->sub2[01;36m[K)[m[K;
[2.189s]       |                                                                                                                        [01;36m[K^[m[K
[2.189s] In file included from [01m[K/usr/include/c++/9/memory:81[m[K,
[2.189s]                  from [01m[K/ros2_test/AD_Middle_Test/ros2/src/simple_s/src/listener.cpp:1[m[K:
[2.189s] [01m[K/usr/include/c++/9/bits/shared_ptr.h:459:5:[m[K [01;36m[Knote: [m[Kcandidate: ‘[01m[Ktemplate<class _Tp> bool std::operator>(const std::shared_ptr<_Tp>&, std::nullptr_t)[m[K’
[2.189s]   459 |     [01;36m[Koperator[m[K>(const shared_ptr<_Tp>& __a, nullptr_t) noexcept
[2.190s]       |     [01;36m[K^~~~~~~~[m[K
[2.190s] [01m[K/usr/include/c++/9/bits/shared_ptr.h:459:5:[m[K [01;36m[Knote: [m[K  template argument deduction/substitution failed:
[2.190s] [01m[K/ros2_test/AD_Middle_Test/ros2/src/simple_s/src/listener.cpp:60:120:[m[K [01;36m[Knote: [m[K  couldn’t deduce template parameter ‘[01m[K_Tp[m[K’
[2.190s]    60 |    this->sync=make_shared<Sychronizer<test_interfaces::msg::Test,test_interfaces::msg::Test>>(myP,this->sub1,this->sub2[01;36m[K)[m[K;
[2.190s]       |                                                                                                                        [01;36m[K^[m[K
[2.190s] In file included from [01m[K/usr/include/c++/9/memory:81[m[K,
[2.190s]                  from [01m[K/ros2_test/AD_Middle_Test/ros2/src/simple_s/src/listener.cpp:1[m[K:
[2.191s] [01m[K/usr/include/c++/9/bits/shared_ptr.h:464:5:[m[K [01;36m[Knote: [m[Kcandidate: ‘[01m[Ktemplate<class _Tp> bool std::operator>(std::nullptr_t, const std::shared_ptr<_Tp>&)[m[K’
[2.191s]   464 |     [01;36m[Koperator[m[K>(nullptr_t, const shared_ptr<_Tp>& __a) noexcept
[2.191s]       |     [01;36m[K^~~~~~~~[m[K
[2.191s] [01m[K/usr/include/c++/9/bits/shared_ptr.h:464:5:[m[K [01;36m[Knote: [m[K  template argument deduction/substitution failed:
[2.191s] [01m[K/ros2_test/AD_Middle_Test/ros2/src/simple_s/src/listener.cpp:60:120:[m[K [01;36m[Knote: [m[K  ‘[01m[Kmessage_filters::Subscriber<test_interfaces::msg::Test_<std::allocator<void> > >[m[K’ is not derived from ‘[01m[Kconst std::shared_ptr<_Tp>[m[K’
[2.191s]    60 |    this->sync=make_shared<Sychronizer<test_interfaces::msg::Test,test_interfaces::msg::Test>>(myP,this->sub1,this->sub2[01;36m[K)[m[K;
[2.191s]       |                                                                                                                        [01;36m[K^[m[K
[2.191s] In file included from [01m[K/usr/include/c++/9/vector:67[m[K,
[2.192s]                  from [01m[K/ros2_test/AD_Middle_Test/ros2/src/simple_s/src/listener.cpp:2[m[K:
[2.192s] [01m[K/usr/include/c++/9/bits/stl_vector.h:1918:5:[m[K [01;36m[Knote: [m[Kcandidate: ‘[01m[Ktemplate<class _Tp, class _Alloc> bool std::operator>(const std::vector<_Tp, _Alloc>&, const std::vector<_Tp, _Alloc>&)[m[K’
[2.192s]  1918 |     [01;36m[Koperator[m[K>(const vector<_Tp, _Alloc>& __x, const vector<_Tp, _Alloc>& __y)
[2.192s]       |     [01;36m[K^~~~~~~~[m[K
[2.192s] [01m[K/usr/include/c++/9/bits/stl_vector.h:1918:5:[m[K [01;36m[Knote: [m[K  template argument deduction/substitution failed:
[2.192s] [01m[K/ros2_test/AD_Middle_Test/ros2/src/simple_s/src/listener.cpp:60:120:[m[K [01;36m[Knote: [m[K  ‘[01m[Kmessage_filters::Subscriber<test_interfaces::msg::Test_<std::allocator<void> > >[m[K’ is not derived from ‘[01m[Kconst std::vector<_Tp, _Alloc>[m[K’
[2.192s]    60 |    this->sync=make_shared<Sychronizer<test_interfaces::msg::Test,test_interfaces::msg::Test>>(myP,this->sub1,this->sub2[01;36m[K)[m[K;
[2.193s]       |                                                                                                                        [01;36m[K^[m[K
[2.198s] In file included from [01m[K/usr/include/c++/9/future:39[m[K,
[2.198s]                  from [01m[K/opt/ros/foxy/include/rclcpp/executors.hpp:18[m[K,
[2.198s]                  from [01m[K/opt/ros/foxy/include/rclcpp/rclcpp.hpp:145[m[K,
[2.198s]                  from [01m[K/opt/ros/foxy/include/message_filters/subscriber.h:38[m[K,
[2.199s]                  from [01m[K/ros2_test/AD_Middle_Test/ros2/src/simple_s/src/listener.cpp:5[m[K:
[2.199s] [01m[K/usr/include/c++/9/thread:302:3:[m[K [01;36m[Knote: [m[Kcandidate: ‘[01m[Kbool std::operator>(std::thread::id, std::thread::id)[m[K’
[2.199s]   302 |   [01;36m[Koperator[m[K>(thread::id __x, thread::id __y) noexcept
[2.199s]       |   [01;36m[K^~~~~~~~[m[K
[2.199s] [01m[K/usr/include/c++/9/thread:302:24:[m[K [01;36m[Knote: [m[K  no known conversion for argument 1 from ‘[01m[K<unresolved overloaded function type>[m[K’ to ‘[01m[Kstd::thread::id[m[K’
[2.199s]   302 |   operator>([01;36m[Kthread::id __x[m[K, thread::id __y) noexcept
[2.199s]       |             [01;36m[K~~~~~~~~~~~^~~[m[K
[2.200s] In file included from [01m[K/usr/include/c++/9/set:61[m[K,
[2.200s]                  from [01m[K/opt/ros/foxy/include/rclcpp/executors/multi_threaded_executor.hpp:21[m[K,
[2.200s]                  from [01m[K/opt/ros/foxy/include/rclcpp/executors.hpp:21[m[K,
[2.200s]                  from [01m[K/opt/ros/foxy/include/rclcpp/rclcpp.hpp:145[m[K,
[2.200s]                  from [01m[K/opt/ros/foxy/include/message_filters/subscriber.h:38[m[K,
[2.200s]                  from [01m[K/ros2_test/AD_Middle_Test/ros2/src/simple_s/src/listener.cpp:5[m[K:
[2.200s] [01m[K/usr/include/c++/9/bits/stl_set.h:1010:5:[m[K [01;36m[Knote: [m[Kcandidate: ‘[01m[Ktemplate<class _Key, class _Compare, class _Alloc> bool std::operator>(const std::set<_Key, _Compare, _Alloc>&, const std::set<_Key, _Compare, _Alloc>&)[m[K’
[2.200s]  1010 |     [01;36m[Koperator[m[K>(const set<_Key, _Compare, _Alloc>& __x,
[2.201s]       |     [01;36m[K^~~~~~~~[m[K
[2.201s] [01m[K/usr/include/c++/9/bits/stl_set.h:1010:5:[m[K [01;36m[Knote: [m[K  template argument deduction/substitution failed:
[2.201s] [01m[K/ros2_test/AD_Middle_Test/ros2/src/simple_s/src/listener.cpp:60:120:[m[K [01;36m[Knote: [m[K  ‘[01m[Kmessage_filters::Subscriber<test_interfaces::msg::Test_<std::allocator<void> > >[m[K’ is not derived from ‘[01m[Kconst std::set<_Key, _Compare, _Alloc>[m[K’
[2.201s]    60 |    this->sync=make_shared<Sychronizer<test_interfaces::msg::Test,test_interfaces::msg::Test>>(myP,this->sub1,this->sub2[01;36m[K)[m[K;
[2.201s]       |                                                                                                                        [01;36m[K^[m[K
[2.201s] In file included from [01m[K/usr/include/c++/9/set:62[m[K,
[2.202s]                  from [01m[K/opt/ros/foxy/include/rclcpp/executors/multi_threaded_executor.hpp:21[m[K,
[2.202s]                  from [01m[K/opt/ros/foxy/include/rclcpp/executors.hpp:21[m[K,
[2.202s]                  from [01m[K/opt/ros/foxy/include/rclcpp/rclcpp.hpp:145[m[K,
[2.202s]                  from [01m[K/opt/ros/foxy/include/message_filters/subscriber.h:38[m[K,
[2.202s]                  from [01m[K/ros2_test/AD_Middle_Test/ros2/src/simple_s/src/listener.cpp:5[m[K:
[2.202s] [01m[K/usr/include/c++/9/bits/stl_multiset.h:995:5:[m[K [01;36m[Knote: [m[Kcandidate: ‘[01m[Ktemplate<class _Key, class _Compare, class _Alloc> bool std::operator>(const std::multiset<_Key, _Compare, _Alloc>&, const std::multiset<_Key, _Compare, _Alloc>&)[m[K’
[2.202s]   995 |     [01;36m[Koperator[m[K>(const multiset<_Key,_Compare,_Alloc>& __x,
[2.203s]       |     [01;36m[K^~~~~~~~[m[K
[2.203s] [01m[K/usr/include/c++/9/bits/stl_multiset.h:995:5:[m[K [01;36m[Knote: [m[K  template argument deduction/substitution failed:
[2.203s] [01m[K/ros2_test/AD_Middle_Test/ros2/src/simple_s/src/listener.cpp:60:120:[m[K [01;36m[Knote: [m[K  ‘[01m[Kmessage_filters::Subscriber<test_interfaces::msg::Test_<std::allocator<void> > >[m[K’ is not derived from ‘[01m[Kconst std::multiset<_Key, _Compare, _Alloc>[m[K’
[2.203s]    60 |    this->sync=make_shared<Sychronizer<test_interfaces::msg::Test,test_interfaces::msg::Test>>(myP,this->sub1,this->sub2[01;36m[K)[m[K;
[2.203s]       |                                                                                                                        [01;36m[K^[m[K
[2.203s] In file included from [01m[K/usr/include/c++/9/list:63[m[K,
[2.203s]                  from [01m[K/opt/ros/foxy/include/rclcpp/executor.hpp:23[m[K,
[2.203s]                  from [01m[K/opt/ros/foxy/include/rclcpp/executors/multi_threaded_executor.hpp:25[m[K,
[2.204s]                  from [01m[K/opt/ros/foxy/include/rclcpp/executors.hpp:21[m[K,
[2.204s]                  from [01m[K/opt/ros/foxy/include/rclcpp/rclcpp.hpp:145[m[K,
[2.204s]                  from [01m[K/opt/ros/foxy/include/message_filters/subscriber.h:38[m[K,
[2.204s]                  from [01m[K/ros2_test/AD_Middle_Test/ros2/src/simple_s/src/listener.cpp:5[m[K:
[2.204s] [01m[K/usr/include/c++/9/bits/stl_list.h:2038:5:[m[K [01;36m[Knote: [m[Kcandidate: ‘[01m[Ktemplate<class _Tp, class _Alloc> bool std::operator>(const std::__cxx11::list<_Tp, _Alloc>&, const std::__cxx11::list<_Tp, _Alloc>&)[m[K’
[2.204s]  2038 |     [01;36m[Koperator[m[K>(const list<_Tp, _Alloc>& __x, const list<_Tp, _Alloc>& __y)
[2.204s]       |     [01;36m[K^~~~~~~~[m[K
[2.205s] [01m[K/usr/include/c++/9/bits/stl_list.h:2038:5:[m[K [01;36m[Knote: [m[K  template argument deduction/substitution failed:
[2.205s] [01m[K/ros2_test/AD_Middle_Test/ros2/src/simple_s/src/listener.cpp:60:120:[m[K [01;36m[Knote: [m[K  ‘[01m[Kmessage_filters::Subscriber<test_interfaces::msg::Test_<std::allocator<void> > >[m[K’ is not derived from ‘[01m[Kconst std::__cxx11::list<_Tp, _Alloc>[m[K’
[2.205s]    60 |    this->sync=make_shared<Sychronizer<test_interfaces::msg::Test,test_interfaces::msg::Test>>(myP,this->sub1,this->sub2[01;36m[K)[m[K;
[2.205s]       |                                                                                                                        [01;36m[K^[m[K
[2.205s] In file included from [01m[K/usr/include/c++/9/map:61[m[K,
[2.205s]                  from [01m[K/opt/ros/foxy/include/rclcpp/client.hpp:20[m[K,
[2.205s]                  from [01m[K/opt/ros/foxy/include/rclcpp/callback_group.hpp:23[m[K,
[2.205s]                  from [01m[K/opt/ros/foxy/include/rclcpp/any_executable.hpp:20[m[K,
[2.206s]                  from [01m[K/opt/ros/foxy/include/rclcpp/memory_strategy.hpp:24[m[K,
[2.206s]                  from [01m[K/opt/ros/foxy/include/rclcpp/memory_strategies.hpp:18[m[K,
[2.206s]                  from [01m[K/opt/ros/foxy/include/rclcpp/executor.hpp:33[m[K,
[2.206s]                  from [01m[K/opt/ros/foxy/include/rclcpp/executors/multi_threaded_executor.hpp:25[m[K,
[2.206s]                  from [01m[K/opt/ros/foxy/include/rclcpp/executors.hpp:21[m[K,
[2.206s]                  from [01m[K/opt/ros/foxy/include/rclcpp/rclcpp.hpp:145[m[K,
[2.206s]                  from [01m[K/opt/ros/foxy/include/message_filters/subscriber.h:38[m[K,
[2.207s]                  from [01m[K/ros2_test/AD_Middle_Test/ros2/src/simple_s/src/listener.cpp:5[m[K:
[2.207s] [01m[K/usr/include/c++/9/bits/stl_map.h:1486:5:[m[K [01;36m[Knote: [m[Kcandidate: ‘[01m[Ktemplate<class _Key, class _Tp, class _Compare, class _Alloc> bool std::operator>(const std::map<_Key, _Tp, _Compare, _Alloc>&, const std::map<_Key, _Tp, _Compare, _Alloc>&)[m[K’
[2.207s]  1486 |     [01;36m[Koperator[m[K>(const map<_Key, _Tp, _Compare, _Alloc>& __x,
[2.207s]       |     [01;36m[K^~~~~~~~[m[K
[2.207s] [01m[K/usr/include/c++/9/bits/stl_map.h:1486:5:[m[K [01;36m[Knote: [m[K  template argument deduction/substitution failed:
[2.207s] [01m[K/ros2_test/AD_Middle_Test/ros2/src/simple_s/src/listener.cpp:60:120:[m[K [01;36m[Knote: [m[K  ‘[01m[Kmessage_filters::Subscriber<test_interfaces::msg::Test_<std::allocator<void> > >[m[K’ is not derived from ‘[01m[Kconst std::map<_Key, _Tp, _Compare, _Alloc>[m[K’
[2.207s]    60 |    this->sync=make_shared<Sychronizer<test_interfaces::msg::Test,test_interfaces::msg::Test>>(myP,this->sub1,this->sub2[01;36m[K)[m[K;
[2.207s]       |                                                                                                                        [01;36m[K^[m[K
[2.208s] In file included from [01m[K/usr/include/c++/9/map:62[m[K,
[2.208s]                  from [01m[K/opt/ros/foxy/include/rclcpp/client.hpp:20[m[K,
[2.208s]                  from [01m[K/opt/ros/foxy/include/rclcpp/callback_group.hpp:23[m[K,
[2.208s]                  from [01m[K/opt/ros/foxy/include/rclcpp/any_executable.hpp:20[m[K,
[2.208s]                  from [01m[K/opt/ros/foxy/include/rclcpp/memory_strategy.hpp:24[m[K,
[2.208s]                  from [01m[K/opt/ros/foxy/include/rclcpp/memory_strategies.hpp:18[m[K,
[2.208s]                  from [01m[K/opt/ros/foxy/include/rclcpp/executor.hpp:33[m[K,
[2.209s]                  from [01m[K/opt/ros/foxy/include/rclcpp/executors/multi_threaded_executor.hpp:25[m[K,
[2.209s]                  from [01m[K/opt/ros/foxy/include/rclcpp/executors.hpp:21[m[K,
[2.209s]                  from [01m[K/opt/ros/foxy/include/rclcpp/rclcpp.hpp:145[m[K,
[2.209s]                  from [01m[K/opt/ros/foxy/include/message_filters/subscriber.h:38[m[K,
[2.209s]                  from [01m[K/ros2_test/AD_Middle_Test/ros2/src/simple_s/src/listener.cpp:5[m[K:
[2.209s] [01m[K/usr/include/c++/9/bits/stl_multimap.h:1150:5:[m[K [01;36m[Knote: [m[Kcandidate: ‘[01m[Ktemplate<class _Key, class _Tp, class _Compare, class _Alloc> bool std::operator>(const std::multimap<_Key, _Tp, _Compare, _Alloc>&, const std::multimap<_Key, _Tp, _Compare, _Alloc>&)[m[K’
[2.209s]  1150 |     [01;36m[Koperator[m[K>(const multimap<_Key, _Tp, _Compare, _Alloc>& __x,
[2.210s]       |     [01;36m[K^~~~~~~~[m[K
[2.210s] [01m[K/usr/include/c++/9/bits/stl_multimap.h:1150:5:[m[K [01;36m[Knote: [m[K  template argument deduction/substitution failed:
[2.210s] [01m[K/ros2_test/AD_Middle_Test/ros2/src/simple_s/src/listener.cpp:60:120:[m[K [01;36m[Knote: [m[K  ‘[01m[Kmessage_filters::Subscriber<test_interfaces::msg::Test_<std::allocator<void> > >[m[K’ is not derived from ‘[01m[Kconst std::multimap<_Key, _Tp, _Compare, _Alloc>[m[K’
[2.210s]    60 |    this->sync=make_shared<Sychronizer<test_interfaces::msg::Test,test_interfaces::msg::Test>>(myP,this->sub1,this->sub2[01;36m[K)[m[K;
[2.210s]       |                                                                                                                        [01;36m[K^[m[K
[2.210s] In file included from [01m[K/usr/include/c++/9/deque:67[m[K,
[2.210s]                  from [01m[K/opt/ros/foxy/include/message_filters/synchronizer.h:38[m[K,
[2.210s]                  from [01m[K/ros2_test/AD_Middle_Test/ros2/src/simple_s/src/listener.cpp:6[m[K:
[2.211s] [01m[K/usr/include/c++/9/bits/stl_deque.h:327:5:[m[K [01;36m[Knote: [m[Kcandidate: ‘[01m[Ktemplate<class _Tp, class _Ref, class _Ptr> bool std::operator>(const std::_Deque_iterator<_Tp, _Ref, _Ptr>&, const std::_Deque_iterator<_Tp, _Ref, _Ptr>&)[m[K’
[2.211s]   327 |     [01;36m[Koperator[m[K>(const _Deque_iterator<_Tp, _Ref, _Ptr>& __x,
[2.211s]       |     [01;36m[K^~~~~~~~[m[K
[2.211s] [01m[K/usr/include/c++/9/bits/stl_deque.h:327:5:[m[K [01;36m[Knote: [m[K  template argument deduction/substitution failed:
[2.211s] [01m[K/ros2_test/AD_Middle_Test/ros2/src/simple_s/src/listener.cpp:60:120:[m[K [01;36m[Knote: [m[K  ‘[01m[Kmessage_filters::Subscriber<test_interfaces::msg::Test_<std::allocator<void> > >[m[K’ is not derived from ‘[01m[Kconst std::_Deque_iterator<_Tp, _Ref, _Ptr>[m[K’
[2.211s]    60 |    this->sync=make_shared<Sychronizer<test_interfaces::msg::Test,test_interfaces::msg::Test>>(myP,this->sub1,this->sub2[01;36m[K)[m[K;
[2.211s]       |                                                                                                                        [01;36m[K^[m[K
[2.212s] In file included from [01m[K/usr/include/c++/9/deque:67[m[K,
[2.212s]                  from [01m[K/opt/ros/foxy/include/message_filters/synchronizer.h:38[m[K,
[2.212s]                  from [01m[K/ros2_test/AD_Middle_Test/ros2/src/simple_s/src/listener.cpp:6[m[K:
[2.212s] [01m[K/usr/include/c++/9/bits/stl_deque.h:334:5:[m[K [01;36m[Knote: [m[Kcandidate: ‘[01m[Ktemplate<class _Tp, class _RefL, class _PtrL, class _RefR, class _PtrR> bool std::operator>(const std::_Deque_iterator<_Tp, _Ref, _Ptr>&, const std::_Deque_iterator<_Tp, _RefR, _PtrR>&)[m[K’
[2.212s]   334 |     [01;36m[Koperator[m[K>(const _Deque_iterator<_Tp, _RefL, _PtrL>& __x,
[2.212s]       |     [01;36m[K^~~~~~~~[m[K
[2.212s] [01m[K/usr/include/c++/9/bits/stl_deque.h:334:5:[m[K [01;36m[Knote: [m[K  template argument deduction/substitution failed:
[2.212s] [01m[K/ros2_test/AD_Middle_Test/ros2/src/simple_s/src/listener.cpp:60:120:[m[K [01;36m[Knote: [m[K  ‘[01m[Kmessage_filters::Subscriber<test_interfaces::msg::Test_<std::allocator<void> > >[m[K’ is not derived from ‘[01m[Kconst std::_Deque_iterator<_Tp, _RefR, _PtrR>[m[K’
[2.213s]    60 |    this->sync=make_shared<Sychronizer<test_interfaces::msg::Test,test_interfaces::msg::Test>>(myP,this->sub1,this->sub2[01;36m[K)[m[K;
[2.229s]       |                                                                                                                        [01;36m[K^[m[K
[2.229s] In file included from [01m[K/usr/include/c++/9/deque:67[m[K,
[2.229s]                  from [01m[K/opt/ros/foxy/include/message_filters/synchronizer.h:38[m[K,
[2.229s]                  from [01m[K/ros2_test/AD_Middle_Test/ros2/src/simple_s/src/listener.cpp:6[m[K:
[2.229s] [01m[K/usr/include/c++/9/bits/stl_deque.h:2345:5:[m[K [01;36m[Knote: [m[Kcandidate: ‘[01m[Ktemplate<class _Tp, class _Alloc> bool std::operator>(const std::deque<_Tp, _Alloc>&, const std::deque<_Tp, _Alloc>&)[m[K’
[2.230s]  2345 |     [01;36m[Koperator[m[K>(const deque<_Tp, _Alloc>& __x,
[2.230s]       |     [01;36m[K^~~~~~~~[m[K
[2.230s] [01m[K/usr/include/c++/9/bits/stl_deque.h:2345:5:[m[K [01;36m[Knote: [m[K  template argument deduction/substitution failed:
[2.230s] [01m[K/ros2_test/AD_Middle_Test/ros2/src/simple_s/src/listener.cpp:60:120:[m[K [01;36m[Knote: [m[K  ‘[01m[Kmessage_filters::Subscriber<test_interfaces::msg::Test_<std::allocator<void> > >[m[K’ is not derived from ‘[01m[Kconst std::deque<_Tp, _Alloc>[m[K’
[2.230s]    60 |    this->sync=make_shared<Sychronizer<test_interfaces::msg::Test,test_interfaces::msg::Test>>(myP,this->sub1,this->sub2[01;36m[K)[m[K;
[2.230s]       |                                                                                                                        [01;36m[K^[m[K
[2.230s] In file included from [01m[K/opt/ros/foxy/include/rclcpp/context.hpp:19[m[K,
[2.230s]                  from [01m[K/opt/ros/foxy/include/rclcpp/contexts/default_context.hpp:18[m[K,
[2.231s]                  from [01m[K/opt/ros/foxy/include/rclcpp/executor.hpp:32[m[K,
[2.231s]                  from [01m[K/opt/ros/foxy/include/rclcpp/executors/multi_threaded_executor.hpp:25[m[K,
[2.231s]                  from [01m[K/opt/ros/foxy/include/rclcpp/executors.hpp:21[m[K,
[2.231s]                  from [01m[K/opt/ros/foxy/include/rclcpp/rclcpp.hpp:145[m[K,
[2.231s]                  from [01m[K/opt/ros/foxy/include/message_filters/subscriber.h:38[m[K,
[2.231s]                  from [01m[K/ros2_test/AD_Middle_Test/ros2/src/simple_s/src/listener.cpp:5[m[K:
[2.231s] /usr/include/c++/9/functional: In instantiation of ‘[01m[Kstruct std::_Bind_check_arity<void (MinimalSubscriber::*)(const std::shared_ptr<test_interfaces::msg::Test_<std::allocator<void> > >&, const std::shared_ptr<test_interfaces::msg::Test_<std::allocator<void> > >&), const std::_Placeholder<1>&, const std::_Placeholder<2>&>[m[K’:
[2.232s] [01m[K/usr/include/c++/9/functional:787:12:[m[K   required from ‘[01m[Kstruct std::_Bind_helper<false, void (MinimalSubscriber::*)(const std::shared_ptr<test_interfaces::msg::Test_<std::allocator<void> > >&, const std::shared_ptr<test_interfaces::msg::Test_<std::allocator<void> > >&), const std::_Placeholder<1>&, const std::_Placeholder<2>&>[m[K’
[2.232s] [01m[K/usr/include/c++/9/functional:808:5:[m[K   required by substitution of ‘[01m[Ktemplate<class _Func, class ... _BoundArgs> typename std::_Bind_helper<std::__is_socketlike<_Func>::value, _Func, _BoundArgs ...>::type std::bind(_Func&&, _BoundArgs&& ...) [with _Func = void (MinimalSubscriber::*)(const std::shared_ptr<test_interfaces::msg::Test_<std::allocator<void> > >&, const std::shared_ptr<test_interfaces::msg::Test_<std::allocator<void> > >&); _BoundArgs = {const std::_Placeholder<1>&, const std::_Placeholder<2>&}][m[K’
[2.232s] [01m[K/ros2_test/AD_Middle_Test/ros2/src/simple_s/src/listener.cpp:61:84:[m[K   required from here
[2.232s] [01m[K/usr/include/c++/9/functional:775:7:[m[K [01;31m[Kerror: [m[Kstatic assertion failed: Wrong number of arguments for pointer-to-member
[2.232s]   774 |       static_assert(_Varargs::[01;31m[Kvalue[m[K
[2.232s]       |                               [01;31m[K~~~~~[m[K
[2.232s]   775 | [01;31m[K      ? sizeof...(_BoundArgs) >= _Arity::value + 1[m[K
[2.232s]       |       [01;31m[K^~~~~~~~~~~~~~~~~~~~~~~~~~~~~~~~~~~~~~~~~~~~[m[K
[2.233s]   776 | [01;31m[K      : sizeof...(_BoundArgs) == _Arity::value + 1[m[K,
[2.233s]       |       [01;31m[K~~~~~~~~~~~~~~~~~~~~~~~~~~~~~~~~~~~~~~~~~~~~[m[K
[2.549s] In file included from [01m[K/opt/ros/foxy/include/message_filters/synchronizer.h:47[m[K,
[2.549s]                  from [01m[K/ros2_test/AD_Middle_Test/ros2/src/simple_s/src/listener.cpp:6[m[K:
[2.550s] /opt/ros/foxy/include/message_filters/signal9.h: In instantiation of ‘[01m[Kmessage_filters::Connection message_filters::Signal9<M0, M1, M2, M3, M4, M5, M6, M7, M8>::addCallback(C&) [with C = const std::_Bind<void (MinimalSubscriber::*(std::_Placeholder<1>, std::_Placeholder<2>))(const std::shared_ptr<test_interfaces::msg::Test_<std::allocator<void> > >&, const std::shared_ptr<test_interfaces::msg::Test_<std::allocator<void> > >&)>; M0 = test_interfaces::msg::Test_<std::allocator<void> >; M1 = test_interfaces::msg::Test_<std::allocator<void> >; M2 = message_filters::NullType; M3 = message_filters::NullType; M4 = message_filters::NullType; M5 = message_filters::NullType; M6 = message_filters::NullType; M7 = message_filters::NullType; M8 = message_filters::NullType][m[K’:
[2.550s] [01m[K/opt/ros/foxy/include/message_filters/synchronizer.h:298:40:[m[K   required from ‘[01m[Kmessage_filters::Connection message_filters::Synchronizer<Policy>::registerCallback(const C&) [with C = std::_Bind<void (MinimalSubscriber::*(std::_Placeholder<1>, std::_Placeholder<2>))(const std::shared_ptr<test_interfaces::msg::Test_<std::allocator<void> > >&, const std::shared_ptr<test_interfaces::msg::Test_<std::allocator<void> > >&)>; Policy = message_filters::sync_policies::ApproximateTime<test_interfaces::msg::Test_<std::allocator<void> >, test_interfaces::msg::Test_<std::allocator<void> > >][m[K’
[2.550s] [01m[K/ros2_test/AD_Middle_Test/ros2/src/simple_s/src/listener.cpp:61:85:[m[K   required from here
[2.550s] [01m[K/opt/ros/foxy/include/message_filters/signal9.h:280:267:[m[K [01;31m[Kerror: [m[Kno matching function for call to ‘[01m[Kmessage_filters::Signal9<test_interfaces::msg::Test_<std::allocator<void> >, test_interfaces::msg::Test_<std::allocator<void> >, message_filters::NullType, message_filters::NullType, message_filters::NullType, message_filters::NullType, message_filters::NullType, message_filters::NullType, message_filters::NullType>::addCallback<const M0ConstPtr&, const M1ConstPtr&, const M2ConstPtr&, const M3ConstPtr&, const M4ConstPtr&, const M5ConstPtr&, const M6ConstPtr&, const M7ConstPtr&, const M8ConstPtr&>(std::_Bind_helper<false, const std::_Bind<void (MinimalSubscriber::*(std::_Placeholder<1>, std::_Placeholder<2>))(const std::shared_ptr<test_interfaces::msg::Test_<std::allocator<void> > >&, const std::shared_ptr<test_interfaces::msg::Test_<std::allocator<void> > >&)>&, const std::_Placeholder<1>&, const std::_Placeholder<2>&, const std::_Placeholder<3>&, const std::_Placeholder<4>&, const std::_Placeholder<5>&, const std::_Placeholder<6>&, const std::_Placeholder<7>&, const std::_Placeholder<8>&, const std::_Placeholder<9>&>::type)[m[K’
[2.550s]   280 |                      const M8ConstPtr&>(std::bind(callback, std::placeholders::_1, std::placeholders::_2, std::placeholders::_3, std::placeholders::_4, std::placeholders::_5, std::placeholders::_6, std::placeholders::_7, std::placeholders::_8, std::placeholders::_9)[01;31m[K)[m[K;
[2.551s]       |                                                                                                                                                                                                                                                                           [01;31m[K^[m[K
[2.551s] In file included from [01m[K/opt/ros/foxy/include/message_filters/synchronizer.h:47[m[K,
[2.551s]                  from [01m[K/ros2_test/AD_Middle_Test/ros2/src/simple_s/src/listener.cpp:6[m[K:
[2.551s] [01m[K/opt/ros/foxy/include/message_filters/signal9.h:170:14:[m[K [01;36m[Knote: [m[Kcandidate: ‘[01m[Kmessage_filters::Connection message_filters::Signal9<M0, M1, M2, M3, M4, M5, M6, M7, M8>::addCallback(const std::function<void(P0, P1, P2, P3, P4, P5, P6, P7, P8)>&) [with P0 = const std::shared_ptr<const test_interfaces::msg::Test_<std::allocator<void> > >&; P1 = const std::shared_ptr<const test_interfaces::msg::Test_<std::allocator<void> > >&; P2 = const std::shared_ptr<const message_filters::NullType>&; P3 = const std::shared_ptr<const message_filters::NullType>&; P4 = const std::shared_ptr<const message_filters::NullType>&; P5 = const std::shared_ptr<const message_filters::NullType>&; P6 = const std::shared_ptr<const message_filters::NullType>&; P7 = const std::shared_ptr<const message_filters::NullType>&; P8 = const std::shared_ptr<const message_filters::NullType>&; M0 = test_interfaces::msg::Test_<std::allocator<void> >; M1 = test_interfaces::msg::Test_<std::allocator<void> >; M2 = message_filters::NullType; M3 = message_filters::NullType; M4 = message_filters::NullType; M5 = message_filters::NullType; M6 = message_filters::NullType; M7 = message_filters::NullType; M8 = message_filters::NullType][m[K’
[2.552s]   170 |   Connection [01;36m[KaddCallback[m[K(const std::function<void(P0, P1, P2, P3, P4, P5, P6, P7, P8)>& callback)
[2.552s]       |              [01;36m[K^~~~~~~~~~~[m[K
[2.552s] [01m[K/opt/ros/foxy/include/message_filters/signal9.h:170:89:[m[K [01;36m[Knote: [m[K  no known conversion for argument 1 from ‘[01m[Kstd::_Bind_helper<false, const std::_Bind<void (MinimalSubscriber::*(std::_Placeholder<1>, std::_Placeholder<2>))(const std::shared_ptr<test_interfaces::msg::Test_<std::allocator<void> > >&, const std::shared_ptr<test_interfaces::msg::Test_<std::allocator<void> > >&)>&, const std::_Placeholder<1>&, const std::_Placeholder<2>&, const std::_Placeholder<3>&, const std::_Placeholder<4>&, const std::_Placeholder<5>&, const std::_Placeholder<6>&, const std::_Placeholder<7>&, const std::_Placeholder<8>&, const std::_Placeholder<9>&>::type[m[K’ {aka ‘[01m[Kstd::_Bind<std::_Bind<void (MinimalSubscriber::*(std::_Placeholder<1>, std::_Placeholder<2>))(const std::shared_ptr<test_interfaces::msg::Test_<std::allocator<void> > >&, const std::shared_ptr<test_interfaces::msg::Test_<std::allocator<void> > >&)>(std::_Placeholder<1>, std::_Placeholder<2>, std::_Placeholder<3>, std::_Placeholder<4>, std::_Placeholder<5>, std::_Placeholder<6>, std::_Placeholder<7>, std::_Placeholder<8>, std::_Placeholder<9>)>[m[K’} to ‘[01m[Kconst std::function<void(const std::shared_ptr<const test_interfaces::msg::Test_<std::allocator<void> > >&, const std::shared_ptr<const test_interfaces::msg::Test_<std::allocator<void> > >&, const std::shared_ptr<const message_filters::NullType>&, const std::shared_ptr<const message_filters::NullType>&, const std::shared_ptr<const message_filters::NullType>&, const std::shared_ptr<const message_filters::NullType>&, const std::shared_ptr<const message_filters::NullType>&, const std::shared_ptr<const message_filters::NullType>&, const std::shared_ptr<const message_filters::NullType>&)>&[m[K’
[2.552s]   170 |   Connection addCallback([01;36m[Kconst std::function<void(P0, P1, P2, P3, P4, P5, P6, P7, P8)>& callback[m[K)
[2.552s]       |                          [01;36m[K~~~~~~~~~~~~~~~~~~~~~~~~~~~~~~~~~~~~~~~~~~~~~~~~~~~~~~~~~~~~~~~^~~~~~~~[m[K
[2.553s] [01m[K/opt/ros/foxy/include/message_filters/signal9.h:180:14:[m[K [01;36m[Knote: [m[Kcandidate: ‘[01m[Ktemplate<class P0, class P1> message_filters::Connection message_filters::Signal9<M0, M1, M2, M3, M4, M5, M6, M7, M8>::addCallback(void (*)(P0, P1)) [with P0 = P0; P1 = P1; M0 = test_interfaces::msg::Test_<std::allocator<void> >; M1 = test_interfaces::msg::Test_<std::allocator<void> >; M2 = message_filters::NullType; M3 = message_filters::NullType; M4 = message_filters::NullType; M5 = message_filters::NullType; M6 = message_filters::NullType; M7 = message_filters::NullType; M8 = message_filters::NullType][m[K’
[2.553s]   180 |   Connection [01;36m[KaddCallback[m[K(void(*callback)(P0, P1))
[2.553s]       |              [01;36m[K^~~~~~~~~~~[m[K
[2.553s] [01m[K/opt/ros/foxy/include/message_filters/signal9.h:180:14:[m[K [01;36m[Knote: [m[K  template argument deduction/substitution failed:
[2.553s] In file included from [01m[K/opt/ros/foxy/include/message_filters/synchronizer.h:47[m[K,
[2.554s]                  from [01m[K/ros2_test/AD_Middle_Test/ros2/src/simple_s/src/listener.cpp:6[m[K:
[2.554s] [01m[K/opt/ros/foxy/include/message_filters/signal9.h:280:267:[m[K [01;31m[Kerror: [m[Kwrong number of template arguments (9, should be 2)
[2.554s]   280 |                      const M8ConstPtr&>(std::bind(callback, std::placeholders::_1, std::placeholders::_2, std::placeholders::_3, std::placeholders::_4, std::placeholders::_5, std::placeholders::_6, std::placeholders::_7, std::placeholders::_8, std::placeholders::_9)[01;31m[K)[m[K;
[2.554s]       |                                                                                                                                                                                                                                                                           [01;31m[K^[m[K
[2.554s] In file included from [01m[K/opt/ros/foxy/include/message_filters/synchronizer.h:47[m[K,
[2.554s]                  from [01m[K/ros2_test/AD_Middle_Test/ros2/src/simple_s/src/listener.cpp:6[m[K:
[2.555s] [01m[K/opt/ros/foxy/include/message_filters/signal9.h:186:14:[m[K [01;36m[Knote: [m[Kcandidate: ‘[01m[Ktemplate<class P0, class P1, class P2> message_filters::Connection message_filters::Signal9<M0, M1, M2, M3, M4, M5, M6, M7, M8>::addCallback(void (*)(P0, P1, P2)) [with P0 = P0; P1 = P1; P2 = P2; M0 = test_interfaces::msg::Test_<std::allocator<void> >; M1 = test_interfaces::msg::Test_<std::allocator<void> >; M2 = message_filters::NullType; M3 = message_filters::NullType; M4 = message_filters::NullType; M5 = message_filters::NullType; M6 = message_filters::NullType; M7 = message_filters::NullType; M8 = message_filters::NullType][m[K’
[2.555s]   186 |   Connection [01;36m[KaddCallback[m[K(void(*callback)(P0, P1, P2))
[2.555s]       |              [01;36m[K^~~~~~~~~~~[m[K
[2.555s] [01m[K/opt/ros/foxy/include/message_filters/signal9.h:186:14:[m[K [01;36m[Knote: [m[K  template argument deduction/substitution failed:
[2.555s] In file included from [01m[K/opt/ros/foxy/include/message_filters/synchronizer.h:47[m[K,
[2.556s]                  from [01m[K/ros2_test/AD_Middle_Test/ros2/src/simple_s/src/listener.cpp:6[m[K:
[2.556s] [01m[K/opt/ros/foxy/include/message_filters/signal9.h:280:267:[m[K [01;31m[Kerror: [m[Kwrong number of template arguments (9, should be 3)
[2.556s]   280 |                      const M8ConstPtr&>(std::bind(callback, std::placeholders::_1, std::placeholders::_2, std::placeholders::_3, std::placeholders::_4, std::placeholders::_5, std::placeholders::_6, std::placeholders::_7, std::placeholders::_8, std::placeholders::_9)[01;31m[K)[m[K;
[2.556s]       |                                                                                                                                                                                                                                                                           [01;31m[K^[m[K
[2.556s] In file included from [01m[K/opt/ros/foxy/include/message_filters/synchronizer.h:47[m[K,
[2.556s]                  from [01m[K/ros2_test/AD_Middle_Test/ros2/src/simple_s/src/listener.cpp:6[m[K:
[2.557s] [01m[K/opt/ros/foxy/include/message_filters/signal9.h:192:14:[m[K [01;36m[Knote: [m[Kcandidate: ‘[01m[Ktemplate<class P0, class P1, class P2, class P3> message_filters::Connection message_filters::Signal9<M0, M1, M2, M3, M4, M5, M6, M7, M8>::addCallback(void (*)(P0, P1, P2, P3)) [with P0 = P0; P1 = P1; P2 = P2; P3 = P3; M0 = test_interfaces::msg::Test_<std::allocator<void> >; M1 = test_interfaces::msg::Test_<std::allocator<void> >; M2 = message_filters::NullType; M3 = message_filters::NullType; M4 = message_filters::NullType; M5 = message_filters::NullType; M6 = message_filters::NullType; M7 = message_filters::NullType; M8 = message_filters::NullType][m[K’
[2.557s]   192 |   Connection [01;36m[KaddCallback[m[K(void(*callback)(P0, P1, P2, P3))
[2.557s]       |              [01;36m[K^~~~~~~~~~~[m[K
[2.557s] [01m[K/opt/ros/foxy/include/message_filters/signal9.h:192:14:[m[K [01;36m[Knote: [m[K  template argument deduction/substitution failed:
[2.558s] In file included from [01m[K/opt/ros/foxy/include/message_filters/synchronizer.h:47[m[K,
[2.558s]                  from [01m[K/ros2_test/AD_Middle_Test/ros2/src/simple_s/src/listener.cpp:6[m[K:
[2.558s] [01m[K/opt/ros/foxy/include/message_filters/signal9.h:280:267:[m[K [01;31m[Kerror: [m[Kwrong number of template arguments (9, should be 4)
[2.558s]   280 |                      const M8ConstPtr&>(std::bind(callback, std::placeholders::_1, std::placeholders::_2, std::placeholders::_3, std::placeholders::_4, std::placeholders::_5, std::placeholders::_6, std::placeholders::_7, std::placeholders::_8, std::placeholders::_9)[01;31m[K)[m[K;
[2.558s]       |                                                                                                                                                                                                                                                                           [01;31m[K^[m[K
[2.558s] In file included from [01m[K/opt/ros/foxy/include/message_filters/synchronizer.h:47[m[K,
[2.559s]                  from [01m[K/ros2_test/AD_Middle_Test/ros2/src/simple_s/src/listener.cpp:6[m[K:
[2.559s] [01m[K/opt/ros/foxy/include/message_filters/signal9.h:198:14:[m[K [01;36m[Knote: [m[Kcandidate: ‘[01m[Ktemplate<class P0, class P1, class P2, class P3, class P4> message_filters::Connection message_filters::Signal9<M0, M1, M2, M3, M4, M5, M6, M7, M8>::addCallback(void (*)(P0, P1, P2, P3, P4)) [with P0 = P0; P1 = P1; P2 = P2; P3 = P3; P4 = P4; M0 = test_interfaces::msg::Test_<std::allocator<void> >; M1 = test_interfaces::msg::Test_<std::allocator<void> >; M2 = message_filters::NullType; M3 = message_filters::NullType; M4 = message_filters::NullType; M5 = message_filters::NullType; M6 = message_filters::NullType; M7 = message_filters::NullType; M8 = message_filters::NullType][m[K’
[2.559s]   198 |   Connection [01;36m[KaddCallback[m[K(void(*callback)(P0, P1, P2, P3, P4))
[2.559s]       |              [01;36m[K^~~~~~~~~~~[m[K
[2.559s] [01m[K/opt/ros/foxy/include/message_filters/signal9.h:198:14:[m[K [01;36m[Knote: [m[K  template argument deduction/substitution failed:
[2.560s] In file included from [01m[K/opt/ros/foxy/include/message_filters/synchronizer.h:47[m[K,
[2.560s]                  from [01m[K/ros2_test/AD_Middle_Test/ros2/src/simple_s/src/listener.cpp:6[m[K:
[2.560s] [01m[K/opt/ros/foxy/include/message_filters/signal9.h:280:267:[m[K [01;31m[Kerror: [m[Kwrong number of template arguments (9, should be 5)
[2.560s]   280 |                      const M8ConstPtr&>(std::bind(callback, std::placeholders::_1, std::placeholders::_2, std::placeholders::_3, std::placeholders::_4, std::placeholders::_5, std::placeholders::_6, std::placeholders::_7, std::placeholders::_8, std::placeholders::_9)[01;31m[K)[m[K;
[2.560s]       |                                                                                                                                                                                                                                                                           [01;31m[K^[m[K
[2.560s] In file included from [01m[K/opt/ros/foxy/include/message_filters/synchronizer.h:47[m[K,
[2.561s]                  from [01m[K/ros2_test/AD_Middle_Test/ros2/src/simple_s/src/listener.cpp:6[m[K:
[2.561s] [01m[K/opt/ros/foxy/include/message_filters/signal9.h:204:14:[m[K [01;36m[Knote: [m[Kcandidate: ‘[01m[Ktemplate<class P0, class P1, class P2, class P3, class P4, class P5> message_filters::Connection message_filters::Signal9<M0, M1, M2, M3, M4, M5, M6, M7, M8>::addCallback(void (*)(P0, P1, P2, P3, P4, P5)) [with P0 = P0; P1 = P1; P2 = P2; P3 = P3; P4 = P4; P5 = P5; M0 = test_interfaces::msg::Test_<std::allocator<void> >; M1 = test_interfaces::msg::Test_<std::allocator<void> >; M2 = message_filters::NullType; M3 = message_filters::NullType; M4 = message_filters::NullType; M5 = message_filters::NullType; M6 = message_filters::NullType; M7 = message_filters::NullType; M8 = message_filters::NullType][m[K’
[2.561s]   204 |   Connection [01;36m[KaddCallback[m[K(void(*callback)(P0, P1, P2, P3, P4, P5))
[2.561s]       |              [01;36m[K^~~~~~~~~~~[m[K
[2.561s] [01m[K/opt/ros/foxy/include/message_filters/signal9.h:204:14:[m[K [01;36m[Knote: [m[K  template argument deduction/substitution failed:
[2.562s] In file included from [01m[K/opt/ros/foxy/include/message_filters/synchronizer.h:47[m[K,
[2.562s]                  from [01m[K/ros2_test/AD_Middle_Test/ros2/src/simple_s/src/listener.cpp:6[m[K:
[2.562s] [01m[K/opt/ros/foxy/include/message_filters/signal9.h:280:267:[m[K [01;31m[Kerror: [m[Kwrong number of template arguments (9, should be 6)
[2.562s]   280 |                      const M8ConstPtr&>(std::bind(callback, std::placeholders::_1, std::placeholders::_2, std::placeholders::_3, std::placeholders::_4, std::placeholders::_5, std::placeholders::_6, std::placeholders::_7, std::placeholders::_8, std::placeholders::_9)[01;31m[K)[m[K;
[2.562s]       |                                                                                                                                                                                                                                                                           [01;31m[K^[m[K
[2.563s] In file included from [01m[K/opt/ros/foxy/include/message_filters/synchronizer.h:47[m[K,
[2.563s]                  from [01m[K/ros2_test/AD_Middle_Test/ros2/src/simple_s/src/listener.cpp:6[m[K:
[2.563s] [01m[K/opt/ros/foxy/include/message_filters/signal9.h:210:14:[m[K [01;36m[Knote: [m[Kcandidate: ‘[01m[Ktemplate<class P0, class P1, class P2, class P3, class P4, class P5, class P6> message_filters::Connection message_filters::Signal9<M0, M1, M2, M3, M4, M5, M6, M7, M8>::addCallback(void (*)(P0, P1, P2, P3, P4, P5, P6)) [with P0 = P0; P1 = P1; P2 = P2; P3 = P3; P4 = P4; P5 = P5; P6 = P6; M0 = test_interfaces::msg::Test_<std::allocator<void> >; M1 = test_interfaces::msg::Test_<std::allocator<void> >; M2 = message_filters::NullType; M3 = message_filters::NullType; M4 = message_filters::NullType; M5 = message_filters::NullType; M6 = message_filters::NullType; M7 = message_filters::NullType; M8 = message_filters::NullType][m[K’
[2.563s]   210 |   Connection [01;36m[KaddCallback[m[K(void(*callback)(P0, P1, P2, P3, P4, P5, P6))
[2.563s]       |              [01;36m[K^~~~~~~~~~~[m[K
[2.563s] [01m[K/opt/ros/foxy/include/message_filters/signal9.h:210:14:[m[K [01;36m[Knote: [m[K  template argument deduction/substitution failed:
[2.564s] In file included from [01m[K/opt/ros/foxy/include/message_filters/synchronizer.h:47[m[K,
[2.564s]                  from [01m[K/ros2_test/AD_Middle_Test/ros2/src/simple_s/src/listener.cpp:6[m[K:
[2.564s] [01m[K/opt/ros/foxy/include/message_filters/signal9.h:280:267:[m[K [01;31m[Kerror: [m[Kwrong number of template arguments (9, should be 7)
[2.564s]   280 |                      const M8ConstPtr&>(std::bind(callback, std::placeholders::_1, std::placeholders::_2, std::placeholders::_3, std::placeholders::_4, std::placeholders::_5, std::placeholders::_6, std::placeholders::_7, std::placeholders::_8, std::placeholders::_9)[01;31m[K)[m[K;
[2.564s]       |                                                                                                                                                                                                                                                                           [01;31m[K^[m[K
[2.565s] [01m[K/opt/ros/foxy/include/message_filters/signal9.h:216:14:[m[K [01;36m[Knote: [m[Kcandidate: ‘[01m[Ktemplate<class P0, class P1, class P2, class P3, class P4, class P5, class P6, class P7> message_filters::Connection message_filters::Signal9<M0, M1, M2, M3, M4, M5, M6, M7, M8>::addCallback(void (*)(P0, P1, P2, P3, P4, P5, P6, P7)) [with P0 = P0; P1 = P1; P2 = P2; P3 = P3; P4 = P4; P5 = P5; P6 = P6; P7 = P7; M0 = test_interfaces::msg::Test_<std::allocator<void> >; M1 = test_interfaces::msg::Test_<std::allocator<void> >; M2 = message_filters::NullType; M3 = message_filters::NullType; M4 = message_filters::NullType; M5 = message_filters::NullType; M6 = message_filters::NullType; M7 = message_filters::NullType; M8 = message_filters::NullType][m[K’
[2.565s]   216 |   Connection [01;36m[KaddCallback[m[K(void(*callback)(P0, P1, P2, P3, P4, P5, P6, P7))
[2.565s]       |              [01;36m[K^~~~~~~~~~~[m[K
[2.565s] [01m[K/opt/ros/foxy/include/message_filters/signal9.h:216:14:[m[K [01;36m[Knote: [m[K  template argument deduction/substitution failed:
[2.565s] [01m[K/opt/ros/foxy/include/message_filters/signal9.h:280:267:[m[K [01;31m[Kerror: [m[Kwrong number of template arguments (9, should be 8)
[2.566s]   280 |                      const M8ConstPtr&>(std::bind(callback, std::placeholders::_1, std::placeholders::_2, std::placeholders::_3, std::placeholders::_4, std::placeholders::_5, std::placeholders::_6, std::placeholders::_7, std::placeholders::_8, std::placeholders::_9)[01;31m[K)[m[K;
[2.566s]       |                                                                                                                                                                                                                                                                           [01;31m[K^[m[K
[2.566s] [01m[K/opt/ros/foxy/include/message_filters/signal9.h:222:14:[m[K [01;36m[Knote: [m[Kcandidate: ‘[01m[Kmessage_filters::Connection message_filters::Signal9<M0, M1, M2, M3, M4, M5, M6, M7, M8>::addCallback(void (*)(P0, P1, P2, P3, P4, P5, P6, P7, P8)) [with P0 = const std::shared_ptr<const test_interfaces::msg::Test_<std::allocator<void> > >&; P1 = const std::shared_ptr<const test_interfaces::msg::Test_<std::allocator<void> > >&; P2 = const std::shared_ptr<const message_filters::NullType>&; P3 = const std::shared_ptr<const message_filters::NullType>&; P4 = const std::shared_ptr<const message_filters::NullType>&; P5 = const std::shared_ptr<const message_filters::NullType>&; P6 = const std::shared_ptr<const message_filters::NullType>&; P7 = const std::shared_ptr<const message_filters::NullType>&; P8 = const std::shared_ptr<const message_filters::NullType>&; M0 = test_interfaces::msg::Test_<std::allocator<void> >; M1 = test_interfaces::msg::Test_<std::allocator<void> >; M2 = message_filters::NullType; M3 = message_filters::NullType; M4 = message_filters::NullType; M5 = message_filters::NullType; M6 = message_filters::NullType; M7 = message_filters::NullType; M8 = message_filters::NullType][m[K’
[2.566s]   222 |   Connection [01;36m[KaddCallback[m[K(void(*callback)(P0, P1, P2, P3, P4, P5, P6, P7, P8))
[2.566s]       |              [01;36m[K^~~~~~~~~~~[m[K
[2.567s] [01m[K/opt/ros/foxy/include/message_filters/signal9.h:222:32:[m[K [01;36m[Knote: [m[K  no known conversion for argument 1 from ‘[01m[Kstd::_Bind_helper<false, const std::_Bind<void (MinimalSubscriber::*(std::_Placeholder<1>, std::_Placeholder<2>))(const std::shared_ptr<test_interfaces::msg::Test_<std::allocator<void> > >&, const std::shared_ptr<test_interfaces::msg::Test_<std::allocator<void> > >&)>&, const std::_Placeholder<1>&, const std::_Placeholder<2>&, const std::_Placeholder<3>&, const std::_Placeholder<4>&, const std::_Placeholder<5>&, const std::_Placeholder<6>&, const std::_Placeholder<7>&, const std::_Placeholder<8>&, const std::_Placeholder<9>&>::type[m[K’ {aka ‘[01m[Kstd::_Bind<std::_Bind<void (MinimalSubscriber::*(std::_Placeholder<1>, std::_Placeholder<2>))(const std::shared_ptr<test_interfaces::msg::Test_<std::allocator<void> > >&, const std::shared_ptr<test_interfaces::msg::Test_<std::allocator<void> > >&)>(std::_Placeholder<1>, std::_Placeholder<2>, std::_Placeholder<3>, std::_Placeholder<4>, std::_Placeholder<5>, std::_Placeholder<6>, std::_Placeholder<7>, std::_Placeholder<8>, std::_Placeholder<9>)>[m[K’} to ‘[01m[Kvoid (*)(const std::shared_ptr<const test_interfaces::msg::Test_<std::allocator<void> > >&, const std::shared_ptr<const test_interfaces::msg::Test_<std::allocator<void> > >&, const std::shared_ptr<const message_filters::NullType>&, const std::shared_ptr<const message_filters::NullType>&, const std::shared_ptr<const message_filters::NullType>&, const std::shared_ptr<const message_filters::NullType>&, const std::shared_ptr<const message_filters::NullType>&, const std::shared_ptr<const message_filters::NullType>&, const std::shared_ptr<const message_filters::NullType>&)[m[K’
[2.568s]   222 |   Connection addCallback([01;36m[Kvoid(*callback)(P0, P1, P2, P3, P4, P5, P6, P7, P8)[m[K)
[2.568s]       |                          [01;36m[K~~~~~~^~~~~~~~~~~~~~~~~~~~~~~~~~~~~~~~~~~~~~~~~~~~~[m[K
[2.568s] [01m[K/opt/ros/foxy/include/message_filters/signal9.h:228:14:[m[K [01;36m[Knote: [m[Kcandidate: ‘[01m[Ktemplate<class T, class P0, class P1> message_filters::Connection message_filters::Signal9<M0, M1, M2, M3, M4, M5, M6, M7, M8>::addCallback(void (T::*)(P0, P1), T*) [with T = T; P0 = P0; P1 = P1; M0 = test_interfaces::msg::Test_<std::allocator<void> >; M1 = test_interfaces::msg::Test_<std::allocator<void> >; M2 = message_filters::NullType; M3 = message_filters::NullType; M4 = message_filters::NullType; M5 = message_filters::NullType; M6 = message_filters::NullType; M7 = message_filters::NullType; M8 = message_filters::NullType][m[K’
[2.568s]   228 |   Connection [01;36m[KaddCallback[m[K(void(T::*callback)(P0, P1), T* t)
[2.568s]       |              [01;36m[K^~~~~~~~~~~[m[K
[2.568s] [01m[K/opt/ros/foxy/include/message_filters/signal9.h:228:14:[m[K [01;36m[Knote: [m[K  template argument deduction/substitution failed:
[2.568s] [01m[K/opt/ros/foxy/include/message_filters/signal9.h:280:267:[m[K [01;31m[Kerror: [m[Kwrong number of template arguments (9, should be 3)
[2.569s]   280 |                      const M8ConstPtr&>(std::bind(callback, std::placeholders::_1, std::placeholders::_2, std::placeholders::_3, std::placeholders::_4, std::placeholders::_5, std::placeholders::_6, std::placeholders::_7, std::placeholders::_8, std::placeholders::_9)[01;31m[K)[m[K;
[2.569s]       |                                                                                                                                                                                                                                                                           [01;31m[K^[m[K
[2.569s] [01m[K/opt/ros/foxy/include/message_filters/signal9.h:234:14:[m[K [01;36m[Knote: [m[Kcandidate: ‘[01m[Ktemplate<class T, class P0, class P1, class P2> message_filters::Connection message_filters::Signal9<M0, M1, M2, M3, M4, M5, M6, M7, M8>::addCallback(void (T::*)(P0, P1, P2), T*) [with T = T; P0 = P0; P1 = P1; P2 = P2; M0 = test_interfaces::msg::Test_<std::allocator<void> >; M1 = test_interfaces::msg::Test_<std::allocator<void> >; M2 = message_filters::NullType; M3 = message_filters::NullType; M4 = message_filters::NullType; M5 = message_filters::NullType; M6 = message_filters::NullType; M7 = message_filters::NullType; M8 = message_filters::NullType][m[K’
[2.569s]   234 |   Connection [01;36m[KaddCallback[m[K(void(T::*callback)(P0, P1, P2), T* t)
[2.569s]       |              [01;36m[K^~~~~~~~~~~[m[K
[2.569s] [01m[K/opt/ros/foxy/include/message_filters/signal9.h:234:14:[m[K [01;36m[Knote: [m[K  template argument deduction/substitution failed:
[2.569s] [01m[K/opt/ros/foxy/include/message_filters/signal9.h:280:267:[m[K [01;31m[Kerror: [m[Kwrong number of template arguments (9, should be 4)
[2.570s]   280 |                      const M8ConstPtr&>(std::bind(callback, std::placeholders::_1, std::placeholders::_2, std::placeholders::_3, std::placeholders::_4, std::placeholders::_5, std::placeholders::_6, std::placeholders::_7, std::placeholders::_8, std::placeholders::_9)[01;31m[K)[m[K;
[2.570s]       |                                                                                                                                                                                                                                                                           [01;31m[K^[m[K
[2.570s] [01m[K/opt/ros/foxy/include/message_filters/signal9.h:240:14:[m[K [01;36m[Knote: [m[Kcandidate: ‘[01m[Ktemplate<class T, class P0, class P1, class P2, class P3> message_filters::Connection message_filters::Signal9<M0, M1, M2, M3, M4, M5, M6, M7, M8>::addCallback(void (T::*)(P0, P1, P2, P3), T*) [with T = T; P0 = P0; P1 = P1; P2 = P2; P3 = P3; M0 = test_interfaces::msg::Test_<std::allocator<void> >; M1 = test_interfaces::msg::Test_<std::allocator<void> >; M2 = message_filters::NullType; M3 = message_filters::NullType; M4 = message_filters::NullType; M5 = message_filters::NullType; M6 = message_filters::NullType; M7 = message_filters::NullType; M8 = message_filters::NullType][m[K’
[2.570s]   240 |   Connection [01;36m[KaddCallback[m[K(void(T::*callback)(P0, P1, P2, P3), T* t)
[2.570s]       |              [01;36m[K^~~~~~~~~~~[m[K
[2.570s] [01m[K/opt/ros/foxy/include/message_filters/signal9.h:240:14:[m[K [01;36m[Knote: [m[K  template argument deduction/substitution failed:
[2.570s] [01m[K/opt/ros/foxy/include/message_filters/signal9.h:280:267:[m[K [01;31m[Kerror: [m[Kwrong number of template arguments (9, should be 5)
[2.571s]   280 |                      const M8ConstPtr&>(std::bind(callback, std::placeholders::_1, std::placeholders::_2, std::placeholders::_3, std::placeholders::_4, std::placeholders::_5, std::placeholders::_6, std::placeholders::_7, std::placeholders::_8, std::placeholders::_9)[01;31m[K)[m[K;
[2.585s]       |                                                                                                                                                                                                                                                                           [01;31m[K^[m[K
[2.585s] [01m[K/opt/ros/foxy/include/message_filters/signal9.h:246:14:[m[K [01;36m[Knote: [m[Kcandidate: ‘[01m[Ktemplate<class T, class P0, class P1, class P2, class P3, class P4> message_filters::Connection message_filters::Signal9<M0, M1, M2, M3, M4, M5, M6, M7, M8>::addCallback(void (T::*)(P0, P1, P2, P3, P4), T*) [with T = T; P0 = P0; P1 = P1; P2 = P2; P3 = P3; P4 = P4; M0 = test_interfaces::msg::Test_<std::allocator<void> >; M1 = test_interfaces::msg::Test_<std::allocator<void> >; M2 = message_filters::NullType; M3 = message_filters::NullType; M4 = message_filters::NullType; M5 = message_filters::NullType; M6 = message_filters::NullType; M7 = message_filters::NullType; M8 = message_filters::NullType][m[K’
[2.585s]   246 |   Connection [01;36m[KaddCallback[m[K(void(T::*callback)(P0, P1, P2, P3, P4), T* t)
[2.585s]       |              [01;36m[K^~~~~~~~~~~[m[K
[2.585s] [01m[K/opt/ros/foxy/include/message_filters/signal9.h:246:14:[m[K [01;36m[Knote: [m[K  template argument deduction/substitution failed:
[2.585s] [01m[K/opt/ros/foxy/include/message_filters/signal9.h:280:267:[m[K [01;31m[Kerror: [m[Kwrong number of template arguments (9, should be 6)
[2.586s]   280 |                      const M8ConstPtr&>(std::bind(callback, std::placeholders::_1, std::placeholders::_2, std::placeholders::_3, std::placeholders::_4, std::placeholders::_5, std::placeholders::_6, std::placeholders::_7, std::placeholders::_8, std::placeholders::_9)[01;31m[K)[m[K;
[2.586s]       |                                                                                                                                                                                                                                                                           [01;31m[K^[m[K
[2.586s] [01m[K/opt/ros/foxy/include/message_filters/signal9.h:252:14:[m[K [01;36m[Knote: [m[Kcandidate: ‘[01m[Ktemplate<class T, class P0, class P1, class P2, class P3, class P4, class P5> message_filters::Connection message_filters::Signal9<M0, M1, M2, M3, M4, M5, M6, M7, M8>::addCallback(void (T::*)(P0, P1, P2, P3, P4, P5), T*) [with T = T; P0 = P0; P1 = P1; P2 = P2; P3 = P3; P4 = P4; P5 = P5; M0 = test_interfaces::msg::Test_<std::allocator<void> >; M1 = test_interfaces::msg::Test_<std::allocator<void> >; M2 = message_filters::NullType; M3 = message_filters::NullType; M4 = message_filters::NullType; M5 = message_filters::NullType; M6 = message_filters::NullType; M7 = message_filters::NullType; M8 = message_filters::NullType][m[K’
[2.586s]   252 |   Connection [01;36m[KaddCallback[m[K(void(T::*callback)(P0, P1, P2, P3, P4, P5), T* t)
[2.586s]       |              [01;36m[K^~~~~~~~~~~[m[K
[2.586s] [01m[K/opt/ros/foxy/include/message_filters/signal9.h:252:14:[m[K [01;36m[Knote: [m[K  template argument deduction/substitution failed:
[2.586s] [01m[K/opt/ros/foxy/include/message_filters/signal9.h:280:267:[m[K [01;31m[Kerror: [m[Kwrong number of template arguments (9, should be 7)
[2.587s]   280 |                      const M8ConstPtr&>(std::bind(callback, std::placeholders::_1, std::placeholders::_2, std::placeholders::_3, std::placeholders::_4, std::placeholders::_5, std::placeholders::_6, std::placeholders::_7, std::placeholders::_8, std::placeholders::_9)[01;31m[K)[m[K;
[2.587s]       |                                                                                                                                                                                                                                                                           [01;31m[K^[m[K
[2.587s] [01m[K/opt/ros/foxy/include/message_filters/signal9.h:258:14:[m[K [01;36m[Knote: [m[Kcandidate: ‘[01m[Ktemplate<class T, class P0, class P1, class P2, class P3, class P4, class P5, class P6> message_filters::Connection message_filters::Signal9<M0, M1, M2, M3, M4, M5, M6, M7, M8>::addCallback(void (T::*)(P0, P1, P2, P3, P4, P5, P6), T*) [with T = T; P0 = P0; P1 = P1; P2 = P2; P3 = P3; P4 = P4; P5 = P5; P6 = P6; M0 = test_interfaces::msg::Test_<std::allocator<void> >; M1 = test_interfaces::msg::Test_<std::allocator<void> >; M2 = message_filters::NullType; M3 = message_filters::NullType; M4 = message_filters::NullType; M5 = message_filters::NullType; M6 = message_filters::NullType; M7 = message_filters::NullType; M8 = message_filters::NullType][m[K’
[2.587s]   258 |   Connection [01;36m[KaddCallback[m[K(void(T::*callback)(P0, P1, P2, P3, P4, P5, P6), T* t)
[2.587s]       |              [01;36m[K^~~~~~~~~~~[m[K
[2.587s] [01m[K/opt/ros/foxy/include/message_filters/signal9.h:258:14:[m[K [01;36m[Knote: [m[K  template argument deduction/substitution failed:
[2.587s] [01m[K/opt/ros/foxy/include/message_filters/signal9.h:280:267:[m[K [01;31m[Kerror: [m[Kwrong number of template arguments (9, should be 8)
[2.588s]   280 |                      const M8ConstPtr&>(std::bind(callback, std::placeholders::_1, std::placeholders::_2, std::placeholders::_3, std::placeholders::_4, std::placeholders::_5, std::placeholders::_6, std::placeholders::_7, std::placeholders::_8, std::placeholders::_9)[01;31m[K)[m[K;
[2.588s]       |                                                                                                                                                                                                                                                                           [01;31m[K^[m[K
[2.588s] [01m[K/opt/ros/foxy/include/message_filters/signal9.h:264:14:[m[K [01;36m[Knote: [m[Kcandidate: ‘[01m[Ktemplate<class T, class P0, class P1, class P2, class P3, class P4, class P5, class P6, class P7> message_filters::Connection message_filters::Signal9<M0, M1, M2, M3, M4, M5, M6, M7, M8>::addCallback(void (T::*)(P0, P1, P2, P3, P4, P5, P6, P7), T*) [with T = T; P0 = P0; P1 = P1; P2 = P2; P3 = P3; P4 = P4; P5 = P5; P6 = P6; P7 = P7; M0 = test_interfaces::msg::Test_<std::allocator<void> >; M1 = test_interfaces::msg::Test_<std::allocator<void> >; M2 = message_filters::NullType; M3 = message_filters::NullType; M4 = message_filters::NullType; M5 = message_filters::NullType; M6 = message_filters::NullType; M7 = message_filters::NullType; M8 = message_filters::NullType][m[K’
[2.588s]   264 |   Connection [01;36m[KaddCallback[m[K(void(T::*callback)(P0, P1, P2, P3, P4, P5, P6, P7), T* t)
[2.588s]       |              [01;36m[K^~~~~~~~~~~[m[K
[2.588s] [01m[K/opt/ros/foxy/include/message_filters/signal9.h:264:14:[m[K [01;36m[Knote: [m[K  template argument deduction/substitution failed:
[2.588s] /opt/ros/foxy/include/message_filters/signal9.h: In substitution of ‘[01m[Ktemplate<class T, class P0, class P1, class P2, class P3, class P4, class P5, class P6, class P7> message_filters::Connection message_filters::Signal9<test_interfaces::msg::Test_<std::allocator<void> >, test_interfaces::msg::Test_<std::allocator<void> >, message_filters::NullType, message_filters::NullType, message_filters::NullType, message_filters::NullType, message_filters::NullType, message_filters::NullType, message_filters::NullType>::addCallback<T, P0, P1, P2, P3, P4, P5, P6, P7>(void (T::*)(P0, P1, P2, P3, P4, P5, P6, P7), T*) [with T = const std::shared_ptr<const test_interfaces::msg::Test_<std::allocator<void> > >&; P0 = const std::shared_ptr<const test_interfaces::msg::Test_<std::allocator<void> > >&; P1 = const std::shared_ptr<const message_filters::NullType>&; P2 = const std::shared_ptr<const message_filters::NullType>&; P3 = const std::shared_ptr<const message_filters::NullType>&; P4 = const std::shared_ptr<const message_filters::NullType>&; P5 = const std::shared_ptr<const message_filters::NullType>&; P6 = const std::shared_ptr<const message_filters::NullType>&; P7 = const std::shared_ptr<const message_filters::NullType>&][m[K’:
[2.589s] [01m[K/opt/ros/foxy/include/message_filters/signal9.h:280:267:[m[K   required from ‘[01m[Kmessage_filters::Connection message_filters::Signal9<M0, M1, M2, M3, M4, M5, M6, M7, M8>::addCallback(C&) [with C = const std::_Bind<void (MinimalSubscriber::*(std::_Placeholder<1>, std::_Placeholder<2>))(const std::shared_ptr<test_interfaces::msg::Test_<std::allocator<void> > >&, const std::shared_ptr<test_interfaces::msg::Test_<std::allocator<void> > >&)>; M0 = test_interfaces::msg::Test_<std::allocator<void> >; M1 = test_interfaces::msg::Test_<std::allocator<void> >; M2 = message_filters::NullType; M3 = message_filters::NullType; M4 = message_filters::NullType; M5 = message_filters::NullType; M6 = message_filters::NullType; M7 = message_filters::NullType; M8 = message_filters::NullType][m[K’
[2.589s] [01m[K/opt/ros/foxy/include/message_filters/synchronizer.h:298:40:[m[K   required from ‘[01m[Kmessage_filters::Connection message_filters::Synchronizer<Policy>::registerCallback(const C&) [with C = std::_Bind<void (MinimalSubscriber::*(std::_Placeholder<1>, std::_Placeholder<2>))(const std::shared_ptr<test_interfaces::msg::Test_<std::allocator<void> > >&, const std::shared_ptr<test_interfaces::msg::Test_<std::allocator<void> > >&)>; Policy = message_filters::sync_policies::ApproximateTime<test_interfaces::msg::Test_<std::allocator<void> >, test_interfaces::msg::Test_<std::allocator<void> > >][m[K’
[2.589s] [01m[K/ros2_test/AD_Middle_Test/ros2/src/simple_s/src/listener.cpp:61:85:[m[K   required from here
[2.589s] [01m[K/opt/ros/foxy/include/message_filters/signal9.h:264:14:[m[K [01;31m[Kerror: [m[Kforming pointer to reference type ‘[01m[Kconst std::shared_ptr<const test_interfaces::msg::Test_<std::allocator<void> > >&[m[K’
[2.589s] /opt/ros/foxy/include/message_filters/signal9.h: In instantiation of ‘[01m[Kmessage_filters::Connection message_filters::Signal9<M0, M1, M2, M3, M4, M5, M6, M7, M8>::addCallback(C&) [with C = const std::_Bind<void (MinimalSubscriber::*(std::_Placeholder<1>, std::_Placeholder<2>))(const std::shared_ptr<test_interfaces::msg::Test_<std::allocator<void> > >&, const std::shared_ptr<test_interfaces::msg::Test_<std::allocator<void> > >&)>; M0 = test_interfaces::msg::Test_<std::allocator<void> >; M1 = test_interfaces::msg::Test_<std::allocator<void> >; M2 = message_filters::NullType; M3 = message_filters::NullType; M4 = message_filters::NullType; M5 = message_filters::NullType; M6 = message_filters::NullType; M7 = message_filters::NullType; M8 = message_filters::NullType][m[K’:
[2.589s] [01m[K/opt/ros/foxy/include/message_filters/synchronizer.h:298:40:[m[K   required from ‘[01m[Kmessage_filters::Connection message_filters::Synchronizer<Policy>::registerCallback(const C&) [with C = std::_Bind<void (MinimalSubscriber::*(std::_Placeholder<1>, std::_Placeholder<2>))(const std::shared_ptr<test_interfaces::msg::Test_<std::allocator<void> > >&, const std::shared_ptr<test_interfaces::msg::Test_<std::allocator<void> > >&)>; Policy = message_filters::sync_policies::ApproximateTime<test_interfaces::msg::Test_<std::allocator<void> >, test_interfaces::msg::Test_<std::allocator<void> > >][m[K’
[2.589s] [01m[K/ros2_test/AD_Middle_Test/ros2/src/simple_s/src/listener.cpp:61:85:[m[K   required from here
[2.590s] [01m[K/opt/ros/foxy/include/message_filters/signal9.h:270:14:[m[K [01;36m[Knote: [m[Kcandidate: ‘[01m[Ktemplate<class C> message_filters::Connection message_filters::Signal9<M0, M1, M2, M3, M4, M5, M6, M7, M8>::addCallback(C&) [with C = C; M0 = test_interfaces::msg::Test_<std::allocator<void> >; M1 = test_interfaces::msg::Test_<std::allocator<void> >; M2 = message_filters::NullType; M3 = message_filters::NullType; M4 = message_filters::NullType; M5 = message_filters::NullType; M6 = message_filters::NullType; M7 = message_filters::NullType; M8 = message_filters::NullType][m[K’
[2.590s]   270 |   Connection [01;36m[KaddCallback[m[K( C& callback)
[2.590s]       |              [01;36m[K^~~~~~~~~~~[m[K
[2.590s] [01m[K/opt/ros/foxy/include/message_filters/signal9.h:270:14:[m[K [01;36m[Knote: [m[K  template argument deduction/substitution failed:
[2.590s] [01m[K/opt/ros/foxy/include/message_filters/signal9.h:280:267:[m[K [01;31m[Kerror: [m[Kwrong number of template arguments (9, should be 1)
[2.590s]   280 |                      const M8ConstPtr&>(std::bind(callback, std::placeholders::_1, std::placeholders::_2, std::placeholders::_3, std::placeholders::_4, std::placeholders::_5, std::placeholders::_6, std::placeholders::_7, std::placeholders::_8, std::placeholders::_9)[01;31m[K)[m[K;
[2.590s]       |                                                                                                                                                                                                                                                                           [01;31m[K^[m[K
[4.049s] make[2]: *** [CMakeFiles/listener.dir/build.make:63: CMakeFiles/listener.dir/src/listener.cpp.o] Error 1
[4.049s] make[1]: *** [CMakeFiles/Makefile2:80: CMakeFiles/listener.dir/all] Error 2
[4.049s] make: *** [Makefile:141: all] Error 2
