[0.123s] -- The C compiler identification is GNU 9.3.0
[0.210s] -- The CXX compiler identification is GNU 9.3.0
[0.219s] -- Check for working C compiler: /usr/bin/cc
[0.322s] -- Check for working C compiler: /usr/bin/cc -- works
[0.323s] -- Detecting C compiler ABI info
[0.425s] -- Detecting C compiler ABI info - done
[0.451s] -- Detecting C compile features
[0.451s] -- Detecting C compile features - done
[0.456s] -- Check for working CXX compiler: /usr/bin/c++
[0.575s] -- Check for working CXX compiler: /usr/bin/c++ -- works
[0.577s] -- Detecting CXX compiler ABI info
[0.698s] -- Detecting CXX compiler ABI info - done
[0.723s] -- Detecting CXX compile features
[0.725s] -- Detecting CXX compile features - done
[0.730s] -- Found ament_cmake: 0.8.1 (/opt/ros/foxy/share/ament_cmake/cmake)
[0.773s] -- Found PythonInterp: /usr/bin/python3 (found suitable version "3.8.2", minimum required is "3") 
[0.773s] -- Using PYTHON_EXECUTABLE: /usr/bin/python3
[1.115s] -- Found rclcpp: 0.8.3 (/opt/ros/foxy/share/rclcpp/cmake)
[1.214s] -- Found rosidl_adapter: 0.8.2 (/opt/ros/foxy/share/rosidl_adapter/cmake)
[1.257s] -- Found rmw_implementation_cmake: 0.8.1 (/opt/ros/foxy/share/rmw_implementation_cmake/cmake)
[1.261s] -- Using RMW implementation 'rmw_fastrtps_cpp' as default
[1.262s] -- Looking for pthread.h
[1.371s] -- Looking for pthread.h - found
[1.371s] -- Performing Test CMAKE_HAVE_LIBC_PTHREAD
[1.479s] -- Performing Test CMAKE_HAVE_LIBC_PTHREAD - Failed
[1.479s] -- Looking for pthread_create in pthreads
[1.565s] -- Looking for pthread_create in pthreads - not found
[1.565s] -- Looking for pthread_create in pthread
[1.666s] -- Looking for pthread_create in pthread - found
[1.668s] -- Found Threads: TRUE  
[1.814s] -- Found std_msgs: 0.8.1 (/opt/ros/foxy/share/std_msgs/cmake)
[1.825s] -- Found sensor_msgs: 0.8.1 (/opt/ros/foxy/share/sensor_msgs/cmake)
[1.853s] -- Found test_interfaces: 0.0.0 (/ros2_test/AD_Middle_Test/ros2/install/test_interfaces/share/test_interfaces/cmake)
[1.869s] -- Found message_filters: 3.2.3 (/opt/ros/foxy/share/message_filters/cmake)
[1.896s] -- Found OpenCV: /usr/local (found version "3.4.10") 
[2.077s] -- Found ament_lint_auto: 0.9.1 (/opt/ros/foxy/share/ament_lint_auto/cmake)
[2.215s] -- Added test 'copyright' to check for copyright in CMake / C / C++ / Python code
[2.218s] -- Added test 'cppcheck' to perform static code analysis on C / C++ code
[2.219s] -- Configured cppcheck include dirs: /ros2_test/AD_Middle_Test/ros2/src/detect_s/include
[2.221s] -- Added test 'cpplint' to check C / C++ code against the Google style
[2.223s] -- Added test 'lint_cmake' to check CMake code style
[2.225s] -- Added test 'uncrustify' to check C / C++ code style
[2.226s] -- Added test 'xmllint' to check XML markup files
[2.232s] -- Configuring done
[2.315s] -- Generating done
[2.318s] -- Build files have been written to: /ros2_test/AD_Middle_Test/ros2/build/detect_s
[2.389s] [35m[1mScanning dependencies of target line[0m
[2.389s] [35m[1mScanning dependencies of target yoloDetect[0m
[2.390s] [35m[1mScanning dependencies of target cameraTimer[0m
[2.455s] [ 16%] [32mBuilding CXX object CMakeFiles/cameraTimer.dir/src/CameraTimer.cpp.o[0m
[2.457s] [ 33%] [32mBuilding CXX object CMakeFiles/line.dir/src/Line.cpp.o[0m
[2.478s] [ 50%] [32mBuilding CXX object CMakeFiles/yoloDetect.dir/src/YoloDetect.cpp.o[0m
[14.378s] [ 66%] [32m[1mLinking CXX executable cameraTimer[0m
[15.403s] [ 66%] Built target cameraTimer
[23.438s] [ 83%] [32m[1mLinking CXX executable yoloDetect[0m
[24.343s] [ 83%] Built target yoloDetect
[24.531s] [100%] [32m[1mLinking CXX executable line[0m
[25.099s] [100%] Built target line
[25.204s] -- Install configuration: ""
[25.205s] -- Installing: /ros2_test/AD_Middle_Test/ros2/install/detect_s/lib/detect_s/cameraTimer
[25.207s] -- Set runtime path of "/ros2_test/AD_Middle_Test/ros2/install/detect_s/lib/detect_s/cameraTimer" to ""
[25.207s] -- Installing: /ros2_test/AD_Middle_Test/ros2/install/detect_s/lib/detect_s/yoloDetect
[25.210s] -- Set runtime path of "/ros2_test/AD_Middle_Test/ros2/install/detect_s/lib/detect_s/yoloDetect" to ""
[25.210s] -- Installing: /ros2_test/AD_Middle_Test/ros2/install/detect_s/share/ament_index/resource_index/package_run_dependencies/detect_s
[25.210s] -- Installing: /ros2_test/AD_Middle_Test/ros2/install/detect_s/share/ament_index/resource_index/parent_prefix_path/detect_s
[25.210s] -- Up-to-date: /ros2_test/AD_Middle_Test/ros2/install/detect_s/share/detect_s/environment/ament_prefix_path.sh
[25.211s] -- Installing: /ros2_test/AD_Middle_Test/ros2/install/detect_s/share/detect_s/environment/ament_prefix_path.dsv
[25.211s] -- Up-to-date: /ros2_test/AD_Middle_Test/ros2/install/detect_s/share/detect_s/environment/path.sh
[25.211s] -- Installing: /ros2_test/AD_Middle_Test/ros2/install/detect_s/share/detect_s/environment/path.dsv
[25.211s] -- Installing: /ros2_test/AD_Middle_Test/ros2/install/detect_s/share/detect_s/local_setup.bash
[25.211s] -- Installing: /ros2_test/AD_Middle_Test/ros2/install/detect_s/share/detect_s/local_setup.sh
[25.212s] -- Installing: /ros2_test/AD_Middle_Test/ros2/install/detect_s/share/detect_s/local_setup.zsh
[25.212s] -- Installing: /ros2_test/AD_Middle_Test/ros2/install/detect_s/share/detect_s/local_setup.dsv
[25.212s] -- Installing: /ros2_test/AD_Middle_Test/ros2/install/detect_s/share/detect_s/package.dsv
[25.212s] -- Installing: /ros2_test/AD_Middle_Test/ros2/install/detect_s/share/ament_index/resource_index/packages/detect_s
[25.212s] -- Installing: /ros2_test/AD_Middle_Test/ros2/install/detect_s/share/detect_s/cmake/detect_sConfig.cmake
[25.213s] -- Installing: /ros2_test/AD_Middle_Test/ros2/install/detect_s/share/detect_s/cmake/detect_sConfig-version.cmake
[25.213s] -- Up-to-date: /ros2_test/AD_Middle_Test/ros2/install/detect_s/share/detect_s/package.xml
