[0.086s] [35m[1mScanning dependencies of target listener[0m
[0.123s] [ 25%] [32mBuilding CXX object CMakeFiles/listener.dir/src/listener.cpp.o[0m
[2.030s] [01m[K/ros2_test/AD_Middle_Test/ros2/src/simple_s/src/listener.cpp:94:193:[m[K [01;31m[Kerror: [m[Kexpected ‘[01m[K)[m[K’ before numeric constant
[2.030s]    94 |   Synchronizer<sync_policies::ApproximateTime<test_interfaces::msg::Test,test_interfaces::msg::Test>>sync(sync_policies::ApproximateTime<test_interfaces::msg::Test,test_interfaces::msg::Test>[34m[K([m[K[01;31m[K1[m[K[32m[K0[m[K));
[2.030s]       |                                                                                                                                                                                                [34m[K~[m[K[01;31m[K^[m[K[32m[K~[m[K
[2.031s]       |                                                                                                                                                                                                 [32m[K)[m[K
[2.031s] [01m[K/ros2_test/AD_Middle_Test/ros2/src/simple_s/src/listener.cpp:94:193:[m[K [01;31m[Kerror: [m[Kexpected ‘[01m[K)[m[K’ before numeric constant
[2.031s]    94 |   Synchronizer<sync_policies::ApproximateTime<test_interfaces::msg::Test,test_interfaces::msg::Test>>sync[34m[K([m[Ksync_policies::ApproximateTime<test_interfaces::msg::Test,test_interfaces::msg::Test>([01;31m[K1[m[K[32m[K0[m[K));
[2.031s]       |                                                                                                          [34m[K~[m[K                                                                                      [01;31m[K^[m[K[32m[K~[m[K
[2.032s]       |                                                                                                                                                                                                 [32m[K)[m[K
[2.032s] [01m[K/ros2_test/AD_Middle_Test/ros2/src/simple_s/src/listener.cpp:94:192:[m[K [01;31m[Kerror: [m[Kexpected ‘[01m[K;[m[K’ at end of member declaration
[2.032s]    94 |   Synchronizer<sync_policies::ApproximateTime<test_interfaces::msg::Test,test_interfaces::msg::Test>>sync(sync_policies::ApproximateTime<test_interfaces::msg::Test,test_interfaces::msg::Test>[01;31m[K([m[K10));
[2.032s]       |                                                                                                                                                                                                [01;31m[K^[m[K
[2.032s]       |                                                                                                                                                                                                 [32m[K;[m[K
[2.033s] [01m[K/ros2_test/AD_Middle_Test/ros2/src/simple_s/src/listener.cpp:94:193:[m[K [01;31m[Kerror: [m[Kexpected unqualified-id before numeric constant
[2.033s]    94 |   Synchronizer<sync_policies::ApproximateTime<test_interfaces::msg::Test,test_interfaces::msg::Test>>sync(sync_policies::ApproximateTime<test_interfaces::msg::Test,test_interfaces::msg::Test>([01;31m[K10[m[K));
[2.033s]       |                                                                                                                                                                                                 [01;31m[K^~[m[K
[2.052s] [01m[K/ros2_test/AD_Middle_Test/ros2/src/simple_s/src/listener.cpp:[m[K In constructor ‘[01m[KMinimalSubscriber::MinimalSubscriber(std::string, int)[m[K’:
[2.052s] [01m[K/ros2_test/AD_Middle_Test/ros2/src/simple_s/src/listener.cpp:59:10:[m[K [01;31m[Kerror: [m[Kinvalid use of member function ‘[01m[Kmessage_filters::Synchronizer<message_filters::sync_policies::ApproximateTime<test_interfaces::msg::Test_<std::allocator<void> >, test_interfaces::msg::Test_<std::allocator<void> > > > MinimalSubscriber::sync(...)[m[K’ (did you forget the ‘[01m[K()[m[K’ ?)
[2.052s]    59 |    [01;31m[Kthis->sync[m[K.connectInput(this->sub1,this->sub2);
[2.052s]       |    [01;31m[K~~~~~~^~~~[m[K
[2.053s]       |              [32m[K()[m[K
[2.053s] [01m[K/ros2_test/AD_Middle_Test/ros2/src/simple_s/src/listener.cpp:60:10:[m[K [01;31m[Kerror: [m[Kinvalid use of member function ‘[01m[Kmessage_filters::Synchronizer<message_filters::sync_policies::ApproximateTime<test_interfaces::msg::Test_<std::allocator<void> >, test_interfaces::msg::Test_<std::allocator<void> > > > MinimalSubscriber::sync(...)[m[K’ (did you forget the ‘[01m[K()[m[K’ ?)
[2.053s]    60 |    [01;31m[Kthis->sync[m[K.registerCallback(std::bind(&MinimalSubscriber::topic_callback2,_1,_2));
[2.053s]       |    [01;31m[K~~~~~~^~~~[m[K
[2.053s]       |              [32m[K()[m[K
[3.750s] make[2]: *** [CMakeFiles/listener.dir/build.make:63: CMakeFiles/listener.dir/src/listener.cpp.o] Error 1
[3.750s] make[1]: *** [CMakeFiles/Makefile2:80: CMakeFiles/listener.dir/all] Error 2
[3.750s] make: *** [Makefile:141: all] Error 2
