[0.082s] -- Found ament_cmake: 0.8.1 (/opt/ros/foxy/share/ament_cmake/cmake)
[0.119s] -- Using PYTHON_EXECUTABLE: /usr/bin/python3
[0.429s] -- Found rclcpp: 0.8.3 (/opt/ros/foxy/share/rclcpp/cmake)
[0.487s] -- Found rosidl_adapter: 0.8.2 (/opt/ros/foxy/share/rosidl_adapter/cmake)
[0.517s] -- Found rmw_implementation_cmake: 0.8.1 (/opt/ros/foxy/share/rmw_implementation_cmake/cmake)
[0.520s] -- Using RMW implementation 'rmw_fastrtps_cpp' as default
[0.634s] -- Found std_msgs: 0.8.1 (/opt/ros/foxy/share/std_msgs/cmake)
[0.643s] -- Found sensor_msgs: 0.8.1 (/opt/ros/foxy/share/sensor_msgs/cmake)
[0.666s] -- Found test_interfaces: 0.0.0 (/ros2_test/AD_Middle_Test/ros2/src/install/test_interfaces/share/test_interfaces/cmake)
[0.679s] -- Found message_filters: 3.2.3 (/opt/ros/foxy/share/message_filters/cmake)
[0.821s] -- Found ament_lint_auto: 0.9.1 (/opt/ros/foxy/share/ament_lint_auto/cmake)
[0.932s] -- Added test 'copyright' to check for copyright in CMake / C / C++ / Python code
[0.934s] -- Added test 'cppcheck' to perform static code analysis on C / C++ code
[0.936s] -- Configured cppcheck include dirs: /ros2_test/AD_Middle_Test/ros2/src/detect_s/include
[0.936s] -- Added test 'cpplint' to check C / C++ code against the Google style
[0.937s] -- Added test 'lint_cmake' to check CMake code style
[0.938s] -- Added test 'uncrustify' to check C / C++ code style
[0.939s] -- Added test 'xmllint' to check XML markup files
[0.942s] -- Configuring done
[1.008s] -- Generating done
[1.010s] -- Build files have been written to: /ros2_test/AD_Middle_Test/ros2/src/build/detect_s
[1.071s] [ 25%] [32mBuilding CXX object CMakeFiles/cameraTimer.dir/src/CameraTimer.cpp.o[0m
[1.075s] [ 75%] Built target yoloDetect
[6.017s] [100%] [32m[1mLinking CXX executable cameraTimer[0m
[6.548s] [100%] Built target cameraTimer
