[0.045s] Invoking command in '/ros2_test/AD_Middle_Test/ros2/src/build/detect_s': /usr/bin/cmake --build /ros2_test/AD_Middle_Test/ros2/src/build/detect_s -- -j5 -l5
[0.104s] [35m[1mScanning dependencies of target cameraTimer[0m
[0.104s] [35m[1mScanning dependencies of target yoloDetect[0m
[0.162s] [ 25%] [32mBuilding CXX object CMakeFiles/yoloDetect.dir/src/YoloDetect.cpp.o[0m
[0.214s] [ 50%] [32mBuilding CXX object CMakeFiles/cameraTimer.dir/src/CameraTimer.cpp.o[0m
[2.582s] [01m[K/ros2_test/AD_Middle_Test/ros2/src/detect_s/src/CameraTimer.cpp:[m[K In member function ‘[01m[Kvoid CameraTimer::timer_callback()[m[K’:
[2.583s] [01m[K/ros2_test/AD_Middle_Test/ros2/src/detect_s/src/CameraTimer.cpp:47:17:[m[K [01;35m[Kwarning: [m[Kcomparison of integer expressions of different signedness: ‘[01m[Kint[m[K’ and ‘[01m[Ksize_t[m[K’ {aka ‘[01m[Klong unsigned int[m[K’} [[01;35m[K-Wsign-compare[m[K]
[2.583s]    47 |    for(int i=0;[01;35m[Ki<dataSize[m[K;i++){
[2.583s]       |                [01;35m[K~^~~~~~~~~[m[K
[2.694s] [01m[K/ros2_test/AD_Middle_Test/ros2/src/detect_s/src/YoloDetect.cpp:[m[K In member function ‘[01m[Kvoid YoloDetect::topic_callback(test_interfaces::msg::TestImage_<std::allocator<void> >::SharedPtr)[m[K’:
[2.694s] [01m[K/ros2_test/AD_Middle_Test/ros2/src/detect_s/src/YoloDetect.cpp:91:7:[m[K [01;31m[Kerror: [m[Kbase operand of ‘[01m[K->[m[K’ has non-pointer type ‘[01m[Kcv::Mat[m[K’
[2.694s]    91 |    tmp[01;31m[K->[m[Kdata.resize(datasize);
[2.694s]       |       [01;31m[K^~[m[K
[4.414s] make[2]: *** [CMakeFiles/yoloDetect.dir/build.make:63: CMakeFiles/yoloDetect.dir/src/YoloDetect.cpp.o] Error 1
[4.414s] make[1]: *** [CMakeFiles/Makefile2:80: CMakeFiles/yoloDetect.dir/all] Error 2
[4.414s] make[1]: *** Waiting for unfinished jobs....
[5.211s] [ 75%] [32m[1mLinking CXX executable cameraTimer[0m
[5.727s] [ 75%] Built target cameraTimer
[5.728s] make: *** [Makefile:141: all] Error 2
[5.730s] Invoked command in '/ros2_test/AD_Middle_Test/ros2/src/build/detect_s' returned '2': /usr/bin/cmake --build /ros2_test/AD_Middle_Test/ros2/src/build/detect_s -- -j5 -l5
