[0.079s] [35m[1mScanning dependencies of target talker[0m
[0.079s] [35m[1mScanning dependencies of target listener[0m
[0.118s] [ 25%] [32mBuilding CXX object CMakeFiles/listener.dir/src/listener.cpp.o[0m
[0.119s] [ 50%] [32mBuilding CXX object CMakeFiles/talker.dir/src/talker.cpp.o[0m
[4.599s] [ 75%] [32m[1mLinking CXX executable talker[0m
[4.807s] [ 75%] Built target talker
[5.297s] [100%] [32m[1mLinking CXX executable listener[0m
[5.535s] [100%] Built target listener
[5.603s] -- Install configuration: ""
[5.603s] -- Installing: /ros2_test/AD_Middle_Test/ros2/src/install/simple_s/lib/simple_s/talker
[5.605s] -- Set runtime path of "/ros2_test/AD_Middle_Test/ros2/src/install/simple_s/lib/simple_s/talker" to ""
[5.605s] -- Installing: /ros2_test/AD_Middle_Test/ros2/src/install/simple_s/lib/simple_s/listener
[5.607s] -- Set runtime path of "/ros2_test/AD_Middle_Test/ros2/src/install/simple_s/lib/simple_s/listener" to ""
[5.607s] -- Up-to-date: /ros2_test/AD_Middle_Test/ros2/src/install/simple_s/share/ament_index/resource_index/package_run_dependencies/simple_s
[5.607s] -- Up-to-date: /ros2_test/AD_Middle_Test/ros2/src/install/simple_s/share/ament_index/resource_index/parent_prefix_path/simple_s
[5.608s] -- Up-to-date: /ros2_test/AD_Middle_Test/ros2/src/install/simple_s/share/simple_s/environment/ament_prefix_path.sh
[5.608s] -- Up-to-date: /ros2_test/AD_Middle_Test/ros2/src/install/simple_s/share/simple_s/environment/ament_prefix_path.dsv
[5.608s] -- Up-to-date: /ros2_test/AD_Middle_Test/ros2/src/install/simple_s/share/simple_s/environment/path.sh
[5.608s] -- Up-to-date: /ros2_test/AD_Middle_Test/ros2/src/install/simple_s/share/simple_s/environment/path.dsv
[5.608s] -- Up-to-date: /ros2_test/AD_Middle_Test/ros2/src/install/simple_s/share/simple_s/local_setup.bash
[5.608s] -- Up-to-date: /ros2_test/AD_Middle_Test/ros2/src/install/simple_s/share/simple_s/local_setup.sh
[5.609s] -- Up-to-date: /ros2_test/AD_Middle_Test/ros2/src/install/simple_s/share/simple_s/local_setup.zsh
[5.609s] -- Up-to-date: /ros2_test/AD_Middle_Test/ros2/src/install/simple_s/share/simple_s/local_setup.dsv
[5.609s] -- Installing: /ros2_test/AD_Middle_Test/ros2/src/install/simple_s/share/simple_s/package.dsv
[5.609s] -- Up-to-date: /ros2_test/AD_Middle_Test/ros2/src/install/simple_s/share/ament_index/resource_index/packages/simple_s
[5.609s] -- Up-to-date: /ros2_test/AD_Middle_Test/ros2/src/install/simple_s/share/simple_s/cmake/simple_sConfig.cmake
[5.609s] -- Up-to-date: /ros2_test/AD_Middle_Test/ros2/src/install/simple_s/share/simple_s/cmake/simple_sConfig-version.cmake
[5.609s] -- Up-to-date: /ros2_test/AD_Middle_Test/ros2/src/install/simple_s/share/simple_s/package.xml
