[0.097s] [35m[1mScanning dependencies of target intra_pipe[0m
[0.118s] [ 33%] Built target listener
[0.119s] [ 66%] Built target talker
[0.127s] [ 83%] [32mBuilding CXX object CMakeFiles/intra_pipe.dir/src/intra_pipe.cpp.o[0m
[2.339s] [01m[K/ros2_test/AD_Middle_Test/ros2/src/simple_s/src/intra_pipe.cpp:[m[K In constructor ‘[01m[KConsumer::Consumer(const string&, const string&, const int&)[m[K’:
[2.339s] [01m[K/ros2_test/AD_Middle_Test/ros2/src/simple_s/src/intra_pipe.cpp:128:352:[m[K [01;31m[Kerror: [m[Kno match for ‘[01m[Koperator=[m[K’ (operand types are ‘[01m[Kstd::shared_ptr<message_filters::Synchronizer<message_filters::sync_policies::ApproximateTime<test_interfaces::msg::Test_<std::allocator<void> >, test_interfaces::msg::Test_<std::allocator<void> > > > >[m[K’ and ‘[01m[Kstd::shared_ptr<message_filters::Synchronizer<message_filters::sync_policies::ApproximateTime<test_interfaces::msg::Test_<std::allocator<void> >, test_interfaces::msg::Test_<std::allocator<void> >, test_interfaces::msg::Test_<std::allocator<void> >, test_interfaces::msg::Test_<std::allocator<void> > > > >[m[K’)
[2.340s]   128 |    this->sync_= std::make_shared<Synchronizer<sync_policies::ApproximateTime<test_interfaces::msg::Test,test_interfaces::msg::Test,test_interfaces::msg::Test,test_interfaces::msg::Test>>>(sync_policies::ApproximateTime<test_interfaces::msg::Test,test_interfaces::msg::Test,test_interfaces::msg::Test,test_interfaces::msg::Test>(10),sub0,sub1,sub2,sub3[01;31m[K)[m[K;
[2.340s]       |                                                                                                                                                                                                                                                                                                                                                                [01;31m[K^[m[K
[2.340s] In file included from [01m[K/usr/include/c++/9/memory:81[m[K,
[2.340s]                  from [01m[K/ros2_test/AD_Middle_Test/ros2/src/simple_s/src/intra_pipe.cpp:4[m[K:
[2.340s] [01m[K/usr/include/c++/9/bits/shared_ptr.h:309:19:[m[K [01;36m[Knote: [m[Kcandidate: ‘[01m[Kstd::shared_ptr<_Tp>& std::shared_ptr<_Tp>::operator=(const std::shared_ptr<_Tp>&) [with _Tp = message_filters::Synchronizer<message_filters::sync_policies::ApproximateTime<test_interfaces::msg::Test_<std::allocator<void> >, test_interfaces::msg::Test_<std::allocator<void> > > >][m[K’
[2.340s]   309 |       shared_ptr& [01;36m[Koperator[m[K=(const shared_ptr&) noexcept = default;
[2.341s]       |                   [01;36m[K^~~~~~~~[m[K
[2.341s] [01m[K/usr/include/c++/9/bits/shared_ptr.h:309:29:[m[K [01;36m[Knote: [m[K  no known conversion for argument 1 from ‘[01m[Kstd::shared_ptr<message_filters::Synchronizer<message_filters::sync_policies::ApproximateTime<test_interfaces::msg::Test_<std::allocator<void> >, test_interfaces::msg::Test_<std::allocator<void> >, test_interfaces::msg::Test_<std::allocator<void> >, test_interfaces::msg::Test_<std::allocator<void> > > > >[m[K’ to ‘[01m[Kconst std::shared_ptr<message_filters::Synchronizer<message_filters::sync_policies::ApproximateTime<test_interfaces::msg::Test_<std::allocator<void> >, test_interfaces::msg::Test_<std::allocator<void> > > > >&[m[K’
[2.341s]   309 |       shared_ptr& operator=([01;36m[Kconst shared_ptr&[m[K) noexcept = default;
[2.341s]       |                             [01;36m[K^~~~~~~~~~~~~~~~~[m[K
[2.341s] [01m[K/usr/include/c++/9/bits/shared_ptr.h:313:2:[m[K [01;36m[Knote: [m[Kcandidate: ‘[01m[Ktemplate<class _Yp> std::shared_ptr<_Tp>::_Assignable<const std::shared_ptr<_Yp>&> std::shared_ptr<_Tp>::operator=(const std::shared_ptr<_Yp>&) [with _Yp = _Yp; _Tp = message_filters::Synchronizer<message_filters::sync_policies::ApproximateTime<test_interfaces::msg::Test_<std::allocator<void> >, test_interfaces::msg::Test_<std::allocator<void> > > >][m[K’
[2.341s]   313 |  [01;36m[Koperator[m[K=(const shared_ptr<_Yp>& __r) noexcept
[2.341s]       |  [01;36m[K^~~~~~~~[m[K
[2.342s] [01m[K/usr/include/c++/9/bits/shared_ptr.h:313:2:[m[K [01;36m[Knote: [m[K  template argument deduction/substitution failed:
[2.342s] /usr/include/c++/9/bits/shared_ptr.h: In substitution of ‘[01m[Ktemplate<class _Tp> template<class _Arg> using _Assignable = typename std::enable_if<std::is_assignable<std::__shared_ptr<_Tp>&, _Arg>::value, std::shared_ptr<_Tp>&>::type [with _Arg = const std::shared_ptr<message_filters::Synchronizer<message_filters::sync_policies::ApproximateTime<test_interfaces::msg::Test_<std::allocator<void> >, test_interfaces::msg::Test_<std::allocator<void> >, test_interfaces::msg::Test_<std::allocator<void> >, test_interfaces::msg::Test_<std::allocator<void> > > > >&; _Tp = message_filters::Synchronizer<message_filters::sync_policies::ApproximateTime<test_interfaces::msg::Test_<std::allocator<void> >, test_interfaces::msg::Test_<std::allocator<void> > > >][m[K’:
[2.342s] [01m[K/usr/include/c++/9/bits/shared_ptr.h:313:2:[m[K   required by substitution of ‘[01m[Ktemplate<class _Yp> std::shared_ptr<message_filters::Synchronizer<message_filters::sync_policies::ApproximateTime<test_interfaces::msg::Test_<std::allocator<void> >, test_interfaces::msg::Test_<std::allocator<void> > > > >::_Assignable<const std::shared_ptr<_Tp>&> std::shared_ptr<message_filters::Synchronizer<message_filters::sync_policies::ApproximateTime<test_interfaces::msg::Test_<std::allocator<void> >, test_interfaces::msg::Test_<std::allocator<void> > > > >::operator=<_Yp>(const std::shared_ptr<_Tp>&) [with _Yp = message_filters::Synchronizer<message_filters::sync_policies::ApproximateTime<test_interfaces::msg::Test_<std::allocator<void> >, test_interfaces::msg::Test_<std::allocator<void> >, test_interfaces::msg::Test_<std::allocator<void> >, test_interfaces::msg::Test_<std::allocator<void> > > >][m[K’
[2.342s] [01m[K/ros2_test/AD_Middle_Test/ros2/src/simple_s/src/intra_pipe.cpp:128:352:[m[K   required from here
[2.342s] [01m[K/usr/include/c++/9/bits/shared_ptr.h:111:8:[m[K [01;31m[Kerror: [m[Kno type named ‘[01m[Ktype[m[K’ in ‘[01m[Kstruct std::enable_if<false, std::shared_ptr<message_filters::Synchronizer<message_filters::sync_policies::ApproximateTime<test_interfaces::msg::Test_<std::allocator<void> >, test_interfaces::msg::Test_<std::allocator<void> > > > >&>[m[K’
[2.342s]   111 |  using [01;31m[K_Assignable[m[K = typename enable_if<
[2.342s]       |        [01;31m[K^~~~~~~~~~~[m[K
[2.343s] [01m[K/usr/include/c++/9/bits/shared_ptr.h:324:2:[m[K [01;36m[Knote: [m[Kcandidate: ‘[01m[Ktemplate<class _Yp> std::shared_ptr<_Tp>::_Assignable<std::auto_ptr<_Up> > std::shared_ptr<_Tp>::operator=(std::auto_ptr<_Up>&&) [with _Yp = _Yp; _Tp = message_filters::Synchronizer<message_filters::sync_policies::ApproximateTime<test_interfaces::msg::Test_<std::allocator<void> >, test_interfaces::msg::Test_<std::allocator<void> > > >][m[K’
[2.343s]   324 |  [01;36m[Koperator[m[K=(auto_ptr<_Yp>&& __r)
[2.343s]       |  [01;36m[K^~~~~~~~[m[K
[2.343s] [01m[K/usr/include/c++/9/bits/shared_ptr.h:324:2:[m[K [01;36m[Knote: [m[K  template argument deduction/substitution failed:
[2.343s] [01m[K/ros2_test/AD_Middle_Test/ros2/src/simple_s/src/intra_pipe.cpp:128:352:[m[K [01;36m[Knote: [m[K  ‘[01m[Kstd::shared_ptr<message_filters::Synchronizer<message_filters::sync_policies::ApproximateTime<test_interfaces::msg::Test_<std::allocator<void> >, test_interfaces::msg::Test_<std::allocator<void> >, test_interfaces::msg::Test_<std::allocator<void> >, test_interfaces::msg::Test_<std::allocator<void> > > > >[m[K’ is not derived from ‘[01m[Kstd::auto_ptr<_Up>[m[K’
[2.343s]   128 |    this->sync_= std::make_shared<Synchronizer<sync_policies::ApproximateTime<test_interfaces::msg::Test,test_interfaces::msg::Test,test_interfaces::msg::Test,test_interfaces::msg::Test>>>(sync_policies::ApproximateTime<test_interfaces::msg::Test,test_interfaces::msg::Test,test_interfaces::msg::Test,test_interfaces::msg::Test>(10),sub0,sub1,sub2,sub3[01;36m[K)[m[K;
[2.343s]       |                                                                                                                                                                                                                                                                                                                                                                [01;36m[K^[m[K
[2.344s] In file included from [01m[K/usr/include/c++/9/memory:81[m[K,
[2.344s]                  from [01m[K/ros2_test/AD_Middle_Test/ros2/src/simple_s/src/intra_pipe.cpp:4[m[K:
[2.344s] [01m[K/usr/include/c++/9/bits/shared_ptr.h:333:7:[m[K [01;36m[Knote: [m[Kcandidate: ‘[01m[Kstd::shared_ptr<_Tp>& std::shared_ptr<_Tp>::operator=(std::shared_ptr<_Tp>&&) [with _Tp = message_filters::Synchronizer<message_filters::sync_policies::ApproximateTime<test_interfaces::msg::Test_<std::allocator<void> >, test_interfaces::msg::Test_<std::allocator<void> > > >][m[K’
[2.344s]   333 |       [01;36m[Koperator[m[K=(shared_ptr&& __r) noexcept
[2.344s]       |       [01;36m[K^~~~~~~~[m[K
[2.344s] [01m[K/usr/include/c++/9/bits/shared_ptr.h:333:30:[m[K [01;36m[Knote: [m[K  no known conversion for argument 1 from ‘[01m[Kstd::shared_ptr<message_filters::Synchronizer<message_filters::sync_policies::ApproximateTime<test_interfaces::msg::Test_<std::allocator<void> >, test_interfaces::msg::Test_<std::allocator<void> >, test_interfaces::msg::Test_<std::allocator<void> >, test_interfaces::msg::Test_<std::allocator<void> > > > >[m[K’ to ‘[01m[Kstd::shared_ptr<message_filters::Synchronizer<message_filters::sync_policies::ApproximateTime<test_interfaces::msg::Test_<std::allocator<void> >, test_interfaces::msg::Test_<std::allocator<void> > > > >&&[m[K’
[2.344s]   333 |       operator=([01;36m[Kshared_ptr&& __r[m[K) noexcept
[2.345s]       |                 [01;36m[K~~~~~~~~~~~~~^~~[m[K
[2.345s] [01m[K/usr/include/c++/9/bits/shared_ptr.h:341:2:[m[K [01;36m[Knote: [m[Kcandidate: ‘[01m[Ktemplate<class _Yp> std::shared_ptr<_Tp>::_Assignable<std::shared_ptr<_Yp> > std::shared_ptr<_Tp>::operator=(std::shared_ptr<_Yp>&&) [with _Yp = _Yp; _Tp = message_filters::Synchronizer<message_filters::sync_policies::ApproximateTime<test_interfaces::msg::Test_<std::allocator<void> >, test_interfaces::msg::Test_<std::allocator<void> > > >][m[K’
[2.345s]   341 |  [01;36m[Koperator[m[K=(shared_ptr<_Yp>&& __r) noexcept
[2.345s]       |  [01;36m[K^~~~~~~~[m[K
[2.345s] [01m[K/usr/include/c++/9/bits/shared_ptr.h:341:2:[m[K [01;36m[Knote: [m[K  template argument deduction/substitution failed:
[2.345s] /usr/include/c++/9/bits/shared_ptr.h: In substitution of ‘[01m[Ktemplate<class _Tp> template<class _Arg> using _Assignable = typename std::enable_if<std::is_assignable<std::__shared_ptr<_Tp>&, _Arg>::value, std::shared_ptr<_Tp>&>::type [with _Arg = std::shared_ptr<message_filters::Synchronizer<message_filters::sync_policies::ApproximateTime<test_interfaces::msg::Test_<std::allocator<void> >, test_interfaces::msg::Test_<std::allocator<void> >, test_interfaces::msg::Test_<std::allocator<void> >, test_interfaces::msg::Test_<std::allocator<void> > > > >; _Tp = message_filters::Synchronizer<message_filters::sync_policies::ApproximateTime<test_interfaces::msg::Test_<std::allocator<void> >, test_interfaces::msg::Test_<std::allocator<void> > > >][m[K’:
[2.345s] [01m[K/usr/include/c++/9/bits/shared_ptr.h:341:2:[m[K   required by substitution of ‘[01m[Ktemplate<class _Yp> std::shared_ptr<message_filters::Synchronizer<message_filters::sync_policies::ApproximateTime<test_interfaces::msg::Test_<std::allocator<void> >, test_interfaces::msg::Test_<std::allocator<void> > > > >::_Assignable<std::shared_ptr<_Tp> > std::shared_ptr<message_filters::Synchronizer<message_filters::sync_policies::ApproximateTime<test_interfaces::msg::Test_<std::allocator<void> >, test_interfaces::msg::Test_<std::allocator<void> > > > >::operator=<_Yp>(std::shared_ptr<_Tp>&&) [with _Yp = message_filters::Synchronizer<message_filters::sync_policies::ApproximateTime<test_interfaces::msg::Test_<std::allocator<void> >, test_interfaces::msg::Test_<std::allocator<void> >, test_interfaces::msg::Test_<std::allocator<void> >, test_interfaces::msg::Test_<std::allocator<void> > > >][m[K’
[2.345s] [01m[K/ros2_test/AD_Middle_Test/ros2/src/simple_s/src/intra_pipe.cpp:128:352:[m[K   required from here
[2.346s] [01m[K/usr/include/c++/9/bits/shared_ptr.h:111:8:[m[K [01;31m[Kerror: [m[Kno type named ‘[01m[Ktype[m[K’ in ‘[01m[Kstruct std::enable_if<false, std::shared_ptr<message_filters::Synchronizer<message_filters::sync_policies::ApproximateTime<test_interfaces::msg::Test_<std::allocator<void> >, test_interfaces::msg::Test_<std::allocator<void> > > > >&>[m[K’
[2.346s]   111 |  using [01;31m[K_Assignable[m[K = typename enable_if<
[2.346s]       |        [01;31m[K^~~~~~~~~~~[m[K
[2.346s] [01m[K/usr/include/c++/9/bits/shared_ptr.h:349:2:[m[K [01;36m[Knote: [m[Kcandidate: ‘[01m[Ktemplate<class _Yp, class _Del> std::shared_ptr<_Tp>::_Assignable<std::unique_ptr<_Up, _Ep> > std::shared_ptr<_Tp>::operator=(std::unique_ptr<_Up, _Ep>&&) [with _Yp = _Yp; _Del = _Del; _Tp = message_filters::Synchronizer<message_filters::sync_policies::ApproximateTime<test_interfaces::msg::Test_<std::allocator<void> >, test_interfaces::msg::Test_<std::allocator<void> > > >][m[K’
[2.346s]   349 |  [01;36m[Koperator[m[K=(unique_ptr<_Yp, _Del>&& __r)
[2.346s]       |  [01;36m[K^~~~~~~~[m[K
[2.346s] [01m[K/usr/include/c++/9/bits/shared_ptr.h:349:2:[m[K [01;36m[Knote: [m[K  template argument deduction/substitution failed:
[2.347s] [01m[K/ros2_test/AD_Middle_Test/ros2/src/simple_s/src/intra_pipe.cpp:128:352:[m[K [01;36m[Knote: [m[K  ‘[01m[Kstd::shared_ptr<message_filters::Synchronizer<message_filters::sync_policies::ApproximateTime<test_interfaces::msg::Test_<std::allocator<void> >, test_interfaces::msg::Test_<std::allocator<void> >, test_interfaces::msg::Test_<std::allocator<void> >, test_interfaces::msg::Test_<std::allocator<void> > > > >[m[K’ is not derived from ‘[01m[Kstd::unique_ptr<_Tp, _Dp>[m[K’
[2.347s]   128 |    this->sync_= std::make_shared<Synchronizer<sync_policies::ApproximateTime<test_interfaces::msg::Test,test_interfaces::msg::Test,test_interfaces::msg::Test,test_interfaces::msg::Test>>>(sync_policies::ApproximateTime<test_interfaces::msg::Test,test_interfaces::msg::Test,test_interfaces::msg::Test,test_interfaces::msg::Test>(10),sub0,sub1,sub2,sub3[01;36m[K)[m[K;
[2.347s]       |                                                                                                                                                                                                                                                                                                                                                                [01;36m[K^[m[K
[2.938s] In file included from [01m[K/opt/ros/foxy/include/message_filters/synchronizer.h:47[m[K,
[2.939s]                  from [01m[K/ros2_test/AD_Middle_Test/ros2/src/simple_s/src/intra_pipe.cpp:11[m[K:
[2.939s] /opt/ros/foxy/include/message_filters/signal9.h: In instantiation of ‘[01m[Kmessage_filters::Connection message_filters::Signal9<M0, M1, M2, M3, M4, M5, M6, M7, M8>::addCallback(const std::function<void(P0, P1, P2, P3, P4, P5, P6, P7, P8)>&) [with P0 = std::shared_ptr<test_interfaces::msg::Test_<std::allocator<void> > >; P1 = std::shared_ptr<test_interfaces::msg::Test_<std::allocator<void> > >; P2 = std::shared_ptr<test_interfaces::msg::Test_<std::allocator<void> > >; P3 = std::shared_ptr<test_interfaces::msg::Test_<std::allocator<void> > >; P4 = const std::shared_ptr<const message_filters::NullType>&; P5 = const std::shared_ptr<const message_filters::NullType>&; P6 = const std::shared_ptr<const message_filters::NullType>&; P7 = const std::shared_ptr<const message_filters::NullType>&; P8 = const std::shared_ptr<const message_filters::NullType>&; M0 = test_interfaces::msg::Test_<std::allocator<void> >; M1 = test_interfaces::msg::Test_<std::allocator<void> >; M2 = message_filters::NullType; M3 = message_filters::NullType; M4 = message_filters::NullType; M5 = message_filters::NullType; M6 = message_filters::NullType; M7 = message_filters::NullType; M8 = message_filters::NullType][m[K’:
[2.939s] [01m[K/opt/ros/foxy/include/message_filters/signal9.h:242:210:[m[K   required from ‘[01m[Kmessage_filters::Connection message_filters::Signal9<M0, M1, M2, M3, M4, M5, M6, M7, M8>::addCallback(void (T::*)(P0, P1, P2, P3), T*) [with T = Consumer; P0 = std::shared_ptr<test_interfaces::msg::Test_<std::allocator<void> > >; P1 = std::shared_ptr<test_interfaces::msg::Test_<std::allocator<void> > >; P2 = std::shared_ptr<test_interfaces::msg::Test_<std::allocator<void> > >; P3 = std::shared_ptr<test_interfaces::msg::Test_<std::allocator<void> > >; M0 = test_interfaces::msg::Test_<std::allocator<void> >; M1 = test_interfaces::msg::Test_<std::allocator<void> >; M2 = message_filters::NullType; M3 = message_filters::NullType; M4 = message_filters::NullType; M5 = message_filters::NullType; M6 = message_filters::NullType; M7 = message_filters::NullType; M8 = message_filters::NullType][m[K’
[2.939s] [01m[K/opt/ros/foxy/include/message_filters/synchronizer.h:304:43:[m[K   required from ‘[01m[Kmessage_filters::Connection message_filters::Synchronizer<Policy>::registerCallback(const C&, T*) [with C = void (Consumer::*)(std::shared_ptr<test_interfaces::msg::Test_<std::allocator<void> > >, std::shared_ptr<test_interfaces::msg::Test_<std::allocator<void> > >, std::shared_ptr<test_interfaces::msg::Test_<std::allocator<void> > >, std::shared_ptr<test_interfaces::msg::Test_<std::allocator<void> > >); T = Consumer; Policy = message_filters::sync_policies::ApproximateTime<test_interfaces::msg::Test_<std::allocator<void> >, test_interfaces::msg::Test_<std::allocator<void> > >][m[K’
[2.939s] [01m[K/ros2_test/AD_Middle_Test/ros2/src/simple_s/src/intra_pipe.cpp:129:65:[m[K   required from here
[2.939s] [01m[K/opt/ros/foxy/include/message_filters/signal9.h:175:26:[m[K [01;31m[Kerror: [m[Kno matching function for call to ‘[01m[Kstd::shared_ptr<message_filters::CallbackHelper9<test_interfaces::msg::Test_<std::allocator<void> >, test_interfaces::msg::Test_<std::allocator<void> >, message_filters::NullType, message_filters::NullType, message_filters::NullType, message_filters::NullType, message_filters::NullType, message_filters::NullType, message_filters::NullType> >::shared_ptr(message_filters::CallbackHelper9T<std::shared_ptr<test_interfaces::msg::Test_<std::allocator<void> > >, std::shared_ptr<test_interfaces::msg::Test_<std::allocator<void> > >, std::shared_ptr<test_interfaces::msg::Test_<std::allocator<void> > >, std::shared_ptr<test_interfaces::msg::Test_<std::allocator<void> > >, const std::shared_ptr<const message_filters::NullType>&, const std::shared_ptr<const message_filters::NullType>&, const std::shared_ptr<const message_filters::NullType>&, const std::shared_ptr<const message_filters::NullType>&, const std::shared_ptr<const message_filters::NullType>&>*&)[m[K’
[2.940s]   175 |     callbacks_.push_back([01;31m[KCallbackHelper9Ptr(helper)[m[K);
[2.940s]       |                          [01;31m[K^~~~~~~~~~~~~~~~~~~~~~~~~~[m[K
[2.940s] In file included from [01m[K/usr/include/c++/9/memory:81[m[K,
[2.940s]                  from [01m[K/ros2_test/AD_Middle_Test/ros2/src/simple_s/src/intra_pipe.cpp:4[m[K:
[2.940s] [01m[K/usr/include/c++/9/bits/shared_ptr.h:367:7:[m[K [01;36m[Knote: [m[Kcandidate: ‘[01m[Kstd::shared_ptr<_Tp>::shared_ptr(const std::weak_ptr<_Tp>&, std::nothrow_t) [with _Tp = message_filters::CallbackHelper9<test_interfaces::msg::Test_<std::allocator<void> >, test_interfaces::msg::Test_<std::allocator<void> >, message_filters::NullType, message_filters::NullType, message_filters::NullType, message_filters::NullType, message_filters::NullType, message_filters::NullType, message_filters::NullType>][m[K’
[2.940s]   367 |       [01;36m[Kshared_ptr[m[K(const weak_ptr<_Tp>& __r, std::nothrow_t)
[2.940s]       |       [01;36m[K^~~~~~~~~~[m[K
[2.941s] [01m[K/usr/include/c++/9/bits/shared_ptr.h:367:7:[m[K [01;36m[Knote: [m[K  candidate expects 2 arguments, 1 provided
[2.941s] [01m[K/usr/include/c++/9/bits/shared_ptr.h:358:2:[m[K [01;36m[Knote: [m[Kcandidate: ‘[01m[Ktemplate<class _Alloc, class ... _Args> std::shared_ptr<_Tp>::shared_ptr(std::_Sp_alloc_shared_tag<_Tp>, _Args&& ...)[m[K’
[2.941s]   358 |  [01;36m[Kshared_ptr[m[K(_Sp_alloc_shared_tag<_Alloc> __tag, _Args&&... __args)
[2.941s]       |  [01;36m[K^~~~~~~~~~[m[K
[2.941s] [01m[K/usr/include/c++/9/bits/shared_ptr.h:358:2:[m[K [01;36m[Knote: [m[K  template argument deduction/substitution failed:
[2.941s] In file included from [01m[K/opt/ros/foxy/include/message_filters/synchronizer.h:47[m[K,
[2.941s]                  from [01m[K/ros2_test/AD_Middle_Test/ros2/src/simple_s/src/intra_pipe.cpp:11[m[K:
[2.941s] [01m[K/opt/ros/foxy/include/message_filters/signal9.h:175:26:[m[K [01;36m[Knote: [m[K  mismatched types ‘[01m[Kstd::_Sp_alloc_shared_tag<_Tp>[m[K’ and ‘[01m[Kmessage_filters::CallbackHelper9T<std::shared_ptr<test_interfaces::msg::Test_<std::allocator<void> > >, std::shared_ptr<test_interfaces::msg::Test_<std::allocator<void> > >, std::shared_ptr<test_interfaces::msg::Test_<std::allocator<void> > >, std::shared_ptr<test_interfaces::msg::Test_<std::allocator<void> > >, const std::shared_ptr<const message_filters::NullType>&, const std::shared_ptr<const message_filters::NullType>&, const std::shared_ptr<const message_filters::NullType>&, const std::shared_ptr<const message_filters::NullType>&, const std::shared_ptr<const message_filters::NullType>&>*[m[K’
[2.942s]   175 |     callbacks_.push_back([01;36m[KCallbackHelper9Ptr(helper)[m[K);
[2.942s]       |                          [01;36m[K^~~~~~~~~~~~~~~~~~~~~~~~~~[m[K
[2.942s] In file included from [01m[K/usr/include/c++/9/memory:81[m[K,
[2.942s]                  from [01m[K/ros2_test/AD_Middle_Test/ros2/src/simple_s/src/intra_pipe.cpp:4[m[K:
[2.942s] [01m[K/usr/include/c++/9/bits/shared_ptr.h:307:17:[m[K [01;36m[Knote: [m[Kcandidate: ‘[01m[Kconstexpr std::shared_ptr<_Tp>::shared_ptr(std::nullptr_t) [with _Tp = message_filters::CallbackHelper9<test_interfaces::msg::Test_<std::allocator<void> >, test_interfaces::msg::Test_<std::allocator<void> >, message_filters::NullType, message_filters::NullType, message_filters::NullType, message_filters::NullType, message_filters::NullType, message_filters::NullType, message_filters::NullType>; std::nullptr_t = std::nullptr_t][m[K’
[2.942s]   307 |       constexpr [01;36m[Kshared_ptr[m[K(nullptr_t) noexcept : shared_ptr() { }
[2.942s]       |                 [01;36m[K^~~~~~~~~~[m[K
[2.943s] [01m[K/usr/include/c++/9/bits/shared_ptr.h:307:28:[m[K [01;36m[Knote: [m[K  no known conversion for argument 1 from ‘[01m[Kmessage_filters::CallbackHelper9T<std::shared_ptr<test_interfaces::msg::Test_<std::allocator<void> > >, std::shared_ptr<test_interfaces::msg::Test_<std::allocator<void> > >, std::shared_ptr<test_interfaces::msg::Test_<std::allocator<void> > >, std::shared_ptr<test_interfaces::msg::Test_<std::allocator<void> > >, const std::shared_ptr<const message_filters::NullType>&, const std::shared_ptr<const message_filters::NullType>&, const std::shared_ptr<const message_filters::NullType>&, const std::shared_ptr<const message_filters::NullType>&, const std::shared_ptr<const message_filters::NullType>&>*[m[K’ to ‘[01m[Kstd::nullptr_t[m[K’
[2.943s]   307 |       constexpr shared_ptr([01;36m[Knullptr_t[m[K) noexcept : shared_ptr() { }
[2.943s]       |                            [01;36m[K^~~~~~~~~[m[K
[2.943s] [01m[K/usr/include/c++/9/bits/shared_ptr.h:299:2:[m[K [01;36m[Knote: [m[Kcandidate: ‘[01m[Ktemplate<class _Yp, class _Del, std::shared_ptr<message_filters::CallbackHelper9<test_interfaces::msg::Test_<std::allocator<void> >, test_interfaces::msg::Test_<std::allocator<void> >, message_filters::NullType, message_filters::NullType, message_filters::NullType, message_filters::NullType, message_filters::NullType, message_filters::NullType, message_filters::NullType> >::_Constructible<std::unique_ptr<_Tp, _Dp>, std::__sp_array_delete>* <anonymous> > std::shared_ptr<_Tp>::shared_ptr(std::unique_ptr<_Up, _Ep>&&)[m[K’
[2.943s]   299 |  [01;36m[Kshared_ptr[m[K(unique_ptr<_Yp, _Del>&& __r)
[2.943s]       |  [01;36m[K^~~~~~~~~~[m[K
[2.943s] [01m[K/usr/include/c++/9/bits/shared_ptr.h:299:2:[m[K [01;36m[Knote: [m[K  template argument deduction/substitution failed:
[2.944s] In file included from [01m[K/opt/ros/foxy/include/message_filters/synchronizer.h:47[m[K,
[2.944s]                  from [01m[K/ros2_test/AD_Middle_Test/ros2/src/simple_s/src/intra_pipe.cpp:11[m[K:
[2.944s] [01m[K/opt/ros/foxy/include/message_filters/signal9.h:175:26:[m[K [01;36m[Knote: [m[K  mismatched types ‘[01m[Kstd::unique_ptr<_Tp, _Dp>[m[K’ and ‘[01m[Kmessage_filters::CallbackHelper9T<std::shared_ptr<test_interfaces::msg::Test_<std::allocator<void> > >, std::shared_ptr<test_interfaces::msg::Test_<std::allocator<void> > >, std::shared_ptr<test_interfaces::msg::Test_<std::allocator<void> > >, std::shared_ptr<test_interfaces::msg::Test_<std::allocator<void> > >, const std::shared_ptr<const message_filters::NullType>&, const std::shared_ptr<const message_filters::NullType>&, const std::shared_ptr<const message_filters::NullType>&, const std::shared_ptr<const message_filters::NullType>&, const std::shared_ptr<const message_filters::NullType>&>*[m[K’
[2.944s]   175 |     callbacks_.push_back([01;36m[KCallbackHelper9Ptr(helper)[m[K);
[2.944s]       |                          [01;36m[K^~~~~~~~~~~~~~~~~~~~~~~~~~[m[K
[2.944s] In file included from [01m[K/usr/include/c++/9/memory:81[m[K,
[2.944s]                  from [01m[K/ros2_test/AD_Middle_Test/ros2/src/simple_s/src/intra_pipe.cpp:4[m[K:
[2.945s] [01m[K/usr/include/c++/9/bits/shared_ptr.h:290:2:[m[K [01;36m[Knote: [m[Kcandidate: ‘[01m[Ktemplate<class _Yp, class _Del, class> std::shared_ptr<_Tp>::shared_ptr(std::unique_ptr<_Up, _Ep>&&)[m[K’
[2.945s]   290 |  [01;36m[Kshared_ptr[m[K(unique_ptr<_Yp, _Del>&& __r)
[2.945s]       |  [01;36m[K^~~~~~~~~~[m[K
[2.945s] [01m[K/usr/include/c++/9/bits/shared_ptr.h:290:2:[m[K [01;36m[Knote: [m[K  template argument deduction/substitution failed:
[2.945s] In file included from [01m[K/opt/ros/foxy/include/message_filters/synchronizer.h:47[m[K,
[2.945s]                  from [01m[K/ros2_test/AD_Middle_Test/ros2/src/simple_s/src/intra_pipe.cpp:11[m[K:
[2.945s] [01m[K/opt/ros/foxy/include/message_filters/signal9.h:175:26:[m[K [01;36m[Knote: [m[K  mismatched types ‘[01m[Kstd::unique_ptr<_Tp, _Dp>[m[K’ and ‘[01m[Kmessage_filters::CallbackHelper9T<std::shared_ptr<test_interfaces::msg::Test_<std::allocator<void> > >, std::shared_ptr<test_interfaces::msg::Test_<std::allocator<void> > >, std::shared_ptr<test_interfaces::msg::Test_<std::allocator<void> > >, std::shared_ptr<test_interfaces::msg::Test_<std::allocator<void> > >, const std::shared_ptr<const message_filters::NullType>&, const std::shared_ptr<const message_filters::NullType>&, const std::shared_ptr<const message_filters::NullType>&, const std::shared_ptr<const message_filters::NullType>&, const std::shared_ptr<const message_filters::NullType>&>*[m[K’
[2.945s]   175 |     callbacks_.push_back([01;36m[KCallbackHelper9Ptr(helper)[m[K);
[2.946s]       |                          [01;36m[K^~~~~~~~~~~~~~~~~~~~~~~~~~[m[K
[2.946s] In file included from [01m[K/usr/include/c++/9/memory:81[m[K,
[2.946s]                  from [01m[K/ros2_test/AD_Middle_Test/ros2/src/simple_s/src/intra_pipe.cpp:4[m[K:
[2.946s] [01m[K/usr/include/c++/9/bits/shared_ptr.h:282:2:[m[K [01;36m[Knote: [m[Kcandidate: ‘[01m[Ktemplate<class _Yp, class> std::shared_ptr<_Tp>::shared_ptr(std::auto_ptr<_Up>&&)[m[K’
[2.946s]   282 |  [01;36m[Kshared_ptr[m[K(auto_ptr<_Yp>&& __r);
[2.946s]       |  [01;36m[K^~~~~~~~~~[m[K
[2.946s] [01m[K/usr/include/c++/9/bits/shared_ptr.h:282:2:[m[K [01;36m[Knote: [m[K  template argument deduction/substitution failed:
[2.947s] In file included from [01m[K/opt/ros/foxy/include/message_filters/synchronizer.h:47[m[K,
[2.947s]                  from [01m[K/ros2_test/AD_Middle_Test/ros2/src/simple_s/src/intra_pipe.cpp:11[m[K:
[2.947s] [01m[K/opt/ros/foxy/include/message_filters/signal9.h:175:26:[m[K [01;36m[Knote: [m[K  mismatched types ‘[01m[Kstd::auto_ptr<_Up>[m[K’ and ‘[01m[Kmessage_filters::CallbackHelper9T<std::shared_ptr<test_interfaces::msg::Test_<std::allocator<void> > >, std::shared_ptr<test_interfaces::msg::Test_<std::allocator<void> > >, std::shared_ptr<test_interfaces::msg::Test_<std::allocator<void> > >, std::shared_ptr<test_interfaces::msg::Test_<std::allocator<void> > >, const std::shared_ptr<const message_filters::NullType>&, const std::shared_ptr<const message_filters::NullType>&, const std::shared_ptr<const message_filters::NullType>&, const std::shared_ptr<const message_filters::NullType>&, const std::shared_ptr<const message_filters::NullType>&>*[m[K’
[2.947s]   175 |     callbacks_.push_back([01;36m[KCallbackHelper9Ptr(helper)[m[K);
[2.947s]       |                          [01;36m[K^~~~~~~~~~~~~~~~~~~~~~~~~~[m[K
[2.947s] In file included from [01m[K/usr/include/c++/9/memory:81[m[K,
[2.947s]                  from [01m[K/ros2_test/AD_Middle_Test/ros2/src/simple_s/src/intra_pipe.cpp:4[m[K:
[2.948s] [01m[K/usr/include/c++/9/bits/shared_ptr.h:275:11:[m[K [01;36m[Knote: [m[Kcandidate: ‘[01m[Ktemplate<class _Yp, class> std::shared_ptr<_Tp>::shared_ptr(const std::weak_ptr<_Yp>&)[m[K’
[2.948s]   275 |  explicit [01;36m[Kshared_ptr[m[K(const weak_ptr<_Yp>& __r)
[2.948s]       |           [01;36m[K^~~~~~~~~~[m[K
[2.948s] [01m[K/usr/include/c++/9/bits/shared_ptr.h:275:11:[m[K [01;36m[Knote: [m[K  template argument deduction/substitution failed:
[2.948s] In file included from [01m[K/opt/ros/foxy/include/message_filters/synchronizer.h:47[m[K,
[2.948s]                  from [01m[K/ros2_test/AD_Middle_Test/ros2/src/simple_s/src/intra_pipe.cpp:11[m[K:
[2.948s] [01m[K/opt/ros/foxy/include/message_filters/signal9.h:175:26:[m[K [01;36m[Knote: [m[K  mismatched types ‘[01m[Kconst std::weak_ptr<_Tp>[m[K’ and ‘[01m[Kmessage_filters::CallbackHelper9T<std::shared_ptr<test_interfaces::msg::Test_<std::allocator<void> > >, std::shared_ptr<test_interfaces::msg::Test_<std::allocator<void> > >, std::shared_ptr<test_interfaces::msg::Test_<std::allocator<void> > >, std::shared_ptr<test_interfaces::msg::Test_<std::allocator<void> > >, const std::shared_ptr<const message_filters::NullType>&, const std::shared_ptr<const message_filters::NullType>&, const std::shared_ptr<const message_filters::NullType>&, const std::shared_ptr<const message_filters::NullType>&, const std::shared_ptr<const message_filters::NullType>&>*[m[K’
[2.948s]   175 |     callbacks_.push_back([01;36m[KCallbackHelper9Ptr(helper)[m[K);
[2.949s]       |                          [01;36m[K^~~~~~~~~~~~~~~~~~~~~~~~~~[m[K
[2.949s] In file included from [01m[K/usr/include/c++/9/memory:81[m[K,
[2.949s]                  from [01m[K/ros2_test/AD_Middle_Test/ros2/src/simple_s/src/intra_pipe.cpp:4[m[K:
[2.949s] [01m[K/usr/include/c++/9/bits/shared_ptr.h:263:2:[m[K [01;36m[Knote: [m[Kcandidate: ‘[01m[Ktemplate<class _Yp, class> std::shared_ptr<_Tp>::shared_ptr(std::shared_ptr<_Yp>&&)[m[K’
[2.949s]   263 |  [01;36m[Kshared_ptr[m[K(shared_ptr<_Yp>&& __r) noexcept
[2.949s]       |  [01;36m[K^~~~~~~~~~[m[K
[2.949s] [01m[K/usr/include/c++/9/bits/shared_ptr.h:263:2:[m[K [01;36m[Knote: [m[K  template argument deduction/substitution failed:
[2.950s] In file included from [01m[K/opt/ros/foxy/include/message_filters/synchronizer.h:47[m[K,
[2.950s]                  from [01m[K/ros2_test/AD_Middle_Test/ros2/src/simple_s/src/intra_pipe.cpp:11[m[K:
[2.950s] [01m[K/opt/ros/foxy/include/message_filters/signal9.h:175:26:[m[K [01;36m[Knote: [m[K  mismatched types ‘[01m[Kstd::shared_ptr<_Tp>[m[K’ and ‘[01m[Kmessage_filters::CallbackHelper9T<std::shared_ptr<test_interfaces::msg::Test_<std::allocator<void> > >, std::shared_ptr<test_interfaces::msg::Test_<std::allocator<void> > >, std::shared_ptr<test_interfaces::msg::Test_<std::allocator<void> > >, std::shared_ptr<test_interfaces::msg::Test_<std::allocator<void> > >, const std::shared_ptr<const message_filters::NullType>&, const std::shared_ptr<const message_filters::NullType>&, const std::shared_ptr<const message_filters::NullType>&, const std::shared_ptr<const message_filters::NullType>&, const std::shared_ptr<const message_filters::NullType>&>*[m[K’
[2.950s]   175 |     callbacks_.push_back([01;36m[KCallbackHelper9Ptr(helper)[m[K);
[2.950s]       |                          [01;36m[K^~~~~~~~~~~~~~~~~~~~~~~~~~[m[K
[2.950s] In file included from [01m[K/usr/include/c++/9/memory:81[m[K,
[2.950s]                  from [01m[K/ros2_test/AD_Middle_Test/ros2/src/simple_s/src/intra_pipe.cpp:4[m[K:
[2.951s] [01m[K/usr/include/c++/9/bits/shared_ptr.h:254:7:[m[K [01;36m[Knote: [m[Kcandidate: ‘[01m[Kstd::shared_ptr<_Tp>::shared_ptr(std::shared_ptr<_Tp>&&) [with _Tp = message_filters::CallbackHelper9<test_interfaces::msg::Test_<std::allocator<void> >, test_interfaces::msg::Test_<std::allocator<void> >, message_filters::NullType, message_filters::NullType, message_filters::NullType, message_filters::NullType, message_filters::NullType, message_filters::NullType, message_filters::NullType>][m[K’
[2.951s]   254 |       [01;36m[Kshared_ptr[m[K(shared_ptr&& __r) noexcept
[2.951s]       |       [01;36m[K^~~~~~~~~~[m[K
[2.951s] [01m[K/usr/include/c++/9/bits/shared_ptr.h:254:31:[m[K [01;36m[Knote: [m[K  no known conversion for argument 1 from ‘[01m[Kmessage_filters::CallbackHelper9T<std::shared_ptr<test_interfaces::msg::Test_<std::allocator<void> > >, std::shared_ptr<test_interfaces::msg::Test_<std::allocator<void> > >, std::shared_ptr<test_interfaces::msg::Test_<std::allocator<void> > >, std::shared_ptr<test_interfaces::msg::Test_<std::allocator<void> > >, const std::shared_ptr<const message_filters::NullType>&, const std::shared_ptr<const message_filters::NullType>&, const std::shared_ptr<const message_filters::NullType>&, const std::shared_ptr<const message_filters::NullType>&, const std::shared_ptr<const message_filters::NullType>&>*[m[K’ to ‘[01m[Kstd::shared_ptr<message_filters::CallbackHelper9<test_interfaces::msg::Test_<std::allocator<void> >, test_interfaces::msg::Test_<std::allocator<void> >, message_filters::NullType, message_filters::NullType, message_filters::NullType, message_filters::NullType, message_filters::NullType, message_filters::NullType, message_filters::NullType> >&&[m[K’
[2.951s]   254 |       shared_ptr([01;36m[Kshared_ptr&& __r[m[K) noexcept
[2.951s]       |                  [01;36m[K~~~~~~~~~~~~~^~~[m[K
[2.951s] [01m[K/usr/include/c++/9/bits/shared_ptr.h:246:2:[m[K [01;36m[Knote: [m[Kcandidate: ‘[01m[Ktemplate<class _Yp, class> std::shared_ptr<_Tp>::shared_ptr(const std::shared_ptr<_Yp>&)[m[K’
[2.952s]   246 |  [01;36m[Kshared_ptr[m[K(const shared_ptr<_Yp>& __r) noexcept
[2.952s]       |  [01;36m[K^~~~~~~~~~[m[K
[2.952s] [01m[K/usr/include/c++/9/bits/shared_ptr.h:246:2:[m[K [01;36m[Knote: [m[K  template argument deduction/substitution failed:
[2.952s] In file included from [01m[K/opt/ros/foxy/include/message_filters/synchronizer.h:47[m[K,
[2.952s]                  from [01m[K/ros2_test/AD_Middle_Test/ros2/src/simple_s/src/intra_pipe.cpp:11[m[K:
[2.952s] [01m[K/opt/ros/foxy/include/message_filters/signal9.h:175:26:[m[K [01;36m[Knote: [m[K  mismatched types ‘[01m[Kconst std::shared_ptr<_Tp>[m[K’ and ‘[01m[Kmessage_filters::CallbackHelper9T<std::shared_ptr<test_interfaces::msg::Test_<std::allocator<void> > >, std::shared_ptr<test_interfaces::msg::Test_<std::allocator<void> > >, std::shared_ptr<test_interfaces::msg::Test_<std::allocator<void> > >, std::shared_ptr<test_interfaces::msg::Test_<std::allocator<void> > >, const std::shared_ptr<const message_filters::NullType>&, const std::shared_ptr<const message_filters::NullType>&, const std::shared_ptr<const message_filters::NullType>&, const std::shared_ptr<const message_filters::NullType>&, const std::shared_ptr<const message_filters::NullType>&>*[m[K’
[2.952s]   175 |     callbacks_.push_back([01;36m[KCallbackHelper9Ptr(helper)[m[K);
[2.952s]       |                          [01;36m[K^~~~~~~~~~~~~~~~~~~~~~~~~~[m[K
[2.953s] In file included from [01m[K/usr/include/c++/9/memory:81[m[K,
[2.953s]                  from [01m[K/ros2_test/AD_Middle_Test/ros2/src/simple_s/src/intra_pipe.cpp:4[m[K:
[2.953s] [01m[K/usr/include/c++/9/bits/shared_ptr.h:234:2:[m[K [01;36m[Knote: [m[Kcandidate: ‘[01m[Ktemplate<class _Yp> std::shared_ptr<_Tp>::shared_ptr(const std::shared_ptr<_Yp>&, std::shared_ptr<_Tp>::element_type*)[m[K’
[2.953s]   234 |  [01;36m[Kshared_ptr[m[K(const shared_ptr<_Yp>& __r, element_type* __p) noexcept
[2.953s]       |  [01;36m[K^~~~~~~~~~[m[K
[2.953s] [01m[K/usr/include/c++/9/bits/shared_ptr.h:234:2:[m[K [01;36m[Knote: [m[K  template argument deduction/substitution failed:
[2.953s] In file included from [01m[K/opt/ros/foxy/include/message_filters/synchronizer.h:47[m[K,
[2.954s]                  from [01m[K/ros2_test/AD_Middle_Test/ros2/src/simple_s/src/intra_pipe.cpp:11[m[K:
[2.954s] [01m[K/opt/ros/foxy/include/message_filters/signal9.h:175:26:[m[K [01;36m[Knote: [m[K  mismatched types ‘[01m[Kconst std::shared_ptr<_Tp>[m[K’ and ‘[01m[Kmessage_filters::CallbackHelper9T<std::shared_ptr<test_interfaces::msg::Test_<std::allocator<void> > >, std::shared_ptr<test_interfaces::msg::Test_<std::allocator<void> > >, std::shared_ptr<test_interfaces::msg::Test_<std::allocator<void> > >, std::shared_ptr<test_interfaces::msg::Test_<std::allocator<void> > >, const std::shared_ptr<const message_filters::NullType>&, const std::shared_ptr<const message_filters::NullType>&, const std::shared_ptr<const message_filters::NullType>&, const std::shared_ptr<const message_filters::NullType>&, const std::shared_ptr<const message_filters::NullType>&>*[m[K’
[2.954s]   175 |     callbacks_.push_back([01;36m[KCallbackHelper9Ptr(helper)[m[K);
[2.954s]       |                          [01;36m[K^~~~~~~~~~~~~~~~~~~~~~~~~~[m[K
[2.954s] In file included from [01m[K/usr/include/c++/9/memory:81[m[K,
[2.954s]                  from [01m[K/ros2_test/AD_Middle_Test/ros2/src/simple_s/src/intra_pipe.cpp:4[m[K:
[2.954s] [01m[K/usr/include/c++/9/bits/shared_ptr.h:212:2:[m[K [01;36m[Knote: [m[Kcandidate: ‘[01m[Ktemplate<class _Deleter, class _Alloc> std::shared_ptr<_Tp>::shared_ptr(std::nullptr_t, _Deleter, _Alloc)[m[K’
[2.955s]   212 |  [01;36m[Kshared_ptr[m[K(nullptr_t __p, _Deleter __d, _Alloc __a)
[2.955s]       |  [01;36m[K^~~~~~~~~~[m[K
[2.955s] [01m[K/usr/include/c++/9/bits/shared_ptr.h:212:2:[m[K [01;36m[Knote: [m[K  template argument deduction/substitution failed:
[2.955s] In file included from [01m[K/opt/ros/foxy/include/message_filters/synchronizer.h:47[m[K,
[2.955s]                  from [01m[K/ros2_test/AD_Middle_Test/ros2/src/simple_s/src/intra_pipe.cpp:11[m[K:
[2.955s] [01m[K/opt/ros/foxy/include/message_filters/signal9.h:175:26:[m[K [01;36m[Knote: [m[K  candidate expects 3 arguments, 1 provided
[2.955s]   175 |     callbacks_.push_back([01;36m[KCallbackHelper9Ptr(helper)[m[K);
[2.955s]       |                          [01;36m[K^~~~~~~~~~~~~~~~~~~~~~~~~~[m[K
[2.956s] In file included from [01m[K/usr/include/c++/9/memory:81[m[K,
[2.956s]                  from [01m[K/ros2_test/AD_Middle_Test/ros2/src/simple_s/src/intra_pipe.cpp:4[m[K:
[2.956s] [01m[K/usr/include/c++/9/bits/shared_ptr.h:193:2:[m[K [01;36m[Knote: [m[Kcandidate: ‘[01m[Ktemplate<class _Yp, class _Deleter, class _Alloc, class> std::shared_ptr<_Tp>::shared_ptr(_Yp*, _Deleter, _Alloc)[m[K’
[2.956s]   193 |  [01;36m[Kshared_ptr[m[K(_Yp* __p, _Deleter __d, _Alloc __a)
[2.956s]       |  [01;36m[K^~~~~~~~~~[m[K
[2.956s] [01m[K/usr/include/c++/9/bits/shared_ptr.h:193:2:[m[K [01;36m[Knote: [m[K  template argument deduction/substitution failed:
[2.956s] In file included from [01m[K/opt/ros/foxy/include/message_filters/synchronizer.h:47[m[K,
[2.957s]                  from [01m[K/ros2_test/AD_Middle_Test/ros2/src/simple_s/src/intra_pipe.cpp:11[m[K:
[2.957s] [01m[K/opt/ros/foxy/include/message_filters/signal9.h:175:26:[m[K [01;36m[Knote: [m[K  candidate expects 3 arguments, 1 provided
[2.957s]   175 |     callbacks_.push_back([01;36m[KCallbackHelper9Ptr(helper)[m[K);
[2.957s]       |                          [01;36m[K^~~~~~~~~~~~~~~~~~~~~~~~~~[m[K
[2.957s] In file included from [01m[K/usr/include/c++/9/memory:81[m[K,
[2.957s]                  from [01m[K/ros2_test/AD_Middle_Test/ros2/src/simple_s/src/intra_pipe.cpp:4[m[K:
[2.957s] [01m[K/usr/include/c++/9/bits/shared_ptr.h:173:2:[m[K [01;36m[Knote: [m[Kcandidate: ‘[01m[Ktemplate<class _Deleter> std::shared_ptr<_Tp>::shared_ptr(std::nullptr_t, _Deleter)[m[K’
[2.958s]   173 |  [01;36m[Kshared_ptr[m[K(nullptr_t __p, _Deleter __d)
[2.958s]       |  [01;36m[K^~~~~~~~~~[m[K
[2.958s] [01m[K/usr/include/c++/9/bits/shared_ptr.h:173:2:[m[K [01;36m[Knote: [m[K  template argument deduction/substitution failed:
[2.958s] In file included from [01m[K/opt/ros/foxy/include/message_filters/synchronizer.h:47[m[K,
[2.958s]                  from [01m[K/ros2_test/AD_Middle_Test/ros2/src/simple_s/src/intra_pipe.cpp:11[m[K:
[2.958s] [01m[K/opt/ros/foxy/include/message_filters/signal9.h:175:26:[m[K [01;36m[Knote: [m[K  candidate expects 2 arguments, 1 provided
[2.958s]   175 |     callbacks_.push_back([01;36m[KCallbackHelper9Ptr(helper)[m[K);
[2.959s]       |                          [01;36m[K^~~~~~~~~~~~~~~~~~~~~~~~~~[m[K
[2.959s] In file included from [01m[K/usr/include/c++/9/memory:81[m[K,
[2.959s]                  from [01m[K/ros2_test/AD_Middle_Test/ros2/src/simple_s/src/intra_pipe.cpp:4[m[K:
[2.959s] [01m[K/usr/include/c++/9/bits/shared_ptr.h:156:2:[m[K [01;36m[Knote: [m[Kcandidate: ‘[01m[Ktemplate<class _Yp, class _Deleter, class> std::shared_ptr<_Tp>::shared_ptr(_Yp*, _Deleter)[m[K’
[2.959s]   156 |  [01;36m[Kshared_ptr[m[K(_Yp* __p, _Deleter __d)
[2.959s]       |  [01;36m[K^~~~~~~~~~[m[K
[2.959s] [01m[K/usr/include/c++/9/bits/shared_ptr.h:156:2:[m[K [01;36m[Knote: [m[K  template argument deduction/substitution failed:
[2.959s] In file included from [01m[K/opt/ros/foxy/include/message_filters/synchronizer.h:47[m[K,
[2.960s]                  from [01m[K/ros2_test/AD_Middle_Test/ros2/src/simple_s/src/intra_pipe.cpp:11[m[K:
[2.960s] [01m[K/opt/ros/foxy/include/message_filters/signal9.h:175:26:[m[K [01;36m[Knote: [m[K  candidate expects 2 arguments, 1 provided
[2.960s]   175 |     callbacks_.push_back([01;36m[KCallbackHelper9Ptr(helper)[m[K);
[2.960s]       |                          [01;36m[K^~~~~~~~~~~~~~~~~~~~~~~~~~[m[K
[2.960s] In file included from [01m[K/usr/include/c++/9/memory:81[m[K,
[2.960s]                  from [01m[K/ros2_test/AD_Middle_Test/ros2/src/simple_s/src/intra_pipe.cpp:4[m[K:
[2.960s] [01m[K/usr/include/c++/9/bits/shared_ptr.h:139:2:[m[K [01;36m[Knote: [m[Kcandidate: ‘[01m[Ktemplate<class _Yp, class> std::shared_ptr<_Tp>::shared_ptr(_Yp*)[m[K’
[2.961s]   139 |  [01;36m[Kshared_ptr[m[K(_Yp* __p) : __shared_ptr<_Tp>(__p) { }
[2.961s]       |  [01;36m[K^~~~~~~~~~[m[K
[2.961s] [01m[K/usr/include/c++/9/bits/shared_ptr.h:139:2:[m[K [01;36m[Knote: [m[K  template argument deduction/substitution failed:
[2.961s] /usr/include/c++/9/bits/shared_ptr.h: In substitution of ‘[01m[Ktemplate<class _Tp> template<class ... _Args> using _Constructible = typename std::enable_if<std::is_constructible<std::__shared_ptr<_Tp>, _Args ...>::value>::type [with _Args = {message_filters::CallbackHelper9T<std::shared_ptr<test_interfaces::msg::Test_<std::allocator<void> > >, std::shared_ptr<test_interfaces::msg::Test_<std::allocator<void> > >, std::shared_ptr<test_interfaces::msg::Test_<std::allocator<void> > >, std::shared_ptr<test_interfaces::msg::Test_<std::allocator<void> > >, const std::shared_ptr<const message_filters::NullType>&, const std::shared_ptr<const message_filters::NullType>&, const std::shared_ptr<const message_filters::NullType>&, const std::shared_ptr<const message_filters::NullType>&, const std::shared_ptr<const message_filters::NullType>&>*}; _Tp = message_filters::CallbackHelper9<test_interfaces::msg::Test_<std::allocator<void> >, test_interfaces::msg::Test_<std::allocator<void> >, message_filters::NullType, message_filters::NullType, message_filters::NullType, message_filters::NullType, message_filters::NullType, message_filters::NullType, message_filters::NullType>][m[K’:
[2.961s] [01m[K/usr/include/c++/9/bits/shared_ptr.h:137:30:[m[K   required from ‘[01m[Kmessage_filters::Connection message_filters::Signal9<M0, M1, M2, M3, M4, M5, M6, M7, M8>::addCallback(const std::function<void(P0, P1, P2, P3, P4, P5, P6, P7, P8)>&) [with P0 = std::shared_ptr<test_interfaces::msg::Test_<std::allocator<void> > >; P1 = std::shared_ptr<test_interfaces::msg::Test_<std::allocator<void> > >; P2 = std::shared_ptr<test_interfaces::msg::Test_<std::allocator<void> > >; P3 = std::shared_ptr<test_interfaces::msg::Test_<std::allocator<void> > >; P4 = const std::shared_ptr<const message_filters::NullType>&; P5 = const std::shared_ptr<const message_filters::NullType>&; P6 = const std::shared_ptr<const message_filters::NullType>&; P7 = const std::shared_ptr<const message_filters::NullType>&; P8 = const std::shared_ptr<const message_filters::NullType>&; M0 = test_interfaces::msg::Test_<std::allocator<void> >; M1 = test_interfaces::msg::Test_<std::allocator<void> >; M2 = message_filters::NullType; M3 = message_filters::NullType; M4 = message_filters::NullType; M5 = message_filters::NullType; M6 = message_filters::NullType; M7 = message_filters::NullType; M8 = message_filters::NullType][m[K’
[2.961s] [01m[K/opt/ros/foxy/include/message_filters/signal9.h:242:210:[m[K   required from ‘[01m[Kmessage_filters::Connection message_filters::Signal9<M0, M1, M2, M3, M4, M5, M6, M7, M8>::addCallback(void (T::*)(P0, P1, P2, P3), T*) [with T = Consumer; P0 = std::shared_ptr<test_interfaces::msg::Test_<std::allocator<void> > >; P1 = std::shared_ptr<test_interfaces::msg::Test_<std::allocator<void> > >; P2 = std::shared_ptr<test_interfaces::msg::Test_<std::allocator<void> > >; P3 = std::shared_ptr<test_interfaces::msg::Test_<std::allocator<void> > >; M0 = test_interfaces::msg::Test_<std::allocator<void> >; M1 = test_interfaces::msg::Test_<std::allocator<void> >; M2 = message_filters::NullType; M3 = message_filters::NullType; M4 = message_filters::NullType; M5 = message_filters::NullType; M6 = message_filters::NullType; M7 = message_filters::NullType; M8 = message_filters::NullType][m[K’
[2.961s] [01m[K/opt/ros/foxy/include/message_filters/synchronizer.h:304:43:[m[K   required from ‘[01m[Kmessage_filters::Connection message_filters::Synchronizer<Policy>::registerCallback(const C&, T*) [with C = void (Consumer::*)(std::shared_ptr<test_interfaces::msg::Test_<std::allocator<void> > >, std::shared_ptr<test_interfaces::msg::Test_<std::allocator<void> > >, std::shared_ptr<test_interfaces::msg::Test_<std::allocator<void> > >, std::shared_ptr<test_interfaces::msg::Test_<std::allocator<void> > >); T = Consumer; Policy = message_filters::sync_policies::ApproximateTime<test_interfaces::msg::Test_<std::allocator<void> >, test_interfaces::msg::Test_<std::allocator<void> > >][m[K’
[2.962s] [01m[K/ros2_test/AD_Middle_Test/ros2/src/simple_s/src/intra_pipe.cpp:129:65:[m[K   required from here
[2.962s] [01m[K/usr/include/c++/9/bits/shared_ptr.h:106:8:[m[K [01;31m[Kerror: [m[Kno type named ‘[01m[Ktype[m[K’ in ‘[01m[Kstruct std::enable_if<false, void>[m[K’
[2.962s]   106 |  using [01;31m[K_Constructible[m[K = typename enable_if<
[2.962s]       |        [01;31m[K^~~~~~~~~~~~~~[m[K
[2.962s] /opt/ros/foxy/include/message_filters/signal9.h: In instantiation of ‘[01m[Kmessage_filters::Connection message_filters::Signal9<M0, M1, M2, M3, M4, M5, M6, M7, M8>::addCallback(const std::function<void(P0, P1, P2, P3, P4, P5, P6, P7, P8)>&) [with P0 = std::shared_ptr<test_interfaces::msg::Test_<std::allocator<void> > >; P1 = std::shared_ptr<test_interfaces::msg::Test_<std::allocator<void> > >; P2 = std::shared_ptr<test_interfaces::msg::Test_<std::allocator<void> > >; P3 = std::shared_ptr<test_interfaces::msg::Test_<std::allocator<void> > >; P4 = const std::shared_ptr<const message_filters::NullType>&; P5 = const std::shared_ptr<const message_filters::NullType>&; P6 = const std::shared_ptr<const message_filters::NullType>&; P7 = const std::shared_ptr<const message_filters::NullType>&; P8 = const std::shared_ptr<const message_filters::NullType>&; M0 = test_interfaces::msg::Test_<std::allocator<void> >; M1 = test_interfaces::msg::Test_<std::allocator<void> >; M2 = message_filters::NullType; M3 = message_filters::NullType; M4 = message_filters::NullType; M5 = message_filters::NullType; M6 = message_filters::NullType; M7 = message_filters::NullType; M8 = message_filters::NullType][m[K’:
[2.962s] [01m[K/opt/ros/foxy/include/message_filters/signal9.h:242:210:[m[K   required from ‘[01m[Kmessage_filters::Connection message_filters::Signal9<M0, M1, M2, M3, M4, M5, M6, M7, M8>::addCallback(void (T::*)(P0, P1, P2, P3), T*) [with T = Consumer; P0 = std::shared_ptr<test_interfaces::msg::Test_<std::allocator<void> > >; P1 = std::shared_ptr<test_interfaces::msg::Test_<std::allocator<void> > >; P2 = std::shared_ptr<test_interfaces::msg::Test_<std::allocator<void> > >; P3 = std::shared_ptr<test_interfaces::msg::Test_<std::allocator<void> > >; M0 = test_interfaces::msg::Test_<std::allocator<void> >; M1 = test_interfaces::msg::Test_<std::allocator<void> >; M2 = message_filters::NullType; M3 = message_filters::NullType; M4 = message_filters::NullType; M5 = message_filters::NullType; M6 = message_filters::NullType; M7 = message_filters::NullType; M8 = message_filters::NullType][m[K’
[2.962s] [01m[K/opt/ros/foxy/include/message_filters/synchronizer.h:304:43:[m[K   required from ‘[01m[Kmessage_filters::Connection message_filters::Synchronizer<Policy>::registerCallback(const C&, T*) [with C = void (Consumer::*)(std::shared_ptr<test_interfaces::msg::Test_<std::allocator<void> > >, std::shared_ptr<test_interfaces::msg::Test_<std::allocator<void> > >, std::shared_ptr<test_interfaces::msg::Test_<std::allocator<void> > >, std::shared_ptr<test_interfaces::msg::Test_<std::allocator<void> > >); T = Consumer; Policy = message_filters::sync_policies::ApproximateTime<test_interfaces::msg::Test_<std::allocator<void> >, test_interfaces::msg::Test_<std::allocator<void> > >][m[K’
[2.963s] [01m[K/ros2_test/AD_Middle_Test/ros2/src/simple_s/src/intra_pipe.cpp:129:65:[m[K   required from here
[2.963s] [01m[K/usr/include/c++/9/bits/shared_ptr.h:129:7:[m[K [01;36m[Knote: [m[Kcandidate: ‘[01m[Kstd::shared_ptr<_Tp>::shared_ptr(const std::shared_ptr<_Tp>&) [with _Tp = message_filters::CallbackHelper9<test_interfaces::msg::Test_<std::allocator<void> >, test_interfaces::msg::Test_<std::allocator<void> >, message_filters::NullType, message_filters::NullType, message_filters::NullType, message_filters::NullType, message_filters::NullType, message_filters::NullType, message_filters::NullType>][m[K’
[2.963s]   129 |       [01;36m[Kshared_ptr[m[K(const shared_ptr&) noexcept = default;
[2.963s]       |       [01;36m[K^~~~~~~~~~[m[K
[2.963s] [01m[K/usr/include/c++/9/bits/shared_ptr.h:129:18:[m[K [01;36m[Knote: [m[K  no known conversion for argument 1 from ‘[01m[Kmessage_filters::CallbackHelper9T<std::shared_ptr<test_interfaces::msg::Test_<std::allocator<void> > >, std::shared_ptr<test_interfaces::msg::Test_<std::allocator<void> > >, std::shared_ptr<test_interfaces::msg::Test_<std::allocator<void> > >, std::shared_ptr<test_interfaces::msg::Test_<std::allocator<void> > >, const std::shared_ptr<const message_filters::NullType>&, const std::shared_ptr<const message_filters::NullType>&, const std::shared_ptr<const message_filters::NullType>&, const std::shared_ptr<const message_filters::NullType>&, const std::shared_ptr<const message_filters::NullType>&>*[m[K’ to ‘[01m[Kconst std::shared_ptr<message_filters::CallbackHelper9<test_interfaces::msg::Test_<std::allocator<void> >, test_interfaces::msg::Test_<std::allocator<void> >, message_filters::NullType, message_filters::NullType, message_filters::NullType, message_filters::NullType, message_filters::NullType, message_filters::NullType, message_filters::NullType> >&[m[K’
[2.963s]   129 |       shared_ptr([01;36m[Kconst shared_ptr&[m[K) noexcept = default;
[2.963s]       |                  [01;36m[K^~~~~~~~~~~~~~~~~[m[K
[2.964s] [01m[K/usr/include/c++/9/bits/shared_ptr.h:127:17:[m[K [01;36m[Knote: [m[Kcandidate: ‘[01m[Kconstexpr std::shared_ptr<_Tp>::shared_ptr() [with _Tp = message_filters::CallbackHelper9<test_interfaces::msg::Test_<std::allocator<void> >, test_interfaces::msg::Test_<std::allocator<void> >, message_filters::NullType, message_filters::NullType, message_filters::NullType, message_filters::NullType, message_filters::NullType, message_filters::NullType, message_filters::NullType>][m[K’
[2.964s]   127 |       constexpr [01;36m[Kshared_ptr[m[K() noexcept : __shared_ptr<_Tp>() { }
[2.964s]       |                 [01;36m[K^~~~~~~~~~[m[K
[2.964s] [01m[K/usr/include/c++/9/bits/shared_ptr.h:127:17:[m[K [01;36m[Knote: [m[K  candidate expects 0 arguments, 1 provided
[5.008s] make[2]: *** [CMakeFiles/intra_pipe.dir/build.make:63: CMakeFiles/intra_pipe.dir/src/intra_pipe.cpp.o] Error 1
[5.008s] make[1]: *** [CMakeFiles/Makefile2:163: CMakeFiles/intra_pipe.dir/all] Error 2
[5.009s] make: *** [Makefile:141: all] Error 2
