[0.080s] [35m[1mScanning dependencies of target talker[0m
[0.080s] [35m[1mScanning dependencies of target listener[0m
[0.080s] [35m[1mScanning dependencies of target intra_pipe[0m
[0.119s] [ 16%] [32mBuilding CXX object CMakeFiles/talker.dir/src/talker.cpp.o[0m
[0.121s] [ 33%] [32mBuilding CXX object CMakeFiles/intra_pipe.dir/src/intra_pipe.cpp.o[0m
[0.124s] [ 50%] [32mBuilding CXX object CMakeFiles/listener.dir/src/listener.cpp.o[0m
[4.447s] [ 66%] [32m[1mLinking CXX executable talker[0m
[4.659s] [ 66%] Built target talker
[8.647s] [ 83%] [32m[1mLinking CXX executable listener[0m
[8.997s] [ 83%] Built target listener
[10.030s] [100%] [32m[1mLinking CXX executable intra_pipe[0m
[10.403s] [100%] Built target intra_pipe
[10.471s] -- Install configuration: ""
[10.472s] -- Installing: /ros2_test/AD_Middle_Test/ros2/src/install/simple_s/lib/simple_s/talker
[10.473s] -- Set runtime path of "/ros2_test/AD_Middle_Test/ros2/src/install/simple_s/lib/simple_s/talker" to ""
[10.473s] -- Installing: /ros2_test/AD_Middle_Test/ros2/src/install/simple_s/lib/simple_s/listener
[10.477s] -- Set runtime path of "/ros2_test/AD_Middle_Test/ros2/src/install/simple_s/lib/simple_s/listener" to ""
[10.477s] -- Installing: /ros2_test/AD_Middle_Test/ros2/src/install/simple_s/lib/simple_s/intra_pipe
[10.481s] -- Set runtime path of "/ros2_test/AD_Middle_Test/ros2/src/install/simple_s/lib/simple_s/intra_pipe" to ""
[10.481s] -- Up-to-date: /ros2_test/AD_Middle_Test/ros2/src/install/simple_s/share/ament_index/resource_index/package_run_dependencies/simple_s
[10.481s] -- Up-to-date: /ros2_test/AD_Middle_Test/ros2/src/install/simple_s/share/ament_index/resource_index/parent_prefix_path/simple_s
[10.481s] -- Up-to-date: /ros2_test/AD_Middle_Test/ros2/src/install/simple_s/share/simple_s/environment/ament_prefix_path.sh
[10.482s] -- Up-to-date: /ros2_test/AD_Middle_Test/ros2/src/install/simple_s/share/simple_s/environment/ament_prefix_path.dsv
[10.482s] -- Up-to-date: /ros2_test/AD_Middle_Test/ros2/src/install/simple_s/share/simple_s/environment/path.sh
[10.482s] -- Up-to-date: /ros2_test/AD_Middle_Test/ros2/src/install/simple_s/share/simple_s/environment/path.dsv
[10.482s] -- Up-to-date: /ros2_test/AD_Middle_Test/ros2/src/install/simple_s/share/simple_s/local_setup.bash
[10.482s] -- Up-to-date: /ros2_test/AD_Middle_Test/ros2/src/install/simple_s/share/simple_s/local_setup.sh
[10.482s] -- Up-to-date: /ros2_test/AD_Middle_Test/ros2/src/install/simple_s/share/simple_s/local_setup.zsh
[10.483s] -- Up-to-date: /ros2_test/AD_Middle_Test/ros2/src/install/simple_s/share/simple_s/local_setup.dsv
[10.483s] -- Installing: /ros2_test/AD_Middle_Test/ros2/src/install/simple_s/share/simple_s/package.dsv
[10.483s] -- Up-to-date: /ros2_test/AD_Middle_Test/ros2/src/install/simple_s/share/ament_index/resource_index/packages/simple_s
[10.483s] -- Up-to-date: /ros2_test/AD_Middle_Test/ros2/src/install/simple_s/share/simple_s/cmake/simple_sConfig.cmake
[10.483s] -- Up-to-date: /ros2_test/AD_Middle_Test/ros2/src/install/simple_s/share/simple_s/cmake/simple_sConfig-version.cmake
[10.483s] -- Up-to-date: /ros2_test/AD_Middle_Test/ros2/src/install/simple_s/share/simple_s/package.xml
