[0.309s] DEBUG:colcon:Command line arguments: ['/usr/bin/colcon', 'build']
[0.309s] DEBUG:colcon:Parsed command line arguments: Namespace(ament_cmake_args=None, base_paths=['.'], build_base='build', catkin_cmake_args=None, catkin_skip_building_tests=False, cmake_args=None, cmake_clean_cache=False, cmake_clean_first=False, cmake_force_configure=False, cmake_target=None, cmake_target_skip_unavailable=False, continue_on_error=False, event_handlers=None, executor='parallel', ignore_user_meta=False, install_base='install', log_base=None, log_level=None, main=<bound method BuildVerb.main of <colcon_core.verb.build.BuildVerb object at 0x7f1a3e122400>>, merge_install=False, metas=['./colcon.meta'], mixin=None, mixin_files=None, mixin_verb=('build',), packages_above=None, packages_above_depth=None, packages_end=None, packages_ignore=None, packages_ignore_regex=None, packages_select=None, packages_select_build_failed=False, packages_select_by_dep=None, packages_select_regex=None, packages_select_test_failures=False, packages_skip=None, packages_skip_build_finished=False, packages_skip_by_dep=None, packages_skip_regex=None, packages_skip_test_passed=False, packages_skip_up_to=None, packages_start=None, packages_up_to=None, parallel_workers=5, paths=None, symlink_install=False, test_result_base=None, verb_extension=<colcon_core.verb.build.BuildVerb object at 0x7f1a3e122400>, verb_name='build', verb_parser=<colcon_mixin.mixin.mixin_argument.MixinArgumentDecorator object at 0x7f1a3e1229d0>)
[0.378s] Level 1:colcon.colcon_core.package_discovery:discover_packages(colcon_meta) check parameters
[0.379s] INFO:colcon.colcon_metadata.package_discovery.colcon_meta:Using configuration from '/root/.colcon/metadata/default/Gazebo.meta'
[0.380s] INFO:colcon.colcon_metadata.package_discovery.colcon_meta:Using configuration from '/root/.colcon/metadata/default/fastrtps.meta'
[0.380s] Level 1:colcon.colcon_core.package_discovery:discover_packages(recursive) check parameters
[0.380s] Level 1:colcon.colcon_core.package_discovery:discover_packages(ignore) check parameters
[0.380s] Level 1:colcon.colcon_core.package_discovery:discover_packages(path) check parameters
[0.380s] Level 1:colcon.colcon_core.package_discovery:discover_packages(colcon_meta) discover
[0.380s] Level 1:colcon.colcon_core.package_discovery:discover_packages(recursive) discover
[0.381s] INFO:colcon.colcon_core.package_discovery:Crawling recursively for packages in '/ros2_test/AD_Middle_Test'
[0.381s] Level 1:colcon.colcon_core.package_identification:_identify(.) by extensions ['ignore', 'ignore_ament_install']
[0.381s] Level 1:colcon.colcon_core.package_identification:_identify(.) by extension 'ignore'
[0.381s] Level 1:colcon.colcon_core.package_identification:_identify(.) by extension 'ignore_ament_install'
[0.381s] Level 1:colcon.colcon_core.package_identification:_identify(.) by extensions ['colcon_pkg']
[0.381s] Level 1:colcon.colcon_core.package_identification:_identify(.) by extension 'colcon_pkg'
[0.381s] Level 1:colcon.colcon_core.package_identification:_identify(.) by extensions ['colcon_meta']
[0.381s] Level 1:colcon.colcon_core.package_identification:_identify(.) by extension 'colcon_meta'
[0.381s] Level 1:colcon.colcon_core.package_identification:_identify(.) by extensions ['ros']
[0.381s] Level 1:colcon.colcon_core.package_identification:_identify(.) by extension 'ros'
[0.402s] Level 1:colcon.colcon_core.package_identification:_identify(.) by extensions ['cmake', 'python']
[0.402s] Level 1:colcon.colcon_core.package_identification:_identify(.) by extension 'cmake'
[0.402s] Level 1:colcon.colcon_core.package_identification:_identify(.) by extension 'python'
[0.402s] Level 1:colcon.colcon_core.package_identification:_identify(.) by extensions ['python_setup_py']
[0.402s] Level 1:colcon.colcon_core.package_identification:_identify(.) by extension 'python_setup_py'
[0.402s] Level 1:colcon.colcon_core.package_identification:_identify(apps) by extensions ['ignore', 'ignore_ament_install']
[0.403s] Level 1:colcon.colcon_core.package_identification:_identify(apps) by extension 'ignore'
[0.403s] Level 1:colcon.colcon_core.package_identification:_identify(apps) by extension 'ignore_ament_install'
[0.403s] Level 1:colcon.colcon_core.package_identification:_identify(apps) by extensions ['colcon_pkg']
[0.403s] Level 1:colcon.colcon_core.package_identification:_identify(apps) by extension 'colcon_pkg'
[0.403s] Level 1:colcon.colcon_core.package_identification:_identify(apps) by extensions ['colcon_meta']
[0.403s] Level 1:colcon.colcon_core.package_identification:_identify(apps) by extension 'colcon_meta'
[0.403s] Level 1:colcon.colcon_core.package_identification:_identify(apps) by extensions ['ros']
[0.403s] Level 1:colcon.colcon_core.package_identification:_identify(apps) by extension 'ros'
[0.403s] Level 1:colcon.colcon_core.package_identification:_identify(apps) by extensions ['cmake', 'python']
[0.403s] Level 1:colcon.colcon_core.package_identification:_identify(apps) by extension 'cmake'
[0.411s] Level 1:colcon.colcon_core.package_identification:_identify(apps) by extension 'python'
[0.412s] DEBUG:colcon.colcon_core.package_identification:Package 'apps' with type 'cmake' and name 'opencv_example_project'
[0.412s] Level 1:colcon.colcon_core.package_identification:_identify(build) by extensions ['ignore', 'ignore_ament_install']
[0.412s] Level 1:colcon.colcon_core.package_identification:_identify(build) by extension 'ignore'
[0.412s] Level 1:colcon.colcon_core.package_identification:_identify(build) ignored
[0.412s] Level 1:colcon.colcon_core.package_identification:_identify(cyber) by extensions ['ignore', 'ignore_ament_install']
[0.412s] Level 1:colcon.colcon_core.package_identification:_identify(cyber) by extension 'ignore'
[0.413s] Level 1:colcon.colcon_core.package_identification:_identify(cyber) by extension 'ignore_ament_install'
[0.413s] Level 1:colcon.colcon_core.package_identification:_identify(cyber) by extensions ['colcon_pkg']
[0.413s] Level 1:colcon.colcon_core.package_identification:_identify(cyber) by extension 'colcon_pkg'
[0.413s] Level 1:colcon.colcon_core.package_identification:_identify(cyber) by extensions ['colcon_meta']
[0.413s] Level 1:colcon.colcon_core.package_identification:_identify(cyber) by extension 'colcon_meta'
[0.413s] Level 1:colcon.colcon_core.package_identification:_identify(cyber) by extensions ['ros']
[0.413s] Level 1:colcon.colcon_core.package_identification:_identify(cyber) by extension 'ros'
[0.413s] Level 1:colcon.colcon_core.package_identification:_identify(cyber) by extensions ['cmake', 'python']
[0.413s] Level 1:colcon.colcon_core.package_identification:_identify(cyber) by extension 'cmake'
[0.413s] Level 1:colcon.colcon_core.package_identification:_identify(cyber) by extension 'python'
[0.413s] Level 1:colcon.colcon_core.package_identification:_identify(cyber) by extensions ['python_setup_py']
[0.413s] Level 1:colcon.colcon_core.package_identification:_identify(cyber) by extension 'python_setup_py'
[0.414s] Level 1:colcon.colcon_core.package_identification:_identify(cyber/data) by extensions ['ignore', 'ignore_ament_install']
[0.414s] Level 1:colcon.colcon_core.package_identification:_identify(cyber/data) by extension 'ignore'
[0.414s] Level 1:colcon.colcon_core.package_identification:_identify(cyber/data) by extension 'ignore_ament_install'
[0.414s] Level 1:colcon.colcon_core.package_identification:_identify(cyber/data) by extensions ['colcon_pkg']
[0.414s] Level 1:colcon.colcon_core.package_identification:_identify(cyber/data) by extension 'colcon_pkg'
[0.414s] Level 1:colcon.colcon_core.package_identification:_identify(cyber/data) by extensions ['colcon_meta']
[0.414s] Level 1:colcon.colcon_core.package_identification:_identify(cyber/data) by extension 'colcon_meta'
[0.414s] Level 1:colcon.colcon_core.package_identification:_identify(cyber/data) by extensions ['ros']
[0.414s] Level 1:colcon.colcon_core.package_identification:_identify(cyber/data) by extension 'ros'
[0.414s] Level 1:colcon.colcon_core.package_identification:_identify(cyber/data) by extensions ['cmake', 'python']
[0.415s] Level 1:colcon.colcon_core.package_identification:_identify(cyber/data) by extension 'cmake'
[0.415s] Level 1:colcon.colcon_core.package_identification:_identify(cyber/data) by extension 'python'
[0.415s] Level 1:colcon.colcon_core.package_identification:_identify(cyber/data) by extensions ['python_setup_py']
[0.415s] Level 1:colcon.colcon_core.package_identification:_identify(cyber/data) by extension 'python_setup_py'
[0.415s] Level 1:colcon.colcon_core.package_identification:_identify(cyber/detect_s) by extensions ['ignore', 'ignore_ament_install']
[0.415s] Level 1:colcon.colcon_core.package_identification:_identify(cyber/detect_s) by extension 'ignore'
[0.415s] Level 1:colcon.colcon_core.package_identification:_identify(cyber/detect_s) by extension 'ignore_ament_install'
[0.415s] Level 1:colcon.colcon_core.package_identification:_identify(cyber/detect_s) by extensions ['colcon_pkg']
[0.415s] Level 1:colcon.colcon_core.package_identification:_identify(cyber/detect_s) by extension 'colcon_pkg'
[0.416s] Level 1:colcon.colcon_core.package_identification:_identify(cyber/detect_s) by extensions ['colcon_meta']
[0.416s] Level 1:colcon.colcon_core.package_identification:_identify(cyber/detect_s) by extension 'colcon_meta'
[0.416s] Level 1:colcon.colcon_core.package_identification:_identify(cyber/detect_s) by extensions ['ros']
[0.416s] Level 1:colcon.colcon_core.package_identification:_identify(cyber/detect_s) by extension 'ros'
[0.416s] Level 1:colcon.colcon_core.package_identification:_identify(cyber/detect_s) by extensions ['cmake', 'python']
[0.416s] Level 1:colcon.colcon_core.package_identification:_identify(cyber/detect_s) by extension 'cmake'
[0.416s] Level 1:colcon.colcon_core.package_identification:_identify(cyber/detect_s) by extension 'python'
[0.416s] Level 1:colcon.colcon_core.package_identification:_identify(cyber/detect_s) by extensions ['python_setup_py']
[0.416s] Level 1:colcon.colcon_core.package_identification:_identify(cyber/detect_s) by extension 'python_setup_py'
[0.416s] Level 1:colcon.colcon_core.package_identification:_identify(cyber/simple_s) by extensions ['ignore', 'ignore_ament_install']
[0.417s] Level 1:colcon.colcon_core.package_identification:_identify(cyber/simple_s) by extension 'ignore'
[0.417s] Level 1:colcon.colcon_core.package_identification:_identify(cyber/simple_s) by extension 'ignore_ament_install'
[0.417s] Level 1:colcon.colcon_core.package_identification:_identify(cyber/simple_s) by extensions ['colcon_pkg']
[0.417s] Level 1:colcon.colcon_core.package_identification:_identify(cyber/simple_s) by extension 'colcon_pkg'
[0.417s] Level 1:colcon.colcon_core.package_identification:_identify(cyber/simple_s) by extensions ['colcon_meta']
[0.417s] Level 1:colcon.colcon_core.package_identification:_identify(cyber/simple_s) by extension 'colcon_meta'
[0.417s] Level 1:colcon.colcon_core.package_identification:_identify(cyber/simple_s) by extensions ['ros']
[0.417s] Level 1:colcon.colcon_core.package_identification:_identify(cyber/simple_s) by extension 'ros'
[0.417s] Level 1:colcon.colcon_core.package_identification:_identify(cyber/simple_s) by extensions ['cmake', 'python']
[0.417s] Level 1:colcon.colcon_core.package_identification:_identify(cyber/simple_s) by extension 'cmake'
[0.417s] Level 1:colcon.colcon_core.package_identification:_identify(cyber/simple_s) by extension 'python'
[0.418s] Level 1:colcon.colcon_core.package_identification:_identify(cyber/simple_s) by extensions ['python_setup_py']
[0.418s] Level 1:colcon.colcon_core.package_identification:_identify(cyber/simple_s) by extension 'python_setup_py'
[0.418s] Level 1:colcon.colcon_core.package_identification:_identify(cyber/test_component) by extensions ['ignore', 'ignore_ament_install']
[0.418s] Level 1:colcon.colcon_core.package_identification:_identify(cyber/test_component) by extension 'ignore'
[0.418s] Level 1:colcon.colcon_core.package_identification:_identify(cyber/test_component) by extension 'ignore_ament_install'
[0.418s] Level 1:colcon.colcon_core.package_identification:_identify(cyber/test_component) by extensions ['colcon_pkg']
[0.418s] Level 1:colcon.colcon_core.package_identification:_identify(cyber/test_component) by extension 'colcon_pkg'
[0.418s] Level 1:colcon.colcon_core.package_identification:_identify(cyber/test_component) by extensions ['colcon_meta']
[0.418s] Level 1:colcon.colcon_core.package_identification:_identify(cyber/test_component) by extension 'colcon_meta'
[0.418s] Level 1:colcon.colcon_core.package_identification:_identify(cyber/test_component) by extensions ['ros']
[0.418s] Level 1:colcon.colcon_core.package_identification:_identify(cyber/test_component) by extension 'ros'
[0.419s] Level 1:colcon.colcon_core.package_identification:_identify(cyber/test_component) by extensions ['cmake', 'python']
[0.419s] Level 1:colcon.colcon_core.package_identification:_identify(cyber/test_component) by extension 'cmake'
[0.419s] Level 1:colcon.colcon_core.package_identification:_identify(cyber/test_component) by extension 'python'
[0.419s] Level 1:colcon.colcon_core.package_identification:_identify(cyber/test_component) by extensions ['python_setup_py']
[0.419s] Level 1:colcon.colcon_core.package_identification:_identify(cyber/test_component) by extension 'python_setup_py'
[0.419s] Level 1:colcon.colcon_core.package_identification:_identify(docker_monitor) by extensions ['ignore', 'ignore_ament_install']
[0.419s] Level 1:colcon.colcon_core.package_identification:_identify(docker_monitor) by extension 'ignore'
[0.419s] Level 1:colcon.colcon_core.package_identification:_identify(docker_monitor) by extension 'ignore_ament_install'
[0.419s] Level 1:colcon.colcon_core.package_identification:_identify(docker_monitor) by extensions ['colcon_pkg']
[0.420s] Level 1:colcon.colcon_core.package_identification:_identify(docker_monitor) by extension 'colcon_pkg'
[0.420s] Level 1:colcon.colcon_core.package_identification:_identify(docker_monitor) by extensions ['colcon_meta']
[0.420s] Level 1:colcon.colcon_core.package_identification:_identify(docker_monitor) by extension 'colcon_meta'
[0.420s] Level 1:colcon.colcon_core.package_identification:_identify(docker_monitor) by extensions ['ros']
[0.420s] Level 1:colcon.colcon_core.package_identification:_identify(docker_monitor) by extension 'ros'
[0.420s] Level 1:colcon.colcon_core.package_identification:_identify(docker_monitor) by extensions ['cmake', 'python']
[0.420s] Level 1:colcon.colcon_core.package_identification:_identify(docker_monitor) by extension 'cmake'
[0.420s] Level 1:colcon.colcon_core.package_identification:_identify(docker_monitor) by extension 'python'
[0.420s] Level 1:colcon.colcon_core.package_identification:_identify(docker_monitor) by extensions ['python_setup_py']
[0.420s] Level 1:colcon.colcon_core.package_identification:_identify(docker_monitor) by extension 'python_setup_py'
[0.420s] Level 1:colcon.colcon_core.package_identification:_identify(install) by extensions ['ignore', 'ignore_ament_install']
[0.421s] Level 1:colcon.colcon_core.package_identification:_identify(install) by extension 'ignore'
[0.421s] Level 1:colcon.colcon_core.package_identification:_identify(install) ignored
[0.421s] Level 1:colcon.colcon_core.package_identification:_identify(log) by extensions ['ignore', 'ignore_ament_install']
[0.421s] Level 1:colcon.colcon_core.package_identification:_identify(log) by extension 'ignore'
[0.421s] Level 1:colcon.colcon_core.package_identification:_identify(log) ignored
[0.421s] Level 1:colcon.colcon_core.package_identification:_identify(ros) by extensions ['ignore', 'ignore_ament_install']
[0.421s] Level 1:colcon.colcon_core.package_identification:_identify(ros) by extension 'ignore'
[0.421s] Level 1:colcon.colcon_core.package_identification:_identify(ros) by extension 'ignore_ament_install'
[0.422s] Level 1:colcon.colcon_core.package_identification:_identify(ros) by extensions ['colcon_pkg']
[0.422s] Level 1:colcon.colcon_core.package_identification:_identify(ros) by extension 'colcon_pkg'
[0.422s] Level 1:colcon.colcon_core.package_identification:_identify(ros) by extensions ['colcon_meta']
[0.422s] Level 1:colcon.colcon_core.package_identification:_identify(ros) by extension 'colcon_meta'
[0.422s] Level 1:colcon.colcon_core.package_identification:_identify(ros) by extensions ['ros']
[0.422s] Level 1:colcon.colcon_core.package_identification:_identify(ros) by extension 'ros'
[0.422s] Level 1:colcon.colcon_core.package_identification:_identify(ros) by extensions ['cmake', 'python']
[0.422s] Level 1:colcon.colcon_core.package_identification:_identify(ros) by extension 'cmake'
[0.422s] Level 1:colcon.colcon_core.package_identification:_identify(ros) by extension 'python'
[0.422s] Level 1:colcon.colcon_core.package_identification:_identify(ros) by extensions ['python_setup_py']
[0.422s] Level 1:colcon.colcon_core.package_identification:_identify(ros) by extension 'python_setup_py'
[0.423s] Level 1:colcon.colcon_core.package_identification:_identify(ros/build) by extensions ['ignore', 'ignore_ament_install']
[0.423s] Level 1:colcon.colcon_core.package_identification:_identify(ros/build) by extension 'ignore'
[0.423s] Level 1:colcon.colcon_core.package_identification:_identify(ros/build) by extension 'ignore_ament_install'
[0.423s] Level 1:colcon.colcon_core.package_identification:_identify(ros/build) by extensions ['colcon_pkg']
[0.423s] Level 1:colcon.colcon_core.package_identification:_identify(ros/build) by extension 'colcon_pkg'
[0.423s] Level 1:colcon.colcon_core.package_identification:_identify(ros/build) by extensions ['colcon_meta']
[0.423s] Level 1:colcon.colcon_core.package_identification:_identify(ros/build) by extension 'colcon_meta'
[0.423s] Level 1:colcon.colcon_core.package_identification:_identify(ros/build) by extensions ['ros']
[0.423s] Level 1:colcon.colcon_core.package_identification:_identify(ros/build) by extension 'ros'
[0.423s] Level 1:colcon.colcon_core.package_identification:_identify(ros/build) ignored
[0.424s] Level 1:colcon.colcon_core.package_identification:_identify(ros/devel) by extensions ['ignore', 'ignore_ament_install']
[0.424s] Level 1:colcon.colcon_core.package_identification:_identify(ros/devel) by extension 'ignore'
[0.424s] Level 1:colcon.colcon_core.package_identification:_identify(ros/devel) by extension 'ignore_ament_install'
[0.424s] Level 1:colcon.colcon_core.package_identification:_identify(ros/devel) ignored
[0.424s] Level 1:colcon.colcon_core.package_identification:_identify(ros/example_pkg_back) by extensions ['ignore', 'ignore_ament_install']
[0.424s] Level 1:colcon.colcon_core.package_identification:_identify(ros/example_pkg_back) by extension 'ignore'
[0.424s] Level 1:colcon.colcon_core.package_identification:_identify(ros/example_pkg_back) by extension 'ignore_ament_install'
[0.424s] Level 1:colcon.colcon_core.package_identification:_identify(ros/example_pkg_back) by extensions ['colcon_pkg']
[0.425s] Level 1:colcon.colcon_core.package_identification:_identify(ros/example_pkg_back) by extension 'colcon_pkg'
[0.425s] Level 1:colcon.colcon_core.package_identification:_identify(ros/example_pkg_back) by extensions ['colcon_meta']
[0.425s] Level 1:colcon.colcon_core.package_identification:_identify(ros/example_pkg_back) by extension 'colcon_meta'
[0.425s] Level 1:colcon.colcon_core.package_identification:_identify(ros/example_pkg_back) by extensions ['ros']
[0.425s] Level 1:colcon.colcon_core.package_identification:_identify(ros/example_pkg_back) by extension 'ros'
[0.429s] DEBUG:colcon.colcon_core.package_identification:Package 'ros/example_pkg_back' with type 'ros.catkin' and name 'example_pkg'
[0.429s] Level 1:colcon.colcon_core.package_identification:_identify(ros/install) by extensions ['ignore', 'ignore_ament_install']
[0.430s] Level 1:colcon.colcon_core.package_identification:_identify(ros/install) by extension 'ignore'
[0.430s] Level 1:colcon.colcon_core.package_identification:_identify(ros/install) by extension 'ignore_ament_install'
[0.430s] Level 1:colcon.colcon_core.package_identification:_identify(ros/install) ignored
[0.430s] Level 1:colcon.colcon_core.package_identification:_identify(ros/src) by extensions ['ignore', 'ignore_ament_install']
[0.430s] Level 1:colcon.colcon_core.package_identification:_identify(ros/src) by extension 'ignore'
[0.430s] Level 1:colcon.colcon_core.package_identification:_identify(ros/src) by extension 'ignore_ament_install'
[0.430s] Level 1:colcon.colcon_core.package_identification:_identify(ros/src) by extensions ['colcon_pkg']
[0.430s] Level 1:colcon.colcon_core.package_identification:_identify(ros/src) by extension 'colcon_pkg'
[0.430s] Level 1:colcon.colcon_core.package_identification:_identify(ros/src) by extensions ['colcon_meta']
[0.431s] Level 1:colcon.colcon_core.package_identification:_identify(ros/src) by extension 'colcon_meta'
[0.431s] Level 1:colcon.colcon_core.package_identification:_identify(ros/src) by extensions ['ros']
[0.431s] Level 1:colcon.colcon_core.package_identification:_identify(ros/src) by extension 'ros'
[0.431s] Level 1:colcon.colcon_core.package_identification:_identify(ros/src) by extensions ['cmake', 'python']
[0.431s] Level 1:colcon.colcon_core.package_identification:_identify(ros/src) by extension 'cmake'
[0.431s] Level 1:colcon.colcon_core.package_identification:_identify(ros/src) by extension 'python'
[0.431s] Level 1:colcon.colcon_core.package_identification:_identify(ros/src) by extensions ['python_setup_py']
[0.431s] Level 1:colcon.colcon_core.package_identification:_identify(ros/src) by extension 'python_setup_py'
[0.431s] Level 1:colcon.colcon_core.package_identification:_identify(ros/src/beginner_tutorials) by extensions ['ignore', 'ignore_ament_install']
[0.431s] Level 1:colcon.colcon_core.package_identification:_identify(ros/src/beginner_tutorials) by extension 'ignore'
[0.432s] Level 1:colcon.colcon_core.package_identification:_identify(ros/src/beginner_tutorials) by extension 'ignore_ament_install'
[0.432s] Level 1:colcon.colcon_core.package_identification:_identify(ros/src/beginner_tutorials) by extensions ['colcon_pkg']
[0.432s] Level 1:colcon.colcon_core.package_identification:_identify(ros/src/beginner_tutorials) by extension 'colcon_pkg'
[0.432s] Level 1:colcon.colcon_core.package_identification:_identify(ros/src/beginner_tutorials) by extensions ['colcon_meta']
[0.432s] Level 1:colcon.colcon_core.package_identification:_identify(ros/src/beginner_tutorials) by extension 'colcon_meta'
[0.432s] Level 1:colcon.colcon_core.package_identification:_identify(ros/src/beginner_tutorials) by extensions ['ros']
[0.432s] Level 1:colcon.colcon_core.package_identification:_identify(ros/src/beginner_tutorials) by extension 'ros'
[0.434s] DEBUG:colcon.colcon_core.package_identification:Package 'ros/src/beginner_tutorials' with type 'ros.catkin' and name 'beginner_tutorials'
[0.434s] Level 1:colcon.colcon_core.package_identification:_identify(ros/src/detect_s) by extensions ['ignore', 'ignore_ament_install']
[0.434s] Level 1:colcon.colcon_core.package_identification:_identify(ros/src/detect_s) by extension 'ignore'
[0.434s] Level 1:colcon.colcon_core.package_identification:_identify(ros/src/detect_s) by extension 'ignore_ament_install'
[0.434s] Level 1:colcon.colcon_core.package_identification:_identify(ros/src/detect_s) by extensions ['colcon_pkg']
[0.434s] Level 1:colcon.colcon_core.package_identification:_identify(ros/src/detect_s) by extension 'colcon_pkg'
[0.434s] Level 1:colcon.colcon_core.package_identification:_identify(ros/src/detect_s) by extensions ['colcon_meta']
[0.434s] Level 1:colcon.colcon_core.package_identification:_identify(ros/src/detect_s) by extension 'colcon_meta'
[0.434s] Level 1:colcon.colcon_core.package_identification:_identify(ros/src/detect_s) by extensions ['ros']
[0.434s] Level 1:colcon.colcon_core.package_identification:_identify(ros/src/detect_s) by extension 'ros'
[0.437s] DEBUG:colcon.colcon_core.package_identification:Package 'ros/src/detect_s' with type 'ros.catkin' and name 'detect_s'
[0.437s] Level 1:colcon.colcon_core.package_identification:_identify(ros/src/nodelet_s) by extensions ['ignore', 'ignore_ament_install']
[0.437s] Level 1:colcon.colcon_core.package_identification:_identify(ros/src/nodelet_s) by extension 'ignore'
[0.437s] Level 1:colcon.colcon_core.package_identification:_identify(ros/src/nodelet_s) by extension 'ignore_ament_install'
[0.438s] Level 1:colcon.colcon_core.package_identification:_identify(ros/src/nodelet_s) by extensions ['colcon_pkg']
[0.438s] Level 1:colcon.colcon_core.package_identification:_identify(ros/src/nodelet_s) by extension 'colcon_pkg'
[0.438s] Level 1:colcon.colcon_core.package_identification:_identify(ros/src/nodelet_s) by extensions ['colcon_meta']
[0.438s] Level 1:colcon.colcon_core.package_identification:_identify(ros/src/nodelet_s) by extension 'colcon_meta'
[0.438s] Level 1:colcon.colcon_core.package_identification:_identify(ros/src/nodelet_s) by extensions ['ros']
[0.438s] Level 1:colcon.colcon_core.package_identification:_identify(ros/src/nodelet_s) by extension 'ros'
[0.440s] DEBUG:colcon.colcon_core.package_identification:Package 'ros/src/nodelet_s' with type 'ros.catkin' and name 'nodelet_s'
[0.440s] Level 1:colcon.colcon_core.package_identification:_identify(ros/src/simple_s) by extensions ['ignore', 'ignore_ament_install']
[0.440s] Level 1:colcon.colcon_core.package_identification:_identify(ros/src/simple_s) by extension 'ignore'
[0.440s] Level 1:colcon.colcon_core.package_identification:_identify(ros/src/simple_s) by extension 'ignore_ament_install'
[0.440s] Level 1:colcon.colcon_core.package_identification:_identify(ros/src/simple_s) by extensions ['colcon_pkg']
[0.440s] Level 1:colcon.colcon_core.package_identification:_identify(ros/src/simple_s) by extension 'colcon_pkg'
[0.440s] Level 1:colcon.colcon_core.package_identification:_identify(ros/src/simple_s) by extensions ['colcon_meta']
[0.440s] Level 1:colcon.colcon_core.package_identification:_identify(ros/src/simple_s) by extension 'colcon_meta'
[0.440s] Level 1:colcon.colcon_core.package_identification:_identify(ros/src/simple_s) by extensions ['ros']
[0.440s] Level 1:colcon.colcon_core.package_identification:_identify(ros/src/simple_s) by extension 'ros'
[0.442s] DEBUG:colcon.colcon_core.package_identification:Package 'ros/src/simple_s' with type 'ros.catkin' and name 'simple_s'
[0.442s] Level 1:colcon.colcon_core.package_identification:_identify(ros2) by extensions ['ignore', 'ignore_ament_install']
[0.442s] Level 1:colcon.colcon_core.package_identification:_identify(ros2) by extension 'ignore'
[0.442s] Level 1:colcon.colcon_core.package_identification:_identify(ros2) by extension 'ignore_ament_install'
[0.442s] Level 1:colcon.colcon_core.package_identification:_identify(ros2) by extensions ['colcon_pkg']
[0.443s] Level 1:colcon.colcon_core.package_identification:_identify(ros2) by extension 'colcon_pkg'
[0.443s] Level 1:colcon.colcon_core.package_identification:_identify(ros2) by extensions ['colcon_meta']
[0.443s] Level 1:colcon.colcon_core.package_identification:_identify(ros2) by extension 'colcon_meta'
[0.443s] Level 1:colcon.colcon_core.package_identification:_identify(ros2) by extensions ['ros']
[0.443s] Level 1:colcon.colcon_core.package_identification:_identify(ros2) by extension 'ros'
[0.443s] Level 1:colcon.colcon_core.package_identification:_identify(ros2) by extensions ['cmake', 'python']
[0.443s] Level 1:colcon.colcon_core.package_identification:_identify(ros2) by extension 'cmake'
[0.443s] Level 1:colcon.colcon_core.package_identification:_identify(ros2) by extension 'python'
[0.443s] Level 1:colcon.colcon_core.package_identification:_identify(ros2) by extensions ['python_setup_py']
[0.443s] Level 1:colcon.colcon_core.package_identification:_identify(ros2) by extension 'python_setup_py'
[0.443s] Level 1:colcon.colcon_core.package_identification:_identify(ros2/build) by extensions ['ignore', 'ignore_ament_install']
[0.444s] Level 1:colcon.colcon_core.package_identification:_identify(ros2/build) by extension 'ignore'
[0.444s] Level 1:colcon.colcon_core.package_identification:_identify(ros2/build) ignored
[0.444s] Level 1:colcon.colcon_core.package_identification:_identify(ros2/install) by extensions ['ignore', 'ignore_ament_install']
[0.444s] Level 1:colcon.colcon_core.package_identification:_identify(ros2/install) by extension 'ignore'
[0.444s] Level 1:colcon.colcon_core.package_identification:_identify(ros2/install) ignored
[0.444s] Level 1:colcon.colcon_core.package_identification:_identify(ros2/log) by extensions ['ignore', 'ignore_ament_install']
[0.445s] Level 1:colcon.colcon_core.package_identification:_identify(ros2/log) by extension 'ignore'
[0.445s] Level 1:colcon.colcon_core.package_identification:_identify(ros2/log) ignored
[0.445s] Level 1:colcon.colcon_core.package_identification:_identify(ros2/src) by extensions ['ignore', 'ignore_ament_install']
[0.445s] Level 1:colcon.colcon_core.package_identification:_identify(ros2/src) by extension 'ignore'
[0.445s] Level 1:colcon.colcon_core.package_identification:_identify(ros2/src) by extension 'ignore_ament_install'
[0.445s] Level 1:colcon.colcon_core.package_identification:_identify(ros2/src) by extensions ['colcon_pkg']
[0.445s] Level 1:colcon.colcon_core.package_identification:_identify(ros2/src) by extension 'colcon_pkg'
[0.445s] Level 1:colcon.colcon_core.package_identification:_identify(ros2/src) by extensions ['colcon_meta']
[0.445s] Level 1:colcon.colcon_core.package_identification:_identify(ros2/src) by extension 'colcon_meta'
[0.446s] Level 1:colcon.colcon_core.package_identification:_identify(ros2/src) by extensions ['ros']
[0.446s] Level 1:colcon.colcon_core.package_identification:_identify(ros2/src) by extension 'ros'
[0.446s] Level 1:colcon.colcon_core.package_identification:_identify(ros2/src) by extensions ['cmake', 'python']
[0.446s] Level 1:colcon.colcon_core.package_identification:_identify(ros2/src) by extension 'cmake'
[0.446s] Level 1:colcon.colcon_core.package_identification:_identify(ros2/src) by extension 'python'
[0.446s] Level 1:colcon.colcon_core.package_identification:_identify(ros2/src) by extensions ['python_setup_py']
[0.446s] Level 1:colcon.colcon_core.package_identification:_identify(ros2/src) by extension 'python_setup_py'
[0.446s] Level 1:colcon.colcon_core.package_identification:_identify(ros2/src/build) by extensions ['ignore', 'ignore_ament_install']
[0.446s] Level 1:colcon.colcon_core.package_identification:_identify(ros2/src/build) by extension 'ignore'
[0.446s] Level 1:colcon.colcon_core.package_identification:_identify(ros2/src/build) ignored
[0.447s] Level 1:colcon.colcon_core.package_identification:_identify(ros2/src/detect_s) by extensions ['ignore', 'ignore_ament_install']
[0.447s] Level 1:colcon.colcon_core.package_identification:_identify(ros2/src/detect_s) by extension 'ignore'
[0.447s] Level 1:colcon.colcon_core.package_identification:_identify(ros2/src/detect_s) by extension 'ignore_ament_install'
[0.447s] Level 1:colcon.colcon_core.package_identification:_identify(ros2/src/detect_s) by extensions ['colcon_pkg']
[0.447s] Level 1:colcon.colcon_core.package_identification:_identify(ros2/src/detect_s) by extension 'colcon_pkg'
[0.447s] Level 1:colcon.colcon_core.package_identification:_identify(ros2/src/detect_s) by extensions ['colcon_meta']
[0.447s] Level 1:colcon.colcon_core.package_identification:_identify(ros2/src/detect_s) by extension 'colcon_meta'
[0.447s] Level 1:colcon.colcon_core.package_identification:_identify(ros2/src/detect_s) by extensions ['ros']
[0.447s] Level 1:colcon.colcon_core.package_identification:_identify(ros2/src/detect_s) by extension 'ros'
[0.448s] DEBUG:colcon.colcon_core.package_identification:Package 'ros2/src/detect_s' with type 'ros.ament_cmake' and name 'detect_s'
[0.448s] Level 1:colcon.colcon_core.package_identification:_identify(ros2/src/install) by extensions ['ignore', 'ignore_ament_install']
[0.448s] Level 1:colcon.colcon_core.package_identification:_identify(ros2/src/install) by extension 'ignore'
[0.449s] Level 1:colcon.colcon_core.package_identification:_identify(ros2/src/install) ignored
[0.449s] Level 1:colcon.colcon_core.package_identification:_identify(ros2/src/log) by extensions ['ignore', 'ignore_ament_install']
[0.449s] Level 1:colcon.colcon_core.package_identification:_identify(ros2/src/log) by extension 'ignore'
[0.449s] Level 1:colcon.colcon_core.package_identification:_identify(ros2/src/log) ignored
[0.449s] Level 1:colcon.colcon_core.package_identification:_identify(ros2/src/ros_tutorials) by extensions ['ignore', 'ignore_ament_install']
[0.449s] Level 1:colcon.colcon_core.package_identification:_identify(ros2/src/ros_tutorials) by extension 'ignore'
[0.449s] Level 1:colcon.colcon_core.package_identification:_identify(ros2/src/ros_tutorials) by extension 'ignore_ament_install'
[0.450s] Level 1:colcon.colcon_core.package_identification:_identify(ros2/src/ros_tutorials) by extensions ['colcon_pkg']
[0.450s] Level 1:colcon.colcon_core.package_identification:_identify(ros2/src/ros_tutorials) by extension 'colcon_pkg'
[0.450s] Level 1:colcon.colcon_core.package_identification:_identify(ros2/src/ros_tutorials) by extensions ['colcon_meta']
[0.450s] Level 1:colcon.colcon_core.package_identification:_identify(ros2/src/ros_tutorials) by extension 'colcon_meta'
[0.450s] Level 1:colcon.colcon_core.package_identification:_identify(ros2/src/ros_tutorials) by extensions ['ros']
[0.450s] Level 1:colcon.colcon_core.package_identification:_identify(ros2/src/ros_tutorials) by extension 'ros'
[0.450s] Level 1:colcon.colcon_core.package_identification:_identify(ros2/src/ros_tutorials) by extensions ['cmake', 'python']
[0.450s] Level 1:colcon.colcon_core.package_identification:_identify(ros2/src/ros_tutorials) by extension 'cmake'
[0.450s] Level 1:colcon.colcon_core.package_identification:_identify(ros2/src/ros_tutorials) by extension 'python'
[0.450s] Level 1:colcon.colcon_core.package_identification:_identify(ros2/src/ros_tutorials) by extensions ['python_setup_py']
[0.450s] Level 1:colcon.colcon_core.package_identification:_identify(ros2/src/ros_tutorials) by extension 'python_setup_py'
[0.451s] Level 1:colcon.colcon_core.package_identification:_identify(ros2/src/ros_tutorials/ros_tutorials) by extensions ['ignore', 'ignore_ament_install']
[0.451s] Level 1:colcon.colcon_core.package_identification:_identify(ros2/src/ros_tutorials/ros_tutorials) by extension 'ignore'
[0.451s] Level 1:colcon.colcon_core.package_identification:_identify(ros2/src/ros_tutorials/ros_tutorials) ignored
[0.451s] Level 1:colcon.colcon_core.package_identification:_identify(ros2/src/ros_tutorials/roscpp_tutorials) by extensions ['ignore', 'ignore_ament_install']
[0.451s] Level 1:colcon.colcon_core.package_identification:_identify(ros2/src/ros_tutorials/roscpp_tutorials) by extension 'ignore'
[0.451s] Level 1:colcon.colcon_core.package_identification:_identify(ros2/src/ros_tutorials/roscpp_tutorials) ignored
[0.451s] Level 1:colcon.colcon_core.package_identification:_identify(ros2/src/ros_tutorials/rospy_tutorials) by extensions ['ignore', 'ignore_ament_install']
[0.452s] Level 1:colcon.colcon_core.package_identification:_identify(ros2/src/ros_tutorials/rospy_tutorials) by extension 'ignore'
[0.452s] Level 1:colcon.colcon_core.package_identification:_identify(ros2/src/ros_tutorials/rospy_tutorials) ignored
[0.452s] Level 1:colcon.colcon_core.package_identification:_identify(ros2/src/ros_tutorials/turtlesim) by extensions ['ignore', 'ignore_ament_install']
[0.452s] Level 1:colcon.colcon_core.package_identification:_identify(ros2/src/ros_tutorials/turtlesim) by extension 'ignore'
[0.452s] Level 1:colcon.colcon_core.package_identification:_identify(ros2/src/ros_tutorials/turtlesim) by extension 'ignore_ament_install'
[0.452s] Level 1:colcon.colcon_core.package_identification:_identify(ros2/src/ros_tutorials/turtlesim) by extensions ['colcon_pkg']
[0.452s] Level 1:colcon.colcon_core.package_identification:_identify(ros2/src/ros_tutorials/turtlesim) by extension 'colcon_pkg'
[0.452s] Level 1:colcon.colcon_core.package_identification:_identify(ros2/src/ros_tutorials/turtlesim) by extensions ['colcon_meta']
[0.452s] Level 1:colcon.colcon_core.package_identification:_identify(ros2/src/ros_tutorials/turtlesim) by extension 'colcon_meta'
[0.453s] Level 1:colcon.colcon_core.package_identification:_identify(ros2/src/ros_tutorials/turtlesim) by extensions ['ros']
[0.453s] Level 1:colcon.colcon_core.package_identification:_identify(ros2/src/ros_tutorials/turtlesim) by extension 'ros'
[0.455s] DEBUG:colcon.colcon_core.package_identification:Package 'ros2/src/ros_tutorials/turtlesim' with type 'ros.ament_cmake' and name 'turtlesim'
[0.455s] Level 1:colcon.colcon_core.package_identification:_identify(ros2/src/simple_s) by extensions ['ignore', 'ignore_ament_install']
[0.455s] Level 1:colcon.colcon_core.package_identification:_identify(ros2/src/simple_s) by extension 'ignore'
[0.455s] Level 1:colcon.colcon_core.package_identification:_identify(ros2/src/simple_s) by extension 'ignore_ament_install'
[0.456s] Level 1:colcon.colcon_core.package_identification:_identify(ros2/src/simple_s) by extensions ['colcon_pkg']
[0.456s] Level 1:colcon.colcon_core.package_identification:_identify(ros2/src/simple_s) by extension 'colcon_pkg'
[0.456s] Level 1:colcon.colcon_core.package_identification:_identify(ros2/src/simple_s) by extensions ['colcon_meta']
[0.456s] Level 1:colcon.colcon_core.package_identification:_identify(ros2/src/simple_s) by extension 'colcon_meta'
[0.456s] Level 1:colcon.colcon_core.package_identification:_identify(ros2/src/simple_s) by extensions ['ros']
[0.456s] Level 1:colcon.colcon_core.package_identification:_identify(ros2/src/simple_s) by extension 'ros'
[0.457s] DEBUG:colcon.colcon_core.package_identification:Package 'ros2/src/simple_s' with type 'ros.ament_cmake' and name 'simple_s'
[0.457s] Level 1:colcon.colcon_core.package_identification:_identify(ros2/src/test_interfaces) by extensions ['ignore', 'ignore_ament_install']
[0.458s] Level 1:colcon.colcon_core.package_identification:_identify(ros2/src/test_interfaces) by extension 'ignore'
[0.458s] Level 1:colcon.colcon_core.package_identification:_identify(ros2/src/test_interfaces) by extension 'ignore_ament_install'
[0.458s] Level 1:colcon.colcon_core.package_identification:_identify(ros2/src/test_interfaces) by extensions ['colcon_pkg']
[0.458s] Level 1:colcon.colcon_core.package_identification:_identify(ros2/src/test_interfaces) by extension 'colcon_pkg'
[0.458s] Level 1:colcon.colcon_core.package_identification:_identify(ros2/src/test_interfaces) by extensions ['colcon_meta']
[0.458s] Level 1:colcon.colcon_core.package_identification:_identify(ros2/src/test_interfaces) by extension 'colcon_meta'
[0.458s] Level 1:colcon.colcon_core.package_identification:_identify(ros2/src/test_interfaces) by extensions ['ros']
[0.458s] Level 1:colcon.colcon_core.package_identification:_identify(ros2/src/test_interfaces) by extension 'ros'
[0.459s] DEBUG:colcon.colcon_core.package_identification:Package 'ros2/src/test_interfaces' with type 'ros.ament_cmake' and name 'test_interfaces'
[0.459s] Level 1:colcon.colcon_core.package_discovery:discover_packages(recursive) using defaults
[0.459s] Level 1:colcon.colcon_core.package_discovery:discover_packages(ignore) discover
[0.459s] Level 1:colcon.colcon_core.package_discovery:discover_packages(ignore) using defaults
[0.459s] Level 1:colcon.colcon_core.package_discovery:discover_packages(path) discover
[0.459s] Level 1:colcon.colcon_core.package_discovery:discover_packages(path) using defaults
[0.464s] ERROR:colcon:colcon build: Duplicate package names not supported:
- detect_s:
  - ros/src/detect_s
  - ros2/src/detect_s
- simple_s:
  - ros/src/simple_s
  - ros2/src/simple_s
