[0.046s] Invoking command in '/ros2_test/AD_Middle_Test/ros2/src/build/detect_s': /usr/bin/cmake --build /ros2_test/AD_Middle_Test/ros2/src/build/detect_s -- -j5 -l5
[0.104s] [35m[1mScanning dependencies of target cameraTimer[0m
[0.144s] [ 50%] Built target yoloDetect
[0.186s] [ 75%] [32mBuilding CXX object CMakeFiles/cameraTimer.dir/src/CameraTimer.cpp.o[0m
[2.467s] [01m[K/ros2_test/AD_Middle_Test/ros2/src/detect_s/src/CameraTimer.cpp:[m[K In member function ‘[01m[Kvoid CameraTimer::timer_callback()[m[K’:
[2.467s] [01m[K/ros2_test/AD_Middle_Test/ros2/src/detect_s/src/CameraTimer.cpp:47:17:[m[K [01;35m[Kwarning: [m[Kcomparison of integer expressions of different signedness: ‘[01m[Kint[m[K’ and ‘[01m[Ksize_t[m[K’ {aka ‘[01m[Klong unsigned int[m[K’} [[01;35m[K-Wsign-compare[m[K]
[2.468s]    47 |    for(int i=0;[01;35m[Ki<dataSize[m[K;i++){
[2.468s]       |                [01;35m[K~^~~~~~~~~[m[K
[2.468s] [01m[K/ros2_test/AD_Middle_Test/ros2/src/detect_s/src/CameraTimer.cpp:52:86:[m[K [01;35m[Kwarning: [m[Kdivision ‘[01m[Ksizeof (uchar* {aka unsigned char*}) / sizeof (uchar {aka unsigned char})[m[K’ does not compute the number of array elements [[01;35m[K-Wsizeof-pointer-div[m[K]
[2.468s]    52 |    cout<<"mat total size:"<<sizeof(image.data)<<"mat array size:"<<[01;35m[Ksizeof(image.data)/sizeof(image.data[0])[m[K<<endl;
[2.468s]       |                                                                    [01;35m[K~~~~~~~~~~~~~~~~~~^~~~~~~~~~~~~~~~~~~~~~[m[K
[5.061s] [100%] [32m[1mLinking CXX executable cameraTimer[0m
[5.579s] [100%] Built target cameraTimer
[5.594s] Invoked command in '/ros2_test/AD_Middle_Test/ros2/src/build/detect_s' returned '0': /usr/bin/cmake --build /ros2_test/AD_Middle_Test/ros2/src/build/detect_s -- -j5 -l5
[5.631s] Invoking command in '/ros2_test/AD_Middle_Test/ros2/src/build/detect_s': /usr/bin/cmake --install /ros2_test/AD_Middle_Test/ros2/src/build/detect_s
[5.644s] -- Install configuration: ""
[5.644s] -- Installing: /ros2_test/AD_Middle_Test/ros2/src/install/detect_s/lib/detect_s/cameraTimer
[5.646s] -- Set runtime path of "/ros2_test/AD_Middle_Test/ros2/src/install/detect_s/lib/detect_s/cameraTimer" to ""
[5.646s] -- Up-to-date: /ros2_test/AD_Middle_Test/ros2/src/install/detect_s/lib/detect_s/yoloDetect
[5.647s] -- Up-to-date: /ros2_test/AD_Middle_Test/ros2/src/install/detect_s/share/ament_index/resource_index/package_run_dependencies/detect_s
[5.647s] -- Up-to-date: /ros2_test/AD_Middle_Test/ros2/src/install/detect_s/share/ament_index/resource_index/parent_prefix_path/detect_s
[5.647s] -- Up-to-date: /ros2_test/AD_Middle_Test/ros2/src/install/detect_s/share/detect_s/environment/ament_prefix_path.sh
[5.647s] -- Up-to-date: /ros2_test/AD_Middle_Test/ros2/src/install/detect_s/share/detect_s/environment/ament_prefix_path.dsv
[5.647s] -- Up-to-date: /ros2_test/AD_Middle_Test/ros2/src/install/detect_s/share/detect_s/environment/path.sh
[5.648s] -- Up-to-date: /ros2_test/AD_Middle_Test/ros2/src/install/detect_s/share/detect_s/environment/path.dsv
[5.648s] -- Up-to-date: /ros2_test/AD_Middle_Test/ros2/src/install/detect_s/share/detect_s/local_setup.bash
[5.648s] -- Up-to-date: /ros2_test/AD_Middle_Test/ros2/src/install/detect_s/share/detect_s/local_setup.sh
[5.648s] -- Up-to-date: /ros2_test/AD_Middle_Test/ros2/src/install/detect_s/share/detect_s/local_setup.zsh
[5.648s] -- Up-to-date: /ros2_test/AD_Middle_Test/ros2/src/install/detect_s/share/detect_s/local_setup.dsv
[5.648s] -- Installing: /ros2_test/AD_Middle_Test/ros2/src/install/detect_s/share/detect_s/package.dsv
[5.649s] -- Up-to-date: /ros2_test/AD_Middle_Test/ros2/src/install/detect_s/share/ament_index/resource_index/packages/detect_s
[5.649s] -- Up-to-date: /ros2_test/AD_Middle_Test/ros2/src/install/detect_s/share/detect_s/cmake/detect_sConfig.cmake
[5.649s] -- Up-to-date: /ros2_test/AD_Middle_Test/ros2/src/install/detect_s/share/detect_s/cmake/detect_sConfig-version.cmake
[5.649s] -- Up-to-date: /ros2_test/AD_Middle_Test/ros2/src/install/detect_s/share/detect_s/package.xml
[5.652s] Invoked command in '/ros2_test/AD_Middle_Test/ros2/src/build/detect_s' returned '0': /usr/bin/cmake --install /ros2_test/AD_Middle_Test/ros2/src/build/detect_s
