[0.080s] [35m[1mScanning dependencies of target talker[0m
[0.112s] [ 50%] Built target listener
[0.118s] [ 75%] [32mBuilding CXX object CMakeFiles/talker.dir/src/talker.cpp.o[0m
[1.881s] [01m[K/ros2_test/AD_Middle_Test/ros2/src/simple_s/src/talker.cpp:[m[K In constructor ‘[01m[KMinimalPublisher::MinimalPublisher(int, int64_t, std::string)[m[K’:
[1.882s] [01m[K/ros2_test/AD_Middle_Test/ros2/src/simple_s/src/talker.cpp:12:33:[m[K [01;31m[Kerror: [m[Kclass ‘[01m[KMinimalPublisher[m[K’ does not have any field named ‘[01m[Kqos_[m[K’
[1.882s]    12 |    : Node("minimal_publisher"), [01;31m[Kqos_[m[K(rclcpp::QoSInitialization::from_rmw(rmw_qos_profile_sensor_data), count_(0)
[1.882s]       |                                 [01;31m[K^~~~[m[K
[1.882s] [01m[K/ros2_test/AD_Middle_Test/ros2/src/simple_s/src/talker.cpp:12:112:[m[K [01;31m[Kerror: [m[Kexpression cannot be used as a function
[1.882s]    12 |    : Node("minimal_publisher"), qos_(rclcpp::QoSInitialization::from_rmw(rmw_qos_profile_sensor_data), count_(0[01;31m[K)[m[K
[1.882s]       |                                                                                                                [01;31m[K^[m[K
[1.883s] [01m[K/ros2_test/AD_Middle_Test/ros2/src/simple_s/src/talker.cpp:29:32:[m[K [01;31m[Kerror: [m[Kexpected ‘[01m[K{[m[K’ at end of input
[1.883s]    29 |   rclcpp::TimerBase::SharedPtr [01;31m[Ktimer_[m[K;
[1.883s]       |                                [01;31m[K^~~~~~[m[K
[1.883s] [01m[K/ros2_test/AD_Middle_Test/ros2/src/simple_s/src/talker.cpp:11:24:[m[K [01;35m[Kwarning: [m[Kunused parameter ‘[01m[Ksleep_ms[m[K’ [[01;35m[K-Wunused-parameter[m[K]
[1.883s]    11 |   MinimalPublisher([01;35m[Kint sleep_ms[m[K, int64_t str_size, string channel_name)
[1.883s]       |                    [01;35m[K~~~~^~~~~~~~[m[K
[1.883s] [01m[K/ros2_test/AD_Middle_Test/ros2/src/simple_s/src/talker.cpp:11:42:[m[K [01;35m[Kwarning: [m[Kunused parameter ‘[01m[Kstr_size[m[K’ [[01;35m[K-Wunused-parameter[m[K]
[1.884s]    11 |   MinimalPublisher(int sleep_ms, [01;35m[Kint64_t str_size[m[K, string channel_name)
[1.884s]       |                                  [01;35m[K~~~~~~~~^~~~~~~~[m[K
[1.884s] [01m[K/ros2_test/AD_Middle_Test/ros2/src/simple_s/src/talker.cpp:11:59:[m[K [01;35m[Kwarning: [m[Kunused parameter ‘[01m[Kchannel_name[m[K’ [[01;35m[K-Wunused-parameter[m[K]
[1.884s]    11 |   MinimalPublisher(int sleep_ms, int64_t str_size, [01;35m[Kstring channel_name[m[K)
[1.884s]       |                                                    [01;35m[K~~~~~~~^~~~~~~~~~~~[m[K
[2.407s] make[2]: *** [CMakeFiles/talker.dir/build.make:63: CMakeFiles/talker.dir/src/talker.cpp.o] Error 1
[2.407s] make[1]: *** [CMakeFiles/Makefile2:107: CMakeFiles/talker.dir/all] Error 2
[2.407s] make: *** [Makefile:141: all] Error 2
