[2.121s] [01m[K/ros2_test/AD_Middle_Test/ros2/src/simple_s/src/listener.cpp:94:3:[m[K [01;31m[Kerror: [m[Kinvalid use of template-name ‘[01m[Kmessage_filters::Synchronizer[m[K’ without an argument list
[2.121s]    94 |   [01;31m[KSynchronizer[m[K*sync;
[2.121s]       |   [01;31m[K^~~~~~~~~~~~[m[K
[2.121s] [01m[K/ros2_test/AD_Middle_Test/ros2/src/simple_s/src/listener.cpp:94:3:[m[K [01;36m[Knote: [m[Kclass template argument deduction is only available with ‘[01m[K-std=c++17[m[K’ or ‘[01m[K-std=gnu++17[m[K’
[2.122s] In file included from [01m[K/ros2_test/AD_Middle_Test/ros2/src/simple_s/src/listener.cpp:6[m[K:
[2.122s] [01m[K/opt/ros/foxy/include/message_filters/synchronizer.h:53:7:[m[K [01;36m[Knote: [m[K‘[01m[Ktemplate<class Policy> class message_filters::Synchronizer[m[K’ declared here
[2.122s]    53 | class [01;36m[KSynchronizer[m[K : public noncopyable, public Policy
[2.122s]       |       [01;36m[K^~~~~~~~~~~~[m[K
[2.143s] [01m[K/ros2_test/AD_Middle_Test/ros2/src/simple_s/src/listener.cpp:[m[K In constructor ‘[01m[KMinimalSubscriber::MinimalSubscriber(std::string, int)[m[K’:
[2.143s] [01m[K/ros2_test/AD_Middle_Test/ros2/src/simple_s/src/listener.cpp:59:10:[m[K [01;31m[Kerror: [m[K‘[01m[Kclass MinimalSubscriber[m[K’ has no member named ‘[01m[Ksync[m[K’
[2.144s]    59 |    this->[01;31m[Ksync[m[K=new Sychronizer(myP,this->sub1,this->sub2);
[2.144s]       |          [01;31m[K^~~~[m[K
[2.144s] [01m[K/ros2_test/AD_Middle_Test/ros2/src/simple_s/src/listener.cpp:59:19:[m[K [01;31m[Kerror: [m[Kexpected type-specifier before ‘[01m[KSychronizer[m[K’
[2.144s]    59 |    this->sync=new [01;31m[KSychronizer[m[K(myP,this->sub1,this->sub2);
[2.144s]       |                   [01;31m[K^~~~~~~~~~~[m[K
[2.144s] [01m[K/ros2_test/AD_Middle_Test/ros2/src/simple_s/src/listener.cpp:60:10:[m[K [01;31m[Kerror: [m[K‘[01m[Kclass MinimalSubscriber[m[K’ has no member named ‘[01m[Ksync[m[K’
[2.145s]    60 |    this->[01;31m[Ksync[m[K->registerCallback(std::bind(&MinimalSubscriber::topic_callback2,_1,_2));
[2.145s]       |          [01;31m[K^~~~[m[K
[2.146s] In file included from [01m[K/opt/ros/foxy/include/rclcpp/context.hpp:19[m[K,
[2.146s]                  from [01m[K/opt/ros/foxy/include/rclcpp/contexts/default_context.hpp:18[m[K,
[2.147s]                  from [01m[K/opt/ros/foxy/include/rclcpp/executor.hpp:32[m[K,
[2.147s]                  from [01m[K/opt/ros/foxy/include/rclcpp/executors/multi_threaded_executor.hpp:25[m[K,
[2.147s]                  from [01m[K/opt/ros/foxy/include/rclcpp/executors.hpp:21[m[K,
[2.147s]                  from [01m[K/opt/ros/foxy/include/rclcpp/rclcpp.hpp:145[m[K,
[2.147s]                  from [01m[K/opt/ros/foxy/include/message_filters/subscriber.h:38[m[K,
[2.147s]                  from [01m[K/ros2_test/AD_Middle_Test/ros2/src/simple_s/src/listener.cpp:5[m[K:
[2.148s] /usr/include/c++/9/functional: In instantiation of ‘[01m[Kstruct std::_Bind_check_arity<void (MinimalSubscriber::*)(const std::shared_ptr<test_interfaces::msg::Test_<std::allocator<void> > >&, const std::shared_ptr<test_interfaces::msg::Test_<std::allocator<void> > >&), const std::_Placeholder<1>&, const std::_Placeholder<2>&>[m[K’:
[2.148s] [01m[K/usr/include/c++/9/functional:787:12:[m[K   required from ‘[01m[Kstruct std::_Bind_helper<false, void (MinimalSubscriber::*)(const std::shared_ptr<test_interfaces::msg::Test_<std::allocator<void> > >&, const std::shared_ptr<test_interfaces::msg::Test_<std::allocator<void> > >&), const std::_Placeholder<1>&, const std::_Placeholder<2>&>[m[K’
[2.148s] [01m[K/usr/include/c++/9/functional:808:5:[m[K   required by substitution of ‘[01m[Ktemplate<class _Func, class ... _BoundArgs> typename std::_Bind_helper<std::__is_socketlike<_Func>::value, _Func, _BoundArgs ...>::type std::bind(_Func&&, _BoundArgs&& ...) [with _Func = void (MinimalSubscriber::*)(const std::shared_ptr<test_interfaces::msg::Test_<std::allocator<void> > >&, const std::shared_ptr<test_interfaces::msg::Test_<std::allocator<void> > >&); _BoundArgs = {const std::_Placeholder<1>&, const std::_Placeholder<2>&}][m[K’
[2.148s] [01m[K/ros2_test/AD_Middle_Test/ros2/src/simple_s/src/listener.cpp:60:84:[m[K   required from here
[2.148s] [01m[K/usr/include/c++/9/functional:775:7:[m[K [01;31m[Kerror: [m[Kstatic assertion failed: Wrong number of arguments for pointer-to-member
[2.149s]   774 |       static_assert(_Varargs::[01;31m[Kvalue[m[K
[2.149s]       |                               [01;31m[K~~~~~[m[K
[2.149s]   775 | [01;31m[K      ? sizeof...(_BoundArgs) >= _Arity::value + 1[m[K
[2.149s]       |       [01;31m[K^~~~~~~~~~~~~~~~~~~~~~~~~~~~~~~~~~~~~~~~~~~~[m[K
[2.149s]   776 | [01;31m[K      : sizeof...(_BoundArgs) == _Arity::value + 1[m[K,
[2.149s]       |       [01;31m[K~~~~~~~~~~~~~~~~~~~~~~~~~~~~~~~~~~~~~~~~~~~~[m[K
[3.904s] make[2]: *** [CMakeFiles/listener.dir/build.make:63: CMakeFiles/listener.dir/src/listener.cpp.o] Error 1
[3.904s] make[1]: *** [CMakeFiles/Makefile2:80: CMakeFiles/listener.dir/all] Error 2
[3.904s] make: *** [Makefile:141: all] Error 2
