[0.928s] CMake Error at /opt/ros/foxy/share/rosidl_typesupport_introspection_cpp/cmake/rosidl_typesupport_introspection_cpp_generate_interfaces.cmake:116 (add_dependencies):
[0.928s]   The dependency target "simple_s__cpp" of target
[0.928s]   "simple_s__rosidl_typesupport_introspection_cpp" does not exist.
[0.928s] Call Stack (most recent call first):
[0.929s]   /opt/ros/foxy/share/ament_cmake_core/cmake/core/ament_execute_extensions.cmake:48 (include)
[0.929s]   /opt/ros/foxy/share/rosidl_cmake/cmake/rosidl_generate_interfaces.cmake:286 (ament_execute_extensions)
[0.929s]   CMakeLists.txt:26 (rosidl_generate_interfaces)
[0.929s] 
[0.929s] 
[0.929s] CMake Error at /opt/ros/foxy/share/rosidl_typesupport_cpp/cmake/rosidl_typesupport_cpp_generate_interfaces.cmake:128 (add_dependencies):
[0.929s]   The dependency target "simple_s__cpp" of target
[0.930s]   "simple_s__rosidl_typesupport_cpp" does not exist.
[0.930s] Call Stack (most recent call first):
[0.930s]   /opt/ros/foxy/share/ament_cmake_core/cmake/core/ament_execute_extensions.cmake:48 (include)
[0.930s]   /opt/ros/foxy/share/rosidl_cmake/cmake/rosidl_generate_interfaces.cmake:286 (ament_execute_extensions)
[0.930s]   CMakeLists.txt:26 (rosidl_generate_interfaces)
[0.930s] 
[0.930s] 
[0.973s] CMake Generate step failed.  Build files cannot be regenerated correctly.
[0.979s] make: *** [Makefile:836: cmake_check_build_system] Error 1
