[0.063s] -- Found ament_cmake: 0.8.1 (/opt/ros/foxy/share/ament_cmake/cmake)
[0.109s] -- Found PythonInterp: /usr/bin/python3 (found suitable version "3.8.2", minimum required is "3") 
[0.109s] -- Using PYTHON_EXECUTABLE: /usr/bin/python3
[0.389s] -- Found rclcpp: 0.8.3 (/opt/ros/foxy/share/rclcpp/cmake)
[0.446s] -- Found rosidl_adapter: 0.8.2 (/opt/ros/foxy/share/rosidl_adapter/cmake)
[0.476s] -- Found rmw_implementation_cmake: 0.8.1 (/opt/ros/foxy/share/rmw_implementation_cmake/cmake)
[0.479s] -- Using RMW implementation 'rmw_fastrtps_cpp' as default
[0.592s] -- Found std_msgs: 0.8.1 (/opt/ros/foxy/share/std_msgs/cmake)
[0.601s] -- Found test_interfaces: 0.0.0 (/ros2_test/AD_Middle_Test/ros2/src/install/test_interfaces/share/test_interfaces/cmake)
[0.639s] -- Found PythonInterp: /usr/bin/python3 (found version "3.8.2") 
[0.823s] -- Using all available rosidl_typesupport_c: rosidl_typesupport_connext_c;rosidl_typesupport_fastrtps_c;rosidl_typesupport_introspection_c
[0.829s] -- Using all available rosidl_typesupport_cpp: rosidl_typesupport_connext_cpp;rosidl_typesupport_fastrtps_cpp;rosidl_typesupport_introspection_cpp
[0.895s] -- Found ament_lint_auto: 0.9.1 (/opt/ros/foxy/share/ament_lint_auto/cmake)
[0.913s] -- Added test 'copyright' to check for copyright in CMake / C / C++ / Python code
[0.915s] -- Added test 'cppcheck' to perform static code analysis on C / C++ code
[0.916s] -- Configured cppcheck include dirs: 
[0.917s] -- Added test 'cpplint' to check C / C++ code against the Google style
[0.918s] -- Added test 'lint_cmake' to check CMake code style
[0.920s] -- Added test 'uncrustify' to check C / C++ code style
[0.920s] -- Added test 'xmllint' to check XML markup files
[0.925s] -- Configuring done
[0.928s] CMake Error at /opt/ros/foxy/share/rosidl_typesupport_introspection_cpp/cmake/rosidl_typesupport_introspection_cpp_generate_interfaces.cmake:116 (add_dependencies):
[0.928s]   The dependency target "simple_s__cpp" of target
[0.928s]   "simple_s__rosidl_typesupport_introspection_cpp" does not exist.
[0.928s] Call Stack (most recent call first):
[0.929s]   /opt/ros/foxy/share/ament_cmake_core/cmake/core/ament_execute_extensions.cmake:48 (include)
[0.929s]   /opt/ros/foxy/share/rosidl_cmake/cmake/rosidl_generate_interfaces.cmake:286 (ament_execute_extensions)
[0.929s]   CMakeLists.txt:26 (rosidl_generate_interfaces)
[0.929s] 
[0.929s] 
[0.929s] CMake Error at /opt/ros/foxy/share/rosidl_typesupport_cpp/cmake/rosidl_typesupport_cpp_generate_interfaces.cmake:128 (add_dependencies):
[0.929s]   The dependency target "simple_s__cpp" of target
[0.930s]   "simple_s__rosidl_typesupport_cpp" does not exist.
[0.930s] Call Stack (most recent call first):
[0.930s]   /opt/ros/foxy/share/ament_cmake_core/cmake/core/ament_execute_extensions.cmake:48 (include)
[0.930s]   /opt/ros/foxy/share/rosidl_cmake/cmake/rosidl_generate_interfaces.cmake:286 (ament_execute_extensions)
[0.930s]   CMakeLists.txt:26 (rosidl_generate_interfaces)
[0.930s] 
[0.930s] 
[0.971s] -- Generating done
[0.973s] CMake Generate step failed.  Build files cannot be regenerated correctly.
[0.979s] make: *** [Makefile:836: cmake_check_build_system] Error 1
