[0.119s] [  2%] Built target simple_s__cpp
[0.122s] [ 11%] Built target simple_s__rosidl_generator_c
[0.127s] [ 14%] [32mBuilding CXX object CMakeFiles/listener.dir/src/listener.cpp.o[0m
[0.127s] [ 17%] [32mBuilding CXX object CMakeFiles/talker.dir/src/talker.cpp.o[0m
[0.134s] [ 20%] [34m[1mGenerating C++ type support dispatch for ROS interfaces[0m
[0.134s] [ 22%] [34m[1mGenerating C++ introspection for ROS interfaces[0m
[0.134s] [ 25%] [34m[1mGenerating C++ type support for eProsima Fast-RTPS[0m
[0.137s] [ 31%] [34m[1mGenerating C introspection for ROS interfaces[0m
[0.137s] [ 31%] [34m[1mGenerating C type support dispatch for ROS interfaces[0m
[0.276s] [01m[K/ros2_test/AD_Middle_Test/ros2/src/simple_s/src/listener.cpp:4:10:[m[K [01;31m[Kfatal error: [m[Ksimple_s/msg/test.hpp: No such file or directory
[0.277s]     4 | #include [01;31m[K"simple_s/msg/test.hpp"[m[K     // CHANGE
[0.277s]       |          [01;31m[K^~~~~~~~~~~~~~~~~~~~~~~[m[K
[0.277s] compilation terminated.
[0.279s] make[2]: *** [CMakeFiles/listener.dir/build.make:63: CMakeFiles/listener.dir/src/listener.cpp.o] Error 1
[0.279s] make[1]: *** [CMakeFiles/Makefile2:125: CMakeFiles/listener.dir/all] Error 2
[0.279s] make[1]: *** Waiting for unfinished jobs....
[0.280s] [01m[K/ros2_test/AD_Middle_Test/ros2/src/simple_s/src/talker.cpp:5:10:[m[K [01;31m[Kfatal error: [m[Ksimple_s/msg/test.hpp: No such file or directory
[0.280s]     5 | #include [01;31m[K"simple_s/msg/test.hpp"[m[K     // CHANGE
[0.280s]       |          [01;31m[K^~~~~~~~~~~~~~~~~~~~~~~[m[K
[0.280s] compilation terminated.
[0.282s] make[2]: *** [CMakeFiles/talker.dir/build.make:63: CMakeFiles/talker.dir/src/talker.cpp.o] Error 1
[0.282s] make[1]: *** [CMakeFiles/Makefile2:388: CMakeFiles/talker.dir/all] Error 2
[0.549s] [35m[1mScanning dependencies of target simple_s__rosidl_typesupport_cpp[0m
[0.561s] [35m[1mScanning dependencies of target simple_s__rosidl_typesupport_c[0m
[0.567s] [ 34%] [32mBuilding CXX object CMakeFiles/simple_s__rosidl_typesupport_cpp.dir/rosidl_typesupport_cpp/simple_s/msg/test__type_support.cpp.o[0m
[0.578s] [ 37%] [32mBuilding CXX object CMakeFiles/simple_s__rosidl_typesupport_c.dir/rosidl_typesupport_c/simple_s/msg/test__type_support.cpp.o[0m
[0.593s] [35m[1mScanning dependencies of target simple_s__rosidl_typesupport_introspection_cpp[0m
[0.594s] [35m[1mScanning dependencies of target simple_s__rosidl_typesupport_introspection_c[0m
[0.598s] [35m[1mScanning dependencies of target simple_s__rosidl_typesupport_fastrtps_cpp[0m
[0.611s] [ 40%] [32mBuilding CXX object CMakeFiles/simple_s__rosidl_typesupport_introspection_cpp.dir/rosidl_typesupport_introspection_cpp/simple_s/msg/detail/test__type_support.cpp.o[0m
[0.614s] [ 42%] [32mBuilding C object CMakeFiles/simple_s__rosidl_typesupport_introspection_c.dir/rosidl_typesupport_introspection_c/simple_s/msg/detail/test__type_support.c.o[0m
[0.620s] [ 45%] [32mBuilding CXX object CMakeFiles/simple_s__rosidl_typesupport_fastrtps_cpp.dir/rosidl_typesupport_fastrtps_cpp/simple_s/msg/dds_fastrtps/test__type_support.cpp.o[0m
[0.628s] [ 48%] [32m[1mLinking CXX shared library libsimple_s__rosidl_typesupport_c.so[0m
[0.668s] [ 51%] [32m[1mLinking C shared library libsimple_s__rosidl_typesupport_introspection_c.so[0m
[0.683s] [ 51%] Built target simple_s__rosidl_typesupport_c
[0.706s] [ 51%] Built target simple_s__rosidl_typesupport_introspection_c
[1.002s] [ 54%] [32m[1mLinking CXX shared library libsimple_s__rosidl_typesupport_cpp.so[0m
[1.050s] [ 57%] [32m[1mLinking CXX shared library libsimple_s__rosidl_typesupport_introspection_cpp.so[0m
[1.061s] [ 57%] Built target simple_s__rosidl_typesupport_cpp
[1.133s] [ 57%] Built target simple_s__rosidl_typesupport_introspection_cpp
[1.259s] [ 60%] [32m[1mLinking CXX shared library libsimple_s__rosidl_typesupport_fastrtps_cpp.so[0m
[1.372s] [ 60%] Built target simple_s__rosidl_typesupport_fastrtps_cpp
[1.373s] make: *** [Makefile:141: all] Error 2
