[0.045s] Invoking command in '/ros2_test/AD_Middle_Test/ros2/src/build/detect_s': /usr/bin/cmake --build /ros2_test/AD_Middle_Test/ros2/src/build/detect_s -- -j5 -l5
[0.106s] [35m[1mScanning dependencies of target cameraTimer[0m
[0.107s] [35m[1mScanning dependencies of target yoloDetect[0m
[0.172s] [ 25%] [32mBuilding CXX object CMakeFiles/cameraTimer.dir/src/CameraTimer.cpp.o[0m
[0.176s] [ 50%] [32mBuilding CXX object CMakeFiles/yoloDetect.dir/src/YoloDetect.cpp.o[0m
[5.196s] [ 75%] [32m[1mLinking CXX executable cameraTimer[0m
[5.728s] [ 75%] Built target cameraTimer
[6.457s] [100%] [32m[1mLinking CXX executable yoloDetect[0m
[7.030s] [100%] Built target yoloDetect
[7.044s] Invoked command in '/ros2_test/AD_Middle_Test/ros2/src/build/detect_s' returned '0': /usr/bin/cmake --build /ros2_test/AD_Middle_Test/ros2/src/build/detect_s -- -j5 -l5
[7.081s] Invoking command in '/ros2_test/AD_Middle_Test/ros2/src/build/detect_s': /usr/bin/cmake --install /ros2_test/AD_Middle_Test/ros2/src/build/detect_s
[7.093s] -- Install configuration: ""
[7.094s] -- Installing: /ros2_test/AD_Middle_Test/ros2/src/install/detect_s/lib/detect_s/cameraTimer
[7.095s] -- Set runtime path of "/ros2_test/AD_Middle_Test/ros2/src/install/detect_s/lib/detect_s/cameraTimer" to ""
[7.096s] -- Installing: /ros2_test/AD_Middle_Test/ros2/src/install/detect_s/lib/detect_s/yoloDetect
[7.098s] -- Set runtime path of "/ros2_test/AD_Middle_Test/ros2/src/install/detect_s/lib/detect_s/yoloDetect" to ""
[7.098s] -- Up-to-date: /ros2_test/AD_Middle_Test/ros2/src/install/detect_s/share/ament_index/resource_index/package_run_dependencies/detect_s
[7.098s] -- Up-to-date: /ros2_test/AD_Middle_Test/ros2/src/install/detect_s/share/ament_index/resource_index/parent_prefix_path/detect_s
[7.098s] -- Up-to-date: /ros2_test/AD_Middle_Test/ros2/src/install/detect_s/share/detect_s/environment/ament_prefix_path.sh
[7.099s] -- Up-to-date: /ros2_test/AD_Middle_Test/ros2/src/install/detect_s/share/detect_s/environment/ament_prefix_path.dsv
[7.099s] -- Up-to-date: /ros2_test/AD_Middle_Test/ros2/src/install/detect_s/share/detect_s/environment/path.sh
[7.099s] -- Up-to-date: /ros2_test/AD_Middle_Test/ros2/src/install/detect_s/share/detect_s/environment/path.dsv
[7.099s] -- Up-to-date: /ros2_test/AD_Middle_Test/ros2/src/install/detect_s/share/detect_s/local_setup.bash
[7.099s] -- Up-to-date: /ros2_test/AD_Middle_Test/ros2/src/install/detect_s/share/detect_s/local_setup.sh
[7.100s] -- Up-to-date: /ros2_test/AD_Middle_Test/ros2/src/install/detect_s/share/detect_s/local_setup.zsh
[7.100s] -- Up-to-date: /ros2_test/AD_Middle_Test/ros2/src/install/detect_s/share/detect_s/local_setup.dsv
[7.100s] -- Installing: /ros2_test/AD_Middle_Test/ros2/src/install/detect_s/share/detect_s/package.dsv
[7.100s] -- Up-to-date: /ros2_test/AD_Middle_Test/ros2/src/install/detect_s/share/ament_index/resource_index/packages/detect_s
[7.100s] -- Up-to-date: /ros2_test/AD_Middle_Test/ros2/src/install/detect_s/share/detect_s/cmake/detect_sConfig.cmake
[7.100s] -- Up-to-date: /ros2_test/AD_Middle_Test/ros2/src/install/detect_s/share/detect_s/cmake/detect_sConfig-version.cmake
[7.100s] -- Up-to-date: /ros2_test/AD_Middle_Test/ros2/src/install/detect_s/share/detect_s/package.xml
[7.103s] Invoked command in '/ros2_test/AD_Middle_Test/ros2/src/build/detect_s' returned '0': /usr/bin/cmake --install /ros2_test/AD_Middle_Test/ros2/src/build/detect_s
