[0.125s] -- The C compiler identification is GNU 9.3.0
[0.213s] -- The CXX compiler identification is GNU 9.3.0
[0.222s] -- Check for working C compiler: /usr/bin/cc
[0.324s] -- Check for working C compiler: /usr/bin/cc -- works
[0.326s] -- Detecting C compiler ABI info
[0.427s] -- Detecting C compiler ABI info - done
[0.451s] -- Detecting C compile features
[0.452s] -- Detecting C compile features - done
[0.457s] -- Check for working CXX compiler: /usr/bin/c++
[0.575s] -- Check for working CXX compiler: /usr/bin/c++ -- works
[0.577s] -- Detecting CXX compiler ABI info
[0.695s] -- Detecting CXX compiler ABI info - done
[0.721s] -- Detecting CXX compile features
[0.722s] -- Detecting CXX compile features - done
[0.727s] -- Found ament_cmake: 0.8.1 (/opt/ros/foxy/share/ament_cmake/cmake)
[0.770s] -- Found PythonInterp: /usr/bin/python3 (found suitable version "3.8.2", minimum required is "3") 
[0.771s] -- Using PYTHON_EXECUTABLE: /usr/bin/python3
[1.108s] -- Found rclcpp: 0.8.3 (/opt/ros/foxy/share/rclcpp/cmake)
[1.205s] -- Found rosidl_adapter: 0.8.2 (/opt/ros/foxy/share/rosidl_adapter/cmake)
[1.247s] -- Found rmw_implementation_cmake: 0.8.1 (/opt/ros/foxy/share/rmw_implementation_cmake/cmake)
[1.251s] -- Using RMW implementation 'rmw_fastrtps_cpp' as default
[1.252s] -- Looking for pthread.h
[1.360s] -- Looking for pthread.h - found
[1.361s] -- Performing Test CMAKE_HAVE_LIBC_PTHREAD
[1.469s] -- Performing Test CMAKE_HAVE_LIBC_PTHREAD - Failed
[1.469s] -- Looking for pthread_create in pthreads
[1.554s] -- Looking for pthread_create in pthreads - not found
[1.555s] -- Looking for pthread_create in pthread
[1.658s] -- Looking for pthread_create in pthread - found
[1.660s] -- Found Threads: TRUE  
[1.802s] -- Found std_msgs: 0.8.1 (/opt/ros/foxy/share/std_msgs/cmake)
[1.810s] -- Found test_interfaces: 0.0.0 (/ros2_test/AD_Middle_Test/ros2/install/test_interfaces/share/test_interfaces/cmake)
[1.856s] -- Found message_filters: 3.2.3 (/opt/ros/foxy/share/message_filters/cmake)
[1.971s] -- Found ament_lint_auto: 0.9.1 (/opt/ros/foxy/share/ament_lint_auto/cmake)
[2.113s] -- Added test 'copyright' to check for copyright in CMake / C / C++ / Python code
[2.115s] -- Added test 'cppcheck' to perform static code analysis on C / C++ code
[2.116s] -- Configured cppcheck include dirs: 
[2.117s] -- Added test 'cpplint' to check C / C++ code against the Google style
[2.119s] -- Added test 'lint_cmake' to check CMake code style
[2.121s] -- Added test 'uncrustify' to check C / C++ code style
[2.122s] -- Added test 'xmllint' to check XML markup files
[2.127s] -- Configuring done
[2.181s] -- Generating done
[2.183s] -- Build files have been written to: /ros2_test/AD_Middle_Test/ros2/build/simple_s
[2.255s] [35m[1mScanning dependencies of target talker[0m
[2.256s] [35m[1mScanning dependencies of target intra_pipe[0m
[2.256s] [35m[1mScanning dependencies of target listener[0m
[2.316s] [ 16%] [32mBuilding CXX object CMakeFiles/talker.dir/src/talker.cpp.o[0m
[2.320s] [ 50%] [32mBuilding CXX object CMakeFiles/listener.dir/src/listener.cpp.o[0m
[2.320s] [ 50%] [32mBuilding CXX object CMakeFiles/intra_pipe.dir/src/intra_pipe.cpp.o[0m
[6.665s] [ 66%] [32m[1mLinking CXX executable talker[0m
[6.881s] [ 66%] Built target talker
[10.863s] [ 83%] [32m[1mLinking CXX executable listener[0m
[11.213s] [ 83%] Built target listener
[12.271s] [100%] [32m[1mLinking CXX executable intra_pipe[0m
[12.654s] [100%] Built target intra_pipe
