[0.025s] Invoking command in '/ros2_test/AD_Middle_Test/ros2/src/build/simple_s': /usr/bin/cmake --build /ros2_test/AD_Middle_Test/ros2/src/build/simple_s -- -j1 -l1
[0.086s] [35m[1mScanning dependencies of target listener[0m
[0.123s] [ 25%] [32mBuilding CXX object CMakeFiles/listener.dir/src/listener.cpp.o[0m
[2.025s] [01m[K/ros2_test/AD_Middle_Test/ros2/src/simple_s/src/listener.cpp:95:69:[m[K [01;31m[Kerror: [m[Kwrong number of template arguments (2, should be 1)
[2.025s]    95 |   Synchronizer<test_interfaces::msg::Test,test_interfaces::msg::Test[01;31m[K>[m[K*sync;
[2.025s]       |                                                                     [01;31m[K^[m[K
[2.026s] In file included from [01m[K/ros2_test/AD_Middle_Test/ros2/src/simple_s/src/listener.cpp:6[m[K:
[2.026s] [01m[K/opt/ros/foxy/include/message_filters/synchronizer.h:53:7:[m[K [01;36m[Knote: [m[Kprovided for ‘[01m[Ktemplate<class Policy> class message_filters::Synchronizer[m[K’
[2.026s]    53 | class [01;36m[KSynchronizer[m[K : public noncopyable, public Policy
[2.026s]       |       [01;36m[K^~~~~~~~~~~~[m[K
[2.134s] [01m[K/ros2_test/AD_Middle_Test/ros2/src/simple_s/src/listener.cpp:[m[K In constructor ‘[01m[KMinimalSubscriber::MinimalSubscriber(std::string, int)[m[K’:
[2.135s] [01m[K/ros2_test/AD_Middle_Test/ros2/src/simple_s/src/listener.cpp:60:19:[m[K [01;31m[Kerror: [m[K‘[01m[KSychronizer[m[K’ does not name a type
[2.135s]    60 |    this->sync=new [01;31m[KSychronizer[m[K<test_interfaces::msg::Test,test_interfaces::msg::Test>(myP,this->sub1,this->sub2);
[2.135s]       |                   [01;31m[K^~~~~~~~~~~[m[K
[2.135s] [01m[K/ros2_test/AD_Middle_Test/ros2/src/simple_s/src/listener.cpp:60:57:[m[K [01;31m[Kerror: [m[Kexpected primary-expression before ‘[01m[K,[m[K’ token
[2.135s]    60 |    this->sync=new Sychronizer<test_interfaces::msg::Test[01;31m[K,[m[Ktest_interfaces::msg::Test>(myP,this->sub1,this->sub2);
[2.136s]       |                                                         [01;31m[K^[m[K
[2.136s] [01m[K/ros2_test/AD_Middle_Test/ros2/src/simple_s/src/listener.cpp:60:84:[m[K [01;31m[Kerror: [m[Kexpected primary-expression before ‘[01m[K>[m[K’ token
[2.136s]    60 |    this->sync=new Sychronizer<test_interfaces::msg::Test,test_interfaces::msg::Test[01;31m[K>[m[K(myP,this->sub1,this->sub2);
[2.136s]       |                                                                                    [01;31m[K^[m[K
[2.136s] [01m[K/ros2_test/AD_Middle_Test/ros2/src/simple_s/src/listener.cpp:60:86:[m[K [01;35m[Kwarning: [m[Kleft operand of comma operator has no effect [[01;35m[K-Wunused-value[m[K]
[2.137s]    60 |    this->sync=new Sychronizer<test_interfaces::msg::Test,test_interfaces::msg::Test>([01;35m[KmyP[m[K,this->sub1,this->sub2);
[2.137s]       |                                                                                      [01;35m[K^~~[m[K
[2.137s] [01m[K/ros2_test/AD_Middle_Test/ros2/src/simple_s/src/listener.cpp:60:96:[m[K [01;35m[Kwarning: [m[Kright operand of comma operator has no effect [[01;35m[K-Wunused-value[m[K]
[2.137s]    60 |    this->sync=new Sychronizer<test_interfaces::msg::Test,test_interfaces::msg::Test>(myP,[01;35m[Kthis->sub1[m[K,this->sub2);
[2.137s]       |                                                                                          [01;35m[K~~~~~~^~~~[m[K
[2.138s] [01m[K/ros2_test/AD_Middle_Test/ros2/src/simple_s/src/listener.cpp:61:16:[m[K [01;31m[Kerror: [m[Krequest for member ‘[01m[KregisterCallback[m[K’ in ‘[01m[K*((MinimalSubscriber*)this)->MinimalSubscriber::sync[m[K’, which is of non-class type ‘[01m[Kint[m[K’
[2.138s]    61 |    this->sync->[01;31m[KregisterCallback[m[K(std::bind(&MinimalSubscriber::topic_callback2,_1,_2));
[2.138s]       |                [01;31m[K^~~~~~~~~~~~~~~~[m[K
[2.141s] In file included from [01m[K/opt/ros/foxy/include/rclcpp/context.hpp:19[m[K,
[2.142s]                  from [01m[K/opt/ros/foxy/include/rclcpp/contexts/default_context.hpp:18[m[K,
[2.142s]                  from [01m[K/opt/ros/foxy/include/rclcpp/executor.hpp:32[m[K,
[2.142s]                  from [01m[K/opt/ros/foxy/include/rclcpp/executors/multi_threaded_executor.hpp:25[m[K,
[2.142s]                  from [01m[K/opt/ros/foxy/include/rclcpp/executors.hpp:21[m[K,
[2.142s]                  from [01m[K/opt/ros/foxy/include/rclcpp/rclcpp.hpp:145[m[K,
[2.142s]                  from [01m[K/opt/ros/foxy/include/message_filters/subscriber.h:38[m[K,
[2.143s]                  from [01m[K/ros2_test/AD_Middle_Test/ros2/src/simple_s/src/listener.cpp:5[m[K:
[2.143s] /usr/include/c++/9/functional: In instantiation of ‘[01m[Kstruct std::_Bind_check_arity<void (MinimalSubscriber::*)(const std::shared_ptr<test_interfaces::msg::Test_<std::allocator<void> > >&, const std::shared_ptr<test_interfaces::msg::Test_<std::allocator<void> > >&), const std::_Placeholder<1>&, const std::_Placeholder<2>&>[m[K’:
[2.143s] [01m[K/usr/include/c++/9/functional:787:12:[m[K   required from ‘[01m[Kstruct std::_Bind_helper<false, void (MinimalSubscriber::*)(const std::shared_ptr<test_interfaces::msg::Test_<std::allocator<void> > >&, const std::shared_ptr<test_interfaces::msg::Test_<std::allocator<void> > >&), const std::_Placeholder<1>&, const std::_Placeholder<2>&>[m[K’
[2.143s] [01m[K/usr/include/c++/9/functional:808:5:[m[K   required by substitution of ‘[01m[Ktemplate<class _Func, class ... _BoundArgs> typename std::_Bind_helper<std::__is_socketlike<_Func>::value, _Func, _BoundArgs ...>::type std::bind(_Func&&, _BoundArgs&& ...) [with _Func = void (MinimalSubscriber::*)(const std::shared_ptr<test_interfaces::msg::Test_<std::allocator<void> > >&, const std::shared_ptr<test_interfaces::msg::Test_<std::allocator<void> > >&); _BoundArgs = {const std::_Placeholder<1>&, const std::_Placeholder<2>&}][m[K’
[2.143s] [01m[K/ros2_test/AD_Middle_Test/ros2/src/simple_s/src/listener.cpp:61:84:[m[K   required from here
[2.144s] [01m[K/usr/include/c++/9/functional:775:7:[m[K [01;31m[Kerror: [m[Kstatic assertion failed: Wrong number of arguments for pointer-to-member
[2.144s]   774 |       static_assert(_Varargs::[01;31m[Kvalue[m[K
[2.144s]       |                               [01;31m[K~~~~~[m[K
[2.144s]   775 | [01;31m[K      ? sizeof...(_BoundArgs) >= _Arity::value + 1[m[K
[2.144s]       |       [01;31m[K^~~~~~~~~~~~~~~~~~~~~~~~~~~~~~~~~~~~~~~~~~~~[m[K
[2.144s]   776 | [01;31m[K      : sizeof...(_BoundArgs) == _Arity::value + 1[m[K,
[2.144s]       |       [01;31m[K~~~~~~~~~~~~~~~~~~~~~~~~~~~~~~~~~~~~~~~~~~~~[m[K
[3.892s] make[2]: *** [CMakeFiles/listener.dir/build.make:63: CMakeFiles/listener.dir/src/listener.cpp.o] Error 1
[3.892s] make[1]: *** [CMakeFiles/Makefile2:80: CMakeFiles/listener.dir/all] Error 2
[3.892s] make: *** [Makefile:141: all] Error 2
[3.893s] Invoked command in '/ros2_test/AD_Middle_Test/ros2/src/build/simple_s' returned '2': /usr/bin/cmake --build /ros2_test/AD_Middle_Test/ros2/src/build/simple_s -- -j1 -l1
