[0.123s] -- The C compiler identification is GNU 9.3.0
[0.212s] -- The CXX compiler identification is GNU 9.3.0
[0.221s] -- Check for working C compiler: /usr/bin/cc
[0.324s] -- Check for working C compiler: /usr/bin/cc -- works
[0.325s] -- Detecting C compiler ABI info
[0.429s] -- Detecting C compiler ABI info - done
[0.454s] -- Detecting C compile features
[0.454s] -- Detecting C compile features - done
[0.459s] -- Check for working CXX compiler: /usr/bin/c++
[0.581s] -- Check for working CXX compiler: /usr/bin/c++ -- works
[0.583s] -- Detecting CXX compiler ABI info
[0.705s] -- Detecting CXX compiler ABI info - done
[0.730s] -- Detecting CXX compile features
[0.731s] -- Detecting CXX compile features - done
[0.739s] -- Found ament_cmake: 0.8.1 (/opt/ros/foxy/share/ament_cmake/cmake)
[0.784s] -- Found PythonInterp: /usr/bin/python3 (found suitable version "3.8.2", minimum required is "3") 
[0.785s] -- Using PYTHON_EXECUTABLE: /usr/bin/python3
[1.134s] -- Found rclcpp: 0.8.3 (/opt/ros/foxy/share/rclcpp/cmake)
[1.233s] -- Found rosidl_adapter: 0.8.2 (/opt/ros/foxy/share/rosidl_adapter/cmake)
[1.276s] -- Found rmw_implementation_cmake: 0.8.1 (/opt/ros/foxy/share/rmw_implementation_cmake/cmake)
[1.280s] -- Using RMW implementation 'rmw_fastrtps_cpp' as default
[1.281s] -- Looking for pthread.h
[1.390s] -- Looking for pthread.h - found
[1.390s] -- Performing Test CMAKE_HAVE_LIBC_PTHREAD
[1.499s] -- Performing Test CMAKE_HAVE_LIBC_PTHREAD - Failed
[1.499s] -- Looking for pthread_create in pthreads
[1.584s] -- Looking for pthread_create in pthreads - not found
[1.585s] -- Looking for pthread_create in pthread
[1.686s] -- Looking for pthread_create in pthread - found
[1.687s] -- Found Threads: TRUE  
[1.829s] -- Found std_msgs: 0.8.1 (/opt/ros/foxy/share/std_msgs/cmake)
[1.840s] -- Found sensor_msgs: 0.8.1 (/opt/ros/foxy/share/sensor_msgs/cmake)
[1.867s] -- Found test_interfaces: 0.0.0 (/ros2_test/AD_Middle_Test/ros2/src/install/test_interfaces/share/test_interfaces/cmake)
[1.884s] -- Found message_filters: 3.2.3 (/opt/ros/foxy/share/message_filters/cmake)
[1.914s] -- Found OpenCV: /usr (found version "4.2.0") 
[2.033s] -- Found ament_lint_auto: 0.9.1 (/opt/ros/foxy/share/ament_lint_auto/cmake)
[2.172s] -- Added test 'copyright' to check for copyright in CMake / C / C++ / Python code
[2.174s] -- Added test 'cppcheck' to perform static code analysis on C / C++ code
[2.174s] -- Configured cppcheck include dirs: /ros2_test/AD_Middle_Test/ros2/src/detect_s/include
[2.176s] -- Added test 'cpplint' to check C / C++ code against the Google style
[2.177s] -- Added test 'lint_cmake' to check CMake code style
[2.179s] -- Added test 'uncrustify' to check C / C++ code style
[2.180s] -- Added test 'xmllint' to check XML markup files
[2.185s] -- Configuring done
[2.251s] -- Generating done
[2.253s] -- Build files have been written to: /ros2_test/AD_Middle_Test/ros2/src/build/detect_s
[2.323s] [35m[1mScanning dependencies of target yoloDetect[0m
[2.324s] [35m[1mScanning dependencies of target cameraTimer[0m
[2.422s] [ 25%] [32mBuilding CXX object CMakeFiles/yoloDetect.dir/src/YoloDetect.cpp.o[0m
[2.427s] [ 50%] [32mBuilding CXX object CMakeFiles/cameraTimer.dir/src/CameraTimer.cpp.o[0m
[12.547s] [ 75%] [32m[1mLinking CXX executable yoloDetect[0m
[13.667s] [ 75%] Built target yoloDetect
