[0.021s] Invoking command in '/ros2_test/AD_Middle_Test/ros2/build/simple_s': /usr/bin/cmake --build /ros2_test/AD_Middle_Test/ros2/build/simple_s -- -j5 -l5
[0.110s] [ 33%] Built target listener
[0.110s] [ 66%] Built target talker
[0.117s] [100%] Built target intra_pipe
[0.144s] Invoked command in '/ros2_test/AD_Middle_Test/ros2/build/simple_s' returned '0': /usr/bin/cmake --build /ros2_test/AD_Middle_Test/ros2/build/simple_s -- -j5 -l5
[0.190s] Invoking command in '/ros2_test/AD_Middle_Test/ros2/build/simple_s': /usr/bin/cmake --install /ros2_test/AD_Middle_Test/ros2/build/simple_s
[0.208s] -- Install configuration: ""
[0.212s] -- Installing: /ros2_test/AD_Middle_Test/ros2/install/simple_s/lib/simple_s/talker
[0.213s] -- Set runtime path of "/ros2_test/AD_Middle_Test/ros2/install/simple_s/lib/simple_s/talker" to ""
[0.214s] -- Installing: /ros2_test/AD_Middle_Test/ros2/install/simple_s/lib/simple_s/listener
[0.214s] -- Set runtime path of "/ros2_test/AD_Middle_Test/ros2/install/simple_s/lib/simple_s/listener" to ""
[0.215s] -- Installing: /ros2_test/AD_Middle_Test/ros2/install/simple_s/lib/simple_s/intra_pipe
[0.215s] -- Set runtime path of "/ros2_test/AD_Middle_Test/ros2/install/simple_s/lib/simple_s/intra_pipe" to ""
[0.215s] -- Up-to-date: /ros2_test/AD_Middle_Test/ros2/install/simple_s/share/ament_index/resource_index/package_run_dependencies/simple_s
[0.216s] -- Up-to-date: /ros2_test/AD_Middle_Test/ros2/install/simple_s/share/ament_index/resource_index/parent_prefix_path/simple_s
[0.216s] -- Up-to-date: /ros2_test/AD_Middle_Test/ros2/install/simple_s/share/simple_s/environment/ament_prefix_path.sh
[0.216s] -- Up-to-date: /ros2_test/AD_Middle_Test/ros2/install/simple_s/share/simple_s/environment/ament_prefix_path.dsv
[0.216s] -- Up-to-date: /ros2_test/AD_Middle_Test/ros2/install/simple_s/share/simple_s/environment/path.sh
[0.217s] -- Up-to-date: /ros2_test/AD_Middle_Test/ros2/install/simple_s/share/simple_s/environment/path.dsv
[0.217s] -- Up-to-date: /ros2_test/AD_Middle_Test/ros2/install/simple_s/share/simple_s/local_setup.bash
[0.217s] -- Up-to-date: /ros2_test/AD_Middle_Test/ros2/install/simple_s/share/simple_s/local_setup.sh
[0.217s] -- Up-to-date: /ros2_test/AD_Middle_Test/ros2/install/simple_s/share/simple_s/local_setup.zsh
[0.218s] -- Up-to-date: /ros2_test/AD_Middle_Test/ros2/install/simple_s/share/simple_s/local_setup.dsv
[0.218s] -- Installing: /ros2_test/AD_Middle_Test/ros2/install/simple_s/share/simple_s/package.dsv
[0.218s] -- Up-to-date: /ros2_test/AD_Middle_Test/ros2/install/simple_s/share/ament_index/resource_index/packages/simple_s
[0.218s] -- Up-to-date: /ros2_test/AD_Middle_Test/ros2/install/simple_s/share/simple_s/cmake/simple_sConfig.cmake
[0.218s] -- Up-to-date: /ros2_test/AD_Middle_Test/ros2/install/simple_s/share/simple_s/cmake/simple_sConfig-version.cmake
[0.219s] -- Up-to-date: /ros2_test/AD_Middle_Test/ros2/install/simple_s/share/simple_s/package.xml
[0.236s] Invoked command in '/ros2_test/AD_Middle_Test/ros2/build/simple_s' returned '0': /usr/bin/cmake --install /ros2_test/AD_Middle_Test/ros2/build/simple_s
