[2.722s] [01m[K/ros2_test/AD_Middle_Test/ros2/src/simple_s/src/intra_pipe.cpp:[m[K In function ‘[01m[Kstd::vector<double, std::allocator<double> > analyze_latency(std::vector<long unsigned int>&)[m[K’:
[2.722s] [01m[K/ros2_test/AD_Middle_Test/ros2/src/simple_s/src/intra_pipe.cpp:29:22:[m[K [01;31m[Kerror: [m[K‘[01m[Kaccumulate[m[K’ is not a member of ‘[01m[Kstd[m[K’
[2.722s]    29 |    double sum = std::[01;31m[Kaccumulate[m[K(std::begin(p), std::end(p), 0.0);
[2.722s]       |                      [01;31m[K^~~~~~~~~~[m[K
[2.723s] [01m[K/ros2_test/AD_Middle_Test/ros2/src/simple_s/src/intra_pipe.cpp:36:19:[m[K [01;31m[Kerror: [m[K‘[01m[Ksqrt[m[K’ was not declared in this scope
[2.723s]    36 |    double stdev = [01;31m[Ksqrt[m[K(accum/(size-1));
[2.723s]       |                   [01;31m[K^~~~[m[K
[2.731s] [01m[K/ros2_test/AD_Middle_Test/ros2/src/simple_s/src/intra_pipe.cpp:[m[K At global scope:
[2.731s] [01m[K/ros2_test/AD_Middle_Test/ros2/src/simple_s/src/intra_pipe.cpp:73:1:[m[K [01;31m[Kerror: [m[Kexpected unqualified-id before ‘[01m[K}[m[K’ token
[2.731s]    73 | [01;31m[K}[m[K;
[2.731s]       | [01;31m[K^[m[K
[2.745s] [01m[K/ros2_test/AD_Middle_Test/ros2/src/simple_s/src/intra_pipe.cpp:[m[K In lambda function:
[2.745s] [01m[K/ros2_test/AD_Middle_Test/ros2/src/simple_s/src/intra_pipe.cpp:61:6:[m[K [01;35m[Kwarning: [m[Kformat ‘[01m[K%d[m[K’ expects argument of type ‘[01m[Kint[m[K’, but argument 2 has type ‘[01m[Kstd::__cxx11::basic_string<char>::size_type[m[K’ {aka ‘[01m[Klong unsigned int[m[K’} [[01;35m[K-Wformat=[m[K]
[2.745s]    61 |      [01;35m[K"Published message with content size: %d, and address: 0x%" PRIXPTR "\n"[m[K, [32m[K(msg->content).size()[m[K,
[2.745s]       |      [01;35m[K^~~~~~~~~~~~~~~~~~~~~~~~~~~~~~~~~~~~~~~~~~~~~~~~~~~~~~~~~~~~~~~~~~~~~~~~[m[K  [32m[K~~~~~~~~~~~~~~~~~~~~~[m[K
[2.745s]       |                                                                                                   [32m[K|[m[K
[2.745s]       |                                                                                                   [32m[Kstd::__cxx11::basic_string<char>::size_type {aka long unsigned int}[m[K
[2.770s] [01m[K/ros2_test/AD_Middle_Test/ros2/src/simple_s/src/intra_pipe.cpp:[m[K In lambda function:
[2.770s] [01m[K/ros2_test/AD_Middle_Test/ros2/src/simple_s/src/intra_pipe.cpp:92:7:[m[K [01;35m[Kwarning: [m[Kformat ‘[01m[K%d[m[K’ expects argument of type ‘[01m[Kint[m[K’, but argument 2 has type ‘[01m[Kstd::__cxx11::basic_string<char>::size_type[m[K’ {aka ‘[01m[Klong unsigned int[m[K’} [[01;35m[K-Wformat=[m[K]
[2.771s]    92 |       [01;35m[K" Received message content size: %d, and address: 0x%" PRIXPTR "\n"[m[K, [32m[K(msg->content).size()[m[K,
[2.771s]       |       [01;35m[K^~~~~~~~~~~~~~~~~~~~~~~~~~~~~~~~~~~~~~~~~~~~~~~~~~~~~~~~~~~~~~~~~~~[m[K  [32m[K~~~~~~~~~~~~~~~~~~~~~[m[K
[2.771s]       |                                                                                               [32m[K|[m[K
[2.771s]       |                                                                                               [32m[Kstd::__cxx11::basic_string<char>::size_type {aka long unsigned int}[m[K
[4.567s] make[2]: *** [CMakeFiles/intra_pipe.dir/build.make:63: CMakeFiles/intra_pipe.dir/src/intra_pipe.cpp.o] Error 1
[4.567s] make[1]: *** [CMakeFiles/Makefile2:163: CMakeFiles/intra_pipe.dir/all] Error 2
[4.567s] make: *** [Makefile:141: all] Error 2
