[0.021s] Invoking command in '/ros2_test/AD_Middle_Test/ros2/src/build/simple_s': /usr/bin/cmake --build /ros2_test/AD_Middle_Test/ros2/src/build/simple_s -- -j30 -l30
[0.080s] [35m[1mScanning dependencies of target listener[0m
[0.110s] [ 50%] Built target talker
[0.119s] [ 75%] [32mBuilding CXX object CMakeFiles/listener.dir/src/listener.cpp.o[0m
[8.378s] [100%] [32m[1mLinking CXX executable listener[0m
[8.712s] [100%] Built target listener
[8.728s] Invoked command in '/ros2_test/AD_Middle_Test/ros2/src/build/simple_s' returned '0': /usr/bin/cmake --build /ros2_test/AD_Middle_Test/ros2/src/build/simple_s -- -j30 -l30
[8.766s] Invoking command in '/ros2_test/AD_Middle_Test/ros2/src/build/simple_s': /usr/bin/cmake --install /ros2_test/AD_Middle_Test/ros2/src/build/simple_s
[8.779s] -- Install configuration: ""
[8.779s] -- Up-to-date: /ros2_test/AD_Middle_Test/ros2/src/install/simple_s/lib/simple_s/talker
[8.780s] -- Installing: /ros2_test/AD_Middle_Test/ros2/src/install/simple_s/lib/simple_s/listener
[8.783s] -- Set runtime path of "/ros2_test/AD_Middle_Test/ros2/src/install/simple_s/lib/simple_s/listener" to ""
[8.783s] -- Up-to-date: /ros2_test/AD_Middle_Test/ros2/src/install/simple_s/share/ament_index/resource_index/package_run_dependencies/simple_s
[8.783s] -- Up-to-date: /ros2_test/AD_Middle_Test/ros2/src/install/simple_s/share/ament_index/resource_index/parent_prefix_path/simple_s
[8.784s] -- Up-to-date: /ros2_test/AD_Middle_Test/ros2/src/install/simple_s/share/simple_s/environment/ament_prefix_path.sh
[8.784s] -- Up-to-date: /ros2_test/AD_Middle_Test/ros2/src/install/simple_s/share/simple_s/environment/ament_prefix_path.dsv
[8.784s] -- Up-to-date: /ros2_test/AD_Middle_Test/ros2/src/install/simple_s/share/simple_s/environment/path.sh
[8.784s] -- Up-to-date: /ros2_test/AD_Middle_Test/ros2/src/install/simple_s/share/simple_s/environment/path.dsv
[8.784s] -- Up-to-date: /ros2_test/AD_Middle_Test/ros2/src/install/simple_s/share/simple_s/local_setup.bash
[8.785s] -- Up-to-date: /ros2_test/AD_Middle_Test/ros2/src/install/simple_s/share/simple_s/local_setup.sh
[8.785s] -- Up-to-date: /ros2_test/AD_Middle_Test/ros2/src/install/simple_s/share/simple_s/local_setup.zsh
[8.785s] -- Up-to-date: /ros2_test/AD_Middle_Test/ros2/src/install/simple_s/share/simple_s/local_setup.dsv
[8.785s] -- Installing: /ros2_test/AD_Middle_Test/ros2/src/install/simple_s/share/simple_s/package.dsv
[8.785s] -- Up-to-date: /ros2_test/AD_Middle_Test/ros2/src/install/simple_s/share/ament_index/resource_index/packages/simple_s
[8.785s] -- Up-to-date: /ros2_test/AD_Middle_Test/ros2/src/install/simple_s/share/simple_s/cmake/simple_sConfig.cmake
[8.785s] -- Up-to-date: /ros2_test/AD_Middle_Test/ros2/src/install/simple_s/share/simple_s/cmake/simple_sConfig-version.cmake
[8.786s] -- Up-to-date: /ros2_test/AD_Middle_Test/ros2/src/install/simple_s/share/simple_s/package.xml
[8.787s] Invoked command in '/ros2_test/AD_Middle_Test/ros2/src/build/simple_s' returned '0': /usr/bin/cmake --install /ros2_test/AD_Middle_Test/ros2/src/build/simple_s
