[0.083s] [35m[1mScanning dependencies of target listener[0m
[0.111s] [ 50%] Built target talker
[0.122s] [ 75%] [32mBuilding CXX object CMakeFiles/listener.dir/src/listener.cpp.o[0m
[2.285s] In file included from [01m[K/ros2_test/AD_Middle_Test/ros2/src/simple_s/src/listener.cpp:6[m[K:
[2.286s] /opt/ros/foxy/include/message_filters/synchronizer.h: In instantiation of ‘[01m[Kmessage_filters::Connection message_filters::Synchronizer<Policy>::registerCallback(const C&, T*) [with C = std::_Bind<void (MinimalSubscriber::*(MinimalSubscriber*, std::_Placeholder<1>, std::_Placeholder<2>))(std::shared_ptr<test_interfaces::msg::Test_<std::allocator<void> > >, std::shared_ptr<test_interfaces::msg::Test_<std::allocator<void> > >)>; T = MinimalSubscriber; Policy = message_filters::sync_policies::ApproximateTime<test_interfaces::msg::Test_<std::allocator<void> >, test_interfaces::msg::Test_<std::allocator<void> > >][m[K’:
[2.287s] [01m[K/ros2_test/AD_Middle_Test/ros2/src/simple_s/src/listener.cpp:60:134:[m[K   required from here
[2.287s] [01m[K/opt/ros/foxy/include/message_filters/synchronizer.h:304:43:[m[K [01;31m[Kerror: [m[Kno matching function for call to ‘[01m[Kmessage_filters::Signal9<test_interfaces::msg::Test_<std::allocator<void> >, test_interfaces::msg::Test_<std::allocator<void> >, message_filters::NullType, message_filters::NullType, message_filters::NullType, message_filters::NullType, message_filters::NullType, message_filters::NullType, message_filters::NullType>::addCallback(const std::_Bind<void (MinimalSubscriber::*(MinimalSubscriber*, std::_Placeholder<1>, std::_Placeholder<2>))(std::shared_ptr<test_interfaces::msg::Test_<std::allocator<void> > >, std::shared_ptr<test_interfaces::msg::Test_<std::allocator<void> > >)>&, MinimalSubscriber*&)[m[K’
[2.287s]   304 |     return signal_.addCallback(callback, t[01;31m[K)[m[K;
[2.287s]       |                                           [01;31m[K^[m[K
[2.288s] In file included from [01m[K/opt/ros/foxy/include/message_filters/synchronizer.h:47[m[K,
[2.288s]                  from [01m[K/ros2_test/AD_Middle_Test/ros2/src/simple_s/src/listener.cpp:6[m[K:
[2.288s] [01m[K/opt/ros/foxy/include/message_filters/signal9.h:170:14:[m[K [01;36m[Knote: [m[Kcandidate: ‘[01m[Ktemplate<class P0, class P1, class P2, class P3, class P4, class P5, class P6, class P7, class P8> message_filters::Connection message_filters::Signal9<M0, M1, M2, M3, M4, M5, M6, M7, M8>::addCallback(const std::function<void(P0, P1, P2, P3, P4, P5, P6, P7, P8)>&) [with P0 = P0; P1 = P1; P2 = P2; P3 = P3; P4 = P4; P5 = P5; P6 = P6; P7 = P7; P8 = P8; M0 = test_interfaces::msg::Test_<std::allocator<void> >; M1 = test_interfaces::msg::Test_<std::allocator<void> >; M2 = message_filters::NullType; M3 = message_filters::NullType; M4 = message_filters::NullType; M5 = message_filters::NullType; M6 = message_filters::NullType; M7 = message_filters::NullType; M8 = message_filters::NullType][m[K’
[2.288s]   170 |   Connection [01;36m[KaddCallback[m[K(const std::function<void(P0, P1, P2, P3, P4, P5, P6, P7, P8)>& callback)
[2.288s]       |              [01;36m[K^~~~~~~~~~~[m[K
[2.288s] [01m[K/opt/ros/foxy/include/message_filters/signal9.h:170:14:[m[K [01;36m[Knote: [m[K  template argument deduction/substitution failed:
[2.288s] In file included from [01m[K/ros2_test/AD_Middle_Test/ros2/src/simple_s/src/listener.cpp:6[m[K:
[2.288s] [01m[K/opt/ros/foxy/include/message_filters/synchronizer.h:304:43:[m[K [01;36m[Knote: [m[K  ‘[01m[Kconst std::_Bind<void (MinimalSubscriber::*(MinimalSubscriber*, std::_Placeholder<1>, std::_Placeholder<2>))(std::shared_ptr<test_interfaces::msg::Test_<std::allocator<void> > >, std::shared_ptr<test_interfaces::msg::Test_<std::allocator<void> > >)>[m[K’ is not derived from ‘[01m[Kconst std::function<void(P0, P1, P2, P3, P4, P5, P6, P7, P8)>[m[K’
[2.289s]   304 |     return signal_.addCallback(callback, t[01;36m[K)[m[K;
[2.289s]       |                                           [01;36m[K^[m[K
[2.289s] In file included from [01m[K/opt/ros/foxy/include/message_filters/synchronizer.h:47[m[K,
[2.289s]                  from [01m[K/ros2_test/AD_Middle_Test/ros2/src/simple_s/src/listener.cpp:6[m[K:
[2.289s] [01m[K/opt/ros/foxy/include/message_filters/signal9.h:180:14:[m[K [01;36m[Knote: [m[Kcandidate: ‘[01m[Ktemplate<class P0, class P1> message_filters::Connection message_filters::Signal9<M0, M1, M2, M3, M4, M5, M6, M7, M8>::addCallback(void (*)(P0, P1)) [with P0 = P0; P1 = P1; M0 = test_interfaces::msg::Test_<std::allocator<void> >; M1 = test_interfaces::msg::Test_<std::allocator<void> >; M2 = message_filters::NullType; M3 = message_filters::NullType; M4 = message_filters::NullType; M5 = message_filters::NullType; M6 = message_filters::NullType; M7 = message_filters::NullType; M8 = message_filters::NullType][m[K’
[2.289s]   180 |   Connection [01;36m[KaddCallback[m[K(void(*callback)(P0, P1))
[2.289s]       |              [01;36m[K^~~~~~~~~~~[m[K
[2.290s] [01m[K/opt/ros/foxy/include/message_filters/signal9.h:180:14:[m[K [01;36m[Knote: [m[K  template argument deduction/substitution failed:
[2.290s] In file included from [01m[K/ros2_test/AD_Middle_Test/ros2/src/simple_s/src/listener.cpp:6[m[K:
[2.290s] [01m[K/opt/ros/foxy/include/message_filters/synchronizer.h:304:43:[m[K [01;36m[Knote: [m[K  mismatched types ‘[01m[Kvoid (*)(P0, P1)[m[K’ and ‘[01m[Kstd::_Bind<void (MinimalSubscriber::*(MinimalSubscriber*, std::_Placeholder<1>, std::_Placeholder<2>))(std::shared_ptr<test_interfaces::msg::Test_<std::allocator<void> > >, std::shared_ptr<test_interfaces::msg::Test_<std::allocator<void> > >)>[m[K’
[2.290s]   304 |     return signal_.addCallback(callback, t[01;36m[K)[m[K;
[2.290s]       |                                           [01;36m[K^[m[K
[2.290s] In file included from [01m[K/opt/ros/foxy/include/message_filters/synchronizer.h:47[m[K,
[2.290s]                  from [01m[K/ros2_test/AD_Middle_Test/ros2/src/simple_s/src/listener.cpp:6[m[K:
[2.291s] [01m[K/opt/ros/foxy/include/message_filters/signal9.h:186:14:[m[K [01;36m[Knote: [m[Kcandidate: ‘[01m[Ktemplate<class P0, class P1, class P2> message_filters::Connection message_filters::Signal9<M0, M1, M2, M3, M4, M5, M6, M7, M8>::addCallback(void (*)(P0, P1, P2)) [with P0 = P0; P1 = P1; P2 = P2; M0 = test_interfaces::msg::Test_<std::allocator<void> >; M1 = test_interfaces::msg::Test_<std::allocator<void> >; M2 = message_filters::NullType; M3 = message_filters::NullType; M4 = message_filters::NullType; M5 = message_filters::NullType; M6 = message_filters::NullType; M7 = message_filters::NullType; M8 = message_filters::NullType][m[K’
[2.291s]   186 |   Connection [01;36m[KaddCallback[m[K(void(*callback)(P0, P1, P2))
[2.291s]       |              [01;36m[K^~~~~~~~~~~[m[K
[2.291s] [01m[K/opt/ros/foxy/include/message_filters/signal9.h:186:14:[m[K [01;36m[Knote: [m[K  template argument deduction/substitution failed:
[2.291s] In file included from [01m[K/ros2_test/AD_Middle_Test/ros2/src/simple_s/src/listener.cpp:6[m[K:
[2.291s] [01m[K/opt/ros/foxy/include/message_filters/synchronizer.h:304:43:[m[K [01;36m[Knote: [m[K  mismatched types ‘[01m[Kvoid (*)(P0, P1, P2)[m[K’ and ‘[01m[Kstd::_Bind<void (MinimalSubscriber::*(MinimalSubscriber*, std::_Placeholder<1>, std::_Placeholder<2>))(std::shared_ptr<test_interfaces::msg::Test_<std::allocator<void> > >, std::shared_ptr<test_interfaces::msg::Test_<std::allocator<void> > >)>[m[K’
[2.291s]   304 |     return signal_.addCallback(callback, t[01;36m[K)[m[K;
[2.292s]       |                                           [01;36m[K^[m[K
[2.292s] In file included from [01m[K/opt/ros/foxy/include/message_filters/synchronizer.h:47[m[K,
[2.292s]                  from [01m[K/ros2_test/AD_Middle_Test/ros2/src/simple_s/src/listener.cpp:6[m[K:
[2.292s] [01m[K/opt/ros/foxy/include/message_filters/signal9.h:192:14:[m[K [01;36m[Knote: [m[Kcandidate: ‘[01m[Ktemplate<class P0, class P1, class P2, class P3> message_filters::Connection message_filters::Signal9<M0, M1, M2, M3, M4, M5, M6, M7, M8>::addCallback(void (*)(P0, P1, P2, P3)) [with P0 = P0; P1 = P1; P2 = P2; P3 = P3; M0 = test_interfaces::msg::Test_<std::allocator<void> >; M1 = test_interfaces::msg::Test_<std::allocator<void> >; M2 = message_filters::NullType; M3 = message_filters::NullType; M4 = message_filters::NullType; M5 = message_filters::NullType; M6 = message_filters::NullType; M7 = message_filters::NullType; M8 = message_filters::NullType][m[K’
[2.292s]   192 |   Connection [01;36m[KaddCallback[m[K(void(*callback)(P0, P1, P2, P3))
[2.292s]       |              [01;36m[K^~~~~~~~~~~[m[K
[2.292s] [01m[K/opt/ros/foxy/include/message_filters/signal9.h:192:14:[m[K [01;36m[Knote: [m[K  template argument deduction/substitution failed:
[2.293s] In file included from [01m[K/ros2_test/AD_Middle_Test/ros2/src/simple_s/src/listener.cpp:6[m[K:
[2.293s] [01m[K/opt/ros/foxy/include/message_filters/synchronizer.h:304:43:[m[K [01;36m[Knote: [m[K  mismatched types ‘[01m[Kvoid (*)(P0, P1, P2, P3)[m[K’ and ‘[01m[Kstd::_Bind<void (MinimalSubscriber::*(MinimalSubscriber*, std::_Placeholder<1>, std::_Placeholder<2>))(std::shared_ptr<test_interfaces::msg::Test_<std::allocator<void> > >, std::shared_ptr<test_interfaces::msg::Test_<std::allocator<void> > >)>[m[K’
[2.293s]   304 |     return signal_.addCallback(callback, t[01;36m[K)[m[K;
[2.293s]       |                                           [01;36m[K^[m[K
[2.293s] In file included from [01m[K/opt/ros/foxy/include/message_filters/synchronizer.h:47[m[K,
[2.293s]                  from [01m[K/ros2_test/AD_Middle_Test/ros2/src/simple_s/src/listener.cpp:6[m[K:
[2.293s] [01m[K/opt/ros/foxy/include/message_filters/signal9.h:198:14:[m[K [01;36m[Knote: [m[Kcandidate: ‘[01m[Ktemplate<class P0, class P1, class P2, class P3, class P4> message_filters::Connection message_filters::Signal9<M0, M1, M2, M3, M4, M5, M6, M7, M8>::addCallback(void (*)(P0, P1, P2, P3, P4)) [with P0 = P0; P1 = P1; P2 = P2; P3 = P3; P4 = P4; M0 = test_interfaces::msg::Test_<std::allocator<void> >; M1 = test_interfaces::msg::Test_<std::allocator<void> >; M2 = message_filters::NullType; M3 = message_filters::NullType; M4 = message_filters::NullType; M5 = message_filters::NullType; M6 = message_filters::NullType; M7 = message_filters::NullType; M8 = message_filters::NullType][m[K’
[2.293s]   198 |   Connection [01;36m[KaddCallback[m[K(void(*callback)(P0, P1, P2, P3, P4))
[2.294s]       |              [01;36m[K^~~~~~~~~~~[m[K
[2.294s] [01m[K/opt/ros/foxy/include/message_filters/signal9.h:198:14:[m[K [01;36m[Knote: [m[K  template argument deduction/substitution failed:
[2.294s] In file included from [01m[K/ros2_test/AD_Middle_Test/ros2/src/simple_s/src/listener.cpp:6[m[K:
[2.294s] [01m[K/opt/ros/foxy/include/message_filters/synchronizer.h:304:43:[m[K [01;36m[Knote: [m[K  mismatched types ‘[01m[Kvoid (*)(P0, P1, P2, P3, P4)[m[K’ and ‘[01m[Kstd::_Bind<void (MinimalSubscriber::*(MinimalSubscriber*, std::_Placeholder<1>, std::_Placeholder<2>))(std::shared_ptr<test_interfaces::msg::Test_<std::allocator<void> > >, std::shared_ptr<test_interfaces::msg::Test_<std::allocator<void> > >)>[m[K’
[2.294s]   304 |     return signal_.addCallback(callback, t[01;36m[K)[m[K;
[2.294s]       |                                           [01;36m[K^[m[K
[2.294s] In file included from [01m[K/opt/ros/foxy/include/message_filters/synchronizer.h:47[m[K,
[2.295s]                  from [01m[K/ros2_test/AD_Middle_Test/ros2/src/simple_s/src/listener.cpp:6[m[K:
[2.295s] [01m[K/opt/ros/foxy/include/message_filters/signal9.h:204:14:[m[K [01;36m[Knote: [m[Kcandidate: ‘[01m[Ktemplate<class P0, class P1, class P2, class P3, class P4, class P5> message_filters::Connection message_filters::Signal9<M0, M1, M2, M3, M4, M5, M6, M7, M8>::addCallback(void (*)(P0, P1, P2, P3, P4, P5)) [with P0 = P0; P1 = P1; P2 = P2; P3 = P3; P4 = P4; P5 = P5; M0 = test_interfaces::msg::Test_<std::allocator<void> >; M1 = test_interfaces::msg::Test_<std::allocator<void> >; M2 = message_filters::NullType; M3 = message_filters::NullType; M4 = message_filters::NullType; M5 = message_filters::NullType; M6 = message_filters::NullType; M7 = message_filters::NullType; M8 = message_filters::NullType][m[K’
[2.295s]   204 |   Connection [01;36m[KaddCallback[m[K(void(*callback)(P0, P1, P2, P3, P4, P5))
[2.295s]       |              [01;36m[K^~~~~~~~~~~[m[K
[2.295s] [01m[K/opt/ros/foxy/include/message_filters/signal9.h:204:14:[m[K [01;36m[Knote: [m[K  template argument deduction/substitution failed:
[2.295s] In file included from [01m[K/ros2_test/AD_Middle_Test/ros2/src/simple_s/src/listener.cpp:6[m[K:
[2.295s] [01m[K/opt/ros/foxy/include/message_filters/synchronizer.h:304:43:[m[K [01;36m[Knote: [m[K  mismatched types ‘[01m[Kvoid (*)(P0, P1, P2, P3, P4, P5)[m[K’ and ‘[01m[Kstd::_Bind<void (MinimalSubscriber::*(MinimalSubscriber*, std::_Placeholder<1>, std::_Placeholder<2>))(std::shared_ptr<test_interfaces::msg::Test_<std::allocator<void> > >, std::shared_ptr<test_interfaces::msg::Test_<std::allocator<void> > >)>[m[K’
[2.296s]   304 |     return signal_.addCallback(callback, t[01;36m[K)[m[K;
[2.296s]       |                                           [01;36m[K^[m[K
[2.296s] In file included from [01m[K/opt/ros/foxy/include/message_filters/synchronizer.h:47[m[K,
[2.296s]                  from [01m[K/ros2_test/AD_Middle_Test/ros2/src/simple_s/src/listener.cpp:6[m[K:
[2.296s] [01m[K/opt/ros/foxy/include/message_filters/signal9.h:210:14:[m[K [01;36m[Knote: [m[Kcandidate: ‘[01m[Ktemplate<class P0, class P1, class P2, class P3, class P4, class P5, class P6> message_filters::Connection message_filters::Signal9<M0, M1, M2, M3, M4, M5, M6, M7, M8>::addCallback(void (*)(P0, P1, P2, P3, P4, P5, P6)) [with P0 = P0; P1 = P1; P2 = P2; P3 = P3; P4 = P4; P5 = P5; P6 = P6; M0 = test_interfaces::msg::Test_<std::allocator<void> >; M1 = test_interfaces::msg::Test_<std::allocator<void> >; M2 = message_filters::NullType; M3 = message_filters::NullType; M4 = message_filters::NullType; M5 = message_filters::NullType; M6 = message_filters::NullType; M7 = message_filters::NullType; M8 = message_filters::NullType][m[K’
[2.296s]   210 |   Connection [01;36m[KaddCallback[m[K(void(*callback)(P0, P1, P2, P3, P4, P5, P6))
[2.296s]       |              [01;36m[K^~~~~~~~~~~[m[K
[2.297s] [01m[K/opt/ros/foxy/include/message_filters/signal9.h:210:14:[m[K [01;36m[Knote: [m[K  template argument deduction/substitution failed:
[2.297s] In file included from [01m[K/ros2_test/AD_Middle_Test/ros2/src/simple_s/src/listener.cpp:6[m[K:
[2.297s] [01m[K/opt/ros/foxy/include/message_filters/synchronizer.h:304:43:[m[K [01;36m[Knote: [m[K  mismatched types ‘[01m[Kvoid (*)(P0, P1, P2, P3, P4, P5, P6)[m[K’ and ‘[01m[Kstd::_Bind<void (MinimalSubscriber::*(MinimalSubscriber*, std::_Placeholder<1>, std::_Placeholder<2>))(std::shared_ptr<test_interfaces::msg::Test_<std::allocator<void> > >, std::shared_ptr<test_interfaces::msg::Test_<std::allocator<void> > >)>[m[K’
[2.297s]   304 |     return signal_.addCallback(callback, t[01;36m[K)[m[K;
[2.297s]       |                                           [01;36m[K^[m[K
[2.297s] In file included from [01m[K/opt/ros/foxy/include/message_filters/synchronizer.h:47[m[K,
[2.297s]                  from [01m[K/ros2_test/AD_Middle_Test/ros2/src/simple_s/src/listener.cpp:6[m[K:
[2.298s] [01m[K/opt/ros/foxy/include/message_filters/signal9.h:216:14:[m[K [01;36m[Knote: [m[Kcandidate: ‘[01m[Ktemplate<class P0, class P1, class P2, class P3, class P4, class P5, class P6, class P7> message_filters::Connection message_filters::Signal9<M0, M1, M2, M3, M4, M5, M6, M7, M8>::addCallback(void (*)(P0, P1, P2, P3, P4, P5, P6, P7)) [with P0 = P0; P1 = P1; P2 = P2; P3 = P3; P4 = P4; P5 = P5; P6 = P6; P7 = P7; M0 = test_interfaces::msg::Test_<std::allocator<void> >; M1 = test_interfaces::msg::Test_<std::allocator<void> >; M2 = message_filters::NullType; M3 = message_filters::NullType; M4 = message_filters::NullType; M5 = message_filters::NullType; M6 = message_filters::NullType; M7 = message_filters::NullType; M8 = message_filters::NullType][m[K’
[2.298s]   216 |   Connection [01;36m[KaddCallback[m[K(void(*callback)(P0, P1, P2, P3, P4, P5, P6, P7))
[2.298s]       |              [01;36m[K^~~~~~~~~~~[m[K
[2.298s] [01m[K/opt/ros/foxy/include/message_filters/signal9.h:216:14:[m[K [01;36m[Knote: [m[K  template argument deduction/substitution failed:
[2.298s] In file included from [01m[K/ros2_test/AD_Middle_Test/ros2/src/simple_s/src/listener.cpp:6[m[K:
[2.298s] [01m[K/opt/ros/foxy/include/message_filters/synchronizer.h:304:43:[m[K [01;36m[Knote: [m[K  mismatched types ‘[01m[Kvoid (*)(P0, P1, P2, P3, P4, P5, P6, P7)[m[K’ and ‘[01m[Kstd::_Bind<void (MinimalSubscriber::*(MinimalSubscriber*, std::_Placeholder<1>, std::_Placeholder<2>))(std::shared_ptr<test_interfaces::msg::Test_<std::allocator<void> > >, std::shared_ptr<test_interfaces::msg::Test_<std::allocator<void> > >)>[m[K’
[2.298s]   304 |     return signal_.addCallback(callback, t[01;36m[K)[m[K;
[2.298s]       |                                           [01;36m[K^[m[K
[2.299s] In file included from [01m[K/opt/ros/foxy/include/message_filters/synchronizer.h:47[m[K,
[2.299s]                  from [01m[K/ros2_test/AD_Middle_Test/ros2/src/simple_s/src/listener.cpp:6[m[K:
[2.299s] [01m[K/opt/ros/foxy/include/message_filters/signal9.h:222:14:[m[K [01;36m[Knote: [m[Kcandidate: ‘[01m[Ktemplate<class P0, class P1, class P2, class P3, class P4, class P5, class P6, class P7, class P8> message_filters::Connection message_filters::Signal9<M0, M1, M2, M3, M4, M5, M6, M7, M8>::addCallback(void (*)(P0, P1, P2, P3, P4, P5, P6, P7, P8)) [with P0 = P0; P1 = P1; P2 = P2; P3 = P3; P4 = P4; P5 = P5; P6 = P6; P7 = P7; P8 = P8; M0 = test_interfaces::msg::Test_<std::allocator<void> >; M1 = test_interfaces::msg::Test_<std::allocator<void> >; M2 = message_filters::NullType; M3 = message_filters::NullType; M4 = message_filters::NullType; M5 = message_filters::NullType; M6 = message_filters::NullType; M7 = message_filters::NullType; M8 = message_filters::NullType][m[K’
[2.299s]   222 |   Connection [01;36m[KaddCallback[m[K(void(*callback)(P0, P1, P2, P3, P4, P5, P6, P7, P8))
[2.299s]       |              [01;36m[K^~~~~~~~~~~[m[K
[2.299s] [01m[K/opt/ros/foxy/include/message_filters/signal9.h:222:14:[m[K [01;36m[Knote: [m[K  template argument deduction/substitution failed:
[2.299s] In file included from [01m[K/ros2_test/AD_Middle_Test/ros2/src/simple_s/src/listener.cpp:6[m[K:
[2.300s] [01m[K/opt/ros/foxy/include/message_filters/synchronizer.h:304:43:[m[K [01;36m[Knote: [m[K  mismatched types ‘[01m[Kvoid (*)(P0, P1, P2, P3, P4, P5, P6, P7, P8)[m[K’ and ‘[01m[Kstd::_Bind<void (MinimalSubscriber::*(MinimalSubscriber*, std::_Placeholder<1>, std::_Placeholder<2>))(std::shared_ptr<test_interfaces::msg::Test_<std::allocator<void> > >, std::shared_ptr<test_interfaces::msg::Test_<std::allocator<void> > >)>[m[K’
[2.300s]   304 |     return signal_.addCallback(callback, t[01;36m[K)[m[K;
[2.300s]       |                                           [01;36m[K^[m[K
[2.300s] In file included from [01m[K/opt/ros/foxy/include/message_filters/synchronizer.h:47[m[K,
[2.300s]                  from [01m[K/ros2_test/AD_Middle_Test/ros2/src/simple_s/src/listener.cpp:6[m[K:
[2.300s] [01m[K/opt/ros/foxy/include/message_filters/signal9.h:228:14:[m[K [01;36m[Knote: [m[Kcandidate: ‘[01m[Ktemplate<class T, class P0, class P1> message_filters::Connection message_filters::Signal9<M0, M1, M2, M3, M4, M5, M6, M7, M8>::addCallback(void (T::*)(P0, P1), T*) [with T = T; P0 = P0; P1 = P1; M0 = test_interfaces::msg::Test_<std::allocator<void> >; M1 = test_interfaces::msg::Test_<std::allocator<void> >; M2 = message_filters::NullType; M3 = message_filters::NullType; M4 = message_filters::NullType; M5 = message_filters::NullType; M6 = message_filters::NullType; M7 = message_filters::NullType; M8 = message_filters::NullType][m[K’
[2.300s]   228 |   Connection [01;36m[KaddCallback[m[K(void(T::*callback)(P0, P1), T* t)
[2.301s]       |              [01;36m[K^~~~~~~~~~~[m[K
[2.301s] [01m[K/opt/ros/foxy/include/message_filters/signal9.h:228:14:[m[K [01;36m[Knote: [m[K  template argument deduction/substitution failed:
[2.301s] In file included from [01m[K/ros2_test/AD_Middle_Test/ros2/src/simple_s/src/listener.cpp:6[m[K:
[2.301s] [01m[K/opt/ros/foxy/include/message_filters/synchronizer.h:304:43:[m[K [01;36m[Knote: [m[K  mismatched types ‘[01m[Kvoid (T::*)(P0, P1)[m[K’ and ‘[01m[Kstd::_Bind<void (MinimalSubscriber::*(MinimalSubscriber*, std::_Placeholder<1>, std::_Placeholder<2>))(std::shared_ptr<test_interfaces::msg::Test_<std::allocator<void> > >, std::shared_ptr<test_interfaces::msg::Test_<std::allocator<void> > >)>[m[K’
[2.301s]   304 |     return signal_.addCallback(callback, t[01;36m[K)[m[K;
[2.301s]       |                                           [01;36m[K^[m[K
[2.301s] In file included from [01m[K/opt/ros/foxy/include/message_filters/synchronizer.h:47[m[K,
[2.302s]                  from [01m[K/ros2_test/AD_Middle_Test/ros2/src/simple_s/src/listener.cpp:6[m[K:
[2.302s] [01m[K/opt/ros/foxy/include/message_filters/signal9.h:234:14:[m[K [01;36m[Knote: [m[Kcandidate: ‘[01m[Ktemplate<class T, class P0, class P1, class P2> message_filters::Connection message_filters::Signal9<M0, M1, M2, M3, M4, M5, M6, M7, M8>::addCallback(void (T::*)(P0, P1, P2), T*) [with T = T; P0 = P0; P1 = P1; P2 = P2; M0 = test_interfaces::msg::Test_<std::allocator<void> >; M1 = test_interfaces::msg::Test_<std::allocator<void> >; M2 = message_filters::NullType; M3 = message_filters::NullType; M4 = message_filters::NullType; M5 = message_filters::NullType; M6 = message_filters::NullType; M7 = message_filters::NullType; M8 = message_filters::NullType][m[K’
[2.302s]   234 |   Connection [01;36m[KaddCallback[m[K(void(T::*callback)(P0, P1, P2), T* t)
[2.302s]       |              [01;36m[K^~~~~~~~~~~[m[K
[2.302s] [01m[K/opt/ros/foxy/include/message_filters/signal9.h:234:14:[m[K [01;36m[Knote: [m[K  template argument deduction/substitution failed:
[2.302s] In file included from [01m[K/ros2_test/AD_Middle_Test/ros2/src/simple_s/src/listener.cpp:6[m[K:
[2.302s] [01m[K/opt/ros/foxy/include/message_filters/synchronizer.h:304:43:[m[K [01;36m[Knote: [m[K  mismatched types ‘[01m[Kvoid (T::*)(P0, P1, P2)[m[K’ and ‘[01m[Kstd::_Bind<void (MinimalSubscriber::*(MinimalSubscriber*, std::_Placeholder<1>, std::_Placeholder<2>))(std::shared_ptr<test_interfaces::msg::Test_<std::allocator<void> > >, std::shared_ptr<test_interfaces::msg::Test_<std::allocator<void> > >)>[m[K’
[2.302s]   304 |     return signal_.addCallback(callback, t[01;36m[K)[m[K;
[2.303s]       |                                           [01;36m[K^[m[K
[2.303s] In file included from [01m[K/opt/ros/foxy/include/message_filters/synchronizer.h:47[m[K,
[2.303s]                  from [01m[K/ros2_test/AD_Middle_Test/ros2/src/simple_s/src/listener.cpp:6[m[K:
[2.303s] [01m[K/opt/ros/foxy/include/message_filters/signal9.h:240:14:[m[K [01;36m[Knote: [m[Kcandidate: ‘[01m[Ktemplate<class T, class P0, class P1, class P2, class P3> message_filters::Connection message_filters::Signal9<M0, M1, M2, M3, M4, M5, M6, M7, M8>::addCallback(void (T::*)(P0, P1, P2, P3), T*) [with T = T; P0 = P0; P1 = P1; P2 = P2; P3 = P3; M0 = test_interfaces::msg::Test_<std::allocator<void> >; M1 = test_interfaces::msg::Test_<std::allocator<void> >; M2 = message_filters::NullType; M3 = message_filters::NullType; M4 = message_filters::NullType; M5 = message_filters::NullType; M6 = message_filters::NullType; M7 = message_filters::NullType; M8 = message_filters::NullType][m[K’
[2.303s]   240 |   Connection [01;36m[KaddCallback[m[K(void(T::*callback)(P0, P1, P2, P3), T* t)
[2.303s]       |              [01;36m[K^~~~~~~~~~~[m[K
[2.303s] [01m[K/opt/ros/foxy/include/message_filters/signal9.h:240:14:[m[K [01;36m[Knote: [m[K  template argument deduction/substitution failed:
[2.304s] In file included from [01m[K/ros2_test/AD_Middle_Test/ros2/src/simple_s/src/listener.cpp:6[m[K:
[2.304s] [01m[K/opt/ros/foxy/include/message_filters/synchronizer.h:304:43:[m[K [01;36m[Knote: [m[K  mismatched types ‘[01m[Kvoid (T::*)(P0, P1, P2, P3)[m[K’ and ‘[01m[Kstd::_Bind<void (MinimalSubscriber::*(MinimalSubscriber*, std::_Placeholder<1>, std::_Placeholder<2>))(std::shared_ptr<test_interfaces::msg::Test_<std::allocator<void> > >, std::shared_ptr<test_interfaces::msg::Test_<std::allocator<void> > >)>[m[K’
[2.304s]   304 |     return signal_.addCallback(callback, t[01;36m[K)[m[K;
[2.304s]       |                                           [01;36m[K^[m[K
[2.304s] In file included from [01m[K/opt/ros/foxy/include/message_filters/synchronizer.h:47[m[K,
[2.304s]                  from [01m[K/ros2_test/AD_Middle_Test/ros2/src/simple_s/src/listener.cpp:6[m[K:
[2.304s] [01m[K/opt/ros/foxy/include/message_filters/signal9.h:246:14:[m[K [01;36m[Knote: [m[Kcandidate: ‘[01m[Ktemplate<class T, class P0, class P1, class P2, class P3, class P4> message_filters::Connection message_filters::Signal9<M0, M1, M2, M3, M4, M5, M6, M7, M8>::addCallback(void (T::*)(P0, P1, P2, P3, P4), T*) [with T = T; P0 = P0; P1 = P1; P2 = P2; P3 = P3; P4 = P4; M0 = test_interfaces::msg::Test_<std::allocator<void> >; M1 = test_interfaces::msg::Test_<std::allocator<void> >; M2 = message_filters::NullType; M3 = message_filters::NullType; M4 = message_filters::NullType; M5 = message_filters::NullType; M6 = message_filters::NullType; M7 = message_filters::NullType; M8 = message_filters::NullType][m[K’
[2.305s]   246 |   Connection [01;36m[KaddCallback[m[K(void(T::*callback)(P0, P1, P2, P3, P4), T* t)
[2.305s]       |              [01;36m[K^~~~~~~~~~~[m[K
[2.305s] [01m[K/opt/ros/foxy/include/message_filters/signal9.h:246:14:[m[K [01;36m[Knote: [m[K  template argument deduction/substitution failed:
[2.305s] In file included from [01m[K/ros2_test/AD_Middle_Test/ros2/src/simple_s/src/listener.cpp:6[m[K:
[2.305s] [01m[K/opt/ros/foxy/include/message_filters/synchronizer.h:304:43:[m[K [01;36m[Knote: [m[K  mismatched types ‘[01m[Kvoid (T::*)(P0, P1, P2, P3, P4)[m[K’ and ‘[01m[Kstd::_Bind<void (MinimalSubscriber::*(MinimalSubscriber*, std::_Placeholder<1>, std::_Placeholder<2>))(std::shared_ptr<test_interfaces::msg::Test_<std::allocator<void> > >, std::shared_ptr<test_interfaces::msg::Test_<std::allocator<void> > >)>[m[K’
[2.305s]   304 |     return signal_.addCallback(callback, t[01;36m[K)[m[K;
[2.305s]       |                                           [01;36m[K^[m[K
[2.306s] In file included from [01m[K/opt/ros/foxy/include/message_filters/synchronizer.h:47[m[K,
[2.306s]                  from [01m[K/ros2_test/AD_Middle_Test/ros2/src/simple_s/src/listener.cpp:6[m[K:
[2.306s] [01m[K/opt/ros/foxy/include/message_filters/signal9.h:252:14:[m[K [01;36m[Knote: [m[Kcandidate: ‘[01m[Ktemplate<class T, class P0, class P1, class P2, class P3, class P4, class P5> message_filters::Connection message_filters::Signal9<M0, M1, M2, M3, M4, M5, M6, M7, M8>::addCallback(void (T::*)(P0, P1, P2, P3, P4, P5), T*) [with T = T; P0 = P0; P1 = P1; P2 = P2; P3 = P3; P4 = P4; P5 = P5; M0 = test_interfaces::msg::Test_<std::allocator<void> >; M1 = test_interfaces::msg::Test_<std::allocator<void> >; M2 = message_filters::NullType; M3 = message_filters::NullType; M4 = message_filters::NullType; M5 = message_filters::NullType; M6 = message_filters::NullType; M7 = message_filters::NullType; M8 = message_filters::NullType][m[K’
[2.306s]   252 |   Connection [01;36m[KaddCallback[m[K(void(T::*callback)(P0, P1, P2, P3, P4, P5), T* t)
[2.306s]       |              [01;36m[K^~~~~~~~~~~[m[K
[2.306s] [01m[K/opt/ros/foxy/include/message_filters/signal9.h:252:14:[m[K [01;36m[Knote: [m[K  template argument deduction/substitution failed:
[2.306s] In file included from [01m[K/ros2_test/AD_Middle_Test/ros2/src/simple_s/src/listener.cpp:6[m[K:
[2.307s] [01m[K/opt/ros/foxy/include/message_filters/synchronizer.h:304:43:[m[K [01;36m[Knote: [m[K  mismatched types ‘[01m[Kvoid (T::*)(P0, P1, P2, P3, P4, P5)[m[K’ and ‘[01m[Kstd::_Bind<void (MinimalSubscriber::*(MinimalSubscriber*, std::_Placeholder<1>, std::_Placeholder<2>))(std::shared_ptr<test_interfaces::msg::Test_<std::allocator<void> > >, std::shared_ptr<test_interfaces::msg::Test_<std::allocator<void> > >)>[m[K’
[2.307s]   304 |     return signal_.addCallback(callback, t[01;36m[K)[m[K;
[2.307s]       |                                           [01;36m[K^[m[K
[2.307s] In file included from [01m[K/opt/ros/foxy/include/message_filters/synchronizer.h:47[m[K,
[2.307s]                  from [01m[K/ros2_test/AD_Middle_Test/ros2/src/simple_s/src/listener.cpp:6[m[K:
[2.307s] [01m[K/opt/ros/foxy/include/message_filters/signal9.h:258:14:[m[K [01;36m[Knote: [m[Kcandidate: ‘[01m[Ktemplate<class T, class P0, class P1, class P2, class P3, class P4, class P5, class P6> message_filters::Connection message_filters::Signal9<M0, M1, M2, M3, M4, M5, M6, M7, M8>::addCallback(void (T::*)(P0, P1, P2, P3, P4, P5, P6), T*) [with T = T; P0 = P0; P1 = P1; P2 = P2; P3 = P3; P4 = P4; P5 = P5; P6 = P6; M0 = test_interfaces::msg::Test_<std::allocator<void> >; M1 = test_interfaces::msg::Test_<std::allocator<void> >; M2 = message_filters::NullType; M3 = message_filters::NullType; M4 = message_filters::NullType; M5 = message_filters::NullType; M6 = message_filters::NullType; M7 = message_filters::NullType; M8 = message_filters::NullType][m[K’
[2.307s]   258 |   Connection [01;36m[KaddCallback[m[K(void(T::*callback)(P0, P1, P2, P3, P4, P5, P6), T* t)
[2.307s]       |              [01;36m[K^~~~~~~~~~~[m[K
[2.308s] [01m[K/opt/ros/foxy/include/message_filters/signal9.h:258:14:[m[K [01;36m[Knote: [m[K  template argument deduction/substitution failed:
[2.308s] In file included from [01m[K/ros2_test/AD_Middle_Test/ros2/src/simple_s/src/listener.cpp:6[m[K:
[2.308s] [01m[K/opt/ros/foxy/include/message_filters/synchronizer.h:304:43:[m[K [01;36m[Knote: [m[K  mismatched types ‘[01m[Kvoid (T::*)(P0, P1, P2, P3, P4, P5, P6)[m[K’ and ‘[01m[Kstd::_Bind<void (MinimalSubscriber::*(MinimalSubscriber*, std::_Placeholder<1>, std::_Placeholder<2>))(std::shared_ptr<test_interfaces::msg::Test_<std::allocator<void> > >, std::shared_ptr<test_interfaces::msg::Test_<std::allocator<void> > >)>[m[K’
[2.308s]   304 |     return signal_.addCallback(callback, t[01;36m[K)[m[K;
[2.308s]       |                                           [01;36m[K^[m[K
[2.308s] In file included from [01m[K/opt/ros/foxy/include/message_filters/synchronizer.h:47[m[K,
[2.308s]                  from [01m[K/ros2_test/AD_Middle_Test/ros2/src/simple_s/src/listener.cpp:6[m[K:
[2.309s] [01m[K/opt/ros/foxy/include/message_filters/signal9.h:264:14:[m[K [01;36m[Knote: [m[Kcandidate: ‘[01m[Ktemplate<class T, class P0, class P1, class P2, class P3, class P4, class P5, class P6, class P7> message_filters::Connection message_filters::Signal9<M0, M1, M2, M3, M4, M5, M6, M7, M8>::addCallback(void (T::*)(P0, P1, P2, P3, P4, P5, P6, P7), T*) [with T = T; P0 = P0; P1 = P1; P2 = P2; P3 = P3; P4 = P4; P5 = P5; P6 = P6; P7 = P7; M0 = test_interfaces::msg::Test_<std::allocator<void> >; M1 = test_interfaces::msg::Test_<std::allocator<void> >; M2 = message_filters::NullType; M3 = message_filters::NullType; M4 = message_filters::NullType; M5 = message_filters::NullType; M6 = message_filters::NullType; M7 = message_filters::NullType; M8 = message_filters::NullType][m[K’
[2.309s]   264 |   Connection [01;36m[KaddCallback[m[K(void(T::*callback)(P0, P1, P2, P3, P4, P5, P6, P7), T* t)
[2.309s]       |              [01;36m[K^~~~~~~~~~~[m[K
[2.309s] [01m[K/opt/ros/foxy/include/message_filters/signal9.h:264:14:[m[K [01;36m[Knote: [m[K  template argument deduction/substitution failed:
[2.309s] In file included from [01m[K/ros2_test/AD_Middle_Test/ros2/src/simple_s/src/listener.cpp:6[m[K:
[2.309s] [01m[K/opt/ros/foxy/include/message_filters/synchronizer.h:304:43:[m[K [01;36m[Knote: [m[K  mismatched types ‘[01m[Kvoid (T::*)(P0, P1, P2, P3, P4, P5, P6, P7)[m[K’ and ‘[01m[Kstd::_Bind<void (MinimalSubscriber::*(MinimalSubscriber*, std::_Placeholder<1>, std::_Placeholder<2>))(std::shared_ptr<test_interfaces::msg::Test_<std::allocator<void> > >, std::shared_ptr<test_interfaces::msg::Test_<std::allocator<void> > >)>[m[K’
[2.309s]   304 |     return signal_.addCallback(callback, t[01;36m[K)[m[K;
[2.310s]       |                                           [01;36m[K^[m[K
[2.310s] In file included from [01m[K/opt/ros/foxy/include/message_filters/synchronizer.h:47[m[K,
[2.310s]                  from [01m[K/ros2_test/AD_Middle_Test/ros2/src/simple_s/src/listener.cpp:6[m[K:
[2.310s] [01m[K/opt/ros/foxy/include/message_filters/signal9.h:270:14:[m[K [01;36m[Knote: [m[Kcandidate: ‘[01m[Ktemplate<class C> message_filters::Connection message_filters::Signal9<M0, M1, M2, M3, M4, M5, M6, M7, M8>::addCallback(C&) [with C = C; M0 = test_interfaces::msg::Test_<std::allocator<void> >; M1 = test_interfaces::msg::Test_<std::allocator<void> >; M2 = message_filters::NullType; M3 = message_filters::NullType; M4 = message_filters::NullType; M5 = message_filters::NullType; M6 = message_filters::NullType; M7 = message_filters::NullType; M8 = message_filters::NullType][m[K’
[2.310s]   270 |   Connection [01;36m[KaddCallback[m[K( C& callback)
[2.310s]       |              [01;36m[K^~~~~~~~~~~[m[K
[2.310s] [01m[K/opt/ros/foxy/include/message_filters/signal9.h:270:14:[m[K [01;36m[Knote: [m[K  template argument deduction/substitution failed:
[2.311s] In file included from [01m[K/ros2_test/AD_Middle_Test/ros2/src/simple_s/src/listener.cpp:6[m[K:
[2.311s] [01m[K/opt/ros/foxy/include/message_filters/synchronizer.h:304:43:[m[K [01;36m[Knote: [m[K  candidate expects 1 argument, 2 provided
[2.311s]   304 |     return signal_.addCallback(callback, t[01;36m[K)[m[K;
[2.311s]       |                                           [01;36m[K^[m[K
[4.339s] make[2]: *** [CMakeFiles/listener.dir/build.make:63: CMakeFiles/listener.dir/src/listener.cpp.o] Error 1
[4.340s] make[1]: *** [CMakeFiles/Makefile2:80: CMakeFiles/listener.dir/all] Error 2
[4.340s] make: *** [Makefile:141: all] Error 2
