[0.117s] -- The C compiler identification is GNU 9.3.0
[0.203s] -- The CXX compiler identification is GNU 9.3.0
[0.212s] -- Check for working C compiler: /usr/bin/cc
[0.306s] -- Check for working C compiler: /usr/bin/cc -- works
[0.308s] -- Detecting C compiler ABI info
[0.414s] -- Detecting C compiler ABI info - done
[0.439s] -- Detecting C compile features
[0.439s] -- Detecting C compile features - done
[0.444s] -- Check for working CXX compiler: /usr/bin/c++
[0.557s] -- Check for working CXX compiler: /usr/bin/c++ -- works
[0.559s] -- Detecting CXX compiler ABI info
[0.680s] -- Detecting CXX compiler ABI info - done
[0.705s] -- Detecting CXX compile features
[0.706s] -- Detecting CXX compile features - done
[0.711s] -- Found ament_cmake: 0.8.1 (/opt/ros/foxy/share/ament_cmake/cmake)
[0.752s] -- Found PythonInterp: /usr/bin/python3 (found suitable version "3.8.2", minimum required is "3") 
[0.753s] -- Using PYTHON_EXECUTABLE: /usr/bin/python3
[1.079s] -- Found ament_index_cpp: 0.8.0 (/opt/ros/foxy/share/ament_index_cpp/cmake)
[1.086s] -- Found geometry_msgs: 0.8.1 (/opt/ros/foxy/share/geometry_msgs/cmake)
[1.154s] -- Found rosidl_adapter: 0.8.2 (/opt/ros/foxy/share/rosidl_adapter/cmake)
[1.208s] -- Found rclcpp: 0.8.3 (/opt/ros/foxy/share/rclcpp/cmake)
[1.245s] -- Found rmw_implementation_cmake: 0.8.1 (/opt/ros/foxy/share/rmw_implementation_cmake/cmake)
[1.248s] -- Using RMW implementation 'rmw_fastrtps_cpp' as default
[1.250s] -- Looking for pthread.h
[1.354s] -- Looking for pthread.h - found
[1.355s] -- Performing Test CMAKE_HAVE_LIBC_PTHREAD
[1.462s] -- Performing Test CMAKE_HAVE_LIBC_PTHREAD - Failed
[1.462s] -- Looking for pthread_create in pthreads
[1.544s] -- Looking for pthread_create in pthreads - not found
[1.545s] -- Looking for pthread_create in pthread
[1.645s] -- Looking for pthread_create in pthread - found
[1.646s] -- Found Threads: TRUE  
[1.775s] -- Found rclcpp_action: 0.8.3 (/opt/ros/foxy/share/rclcpp_action/cmake)
[1.876s] -- Found rosidl_default_generators: 0.8.0 (/opt/ros/foxy/share/rosidl_default_generators/cmake)
[1.921s] -- Could not find RTI Connext - skipping rosidl_typesupport_connext_c
[1.935s] -- Could not find RTI Connext - skipping rosidl_typesupport_connext_cpp
[2.059s] -- Found OpenSSL: /usr/lib/x86_64-linux-gnu/libcrypto.so (found version "1.1.1f")  
[2.103s] -- Found FastRTPS: /opt/ros/foxy/include  
[2.227s] -- Found std_srvs: 0.8.1 (/opt/ros/foxy/share/std_srvs/cmake)
[2.270s] -- Found PythonInterp: /usr/bin/python3 (found version "3.8.2") 
[2.605s] -- Using all available rosidl_typesupport_c: rosidl_typesupport_connext_c;rosidl_typesupport_fastrtps_c;rosidl_typesupport_introspection_c
[2.629s] -- Using all available rosidl_typesupport_cpp: rosidl_typesupport_connext_cpp;rosidl_typesupport_fastrtps_cpp;rosidl_typesupport_introspection_cpp
[2.682s] -- Found ament_cmake_ros: 0.9.0 (/opt/ros/foxy/share/ament_cmake_ros/cmake)
[2.957s] -- Found PythonInterp: /usr/bin/python3 (found suitable version "3.8.2", minimum required is "3.5") 
[2.959s] -- Found python_cmake_module: 0.8.0 (/opt/ros/foxy/share/python_cmake_module/cmake)
[3.000s] -- Found PythonLibs: /usr/lib/x86_64-linux-gnu/libpython3.8.so (found suitable version "3.8.2", minimum required is "3.5") 
[3.000s] -- Using PYTHON_EXECUTABLE: /usr/bin/python3
[3.000s] -- Using PYTHON_INCLUDE_DIRS: /usr/include/python3.8
[3.001s] -- Using PYTHON_LIBRARIES: /usr/lib/x86_64-linux-gnu/libpython3.8.so
[3.033s] -- Found PythonExtra: .so  
[3.412s] -- Configuring done
[3.734s] -- Generating done
[3.740s] -- Build files have been written to: /ros2_test/AD_Middle_Test/ros2/build/turtlesim
