[0.083s] -- Found ament_cmake: 0.8.1 (/opt/ros/foxy/share/ament_cmake/cmake)
[0.121s] -- Using PYTHON_EXECUTABLE: /usr/bin/python3
[0.436s] -- Found rclcpp: 0.8.3 (/opt/ros/foxy/share/rclcpp/cmake)
[0.498s] -- Found rosidl_adapter: 0.8.2 (/opt/ros/foxy/share/rosidl_adapter/cmake)
[0.529s] -- Found rmw_implementation_cmake: 0.8.1 (/opt/ros/foxy/share/rmw_implementation_cmake/cmake)
[0.532s] -- Using RMW implementation 'rmw_fastrtps_cpp' as default
[0.664s] CMake Error at CMakeLists.txt:23 (find_package):
[0.664s]   By not providing "Findcv_bridge.cmake" in CMAKE_MODULE_PATH this project
[0.664s]   has asked CMake to find a package configuration file provided by
[0.665s]   "cv_bridge", but CMake did not find one.
[0.665s] 
[0.665s]   Could not find a package configuration file provided by "cv_bridge" with
[0.665s]   any of the following names:
[0.665s] 
[0.665s]     cv_bridgeConfig.cmake
[0.666s]     cv_bridge-config.cmake
[0.666s] 
[0.666s]   Add the installation prefix of "cv_bridge" to CMAKE_PREFIX_PATH or set
[0.666s]   "cv_bridge_DIR" to a directory containing one of the above files.  If
[0.666s]   "cv_bridge" provides a separate development package or SDK, be sure it has
[0.667s]   been installed.
[0.667s] 
[0.667s] 
[0.667s] -- Configuring incomplete, errors occurred!
[0.667s] See also "/ros2_test/AD_Middle_Test/ros2/src/build/detect_s/CMakeFiles/CMakeOutput.log".
[0.667s] See also "/ros2_test/AD_Middle_Test/ros2/src/build/detect_s/CMakeFiles/CMakeError.log".
[0.670s] make: *** [Makefile:266: cmake_check_build_system] Error 1
