[0.081s] -- Found ament_cmake: 0.8.1 (/opt/ros/foxy/share/ament_cmake/cmake)
[0.118s] -- Using PYTHON_EXECUTABLE: /usr/bin/python3
[0.451s] -- Found rclcpp: 0.8.3 (/opt/ros/foxy/share/rclcpp/cmake)
[0.510s] -- Found rosidl_adapter: 0.8.2 (/opt/ros/foxy/share/rosidl_adapter/cmake)
[0.539s] -- Found rmw_implementation_cmake: 0.8.1 (/opt/ros/foxy/share/rmw_implementation_cmake/cmake)
[0.543s] -- Using RMW implementation 'rmw_fastrtps_cpp' as default
[0.657s] -- Found std_msgs: 0.8.1 (/opt/ros/foxy/share/std_msgs/cmake)
[0.670s] -- Found test_interfaces: 0.0.0 (/ros2_test/AD_Middle_Test/ros2/install/test_interfaces/share/test_interfaces/cmake)
[0.672s] -- Found message_filters: 3.2.3 (/opt/ros/foxy/share/message_filters/cmake)
[0.707s] -- Found ament_lint_auto: 0.9.1 (/opt/ros/foxy/share/ament_lint_auto/cmake)
[0.821s] -- Added test 'copyright' to check for copyright in CMake / C / C++ / Python code
[0.829s] -- Added test 'cppcheck' to perform static code analysis on C / C++ code
[0.830s] -- Configured cppcheck include dirs: 
[0.831s] -- Added test 'cpplint' to check C / C++ code against the Google style
[0.832s] -- Added test 'lint_cmake' to check CMake code style
[0.844s] -- Added test 'uncrustify' to check C / C++ code style
[0.845s] -- Added test 'xmllint' to check XML markup files
[0.846s] -- Configuring done
[0.854s] -- Generating done
[0.856s] -- Build files have been written to: /ros2_test/AD_Middle_Test/ros2/src/build/detect_s
[0.891s] [35m[1mScanning dependencies of target camera[0m
[0.919s] [ 50%] [32mBuilding CXX object CMakeFiles/camera.dir/src/camera.cpp.o[0m
