[0.059s] -- Found ament_cmake: 0.8.1 (/opt/ros/foxy/share/ament_cmake/cmake)
[0.095s] -- Using PYTHON_EXECUTABLE: /usr/bin/python3
[0.391s] -- Found rclcpp: 0.8.3 (/opt/ros/foxy/share/rclcpp/cmake)
[0.482s] -- Found rosidl_adapter: 0.8.2 (/opt/ros/foxy/share/rosidl_adapter/cmake)
[0.522s] -- Found rmw_implementation_cmake: 0.8.1 (/opt/ros/foxy/share/rmw_implementation_cmake/cmake)
[0.525s] -- Using RMW implementation 'rmw_fastrtps_cpp' as default
[0.527s] -- Looking for pthread.h
[0.633s] -- Looking for pthread.h - found
[0.634s] -- Performing Test CMAKE_HAVE_LIBC_PTHREAD
[0.742s] -- Performing Test CMAKE_HAVE_LIBC_PTHREAD - Failed
[0.743s] -- Looking for pthread_create in pthreads
[0.828s] -- Looking for pthread_create in pthreads - not found
[0.828s] -- Looking for pthread_create in pthread
[0.930s] -- Looking for pthread_create in pthread - found
[0.932s] -- Found Threads: TRUE  
[1.067s] -- Found std_msgs: 0.8.1 (/opt/ros/foxy/share/std_msgs/cmake)
[1.076s] -- Found test_interfaces: 0.0.0 (/ros2_test/AD_Middle_Test/ros2/install/test_interfaces/share/test_interfaces/cmake)
[1.136s] -- Found ament_lint_auto: 0.9.1 (/opt/ros/foxy/share/ament_lint_auto/cmake)
[1.250s] -- Added test 'copyright' to check for copyright in CMake / C / C++ / Python code
[1.251s] -- Added test 'cppcheck' to perform static code analysis on C / C++ code
[1.252s] -- Configured cppcheck include dirs: 
[1.253s] -- Added test 'cpplint' to check C / C++ code against the Google style
[1.254s] -- Added test 'lint_cmake' to check CMake code style
[1.255s] -- Added test 'uncrustify' to check C / C++ code style
[1.256s] -- Added test 'xmllint' to check XML markup files
[1.260s] -- Configuring done
[1.290s] -- Generating done
[1.292s] -- Build files have been written to: /ros2_test/AD_Middle_Test/ros2/build/simple_s
[1.323s] [35m[1mScanning dependencies of target listener[0m
[1.324s] [35m[1mScanning dependencies of target talker[0m
[1.381s] [ 25%] [32mBuilding CXX object CMakeFiles/talker.dir/src/talker.cpp.o[0m
[1.383s] [ 50%] [32mBuilding CXX object CMakeFiles/listener.dir/src/listener.cpp.o[0m
