[2.211s] [01m[K/ros2_test/AD_Middle_Test/ros2/src/simple_s/src/intra_pipe.cpp:[m[K In function ‘[01m[Kint main(int, char**)[m[K’:
[2.211s] [01m[K/ros2_test/AD_Middle_Test/ros2/src/simple_s/src/intra_pipe.cpp:183:26:[m[K [01;31m[Kerror: [m[Kassigning to an array from an initializer list
[2.211s]   183 |  sleep_times={10,10,10,10[01;31m[K}[m[K;
[2.212s]       |                          [01;31m[K^[m[K
[2.212s] [01m[K/ros2_test/AD_Middle_Test/ros2/src/simple_s/src/intra_pipe.cpp:184:25:[m[K [01;31m[Kerror: [m[KISO C++ forbids comparison between pointer and integer [[01;31m[K-fpermissive[m[K]
[2.212s]   184 |  }else if(atoi(argv[2]==[01;31m[K1[m[K)){
[2.212s]       |                         [01;31m[K^[m[K
[2.212s] [01m[K/ros2_test/AD_Middle_Test/ros2/src/simple_s/src/intra_pipe.cpp:184:23:[m[K [01;31m[Kerror: [m[Kcannot convert ‘[01m[Kbool[m[K’ to ‘[01m[Kconst char*[m[K’
[2.212s]   184 |  }else if(atoi([01;31m[Kargv[2]==1[m[K)){
[2.212s]       |                [01;31m[K~~~~~~~^~~[m[K
[2.213s]       |                       [01;31m[K|[m[K
[2.213s]       |                       [01;31m[Kbool[m[K
[2.213s] In file included from [01m[K/usr/include/c++/9/cstdlib:75[m[K,
[2.213s]                  from [01m[K/usr/include/c++/9/ext/string_conversions.h:41[m[K,
[2.213s]                  from [01m[K/usr/include/c++/9/bits/basic_string.h:6493[m[K,
[2.213s]                  from [01m[K/usr/include/c++/9/string:55[m[K,
[2.213s]                  from [01m[K/usr/include/c++/9/stdexcept:39[m[K,
[2.213s]                  from [01m[K/usr/include/c++/9/array:39[m[K,
[2.214s]                  from [01m[K/usr/include/c++/9/tuple:39[m[K,
[2.214s]                  from [01m[K/usr/include/c++/9/bits/unique_ptr.h:37[m[K,
[2.214s]                  from [01m[K/usr/include/c++/9/memory:80[m[K,
[2.214s]                  from [01m[K/ros2_test/AD_Middle_Test/ros2/src/simple_s/src/intra_pipe.cpp:4[m[K:
[2.214s] [01m[K/usr/include/stdlib.h:104:30:[m[K [01;36m[Knote: [m[K  initializing argument 1 of ‘[01m[Kint atoi(const char*)[m[K’
[2.214s]   104 | extern int atoi ([01;36m[Kconst char *__nptr[m[K)
[2.214s]       |                  [01;36m[K~~~~~~~~~~~~^~~~~~[m[K
[2.215s] [01m[K/ros2_test/AD_Middle_Test/ros2/src/simple_s/src/intra_pipe.cpp:186:27:[m[K [01;31m[Kerror: [m[Kassigning to an array from an initializer list
[2.215s]   186 |  sleep_times={10,20,50,100[01;31m[K}[m[K;
[2.215s]       |                           [01;31m[K^[m[K
[2.215s] [01m[K/ros2_test/AD_Middle_Test/ros2/src/simple_s/src/intra_pipe.cpp:187:25:[m[K [01;31m[Kerror: [m[KISO C++ forbids comparison between pointer and integer [[01;31m[K-fpermissive[m[K]
[2.215s]   187 |  }else if(atoi(argv[2]==[01;31m[K2[m[K)){
[2.215s]       |                         [01;31m[K^[m[K
[2.215s] [01m[K/ros2_test/AD_Middle_Test/ros2/src/simple_s/src/intra_pipe.cpp:187:23:[m[K [01;31m[Kerror: [m[Kcannot convert ‘[01m[Kbool[m[K’ to ‘[01m[Kconst char*[m[K’
[2.216s]   187 |  }else if(atoi([01;31m[Kargv[2]==2[m[K)){
[2.216s]       |                [01;31m[K~~~~~~~^~~[m[K
[2.216s]       |                       [01;31m[K|[m[K
[2.216s]       |                       [01;31m[Kbool[m[K
[2.216s] In file included from [01m[K/usr/include/c++/9/cstdlib:75[m[K,
[2.216s]                  from [01m[K/usr/include/c++/9/ext/string_conversions.h:41[m[K,
[2.216s]                  from [01m[K/usr/include/c++/9/bits/basic_string.h:6493[m[K,
[2.216s]                  from [01m[K/usr/include/c++/9/string:55[m[K,
[2.217s]                  from [01m[K/usr/include/c++/9/stdexcept:39[m[K,
[2.217s]                  from [01m[K/usr/include/c++/9/array:39[m[K,
[2.217s]                  from [01m[K/usr/include/c++/9/tuple:39[m[K,
[2.217s]                  from [01m[K/usr/include/c++/9/bits/unique_ptr.h:37[m[K,
[2.217s]                  from [01m[K/usr/include/c++/9/memory:80[m[K,
[2.217s]                  from [01m[K/ros2_test/AD_Middle_Test/ros2/src/simple_s/src/intra_pipe.cpp:4[m[K:
[2.217s] [01m[K/usr/include/stdlib.h:104:30:[m[K [01;36m[Knote: [m[K  initializing argument 1 of ‘[01m[Kint atoi(const char*)[m[K’
[2.218s]   104 | extern int atoi ([01;36m[Kconst char *__nptr[m[K)
[2.218s]       |                  [01;36m[K~~~~~~~~~~~~^~~~~~[m[K
[2.218s] [01m[K/ros2_test/AD_Middle_Test/ros2/src/simple_s/src/intra_pipe.cpp:189:27:[m[K [01;31m[Kerror: [m[Kassigning to an array from an initializer list
[2.218s]   189 |  sleep_times={100,50,20,10[01;31m[K}[m[K;
[2.218s]       |                           [01;31m[K^[m[K
[4.786s] make[2]: *** [CMakeFiles/intra_pipe.dir/build.make:63: CMakeFiles/intra_pipe.dir/src/intra_pipe.cpp.o] Error 1
[4.786s] make[1]: *** [CMakeFiles/Makefile2:163: CMakeFiles/intra_pipe.dir/all] Error 2
[4.786s] make: *** [Makefile:141: all] Error 2
