[2.348s] [01m[K/ros2_test/AD_Middle_Test/ros2/src/simple_s/src/intra_pipe.cpp:[m[K In function ‘[01m[Kint main(int, char**)[m[K’:
[2.349s] [01m[K/ros2_test/AD_Middle_Test/ros2/src/simple_s/src/intra_pipe.cpp:183:15:[m[K [01;31m[Kerror: [m[Kexpected identifier before numeric constant
[2.349s]   183 |  sleep_times=[[01;31m[K10[m[K,10,10,10];
[2.349s]       |               [01;31m[K^~[m[K
[2.349s] [01m[K/ros2_test/AD_Middle_Test/ros2/src/simple_s/src/intra_pipe.cpp:183:17:[m[K [01;31m[Kerror: [m[Kexpected ‘[01m[K][m[K’ before ‘[01m[K,[m[K’ token
[2.350s]   183 |  sleep_times=[10[01;31m[K,[m[K10,10,10];
[2.350s]       |                 [01;31m[K^[m[K
[2.350s]       |                 [32m[K][m[K
[2.350s] [01m[K/ros2_test/AD_Middle_Test/ros2/src/simple_s/src/intra_pipe.cpp:[m[K In lambda function:
[2.350s] [01m[K/ros2_test/AD_Middle_Test/ros2/src/simple_s/src/intra_pipe.cpp:183:17:[m[K [01;31m[Kerror: [m[Kexpected ‘[01m[K{[m[K’ before ‘[01m[K,[m[K’ token
[2.350s] [01m[K/ros2_test/AD_Middle_Test/ros2/src/simple_s/src/intra_pipe.cpp:[m[K In function ‘[01m[Kint main(int, char**)[m[K’:
[2.350s] [01m[K/ros2_test/AD_Middle_Test/ros2/src/simple_s/src/intra_pipe.cpp:183:17:[m[K [01;31m[Kerror: [m[Kincompatible types in assignment of ‘[01m[Kmain(int, char**)::<lambda()>[m[K’ to ‘[01m[Kint [4][m[K’
[2.351s] [01m[K/ros2_test/AD_Middle_Test/ros2/src/simple_s/src/intra_pipe.cpp:184:25:[m[K [01;31m[Kerror: [m[KISO C++ forbids comparison between pointer and integer [[01;31m[K-fpermissive[m[K]
[2.351s]   184 |  }else if(atoi(argv[2]==[01;31m[K1[m[K)){
[2.351s]       |                         [01;31m[K^[m[K
[2.351s] [01m[K/ros2_test/AD_Middle_Test/ros2/src/simple_s/src/intra_pipe.cpp:184:23:[m[K [01;31m[Kerror: [m[Kcannot convert ‘[01m[Kbool[m[K’ to ‘[01m[Kconst char*[m[K’
[2.351s]   184 |  }else if(atoi([01;31m[Kargv[2]==1[m[K)){
[2.351s]       |                [01;31m[K~~~~~~~^~~[m[K
[2.351s]       |                       [01;31m[K|[m[K
[2.352s]       |                       [01;31m[Kbool[m[K
[2.352s] In file included from [01m[K/usr/include/c++/9/cstdlib:75[m[K,
[2.352s]                  from [01m[K/usr/include/c++/9/ext/string_conversions.h:41[m[K,
[2.352s]                  from [01m[K/usr/include/c++/9/bits/basic_string.h:6493[m[K,
[2.352s]                  from [01m[K/usr/include/c++/9/string:55[m[K,
[2.352s]                  from [01m[K/usr/include/c++/9/stdexcept:39[m[K,
[2.352s]                  from [01m[K/usr/include/c++/9/array:39[m[K,
[2.352s]                  from [01m[K/usr/include/c++/9/tuple:39[m[K,
[2.353s]                  from [01m[K/usr/include/c++/9/bits/unique_ptr.h:37[m[K,
[2.353s]                  from [01m[K/usr/include/c++/9/memory:80[m[K,
[2.353s]                  from [01m[K/ros2_test/AD_Middle_Test/ros2/src/simple_s/src/intra_pipe.cpp:4[m[K:
[2.353s] [01m[K/usr/include/stdlib.h:104:30:[m[K [01;36m[Knote: [m[K  initializing argument 1 of ‘[01m[Kint atoi(const char*)[m[K’
[2.353s]   104 | extern int atoi ([01;36m[Kconst char *__nptr[m[K)
[2.353s]       |                  [01;36m[K~~~~~~~~~~~~^~~~~~[m[K
[2.353s] [01m[K/ros2_test/AD_Middle_Test/ros2/src/simple_s/src/intra_pipe.cpp:186:15:[m[K [01;31m[Kerror: [m[Kexpected identifier before numeric constant
[2.354s]   186 |  sleep_times=[[01;31m[K10[m[K,20,50,100];
[2.354s]       |               [01;31m[K^~[m[K
[2.354s] [01m[K/ros2_test/AD_Middle_Test/ros2/src/simple_s/src/intra_pipe.cpp:186:17:[m[K [01;31m[Kerror: [m[Kexpected ‘[01m[K][m[K’ before ‘[01m[K,[m[K’ token
[2.354s]   186 |  sleep_times=[10[01;31m[K,[m[K20,50,100];
[2.354s]       |                 [01;31m[K^[m[K
[2.354s]       |                 [32m[K][m[K
[2.354s] [01m[K/ros2_test/AD_Middle_Test/ros2/src/simple_s/src/intra_pipe.cpp:[m[K In lambda function:
[2.354s] [01m[K/ros2_test/AD_Middle_Test/ros2/src/simple_s/src/intra_pipe.cpp:186:17:[m[K [01;31m[Kerror: [m[Kexpected ‘[01m[K{[m[K’ before ‘[01m[K,[m[K’ token
[2.355s] [01m[K/ros2_test/AD_Middle_Test/ros2/src/simple_s/src/intra_pipe.cpp:[m[K In function ‘[01m[Kint main(int, char**)[m[K’:
[2.355s] [01m[K/ros2_test/AD_Middle_Test/ros2/src/simple_s/src/intra_pipe.cpp:186:17:[m[K [01;31m[Kerror: [m[Kincompatible types in assignment of ‘[01m[Kmain(int, char**)::<lambda()>[m[K’ to ‘[01m[Kint [4][m[K’
[2.355s] [01m[K/ros2_test/AD_Middle_Test/ros2/src/simple_s/src/intra_pipe.cpp:187:25:[m[K [01;31m[Kerror: [m[KISO C++ forbids comparison between pointer and integer [[01;31m[K-fpermissive[m[K]
[2.355s]   187 |  }else if(atoi(argv[2]==[01;31m[K2[m[K)){
[2.355s]       |                         [01;31m[K^[m[K
[2.355s] [01m[K/ros2_test/AD_Middle_Test/ros2/src/simple_s/src/intra_pipe.cpp:187:23:[m[K [01;31m[Kerror: [m[Kcannot convert ‘[01m[Kbool[m[K’ to ‘[01m[Kconst char*[m[K’
[2.355s]   187 |  }else if(atoi([01;31m[Kargv[2]==2[m[K)){
[2.356s]       |                [01;31m[K~~~~~~~^~~[m[K
[2.356s]       |                       [01;31m[K|[m[K
[2.356s]       |                       [01;31m[Kbool[m[K
[2.356s] In file included from [01m[K/usr/include/c++/9/cstdlib:75[m[K,
[2.356s]                  from [01m[K/usr/include/c++/9/ext/string_conversions.h:41[m[K,
[2.356s]                  from [01m[K/usr/include/c++/9/bits/basic_string.h:6493[m[K,
[2.356s]                  from [01m[K/usr/include/c++/9/string:55[m[K,
[2.357s]                  from [01m[K/usr/include/c++/9/stdexcept:39[m[K,
[2.357s]                  from [01m[K/usr/include/c++/9/array:39[m[K,
[2.357s]                  from [01m[K/usr/include/c++/9/tuple:39[m[K,
[2.357s]                  from [01m[K/usr/include/c++/9/bits/unique_ptr.h:37[m[K,
[2.357s]                  from [01m[K/usr/include/c++/9/memory:80[m[K,
[2.357s]                  from [01m[K/ros2_test/AD_Middle_Test/ros2/src/simple_s/src/intra_pipe.cpp:4[m[K:
[2.357s] [01m[K/usr/include/stdlib.h:104:30:[m[K [01;36m[Knote: [m[K  initializing argument 1 of ‘[01m[Kint atoi(const char*)[m[K’
[2.357s]   104 | extern int atoi ([01;36m[Kconst char *__nptr[m[K)
[2.358s]       |                  [01;36m[K~~~~~~~~~~~~^~~~~~[m[K
[2.358s] [01m[K/ros2_test/AD_Middle_Test/ros2/src/simple_s/src/intra_pipe.cpp:189:15:[m[K [01;31m[Kerror: [m[Kexpected identifier before numeric constant
[2.358s]   189 |  sleep_times=[[01;31m[K100[m[K,50,20,10];
[2.358s]       |               [01;31m[K^~~[m[K
[2.358s] [01m[K/ros2_test/AD_Middle_Test/ros2/src/simple_s/src/intra_pipe.cpp:189:18:[m[K [01;31m[Kerror: [m[Kexpected ‘[01m[K][m[K’ before ‘[01m[K,[m[K’ token
[2.358s]   189 |  sleep_times=[100[01;31m[K,[m[K50,20,10];
[2.358s]       |                  [01;31m[K^[m[K
[2.359s]       |                  [32m[K][m[K
[2.359s] [01m[K/ros2_test/AD_Middle_Test/ros2/src/simple_s/src/intra_pipe.cpp:[m[K In lambda function:
[2.359s] [01m[K/ros2_test/AD_Middle_Test/ros2/src/simple_s/src/intra_pipe.cpp:189:18:[m[K [01;31m[Kerror: [m[Kexpected ‘[01m[K{[m[K’ before ‘[01m[K,[m[K’ token
[2.359s] [01m[K/ros2_test/AD_Middle_Test/ros2/src/simple_s/src/intra_pipe.cpp:[m[K In function ‘[01m[Kint main(int, char**)[m[K’:
[2.359s] [01m[K/ros2_test/AD_Middle_Test/ros2/src/simple_s/src/intra_pipe.cpp:189:18:[m[K [01;31m[Kerror: [m[Kincompatible types in assignment of ‘[01m[Kmain(int, char**)::<lambda()>[m[K’ to ‘[01m[Kint [4][m[K’
[5.121s] make[2]: *** [CMakeFiles/intra_pipe.dir/build.make:63: CMakeFiles/intra_pipe.dir/src/intra_pipe.cpp.o] Error 1
[5.121s] make[1]: *** [CMakeFiles/Makefile2:163: CMakeFiles/intra_pipe.dir/all] Error 2
[5.121s] make: *** [Makefile:141: all] Error 2
