[0.134s] [ 50%] Built target cameraTimer
[0.134s] [100%] Built target yoloDetect
[0.245s] -- Install configuration: ""
[0.245s] -- Up-to-date: /ros2_test/AD_Middle_Test/ros2/src/install/detect_s/lib/detect_s/cameraTimer
[0.246s] -- Up-to-date: /ros2_test/AD_Middle_Test/ros2/src/install/detect_s/lib/detect_s/yoloDetect
[0.247s] -- Up-to-date: /ros2_test/AD_Middle_Test/ros2/src/install/detect_s/share/ament_index/resource_index/package_run_dependencies/detect_s
[0.247s] -- Up-to-date: /ros2_test/AD_Middle_Test/ros2/src/install/detect_s/share/ament_index/resource_index/parent_prefix_path/detect_s
[0.247s] -- Up-to-date: /ros2_test/AD_Middle_Test/ros2/src/install/detect_s/share/detect_s/environment/ament_prefix_path.sh
[0.247s] -- Up-to-date: /ros2_test/AD_Middle_Test/ros2/src/install/detect_s/share/detect_s/environment/ament_prefix_path.dsv
[0.247s] -- Up-to-date: /ros2_test/AD_Middle_Test/ros2/src/install/detect_s/share/detect_s/environment/path.sh
[0.248s] -- Up-to-date: /ros2_test/AD_Middle_Test/ros2/src/install/detect_s/share/detect_s/environment/path.dsv
[0.248s] -- Up-to-date: /ros2_test/AD_Middle_Test/ros2/src/install/detect_s/share/detect_s/local_setup.bash
[0.248s] -- Up-to-date: /ros2_test/AD_Middle_Test/ros2/src/install/detect_s/share/detect_s/local_setup.sh
[0.248s] -- Up-to-date: /ros2_test/AD_Middle_Test/ros2/src/install/detect_s/share/detect_s/local_setup.zsh
[0.248s] -- Up-to-date: /ros2_test/AD_Middle_Test/ros2/src/install/detect_s/share/detect_s/local_setup.dsv
[0.248s] -- Installing: /ros2_test/AD_Middle_Test/ros2/src/install/detect_s/share/detect_s/package.dsv
[0.249s] -- Up-to-date: /ros2_test/AD_Middle_Test/ros2/src/install/detect_s/share/ament_index/resource_index/packages/detect_s
[0.249s] -- Up-to-date: /ros2_test/AD_Middle_Test/ros2/src/install/detect_s/share/detect_s/cmake/detect_sConfig.cmake
[0.249s] -- Up-to-date: /ros2_test/AD_Middle_Test/ros2/src/install/detect_s/share/detect_s/cmake/detect_sConfig-version.cmake
[0.249s] -- Up-to-date: /ros2_test/AD_Middle_Test/ros2/src/install/detect_s/share/detect_s/package.xml
