[0.022s] Invoking command in '/ros2_test/AD_Middle_Test/ros2/build/simple_s': AMENT_PREFIX_PATH=/ros2_test/AD_Middle_Test/ros2/install/test_interfaces:${AMENT_PREFIX_PATH} CMAKE_PREFIX_PATH=/ros2_test/AD_Middle_Test/ros2/install/test_interfaces:${CMAKE_PREFIX_PATH} LD_LIBRARY_PATH=/ros2_test/AD_Middle_Test/ros2/install/test_interfaces/lib:${LD_LIBRARY_PATH} PYTHONPATH=/ros2_test/AD_Middle_Test/ros2/install/test_interfaces/lib/python3.8/site-packages:${PYTHONPATH} /usr/bin/cmake --build /ros2_test/AD_Middle_Test/ros2/build/simple_s -- -j4 -l4
[0.105s] [ 33%] Built target listener
[0.105s] [ 66%] Built target talker
[0.109s] [100%] Built target intra_pipe
[0.139s] Invoked command in '/ros2_test/AD_Middle_Test/ros2/build/simple_s' returned '0': AMENT_PREFIX_PATH=/ros2_test/AD_Middle_Test/ros2/install/test_interfaces:${AMENT_PREFIX_PATH} CMAKE_PREFIX_PATH=/ros2_test/AD_Middle_Test/ros2/install/test_interfaces:${CMAKE_PREFIX_PATH} LD_LIBRARY_PATH=/ros2_test/AD_Middle_Test/ros2/install/test_interfaces/lib:${LD_LIBRARY_PATH} PYTHONPATH=/ros2_test/AD_Middle_Test/ros2/install/test_interfaces/lib/python3.8/site-packages:${PYTHONPATH} /usr/bin/cmake --build /ros2_test/AD_Middle_Test/ros2/build/simple_s -- -j4 -l4
[0.165s] Invoking command in '/ros2_test/AD_Middle_Test/ros2/build/simple_s': AMENT_PREFIX_PATH=/ros2_test/AD_Middle_Test/ros2/install/test_interfaces:${AMENT_PREFIX_PATH} CMAKE_PREFIX_PATH=/ros2_test/AD_Middle_Test/ros2/install/test_interfaces:${CMAKE_PREFIX_PATH} LD_LIBRARY_PATH=/ros2_test/AD_Middle_Test/ros2/install/test_interfaces/lib:${LD_LIBRARY_PATH} PYTHONPATH=/ros2_test/AD_Middle_Test/ros2/install/test_interfaces/lib/python3.8/site-packages:${PYTHONPATH} /usr/bin/cmake --install /ros2_test/AD_Middle_Test/ros2/build/simple_s
[0.180s] -- Install configuration: ""
[0.182s] -- Up-to-date: /ros2_test/AD_Middle_Test/ros2/install/simple_s/lib/simple_s/talker
[0.182s] -- Up-to-date: /ros2_test/AD_Middle_Test/ros2/install/simple_s/lib/simple_s/listener
[0.183s] -- Up-to-date: /ros2_test/AD_Middle_Test/ros2/install/simple_s/lib/simple_s/intra_pipe
[0.183s] -- Up-to-date: /ros2_test/AD_Middle_Test/ros2/install/simple_s/share/ament_index/resource_index/package_run_dependencies/simple_s
[0.184s] -- Up-to-date: /ros2_test/AD_Middle_Test/ros2/install/simple_s/share/ament_index/resource_index/parent_prefix_path/simple_s
[0.184s] -- Up-to-date: /ros2_test/AD_Middle_Test/ros2/install/simple_s/share/simple_s/environment/ament_prefix_path.sh
[0.187s] -- Up-to-date: /ros2_test/AD_Middle_Test/ros2/install/simple_s/share/simple_s/environment/ament_prefix_path.dsv
[0.188s] -- Up-to-date: /ros2_test/AD_Middle_Test/ros2/install/simple_s/share/simple_s/environment/path.sh
[0.188s] -- Up-to-date: /ros2_test/AD_Middle_Test/ros2/install/simple_s/share/simple_s/environment/path.dsv
[0.188s] -- Up-to-date: /ros2_test/AD_Middle_Test/ros2/install/simple_s/share/simple_s/local_setup.bash
[0.189s] -- Up-to-date: /ros2_test/AD_Middle_Test/ros2/install/simple_s/share/simple_s/local_setup.sh
[0.189s] -- Up-to-date: /ros2_test/AD_Middle_Test/ros2/install/simple_s/share/simple_s/local_setup.zsh
[0.189s] -- Up-to-date: /ros2_test/AD_Middle_Test/ros2/install/simple_s/share/simple_s/local_setup.dsv
[0.190s] -- Installing: /ros2_test/AD_Middle_Test/ros2/install/simple_s/share/simple_s/package.dsv
[0.191s] -- Up-to-date: /ros2_test/AD_Middle_Test/ros2/install/simple_s/share/ament_index/resource_index/packages/simple_s
[0.191s] -- Up-to-date: /ros2_test/AD_Middle_Test/ros2/install/simple_s/share/simple_s/cmake/simple_sConfig.cmake
[0.192s] -- Up-to-date: /ros2_test/AD_Middle_Test/ros2/install/simple_s/share/simple_s/cmake/simple_sConfig-version.cmake
[0.193s] -- Up-to-date: /ros2_test/AD_Middle_Test/ros2/install/simple_s/share/simple_s/package.xml
[0.200s] Invoked command in '/ros2_test/AD_Middle_Test/ros2/build/simple_s' returned '0': AMENT_PREFIX_PATH=/ros2_test/AD_Middle_Test/ros2/install/test_interfaces:${AMENT_PREFIX_PATH} CMAKE_PREFIX_PATH=/ros2_test/AD_Middle_Test/ros2/install/test_interfaces:${CMAKE_PREFIX_PATH} LD_LIBRARY_PATH=/ros2_test/AD_Middle_Test/ros2/install/test_interfaces/lib:${LD_LIBRARY_PATH} PYTHONPATH=/ros2_test/AD_Middle_Test/ros2/install/test_interfaces/lib/python3.8/site-packages:${PYTHONPATH} /usr/bin/cmake --install /ros2_test/AD_Middle_Test/ros2/build/simple_s
