[0.021s] Invoking command in '/ros2_test/AD_Middle_Test/ros2/build/simple_s': /usr/bin/cmake --build /ros2_test/AD_Middle_Test/ros2/build/simple_s -- -j4 -l4
[0.081s] [35m[1mScanning dependencies of target talker[0m
[0.082s] [35m[1mScanning dependencies of target listener[0m
[0.111s] [ 33%] Built target intra_pipe
[0.130s] [ 50%] [32mBuilding CXX object CMakeFiles/listener.dir/src/listener.cpp.o[0m
[0.140s] [ 66%] [32mBuilding CXX object CMakeFiles/talker.dir/src/talker.cpp.o[0m
[2.063s] In file included from [01m[K/opt/ros/foxy/include/rclcpp/client.hpp:40[m[K,
[2.063s]                  from [01m[K/opt/ros/foxy/include/rclcpp/callback_group.hpp:23[m[K,
[2.064s]                  from [01m[K/opt/ros/foxy/include/rclcpp/any_executable.hpp:20[m[K,
[2.064s]                  from [01m[K/opt/ros/foxy/include/rclcpp/memory_strategy.hpp:24[m[K,
[2.064s]                  from [01m[K/opt/ros/foxy/include/rclcpp/memory_strategies.hpp:18[m[K,
[2.064s]                  from [01m[K/opt/ros/foxy/include/rclcpp/executor.hpp:33[m[K,
[2.064s]                  from [01m[K/opt/ros/foxy/include/rclcpp/executors/multi_threaded_executor.hpp:25[m[K,
[2.064s]                  from [01m[K/opt/ros/foxy/include/rclcpp/executors.hpp:21[m[K,
[2.064s]                  from [01m[K/opt/ros/foxy/include/rclcpp/rclcpp.hpp:145[m[K,
[2.065s]                  from [01m[K/ros2_test/AD_Middle_Test/ros2/src/simple_s/src/talker.cpp:3[m[K:
[2.065s] [01m[K/ros2_test/AD_Middle_Test/ros2/src/simple_s/src/talker.cpp:[m[K In member function ‘[01m[Kvoid MinimalPublisher::timer_callback()[m[K’:
[2.065s] [01m[K/ros2_test/AD_Middle_Test/ros2/src/simple_s/src/talker.cpp:28:60:[m[K [01;31m[Kerror: [m[Kcannot convert ‘[01m[Kstd_msgs::msg::Header_<std::allocator<void> >::_frame_id_type[m[K’ {aka ‘[01m[Kstd::__cxx11::basic_string<char>[m[K’} to ‘[01m[Kconst char*[m[K’
[2.065s]    28 |    RCLCPP_INFO(this->get_logger(), strtoull([01;31m[Kmessage.header.frame_id[m[K));              // CHANGE
[2.065s]       |                                             [01;31m[K~~~~~~~~~~~~~~~^~~~~~~~[m[K
[2.065s]       |                                                            [01;31m[K|[m[K
[2.065s]       |                                                            [01;31m[Kstd_msgs::msg::Header_<std::allocator<void> >::_frame_id_type {aka std::__cxx11::basic_string<char>}[m[K
[2.066s] [01m[K/opt/ros/foxy/include/rcutils/logging_macros.h:72:64:[m[K [01;36m[Knote: [m[Kin definition of macro ‘[01m[KRCUTILS_LOG_COND_NAMED[m[K’
[2.066s]    72 |       rcutils_log(&__rcutils_logging_location, severity, name, [01;36m[K__VA_ARGS__[m[K); \
[2.066s]       |                                                                [01;36m[K^~~~~~~~~~~[m[K
[2.066s] [01m[K/opt/ros/foxy/include/rclcpp/logging.hpp:542:5:[m[K [01;36m[Knote: [m[Kin expansion of macro ‘[01m[KRCUTILS_LOG_INFO_NAMED[m[K’
[2.066s]   542 |     [01;36m[KRCUTILS_LOG_INFO_NAMED[m[K( \
[2.066s]       |     [01;36m[K^~~~~~~~~~~~~~~~~~~~~~[m[K
[2.066s] [01m[K/opt/ros/foxy/include/rclcpp/logging.hpp:544:28:[m[K [01;36m[Knote: [m[Kin expansion of macro ‘[01m[KRCLCPP_FIRST_ARG[m[K’
[2.067s]   544 |       rclcpp::get_c_string([01;36m[KRCLCPP_FIRST_ARG[m[K(__VA_ARGS__, "")), \
[2.067s]       |                            [01;36m[K^~~~~~~~~~~~~~~~[m[K
[2.067s] [01m[K/ros2_test/AD_Middle_Test/ros2/src/simple_s/src/talker.cpp:28:4:[m[K [01;36m[Knote: [m[Kin expansion of macro ‘[01m[KRCLCPP_INFO[m[K’
[2.067s]    28 |    [01;36m[KRCLCPP_INFO[m[K(this->get_logger(), strtoull(message.header.frame_id));              // CHANGE
[2.067s]       |    [01;36m[K^~~~~~~~~~~[m[K
[2.067s] In file included from [01m[K/usr/include/c++/9/cstdlib:75[m[K,
[2.067s]                  from [01m[K/usr/include/c++/9/ext/string_conversions.h:41[m[K,
[2.067s]                  from [01m[K/usr/include/c++/9/bits/basic_string.h:6493[m[K,
[2.068s]                  from [01m[K/usr/include/c++/9/string:55[m[K,
[2.068s]                  from [01m[K/usr/include/c++/9/stdexcept:39[m[K,
[2.068s]                  from [01m[K/usr/include/c++/9/array:39[m[K,
[2.068s]                  from [01m[K/usr/include/c++/9/tuple:39[m[K,
[2.068s]                  from [01m[K/usr/include/c++/9/bits/unique_ptr.h:37[m[K,
[2.068s]                  from [01m[K/usr/include/c++/9/memory:80[m[K,
[2.068s]                  from [01m[K/ros2_test/AD_Middle_Test/ros2/src/simple_s/src/talker.cpp:2[m[K:
[2.069s] [01m[K/usr/include/stdlib.h:205:64:[m[K [01;36m[Knote: [m[K  initializing argument 1 of ‘[01m[Klong long unsigned int strtoull(const char*, char**, int)[m[K’
[2.069s]   205 | extern unsigned long long int strtoull ([01;36m[Kconst char *__restrict __nptr[m[K,
[2.069s]       |                                         [01;36m[K~~~~~~~~~~~~~~~~~~~~~~~^~~~~~[m[K
[2.230s] In file included from [01m[K/opt/ros/foxy/include/rclcpp/client.hpp:40[m[K,
[2.230s]                  from [01m[K/opt/ros/foxy/include/rclcpp/callback_group.hpp:23[m[K,
[2.230s]                  from [01m[K/opt/ros/foxy/include/rclcpp/any_executable.hpp:20[m[K,
[2.230s]                  from [01m[K/opt/ros/foxy/include/rclcpp/memory_strategy.hpp:24[m[K,
[2.231s]                  from [01m[K/opt/ros/foxy/include/rclcpp/memory_strategies.hpp:18[m[K,
[2.231s]                  from [01m[K/opt/ros/foxy/include/rclcpp/executor.hpp:33[m[K,
[2.231s]                  from [01m[K/opt/ros/foxy/include/rclcpp/executors/multi_threaded_executor.hpp:25[m[K,
[2.231s]                  from [01m[K/opt/ros/foxy/include/rclcpp/executors.hpp:21[m[K,
[2.231s]                  from [01m[K/opt/ros/foxy/include/rclcpp/rclcpp.hpp:145[m[K,
[2.231s]                  from [01m[K/opt/ros/foxy/include/message_filters/subscriber.h:38[m[K,
[2.231s]                  from [01m[K/ros2_test/AD_Middle_Test/ros2/src/simple_s/src/listener.cpp:5[m[K:
[2.232s] [01m[K/ros2_test/AD_Middle_Test/ros2/src/simple_s/src/listener.cpp:[m[K In member function ‘[01m[Kvoid MinimalSubscriber::topic_callback(test_interfaces::msg::Test_<std::allocator<void> >::SharedPtr)[m[K’:
[2.232s] [01m[K/ros2_test/AD_Middle_Test/ros2/src/simple_s/src/listener.cpp:95:57:[m[K [01;31m[Kerror: [m[Kcannot convert ‘[01m[Kstd_msgs::msg::Header_<std::allocator<void> >::_frame_id_type[m[K’ {aka ‘[01m[Kstd::__cxx11::basic_string<char>[m[K’} to ‘[01m[Kconst char*[m[K’
[2.232s]    95 |    RCLCPP_INFO(this->get_logger(), strtoull([01;31m[Kmsg->header.frame_id[m[K));              // CHANGE
[2.232s]       |                                             [01;31m[K~~~~~~~~~~~~^~~~~~~~[m[K
[2.232s]       |                                                         [01;31m[K|[m[K
[2.232s]       |                                                         [01;31m[Kstd_msgs::msg::Header_<std::allocator<void> >::_frame_id_type {aka std::__cxx11::basic_string<char>}[m[K
[2.232s] [01m[K/opt/ros/foxy/include/rcutils/logging_macros.h:72:64:[m[K [01;36m[Knote: [m[Kin definition of macro ‘[01m[KRCUTILS_LOG_COND_NAMED[m[K’
[2.233s]    72 |       rcutils_log(&__rcutils_logging_location, severity, name, [01;36m[K__VA_ARGS__[m[K); \
[2.233s]       |                                                                [01;36m[K^~~~~~~~~~~[m[K
[2.233s] [01m[K/opt/ros/foxy/include/rclcpp/logging.hpp:542:5:[m[K [01;36m[Knote: [m[Kin expansion of macro ‘[01m[KRCUTILS_LOG_INFO_NAMED[m[K’
[2.233s]   542 |     [01;36m[KRCUTILS_LOG_INFO_NAMED[m[K( \
[2.233s]       |     [01;36m[K^~~~~~~~~~~~~~~~~~~~~~[m[K
[2.233s] [01m[K/opt/ros/foxy/include/rclcpp/logging.hpp:544:28:[m[K [01;36m[Knote: [m[Kin expansion of macro ‘[01m[KRCLCPP_FIRST_ARG[m[K’
[2.233s]   544 |       rclcpp::get_c_string([01;36m[KRCLCPP_FIRST_ARG[m[K(__VA_ARGS__, "")), \
[2.234s]       |                            [01;36m[K^~~~~~~~~~~~~~~~[m[K
[2.234s] [01m[K/ros2_test/AD_Middle_Test/ros2/src/simple_s/src/listener.cpp:95:4:[m[K [01;36m[Knote: [m[Kin expansion of macro ‘[01m[KRCLCPP_INFO[m[K’
[2.234s]    95 |    [01;36m[KRCLCPP_INFO[m[K(this->get_logger(), strtoull(msg->header.frame_id));              // CHANGE
[2.234s]       |    [01;36m[K^~~~~~~~~~~[m[K
[2.234s] In file included from [01m[K/usr/include/c++/9/cstdlib:75[m[K,
[2.234s]                  from [01m[K/usr/include/c++/9/ext/string_conversions.h:41[m[K,
[2.234s]                  from [01m[K/usr/include/c++/9/bits/basic_string.h:6493[m[K,
[2.235s]                  from [01m[K/usr/include/c++/9/string:55[m[K,
[2.235s]                  from [01m[K/usr/include/c++/9/stdexcept:39[m[K,
[2.235s]                  from [01m[K/usr/include/c++/9/array:39[m[K,
[2.235s]                  from [01m[K/usr/include/c++/9/tuple:39[m[K,
[2.235s]                  from [01m[K/usr/include/c++/9/bits/unique_ptr.h:37[m[K,
[2.235s]                  from [01m[K/usr/include/c++/9/memory:80[m[K,
[2.235s]                  from [01m[K/ros2_test/AD_Middle_Test/ros2/src/simple_s/src/listener.cpp:1[m[K:
[2.236s] [01m[K/usr/include/stdlib.h:205:64:[m[K [01;36m[Knote: [m[K  initializing argument 1 of ‘[01m[Klong long unsigned int strtoull(const char*, char**, int)[m[K’
[2.236s]   205 | extern unsigned long long int strtoull ([01;36m[Kconst char *__restrict __nptr[m[K,
[2.236s]       |                                         [01;36m[K~~~~~~~~~~~~~~~~~~~~~~~^~~~~~[m[K
[2.236s] In file included from [01m[K/opt/ros/foxy/include/rclcpp/client.hpp:40[m[K,
[2.236s]                  from [01m[K/opt/ros/foxy/include/rclcpp/callback_group.hpp:23[m[K,
[2.236s]                  from [01m[K/opt/ros/foxy/include/rclcpp/any_executable.hpp:20[m[K,
[2.236s]                  from [01m[K/opt/ros/foxy/include/rclcpp/memory_strategy.hpp:24[m[K,
[2.236s]                  from [01m[K/opt/ros/foxy/include/rclcpp/memory_strategies.hpp:18[m[K,
[2.237s]                  from [01m[K/opt/ros/foxy/include/rclcpp/executor.hpp:33[m[K,
[2.237s]                  from [01m[K/opt/ros/foxy/include/rclcpp/executors/multi_threaded_executor.hpp:25[m[K,
[2.237s]                  from [01m[K/opt/ros/foxy/include/rclcpp/executors.hpp:21[m[K,
[2.237s]                  from [01m[K/opt/ros/foxy/include/rclcpp/rclcpp.hpp:145[m[K,
[2.237s]                  from [01m[K/opt/ros/foxy/include/message_filters/subscriber.h:38[m[K,
[2.237s]                  from [01m[K/ros2_test/AD_Middle_Test/ros2/src/simple_s/src/listener.cpp:5[m[K:
[2.237s] [01m[K/ros2_test/AD_Middle_Test/ros2/src/simple_s/src/listener.cpp:97:57:[m[K [01;31m[Kerror: [m[Kcannot convert ‘[01m[Kstd_msgs::msg::Header_<std::allocator<void> >::_frame_id_type[m[K’ {aka ‘[01m[Kstd::__cxx11::basic_string<char>[m[K’} to ‘[01m[Kconst char*[m[K’
[2.238s]    97 |    RCLCPP_INFO(this->get_logger(), strtoull([01;31m[Kmsg->header.frame_id[m[K));              // CHANGE
[2.238s]       |                                             [01;31m[K~~~~~~~~~~~~^~~~~~~~[m[K
[2.238s]       |                                                         [01;31m[K|[m[K
[2.238s]       |                                                         [01;31m[Kstd_msgs::msg::Header_<std::allocator<void> >::_frame_id_type {aka std::__cxx11::basic_string<char>}[m[K
[2.238s] [01m[K/opt/ros/foxy/include/rcutils/logging_macros.h:72:64:[m[K [01;36m[Knote: [m[Kin definition of macro ‘[01m[KRCUTILS_LOG_COND_NAMED[m[K’
[2.238s]    72 |       rcutils_log(&__rcutils_logging_location, severity, name, [01;36m[K__VA_ARGS__[m[K); \
[2.238s]       |                                                                [01;36m[K^~~~~~~~~~~[m[K
[2.239s] [01m[K/opt/ros/foxy/include/rclcpp/logging.hpp:542:5:[m[K [01;36m[Knote: [m[Kin expansion of macro ‘[01m[KRCUTILS_LOG_INFO_NAMED[m[K’
[2.239s]   542 |     [01;36m[KRCUTILS_LOG_INFO_NAMED[m[K( \
[2.239s]       |     [01;36m[K^~~~~~~~~~~~~~~~~~~~~~[m[K
[2.239s] [01m[K/opt/ros/foxy/include/rclcpp/logging.hpp:544:28:[m[K [01;36m[Knote: [m[Kin expansion of macro ‘[01m[KRCLCPP_FIRST_ARG[m[K’
[2.239s]   544 |       rclcpp::get_c_string([01;36m[KRCLCPP_FIRST_ARG[m[K(__VA_ARGS__, "")), \
[2.239s]       |                            [01;36m[K^~~~~~~~~~~~~~~~[m[K
[2.239s] [01m[K/ros2_test/AD_Middle_Test/ros2/src/simple_s/src/listener.cpp:97:4:[m[K [01;36m[Knote: [m[Kin expansion of macro ‘[01m[KRCLCPP_INFO[m[K’
[2.239s]    97 |    [01;36m[KRCLCPP_INFO[m[K(this->get_logger(), strtoull(msg->header.frame_id));              // CHANGE
[2.240s]       |    [01;36m[K^~~~~~~~~~~[m[K
[2.240s] In file included from [01m[K/usr/include/c++/9/cstdlib:75[m[K,
[2.240s]                  from [01m[K/usr/include/c++/9/ext/string_conversions.h:41[m[K,
[2.240s]                  from [01m[K/usr/include/c++/9/bits/basic_string.h:6493[m[K,
[2.240s]                  from [01m[K/usr/include/c++/9/string:55[m[K,
[2.240s]                  from [01m[K/usr/include/c++/9/stdexcept:39[m[K,
[2.240s]                  from [01m[K/usr/include/c++/9/array:39[m[K,
[2.241s]                  from [01m[K/usr/include/c++/9/tuple:39[m[K,
[2.241s]                  from [01m[K/usr/include/c++/9/bits/unique_ptr.h:37[m[K,
[2.241s]                  from [01m[K/usr/include/c++/9/memory:80[m[K,
[2.241s]                  from [01m[K/ros2_test/AD_Middle_Test/ros2/src/simple_s/src/listener.cpp:1[m[K:
[2.241s] [01m[K/usr/include/stdlib.h:205:64:[m[K [01;36m[Knote: [m[K  initializing argument 1 of ‘[01m[Klong long unsigned int strtoull(const char*, char**, int)[m[K’
[2.241s]   205 | extern unsigned long long int strtoull ([01;36m[Kconst char *__restrict __nptr[m[K,
[2.241s]       |                                         [01;36m[K~~~~~~~~~~~~~~~~~~~~~~~^~~~~~[m[K
[3.093s] make[2]: *** [CMakeFiles/talker.dir/build.make:63: CMakeFiles/talker.dir/src/talker.cpp.o] Error 1
[3.093s] make[1]: *** [CMakeFiles/Makefile2:109: CMakeFiles/talker.dir/all] Error 2
[3.094s] make[1]: *** Waiting for unfinished jobs....
[4.622s] make[2]: *** [CMakeFiles/listener.dir/build.make:63: CMakeFiles/listener.dir/src/listener.cpp.o] Error 1
[4.623s] make[1]: *** [CMakeFiles/Makefile2:82: CMakeFiles/listener.dir/all] Error 2
[4.623s] make: *** [Makefile:141: all] Error 2
[4.625s] Invoked command in '/ros2_test/AD_Middle_Test/ros2/build/simple_s' returned '2': /usr/bin/cmake --build /ros2_test/AD_Middle_Test/ros2/build/simple_s -- -j4 -l4
