[0.122s] -- The C compiler identification is GNU 9.3.0
[0.210s] -- The CXX compiler identification is GNU 9.3.0
[0.219s] -- Check for working C compiler: /usr/bin/cc
[0.323s] -- Check for working C compiler: /usr/bin/cc -- works
[0.324s] -- Detecting C compiler ABI info
[0.428s] -- Detecting C compiler ABI info - done
[0.452s] -- Detecting C compile features
[0.453s] -- Detecting C compile features - done
[0.458s] -- Check for working CXX compiler: /usr/bin/c++
[0.579s] -- Check for working CXX compiler: /usr/bin/c++ -- works
[0.581s] -- Detecting CXX compiler ABI info
[0.704s] -- Detecting CXX compiler ABI info - done
[0.729s] -- Detecting CXX compile features
[0.730s] -- Detecting CXX compile features - done
[0.736s] -- Found ament_cmake: 0.8.1 (/opt/ros/foxy/share/ament_cmake/cmake)
[0.782s] -- Found PythonInterp: /usr/bin/python3 (found suitable version "3.8.2", minimum required is "3") 
[0.782s] -- Using PYTHON_EXECUTABLE: /usr/bin/python3
[1.134s] -- Found rclcpp: 0.8.3 (/opt/ros/foxy/share/rclcpp/cmake)
[1.232s] -- Found rosidl_adapter: 0.8.2 (/opt/ros/foxy/share/rosidl_adapter/cmake)
[1.276s] -- Found rmw_implementation_cmake: 0.8.1 (/opt/ros/foxy/share/rmw_implementation_cmake/cmake)
[1.279s] -- Using RMW implementation 'rmw_fastrtps_cpp' as default
[1.280s] -- Looking for pthread.h
[1.389s] -- Looking for pthread.h - found
[1.389s] -- Performing Test CMAKE_HAVE_LIBC_PTHREAD
[1.503s] -- Performing Test CMAKE_HAVE_LIBC_PTHREAD - Failed
[1.503s] -- Looking for pthread_create in pthreads
[1.588s] -- Looking for pthread_create in pthreads - not found
[1.588s] -- Looking for pthread_create in pthread
[1.690s] -- Looking for pthread_create in pthread - found
[1.691s] -- Found Threads: TRUE  
[1.834s] -- Found std_msgs: 0.8.1 (/opt/ros/foxy/share/std_msgs/cmake)
[1.845s] -- Found sensor_msgs: 0.8.1 (/opt/ros/foxy/share/sensor_msgs/cmake)
[1.873s] -- Found test_interfaces: 0.0.0 (/ros2_test/AD_Middle_Test/ros2/install/test_interfaces/share/test_interfaces/cmake)
[1.889s] -- Found message_filters: 3.2.3 (/opt/ros/foxy/share/message_filters/cmake)
[1.916s] -- Found OpenCV: /usr/local (found version "3.4.10") 
[2.037s] -- Found ament_lint_auto: 0.9.1 (/opt/ros/foxy/share/ament_lint_auto/cmake)
[2.176s] -- Added test 'copyright' to check for copyright in CMake / C / C++ / Python code
[2.179s] -- Added test 'cppcheck' to perform static code analysis on C / C++ code
[2.180s] -- Configured cppcheck include dirs: /ros2_test/AD_Middle_Test/ros2/src/detect_s/include
[2.182s] -- Added test 'cpplint' to check C / C++ code against the Google style
[2.184s] -- Added test 'lint_cmake' to check CMake code style
[2.186s] -- Added test 'uncrustify' to check C / C++ code style
[2.187s] -- Added test 'xmllint' to check XML markup files
[2.192s] -- Configuring done
[2.250s] -- Generating done
[2.252s] -- Build files have been written to: /ros2_test/AD_Middle_Test/ros2/src/build/detect_s
[2.323s] [35m[1mScanning dependencies of target yoloDetect[0m
[2.324s] [35m[1mScanning dependencies of target cameraTimer[0m
[2.385s] [ 25%] [32mBuilding CXX object CMakeFiles/cameraTimer.dir/src/CameraTimer.cpp.o[0m
[2.390s] [ 50%] [32mBuilding CXX object CMakeFiles/yoloDetect.dir/src/YoloDetect.cpp.o[0m
[10.002s] [ 75%] [32m[1mLinking CXX executable cameraTimer[0m
[11.071s] [ 75%] Built target cameraTimer
