[0.308s] DEBUG:colcon:Command line arguments: ['/usr/bin/colcon', 'build']
[0.308s] DEBUG:colcon:Parsed command line arguments: Namespace(ament_cmake_args=None, base_paths=['.'], build_base='build', catkin_cmake_args=None, catkin_skip_building_tests=False, cmake_args=None, cmake_clean_cache=False, cmake_clean_first=False, cmake_force_configure=False, cmake_target=None, cmake_target_skip_unavailable=False, continue_on_error=False, event_handlers=None, executor='parallel', ignore_user_meta=False, install_base='install', log_base=None, log_level=None, main=<bound method BuildVerb.main of <colcon_core.verb.build.BuildVerb object at 0x7ffaa201a400>>, merge_install=False, metas=['./colcon.meta'], mixin=None, mixin_files=None, mixin_verb=('build',), packages_above=None, packages_above_depth=None, packages_end=None, packages_ignore=None, packages_ignore_regex=None, packages_select=None, packages_select_build_failed=False, packages_select_by_dep=None, packages_select_regex=None, packages_select_test_failures=False, packages_skip=None, packages_skip_build_finished=False, packages_skip_by_dep=None, packages_skip_regex=None, packages_skip_test_passed=False, packages_skip_up_to=None, packages_start=None, packages_up_to=None, parallel_workers=5, paths=None, symlink_install=False, test_result_base=None, verb_extension=<colcon_core.verb.build.BuildVerb object at 0x7ffaa201a400>, verb_name='build', verb_parser=<colcon_mixin.mixin.mixin_argument.MixinArgumentDecorator object at 0x7ffaa201a9d0>)
[0.377s] Level 1:colcon.colcon_core.package_discovery:discover_packages(colcon_meta) check parameters
[0.378s] INFO:colcon.colcon_metadata.package_discovery.colcon_meta:Using configuration from '/root/.colcon/metadata/default/Gazebo.meta'
[0.379s] INFO:colcon.colcon_metadata.package_discovery.colcon_meta:Using configuration from '/root/.colcon/metadata/default/fastrtps.meta'
[0.379s] Level 1:colcon.colcon_core.package_discovery:discover_packages(recursive) check parameters
[0.379s] Level 1:colcon.colcon_core.package_discovery:discover_packages(ignore) check parameters
[0.379s] Level 1:colcon.colcon_core.package_discovery:discover_packages(path) check parameters
[0.379s] Level 1:colcon.colcon_core.package_discovery:discover_packages(colcon_meta) discover
[0.380s] Level 1:colcon.colcon_core.package_discovery:discover_packages(recursive) discover
[0.380s] INFO:colcon.colcon_core.package_discovery:Crawling recursively for packages in '/ros2_test/AD_Middle_Test/ros2'
[0.380s] Level 1:colcon.colcon_core.package_identification:_identify(.) by extensions ['ignore', 'ignore_ament_install']
[0.380s] Level 1:colcon.colcon_core.package_identification:_identify(.) by extension 'ignore'
[0.380s] Level 1:colcon.colcon_core.package_identification:_identify(.) by extension 'ignore_ament_install'
[0.380s] Level 1:colcon.colcon_core.package_identification:_identify(.) by extensions ['colcon_pkg']
[0.380s] Level 1:colcon.colcon_core.package_identification:_identify(.) by extension 'colcon_pkg'
[0.380s] Level 1:colcon.colcon_core.package_identification:_identify(.) by extensions ['colcon_meta']
[0.380s] Level 1:colcon.colcon_core.package_identification:_identify(.) by extension 'colcon_meta'
[0.380s] Level 1:colcon.colcon_core.package_identification:_identify(.) by extensions ['ros']
[0.381s] Level 1:colcon.colcon_core.package_identification:_identify(.) by extension 'ros'
[0.401s] Level 1:colcon.colcon_core.package_identification:_identify(.) by extensions ['cmake', 'python']
[0.401s] Level 1:colcon.colcon_core.package_identification:_identify(.) by extension 'cmake'
[0.401s] Level 1:colcon.colcon_core.package_identification:_identify(.) by extension 'python'
[0.401s] Level 1:colcon.colcon_core.package_identification:_identify(.) by extensions ['python_setup_py']
[0.401s] Level 1:colcon.colcon_core.package_identification:_identify(.) by extension 'python_setup_py'
[0.401s] Level 1:colcon.colcon_core.package_identification:_identify(build) by extensions ['ignore', 'ignore_ament_install']
[0.402s] Level 1:colcon.colcon_core.package_identification:_identify(build) by extension 'ignore'
[0.402s] Level 1:colcon.colcon_core.package_identification:_identify(build) ignored
[0.402s] Level 1:colcon.colcon_core.package_identification:_identify(install) by extensions ['ignore', 'ignore_ament_install']
[0.402s] Level 1:colcon.colcon_core.package_identification:_identify(install) by extension 'ignore'
[0.402s] Level 1:colcon.colcon_core.package_identification:_identify(install) ignored
[0.402s] Level 1:colcon.colcon_core.package_identification:_identify(log) by extensions ['ignore', 'ignore_ament_install']
[0.403s] Level 1:colcon.colcon_core.package_identification:_identify(log) by extension 'ignore'
[0.403s] Level 1:colcon.colcon_core.package_identification:_identify(log) ignored
[0.403s] Level 1:colcon.colcon_core.package_identification:_identify(src) by extensions ['ignore', 'ignore_ament_install']
[0.403s] Level 1:colcon.colcon_core.package_identification:_identify(src) by extension 'ignore'
[0.403s] Level 1:colcon.colcon_core.package_identification:_identify(src) by extension 'ignore_ament_install'
[0.403s] Level 1:colcon.colcon_core.package_identification:_identify(src) by extensions ['colcon_pkg']
[0.403s] Level 1:colcon.colcon_core.package_identification:_identify(src) by extension 'colcon_pkg'
[0.403s] Level 1:colcon.colcon_core.package_identification:_identify(src) by extensions ['colcon_meta']
[0.403s] Level 1:colcon.colcon_core.package_identification:_identify(src) by extension 'colcon_meta'
[0.404s] Level 1:colcon.colcon_core.package_identification:_identify(src) by extensions ['ros']
[0.404s] Level 1:colcon.colcon_core.package_identification:_identify(src) by extension 'ros'
[0.404s] Level 1:colcon.colcon_core.package_identification:_identify(src) by extensions ['cmake', 'python']
[0.404s] Level 1:colcon.colcon_core.package_identification:_identify(src) by extension 'cmake'
[0.404s] Level 1:colcon.colcon_core.package_identification:_identify(src) by extension 'python'
[0.404s] Level 1:colcon.colcon_core.package_identification:_identify(src) by extensions ['python_setup_py']
[0.404s] Level 1:colcon.colcon_core.package_identification:_identify(src) by extension 'python_setup_py'
[0.404s] Level 1:colcon.colcon_core.package_identification:_identify(src/build) by extensions ['ignore', 'ignore_ament_install']
[0.404s] Level 1:colcon.colcon_core.package_identification:_identify(src/build) by extension 'ignore'
[0.404s] Level 1:colcon.colcon_core.package_identification:_identify(src/build) ignored
[0.405s] Level 1:colcon.colcon_core.package_identification:_identify(src/detect_s) by extensions ['ignore', 'ignore_ament_install']
[0.405s] Level 1:colcon.colcon_core.package_identification:_identify(src/detect_s) by extension 'ignore'
[0.405s] Level 1:colcon.colcon_core.package_identification:_identify(src/detect_s) by extension 'ignore_ament_install'
[0.405s] Level 1:colcon.colcon_core.package_identification:_identify(src/detect_s) by extensions ['colcon_pkg']
[0.405s] Level 1:colcon.colcon_core.package_identification:_identify(src/detect_s) by extension 'colcon_pkg'
[0.405s] Level 1:colcon.colcon_core.package_identification:_identify(src/detect_s) by extensions ['colcon_meta']
[0.405s] Level 1:colcon.colcon_core.package_identification:_identify(src/detect_s) by extension 'colcon_meta'
[0.405s] Level 1:colcon.colcon_core.package_identification:_identify(src/detect_s) by extensions ['ros']
[0.405s] Level 1:colcon.colcon_core.package_identification:_identify(src/detect_s) by extension 'ros'
[0.409s] DEBUG:colcon.colcon_core.package_identification:Package 'src/detect_s' with type 'ros.ament_cmake' and name 'detect_s'
[0.409s] Level 1:colcon.colcon_core.package_identification:_identify(src/install) by extensions ['ignore', 'ignore_ament_install']
[0.409s] Level 1:colcon.colcon_core.package_identification:_identify(src/install) by extension 'ignore'
[0.409s] Level 1:colcon.colcon_core.package_identification:_identify(src/install) ignored
[0.410s] Level 1:colcon.colcon_core.package_identification:_identify(src/log) by extensions ['ignore', 'ignore_ament_install']
[0.410s] Level 1:colcon.colcon_core.package_identification:_identify(src/log) by extension 'ignore'
[0.410s] Level 1:colcon.colcon_core.package_identification:_identify(src/log) ignored
[0.410s] Level 1:colcon.colcon_core.package_identification:_identify(src/ros_tutorials) by extensions ['ignore', 'ignore_ament_install']
[0.410s] Level 1:colcon.colcon_core.package_identification:_identify(src/ros_tutorials) by extension 'ignore'
[0.411s] Level 1:colcon.colcon_core.package_identification:_identify(src/ros_tutorials) by extension 'ignore_ament_install'
[0.411s] Level 1:colcon.colcon_core.package_identification:_identify(src/ros_tutorials) by extensions ['colcon_pkg']
[0.411s] Level 1:colcon.colcon_core.package_identification:_identify(src/ros_tutorials) by extension 'colcon_pkg'
[0.411s] Level 1:colcon.colcon_core.package_identification:_identify(src/ros_tutorials) by extensions ['colcon_meta']
[0.411s] Level 1:colcon.colcon_core.package_identification:_identify(src/ros_tutorials) by extension 'colcon_meta'
[0.411s] Level 1:colcon.colcon_core.package_identification:_identify(src/ros_tutorials) by extensions ['ros']
[0.411s] Level 1:colcon.colcon_core.package_identification:_identify(src/ros_tutorials) by extension 'ros'
[0.411s] Level 1:colcon.colcon_core.package_identification:_identify(src/ros_tutorials) by extensions ['cmake', 'python']
[0.411s] Level 1:colcon.colcon_core.package_identification:_identify(src/ros_tutorials) by extension 'cmake'
[0.411s] Level 1:colcon.colcon_core.package_identification:_identify(src/ros_tutorials) by extension 'python'
[0.411s] Level 1:colcon.colcon_core.package_identification:_identify(src/ros_tutorials) by extensions ['python_setup_py']
[0.411s] Level 1:colcon.colcon_core.package_identification:_identify(src/ros_tutorials) by extension 'python_setup_py'
[0.412s] Level 1:colcon.colcon_core.package_identification:_identify(src/ros_tutorials/ros_tutorials) by extensions ['ignore', 'ignore_ament_install']
[0.412s] Level 1:colcon.colcon_core.package_identification:_identify(src/ros_tutorials/ros_tutorials) by extension 'ignore'
[0.412s] Level 1:colcon.colcon_core.package_identification:_identify(src/ros_tutorials/ros_tutorials) ignored
[0.412s] Level 1:colcon.colcon_core.package_identification:_identify(src/ros_tutorials/roscpp_tutorials) by extensions ['ignore', 'ignore_ament_install']
[0.412s] Level 1:colcon.colcon_core.package_identification:_identify(src/ros_tutorials/roscpp_tutorials) by extension 'ignore'
[0.412s] Level 1:colcon.colcon_core.package_identification:_identify(src/ros_tutorials/roscpp_tutorials) ignored
[0.413s] Level 1:colcon.colcon_core.package_identification:_identify(src/ros_tutorials/rospy_tutorials) by extensions ['ignore', 'ignore_ament_install']
[0.413s] Level 1:colcon.colcon_core.package_identification:_identify(src/ros_tutorials/rospy_tutorials) by extension 'ignore'
[0.413s] Level 1:colcon.colcon_core.package_identification:_identify(src/ros_tutorials/rospy_tutorials) ignored
[0.413s] Level 1:colcon.colcon_core.package_identification:_identify(src/ros_tutorials/turtlesim) by extensions ['ignore', 'ignore_ament_install']
[0.413s] Level 1:colcon.colcon_core.package_identification:_identify(src/ros_tutorials/turtlesim) by extension 'ignore'
[0.413s] Level 1:colcon.colcon_core.package_identification:_identify(src/ros_tutorials/turtlesim) by extension 'ignore_ament_install'
[0.413s] Level 1:colcon.colcon_core.package_identification:_identify(src/ros_tutorials/turtlesim) by extensions ['colcon_pkg']
[0.413s] Level 1:colcon.colcon_core.package_identification:_identify(src/ros_tutorials/turtlesim) by extension 'colcon_pkg'
[0.414s] Level 1:colcon.colcon_core.package_identification:_identify(src/ros_tutorials/turtlesim) by extensions ['colcon_meta']
[0.414s] Level 1:colcon.colcon_core.package_identification:_identify(src/ros_tutorials/turtlesim) by extension 'colcon_meta'
[0.414s] Level 1:colcon.colcon_core.package_identification:_identify(src/ros_tutorials/turtlesim) by extensions ['ros']
[0.414s] Level 1:colcon.colcon_core.package_identification:_identify(src/ros_tutorials/turtlesim) by extension 'ros'
[0.416s] DEBUG:colcon.colcon_core.package_identification:Package 'src/ros_tutorials/turtlesim' with type 'ros.ament_cmake' and name 'turtlesim'
[0.416s] Level 1:colcon.colcon_core.package_identification:_identify(src/simple_s) by extensions ['ignore', 'ignore_ament_install']
[0.417s] Level 1:colcon.colcon_core.package_identification:_identify(src/simple_s) by extension 'ignore'
[0.417s] Level 1:colcon.colcon_core.package_identification:_identify(src/simple_s) by extension 'ignore_ament_install'
[0.417s] Level 1:colcon.colcon_core.package_identification:_identify(src/simple_s) by extensions ['colcon_pkg']
[0.417s] Level 1:colcon.colcon_core.package_identification:_identify(src/simple_s) by extension 'colcon_pkg'
[0.417s] Level 1:colcon.colcon_core.package_identification:_identify(src/simple_s) by extensions ['colcon_meta']
[0.417s] Level 1:colcon.colcon_core.package_identification:_identify(src/simple_s) by extension 'colcon_meta'
[0.417s] Level 1:colcon.colcon_core.package_identification:_identify(src/simple_s) by extensions ['ros']
[0.417s] Level 1:colcon.colcon_core.package_identification:_identify(src/simple_s) by extension 'ros'
[0.418s] DEBUG:colcon.colcon_core.package_identification:Package 'src/simple_s' with type 'ros.ament_cmake' and name 'simple_s'
[0.419s] Level 1:colcon.colcon_core.package_identification:_identify(src/test_interfaces) by extensions ['ignore', 'ignore_ament_install']
[0.419s] Level 1:colcon.colcon_core.package_identification:_identify(src/test_interfaces) by extension 'ignore'
[0.419s] Level 1:colcon.colcon_core.package_identification:_identify(src/test_interfaces) by extension 'ignore_ament_install'
[0.419s] Level 1:colcon.colcon_core.package_identification:_identify(src/test_interfaces) by extensions ['colcon_pkg']
[0.419s] Level 1:colcon.colcon_core.package_identification:_identify(src/test_interfaces) by extension 'colcon_pkg'
[0.419s] Level 1:colcon.colcon_core.package_identification:_identify(src/test_interfaces) by extensions ['colcon_meta']
[0.419s] Level 1:colcon.colcon_core.package_identification:_identify(src/test_interfaces) by extension 'colcon_meta'
[0.419s] Level 1:colcon.colcon_core.package_identification:_identify(src/test_interfaces) by extensions ['ros']
[0.419s] Level 1:colcon.colcon_core.package_identification:_identify(src/test_interfaces) by extension 'ros'
[0.420s] DEBUG:colcon.colcon_core.package_identification:Package 'src/test_interfaces' with type 'ros.ament_cmake' and name 'test_interfaces'
[0.420s] Level 1:colcon.colcon_core.package_discovery:discover_packages(recursive) using defaults
[0.420s] Level 1:colcon.colcon_core.package_discovery:discover_packages(ignore) discover
[0.420s] Level 1:colcon.colcon_core.package_discovery:discover_packages(ignore) using defaults
[0.421s] Level 1:colcon.colcon_core.package_discovery:discover_packages(path) discover
[0.421s] Level 1:colcon.colcon_core.package_discovery:discover_packages(path) using defaults
[0.430s] Level 5:colcon.colcon_core.verb:set package 'detect_s' build argument 'cmake_args' from command line to 'None'
[0.431s] Level 5:colcon.colcon_core.verb:set package 'detect_s' build argument 'cmake_target' from command line to 'None'
[0.431s] Level 5:colcon.colcon_core.verb:set package 'detect_s' build argument 'cmake_target_skip_unavailable' from command line to 'False'
[0.431s] Level 5:colcon.colcon_core.verb:set package 'detect_s' build argument 'cmake_clean_cache' from command line to 'False'
[0.431s] Level 5:colcon.colcon_core.verb:set package 'detect_s' build argument 'cmake_clean_first' from command line to 'False'
[0.431s] Level 5:colcon.colcon_core.verb:set package 'detect_s' build argument 'cmake_force_configure' from command line to 'False'
[0.431s] Level 5:colcon.colcon_core.verb:set package 'detect_s' build argument 'ament_cmake_args' from command line to 'None'
[0.431s] Level 5:colcon.colcon_core.verb:set package 'detect_s' build argument 'catkin_cmake_args' from command line to 'None'
[0.431s] Level 5:colcon.colcon_core.verb:set package 'detect_s' build argument 'catkin_skip_building_tests' from command line to 'False'
[0.431s] DEBUG:colcon.colcon_core.verb:Building package 'detect_s' with the following arguments: {'ament_cmake_args': None, 'build_base': '/ros2_test/AD_Middle_Test/ros2/build/detect_s', 'catkin_cmake_args': None, 'catkin_skip_building_tests': False, 'cmake_args': None, 'cmake_clean_cache': False, 'cmake_clean_first': False, 'cmake_force_configure': False, 'cmake_target': None, 'cmake_target_skip_unavailable': False, 'install_base': '/ros2_test/AD_Middle_Test/ros2/install/detect_s', 'merge_install': False, 'path': '/ros2_test/AD_Middle_Test/ros2/src/detect_s', 'symlink_install': False, 'test_result_base': None}
[0.436s] Level 5:colcon.colcon_core.verb:set package 'test_interfaces' build argument 'cmake_args' from command line to 'None'
[0.436s] Level 5:colcon.colcon_core.verb:set package 'test_interfaces' build argument 'cmake_target' from command line to 'None'
[0.436s] Level 5:colcon.colcon_core.verb:set package 'test_interfaces' build argument 'cmake_target_skip_unavailable' from command line to 'False'
[0.436s] Level 5:colcon.colcon_core.verb:set package 'test_interfaces' build argument 'cmake_clean_cache' from command line to 'False'
[0.437s] Level 5:colcon.colcon_core.verb:set package 'test_interfaces' build argument 'cmake_clean_first' from command line to 'False'
[0.437s] Level 5:colcon.colcon_core.verb:set package 'test_interfaces' build argument 'cmake_force_configure' from command line to 'False'
[0.437s] Level 5:colcon.colcon_core.verb:set package 'test_interfaces' build argument 'ament_cmake_args' from command line to 'None'
[0.437s] Level 5:colcon.colcon_core.verb:set package 'test_interfaces' build argument 'catkin_cmake_args' from command line to 'None'
[0.437s] Level 5:colcon.colcon_core.verb:set package 'test_interfaces' build argument 'catkin_skip_building_tests' from command line to 'False'
[0.437s] DEBUG:colcon.colcon_core.verb:Building package 'test_interfaces' with the following arguments: {'ament_cmake_args': None, 'build_base': '/ros2_test/AD_Middle_Test/ros2/build/test_interfaces', 'catkin_cmake_args': None, 'catkin_skip_building_tests': False, 'cmake_args': None, 'cmake_clean_cache': False, 'cmake_clean_first': False, 'cmake_force_configure': False, 'cmake_target': None, 'cmake_target_skip_unavailable': False, 'install_base': '/ros2_test/AD_Middle_Test/ros2/install/test_interfaces', 'merge_install': False, 'path': '/ros2_test/AD_Middle_Test/ros2/src/test_interfaces', 'symlink_install': False, 'test_result_base': None}
[0.442s] Level 5:colcon.colcon_core.verb:set package 'turtlesim' build argument 'cmake_args' from command line to 'None'
[0.442s] Level 5:colcon.colcon_core.verb:set package 'turtlesim' build argument 'cmake_target' from command line to 'None'
[0.442s] Level 5:colcon.colcon_core.verb:set package 'turtlesim' build argument 'cmake_target_skip_unavailable' from command line to 'False'
[0.442s] Level 5:colcon.colcon_core.verb:set package 'turtlesim' build argument 'cmake_clean_cache' from command line to 'False'
[0.442s] Level 5:colcon.colcon_core.verb:set package 'turtlesim' build argument 'cmake_clean_first' from command line to 'False'
[0.442s] Level 5:colcon.colcon_core.verb:set package 'turtlesim' build argument 'cmake_force_configure' from command line to 'False'
[0.442s] Level 5:colcon.colcon_core.verb:set package 'turtlesim' build argument 'ament_cmake_args' from command line to 'None'
[0.442s] Level 5:colcon.colcon_core.verb:set package 'turtlesim' build argument 'catkin_cmake_args' from command line to 'None'
[0.443s] Level 5:colcon.colcon_core.verb:set package 'turtlesim' build argument 'catkin_skip_building_tests' from command line to 'False'
[0.443s] DEBUG:colcon.colcon_core.verb:Building package 'turtlesim' with the following arguments: {'ament_cmake_args': None, 'build_base': '/ros2_test/AD_Middle_Test/ros2/build/turtlesim', 'catkin_cmake_args': None, 'catkin_skip_building_tests': False, 'cmake_args': None, 'cmake_clean_cache': False, 'cmake_clean_first': False, 'cmake_force_configure': False, 'cmake_target': None, 'cmake_target_skip_unavailable': False, 'install_base': '/ros2_test/AD_Middle_Test/ros2/install/turtlesim', 'merge_install': False, 'path': '/ros2_test/AD_Middle_Test/ros2/src/ros_tutorials/turtlesim', 'symlink_install': False, 'test_result_base': None}
[0.448s] Level 5:colcon.colcon_core.verb:set package 'simple_s' build argument 'cmake_args' from command line to 'None'
[0.448s] Level 5:colcon.colcon_core.verb:set package 'simple_s' build argument 'cmake_target' from command line to 'None'
[0.448s] Level 5:colcon.colcon_core.verb:set package 'simple_s' build argument 'cmake_target_skip_unavailable' from command line to 'False'
[0.448s] Level 5:colcon.colcon_core.verb:set package 'simple_s' build argument 'cmake_clean_cache' from command line to 'False'
[0.448s] Level 5:colcon.colcon_core.verb:set package 'simple_s' build argument 'cmake_clean_first' from command line to 'False'
[0.448s] Level 5:colcon.colcon_core.verb:set package 'simple_s' build argument 'cmake_force_configure' from command line to 'False'
[0.448s] Level 5:colcon.colcon_core.verb:set package 'simple_s' build argument 'ament_cmake_args' from command line to 'None'
[0.448s] Level 5:colcon.colcon_core.verb:set package 'simple_s' build argument 'catkin_cmake_args' from command line to 'None'
[0.448s] Level 5:colcon.colcon_core.verb:set package 'simple_s' build argument 'catkin_skip_building_tests' from command line to 'False'
[0.448s] DEBUG:colcon.colcon_core.verb:Building package 'simple_s' with the following arguments: {'ament_cmake_args': None, 'build_base': '/ros2_test/AD_Middle_Test/ros2/build/simple_s', 'catkin_cmake_args': None, 'catkin_skip_building_tests': False, 'cmake_args': None, 'cmake_clean_cache': False, 'cmake_clean_first': False, 'cmake_force_configure': False, 'cmake_target': None, 'cmake_target_skip_unavailable': False, 'install_base': '/ros2_test/AD_Middle_Test/ros2/install/simple_s', 'merge_install': False, 'path': '/ros2_test/AD_Middle_Test/ros2/src/simple_s', 'symlink_install': False, 'test_result_base': None}
[0.449s] INFO:colcon.colcon_core.executor:Executing jobs using 'parallel' executor
[0.452s] DEBUG:colcon.colcon_parallel_executor.executor.parallel:run_until_complete
[0.453s] INFO:colcon.colcon_ros.task.ament_cmake.build:Building ROS package in '/ros2_test/AD_Middle_Test/ros2/src/test_interfaces' with build type 'ament_cmake'
[0.459s] INFO:colcon.colcon_core.plugin_system:Skipping extension 'colcon_core.shell.bat': Not used on non-Windows systems
[0.459s] INFO:colcon.colcon_cmake.task.cmake.build:Building CMake package in '/ros2_test/AD_Middle_Test/ros2/src/test_interfaces'
[0.460s] INFO:colcon.colcon_core.shell:Skip shell extension 'powershell' for command environment: Not usable outside of PowerShell
[0.460s] DEBUG:colcon.colcon_core.shell:Skip shell extension 'dsv' for command environment
[0.474s] INFO:colcon.colcon_ros.task.ament_cmake.build:Building ROS package in '/ros2_test/AD_Middle_Test/ros2/src/detect_s' with build type 'ament_cmake'
[0.475s] INFO:colcon.colcon_cmake.task.cmake.build:Building CMake package in '/ros2_test/AD_Middle_Test/ros2/src/detect_s'
[0.476s] INFO:colcon.colcon_core.shell:Skip shell extension 'powershell' for command environment: Not usable outside of PowerShell
[0.477s] DEBUG:colcon.colcon_core.shell:Skip shell extension 'dsv' for command environment
[0.488s] INFO:colcon.colcon_ros.task.ament_cmake.build:Building ROS package in '/ros2_test/AD_Middle_Test/ros2/src/ros_tutorials/turtlesim' with build type 'ament_cmake'
[0.490s] INFO:colcon.colcon_cmake.task.cmake.build:Building CMake package in '/ros2_test/AD_Middle_Test/ros2/src/ros_tutorials/turtlesim'
[0.491s] INFO:colcon.colcon_core.shell:Skip shell extension 'powershell' for command environment: Not usable outside of PowerShell
[0.491s] DEBUG:colcon.colcon_core.shell:Skip shell extension 'dsv' for command environment
[0.510s] DEBUG:colcon.colcon_core.event_handler.log_command:Invoking command in '/ros2_test/AD_Middle_Test/ros2/build/test_interfaces': /usr/bin/cmake --build /ros2_test/AD_Middle_Test/ros2/build/test_interfaces -- -j5 -l5
[0.520s] DEBUG:colcon.colcon_core.event_handler.log_command:Invoking command in '/ros2_test/AD_Middle_Test/ros2/build/detect_s': /usr/bin/cmake --build /ros2_test/AD_Middle_Test/ros2/build/detect_s -- -j5 -l5
[0.530s] DEBUG:colcon.colcon_core.event_handler.log_command:Invoking command in '/ros2_test/AD_Middle_Test/ros2/build/turtlesim': /usr/bin/cmake --build /ros2_test/AD_Middle_Test/ros2/build/turtlesim -- -j5 -l5
[0.898s] DEBUG:colcon.colcon_core.event_handler.log_command:Invoked command in '/ros2_test/AD_Middle_Test/ros2/build/test_interfaces' returned '0': /usr/bin/cmake --build /ros2_test/AD_Middle_Test/ros2/build/test_interfaces -- -j5 -l5
[0.981s] DEBUG:colcon.colcon_core.event_handler.log_command:Invoked command in '/ros2_test/AD_Middle_Test/ros2/build/turtlesim' returned '0': /usr/bin/cmake --build /ros2_test/AD_Middle_Test/ros2/build/turtlesim -- -j5 -l5
[1.021s] DEBUG:colcon.colcon_core.event_handler.log_command:Invoking command in '/ros2_test/AD_Middle_Test/ros2/build/test_interfaces': /usr/bin/cmake --install /ros2_test/AD_Middle_Test/ros2/build/test_interfaces
[1.109s] Level 1:colcon.colcon_core.environment:create_environment_scripts_only(test_interfaces)
[1.111s] DEBUG:colcon.colcon_core.event_handler.log_command:Invoked command in '/ros2_test/AD_Middle_Test/ros2/build/test_interfaces' returned '0': /usr/bin/cmake --install /ros2_test/AD_Middle_Test/ros2/build/test_interfaces
[1.116s] Level 1:colcon.colcon_core.environment:checking '/ros2_test/AD_Middle_Test/ros2/install/test_interfaces' for CMake module files
[1.117s] Level 1:colcon.colcon_core.environment:checking '/ros2_test/AD_Middle_Test/ros2/install/test_interfaces' for CMake config files
[1.117s] Level 1:colcon.colcon_core.shell:create_environment_hook('test_interfaces', 'cmake_prefix_path')
[1.118s] INFO:colcon.colcon_core.shell:Creating environment hook '/ros2_test/AD_Middle_Test/ros2/install/test_interfaces/share/test_interfaces/hook/cmake_prefix_path.ps1'
[1.119s] INFO:colcon.colcon_core.shell:Creating environment descriptor '/ros2_test/AD_Middle_Test/ros2/install/test_interfaces/share/test_interfaces/hook/cmake_prefix_path.dsv'
[1.120s] INFO:colcon.colcon_core.shell:Creating environment hook '/ros2_test/AD_Middle_Test/ros2/install/test_interfaces/share/test_interfaces/hook/cmake_prefix_path.sh'
[1.122s] Level 1:colcon.colcon_core.environment:checking '/ros2_test/AD_Middle_Test/ros2/install/test_interfaces/lib'
[1.122s] Level 1:colcon.colcon_core.shell:create_environment_hook('test_interfaces', 'ld_library_path_lib')
[1.123s] INFO:colcon.colcon_core.shell:Creating environment hook '/ros2_test/AD_Middle_Test/ros2/install/test_interfaces/share/test_interfaces/hook/ld_library_path_lib.ps1'
[1.124s] INFO:colcon.colcon_core.shell:Creating environment descriptor '/ros2_test/AD_Middle_Test/ros2/install/test_interfaces/share/test_interfaces/hook/ld_library_path_lib.dsv'
[1.124s] INFO:colcon.colcon_core.shell:Creating environment hook '/ros2_test/AD_Middle_Test/ros2/install/test_interfaces/share/test_interfaces/hook/ld_library_path_lib.sh'
[1.125s] Level 1:colcon.colcon_core.environment:checking '/ros2_test/AD_Middle_Test/ros2/install/test_interfaces/bin'
[1.125s] Level 1:colcon.colcon_core.environment:checking '/ros2_test/AD_Middle_Test/ros2/install/test_interfaces/lib/pkgconfig/test_interfaces.pc'
[1.125s] Level 1:colcon.colcon_core.environment:checking '/ros2_test/AD_Middle_Test/ros2/install/test_interfaces/lib/python3.8/site-packages'
[1.125s] Level 1:colcon.colcon_core.shell:create_environment_hook('test_interfaces', 'pythonpath')
[1.126s] INFO:colcon.colcon_core.shell:Creating environment hook '/ros2_test/AD_Middle_Test/ros2/install/test_interfaces/share/test_interfaces/hook/pythonpath.ps1'
[1.127s] INFO:colcon.colcon_core.shell:Creating environment descriptor '/ros2_test/AD_Middle_Test/ros2/install/test_interfaces/share/test_interfaces/hook/pythonpath.dsv'
[1.127s] INFO:colcon.colcon_core.shell:Creating environment hook '/ros2_test/AD_Middle_Test/ros2/install/test_interfaces/share/test_interfaces/hook/pythonpath.sh'
[1.129s] INFO:colcon.colcon_core.shell:Creating package script '/ros2_test/AD_Middle_Test/ros2/install/test_interfaces/share/test_interfaces/package.ps1'
[1.131s] INFO:colcon.colcon_core.shell:Creating package descriptor '/ros2_test/AD_Middle_Test/ros2/install/test_interfaces/share/test_interfaces/package.dsv'
[1.132s] INFO:colcon.colcon_core.shell:Creating package script '/ros2_test/AD_Middle_Test/ros2/install/test_interfaces/share/test_interfaces/package.sh'
[1.133s] INFO:colcon.colcon_core.shell:Creating package script '/ros2_test/AD_Middle_Test/ros2/install/test_interfaces/share/test_interfaces/package.bash'
[1.135s] INFO:colcon.colcon_core.shell:Creating package script '/ros2_test/AD_Middle_Test/ros2/install/test_interfaces/share/test_interfaces/package.zsh'
[1.136s] Level 1:colcon.colcon_core.environment:create_file_with_runtime_dependencies(/ros2_test/AD_Middle_Test/ros2/install/test_interfaces/share/colcon-core/packages/test_interfaces)
[1.137s] INFO:colcon.colcon_ros.task.ament_cmake.build:Building ROS package in '/ros2_test/AD_Middle_Test/ros2/src/simple_s' with build type 'ament_cmake'
[1.139s] INFO:colcon.colcon_cmake.task.cmake.build:Building CMake package in '/ros2_test/AD_Middle_Test/ros2/src/simple_s'
[1.139s] INFO:colcon.colcon_core.shell:Skip shell extension 'powershell' for command environment: Not usable outside of PowerShell
[1.140s] DEBUG:colcon.colcon_core.shell:Skip shell extension 'dsv' for command environment
[1.165s] DEBUG:colcon.colcon_core.event_handler.log_command:Invoking command in '/ros2_test/AD_Middle_Test/ros2/build/simple_s': /usr/bin/cmake --build /ros2_test/AD_Middle_Test/ros2/build/simple_s -- -j5 -l5
[1.255s] DEBUG:colcon.colcon_core.event_handler.log_command:Invoking command in '/ros2_test/AD_Middle_Test/ros2/build/turtlesim': /usr/bin/cmake --install /ros2_test/AD_Middle_Test/ros2/build/turtlesim
[1.274s] DEBUG:colcon.colcon_core.event_handler.log_command:Invoked command in '/ros2_test/AD_Middle_Test/ros2/build/simple_s' returned '0': /usr/bin/cmake --build /ros2_test/AD_Middle_Test/ros2/build/simple_s -- -j5 -l5
[1.327s] DEBUG:colcon.colcon_core.event_handler.log_command:Invoking command in '/ros2_test/AD_Middle_Test/ros2/build/simple_s': /usr/bin/cmake --install /ros2_test/AD_Middle_Test/ros2/build/simple_s
[1.346s] Level 1:colcon.colcon_core.environment:create_environment_scripts_only(simple_s)
[1.348s] Level 1:colcon.colcon_core.environment:checking '/ros2_test/AD_Middle_Test/ros2/install/simple_s' for CMake module files
[1.351s] Level 1:colcon.colcon_core.environment:checking '/ros2_test/AD_Middle_Test/ros2/install/simple_s' for CMake config files
[1.354s] Level 1:colcon.colcon_core.shell:create_environment_hook('simple_s', 'cmake_prefix_path')
[1.355s] INFO:colcon.colcon_core.shell:Creating environment hook '/ros2_test/AD_Middle_Test/ros2/install/simple_s/share/simple_s/hook/cmake_prefix_path.ps1'
[1.356s] INFO:colcon.colcon_core.shell:Creating environment descriptor '/ros2_test/AD_Middle_Test/ros2/install/simple_s/share/simple_s/hook/cmake_prefix_path.dsv'
[1.358s] INFO:colcon.colcon_core.shell:Creating environment hook '/ros2_test/AD_Middle_Test/ros2/install/simple_s/share/simple_s/hook/cmake_prefix_path.sh'
[1.359s] Level 1:colcon.colcon_core.environment:checking '/ros2_test/AD_Middle_Test/ros2/install/simple_s/lib'
[1.360s] Level 1:colcon.colcon_core.environment:checking '/ros2_test/AD_Middle_Test/ros2/install/simple_s/bin'
[1.360s] Level 1:colcon.colcon_core.environment:checking '/ros2_test/AD_Middle_Test/ros2/install/simple_s/lib/pkgconfig/simple_s.pc'
[1.360s] Level 1:colcon.colcon_core.environment:checking '/ros2_test/AD_Middle_Test/ros2/install/simple_s/lib/python3.8/site-packages'
[1.361s] INFO:colcon.colcon_core.shell:Creating package script '/ros2_test/AD_Middle_Test/ros2/install/simple_s/share/simple_s/package.ps1'
[1.363s] INFO:colcon.colcon_core.shell:Creating package descriptor '/ros2_test/AD_Middle_Test/ros2/install/simple_s/share/simple_s/package.dsv'
[1.363s] DEBUG:colcon.colcon_core.event_handler.log_command:Invoked command in '/ros2_test/AD_Middle_Test/ros2/build/simple_s' returned '0': /usr/bin/cmake --install /ros2_test/AD_Middle_Test/ros2/build/simple_s
[1.364s] INFO:colcon.colcon_core.shell:Creating package script '/ros2_test/AD_Middle_Test/ros2/install/simple_s/share/simple_s/package.sh'
[1.366s] INFO:colcon.colcon_core.shell:Creating package script '/ros2_test/AD_Middle_Test/ros2/install/simple_s/share/simple_s/package.bash'
[1.367s] INFO:colcon.colcon_core.shell:Creating package script '/ros2_test/AD_Middle_Test/ros2/install/simple_s/share/simple_s/package.zsh'
[1.368s] Level 1:colcon.colcon_core.environment:create_file_with_runtime_dependencies(/ros2_test/AD_Middle_Test/ros2/install/simple_s/share/colcon-core/packages/simple_s)
[1.370s] Level 1:colcon.colcon_core.environment:create_environment_scripts_only(turtlesim)
[1.371s] Level 1:colcon.colcon_core.environment:checking '/ros2_test/AD_Middle_Test/ros2/install/turtlesim' for CMake module files
[1.375s] Level 1:colcon.colcon_core.environment:checking '/ros2_test/AD_Middle_Test/ros2/install/turtlesim' for CMake config files
[1.376s] DEBUG:colcon.colcon_core.event_handler.log_command:Invoked command in '/ros2_test/AD_Middle_Test/ros2/build/turtlesim' returned '0': /usr/bin/cmake --install /ros2_test/AD_Middle_Test/ros2/build/turtlesim
[1.377s] Level 1:colcon.colcon_core.shell:create_environment_hook('turtlesim', 'cmake_prefix_path')
[1.378s] INFO:colcon.colcon_core.shell:Creating environment hook '/ros2_test/AD_Middle_Test/ros2/install/turtlesim/share/turtlesim/hook/cmake_prefix_path.ps1'
[1.378s] INFO:colcon.colcon_core.shell:Creating environment descriptor '/ros2_test/AD_Middle_Test/ros2/install/turtlesim/share/turtlesim/hook/cmake_prefix_path.dsv'
[1.379s] INFO:colcon.colcon_core.shell:Creating environment hook '/ros2_test/AD_Middle_Test/ros2/install/turtlesim/share/turtlesim/hook/cmake_prefix_path.sh'
[1.380s] Level 1:colcon.colcon_core.environment:checking '/ros2_test/AD_Middle_Test/ros2/install/turtlesim/lib'
[1.380s] Level 1:colcon.colcon_core.shell:create_environment_hook('turtlesim', 'ld_library_path_lib')
[1.381s] INFO:colcon.colcon_core.shell:Creating environment hook '/ros2_test/AD_Middle_Test/ros2/install/turtlesim/share/turtlesim/hook/ld_library_path_lib.ps1'
[1.381s] INFO:colcon.colcon_core.shell:Creating environment descriptor '/ros2_test/AD_Middle_Test/ros2/install/turtlesim/share/turtlesim/hook/ld_library_path_lib.dsv'
[1.382s] INFO:colcon.colcon_core.shell:Creating environment hook '/ros2_test/AD_Middle_Test/ros2/install/turtlesim/share/turtlesim/hook/ld_library_path_lib.sh'
[1.382s] Level 1:colcon.colcon_core.environment:checking '/ros2_test/AD_Middle_Test/ros2/install/turtlesim/bin'
[1.383s] Level 1:colcon.colcon_core.environment:checking '/ros2_test/AD_Middle_Test/ros2/install/turtlesim/lib/pkgconfig/turtlesim.pc'
[1.383s] Level 1:colcon.colcon_core.environment:checking '/ros2_test/AD_Middle_Test/ros2/install/turtlesim/lib/python3.8/site-packages'
[1.383s] Level 1:colcon.colcon_core.shell:create_environment_hook('turtlesim', 'pythonpath')
[1.384s] INFO:colcon.colcon_core.shell:Creating environment hook '/ros2_test/AD_Middle_Test/ros2/install/turtlesim/share/turtlesim/hook/pythonpath.ps1'
[1.384s] INFO:colcon.colcon_core.shell:Creating environment descriptor '/ros2_test/AD_Middle_Test/ros2/install/turtlesim/share/turtlesim/hook/pythonpath.dsv'
[1.385s] INFO:colcon.colcon_core.shell:Creating environment hook '/ros2_test/AD_Middle_Test/ros2/install/turtlesim/share/turtlesim/hook/pythonpath.sh'
[1.386s] INFO:colcon.colcon_core.shell:Creating package script '/ros2_test/AD_Middle_Test/ros2/install/turtlesim/share/turtlesim/package.ps1'
[1.387s] INFO:colcon.colcon_core.shell:Creating package descriptor '/ros2_test/AD_Middle_Test/ros2/install/turtlesim/share/turtlesim/package.dsv'
[1.388s] INFO:colcon.colcon_core.shell:Creating package script '/ros2_test/AD_Middle_Test/ros2/install/turtlesim/share/turtlesim/package.sh'
[1.389s] INFO:colcon.colcon_core.shell:Creating package script '/ros2_test/AD_Middle_Test/ros2/install/turtlesim/share/turtlesim/package.bash'
[1.390s] INFO:colcon.colcon_core.shell:Creating package script '/ros2_test/AD_Middle_Test/ros2/install/turtlesim/share/turtlesim/package.zsh'
[1.390s] Level 1:colcon.colcon_core.environment:create_file_with_runtime_dependencies(/ros2_test/AD_Middle_Test/ros2/install/turtlesim/share/colcon-core/packages/turtlesim)
[4.225s] DEBUG:colcon.colcon_core.event_handler.log_command:Invoked command in '/ros2_test/AD_Middle_Test/ros2/build/detect_s' returned '2': /usr/bin/cmake --build /ros2_test/AD_Middle_Test/ros2/build/detect_s -- -j5 -l5
[4.234s] DEBUG:colcon.colcon_parallel_executor.executor.parallel:closing loop
[4.235s] DEBUG:colcon.colcon_parallel_executor.executor.parallel:loop closed
[4.235s] DEBUG:colcon.colcon_parallel_executor.executor.parallel:run_until_complete finished with '2'
[4.235s] DEBUG:colcon.colcon_core.event_reactor:joining thread
[4.245s] INFO:colcon.colcon_core.plugin_system:Skipping extension 'colcon_notification.desktop_notification.notify_send': Could not find 'notify-send'
[4.245s] INFO:colcon.colcon_core.plugin_system:Skipping extension 'colcon_notification.desktop_notification.terminal_notifier': Not used on non-Darwin systems
[4.245s] INFO:colcon.colcon_core.plugin_system:Skipping extension 'colcon_notification.desktop_notification.win32': Not used on non-Windows systems
[4.245s] INFO:colcon.colcon_notification.desktop_notification:Sending desktop notification using 'notify2'
[4.245s] DEBUG:colcon.colcon_notification.desktop_notification.notify2:Failed to initialize notify2: org.freedesktop.DBus.Error.NotSupported: Unable to autolaunch a dbus-daemon without a $DISPLAY for X11
[4.245s] DEBUG:colcon.colcon_core.event_reactor:joined thread
[4.246s] INFO:colcon.colcon_core.shell:Creating prefix script '/ros2_test/AD_Middle_Test/ros2/install/local_setup.ps1'
[4.248s] INFO:colcon.colcon_core.shell:Creating prefix util module '/ros2_test/AD_Middle_Test/ros2/install/_local_setup_util_ps1.py'
[4.251s] INFO:colcon.colcon_core.shell:Creating prefix chain script '/ros2_test/AD_Middle_Test/ros2/install/setup.ps1'
[4.255s] INFO:colcon.colcon_core.shell:Creating prefix script '/ros2_test/AD_Middle_Test/ros2/install/local_setup.sh'
[4.256s] INFO:colcon.colcon_core.shell:Creating prefix util module '/ros2_test/AD_Middle_Test/ros2/install/_local_setup_util_sh.py'
[4.257s] INFO:colcon.colcon_core.shell:Creating prefix chain script '/ros2_test/AD_Middle_Test/ros2/install/setup.sh'
[4.261s] INFO:colcon.colcon_core.shell:Creating prefix script '/ros2_test/AD_Middle_Test/ros2/install/local_setup.bash'
[4.262s] INFO:colcon.colcon_core.shell:Creating prefix chain script '/ros2_test/AD_Middle_Test/ros2/install/setup.bash'
[4.267s] INFO:colcon.colcon_core.shell:Creating prefix script '/ros2_test/AD_Middle_Test/ros2/install/local_setup.zsh'
[4.267s] INFO:colcon.colcon_core.shell:Creating prefix chain script '/ros2_test/AD_Middle_Test/ros2/install/setup.zsh'
