[0.059s] -- Found ament_cmake: 0.8.1 (/opt/ros/foxy/share/ament_cmake/cmake)
[0.095s] -- Using PYTHON_EXECUTABLE: /usr/bin/python3
[0.386s] -- Found rclcpp: 0.8.3 (/opt/ros/foxy/share/rclcpp/cmake)
[0.443s] -- Found rosidl_adapter: 0.8.2 (/opt/ros/foxy/share/rosidl_adapter/cmake)
[0.473s] -- Found rmw_implementation_cmake: 0.8.1 (/opt/ros/foxy/share/rmw_implementation_cmake/cmake)
[0.476s] -- Using RMW implementation 'rmw_fastrtps_cpp' as default
[0.588s] -- Found std_msgs: 0.8.1 (/opt/ros/foxy/share/std_msgs/cmake)
[0.596s] -- Found test_interfaces: 0.0.0 (/ros2_test/AD_Middle_Test/ros2/src/install/test_interfaces/share/test_interfaces/cmake)
[0.604s] -- Found message_filters: 3.2.3 (/opt/ros/foxy/share/message_filters/cmake)
[0.708s] -- Found ament_lint_auto: 0.9.1 (/opt/ros/foxy/share/ament_lint_auto/cmake)
[0.818s] -- Added test 'copyright' to check for copyright in CMake / C / C++ / Python code
[0.820s] -- Added test 'cppcheck' to perform static code analysis on C / C++ code
[0.821s] -- Configured cppcheck include dirs: 
[0.822s] -- Added test 'cpplint' to check C / C++ code against the Google style
[0.823s] -- Added test 'lint_cmake' to check CMake code style
[0.825s] -- Added test 'uncrustify' to check C / C++ code style
[0.825s] -- Added test 'xmllint' to check XML markup files
[0.829s] -- Configuring done
[0.878s] -- Generating done
[0.880s] -- Build files have been written to: /ros2_test/AD_Middle_Test/ros2/src/build/simple_s
[0.918s] [35m[1mScanning dependencies of target intra_pipe[0m
[0.918s] [35m[1mScanning dependencies of target talker[0m
[0.919s] [35m[1mScanning dependencies of target listener[0m
[0.963s] [ 16%] [32mBuilding CXX object CMakeFiles/talker.dir/src/talker.cpp.o[0m
[0.964s] [ 33%] [32mBuilding CXX object CMakeFiles/listener.dir/src/listener.cpp.o[0m
[0.966s] [ 50%] [32mBuilding CXX object CMakeFiles/intra_pipe.dir/src/intra_pipe.cpp.o[0m
