[0.022s] Invoking command in '/ros2_test/AD_Middle_Test/ros2/build/simple_s': /usr/bin/cmake --build /ros2_test/AD_Middle_Test/ros2/build/simple_s -- -j4 -l4
[0.085s] [35m[1mScanning dependencies of target listener[0m
[0.114s] [ 33%] Built target intra_pipe
[0.122s] [ 50%] [32mBuilding CXX object CMakeFiles/listener.dir/src/listener.cpp.o[0m
[0.126s] [ 83%] Built target talker
[2.333s] [01m[K/ros2_test/AD_Middle_Test/ros2/src/simple_s/src/listener.cpp:[m[K In member function ‘[01m[Kvoid MinimalSubscriber::topic_callback(test_interfaces::msg::Test_<std::allocator<void> >::SharedPtr)[m[K’:
[2.333s] [01m[K/ros2_test/AD_Middle_Test/ros2/src/simple_s/src/listener.cpp:95:14:[m[K [01;35m[Kwarning: [m[Kcomparison of integer expressions of different signedness: ‘[01m[Kuint64_t[m[K’ {aka ‘[01m[Klong unsigned int[m[K’} and ‘[01m[Kint[m[K’ [[01;35m[K-Wsign-compare[m[K]
[2.333s]    95 |    if([01;35m[Krec_max<atoi(msg->header.frame_id.c_str())[m[K){
[2.334s]       |       [01;35m[K~~~~~~~^~~~~~~~~~~~~~~~~~~~~~~~~~~~~~~~~~~[m[K
[8.920s] [100%] [32m[1mLinking CXX executable listener[0m
[9.262s] [100%] Built target listener
[9.277s] Invoked command in '/ros2_test/AD_Middle_Test/ros2/build/simple_s' returned '0': /usr/bin/cmake --build /ros2_test/AD_Middle_Test/ros2/build/simple_s -- -j4 -l4
[9.317s] Invoking command in '/ros2_test/AD_Middle_Test/ros2/build/simple_s': /usr/bin/cmake --install /ros2_test/AD_Middle_Test/ros2/build/simple_s
[9.330s] -- Install configuration: ""
[9.330s] -- Installing: /ros2_test/AD_Middle_Test/ros2/install/simple_s/lib/simple_s/talker
[9.332s] -- Set runtime path of "/ros2_test/AD_Middle_Test/ros2/install/simple_s/lib/simple_s/talker" to ""
[9.332s] -- Installing: /ros2_test/AD_Middle_Test/ros2/install/simple_s/lib/simple_s/listener
[9.335s] -- Set runtime path of "/ros2_test/AD_Middle_Test/ros2/install/simple_s/lib/simple_s/listener" to ""
[9.336s] -- Installing: /ros2_test/AD_Middle_Test/ros2/install/simple_s/lib/simple_s/intra_pipe
[9.339s] -- Set runtime path of "/ros2_test/AD_Middle_Test/ros2/install/simple_s/lib/simple_s/intra_pipe" to ""
[9.339s] -- Up-to-date: /ros2_test/AD_Middle_Test/ros2/install/simple_s/share/ament_index/resource_index/package_run_dependencies/simple_s
[9.340s] -- Up-to-date: /ros2_test/AD_Middle_Test/ros2/install/simple_s/share/ament_index/resource_index/parent_prefix_path/simple_s
[9.340s] -- Up-to-date: /ros2_test/AD_Middle_Test/ros2/install/simple_s/share/simple_s/environment/ament_prefix_path.sh
[9.340s] -- Up-to-date: /ros2_test/AD_Middle_Test/ros2/install/simple_s/share/simple_s/environment/ament_prefix_path.dsv
[9.340s] -- Up-to-date: /ros2_test/AD_Middle_Test/ros2/install/simple_s/share/simple_s/environment/path.sh
[9.340s] -- Up-to-date: /ros2_test/AD_Middle_Test/ros2/install/simple_s/share/simple_s/environment/path.dsv
[9.341s] -- Up-to-date: /ros2_test/AD_Middle_Test/ros2/install/simple_s/share/simple_s/local_setup.bash
[9.341s] -- Up-to-date: /ros2_test/AD_Middle_Test/ros2/install/simple_s/share/simple_s/local_setup.sh
[9.341s] -- Up-to-date: /ros2_test/AD_Middle_Test/ros2/install/simple_s/share/simple_s/local_setup.zsh
[9.341s] -- Up-to-date: /ros2_test/AD_Middle_Test/ros2/install/simple_s/share/simple_s/local_setup.dsv
[9.341s] -- Installing: /ros2_test/AD_Middle_Test/ros2/install/simple_s/share/simple_s/package.dsv
[9.341s] -- Up-to-date: /ros2_test/AD_Middle_Test/ros2/install/simple_s/share/ament_index/resource_index/packages/simple_s
[9.342s] -- Up-to-date: /ros2_test/AD_Middle_Test/ros2/install/simple_s/share/simple_s/cmake/simple_sConfig.cmake
[9.342s] -- Up-to-date: /ros2_test/AD_Middle_Test/ros2/install/simple_s/share/simple_s/cmake/simple_sConfig-version.cmake
[9.342s] -- Up-to-date: /ros2_test/AD_Middle_Test/ros2/install/simple_s/share/simple_s/package.xml
[9.345s] Invoked command in '/ros2_test/AD_Middle_Test/ros2/build/simple_s' returned '0': /usr/bin/cmake --install /ros2_test/AD_Middle_Test/ros2/build/simple_s
