[0.103s] [35m[1mScanning dependencies of target cameraTimer[0m
[0.103s] [35m[1mScanning dependencies of target yoloDetect[0m
[0.162s] [ 25%] [32mBuilding CXX object CMakeFiles/yoloDetect.dir/src/YoloDetect.cpp.o[0m
[0.187s] [ 50%] [32mBuilding CXX object CMakeFiles/cameraTimer.dir/src/CameraTimer.cpp.o[0m
[5.159s] [ 75%] [32m[1mLinking CXX executable cameraTimer[0m
[5.693s] [ 75%] Built target cameraTimer
[6.496s] [100%] [32m[1mLinking CXX executable yoloDetect[0m
[7.073s] [100%] Built target yoloDetect
[7.137s] -- Install configuration: ""
[7.137s] -- Installing: /ros2_test/AD_Middle_Test/ros2/src/install/detect_s/lib/detect_s/cameraTimer
[7.139s] -- Set runtime path of "/ros2_test/AD_Middle_Test/ros2/src/install/detect_s/lib/detect_s/cameraTimer" to ""
[7.139s] -- Installing: /ros2_test/AD_Middle_Test/ros2/src/install/detect_s/lib/detect_s/yoloDetect
[7.141s] -- Set runtime path of "/ros2_test/AD_Middle_Test/ros2/src/install/detect_s/lib/detect_s/yoloDetect" to ""
[7.141s] -- Up-to-date: /ros2_test/AD_Middle_Test/ros2/src/install/detect_s/share/ament_index/resource_index/package_run_dependencies/detect_s
[7.141s] -- Up-to-date: /ros2_test/AD_Middle_Test/ros2/src/install/detect_s/share/ament_index/resource_index/parent_prefix_path/detect_s
[7.142s] -- Up-to-date: /ros2_test/AD_Middle_Test/ros2/src/install/detect_s/share/detect_s/environment/ament_prefix_path.sh
[7.142s] -- Up-to-date: /ros2_test/AD_Middle_Test/ros2/src/install/detect_s/share/detect_s/environment/ament_prefix_path.dsv
[7.142s] -- Up-to-date: /ros2_test/AD_Middle_Test/ros2/src/install/detect_s/share/detect_s/environment/path.sh
[7.142s] -- Up-to-date: /ros2_test/AD_Middle_Test/ros2/src/install/detect_s/share/detect_s/environment/path.dsv
[7.142s] -- Up-to-date: /ros2_test/AD_Middle_Test/ros2/src/install/detect_s/share/detect_s/local_setup.bash
[7.143s] -- Up-to-date: /ros2_test/AD_Middle_Test/ros2/src/install/detect_s/share/detect_s/local_setup.sh
[7.143s] -- Up-to-date: /ros2_test/AD_Middle_Test/ros2/src/install/detect_s/share/detect_s/local_setup.zsh
[7.143s] -- Up-to-date: /ros2_test/AD_Middle_Test/ros2/src/install/detect_s/share/detect_s/local_setup.dsv
[7.143s] -- Installing: /ros2_test/AD_Middle_Test/ros2/src/install/detect_s/share/detect_s/package.dsv
[7.143s] -- Up-to-date: /ros2_test/AD_Middle_Test/ros2/src/install/detect_s/share/ament_index/resource_index/packages/detect_s
[7.143s] -- Up-to-date: /ros2_test/AD_Middle_Test/ros2/src/install/detect_s/share/detect_s/cmake/detect_sConfig.cmake
[7.143s] -- Up-to-date: /ros2_test/AD_Middle_Test/ros2/src/install/detect_s/share/detect_s/cmake/detect_sConfig-version.cmake
[7.144s] -- Up-to-date: /ros2_test/AD_Middle_Test/ros2/src/install/detect_s/share/detect_s/package.xml
