[0.114s] [35m[1mScanning dependencies of target yoloDetect[0m
[0.153s] [ 20%] Built target line
[0.168s] [ 30%] [32mBuilding CXX object CMakeFiles/yoloDetect.dir/src/YoloDetect.cpp.o[0m
[0.172s] [ 50%] Built target cameraTimer
[0.178s] [ 70%] Built target trackerRos2
[0.223s] [ 90%] Built target fusionMiddle
[7.522s] [100%] [32m[1mLinking CXX executable yoloDetect[0m
[8.038s] [100%] Built target yoloDetect
[8.116s] -- Install configuration: ""
[8.116s] -- Up-to-date: /ros2_test/AD_Middle_Test/ros2/install/detect_s/lib/detect_s/cameraTimer
[8.117s] -- Installing: /ros2_test/AD_Middle_Test/ros2/install/detect_s/lib/detect_s/yoloDetect
[8.119s] -- Set runtime path of "/ros2_test/AD_Middle_Test/ros2/install/detect_s/lib/detect_s/yoloDetect" to ""
[8.120s] -- Up-to-date: /ros2_test/AD_Middle_Test/ros2/install/detect_s/lib/detect_s/line
[8.120s] -- Up-to-date: /ros2_test/AD_Middle_Test/ros2/install/detect_s/lib/detect_s/trackerRos2
[8.121s] -- Up-to-date: /ros2_test/AD_Middle_Test/ros2/install/detect_s/lib/detect_s/fusionMiddle
[8.121s] -- Up-to-date: /ros2_test/AD_Middle_Test/ros2/install/detect_s/share/ament_index/resource_index/package_run_dependencies/detect_s
[8.122s] -- Up-to-date: /ros2_test/AD_Middle_Test/ros2/install/detect_s/share/ament_index/resource_index/parent_prefix_path/detect_s
[8.122s] -- Up-to-date: /ros2_test/AD_Middle_Test/ros2/install/detect_s/share/detect_s/environment/ament_prefix_path.sh
[8.122s] -- Up-to-date: /ros2_test/AD_Middle_Test/ros2/install/detect_s/share/detect_s/environment/ament_prefix_path.dsv
[8.122s] -- Up-to-date: /ros2_test/AD_Middle_Test/ros2/install/detect_s/share/detect_s/environment/path.sh
[8.122s] -- Up-to-date: /ros2_test/AD_Middle_Test/ros2/install/detect_s/share/detect_s/environment/path.dsv
[8.123s] -- Up-to-date: /ros2_test/AD_Middle_Test/ros2/install/detect_s/share/detect_s/local_setup.bash
[8.123s] -- Up-to-date: /ros2_test/AD_Middle_Test/ros2/install/detect_s/share/detect_s/local_setup.sh
[8.123s] -- Up-to-date: /ros2_test/AD_Middle_Test/ros2/install/detect_s/share/detect_s/local_setup.zsh
[8.123s] -- Up-to-date: /ros2_test/AD_Middle_Test/ros2/install/detect_s/share/detect_s/local_setup.dsv
[8.123s] -- Installing: /ros2_test/AD_Middle_Test/ros2/install/detect_s/share/detect_s/package.dsv
[8.123s] -- Up-to-date: /ros2_test/AD_Middle_Test/ros2/install/detect_s/share/ament_index/resource_index/packages/detect_s
[8.124s] -- Up-to-date: /ros2_test/AD_Middle_Test/ros2/install/detect_s/share/detect_s/cmake/detect_sConfig.cmake
[8.124s] -- Up-to-date: /ros2_test/AD_Middle_Test/ros2/install/detect_s/share/detect_s/cmake/detect_sConfig-version.cmake
[8.124s] -- Up-to-date: /ros2_test/AD_Middle_Test/ros2/install/detect_s/share/detect_s/package.xml
