[0.086s] [35m[1mScanning dependencies of target listener[0m
[0.123s] [ 25%] [32mBuilding CXX object CMakeFiles/listener.dir/src/listener.cpp.o[0m
[2.048s] [01m[K/ros2_test/AD_Middle_Test/ros2/src/simple_s/src/listener.cpp:[m[K In constructor ‘[01m[KMinimalSubscriber::MinimalSubscriber(std::string, int)[m[K’:
[2.048s] [01m[K/ros2_test/AD_Middle_Test/ros2/src/simple_s/src/listener.cpp:55:107:[m[K [01;31m[Kerror: [m[Kcannot convert ‘[01m[KMinimalSubscriber*[m[K’ to ‘[01m[Kmessage_filters::Subscriber<test_interfaces::msg::Test_<std::allocator<void> > >&&[m[K’
[2.048s]    55 |    this->sub1 = make_shared<message_filters::Subscriber<test_interfaces::msg::Test>>(this,channel_name+'0'[01;31m[K)[m[K;
[2.049s]       |                                                                                                           [01;31m[K^[m[K
[2.049s] In file included from [01m[K/opt/ros/foxy/include/rclcpp/context.hpp:33[m[K,
[2.049s]                  from [01m[K/opt/ros/foxy/include/rclcpp/contexts/default_context.hpp:18[m[K,
[2.049s]                  from [01m[K/opt/ros/foxy/include/rclcpp/executor.hpp:32[m[K,
[2.049s]                  from [01m[K/opt/ros/foxy/include/rclcpp/executors/multi_threaded_executor.hpp:25[m[K,
[2.050s]                  from [01m[K/opt/ros/foxy/include/rclcpp/executors.hpp:21[m[K,
[2.050s]                  from [01m[K/opt/ros/foxy/include/rclcpp/rclcpp.hpp:145[m[K,
[2.050s]                  from [01m[K/opt/ros/foxy/include/message_filters/subscriber.h:38[m[K,
[2.050s]                  from [01m[K/ros2_test/AD_Middle_Test/ros2/src/simple_s/src/listener.cpp:5[m[K:
[2.050s] [01m[K/opt/ros/foxy/include/rclcpp/macros.hpp:79:23:[m[K [01;36m[Knote: [m[K  initializing argument 1 of ‘[01m[Kstatic std::shared_ptr<rclcpp::Node> rclcpp::Node::make_shared(Args&& ...) [with Args = {message_filters::Subscriber<test_interfaces::msg::Test_<std::allocator<void> > >, std::__cxx11::basic_string<char, std::char_traits<char>, std::allocator<char> >}][m[K’
[2.050s]    79 |   make_shared([01;36m[KArgs && ... args[m[K) \
[2.051s]       |               [01;36m[K~~~~~~~~^~~~~~~~[m[K
[2.051s] [01m[K/opt/ros/foxy/include/rclcpp/macros.hpp:87:3:[m[K [01;36m[Knote: [m[Kin expansion of macro ‘[01m[K__RCLCPP_MAKE_SHARED_DEFINITION[m[K’
[2.051s]    87 |   [01;36m[K__RCLCPP_MAKE_SHARED_DEFINITION[m[K(__VA_ARGS__)
[2.051s]       |   [01;36m[K^~~~~~~~~~~~~~~~~~~~~~~~~~~~~~~[m[K
[2.051s] [01m[K/opt/ros/foxy/include/rclcpp/macros.hpp:37:3:[m[K [01;36m[Knote: [m[Kin expansion of macro ‘[01m[KRCLCPP_SHARED_PTR_DEFINITIONS[m[K’
[2.051s]    37 |   [01;36m[KRCLCPP_SHARED_PTR_DEFINITIONS[m[K(__VA_ARGS__) \
[2.052s]       |   [01;36m[K^~~~~~~~~~~~~~~~~~~~~~~~~~~~~[m[K
[2.052s] [01m[K/opt/ros/foxy/include/rclcpp/node.hpp:75:3:[m[K [01;36m[Knote: [m[Kin expansion of macro ‘[01m[KRCLCPP_SMART_PTR_DEFINITIONS[m[K’
[2.052s]    75 |   [01;36m[KRCLCPP_SMART_PTR_DEFINITIONS[m[K(Node)
[2.052s]       |   [01;36m[K^~~~~~~~~~~~~~~~~~~~~~~~~~~~[m[K
[2.053s] [01m[K/ros2_test/AD_Middle_Test/ros2/src/simple_s/src/listener.cpp:56:107:[m[K [01;31m[Kerror: [m[Kcannot convert ‘[01m[KMinimalSubscriber*[m[K’ to ‘[01m[Kmessage_filters::Subscriber<test_interfaces::msg::Test_<std::allocator<void> > >&&[m[K’
[2.053s]    56 |    this->sub2 = make_shared<message_filters::Subscriber<test_interfaces::msg::Test>>(this,channel_name+'1'[01;31m[K)[m[K;
[2.053s]       |                                                                                                           [01;31m[K^[m[K
[2.053s] In file included from [01m[K/opt/ros/foxy/include/rclcpp/context.hpp:33[m[K,
[2.053s]                  from [01m[K/opt/ros/foxy/include/rclcpp/contexts/default_context.hpp:18[m[K,
[2.053s]                  from [01m[K/opt/ros/foxy/include/rclcpp/executor.hpp:32[m[K,
[2.054s]                  from [01m[K/opt/ros/foxy/include/rclcpp/executors/multi_threaded_executor.hpp:25[m[K,
[2.054s]                  from [01m[K/opt/ros/foxy/include/rclcpp/executors.hpp:21[m[K,
[2.054s]                  from [01m[K/opt/ros/foxy/include/rclcpp/rclcpp.hpp:145[m[K,
[2.054s]                  from [01m[K/opt/ros/foxy/include/message_filters/subscriber.h:38[m[K,
[2.054s]                  from [01m[K/ros2_test/AD_Middle_Test/ros2/src/simple_s/src/listener.cpp:5[m[K:
[2.055s] [01m[K/opt/ros/foxy/include/rclcpp/macros.hpp:79:23:[m[K [01;36m[Knote: [m[K  initializing argument 1 of ‘[01m[Kstatic std::shared_ptr<rclcpp::Node> rclcpp::Node::make_shared(Args&& ...) [with Args = {message_filters::Subscriber<test_interfaces::msg::Test_<std::allocator<void> > >, std::__cxx11::basic_string<char, std::char_traits<char>, std::allocator<char> >}][m[K’
[2.055s]    79 |   make_shared([01;36m[KArgs && ... args[m[K) \
[2.055s]       |               [01;36m[K~~~~~~~~^~~~~~~~[m[K
[2.055s] [01m[K/opt/ros/foxy/include/rclcpp/macros.hpp:87:3:[m[K [01;36m[Knote: [m[Kin expansion of macro ‘[01m[K__RCLCPP_MAKE_SHARED_DEFINITION[m[K’
[2.055s]    87 |   [01;36m[K__RCLCPP_MAKE_SHARED_DEFINITION[m[K(__VA_ARGS__)
[2.055s]       |   [01;36m[K^~~~~~~~~~~~~~~~~~~~~~~~~~~~~~~[m[K
[2.056s] [01m[K/opt/ros/foxy/include/rclcpp/macros.hpp:37:3:[m[K [01;36m[Knote: [m[Kin expansion of macro ‘[01m[KRCLCPP_SHARED_PTR_DEFINITIONS[m[K’
[2.056s]    37 |   [01;36m[KRCLCPP_SHARED_PTR_DEFINITIONS[m[K(__VA_ARGS__) \
[2.056s]       |   [01;36m[K^~~~~~~~~~~~~~~~~~~~~~~~~~~~~[m[K
[2.056s] [01m[K/opt/ros/foxy/include/rclcpp/node.hpp:75:3:[m[K [01;36m[Knote: [m[Kin expansion of macro ‘[01m[KRCLCPP_SMART_PTR_DEFINITIONS[m[K’
[2.056s]    75 |   [01;36m[KRCLCPP_SMART_PTR_DEFINITIONS[m[K(Node)
[2.056s]       |   [01;36m[K^~~~~~~~~~~~~~~~~~~~~~~~~~~~[m[K
[2.154s] [01m[K/ros2_test/AD_Middle_Test/ros2/src/simple_s/src/listener.cpp:58:174:[m[K [01;31m[Kerror: [m[Kno match for ‘[01m[Koperator=[m[K’ (operand types are ‘[01m[Kstd::shared_ptr<message_filters::Synchronizer<message_filters::sync_policies::ApproximateTime<test_interfaces::msg::Test_<std::allocator<void> >, test_interfaces::msg::Test_<std::allocator<void> > > > >[m[K’ and ‘[01m[Kstd::shared_ptr<rclcpp::Node>[m[K’)
[2.154s]    58 |    this->sync = make_shared<Synchronizer<sync_policies::ApproximateTime<test_interfaces::msg::Test,test_interfaces::msg::Test>>>(MySyncPolicy(10),*(this->sub1),*(this->sub2)[01;31m[K)[m[K;
[2.154s]       |                                                                                                                                                                              [01;31m[K^[m[K
[2.155s] In file included from [01m[K/usr/include/c++/9/memory:81[m[K,
[2.155s]                  from [01m[K/ros2_test/AD_Middle_Test/ros2/src/simple_s/src/listener.cpp:1[m[K:
[2.155s] [01m[K/usr/include/c++/9/bits/shared_ptr.h:309:19:[m[K [01;36m[Knote: [m[Kcandidate: ‘[01m[Kstd::shared_ptr<_Tp>& std::shared_ptr<_Tp>::operator=(const std::shared_ptr<_Tp>&) [with _Tp = message_filters::Synchronizer<message_filters::sync_policies::ApproximateTime<test_interfaces::msg::Test_<std::allocator<void> >, test_interfaces::msg::Test_<std::allocator<void> > > >][m[K’
[2.155s]   309 |       shared_ptr& [01;36m[Koperator[m[K=(const shared_ptr&) noexcept = default;
[2.155s]       |                   [01;36m[K^~~~~~~~[m[K
[2.156s] [01m[K/usr/include/c++/9/bits/shared_ptr.h:309:29:[m[K [01;36m[Knote: [m[K  no known conversion for argument 1 from ‘[01m[Kstd::shared_ptr<rclcpp::Node>[m[K’ to ‘[01m[Kconst std::shared_ptr<message_filters::Synchronizer<message_filters::sync_policies::ApproximateTime<test_interfaces::msg::Test_<std::allocator<void> >, test_interfaces::msg::Test_<std::allocator<void> > > > >&[m[K’
[2.156s]   309 |       shared_ptr& operator=([01;36m[Kconst shared_ptr&[m[K) noexcept = default;
[2.156s]       |                             [01;36m[K^~~~~~~~~~~~~~~~~[m[K
[2.156s] [01m[K/usr/include/c++/9/bits/shared_ptr.h:313:2:[m[K [01;36m[Knote: [m[Kcandidate: ‘[01m[Ktemplate<class _Yp> std::shared_ptr<_Tp>::_Assignable<const std::shared_ptr<_Yp>&> std::shared_ptr<_Tp>::operator=(const std::shared_ptr<_Yp>&) [with _Yp = _Yp; _Tp = message_filters::Synchronizer<message_filters::sync_policies::ApproximateTime<test_interfaces::msg::Test_<std::allocator<void> >, test_interfaces::msg::Test_<std::allocator<void> > > >][m[K’
[2.156s]   313 |  [01;36m[Koperator[m[K=(const shared_ptr<_Yp>& __r) noexcept
[2.156s]       |  [01;36m[K^~~~~~~~[m[K
[2.157s] [01m[K/usr/include/c++/9/bits/shared_ptr.h:313:2:[m[K [01;36m[Knote: [m[K  template argument deduction/substitution failed:
[2.157s] /usr/include/c++/9/bits/shared_ptr.h: In substitution of ‘[01m[Ktemplate<class _Tp> template<class _Arg> using _Assignable = typename std::enable_if<std::is_assignable<std::__shared_ptr<_Tp>&, _Arg>::value, std::shared_ptr<_Tp>&>::type [with _Arg = const std::shared_ptr<rclcpp::Node>&; _Tp = message_filters::Synchronizer<message_filters::sync_policies::ApproximateTime<test_interfaces::msg::Test_<std::allocator<void> >, test_interfaces::msg::Test_<std::allocator<void> > > >][m[K’:
[2.157s] [01m[K/usr/include/c++/9/bits/shared_ptr.h:313:2:[m[K   required by substitution of ‘[01m[Ktemplate<class _Yp> std::shared_ptr<message_filters::Synchronizer<message_filters::sync_policies::ApproximateTime<test_interfaces::msg::Test_<std::allocator<void> >, test_interfaces::msg::Test_<std::allocator<void> > > > >::_Assignable<const std::shared_ptr<_Tp>&> std::shared_ptr<message_filters::Synchronizer<message_filters::sync_policies::ApproximateTime<test_interfaces::msg::Test_<std::allocator<void> >, test_interfaces::msg::Test_<std::allocator<void> > > > >::operator=<_Yp>(const std::shared_ptr<_Tp>&) [with _Yp = rclcpp::Node][m[K’
[2.157s] [01m[K/ros2_test/AD_Middle_Test/ros2/src/simple_s/src/listener.cpp:58:174:[m[K   required from here
[2.158s] [01m[K/usr/include/c++/9/bits/shared_ptr.h:111:8:[m[K [01;31m[Kerror: [m[Kno type named ‘[01m[Ktype[m[K’ in ‘[01m[Kstruct std::enable_if<false, std::shared_ptr<message_filters::Synchronizer<message_filters::sync_policies::ApproximateTime<test_interfaces::msg::Test_<std::allocator<void> >, test_interfaces::msg::Test_<std::allocator<void> > > > >&>[m[K’
[2.158s]   111 |  using [01;31m[K_Assignable[m[K = typename enable_if<
[2.158s]       |        [01;31m[K^~~~~~~~~~~[m[K
[2.158s] [01m[K/usr/include/c++/9/bits/shared_ptr.h:324:2:[m[K [01;36m[Knote: [m[Kcandidate: ‘[01m[Ktemplate<class _Yp> std::shared_ptr<_Tp>::_Assignable<std::auto_ptr<_Up> > std::shared_ptr<_Tp>::operator=(std::auto_ptr<_Up>&&) [with _Yp = _Yp; _Tp = message_filters::Synchronizer<message_filters::sync_policies::ApproximateTime<test_interfaces::msg::Test_<std::allocator<void> >, test_interfaces::msg::Test_<std::allocator<void> > > >][m[K’
[2.158s]   324 |  [01;36m[Koperator[m[K=(auto_ptr<_Yp>&& __r)
[2.159s]       |  [01;36m[K^~~~~~~~[m[K
[2.159s] [01m[K/usr/include/c++/9/bits/shared_ptr.h:324:2:[m[K [01;36m[Knote: [m[K  template argument deduction/substitution failed:
[2.159s] [01m[K/ros2_test/AD_Middle_Test/ros2/src/simple_s/src/listener.cpp:58:174:[m[K [01;36m[Knote: [m[K  ‘[01m[Kstd::shared_ptr<rclcpp::Node>[m[K’ is not derived from ‘[01m[Kstd::auto_ptr<_Up>[m[K’
[2.159s]    58 |    this->sync = make_shared<Synchronizer<sync_policies::ApproximateTime<test_interfaces::msg::Test,test_interfaces::msg::Test>>>(MySyncPolicy(10),*(this->sub1),*(this->sub2)[01;36m[K)[m[K;
[2.159s]       |                                                                                                                                                                              [01;36m[K^[m[K
[2.160s] In file included from [01m[K/usr/include/c++/9/memory:81[m[K,
[2.160s]                  from [01m[K/ros2_test/AD_Middle_Test/ros2/src/simple_s/src/listener.cpp:1[m[K:
[2.160s] [01m[K/usr/include/c++/9/bits/shared_ptr.h:333:7:[m[K [01;36m[Knote: [m[Kcandidate: ‘[01m[Kstd::shared_ptr<_Tp>& std::shared_ptr<_Tp>::operator=(std::shared_ptr<_Tp>&&) [with _Tp = message_filters::Synchronizer<message_filters::sync_policies::ApproximateTime<test_interfaces::msg::Test_<std::allocator<void> >, test_interfaces::msg::Test_<std::allocator<void> > > >][m[K’
[2.160s]   333 |       [01;36m[Koperator[m[K=(shared_ptr&& __r) noexcept
[2.160s]       |       [01;36m[K^~~~~~~~[m[K
[2.161s] [01m[K/usr/include/c++/9/bits/shared_ptr.h:333:30:[m[K [01;36m[Knote: [m[K  no known conversion for argument 1 from ‘[01m[Kstd::shared_ptr<rclcpp::Node>[m[K’ to ‘[01m[Kstd::shared_ptr<message_filters::Synchronizer<message_filters::sync_policies::ApproximateTime<test_interfaces::msg::Test_<std::allocator<void> >, test_interfaces::msg::Test_<std::allocator<void> > > > >&&[m[K’
[2.161s]   333 |       operator=([01;36m[Kshared_ptr&& __r[m[K) noexcept
[2.161s]       |                 [01;36m[K~~~~~~~~~~~~~^~~[m[K
[2.161s] [01m[K/usr/include/c++/9/bits/shared_ptr.h:341:2:[m[K [01;36m[Knote: [m[Kcandidate: ‘[01m[Ktemplate<class _Yp> std::shared_ptr<_Tp>::_Assignable<std::shared_ptr<_Yp> > std::shared_ptr<_Tp>::operator=(std::shared_ptr<_Yp>&&) [with _Yp = _Yp; _Tp = message_filters::Synchronizer<message_filters::sync_policies::ApproximateTime<test_interfaces::msg::Test_<std::allocator<void> >, test_interfaces::msg::Test_<std::allocator<void> > > >][m[K’
[2.161s]   341 |  [01;36m[Koperator[m[K=(shared_ptr<_Yp>&& __r) noexcept
[2.161s]       |  [01;36m[K^~~~~~~~[m[K
[2.162s] [01m[K/usr/include/c++/9/bits/shared_ptr.h:341:2:[m[K [01;36m[Knote: [m[K  template argument deduction/substitution failed:
[2.162s] /usr/include/c++/9/bits/shared_ptr.h: In substitution of ‘[01m[Ktemplate<class _Tp> template<class _Arg> using _Assignable = typename std::enable_if<std::is_assignable<std::__shared_ptr<_Tp>&, _Arg>::value, std::shared_ptr<_Tp>&>::type [with _Arg = std::shared_ptr<rclcpp::Node>; _Tp = message_filters::Synchronizer<message_filters::sync_policies::ApproximateTime<test_interfaces::msg::Test_<std::allocator<void> >, test_interfaces::msg::Test_<std::allocator<void> > > >][m[K’:
[2.162s] [01m[K/usr/include/c++/9/bits/shared_ptr.h:341:2:[m[K   required by substitution of ‘[01m[Ktemplate<class _Yp> std::shared_ptr<message_filters::Synchronizer<message_filters::sync_policies::ApproximateTime<test_interfaces::msg::Test_<std::allocator<void> >, test_interfaces::msg::Test_<std::allocator<void> > > > >::_Assignable<std::shared_ptr<_Tp> > std::shared_ptr<message_filters::Synchronizer<message_filters::sync_policies::ApproximateTime<test_interfaces::msg::Test_<std::allocator<void> >, test_interfaces::msg::Test_<std::allocator<void> > > > >::operator=<_Yp>(std::shared_ptr<_Tp>&&) [with _Yp = rclcpp::Node][m[K’
[2.162s] [01m[K/ros2_test/AD_Middle_Test/ros2/src/simple_s/src/listener.cpp:58:174:[m[K   required from here
[2.163s] [01m[K/usr/include/c++/9/bits/shared_ptr.h:111:8:[m[K [01;31m[Kerror: [m[Kno type named ‘[01m[Ktype[m[K’ in ‘[01m[Kstruct std::enable_if<false, std::shared_ptr<message_filters::Synchronizer<message_filters::sync_policies::ApproximateTime<test_interfaces::msg::Test_<std::allocator<void> >, test_interfaces::msg::Test_<std::allocator<void> > > > >&>[m[K’
[2.163s]   111 |  using [01;31m[K_Assignable[m[K = typename enable_if<
[2.163s]       |        [01;31m[K^~~~~~~~~~~[m[K
[2.163s] [01m[K/usr/include/c++/9/bits/shared_ptr.h:349:2:[m[K [01;36m[Knote: [m[Kcandidate: ‘[01m[Ktemplate<class _Yp, class _Del> std::shared_ptr<_Tp>::_Assignable<std::unique_ptr<_Up, _Ep> > std::shared_ptr<_Tp>::operator=(std::unique_ptr<_Up, _Ep>&&) [with _Yp = _Yp; _Del = _Del; _Tp = message_filters::Synchronizer<message_filters::sync_policies::ApproximateTime<test_interfaces::msg::Test_<std::allocator<void> >, test_interfaces::msg::Test_<std::allocator<void> > > >][m[K’
[2.163s]   349 |  [01;36m[Koperator[m[K=(unique_ptr<_Yp, _Del>&& __r)
[2.163s]       |  [01;36m[K^~~~~~~~[m[K
[2.164s] [01m[K/usr/include/c++/9/bits/shared_ptr.h:349:2:[m[K [01;36m[Knote: [m[K  template argument deduction/substitution failed:
[2.164s] [01m[K/ros2_test/AD_Middle_Test/ros2/src/simple_s/src/listener.cpp:58:174:[m[K [01;36m[Knote: [m[K  ‘[01m[Kstd::shared_ptr<rclcpp::Node>[m[K’ is not derived from ‘[01m[Kstd::unique_ptr<_Tp, _Dp>[m[K’
[2.164s]    58 |    this->sync = make_shared<Synchronizer<sync_policies::ApproximateTime<test_interfaces::msg::Test,test_interfaces::msg::Test>>>(MySyncPolicy(10),*(this->sub1),*(this->sub2)[01;36m[K)[m[K;
[2.164s]       |                                                                                                                                                                              [01;36m[K^[m[K
[2.165s] [01m[K/ros2_test/AD_Middle_Test/ros2/src/simple_s/src/listener.cpp:59:82:[m[K [01;31m[Kerror: [m[K‘[01m[K_2[m[K’ was not declared in this scope; did you mean ‘[01m[Kstd::placeholders::_2[m[K’?
[2.165s]    59 |    this->sync->registerCallback(std::bind(&MinimalSubscriber::topic_callback2,_1,[01;31m[K_2[m[K));
[2.165s]       |                                                                                  [01;31m[K^~[m[K
[2.166s]       |                                                                                  [32m[Kstd::placeholders::_2[m[K
[2.166s] In file included from [01m[K/opt/ros/foxy/include/rclcpp/context.hpp:19[m[K,
[2.166s]                  from [01m[K/opt/ros/foxy/include/rclcpp/contexts/default_context.hpp:18[m[K,
[2.166s]                  from [01m[K/opt/ros/foxy/include/rclcpp/executor.hpp:32[m[K,
[2.166s]                  from [01m[K/opt/ros/foxy/include/rclcpp/executors/multi_threaded_executor.hpp:25[m[K,
[2.167s]                  from [01m[K/opt/ros/foxy/include/rclcpp/executors.hpp:21[m[K,
[2.167s]                  from [01m[K/opt/ros/foxy/include/rclcpp/rclcpp.hpp:145[m[K,
[2.167s]                  from [01m[K/opt/ros/foxy/include/message_filters/subscriber.h:38[m[K,
[2.167s]                  from [01m[K/ros2_test/AD_Middle_Test/ros2/src/simple_s/src/listener.cpp:5[m[K:
[2.167s] [01m[K/usr/include/c++/9/functional:212:34:[m[K [01;36m[Knote: [m[K‘[01m[Kstd::placeholders::_2[m[K’ declared here
[2.167s]   212 |     extern const _Placeholder<2> [01;36m[K_2[m[K;
[2.168s]       |                                  [01;36m[K^~[m[K
[2.820s] In file included from [01m[K/usr/include/x86_64-linux-gnu/c++/9/bits/c++allocator.h:33[m[K,
[2.821s]                  from [01m[K/usr/include/c++/9/bits/allocator.h:46[m[K,
[2.821s]                  from [01m[K/usr/include/c++/9/memory:63[m[K,
[2.821s]                  from [01m[K/ros2_test/AD_Middle_Test/ros2/src/simple_s/src/listener.cpp:1[m[K:
[2.821s] /usr/include/c++/9/ext/new_allocator.h: In instantiation of ‘[01m[Kvoid __gnu_cxx::new_allocator<_Tp>::construct(_Up*, _Args&& ...) [with _Up = rclcpp::Node; _Args = {message_filters::Synchronizer<message_filters::sync_policies::ApproximateTime<test_interfaces::msg::Test_<std::allocator<void> >, test_interfaces::msg::Test_<std::allocator<void> >, message_filters::NullType, message_filters::NullType, message_filters::NullType, message_filters::NullType, message_filters::NullType, message_filters::NullType, message_filters::NullType> >, message_filters::Subscriber<test_interfaces::msg::Test_<std::allocator<void> > >&, message_filters::Subscriber<test_interfaces::msg::Test_<std::allocator<void> > >&}; _Tp = rclcpp::Node][m[K’:
[2.821s] [01m[K/usr/include/c++/9/bits/alloc_traits.h:482:2:[m[K   required from ‘[01m[Kstatic void std::allocator_traits<std::allocator<_Tp1> >::construct(std::allocator_traits<std::allocator<_Tp1> >::allocator_type&, _Up*, _Args&& ...) [with _Up = rclcpp::Node; _Args = {message_filters::Synchronizer<message_filters::sync_policies::ApproximateTime<test_interfaces::msg::Test_<std::allocator<void> >, test_interfaces::msg::Test_<std::allocator<void> >, message_filters::NullType, message_filters::NullType, message_filters::NullType, message_filters::NullType, message_filters::NullType, message_filters::NullType, message_filters::NullType> >, message_filters::Subscriber<test_interfaces::msg::Test_<std::allocator<void> > >&, message_filters::Subscriber<test_interfaces::msg::Test_<std::allocator<void> > >&}; _Tp = rclcpp::Node; std::allocator_traits<std::allocator<_Tp1> >::allocator_type = std::allocator<rclcpp::Node>][m[K’
[2.822s] [01m[K/usr/include/c++/9/bits/shared_ptr_base.h:548:39:[m[K   required from ‘[01m[Kstd::_Sp_counted_ptr_inplace<_Tp, _Alloc, _Lp>::_Sp_counted_ptr_inplace(_Alloc, _Args&& ...) [with _Args = {message_filters::Synchronizer<message_filters::sync_policies::ApproximateTime<test_interfaces::msg::Test_<std::allocator<void> >, test_interfaces::msg::Test_<std::allocator<void> >, message_filters::NullType, message_filters::NullType, message_filters::NullType, message_filters::NullType, message_filters::NullType, message_filters::NullType, message_filters::NullType> >, message_filters::Subscriber<test_interfaces::msg::Test_<std::allocator<void> > >&, message_filters::Subscriber<test_interfaces::msg::Test_<std::allocator<void> > >&}; _Tp = rclcpp::Node; _Alloc = std::allocator<rclcpp::Node>; __gnu_cxx::_Lock_policy _Lp = __gnu_cxx::_S_atomic][m[K’
[2.822s] [01m[K/usr/include/c++/9/bits/shared_ptr_base.h:679:16:[m[K   required from ‘[01m[Kstd::__shared_count<_Lp>::__shared_count(_Tp*&, std::_Sp_alloc_shared_tag<_Alloc>, _Args&& ...) [with _Tp = rclcpp::Node; _Alloc = std::allocator<rclcpp::Node>; _Args = {message_filters::Synchronizer<message_filters::sync_policies::ApproximateTime<test_interfaces::msg::Test_<std::allocator<void> >, test_interfaces::msg::Test_<std::allocator<void> >, message_filters::NullType, message_filters::NullType, message_filters::NullType, message_filters::NullType, message_filters::NullType, message_filters::NullType, message_filters::NullType> >, message_filters::Subscriber<test_interfaces::msg::Test_<std::allocator<void> > >&, message_filters::Subscriber<test_interfaces::msg::Test_<std::allocator<void> > >&}; __gnu_cxx::_Lock_policy _Lp = __gnu_cxx::_S_atomic][m[K’
[2.822s] [01m[K/usr/include/c++/9/bits/shared_ptr_base.h:1344:71:[m[K   required from ‘[01m[Kstd::__shared_ptr<_Tp, _Lp>::__shared_ptr(std::_Sp_alloc_shared_tag<_Tp>, _Args&& ...) [with _Alloc = std::allocator<rclcpp::Node>; _Args = {message_filters::Synchronizer<message_filters::sync_policies::ApproximateTime<test_interfaces::msg::Test_<std::allocator<void> >, test_interfaces::msg::Test_<std::allocator<void> >, message_filters::NullType, message_filters::NullType, message_filters::NullType, message_filters::NullType, message_filters::NullType, message_filters::NullType, message_filters::NullType> >, message_filters::Subscriber<test_interfaces::msg::Test_<std::allocator<void> > >&, message_filters::Subscriber<test_interfaces::msg::Test_<std::allocator<void> > >&}; _Tp = rclcpp::Node; __gnu_cxx::_Lock_policy _Lp = __gnu_cxx::_S_atomic][m[K’
[2.822s] [01m[K/usr/include/c++/9/bits/shared_ptr.h:359:59:[m[K   required from ‘[01m[Kstd::shared_ptr<_Tp>::shared_ptr(std::_Sp_alloc_shared_tag<_Tp>, _Args&& ...) [with _Alloc = std::allocator<rclcpp::Node>; _Args = {message_filters::Synchronizer<message_filters::sync_policies::ApproximateTime<test_interfaces::msg::Test_<std::allocator<void> >, test_interfaces::msg::Test_<std::allocator<void> >, message_filters::NullType, message_filters::NullType, message_filters::NullType, message_filters::NullType, message_filters::NullType, message_filters::NullType, message_filters::NullType> >, message_filters::Subscriber<test_interfaces::msg::Test_<std::allocator<void> > >&, message_filters::Subscriber<test_interfaces::msg::Test_<std::allocator<void> > >&}; _Tp = rclcpp::Node][m[K’
[2.823s] [01m[K/usr/include/c++/9/bits/shared_ptr.h:701:14:[m[K   required from ‘[01m[Kstd::shared_ptr<_Tp> std::allocate_shared(const _Alloc&, _Args&& ...) [with _Tp = rclcpp::Node; _Alloc = std::allocator<rclcpp::Node>; _Args = {message_filters::Synchronizer<message_filters::sync_policies::ApproximateTime<test_interfaces::msg::Test_<std::allocator<void> >, test_interfaces::msg::Test_<std::allocator<void> >, message_filters::NullType, message_filters::NullType, message_filters::NullType, message_filters::NullType, message_filters::NullType, message_filters::NullType, message_filters::NullType> >, message_filters::Subscriber<test_interfaces::msg::Test_<std::allocator<void> > >&, message_filters::Subscriber<test_interfaces::msg::Test_<std::allocator<void> > >&}][m[K’
[2.823s] [01m[K/usr/include/c++/9/bits/shared_ptr.h:717:39:[m[K   required from ‘[01m[Kstd::shared_ptr<_Tp> std::make_shared(_Args&& ...) [with _Tp = rclcpp::Node; _Args = {message_filters::Synchronizer<message_filters::sync_policies::ApproximateTime<test_interfaces::msg::Test_<std::allocator<void> >, test_interfaces::msg::Test_<std::allocator<void> >, message_filters::NullType, message_filters::NullType, message_filters::NullType, message_filters::NullType, message_filters::NullType, message_filters::NullType, message_filters::NullType> >, message_filters::Subscriber<test_interfaces::msg::Test_<std::allocator<void> > >&, message_filters::Subscriber<test_interfaces::msg::Test_<std::allocator<void> > >&}][m[K’
[2.823s] [01m[K/opt/ros/foxy/include/rclcpp/node.hpp:75:3:[m[K   required from ‘[01m[Kstatic std::shared_ptr<rclcpp::Node> rclcpp::Node::make_shared(Args&& ...) [with Args = {message_filters::Synchronizer<message_filters::sync_policies::ApproximateTime<test_interfaces::msg::Test_<std::allocator<void> >, test_interfaces::msg::Test_<std::allocator<void> >, message_filters::NullType, message_filters::NullType, message_filters::NullType, message_filters::NullType, message_filters::NullType, message_filters::NullType, message_filters::NullType> >, message_filters::Subscriber<test_interfaces::msg::Test_<std::allocator<void> > >&, message_filters::Subscriber<test_interfaces::msg::Test_<std::allocator<void> > >&}][m[K’
[2.823s] [01m[K/ros2_test/AD_Middle_Test/ros2/src/simple_s/src/listener.cpp:58:174:[m[K   required from here
[2.823s] [01m[K/usr/include/c++/9/ext/new_allocator.h:145:20:[m[K [01;31m[Kerror: [m[Kno matching function for call to ‘[01m[Krclcpp::Node::Node(message_filters::Synchronizer<message_filters::sync_policies::ApproximateTime<test_interfaces::msg::Test_<std::allocator<void> >, test_interfaces::msg::Test_<std::allocator<void> > > >, message_filters::Subscriber<test_interfaces::msg::Test_<std::allocator<void> > >&, message_filters::Subscriber<test_interfaces::msg::Test_<std::allocator<void> > >&)[m[K’
[2.824s]   145 |  noexcept(noexcept([01;31m[K::new((void *)__p)[m[K
[2.824s]       |                    [01;31m[K^~~~~~~~~~~~~~~~~~[m[K
[2.824s]   146 | [01;31m[K       _Up(std::forward<_Args>(__args)...)[m[K))
[2.824s]       |        [01;31m[K~~~~~~~~~~~~~~~~~~~~~~~~~~~~~~~~~~~[m[K
[2.824s] In file included from [01m[K/opt/ros/foxy/include/rclcpp/executors/single_threaded_executor.hpp:28[m[K,
[2.825s]                  from [01m[K/opt/ros/foxy/include/rclcpp/executors.hpp:22[m[K,
[2.825s]                  from [01m[K/opt/ros/foxy/include/rclcpp/rclcpp.hpp:145[m[K,
[2.825s]                  from [01m[K/opt/ros/foxy/include/message_filters/subscriber.h:38[m[K,
[2.825s]                  from [01m[K/ros2_test/AD_Middle_Test/ros2/src/simple_s/src/listener.cpp:5[m[K:
[2.825s] [01m[K/opt/ros/foxy/include/rclcpp/node.hpp:1136:3:[m[K [01;36m[Knote: [m[Kcandidate: ‘[01m[Krclcpp::Node::Node(const rclcpp::Node&, const string&)[m[K’
[2.825s]  1136 |   [01;36m[KNode[m[K(
[2.826s]       |   [01;36m[K^~~~[m[K
[2.826s] [01m[K/opt/ros/foxy/include/rclcpp/node.hpp:1136:3:[m[K [01;36m[Knote: [m[K  candidate expects 2 arguments, 3 provided
[2.826s] [01m[K/opt/ros/foxy/include/rclcpp/node.hpp:94:12:[m[K [01;36m[Knote: [m[Kcandidate: ‘[01m[Krclcpp::Node::Node(const string&, const string&, const rclcpp::NodeOptions&)[m[K’
[2.826s]    94 |   explicit [01;36m[KNode[m[K(
[2.826s]       |            [01;36m[K^~~~[m[K
[2.827s] [01m[K/opt/ros/foxy/include/rclcpp/node.hpp:95:25:[m[K [01;36m[Knote: [m[K  no known conversion for argument 1 from ‘[01m[Kmessage_filters::Synchronizer<message_filters::sync_policies::ApproximateTime<test_interfaces::msg::Test_<std::allocator<void> >, test_interfaces::msg::Test_<std::allocator<void> > > >[m[K’ to ‘[01m[Kconst string&[m[K’ {aka ‘[01m[Kconst std::__cxx11::basic_string<char>&[m[K’}
[2.827s]    95 |     [01;36m[Kconst std::string & node_name[m[K,
[2.827s]       |     [01;36m[K~~~~~~~~~~~~~~~~~~~~^~~~~~~~~[m[K
[2.827s] [01m[K/opt/ros/foxy/include/rclcpp/node.hpp:83:12:[m[K [01;36m[Knote: [m[Kcandidate: ‘[01m[Krclcpp::Node::Node(const string&, const rclcpp::NodeOptions&)[m[K’
[2.827s]    83 |   explicit [01;36m[KNode[m[K(
[2.827s]       |            [01;36m[K^~~~[m[K
[2.828s] [01m[K/opt/ros/foxy/include/rclcpp/node.hpp:83:12:[m[K [01;36m[Knote: [m[K  candidate expects 2 arguments, 3 provided
[3.995s] make[2]: *** [CMakeFiles/listener.dir/build.make:63: CMakeFiles/listener.dir/src/listener.cpp.o] Error 1
[3.995s] make[1]: *** [CMakeFiles/Makefile2:80: CMakeFiles/listener.dir/all] Error 2
[3.995s] make: *** [Makefile:141: all] Error 2
