[0.033s] Invoking command in '/ros2_test/AD_Middle_Test/ros2/src/build/turtlesim': /usr/bin/cmake /ros2_test/AD_Middle_Test/ros2/src/ros_tutorials/turtlesim -DCMAKE_INSTALL_PREFIX=/ros2_test/AD_Middle_Test/ros2/src/install/turtlesim
[0.119s] -- The C compiler identification is GNU 9.3.0
[0.205s] -- The CXX compiler identification is GNU 9.3.0
[0.213s] -- Check for working C compiler: /usr/bin/cc
[0.310s] -- Check for working C compiler: /usr/bin/cc -- works
[0.312s] -- Detecting C compiler ABI info
[0.412s] -- Detecting C compiler ABI info - done
[0.436s] -- Detecting C compile features
[0.437s] -- Detecting C compile features - done
[0.442s] -- Check for working CXX compiler: /usr/bin/c++
[0.563s] -- Check for working CXX compiler: /usr/bin/c++ -- works
[0.565s] -- Detecting CXX compiler ABI info
[0.687s] -- Detecting CXX compiler ABI info - done
[0.713s] -- Detecting CXX compile features
[0.714s] -- Detecting CXX compile features - done
[0.720s] -- Found ament_cmake: 0.8.1 (/opt/ros/foxy/share/ament_cmake/cmake)
[0.765s] -- Found PythonInterp: /usr/bin/python3 (found suitable version "3.8.2", minimum required is "3") 
[0.766s] -- Using PYTHON_EXECUTABLE: /usr/bin/python3
[1.116s] -- Found ament_index_cpp: 0.8.0 (/opt/ros/foxy/share/ament_index_cpp/cmake)
[1.124s] -- Found geometry_msgs: 0.8.1 (/opt/ros/foxy/share/geometry_msgs/cmake)
[1.205s] -- Found rosidl_adapter: 0.8.2 (/opt/ros/foxy/share/rosidl_adapter/cmake)
[1.261s] -- Found rclcpp: 0.8.3 (/opt/ros/foxy/share/rclcpp/cmake)
[1.306s] -- Found rmw_implementation_cmake: 0.8.1 (/opt/ros/foxy/share/rmw_implementation_cmake/cmake)
[1.309s] -- Using RMW implementation 'rmw_fastrtps_cpp' as default
[1.311s] -- Looking for pthread.h
[1.419s] -- Looking for pthread.h - found
[1.419s] -- Performing Test CMAKE_HAVE_LIBC_PTHREAD
[1.528s] -- Performing Test CMAKE_HAVE_LIBC_PTHREAD - Failed
[1.528s] -- Looking for pthread_create in pthreads
[1.611s] -- Looking for pthread_create in pthreads - not found
[1.612s] -- Looking for pthread_create in pthread
[1.713s] -- Looking for pthread_create in pthread - found
[1.715s] -- Found Threads: TRUE  
[1.855s] -- Found rclcpp_action: 0.8.3 (/opt/ros/foxy/share/rclcpp_action/cmake)
[1.963s] -- Found rosidl_default_generators: 0.8.0 (/opt/ros/foxy/share/rosidl_default_generators/cmake)
[2.011s] -- Could not find RTI Connext - skipping rosidl_typesupport_connext_c
[2.028s] -- Could not find RTI Connext - skipping rosidl_typesupport_connext_cpp
[2.159s] -- Found OpenSSL: /usr/lib/x86_64-linux-gnu/libcrypto.so (found version "1.1.1f")  
[2.205s] -- Found FastRTPS: /opt/ros/foxy/include  
[2.339s] -- Found std_srvs: 0.8.1 (/opt/ros/foxy/share/std_srvs/cmake)
[2.384s] -- Found PythonInterp: /usr/bin/python3 (found version "3.8.2") 
[2.740s] -- Using all available rosidl_typesupport_c: rosidl_typesupport_connext_c;rosidl_typesupport_fastrtps_c;rosidl_typesupport_introspection_c
[2.763s] -- Using all available rosidl_typesupport_cpp: rosidl_typesupport_connext_cpp;rosidl_typesupport_fastrtps_cpp;rosidl_typesupport_introspection_cpp
[2.818s] -- Found ament_cmake_ros: 0.9.0 (/opt/ros/foxy/share/ament_cmake_ros/cmake)
[3.108s] -- Found PythonInterp: /usr/bin/python3 (found suitable version "3.8.2", minimum required is "3.5") 
[3.111s] -- Found python_cmake_module: 0.8.0 (/opt/ros/foxy/share/python_cmake_module/cmake)
[3.156s] -- Found PythonLibs: /usr/lib/x86_64-linux-gnu/libpython3.8.so (found suitable version "3.8.2", minimum required is "3.5") 
[3.157s] -- Using PYTHON_EXECUTABLE: /usr/bin/python3
[3.157s] -- Using PYTHON_INCLUDE_DIRS: /usr/include/python3.8
[3.157s] -- Using PYTHON_LIBRARIES: /usr/lib/x86_64-linux-gnu/libpython3.8.so
[3.193s] -- Found PythonExtra: .so  
[3.579s] -- Configuring done
[3.916s] -- Generating done
[3.922s] -- Build files have been written to: /ros2_test/AD_Middle_Test/ros2/src/build/turtlesim
[3.939s] Invoked command in '/ros2_test/AD_Middle_Test/ros2/src/build/turtlesim' returned '0': /usr/bin/cmake /ros2_test/AD_Middle_Test/ros2/src/ros_tutorials/turtlesim -DCMAKE_INSTALL_PREFIX=/ros2_test/AD_Middle_Test/ros2/src/install/turtlesim
[3.940s] Invoking command in '/ros2_test/AD_Middle_Test/ros2/src/build/turtlesim': /usr/bin/cmake --build /ros2_test/AD_Middle_Test/ros2/src/build/turtlesim -- -j5 -l5
[4.037s] [35m[1mScanning dependencies of target turtlesim__cpp[0m
[4.053s] [  1%] [34m[1mGenerating C code for ROS interfaces[0m
[4.078s] [  2%] [34m[1mGenerating C++ code for ROS interfaces[0m
[7.877s] [  2%] Built target turtlesim__cpp
[7.958s] [  3%] [34m[1mGenerating C++ type support dispatch for ROS interfaces[0m
[7.974s] [  4%] [34m[1mGenerating C++ introspection for ROS interfaces[0m
[8.009s] [  5%] [34m[1mGenerating C++ type support for eProsima Fast-RTPS[0m
[8.715s] [35m[1mScanning dependencies of target turtlesim__rosidl_generator_c[0m
[8.774s] [  6%] [32mBuilding C object CMakeFiles/turtlesim__rosidl_generator_c.dir/rosidl_generator_c/turtlesim/action/detail/rotate_absolute__functions.c.o[0m
[8.776s] [  7%] [32mBuilding C object CMakeFiles/turtlesim__rosidl_generator_c.dir/rosidl_generator_c/turtlesim/msg/detail/color__functions.c.o[0m
[8.931s] [  8%] [32mBuilding C object CMakeFiles/turtlesim__rosidl_generator_c.dir/rosidl_generator_c/turtlesim/msg/detail/pose__functions.c.o[0m
[9.130s] [  9%] [32mBuilding C object CMakeFiles/turtlesim__rosidl_generator_c.dir/rosidl_generator_c/turtlesim/srv/detail/kill__functions.c.o[0m
[9.171s] [ 10%] [32mBuilding C object CMakeFiles/turtlesim__rosidl_generator_c.dir/rosidl_generator_c/turtlesim/srv/detail/set_pen__functions.c.o[0m
[9.362s] [ 11%] [32mBuilding C object CMakeFiles/turtlesim__rosidl_generator_c.dir/rosidl_generator_c/turtlesim/srv/detail/spawn__functions.c.o[0m
[9.409s] [ 12%] [32mBuilding C object CMakeFiles/turtlesim__rosidl_generator_c.dir/rosidl_generator_c/turtlesim/srv/detail/teleport_absolute__functions.c.o[0m
[9.618s] [ 13%] [32mBuilding C object CMakeFiles/turtlesim__rosidl_generator_c.dir/rosidl_generator_c/turtlesim/srv/detail/teleport_relative__functions.c.o[0m
[9.805s] [ 14%] [32m[1mLinking C shared library libturtlesim__rosidl_generator_c.so[0m
[9.915s] [ 14%] Built target turtlesim__rosidl_generator_c
[10.003s] [35m[1mScanning dependencies of target turtlesim__rosidl_typesupport_cpp[0m
[10.006s] [ 15%] [34m[1mGenerating C type support dispatch for ROS interfaces[0m
[10.009s] [ 16%] [34m[1mGenerating C introspection for ROS interfaces[0m
[10.107s] [ 17%] [32mBuilding CXX object CMakeFiles/turtlesim__rosidl_typesupport_cpp.dir/rosidl_typesupport_cpp/turtlesim/action/rotate_absolute__type_support.cpp.o[0m
[10.843s] [35m[1mScanning dependencies of target turtlesim__rosidl_typesupport_introspection_cpp[0m
[10.957s] [ 18%] [32mBuilding CXX object CMakeFiles/turtlesim__rosidl_typesupport_introspection_cpp.dir/rosidl_typesupport_introspection_cpp/turtlesim/action/detail/rotate_absolute__type_support.cpp.o[0m
[11.314s] [ 19%] [32mBuilding CXX object CMakeFiles/turtlesim__rosidl_typesupport_cpp.dir/rosidl_typesupport_cpp/turtlesim/msg/color__type_support.cpp.o[0m
[11.537s] [35m[1mScanning dependencies of target turtlesim__rosidl_typesupport_fastrtps_cpp[0m
[11.634s] [ 20%] [32mBuilding CXX object CMakeFiles/turtlesim__rosidl_typesupport_fastrtps_cpp.dir/rosidl_typesupport_fastrtps_cpp/turtlesim/action/dds_fastrtps/rotate_absolute__type_support.cpp.o[0m
[11.816s] [ 21%] [32mBuilding CXX object CMakeFiles/turtlesim__rosidl_typesupport_introspection_cpp.dir/rosidl_typesupport_introspection_cpp/turtlesim/msg/detail/color__type_support.cpp.o[0m
[12.069s] [ 22%] [32mBuilding CXX object CMakeFiles/turtlesim__rosidl_typesupport_cpp.dir/rosidl_typesupport_cpp/turtlesim/msg/pose__type_support.cpp.o[0m
[12.271s] [35m[1mScanning dependencies of target turtlesim__rosidl_typesupport_c[0m
[12.359s] [ 23%] [32mBuilding CXX object CMakeFiles/turtlesim__rosidl_typesupport_c.dir/rosidl_typesupport_c/turtlesim/action/rotate_absolute__type_support.cpp.o[0m
[12.521s] [ 24%] [32mBuilding CXX object CMakeFiles/turtlesim__rosidl_typesupport_introspection_cpp.dir/rosidl_typesupport_introspection_cpp/turtlesim/msg/detail/pose__type_support.cpp.o[0m
[12.619s] [ 25%] [32mBuilding CXX object CMakeFiles/turtlesim__rosidl_typesupport_c.dir/rosidl_typesupport_c/turtlesim/msg/color__type_support.cpp.o[0m
[12.769s] [ 26%] [32mBuilding CXX object CMakeFiles/turtlesim__rosidl_typesupport_c.dir/rosidl_typesupport_c/turtlesim/msg/pose__type_support.cpp.o[0m
[12.866s] [ 27%] [32mBuilding CXX object CMakeFiles/turtlesim__rosidl_typesupport_fastrtps_cpp.dir/rosidl_typesupport_fastrtps_cpp/turtlesim/msg/dds_fastrtps/color__type_support.cpp.o[0m
[12.877s] [ 28%] [32mBuilding CXX object CMakeFiles/turtlesim__rosidl_typesupport_cpp.dir/rosidl_typesupport_cpp/turtlesim/srv/kill__type_support.cpp.o[0m
[12.902s] [ 29%] [32mBuilding CXX object CMakeFiles/turtlesim__rosidl_typesupport_c.dir/rosidl_typesupport_c/turtlesim/srv/kill__type_support.cpp.o[0m
[12.979s] [ 30%] [32mBuilding CXX object CMakeFiles/turtlesim__rosidl_typesupport_c.dir/rosidl_typesupport_c/turtlesim/srv/set_pen__type_support.cpp.o[0m
[13.008s] [35m[1mScanning dependencies of target turtlesim__rosidl_typesupport_introspection_c[0m
[13.131s] [ 31%] [32mBuilding C object CMakeFiles/turtlesim__rosidl_typesupport_introspection_c.dir/rosidl_typesupport_introspection_c/turtlesim/action/detail/rotate_absolute__type_support.c.o[0m
[13.151s] [ 32%] [32mBuilding CXX object CMakeFiles/turtlesim__rosidl_typesupport_c.dir/rosidl_typesupport_c/turtlesim/srv/spawn__type_support.cpp.o[0m
[13.261s] [ 33%] [32mBuilding C object CMakeFiles/turtlesim__rosidl_typesupport_introspection_c.dir/rosidl_typesupport_introspection_c/turtlesim/msg/detail/color__type_support.c.o[0m
[13.267s] [ 34%] [32mBuilding CXX object CMakeFiles/turtlesim__rosidl_typesupport_c.dir/rosidl_typesupport_c/turtlesim/srv/teleport_absolute__type_support.cpp.o[0m
[13.273s] [ 35%] [32mBuilding CXX object CMakeFiles/turtlesim__rosidl_typesupport_introspection_cpp.dir/rosidl_typesupport_introspection_cpp/turtlesim/srv/detail/kill__type_support.cpp.o[0m
[13.360s] [ 36%] [32mBuilding C object CMakeFiles/turtlesim__rosidl_typesupport_introspection_c.dir/rosidl_typesupport_introspection_c/turtlesim/msg/detail/pose__type_support.c.o[0m
[13.404s] [ 37%] [32mBuilding CXX object CMakeFiles/turtlesim__rosidl_typesupport_c.dir/rosidl_typesupport_c/turtlesim/srv/teleport_relative__type_support.cpp.o[0m
[13.470s] [ 38%] [32m[1mLinking CXX shared library libturtlesim__rosidl_typesupport_c.so[0m
[13.513s] [ 39%] [32mBuilding CXX object CMakeFiles/turtlesim__rosidl_typesupport_cpp.dir/rosidl_typesupport_cpp/turtlesim/srv/set_pen__type_support.cpp.o[0m
[13.517s] [ 40%] [32mBuilding C object CMakeFiles/turtlesim__rosidl_typesupport_introspection_c.dir/rosidl_typesupport_introspection_c/turtlesim/srv/detail/kill__type_support.c.o[0m
[13.574s] [ 40%] Built target turtlesim__rosidl_typesupport_c
[13.620s] [ 41%] [32mBuilding C object CMakeFiles/turtlesim__rosidl_typesupport_introspection_c.dir/rosidl_typesupport_introspection_c/turtlesim/srv/detail/set_pen__type_support.c.o[0m
[13.627s] [ 42%] [32mBuilding C object CMakeFiles/turtlesim__rosidl_typesupport_introspection_c.dir/rosidl_typesupport_introspection_c/turtlesim/srv/detail/spawn__type_support.c.o[0m
[13.805s] [ 43%] [32mBuilding CXX object CMakeFiles/turtlesim__rosidl_typesupport_fastrtps_cpp.dir/rosidl_typesupport_fastrtps_cpp/turtlesim/msg/dds_fastrtps/pose__type_support.cpp.o[0m
[13.816s] [ 44%] [32mBuilding C object CMakeFiles/turtlesim__rosidl_typesupport_introspection_c.dir/rosidl_typesupport_introspection_c/turtlesim/srv/detail/teleport_absolute__type_support.c.o[0m
[13.817s] [ 45%] [32mBuilding C object CMakeFiles/turtlesim__rosidl_typesupport_introspection_c.dir/rosidl_typesupport_introspection_c/turtlesim/srv/detail/teleport_relative__type_support.c.o[0m
[13.875s] [ 46%] [32mBuilding CXX object CMakeFiles/turtlesim__rosidl_typesupport_fastrtps_cpp.dir/rosidl_typesupport_fastrtps_cpp/turtlesim/srv/dds_fastrtps/kill__type_support.cpp.o[0m
[13.907s] [ 47%] [32m[1mLinking C shared library libturtlesim__rosidl_typesupport_introspection_c.so[0m
[13.974s] [ 48%] [32mBuilding CXX object CMakeFiles/turtlesim__rosidl_typesupport_introspection_cpp.dir/rosidl_typesupport_introspection_cpp/turtlesim/srv/detail/set_pen__type_support.cpp.o[0m
[14.044s] [ 48%] Built target turtlesim__rosidl_typesupport_introspection_c
[14.075s] [ 49%] [32mBuilding CXX object CMakeFiles/turtlesim__rosidl_typesupport_introspection_cpp.dir/rosidl_typesupport_introspection_cpp/turtlesim/srv/detail/spawn__type_support.cpp.o[0m
[14.175s] [ 50%] [32mBuilding CXX object CMakeFiles/turtlesim__rosidl_typesupport_cpp.dir/rosidl_typesupport_cpp/turtlesim/srv/spawn__type_support.cpp.o[0m
[14.824s] [ 51%] [32mBuilding CXX object CMakeFiles/turtlesim__rosidl_typesupport_fastrtps_cpp.dir/rosidl_typesupport_fastrtps_cpp/turtlesim/srv/dds_fastrtps/set_pen__type_support.cpp.o[0m
[14.828s] [ 52%] [32mBuilding CXX object CMakeFiles/turtlesim__rosidl_typesupport_introspection_cpp.dir/rosidl_typesupport_introspection_cpp/turtlesim/srv/detail/teleport_absolute__type_support.cpp.o[0m
[14.863s] [ 53%] [32mBuilding CXX object CMakeFiles/turtlesim__rosidl_typesupport_cpp.dir/rosidl_typesupport_cpp/turtlesim/srv/teleport_absolute__type_support.cpp.o[0m
[14.931s] [ 54%] [32mBuilding CXX object CMakeFiles/turtlesim__rosidl_typesupport_introspection_cpp.dir/rosidl_typesupport_introspection_cpp/turtlesim/srv/detail/teleport_relative__type_support.cpp.o[0m
[14.936s] [ 55%] [32mBuilding CXX object CMakeFiles/turtlesim__rosidl_typesupport_fastrtps_cpp.dir/rosidl_typesupport_fastrtps_cpp/turtlesim/srv/dds_fastrtps/spawn__type_support.cpp.o[0m
[15.364s] [ 56%] [32mBuilding CXX object CMakeFiles/turtlesim__rosidl_typesupport_fastrtps_cpp.dir/rosidl_typesupport_fastrtps_cpp/turtlesim/srv/dds_fastrtps/teleport_absolute__type_support.cpp.o[0m
[15.427s] [ 57%] [32mBuilding CXX object CMakeFiles/turtlesim__rosidl_typesupport_cpp.dir/rosidl_typesupport_cpp/turtlesim/srv/teleport_relative__type_support.cpp.o[0m
[15.473s] [ 58%] [32m[1mLinking CXX shared library libturtlesim__rosidl_typesupport_introspection_cpp.so[0m
[15.630s] [ 58%] Built target turtlesim__rosidl_typesupport_introspection_cpp
[15.649s] [ 59%] [32mBuilding CXX object CMakeFiles/turtlesim__rosidl_typesupport_fastrtps_cpp.dir/rosidl_typesupport_fastrtps_cpp/turtlesim/srv/dds_fastrtps/teleport_relative__type_support.cpp.o[0m
[15.923s] [ 60%] [32m[1mLinking CXX shared library libturtlesim__rosidl_typesupport_cpp.so[0m
[15.996s] [ 60%] Built target turtlesim__rosidl_typesupport_cpp
[16.319s] [ 61%] [32m[1mLinking CXX shared library libturtlesim__rosidl_typesupport_fastrtps_cpp.so[0m
[16.452s] [ 61%] Built target turtlesim__rosidl_typesupport_fastrtps_cpp
[16.468s] [ 62%] [34m[1mGenerating C type support for eProsima Fast-RTPS[0m
[18.320s] [35m[1mScanning dependencies of target turtlesim__rosidl_typesupport_fastrtps_c[0m
[18.378s] [ 63%] [32mBuilding CXX object CMakeFiles/turtlesim__rosidl_typesupport_fastrtps_c.dir/rosidl_typesupport_fastrtps_c/turtlesim/action/rotate_absolute__type_support_c.cpp.o[0m
[18.378s] [ 64%] [32mBuilding CXX object CMakeFiles/turtlesim__rosidl_typesupport_fastrtps_c.dir/rosidl_typesupport_fastrtps_c/turtlesim/msg/color__type_support_c.cpp.o[0m
[18.379s] [ 65%] [32mBuilding CXX object CMakeFiles/turtlesim__rosidl_typesupport_fastrtps_c.dir/rosidl_typesupport_fastrtps_c/turtlesim/srv/kill__type_support_c.cpp.o[0m
[18.379s] [ 66%] [32mBuilding CXX object CMakeFiles/turtlesim__rosidl_typesupport_fastrtps_c.dir/rosidl_typesupport_fastrtps_c/turtlesim/srv/set_pen__type_support_c.cpp.o[0m
[18.380s] [ 67%] [32mBuilding CXX object CMakeFiles/turtlesim__rosidl_typesupport_fastrtps_c.dir/rosidl_typesupport_fastrtps_c/turtlesim/msg/pose__type_support_c.cpp.o[0m
[19.043s] [ 68%] [32mBuilding CXX object CMakeFiles/turtlesim__rosidl_typesupport_fastrtps_c.dir/rosidl_typesupport_fastrtps_c/turtlesim/srv/spawn__type_support_c.cpp.o[0m
[19.053s] [ 69%] [32mBuilding CXX object CMakeFiles/turtlesim__rosidl_typesupport_fastrtps_c.dir/rosidl_typesupport_fastrtps_c/turtlesim/srv/teleport_absolute__type_support_c.cpp.o[0m
[19.074s] [ 70%] [32mBuilding CXX object CMakeFiles/turtlesim__rosidl_typesupport_fastrtps_c.dir/rosidl_typesupport_fastrtps_c/turtlesim/srv/teleport_relative__type_support_c.cpp.o[0m
[19.654s] [ 71%] [32m[1mLinking CXX shared library libturtlesim__rosidl_typesupport_fastrtps_c.so[0m
[19.797s] [ 71%] Built target turtlesim__rosidl_typesupport_fastrtps_c
[19.811s] [35m[1mScanning dependencies of target turtlesim[0m
[19.826s] [ 71%] Built target turtlesim
[19.840s] [35m[1mScanning dependencies of target mimic[0m
[19.841s] [ 72%] [34m[1mGenerating include/turtlesim/moc_turtle_frame.cpp[0m
[19.841s] [35m[1mScanning dependencies of target turtlesim__py[0m
[19.841s] [35m[1mScanning dependencies of target turtle_teleop_key[0m
[19.841s] [35m[1mScanning dependencies of target draw_square[0m
[19.856s] [ 73%] [34m[1mGenerating Python code for ROS interfaces[0m
[19.914s] [ 75%] [32mBuilding CXX object CMakeFiles/mimic.dir/tutorials/mimic.cpp.o[0m
[19.914s] [ 75%] [32mBuilding CXX object CMakeFiles/draw_square.dir/tutorials/draw_square.cpp.o[0m
[19.921s] [ 76%] [32mBuilding CXX object CMakeFiles/turtle_teleop_key.dir/tutorials/teleop_turtle_key.cpp.o[0m
[19.932s] [35m[1mScanning dependencies of target turtlesim_node[0m
[20.102s] [ 77%] [32mBuilding CXX object CMakeFiles/turtlesim_node.dir/src/turtlesim.cpp.o[0m
[25.139s] [ 78%] [32mBuilding CXX object CMakeFiles/turtlesim_node.dir/src/turtle.cpp.o[0m
[25.860s] [ 78%] Built target turtlesim__py
[25.875s] [35m[1mScanning dependencies of target turtlesim__python[0m
[25.965s] [ 79%] [32mBuilding C object CMakeFiles/turtlesim__python.dir/rosidl_generator_py/turtlesim/action/_rotate_absolute_s.c.o[0m
[26.250s] [ 80%] [32mBuilding C object CMakeFiles/turtlesim__python.dir/rosidl_generator_py/turtlesim/msg/_color_s.c.o[0m
[26.441s] [ 81%] [32mBuilding C object CMakeFiles/turtlesim__python.dir/rosidl_generator_py/turtlesim/msg/_pose_s.c.o[0m
[26.655s] [ 82%] [32mBuilding C object CMakeFiles/turtlesim__python.dir/rosidl_generator_py/turtlesim/srv/_kill_s.c.o[0m
[26.847s] [ 83%] [32mBuilding C object CMakeFiles/turtlesim__python.dir/rosidl_generator_py/turtlesim/srv/_set_pen_s.c.o[0m
[27.048s] [ 84%] [32mBuilding C object CMakeFiles/turtlesim__python.dir/rosidl_generator_py/turtlesim/srv/_spawn_s.c.o[0m
[27.255s] [ 85%] [32mBuilding C object CMakeFiles/turtlesim__python.dir/rosidl_generator_py/turtlesim/srv/_teleport_absolute_s.c.o[0m
[27.470s] [ 86%] [32mBuilding C object CMakeFiles/turtlesim__python.dir/rosidl_generator_py/turtlesim/srv/_teleport_relative_s.c.o[0m
[27.640s] [ 87%] [32m[1mLinking CXX executable turtle_teleop_key[0m
[27.672s] [ 88%] [32m[1mLinking C shared library rosidl_generator_py/turtlesim/libturtlesim__python.so[0m
[27.767s] [ 88%] Built target turtlesim__python
[27.804s] [35m[1mScanning dependencies of target turtlesim__rosidl_typesupport_introspection_c__pyext[0m
[27.846s] [ 89%] [32mBuilding C object CMakeFiles/turtlesim__rosidl_typesupport_introspection_c__pyext.dir/rosidl_generator_py/turtlesim/_turtlesim_s.ep.rosidl_typesupport_introspection_c.c.o[0m
[27.933s] [ 90%] [32m[1mLinking CXX executable mimic[0m
[28.027s] [ 90%] Built target turtle_teleop_key
[28.043s] [35m[1mScanning dependencies of target turtlesim__rosidl_typesupport_c__pyext[0m
[28.105s] [ 91%] [32mBuilding C object CMakeFiles/turtlesim__rosidl_typesupport_c__pyext.dir/rosidl_generator_py/turtlesim/_turtlesim_s.ep.rosidl_typesupport_c.c.o[0m
[28.152s] [ 92%] [32m[1mLinking C shared library rosidl_generator_py/turtlesim/turtlesim_s__rosidl_typesupport_introspection_c.cpython-38-x86_64-linux-gnu.so[0m
[28.255s] [ 92%] Built target turtlesim__rosidl_typesupport_introspection_c__pyext
[28.272s] [35m[1mScanning dependencies of target turtlesim__rosidl_typesupport_fastrtps_c__pyext[0m
[28.325s] [ 92%] Built target mimic
[28.337s] [ 93%] [32mBuilding C object CMakeFiles/turtlesim__rosidl_typesupport_fastrtps_c__pyext.dir/rosidl_generator_py/turtlesim/_turtlesim_s.ep.rosidl_typesupport_fastrtps_c.c.o[0m
[28.338s] [ 94%] [32mBuilding CXX object CMakeFiles/turtlesim_node.dir/src/turtle_frame.cpp.o[0m
[28.416s] [ 95%] [32m[1mLinking C shared library rosidl_generator_py/turtlesim/turtlesim_s__rosidl_typesupport_c.cpython-38-x86_64-linux-gnu.so[0m
[28.518s] [ 95%] Built target turtlesim__rosidl_typesupport_c__pyext
[28.539s] [ 96%] [32mBuilding CXX object CMakeFiles/turtlesim_node.dir/include/turtlesim/moc_turtle_frame.cpp.o[0m
[28.652s] [ 97%] [32m[1mLinking CXX shared library rosidl_generator_py/turtlesim/turtlesim_s__rosidl_typesupport_fastrtps_c.cpython-38-x86_64-linux-gnu.so[0m
[28.834s] [ 97%] Built target turtlesim__rosidl_typesupport_fastrtps_c__pyext
[29.020s] [ 98%] [32m[1mLinking CXX executable draw_square[0m
[29.375s] [ 98%] Built target draw_square
[37.232s] [100%] [32m[1mLinking CXX executable turtlesim_node[0m
[38.556s] [100%] Built target turtlesim_node
