[0.081s] [35m[1mScanning dependencies of target talker[0m
[0.082s] [35m[1mScanning dependencies of target listener[0m
[0.121s] [ 25%] [32mBuilding CXX object CMakeFiles/talker.dir/src/talker.cpp.o[0m
[0.122s] [ 50%] [32mBuilding CXX object CMakeFiles/listener.dir/src/listener.cpp.o[0m
[2.306s] [01m[K/ros2_test/AD_Middle_Test/ros2/src/simple_s/src/listener.cpp:[m[K In constructor ‘[01m[KMinimalSubscriber::MinimalSubscriber(std::string, int)[m[K’:
[2.307s] [01m[K/ros2_test/AD_Middle_Test/ros2/src/simple_s/src/listener.cpp:60:153:[m[K [01;31m[Kerror: [m[Kno match for ‘[01m[Koperator=[m[K’ (operand types are ‘[01m[Kstd::shared_ptr<message_filters::Synchronizer<message_filters::sync_policies::ApproximateTime<test_interfaces::msg::Test_<std::allocator<void> >, test_interfaces::msg::Test_<std::allocator<void> > > > >[m[K’ and ‘[01m[Kstd::shared_ptr<rclcpp::Node>[m[K’)
[2.307s]    60 |    this->sync=make_shared<Synchronizer<sync_policies::ApproximateTime<test_interfaces::msg::Test,test_interfaces::msg::Test>>>(myP,this->sub1,this->sub2[01;31m[K)[m[K;
[2.307s]       |                                                                                                                                                         [01;31m[K^[m[K
[2.307s] In file included from [01m[K/usr/include/c++/9/memory:81[m[K,
[2.307s]                  from [01m[K/ros2_test/AD_Middle_Test/ros2/src/simple_s/src/listener.cpp:1[m[K:
[2.307s] [01m[K/usr/include/c++/9/bits/shared_ptr.h:309:19:[m[K [01;36m[Knote: [m[Kcandidate: ‘[01m[Kstd::shared_ptr<_Tp>& std::shared_ptr<_Tp>::operator=(const std::shared_ptr<_Tp>&) [with _Tp = message_filters::Synchronizer<message_filters::sync_policies::ApproximateTime<test_interfaces::msg::Test_<std::allocator<void> >, test_interfaces::msg::Test_<std::allocator<void> > > >][m[K’
[2.308s]   309 |       shared_ptr& [01;36m[Koperator[m[K=(const shared_ptr&) noexcept = default;
[2.308s]       |                   [01;36m[K^~~~~~~~[m[K
[2.308s] [01m[K/usr/include/c++/9/bits/shared_ptr.h:309:29:[m[K [01;36m[Knote: [m[K  no known conversion for argument 1 from ‘[01m[Kstd::shared_ptr<rclcpp::Node>[m[K’ to ‘[01m[Kconst std::shared_ptr<message_filters::Synchronizer<message_filters::sync_policies::ApproximateTime<test_interfaces::msg::Test_<std::allocator<void> >, test_interfaces::msg::Test_<std::allocator<void> > > > >&[m[K’
[2.308s]   309 |       shared_ptr& operator=([01;36m[Kconst shared_ptr&[m[K) noexcept = default;
[2.308s]       |                             [01;36m[K^~~~~~~~~~~~~~~~~[m[K
[2.308s] [01m[K/usr/include/c++/9/bits/shared_ptr.h:313:2:[m[K [01;36m[Knote: [m[Kcandidate: ‘[01m[Ktemplate<class _Yp> std::shared_ptr<_Tp>::_Assignable<const std::shared_ptr<_Yp>&> std::shared_ptr<_Tp>::operator=(const std::shared_ptr<_Yp>&) [with _Yp = _Yp; _Tp = message_filters::Synchronizer<message_filters::sync_policies::ApproximateTime<test_interfaces::msg::Test_<std::allocator<void> >, test_interfaces::msg::Test_<std::allocator<void> > > >][m[K’
[2.309s]   313 |  [01;36m[Koperator[m[K=(const shared_ptr<_Yp>& __r) noexcept
[2.309s]       |  [01;36m[K^~~~~~~~[m[K
[2.309s] [01m[K/usr/include/c++/9/bits/shared_ptr.h:313:2:[m[K [01;36m[Knote: [m[K  template argument deduction/substitution failed:
[2.309s] /usr/include/c++/9/bits/shared_ptr.h: In substitution of ‘[01m[Ktemplate<class _Tp> template<class _Arg> using _Assignable = typename std::enable_if<std::is_assignable<std::__shared_ptr<_Tp>&, _Arg>::value, std::shared_ptr<_Tp>&>::type [with _Arg = const std::shared_ptr<rclcpp::Node>&; _Tp = message_filters::Synchronizer<message_filters::sync_policies::ApproximateTime<test_interfaces::msg::Test_<std::allocator<void> >, test_interfaces::msg::Test_<std::allocator<void> > > >][m[K’:
[2.309s] [01m[K/usr/include/c++/9/bits/shared_ptr.h:313:2:[m[K   required by substitution of ‘[01m[Ktemplate<class _Yp> std::shared_ptr<message_filters::Synchronizer<message_filters::sync_policies::ApproximateTime<test_interfaces::msg::Test_<std::allocator<void> >, test_interfaces::msg::Test_<std::allocator<void> > > > >::_Assignable<const std::shared_ptr<_Tp>&> std::shared_ptr<message_filters::Synchronizer<message_filters::sync_policies::ApproximateTime<test_interfaces::msg::Test_<std::allocator<void> >, test_interfaces::msg::Test_<std::allocator<void> > > > >::operator=<_Yp>(const std::shared_ptr<_Tp>&) [with _Yp = rclcpp::Node][m[K’
[2.309s] [01m[K/ros2_test/AD_Middle_Test/ros2/src/simple_s/src/listener.cpp:60:153:[m[K   required from here
[2.309s] [01m[K/usr/include/c++/9/bits/shared_ptr.h:111:8:[m[K [01;31m[Kerror: [m[Kno type named ‘[01m[Ktype[m[K’ in ‘[01m[Kstruct std::enable_if<false, std::shared_ptr<message_filters::Synchronizer<message_filters::sync_policies::ApproximateTime<test_interfaces::msg::Test_<std::allocator<void> >, test_interfaces::msg::Test_<std::allocator<void> > > > >&>[m[K’
[2.310s]   111 |  using [01;31m[K_Assignable[m[K = typename enable_if<
[2.310s]       |        [01;31m[K^~~~~~~~~~~[m[K
[2.310s] [01m[K/usr/include/c++/9/bits/shared_ptr.h:324:2:[m[K [01;36m[Knote: [m[Kcandidate: ‘[01m[Ktemplate<class _Yp> std::shared_ptr<_Tp>::_Assignable<std::auto_ptr<_Up> > std::shared_ptr<_Tp>::operator=(std::auto_ptr<_Up>&&) [with _Yp = _Yp; _Tp = message_filters::Synchronizer<message_filters::sync_policies::ApproximateTime<test_interfaces::msg::Test_<std::allocator<void> >, test_interfaces::msg::Test_<std::allocator<void> > > >][m[K’
[2.310s]   324 |  [01;36m[Koperator[m[K=(auto_ptr<_Yp>&& __r)
[2.310s]       |  [01;36m[K^~~~~~~~[m[K
[2.310s] [01m[K/usr/include/c++/9/bits/shared_ptr.h:324:2:[m[K [01;36m[Knote: [m[K  template argument deduction/substitution failed:
[2.310s] [01m[K/ros2_test/AD_Middle_Test/ros2/src/simple_s/src/listener.cpp:60:153:[m[K [01;36m[Knote: [m[K  ‘[01m[Kstd::shared_ptr<rclcpp::Node>[m[K’ is not derived from ‘[01m[Kstd::auto_ptr<_Up>[m[K’
[2.311s]    60 |    this->sync=make_shared<Synchronizer<sync_policies::ApproximateTime<test_interfaces::msg::Test,test_interfaces::msg::Test>>>(myP,this->sub1,this->sub2[01;36m[K)[m[K;
[2.311s]       |                                                                                                                                                         [01;36m[K^[m[K
[2.311s] In file included from [01m[K/usr/include/c++/9/memory:81[m[K,
[2.311s]                  from [01m[K/ros2_test/AD_Middle_Test/ros2/src/simple_s/src/listener.cpp:1[m[K:
[2.311s] [01m[K/usr/include/c++/9/bits/shared_ptr.h:333:7:[m[K [01;36m[Knote: [m[Kcandidate: ‘[01m[Kstd::shared_ptr<_Tp>& std::shared_ptr<_Tp>::operator=(std::shared_ptr<_Tp>&&) [with _Tp = message_filters::Synchronizer<message_filters::sync_policies::ApproximateTime<test_interfaces::msg::Test_<std::allocator<void> >, test_interfaces::msg::Test_<std::allocator<void> > > >][m[K’
[2.311s]   333 |       [01;36m[Koperator[m[K=(shared_ptr&& __r) noexcept
[2.311s]       |       [01;36m[K^~~~~~~~[m[K
[2.312s] [01m[K/usr/include/c++/9/bits/shared_ptr.h:333:30:[m[K [01;36m[Knote: [m[K  no known conversion for argument 1 from ‘[01m[Kstd::shared_ptr<rclcpp::Node>[m[K’ to ‘[01m[Kstd::shared_ptr<message_filters::Synchronizer<message_filters::sync_policies::ApproximateTime<test_interfaces::msg::Test_<std::allocator<void> >, test_interfaces::msg::Test_<std::allocator<void> > > > >&&[m[K’
[2.312s]   333 |       operator=([01;36m[Kshared_ptr&& __r[m[K) noexcept
[2.312s]       |                 [01;36m[K~~~~~~~~~~~~~^~~[m[K
[2.312s] [01m[K/usr/include/c++/9/bits/shared_ptr.h:341:2:[m[K [01;36m[Knote: [m[Kcandidate: ‘[01m[Ktemplate<class _Yp> std::shared_ptr<_Tp>::_Assignable<std::shared_ptr<_Yp> > std::shared_ptr<_Tp>::operator=(std::shared_ptr<_Yp>&&) [with _Yp = _Yp; _Tp = message_filters::Synchronizer<message_filters::sync_policies::ApproximateTime<test_interfaces::msg::Test_<std::allocator<void> >, test_interfaces::msg::Test_<std::allocator<void> > > >][m[K’
[2.312s]   341 |  [01;36m[Koperator[m[K=(shared_ptr<_Yp>&& __r) noexcept
[2.312s]       |  [01;36m[K^~~~~~~~[m[K
[2.312s] [01m[K/usr/include/c++/9/bits/shared_ptr.h:341:2:[m[K [01;36m[Knote: [m[K  template argument deduction/substitution failed:
[2.312s] /usr/include/c++/9/bits/shared_ptr.h: In substitution of ‘[01m[Ktemplate<class _Tp> template<class _Arg> using _Assignable = typename std::enable_if<std::is_assignable<std::__shared_ptr<_Tp>&, _Arg>::value, std::shared_ptr<_Tp>&>::type [with _Arg = std::shared_ptr<rclcpp::Node>; _Tp = message_filters::Synchronizer<message_filters::sync_policies::ApproximateTime<test_interfaces::msg::Test_<std::allocator<void> >, test_interfaces::msg::Test_<std::allocator<void> > > >][m[K’:
[2.313s] [01m[K/usr/include/c++/9/bits/shared_ptr.h:341:2:[m[K   required by substitution of ‘[01m[Ktemplate<class _Yp> std::shared_ptr<message_filters::Synchronizer<message_filters::sync_policies::ApproximateTime<test_interfaces::msg::Test_<std::allocator<void> >, test_interfaces::msg::Test_<std::allocator<void> > > > >::_Assignable<std::shared_ptr<_Tp> > std::shared_ptr<message_filters::Synchronizer<message_filters::sync_policies::ApproximateTime<test_interfaces::msg::Test_<std::allocator<void> >, test_interfaces::msg::Test_<std::allocator<void> > > > >::operator=<_Yp>(std::shared_ptr<_Tp>&&) [with _Yp = rclcpp::Node][m[K’
[2.313s] [01m[K/ros2_test/AD_Middle_Test/ros2/src/simple_s/src/listener.cpp:60:153:[m[K   required from here
[2.313s] [01m[K/usr/include/c++/9/bits/shared_ptr.h:111:8:[m[K [01;31m[Kerror: [m[Kno type named ‘[01m[Ktype[m[K’ in ‘[01m[Kstruct std::enable_if<false, std::shared_ptr<message_filters::Synchronizer<message_filters::sync_policies::ApproximateTime<test_interfaces::msg::Test_<std::allocator<void> >, test_interfaces::msg::Test_<std::allocator<void> > > > >&>[m[K’
[2.313s]   111 |  using [01;31m[K_Assignable[m[K = typename enable_if<
[2.313s]       |        [01;31m[K^~~~~~~~~~~[m[K
[2.313s] [01m[K/usr/include/c++/9/bits/shared_ptr.h:349:2:[m[K [01;36m[Knote: [m[Kcandidate: ‘[01m[Ktemplate<class _Yp, class _Del> std::shared_ptr<_Tp>::_Assignable<std::unique_ptr<_Up, _Ep> > std::shared_ptr<_Tp>::operator=(std::unique_ptr<_Up, _Ep>&&) [with _Yp = _Yp; _Del = _Del; _Tp = message_filters::Synchronizer<message_filters::sync_policies::ApproximateTime<test_interfaces::msg::Test_<std::allocator<void> >, test_interfaces::msg::Test_<std::allocator<void> > > >][m[K’
[2.313s]   349 |  [01;36m[Koperator[m[K=(unique_ptr<_Yp, _Del>&& __r)
[2.314s]       |  [01;36m[K^~~~~~~~[m[K
[2.314s] [01m[K/usr/include/c++/9/bits/shared_ptr.h:349:2:[m[K [01;36m[Knote: [m[K  template argument deduction/substitution failed:
[2.314s] [01m[K/ros2_test/AD_Middle_Test/ros2/src/simple_s/src/listener.cpp:60:153:[m[K [01;36m[Knote: [m[K  ‘[01m[Kstd::shared_ptr<rclcpp::Node>[m[K’ is not derived from ‘[01m[Kstd::unique_ptr<_Tp, _Dp>[m[K’
[2.314s]    60 |    this->sync=make_shared<Synchronizer<sync_policies::ApproximateTime<test_interfaces::msg::Test,test_interfaces::msg::Test>>>(myP,this->sub1,this->sub2[01;36m[K)[m[K;
[2.314s]       |                                                                                                                                                         [01;36m[K^[m[K
[2.314s] In file included from [01m[K/opt/ros/foxy/include/rclcpp/context.hpp:19[m[K,
[2.314s]                  from [01m[K/opt/ros/foxy/include/rclcpp/contexts/default_context.hpp:18[m[K,
[2.315s]                  from [01m[K/opt/ros/foxy/include/rclcpp/executor.hpp:32[m[K,
[2.315s]                  from [01m[K/opt/ros/foxy/include/rclcpp/executors/multi_threaded_executor.hpp:25[m[K,
[2.315s]                  from [01m[K/opt/ros/foxy/include/rclcpp/executors.hpp:21[m[K,
[2.315s]                  from [01m[K/opt/ros/foxy/include/rclcpp/rclcpp.hpp:145[m[K,
[2.315s]                  from [01m[K/opt/ros/foxy/include/message_filters/subscriber.h:38[m[K,
[2.315s]                  from [01m[K/ros2_test/AD_Middle_Test/ros2/src/simple_s/src/listener.cpp:5[m[K:
[2.315s] /usr/include/c++/9/functional: In instantiation of ‘[01m[Kstruct std::_Bind_check_arity<void (MinimalSubscriber::*)(const std::shared_ptr<test_interfaces::msg::Test_<std::allocator<void> > >&, const std::shared_ptr<test_interfaces::msg::Test_<std::allocator<void> > >&), const std::_Placeholder<1>&, const std::_Placeholder<2>&>[m[K’:
[2.316s] [01m[K/usr/include/c++/9/functional:787:12:[m[K   required from ‘[01m[Kstruct std::_Bind_helper<false, void (MinimalSubscriber::*)(const std::shared_ptr<test_interfaces::msg::Test_<std::allocator<void> > >&, const std::shared_ptr<test_interfaces::msg::Test_<std::allocator<void> > >&), const std::_Placeholder<1>&, const std::_Placeholder<2>&>[m[K’
[2.316s] [01m[K/usr/include/c++/9/functional:808:5:[m[K   required by substitution of ‘[01m[Ktemplate<class _Func, class ... _BoundArgs> typename std::_Bind_helper<std::__is_socketlike<_Func>::value, _Func, _BoundArgs ...>::type std::bind(_Func&&, _BoundArgs&& ...) [with _Func = void (MinimalSubscriber::*)(const std::shared_ptr<test_interfaces::msg::Test_<std::allocator<void> > >&, const std::shared_ptr<test_interfaces::msg::Test_<std::allocator<void> > >&); _BoundArgs = {const std::_Placeholder<1>&, const std::_Placeholder<2>&}][m[K’
[2.316s] [01m[K/ros2_test/AD_Middle_Test/ros2/src/simple_s/src/listener.cpp:61:84:[m[K   required from here
[2.316s] [01m[K/usr/include/c++/9/functional:775:7:[m[K [01;31m[Kerror: [m[Kstatic assertion failed: Wrong number of arguments for pointer-to-member
[2.316s]   774 |       static_assert(_Varargs::[01;31m[Kvalue[m[K
[2.316s]       |                               [01;31m[K~~~~~[m[K
[2.316s]   775 | [01;31m[K      ? sizeof...(_BoundArgs) >= _Arity::value + 1[m[K
[2.316s]       |       [01;31m[K^~~~~~~~~~~~~~~~~~~~~~~~~~~~~~~~~~~~~~~~~~~~[m[K
[2.317s]   776 | [01;31m[K      : sizeof...(_BoundArgs) == _Arity::value + 1[m[K,
[2.317s]       |       [01;31m[K~~~~~~~~~~~~~~~~~~~~~~~~~~~~~~~~~~~~~~~~~~~~[m[K
[2.687s] In file included from [01m[K/opt/ros/foxy/include/message_filters/synchronizer.h:47[m[K,
[2.688s]                  from [01m[K/ros2_test/AD_Middle_Test/ros2/src/simple_s/src/listener.cpp:6[m[K:
[2.688s] /opt/ros/foxy/include/message_filters/signal9.h: In instantiation of ‘[01m[Kmessage_filters::Connection message_filters::Signal9<M0, M1, M2, M3, M4, M5, M6, M7, M8>::addCallback(C&) [with C = const std::_Bind<void (MinimalSubscriber::*(std::_Placeholder<1>, std::_Placeholder<2>))(const std::shared_ptr<test_interfaces::msg::Test_<std::allocator<void> > >&, const std::shared_ptr<test_interfaces::msg::Test_<std::allocator<void> > >&)>; M0 = test_interfaces::msg::Test_<std::allocator<void> >; M1 = test_interfaces::msg::Test_<std::allocator<void> >; M2 = message_filters::NullType; M3 = message_filters::NullType; M4 = message_filters::NullType; M5 = message_filters::NullType; M6 = message_filters::NullType; M7 = message_filters::NullType; M8 = message_filters::NullType][m[K’:
[2.688s] [01m[K/opt/ros/foxy/include/message_filters/synchronizer.h:298:40:[m[K   required from ‘[01m[Kmessage_filters::Connection message_filters::Synchronizer<Policy>::registerCallback(const C&) [with C = std::_Bind<void (MinimalSubscriber::*(std::_Placeholder<1>, std::_Placeholder<2>))(const std::shared_ptr<test_interfaces::msg::Test_<std::allocator<void> > >&, const std::shared_ptr<test_interfaces::msg::Test_<std::allocator<void> > >&)>; Policy = message_filters::sync_policies::ApproximateTime<test_interfaces::msg::Test_<std::allocator<void> >, test_interfaces::msg::Test_<std::allocator<void> > >][m[K’
[2.688s] [01m[K/ros2_test/AD_Middle_Test/ros2/src/simple_s/src/listener.cpp:61:85:[m[K   required from here
[2.688s] [01m[K/opt/ros/foxy/include/message_filters/signal9.h:280:267:[m[K [01;31m[Kerror: [m[Kno matching function for call to ‘[01m[Kmessage_filters::Signal9<test_interfaces::msg::Test_<std::allocator<void> >, test_interfaces::msg::Test_<std::allocator<void> >, message_filters::NullType, message_filters::NullType, message_filters::NullType, message_filters::NullType, message_filters::NullType, message_filters::NullType, message_filters::NullType>::addCallback<const M0ConstPtr&, const M1ConstPtr&, const M2ConstPtr&, const M3ConstPtr&, const M4ConstPtr&, const M5ConstPtr&, const M6ConstPtr&, const M7ConstPtr&, const M8ConstPtr&>(std::_Bind_helper<false, const std::_Bind<void (MinimalSubscriber::*(std::_Placeholder<1>, std::_Placeholder<2>))(const std::shared_ptr<test_interfaces::msg::Test_<std::allocator<void> > >&, const std::shared_ptr<test_interfaces::msg::Test_<std::allocator<void> > >&)>&, const std::_Placeholder<1>&, const std::_Placeholder<2>&, const std::_Placeholder<3>&, const std::_Placeholder<4>&, const std::_Placeholder<5>&, const std::_Placeholder<6>&, const std::_Placeholder<7>&, const std::_Placeholder<8>&, const std::_Placeholder<9>&>::type)[m[K’
[2.688s]   280 |                      const M8ConstPtr&>(std::bind(callback, std::placeholders::_1, std::placeholders::_2, std::placeholders::_3, std::placeholders::_4, std::placeholders::_5, std::placeholders::_6, std::placeholders::_7, std::placeholders::_8, std::placeholders::_9)[01;31m[K)[m[K;
[2.689s]       |                                                                                                                                                                                                                                                                           [01;31m[K^[m[K
[2.689s] In file included from [01m[K/opt/ros/foxy/include/message_filters/synchronizer.h:47[m[K,
[2.689s]                  from [01m[K/ros2_test/AD_Middle_Test/ros2/src/simple_s/src/listener.cpp:6[m[K:
[2.689s] [01m[K/opt/ros/foxy/include/message_filters/signal9.h:170:14:[m[K [01;36m[Knote: [m[Kcandidate: ‘[01m[Kmessage_filters::Connection message_filters::Signal9<M0, M1, M2, M3, M4, M5, M6, M7, M8>::addCallback(const std::function<void(P0, P1, P2, P3, P4, P5, P6, P7, P8)>&) [with P0 = const std::shared_ptr<const test_interfaces::msg::Test_<std::allocator<void> > >&; P1 = const std::shared_ptr<const test_interfaces::msg::Test_<std::allocator<void> > >&; P2 = const std::shared_ptr<const message_filters::NullType>&; P3 = const std::shared_ptr<const message_filters::NullType>&; P4 = const std::shared_ptr<const message_filters::NullType>&; P5 = const std::shared_ptr<const message_filters::NullType>&; P6 = const std::shared_ptr<const message_filters::NullType>&; P7 = const std::shared_ptr<const message_filters::NullType>&; P8 = const std::shared_ptr<const message_filters::NullType>&; M0 = test_interfaces::msg::Test_<std::allocator<void> >; M1 = test_interfaces::msg::Test_<std::allocator<void> >; M2 = message_filters::NullType; M3 = message_filters::NullType; M4 = message_filters::NullType; M5 = message_filters::NullType; M6 = message_filters::NullType; M7 = message_filters::NullType; M8 = message_filters::NullType][m[K’
[2.689s]   170 |   Connection [01;36m[KaddCallback[m[K(const std::function<void(P0, P1, P2, P3, P4, P5, P6, P7, P8)>& callback)
[2.689s]       |              [01;36m[K^~~~~~~~~~~[m[K
[2.689s] [01m[K/opt/ros/foxy/include/message_filters/signal9.h:170:89:[m[K [01;36m[Knote: [m[K  no known conversion for argument 1 from ‘[01m[Kstd::_Bind_helper<false, const std::_Bind<void (MinimalSubscriber::*(std::_Placeholder<1>, std::_Placeholder<2>))(const std::shared_ptr<test_interfaces::msg::Test_<std::allocator<void> > >&, const std::shared_ptr<test_interfaces::msg::Test_<std::allocator<void> > >&)>&, const std::_Placeholder<1>&, const std::_Placeholder<2>&, const std::_Placeholder<3>&, const std::_Placeholder<4>&, const std::_Placeholder<5>&, const std::_Placeholder<6>&, const std::_Placeholder<7>&, const std::_Placeholder<8>&, const std::_Placeholder<9>&>::type[m[K’ {aka ‘[01m[Kstd::_Bind<std::_Bind<void (MinimalSubscriber::*(std::_Placeholder<1>, std::_Placeholder<2>))(const std::shared_ptr<test_interfaces::msg::Test_<std::allocator<void> > >&, const std::shared_ptr<test_interfaces::msg::Test_<std::allocator<void> > >&)>(std::_Placeholder<1>, std::_Placeholder<2>, std::_Placeholder<3>, std::_Placeholder<4>, std::_Placeholder<5>, std::_Placeholder<6>, std::_Placeholder<7>, std::_Placeholder<8>, std::_Placeholder<9>)>[m[K’} to ‘[01m[Kconst std::function<void(const std::shared_ptr<const test_interfaces::msg::Test_<std::allocator<void> > >&, const std::shared_ptr<const test_interfaces::msg::Test_<std::allocator<void> > >&, const std::shared_ptr<const message_filters::NullType>&, const std::shared_ptr<const message_filters::NullType>&, const std::shared_ptr<const message_filters::NullType>&, const std::shared_ptr<const message_filters::NullType>&, const std::shared_ptr<const message_filters::NullType>&, const std::shared_ptr<const message_filters::NullType>&, const std::shared_ptr<const message_filters::NullType>&)>&[m[K’
[2.690s]   170 |   Connection addCallback([01;36m[Kconst std::function<void(P0, P1, P2, P3, P4, P5, P6, P7, P8)>& callback[m[K)
[2.690s]       |                          [01;36m[K~~~~~~~~~~~~~~~~~~~~~~~~~~~~~~~~~~~~~~~~~~~~~~~~~~~~~~~~~~~~~~~^~~~~~~~[m[K
[2.690s] [01m[K/opt/ros/foxy/include/message_filters/signal9.h:180:14:[m[K [01;36m[Knote: [m[Kcandidate: ‘[01m[Ktemplate<class P0, class P1> message_filters::Connection message_filters::Signal9<M0, M1, M2, M3, M4, M5, M6, M7, M8>::addCallback(void (*)(P0, P1)) [with P0 = P0; P1 = P1; M0 = test_interfaces::msg::Test_<std::allocator<void> >; M1 = test_interfaces::msg::Test_<std::allocator<void> >; M2 = message_filters::NullType; M3 = message_filters::NullType; M4 = message_filters::NullType; M5 = message_filters::NullType; M6 = message_filters::NullType; M7 = message_filters::NullType; M8 = message_filters::NullType][m[K’
[2.690s]   180 |   Connection [01;36m[KaddCallback[m[K(void(*callback)(P0, P1))
[2.690s]       |              [01;36m[K^~~~~~~~~~~[m[K
[2.690s] [01m[K/opt/ros/foxy/include/message_filters/signal9.h:180:14:[m[K [01;36m[Knote: [m[K  template argument deduction/substitution failed:
[2.690s] In file included from [01m[K/opt/ros/foxy/include/message_filters/synchronizer.h:47[m[K,
[2.691s]                  from [01m[K/ros2_test/AD_Middle_Test/ros2/src/simple_s/src/listener.cpp:6[m[K:
[2.691s] [01m[K/opt/ros/foxy/include/message_filters/signal9.h:280:267:[m[K [01;31m[Kerror: [m[Kwrong number of template arguments (9, should be 2)
[2.691s]   280 |                      const M8ConstPtr&>(std::bind(callback, std::placeholders::_1, std::placeholders::_2, std::placeholders::_3, std::placeholders::_4, std::placeholders::_5, std::placeholders::_6, std::placeholders::_7, std::placeholders::_8, std::placeholders::_9)[01;31m[K)[m[K;
[2.691s]       |                                                                                                                                                                                                                                                                           [01;31m[K^[m[K
[2.691s] In file included from [01m[K/opt/ros/foxy/include/message_filters/synchronizer.h:47[m[K,
[2.691s]                  from [01m[K/ros2_test/AD_Middle_Test/ros2/src/simple_s/src/listener.cpp:6[m[K:
[2.691s] [01m[K/opt/ros/foxy/include/message_filters/signal9.h:186:14:[m[K [01;36m[Knote: [m[Kcandidate: ‘[01m[Ktemplate<class P0, class P1, class P2> message_filters::Connection message_filters::Signal9<M0, M1, M2, M3, M4, M5, M6, M7, M8>::addCallback(void (*)(P0, P1, P2)) [with P0 = P0; P1 = P1; P2 = P2; M0 = test_interfaces::msg::Test_<std::allocator<void> >; M1 = test_interfaces::msg::Test_<std::allocator<void> >; M2 = message_filters::NullType; M3 = message_filters::NullType; M4 = message_filters::NullType; M5 = message_filters::NullType; M6 = message_filters::NullType; M7 = message_filters::NullType; M8 = message_filters::NullType][m[K’
[2.692s]   186 |   Connection [01;36m[KaddCallback[m[K(void(*callback)(P0, P1, P2))
[2.692s]       |              [01;36m[K^~~~~~~~~~~[m[K
[2.692s] [01m[K/opt/ros/foxy/include/message_filters/signal9.h:186:14:[m[K [01;36m[Knote: [m[K  template argument deduction/substitution failed:
[2.692s] In file included from [01m[K/opt/ros/foxy/include/message_filters/synchronizer.h:47[m[K,
[2.692s]                  from [01m[K/ros2_test/AD_Middle_Test/ros2/src/simple_s/src/listener.cpp:6[m[K:
[2.692s] [01m[K/opt/ros/foxy/include/message_filters/signal9.h:280:267:[m[K [01;31m[Kerror: [m[Kwrong number of template arguments (9, should be 3)
[2.692s]   280 |                      const M8ConstPtr&>(std::bind(callback, std::placeholders::_1, std::placeholders::_2, std::placeholders::_3, std::placeholders::_4, std::placeholders::_5, std::placeholders::_6, std::placeholders::_7, std::placeholders::_8, std::placeholders::_9)[01;31m[K)[m[K;
[2.693s]       |                                                                                                                                                                                                                                                                           [01;31m[K^[m[K
[2.693s] In file included from [01m[K/opt/ros/foxy/include/message_filters/synchronizer.h:47[m[K,
[2.693s]                  from [01m[K/ros2_test/AD_Middle_Test/ros2/src/simple_s/src/listener.cpp:6[m[K:
[2.693s] [01m[K/opt/ros/foxy/include/message_filters/signal9.h:192:14:[m[K [01;36m[Knote: [m[Kcandidate: ‘[01m[Ktemplate<class P0, class P1, class P2, class P3> message_filters::Connection message_filters::Signal9<M0, M1, M2, M3, M4, M5, M6, M7, M8>::addCallback(void (*)(P0, P1, P2, P3)) [with P0 = P0; P1 = P1; P2 = P2; P3 = P3; M0 = test_interfaces::msg::Test_<std::allocator<void> >; M1 = test_interfaces::msg::Test_<std::allocator<void> >; M2 = message_filters::NullType; M3 = message_filters::NullType; M4 = message_filters::NullType; M5 = message_filters::NullType; M6 = message_filters::NullType; M7 = message_filters::NullType; M8 = message_filters::NullType][m[K’
[2.693s]   192 |   Connection [01;36m[KaddCallback[m[K(void(*callback)(P0, P1, P2, P3))
[2.693s]       |              [01;36m[K^~~~~~~~~~~[m[K
[2.693s] [01m[K/opt/ros/foxy/include/message_filters/signal9.h:192:14:[m[K [01;36m[Knote: [m[K  template argument deduction/substitution failed:
[2.693s] In file included from [01m[K/opt/ros/foxy/include/message_filters/synchronizer.h:47[m[K,
[2.694s]                  from [01m[K/ros2_test/AD_Middle_Test/ros2/src/simple_s/src/listener.cpp:6[m[K:
[2.694s] [01m[K/opt/ros/foxy/include/message_filters/signal9.h:280:267:[m[K [01;31m[Kerror: [m[Kwrong number of template arguments (9, should be 4)
[2.694s]   280 |                      const M8ConstPtr&>(std::bind(callback, std::placeholders::_1, std::placeholders::_2, std::placeholders::_3, std::placeholders::_4, std::placeholders::_5, std::placeholders::_6, std::placeholders::_7, std::placeholders::_8, std::placeholders::_9)[01;31m[K)[m[K;
[2.694s]       |                                                                                                                                                                                                                                                                           [01;31m[K^[m[K
[2.694s] In file included from [01m[K/opt/ros/foxy/include/message_filters/synchronizer.h:47[m[K,
[2.694s]                  from [01m[K/ros2_test/AD_Middle_Test/ros2/src/simple_s/src/listener.cpp:6[m[K:
[2.694s] [01m[K/opt/ros/foxy/include/message_filters/signal9.h:198:14:[m[K [01;36m[Knote: [m[Kcandidate: ‘[01m[Ktemplate<class P0, class P1, class P2, class P3, class P4> message_filters::Connection message_filters::Signal9<M0, M1, M2, M3, M4, M5, M6, M7, M8>::addCallback(void (*)(P0, P1, P2, P3, P4)) [with P0 = P0; P1 = P1; P2 = P2; P3 = P3; P4 = P4; M0 = test_interfaces::msg::Test_<std::allocator<void> >; M1 = test_interfaces::msg::Test_<std::allocator<void> >; M2 = message_filters::NullType; M3 = message_filters::NullType; M4 = message_filters::NullType; M5 = message_filters::NullType; M6 = message_filters::NullType; M7 = message_filters::NullType; M8 = message_filters::NullType][m[K’
[2.695s]   198 |   Connection [01;36m[KaddCallback[m[K(void(*callback)(P0, P1, P2, P3, P4))
[2.695s]       |              [01;36m[K^~~~~~~~~~~[m[K
[2.695s] [01m[K/opt/ros/foxy/include/message_filters/signal9.h:198:14:[m[K [01;36m[Knote: [m[K  template argument deduction/substitution failed:
[2.695s] In file included from [01m[K/opt/ros/foxy/include/message_filters/synchronizer.h:47[m[K,
[2.695s]                  from [01m[K/ros2_test/AD_Middle_Test/ros2/src/simple_s/src/listener.cpp:6[m[K:
[2.695s] [01m[K/opt/ros/foxy/include/message_filters/signal9.h:280:267:[m[K [01;31m[Kerror: [m[Kwrong number of template arguments (9, should be 5)
[2.695s]   280 |                      const M8ConstPtr&>(std::bind(callback, std::placeholders::_1, std::placeholders::_2, std::placeholders::_3, std::placeholders::_4, std::placeholders::_5, std::placeholders::_6, std::placeholders::_7, std::placeholders::_8, std::placeholders::_9)[01;31m[K)[m[K;
[2.696s]       |                                                                                                                                                                                                                                                                           [01;31m[K^[m[K
[2.696s] In file included from [01m[K/opt/ros/foxy/include/message_filters/synchronizer.h:47[m[K,
[2.696s]                  from [01m[K/ros2_test/AD_Middle_Test/ros2/src/simple_s/src/listener.cpp:6[m[K:
[2.696s] [01m[K/opt/ros/foxy/include/message_filters/signal9.h:204:14:[m[K [01;36m[Knote: [m[Kcandidate: ‘[01m[Ktemplate<class P0, class P1, class P2, class P3, class P4, class P5> message_filters::Connection message_filters::Signal9<M0, M1, M2, M3, M4, M5, M6, M7, M8>::addCallback(void (*)(P0, P1, P2, P3, P4, P5)) [with P0 = P0; P1 = P1; P2 = P2; P3 = P3; P4 = P4; P5 = P5; M0 = test_interfaces::msg::Test_<std::allocator<void> >; M1 = test_interfaces::msg::Test_<std::allocator<void> >; M2 = message_filters::NullType; M3 = message_filters::NullType; M4 = message_filters::NullType; M5 = message_filters::NullType; M6 = message_filters::NullType; M7 = message_filters::NullType; M8 = message_filters::NullType][m[K’
[2.696s]   204 |   Connection [01;36m[KaddCallback[m[K(void(*callback)(P0, P1, P2, P3, P4, P5))
[2.696s]       |              [01;36m[K^~~~~~~~~~~[m[K
[2.696s] [01m[K/opt/ros/foxy/include/message_filters/signal9.h:204:14:[m[K [01;36m[Knote: [m[K  template argument deduction/substitution failed:
[2.697s] In file included from [01m[K/opt/ros/foxy/include/message_filters/synchronizer.h:47[m[K,
[2.697s]                  from [01m[K/ros2_test/AD_Middle_Test/ros2/src/simple_s/src/listener.cpp:6[m[K:
[2.697s] [01m[K/opt/ros/foxy/include/message_filters/signal9.h:280:267:[m[K [01;31m[Kerror: [m[Kwrong number of template arguments (9, should be 6)
[2.697s]   280 |                      const M8ConstPtr&>(std::bind(callback, std::placeholders::_1, std::placeholders::_2, std::placeholders::_3, std::placeholders::_4, std::placeholders::_5, std::placeholders::_6, std::placeholders::_7, std::placeholders::_8, std::placeholders::_9)[01;31m[K)[m[K;
[2.697s]       |                                                                                                                                                                                                                                                                           [01;31m[K^[m[K
[2.697s] In file included from [01m[K/opt/ros/foxy/include/message_filters/synchronizer.h:47[m[K,
[2.697s]                  from [01m[K/ros2_test/AD_Middle_Test/ros2/src/simple_s/src/listener.cpp:6[m[K:
[2.697s] [01m[K/opt/ros/foxy/include/message_filters/signal9.h:210:14:[m[K [01;36m[Knote: [m[Kcandidate: ‘[01m[Ktemplate<class P0, class P1, class P2, class P3, class P4, class P5, class P6> message_filters::Connection message_filters::Signal9<M0, M1, M2, M3, M4, M5, M6, M7, M8>::addCallback(void (*)(P0, P1, P2, P3, P4, P5, P6)) [with P0 = P0; P1 = P1; P2 = P2; P3 = P3; P4 = P4; P5 = P5; P6 = P6; M0 = test_interfaces::msg::Test_<std::allocator<void> >; M1 = test_interfaces::msg::Test_<std::allocator<void> >; M2 = message_filters::NullType; M3 = message_filters::NullType; M4 = message_filters::NullType; M5 = message_filters::NullType; M6 = message_filters::NullType; M7 = message_filters::NullType; M8 = message_filters::NullType][m[K’
[2.698s]   210 |   Connection [01;36m[KaddCallback[m[K(void(*callback)(P0, P1, P2, P3, P4, P5, P6))
[2.698s]       |              [01;36m[K^~~~~~~~~~~[m[K
[2.698s] [01m[K/opt/ros/foxy/include/message_filters/signal9.h:210:14:[m[K [01;36m[Knote: [m[K  template argument deduction/substitution failed:
[2.698s] In file included from [01m[K/opt/ros/foxy/include/message_filters/synchronizer.h:47[m[K,
[2.698s]                  from [01m[K/ros2_test/AD_Middle_Test/ros2/src/simple_s/src/listener.cpp:6[m[K:
[2.698s] [01m[K/opt/ros/foxy/include/message_filters/signal9.h:280:267:[m[K [01;31m[Kerror: [m[Kwrong number of template arguments (9, should be 7)
[2.698s]   280 |                      const M8ConstPtr&>(std::bind(callback, std::placeholders::_1, std::placeholders::_2, std::placeholders::_3, std::placeholders::_4, std::placeholders::_5, std::placeholders::_6, std::placeholders::_7, std::placeholders::_8, std::placeholders::_9)[01;31m[K)[m[K;
[2.699s]       |                                                                                                                                                                                                                                                                           [01;31m[K^[m[K
[2.699s] [01m[K/opt/ros/foxy/include/message_filters/signal9.h:216:14:[m[K [01;36m[Knote: [m[Kcandidate: ‘[01m[Ktemplate<class P0, class P1, class P2, class P3, class P4, class P5, class P6, class P7> message_filters::Connection message_filters::Signal9<M0, M1, M2, M3, M4, M5, M6, M7, M8>::addCallback(void (*)(P0, P1, P2, P3, P4, P5, P6, P7)) [with P0 = P0; P1 = P1; P2 = P2; P3 = P3; P4 = P4; P5 = P5; P6 = P6; P7 = P7; M0 = test_interfaces::msg::Test_<std::allocator<void> >; M1 = test_interfaces::msg::Test_<std::allocator<void> >; M2 = message_filters::NullType; M3 = message_filters::NullType; M4 = message_filters::NullType; M5 = message_filters::NullType; M6 = message_filters::NullType; M7 = message_filters::NullType; M8 = message_filters::NullType][m[K’
[2.699s]   216 |   Connection [01;36m[KaddCallback[m[K(void(*callback)(P0, P1, P2, P3, P4, P5, P6, P7))
[2.699s]       |              [01;36m[K^~~~~~~~~~~[m[K
[2.699s] [01m[K/opt/ros/foxy/include/message_filters/signal9.h:216:14:[m[K [01;36m[Knote: [m[K  template argument deduction/substitution failed:
[2.699s] [01m[K/opt/ros/foxy/include/message_filters/signal9.h:280:267:[m[K [01;31m[Kerror: [m[Kwrong number of template arguments (9, should be 8)
[2.699s]   280 |                      const M8ConstPtr&>(std::bind(callback, std::placeholders::_1, std::placeholders::_2, std::placeholders::_3, std::placeholders::_4, std::placeholders::_5, std::placeholders::_6, std::placeholders::_7, std::placeholders::_8, std::placeholders::_9)[01;31m[K)[m[K;
[2.700s]       |                                                                                                                                                                                                                                                                           [01;31m[K^[m[K
[2.700s] [01m[K/opt/ros/foxy/include/message_filters/signal9.h:222:14:[m[K [01;36m[Knote: [m[Kcandidate: ‘[01m[Kmessage_filters::Connection message_filters::Signal9<M0, M1, M2, M3, M4, M5, M6, M7, M8>::addCallback(void (*)(P0, P1, P2, P3, P4, P5, P6, P7, P8)) [with P0 = const std::shared_ptr<const test_interfaces::msg::Test_<std::allocator<void> > >&; P1 = const std::shared_ptr<const test_interfaces::msg::Test_<std::allocator<void> > >&; P2 = const std::shared_ptr<const message_filters::NullType>&; P3 = const std::shared_ptr<const message_filters::NullType>&; P4 = const std::shared_ptr<const message_filters::NullType>&; P5 = const std::shared_ptr<const message_filters::NullType>&; P6 = const std::shared_ptr<const message_filters::NullType>&; P7 = const std::shared_ptr<const message_filters::NullType>&; P8 = const std::shared_ptr<const message_filters::NullType>&; M0 = test_interfaces::msg::Test_<std::allocator<void> >; M1 = test_interfaces::msg::Test_<std::allocator<void> >; M2 = message_filters::NullType; M3 = message_filters::NullType; M4 = message_filters::NullType; M5 = message_filters::NullType; M6 = message_filters::NullType; M7 = message_filters::NullType; M8 = message_filters::NullType][m[K’
[2.700s]   222 |   Connection [01;36m[KaddCallback[m[K(void(*callback)(P0, P1, P2, P3, P4, P5, P6, P7, P8))
[2.700s]       |              [01;36m[K^~~~~~~~~~~[m[K
[2.700s] [01m[K/opt/ros/foxy/include/message_filters/signal9.h:222:32:[m[K [01;36m[Knote: [m[K  no known conversion for argument 1 from ‘[01m[Kstd::_Bind_helper<false, const std::_Bind<void (MinimalSubscriber::*(std::_Placeholder<1>, std::_Placeholder<2>))(const std::shared_ptr<test_interfaces::msg::Test_<std::allocator<void> > >&, const std::shared_ptr<test_interfaces::msg::Test_<std::allocator<void> > >&)>&, const std::_Placeholder<1>&, const std::_Placeholder<2>&, const std::_Placeholder<3>&, const std::_Placeholder<4>&, const std::_Placeholder<5>&, const std::_Placeholder<6>&, const std::_Placeholder<7>&, const std::_Placeholder<8>&, const std::_Placeholder<9>&>::type[m[K’ {aka ‘[01m[Kstd::_Bind<std::_Bind<void (MinimalSubscriber::*(std::_Placeholder<1>, std::_Placeholder<2>))(const std::shared_ptr<test_interfaces::msg::Test_<std::allocator<void> > >&, const std::shared_ptr<test_interfaces::msg::Test_<std::allocator<void> > >&)>(std::_Placeholder<1>, std::_Placeholder<2>, std::_Placeholder<3>, std::_Placeholder<4>, std::_Placeholder<5>, std::_Placeholder<6>, std::_Placeholder<7>, std::_Placeholder<8>, std::_Placeholder<9>)>[m[K’} to ‘[01m[Kvoid (*)(const std::shared_ptr<const test_interfaces::msg::Test_<std::allocator<void> > >&, const std::shared_ptr<const test_interfaces::msg::Test_<std::allocator<void> > >&, const std::shared_ptr<const message_filters::NullType>&, const std::shared_ptr<const message_filters::NullType>&, const std::shared_ptr<const message_filters::NullType>&, const std::shared_ptr<const message_filters::NullType>&, const std::shared_ptr<const message_filters::NullType>&, const std::shared_ptr<const message_filters::NullType>&, const std::shared_ptr<const message_filters::NullType>&)[m[K’
[2.700s]   222 |   Connection addCallback([01;36m[Kvoid(*callback)(P0, P1, P2, P3, P4, P5, P6, P7, P8)[m[K)
[2.700s]       |                          [01;36m[K~~~~~~^~~~~~~~~~~~~~~~~~~~~~~~~~~~~~~~~~~~~~~~~~~~~[m[K
[2.701s] [01m[K/opt/ros/foxy/include/message_filters/signal9.h:228:14:[m[K [01;36m[Knote: [m[Kcandidate: ‘[01m[Ktemplate<class T, class P0, class P1> message_filters::Connection message_filters::Signal9<M0, M1, M2, M3, M4, M5, M6, M7, M8>::addCallback(void (T::*)(P0, P1), T*) [with T = T; P0 = P0; P1 = P1; M0 = test_interfaces::msg::Test_<std::allocator<void> >; M1 = test_interfaces::msg::Test_<std::allocator<void> >; M2 = message_filters::NullType; M3 = message_filters::NullType; M4 = message_filters::NullType; M5 = message_filters::NullType; M6 = message_filters::NullType; M7 = message_filters::NullType; M8 = message_filters::NullType][m[K’
[2.701s]   228 |   Connection [01;36m[KaddCallback[m[K(void(T::*callback)(P0, P1), T* t)
[2.701s]       |              [01;36m[K^~~~~~~~~~~[m[K
[2.701s] [01m[K/opt/ros/foxy/include/message_filters/signal9.h:228:14:[m[K [01;36m[Knote: [m[K  template argument deduction/substitution failed:
[2.701s] [01m[K/opt/ros/foxy/include/message_filters/signal9.h:280:267:[m[K [01;31m[Kerror: [m[Kwrong number of template arguments (9, should be 3)
[2.701s]   280 |                      const M8ConstPtr&>(std::bind(callback, std::placeholders::_1, std::placeholders::_2, std::placeholders::_3, std::placeholders::_4, std::placeholders::_5, std::placeholders::_6, std::placeholders::_7, std::placeholders::_8, std::placeholders::_9)[01;31m[K)[m[K;
[2.701s]       |                                                                                                                                                                                                                                                                           [01;31m[K^[m[K
[2.701s] [01m[K/opt/ros/foxy/include/message_filters/signal9.h:234:14:[m[K [01;36m[Knote: [m[Kcandidate: ‘[01m[Ktemplate<class T, class P0, class P1, class P2> message_filters::Connection message_filters::Signal9<M0, M1, M2, M3, M4, M5, M6, M7, M8>::addCallback(void (T::*)(P0, P1, P2), T*) [with T = T; P0 = P0; P1 = P1; P2 = P2; M0 = test_interfaces::msg::Test_<std::allocator<void> >; M1 = test_interfaces::msg::Test_<std::allocator<void> >; M2 = message_filters::NullType; M3 = message_filters::NullType; M4 = message_filters::NullType; M5 = message_filters::NullType; M6 = message_filters::NullType; M7 = message_filters::NullType; M8 = message_filters::NullType][m[K’
[2.702s]   234 |   Connection [01;36m[KaddCallback[m[K(void(T::*callback)(P0, P1, P2), T* t)
[2.702s]       |              [01;36m[K^~~~~~~~~~~[m[K
[2.702s] [01m[K/opt/ros/foxy/include/message_filters/signal9.h:234:14:[m[K [01;36m[Knote: [m[K  template argument deduction/substitution failed:
[2.702s] [01m[K/opt/ros/foxy/include/message_filters/signal9.h:280:267:[m[K [01;31m[Kerror: [m[Kwrong number of template arguments (9, should be 4)
[2.702s]   280 |                      const M8ConstPtr&>(std::bind(callback, std::placeholders::_1, std::placeholders::_2, std::placeholders::_3, std::placeholders::_4, std::placeholders::_5, std::placeholders::_6, std::placeholders::_7, std::placeholders::_8, std::placeholders::_9)[01;31m[K)[m[K;
[2.702s]       |                                                                                                                                                                                                                                                                           [01;31m[K^[m[K
[2.702s] [01m[K/opt/ros/foxy/include/message_filters/signal9.h:240:14:[m[K [01;36m[Knote: [m[Kcandidate: ‘[01m[Ktemplate<class T, class P0, class P1, class P2, class P3> message_filters::Connection message_filters::Signal9<M0, M1, M2, M3, M4, M5, M6, M7, M8>::addCallback(void (T::*)(P0, P1, P2, P3), T*) [with T = T; P0 = P0; P1 = P1; P2 = P2; P3 = P3; M0 = test_interfaces::msg::Test_<std::allocator<void> >; M1 = test_interfaces::msg::Test_<std::allocator<void> >; M2 = message_filters::NullType; M3 = message_filters::NullType; M4 = message_filters::NullType; M5 = message_filters::NullType; M6 = message_filters::NullType; M7 = message_filters::NullType; M8 = message_filters::NullType][m[K’
[2.703s]   240 |   Connection [01;36m[KaddCallback[m[K(void(T::*callback)(P0, P1, P2, P3), T* t)
[2.703s]       |              [01;36m[K^~~~~~~~~~~[m[K
[2.703s] [01m[K/opt/ros/foxy/include/message_filters/signal9.h:240:14:[m[K [01;36m[Knote: [m[K  template argument deduction/substitution failed:
[2.703s] [01m[K/opt/ros/foxy/include/message_filters/signal9.h:280:267:[m[K [01;31m[Kerror: [m[Kwrong number of template arguments (9, should be 5)
[2.703s]   280 |                      const M8ConstPtr&>(std::bind(callback, std::placeholders::_1, std::placeholders::_2, std::placeholders::_3, std::placeholders::_4, std::placeholders::_5, std::placeholders::_6, std::placeholders::_7, std::placeholders::_8, std::placeholders::_9)[01;31m[K)[m[K;
[2.703s]       |                                                                                                                                                                                                                                                                           [01;31m[K^[m[K
[2.703s] [01m[K/opt/ros/foxy/include/message_filters/signal9.h:246:14:[m[K [01;36m[Knote: [m[Kcandidate: ‘[01m[Ktemplate<class T, class P0, class P1, class P2, class P3, class P4> message_filters::Connection message_filters::Signal9<M0, M1, M2, M3, M4, M5, M6, M7, M8>::addCallback(void (T::*)(P0, P1, P2, P3, P4), T*) [with T = T; P0 = P0; P1 = P1; P2 = P2; P3 = P3; P4 = P4; M0 = test_interfaces::msg::Test_<std::allocator<void> >; M1 = test_interfaces::msg::Test_<std::allocator<void> >; M2 = message_filters::NullType; M3 = message_filters::NullType; M4 = message_filters::NullType; M5 = message_filters::NullType; M6 = message_filters::NullType; M7 = message_filters::NullType; M8 = message_filters::NullType][m[K’
[2.704s]   246 |   Connection [01;36m[KaddCallback[m[K(void(T::*callback)(P0, P1, P2, P3, P4), T* t)
[2.704s]       |              [01;36m[K^~~~~~~~~~~[m[K
[2.704s] [01m[K/opt/ros/foxy/include/message_filters/signal9.h:246:14:[m[K [01;36m[Knote: [m[K  template argument deduction/substitution failed:
[2.704s] [01m[K/opt/ros/foxy/include/message_filters/signal9.h:280:267:[m[K [01;31m[Kerror: [m[Kwrong number of template arguments (9, should be 6)
[2.704s]   280 |                      const M8ConstPtr&>(std::bind(callback, std::placeholders::_1, std::placeholders::_2, std::placeholders::_3, std::placeholders::_4, std::placeholders::_5, std::placeholders::_6, std::placeholders::_7, std::placeholders::_8, std::placeholders::_9)[01;31m[K)[m[K;
[2.704s]       |                                                                                                                                                                                                                                                                           [01;31m[K^[m[K
[2.704s] [01m[K/opt/ros/foxy/include/message_filters/signal9.h:252:14:[m[K [01;36m[Knote: [m[Kcandidate: ‘[01m[Ktemplate<class T, class P0, class P1, class P2, class P3, class P4, class P5> message_filters::Connection message_filters::Signal9<M0, M1, M2, M3, M4, M5, M6, M7, M8>::addCallback(void (T::*)(P0, P1, P2, P3, P4, P5), T*) [with T = T; P0 = P0; P1 = P1; P2 = P2; P3 = P3; P4 = P4; P5 = P5; M0 = test_interfaces::msg::Test_<std::allocator<void> >; M1 = test_interfaces::msg::Test_<std::allocator<void> >; M2 = message_filters::NullType; M3 = message_filters::NullType; M4 = message_filters::NullType; M5 = message_filters::NullType; M6 = message_filters::NullType; M7 = message_filters::NullType; M8 = message_filters::NullType][m[K’
[2.704s]   252 |   Connection [01;36m[KaddCallback[m[K(void(T::*callback)(P0, P1, P2, P3, P4, P5), T* t)
[2.705s]       |              [01;36m[K^~~~~~~~~~~[m[K
[2.705s] [01m[K/opt/ros/foxy/include/message_filters/signal9.h:252:14:[m[K [01;36m[Knote: [m[K  template argument deduction/substitution failed:
[2.705s] [01m[K/opt/ros/foxy/include/message_filters/signal9.h:280:267:[m[K [01;31m[Kerror: [m[Kwrong number of template arguments (9, should be 7)
[2.705s]   280 |                      const M8ConstPtr&>(std::bind(callback, std::placeholders::_1, std::placeholders::_2, std::placeholders::_3, std::placeholders::_4, std::placeholders::_5, std::placeholders::_6, std::placeholders::_7, std::placeholders::_8, std::placeholders::_9)[01;31m[K)[m[K;
[2.705s]       |                                                                                                                                                                                                                                                                           [01;31m[K^[m[K
[2.705s] [01m[K/opt/ros/foxy/include/message_filters/signal9.h:258:14:[m[K [01;36m[Knote: [m[Kcandidate: ‘[01m[Ktemplate<class T, class P0, class P1, class P2, class P3, class P4, class P5, class P6> message_filters::Connection message_filters::Signal9<M0, M1, M2, M3, M4, M5, M6, M7, M8>::addCallback(void (T::*)(P0, P1, P2, P3, P4, P5, P6), T*) [with T = T; P0 = P0; P1 = P1; P2 = P2; P3 = P3; P4 = P4; P5 = P5; P6 = P6; M0 = test_interfaces::msg::Test_<std::allocator<void> >; M1 = test_interfaces::msg::Test_<std::allocator<void> >; M2 = message_filters::NullType; M3 = message_filters::NullType; M4 = message_filters::NullType; M5 = message_filters::NullType; M6 = message_filters::NullType; M7 = message_filters::NullType; M8 = message_filters::NullType][m[K’
[2.705s]   258 |   Connection [01;36m[KaddCallback[m[K(void(T::*callback)(P0, P1, P2, P3, P4, P5, P6), T* t)
[2.706s]       |              [01;36m[K^~~~~~~~~~~[m[K
[2.706s] [01m[K/opt/ros/foxy/include/message_filters/signal9.h:258:14:[m[K [01;36m[Knote: [m[K  template argument deduction/substitution failed:
[2.706s] [01m[K/opt/ros/foxy/include/message_filters/signal9.h:280:267:[m[K [01;31m[Kerror: [m[Kwrong number of template arguments (9, should be 8)
[2.706s]   280 |                      const M8ConstPtr&>(std::bind(callback, std::placeholders::_1, std::placeholders::_2, std::placeholders::_3, std::placeholders::_4, std::placeholders::_5, std::placeholders::_6, std::placeholders::_7, std::placeholders::_8, std::placeholders::_9)[01;31m[K)[m[K;
[2.706s]       |                                                                                                                                                                                                                                                                           [01;31m[K^[m[K
[2.706s] [01m[K/opt/ros/foxy/include/message_filters/signal9.h:264:14:[m[K [01;36m[Knote: [m[Kcandidate: ‘[01m[Ktemplate<class T, class P0, class P1, class P2, class P3, class P4, class P5, class P6, class P7> message_filters::Connection message_filters::Signal9<M0, M1, M2, M3, M4, M5, M6, M7, M8>::addCallback(void (T::*)(P0, P1, P2, P3, P4, P5, P6, P7), T*) [with T = T; P0 = P0; P1 = P1; P2 = P2; P3 = P3; P4 = P4; P5 = P5; P6 = P6; P7 = P7; M0 = test_interfaces::msg::Test_<std::allocator<void> >; M1 = test_interfaces::msg::Test_<std::allocator<void> >; M2 = message_filters::NullType; M3 = message_filters::NullType; M4 = message_filters::NullType; M5 = message_filters::NullType; M6 = message_filters::NullType; M7 = message_filters::NullType; M8 = message_filters::NullType][m[K’
[2.706s]   264 |   Connection [01;36m[KaddCallback[m[K(void(T::*callback)(P0, P1, P2, P3, P4, P5, P6, P7), T* t)
[2.707s]       |              [01;36m[K^~~~~~~~~~~[m[K
[2.707s] [01m[K/opt/ros/foxy/include/message_filters/signal9.h:264:14:[m[K [01;36m[Knote: [m[K  template argument deduction/substitution failed:
[2.707s] /opt/ros/foxy/include/message_filters/signal9.h: In substitution of ‘[01m[Ktemplate<class T, class P0, class P1, class P2, class P3, class P4, class P5, class P6, class P7> message_filters::Connection message_filters::Signal9<test_interfaces::msg::Test_<std::allocator<void> >, test_interfaces::msg::Test_<std::allocator<void> >, message_filters::NullType, message_filters::NullType, message_filters::NullType, message_filters::NullType, message_filters::NullType, message_filters::NullType, message_filters::NullType>::addCallback<T, P0, P1, P2, P3, P4, P5, P6, P7>(void (T::*)(P0, P1, P2, P3, P4, P5, P6, P7), T*) [with T = const std::shared_ptr<const test_interfaces::msg::Test_<std::allocator<void> > >&; P0 = const std::shared_ptr<const test_interfaces::msg::Test_<std::allocator<void> > >&; P1 = const std::shared_ptr<const message_filters::NullType>&; P2 = const std::shared_ptr<const message_filters::NullType>&; P3 = const std::shared_ptr<const message_filters::NullType>&; P4 = const std::shared_ptr<const message_filters::NullType>&; P5 = const std::shared_ptr<const message_filters::NullType>&; P6 = const std::shared_ptr<const message_filters::NullType>&; P7 = const std::shared_ptr<const message_filters::NullType>&][m[K’:
[2.707s] [01m[K/opt/ros/foxy/include/message_filters/signal9.h:280:267:[m[K   required from ‘[01m[Kmessage_filters::Connection message_filters::Signal9<M0, M1, M2, M3, M4, M5, M6, M7, M8>::addCallback(C&) [with C = const std::_Bind<void (MinimalSubscriber::*(std::_Placeholder<1>, std::_Placeholder<2>))(const std::shared_ptr<test_interfaces::msg::Test_<std::allocator<void> > >&, const std::shared_ptr<test_interfaces::msg::Test_<std::allocator<void> > >&)>; M0 = test_interfaces::msg::Test_<std::allocator<void> >; M1 = test_interfaces::msg::Test_<std::allocator<void> >; M2 = message_filters::NullType; M3 = message_filters::NullType; M4 = message_filters::NullType; M5 = message_filters::NullType; M6 = message_filters::NullType; M7 = message_filters::NullType; M8 = message_filters::NullType][m[K’
[2.707s] [01m[K/opt/ros/foxy/include/message_filters/synchronizer.h:298:40:[m[K   required from ‘[01m[Kmessage_filters::Connection message_filters::Synchronizer<Policy>::registerCallback(const C&) [with C = std::_Bind<void (MinimalSubscriber::*(std::_Placeholder<1>, std::_Placeholder<2>))(const std::shared_ptr<test_interfaces::msg::Test_<std::allocator<void> > >&, const std::shared_ptr<test_interfaces::msg::Test_<std::allocator<void> > >&)>; Policy = message_filters::sync_policies::ApproximateTime<test_interfaces::msg::Test_<std::allocator<void> >, test_interfaces::msg::Test_<std::allocator<void> > >][m[K’
[2.707s] [01m[K/ros2_test/AD_Middle_Test/ros2/src/simple_s/src/listener.cpp:61:85:[m[K   required from here
[2.707s] [01m[K/opt/ros/foxy/include/message_filters/signal9.h:264:14:[m[K [01;31m[Kerror: [m[Kforming pointer to reference type ‘[01m[Kconst std::shared_ptr<const test_interfaces::msg::Test_<std::allocator<void> > >&[m[K’
[2.708s] /opt/ros/foxy/include/message_filters/signal9.h: In instantiation of ‘[01m[Kmessage_filters::Connection message_filters::Signal9<M0, M1, M2, M3, M4, M5, M6, M7, M8>::addCallback(C&) [with C = const std::_Bind<void (MinimalSubscriber::*(std::_Placeholder<1>, std::_Placeholder<2>))(const std::shared_ptr<test_interfaces::msg::Test_<std::allocator<void> > >&, const std::shared_ptr<test_interfaces::msg::Test_<std::allocator<void> > >&)>; M0 = test_interfaces::msg::Test_<std::allocator<void> >; M1 = test_interfaces::msg::Test_<std::allocator<void> >; M2 = message_filters::NullType; M3 = message_filters::NullType; M4 = message_filters::NullType; M5 = message_filters::NullType; M6 = message_filters::NullType; M7 = message_filters::NullType; M8 = message_filters::NullType][m[K’:
[2.708s] [01m[K/opt/ros/foxy/include/message_filters/synchronizer.h:298:40:[m[K   required from ‘[01m[Kmessage_filters::Connection message_filters::Synchronizer<Policy>::registerCallback(const C&) [with C = std::_Bind<void (MinimalSubscriber::*(std::_Placeholder<1>, std::_Placeholder<2>))(const std::shared_ptr<test_interfaces::msg::Test_<std::allocator<void> > >&, const std::shared_ptr<test_interfaces::msg::Test_<std::allocator<void> > >&)>; Policy = message_filters::sync_policies::ApproximateTime<test_interfaces::msg::Test_<std::allocator<void> >, test_interfaces::msg::Test_<std::allocator<void> > >][m[K’
[2.708s] [01m[K/ros2_test/AD_Middle_Test/ros2/src/simple_s/src/listener.cpp:61:85:[m[K   required from here
[2.708s] [01m[K/opt/ros/foxy/include/message_filters/signal9.h:270:14:[m[K [01;36m[Knote: [m[Kcandidate: ‘[01m[Ktemplate<class C> message_filters::Connection message_filters::Signal9<M0, M1, M2, M3, M4, M5, M6, M7, M8>::addCallback(C&) [with C = C; M0 = test_interfaces::msg::Test_<std::allocator<void> >; M1 = test_interfaces::msg::Test_<std::allocator<void> >; M2 = message_filters::NullType; M3 = message_filters::NullType; M4 = message_filters::NullType; M5 = message_filters::NullType; M6 = message_filters::NullType; M7 = message_filters::NullType; M8 = message_filters::NullType][m[K’
[2.708s]   270 |   Connection [01;36m[KaddCallback[m[K( C& callback)
[2.708s]       |              [01;36m[K^~~~~~~~~~~[m[K
[2.708s] [01m[K/opt/ros/foxy/include/message_filters/signal9.h:270:14:[m[K [01;36m[Knote: [m[K  template argument deduction/substitution failed:
[2.709s] [01m[K/opt/ros/foxy/include/message_filters/signal9.h:280:267:[m[K [01;31m[Kerror: [m[Kwrong number of template arguments (9, should be 1)
[2.709s]   280 |                      const M8ConstPtr&>(std::bind(callback, std::placeholders::_1, std::placeholders::_2, std::placeholders::_3, std::placeholders::_4, std::placeholders::_5, std::placeholders::_6, std::placeholders::_7, std::placeholders::_8, std::placeholders::_9)[01;31m[K)[m[K;
[2.709s]       |                                                                                                                                                                                                                                                                           [01;31m[K^[m[K
[3.449s] In file included from [01m[K/usr/include/x86_64-linux-gnu/c++/9/bits/c++allocator.h:33[m[K,
[3.449s]                  from [01m[K/usr/include/c++/9/bits/allocator.h:46[m[K,
[3.449s]                  from [01m[K/usr/include/c++/9/memory:63[m[K,
[3.449s]                  from [01m[K/ros2_test/AD_Middle_Test/ros2/src/simple_s/src/listener.cpp:1[m[K:
[3.449s] /usr/include/c++/9/ext/new_allocator.h: In instantiation of ‘[01m[Kvoid __gnu_cxx::new_allocator<_Tp>::construct(_Up*, _Args&& ...) [with _Up = rclcpp::Node; _Args = {message_filters::Synchronizer<message_filters::sync_policies::ApproximateTime<test_interfaces::msg::Test_<std::allocator<void> >, test_interfaces::msg::Test_<std::allocator<void> >, message_filters::NullType, message_filters::NullType, message_filters::NullType, message_filters::NullType, message_filters::NullType, message_filters::NullType, message_filters::NullType> >, message_filters::Subscriber<test_interfaces::msg::Test_<std::allocator<void> > >&, message_filters::Subscriber<test_interfaces::msg::Test_<std::allocator<void> > >&}; _Tp = rclcpp::Node][m[K’:
[3.449s] [01m[K/usr/include/c++/9/bits/alloc_traits.h:482:2:[m[K   required from ‘[01m[Kstatic void std::allocator_traits<std::allocator<_Tp1> >::construct(std::allocator_traits<std::allocator<_Tp1> >::allocator_type&, _Up*, _Args&& ...) [with _Up = rclcpp::Node; _Args = {message_filters::Synchronizer<message_filters::sync_policies::ApproximateTime<test_interfaces::msg::Test_<std::allocator<void> >, test_interfaces::msg::Test_<std::allocator<void> >, message_filters::NullType, message_filters::NullType, message_filters::NullType, message_filters::NullType, message_filters::NullType, message_filters::NullType, message_filters::NullType> >, message_filters::Subscriber<test_interfaces::msg::Test_<std::allocator<void> > >&, message_filters::Subscriber<test_interfaces::msg::Test_<std::allocator<void> > >&}; _Tp = rclcpp::Node; std::allocator_traits<std::allocator<_Tp1> >::allocator_type = std::allocator<rclcpp::Node>][m[K’
[3.449s] [01m[K/usr/include/c++/9/bits/shared_ptr_base.h:548:39:[m[K   required from ‘[01m[Kstd::_Sp_counted_ptr_inplace<_Tp, _Alloc, _Lp>::_Sp_counted_ptr_inplace(_Alloc, _Args&& ...) [with _Args = {message_filters::Synchronizer<message_filters::sync_policies::ApproximateTime<test_interfaces::msg::Test_<std::allocator<void> >, test_interfaces::msg::Test_<std::allocator<void> >, message_filters::NullType, message_filters::NullType, message_filters::NullType, message_filters::NullType, message_filters::NullType, message_filters::NullType, message_filters::NullType> >, message_filters::Subscriber<test_interfaces::msg::Test_<std::allocator<void> > >&, message_filters::Subscriber<test_interfaces::msg::Test_<std::allocator<void> > >&}; _Tp = rclcpp::Node; _Alloc = std::allocator<rclcpp::Node>; __gnu_cxx::_Lock_policy _Lp = __gnu_cxx::_S_atomic][m[K’
[3.450s] [01m[K/usr/include/c++/9/bits/shared_ptr_base.h:679:16:[m[K   required from ‘[01m[Kstd::__shared_count<_Lp>::__shared_count(_Tp*&, std::_Sp_alloc_shared_tag<_Alloc>, _Args&& ...) [with _Tp = rclcpp::Node; _Alloc = std::allocator<rclcpp::Node>; _Args = {message_filters::Synchronizer<message_filters::sync_policies::ApproximateTime<test_interfaces::msg::Test_<std::allocator<void> >, test_interfaces::msg::Test_<std::allocator<void> >, message_filters::NullType, message_filters::NullType, message_filters::NullType, message_filters::NullType, message_filters::NullType, message_filters::NullType, message_filters::NullType> >, message_filters::Subscriber<test_interfaces::msg::Test_<std::allocator<void> > >&, message_filters::Subscriber<test_interfaces::msg::Test_<std::allocator<void> > >&}; __gnu_cxx::_Lock_policy _Lp = __gnu_cxx::_S_atomic][m[K’
[3.450s] [01m[K/usr/include/c++/9/bits/shared_ptr_base.h:1344:71:[m[K   required from ‘[01m[Kstd::__shared_ptr<_Tp, _Lp>::__shared_ptr(std::_Sp_alloc_shared_tag<_Tp>, _Args&& ...) [with _Alloc = std::allocator<rclcpp::Node>; _Args = {message_filters::Synchronizer<message_filters::sync_policies::ApproximateTime<test_interfaces::msg::Test_<std::allocator<void> >, test_interfaces::msg::Test_<std::allocator<void> >, message_filters::NullType, message_filters::NullType, message_filters::NullType, message_filters::NullType, message_filters::NullType, message_filters::NullType, message_filters::NullType> >, message_filters::Subscriber<test_interfaces::msg::Test_<std::allocator<void> > >&, message_filters::Subscriber<test_interfaces::msg::Test_<std::allocator<void> > >&}; _Tp = rclcpp::Node; __gnu_cxx::_Lock_policy _Lp = __gnu_cxx::_S_atomic][m[K’
[3.450s] [01m[K/usr/include/c++/9/bits/shared_ptr.h:359:59:[m[K   required from ‘[01m[Kstd::shared_ptr<_Tp>::shared_ptr(std::_Sp_alloc_shared_tag<_Tp>, _Args&& ...) [with _Alloc = std::allocator<rclcpp::Node>; _Args = {message_filters::Synchronizer<message_filters::sync_policies::ApproximateTime<test_interfaces::msg::Test_<std::allocator<void> >, test_interfaces::msg::Test_<std::allocator<void> >, message_filters::NullType, message_filters::NullType, message_filters::NullType, message_filters::NullType, message_filters::NullType, message_filters::NullType, message_filters::NullType> >, message_filters::Subscriber<test_interfaces::msg::Test_<std::allocator<void> > >&, message_filters::Subscriber<test_interfaces::msg::Test_<std::allocator<void> > >&}; _Tp = rclcpp::Node][m[K’
[3.450s] [01m[K/usr/include/c++/9/bits/shared_ptr.h:701:14:[m[K   required from ‘[01m[Kstd::shared_ptr<_Tp> std::allocate_shared(const _Alloc&, _Args&& ...) [with _Tp = rclcpp::Node; _Alloc = std::allocator<rclcpp::Node>; _Args = {message_filters::Synchronizer<message_filters::sync_policies::ApproximateTime<test_interfaces::msg::Test_<std::allocator<void> >, test_interfaces::msg::Test_<std::allocator<void> >, message_filters::NullType, message_filters::NullType, message_filters::NullType, message_filters::NullType, message_filters::NullType, message_filters::NullType, message_filters::NullType> >, message_filters::Subscriber<test_interfaces::msg::Test_<std::allocator<void> > >&, message_filters::Subscriber<test_interfaces::msg::Test_<std::allocator<void> > >&}][m[K’
[3.450s] [01m[K/usr/include/c++/9/bits/shared_ptr.h:717:39:[m[K   required from ‘[01m[Kstd::shared_ptr<_Tp> std::make_shared(_Args&& ...) [with _Tp = rclcpp::Node; _Args = {message_filters::Synchronizer<message_filters::sync_policies::ApproximateTime<test_interfaces::msg::Test_<std::allocator<void> >, test_interfaces::msg::Test_<std::allocator<void> >, message_filters::NullType, message_filters::NullType, message_filters::NullType, message_filters::NullType, message_filters::NullType, message_filters::NullType, message_filters::NullType> >, message_filters::Subscriber<test_interfaces::msg::Test_<std::allocator<void> > >&, message_filters::Subscriber<test_interfaces::msg::Test_<std::allocator<void> > >&}][m[K’
[3.450s] [01m[K/opt/ros/foxy/include/rclcpp/node.hpp:75:3:[m[K   required from ‘[01m[Kstatic std::shared_ptr<rclcpp::Node> rclcpp::Node::make_shared(Args&& ...) [with Args = {message_filters::Synchronizer<message_filters::sync_policies::ApproximateTime<test_interfaces::msg::Test_<std::allocator<void> >, test_interfaces::msg::Test_<std::allocator<void> >, message_filters::NullType, message_filters::NullType, message_filters::NullType, message_filters::NullType, message_filters::NullType, message_filters::NullType, message_filters::NullType> >, message_filters::Subscriber<test_interfaces::msg::Test_<std::allocator<void> > >&, message_filters::Subscriber<test_interfaces::msg::Test_<std::allocator<void> > >&}][m[K’
[3.451s] [01m[K/ros2_test/AD_Middle_Test/ros2/src/simple_s/src/listener.cpp:60:153:[m[K   required from here
[3.451s] [01m[K/usr/include/c++/9/ext/new_allocator.h:145:20:[m[K [01;31m[Kerror: [m[Kno matching function for call to ‘[01m[Krclcpp::Node::Node(message_filters::Synchronizer<message_filters::sync_policies::ApproximateTime<test_interfaces::msg::Test_<std::allocator<void> >, test_interfaces::msg::Test_<std::allocator<void> > > >, message_filters::Subscriber<test_interfaces::msg::Test_<std::allocator<void> > >&, message_filters::Subscriber<test_interfaces::msg::Test_<std::allocator<void> > >&)[m[K’
[3.451s]   145 |  noexcept(noexcept([01;31m[K::new((void *)__p)[m[K
[3.451s]       |                    [01;31m[K^~~~~~~~~~~~~~~~~~[m[K
[3.451s]   146 | [01;31m[K       _Up(std::forward<_Args>(__args)...)[m[K))
[3.451s]       |        [01;31m[K~~~~~~~~~~~~~~~~~~~~~~~~~~~~~~~~~~~[m[K
[3.451s] In file included from [01m[K/opt/ros/foxy/include/rclcpp/executors/single_threaded_executor.hpp:28[m[K,
[3.452s]                  from [01m[K/opt/ros/foxy/include/rclcpp/executors.hpp:22[m[K,
[3.452s]                  from [01m[K/opt/ros/foxy/include/rclcpp/rclcpp.hpp:145[m[K,
[3.452s]                  from [01m[K/opt/ros/foxy/include/message_filters/subscriber.h:38[m[K,
[3.452s]                  from [01m[K/ros2_test/AD_Middle_Test/ros2/src/simple_s/src/listener.cpp:5[m[K:
[3.452s] [01m[K/opt/ros/foxy/include/rclcpp/node.hpp:1136:3:[m[K [01;36m[Knote: [m[Kcandidate: ‘[01m[Krclcpp::Node::Node(const rclcpp::Node&, const string&)[m[K’
[3.452s]  1136 |   [01;36m[KNode[m[K(
[3.452s]       |   [01;36m[K^~~~[m[K
[3.452s] [01m[K/opt/ros/foxy/include/rclcpp/node.hpp:1136:3:[m[K [01;36m[Knote: [m[K  candidate expects 2 arguments, 3 provided
[3.453s] [01m[K/opt/ros/foxy/include/rclcpp/node.hpp:94:12:[m[K [01;36m[Knote: [m[Kcandidate: ‘[01m[Krclcpp::Node::Node(const string&, const string&, const rclcpp::NodeOptions&)[m[K’
[3.453s]    94 |   explicit [01;36m[KNode[m[K(
[3.453s]       |            [01;36m[K^~~~[m[K
[3.453s] [01m[K/opt/ros/foxy/include/rclcpp/node.hpp:95:25:[m[K [01;36m[Knote: [m[K  no known conversion for argument 1 from ‘[01m[Kmessage_filters::Synchronizer<message_filters::sync_policies::ApproximateTime<test_interfaces::msg::Test_<std::allocator<void> >, test_interfaces::msg::Test_<std::allocator<void> > > >[m[K’ to ‘[01m[Kconst string&[m[K’ {aka ‘[01m[Kconst std::__cxx11::basic_string<char>&[m[K’}
[3.453s]    95 |     [01;36m[Kconst std::string & node_name[m[K,
[3.453s]       |     [01;36m[K~~~~~~~~~~~~~~~~~~~~^~~~~~~~~[m[K
[3.453s] [01m[K/opt/ros/foxy/include/rclcpp/node.hpp:83:12:[m[K [01;36m[Knote: [m[Kcandidate: ‘[01m[Krclcpp::Node::Node(const string&, const rclcpp::NodeOptions&)[m[K’
[3.454s]    83 |   explicit [01;36m[KNode[m[K(
[3.454s]       |            [01;36m[K^~~~[m[K
[3.454s] [01m[K/opt/ros/foxy/include/rclcpp/node.hpp:83:12:[m[K [01;36m[Knote: [m[K  candidate expects 2 arguments, 3 provided
[4.347s] [ 75%] [32m[1mLinking CXX executable talker[0m
[4.413s] make[2]: *** [CMakeFiles/listener.dir/build.make:63: CMakeFiles/listener.dir/src/listener.cpp.o] Error 1
[4.413s] make[1]: *** [CMakeFiles/Makefile2:80: CMakeFiles/listener.dir/all] Error 2
[4.413s] make[1]: *** Waiting for unfinished jobs....
[4.549s] [ 75%] Built target talker
[4.550s] make: *** [Makefile:141: all] Error 2
