[0.024s] Invoking command in '/ros2_test/AD_Middle_Test/ros2/build/simple_s': /usr/bin/cmake --build /ros2_test/AD_Middle_Test/ros2/build/simple_s -- -j5 -l5
[0.063s] -- Found ament_cmake: 0.8.1 (/opt/ros/foxy/share/ament_cmake/cmake)
[0.103s] -- Using PYTHON_EXECUTABLE: /usr/bin/python3
[0.398s] -- Found rclcpp: 0.8.3 (/opt/ros/foxy/share/rclcpp/cmake)
[0.455s] -- Found rosidl_adapter: 0.8.2 (/opt/ros/foxy/share/rosidl_adapter/cmake)
[0.485s] -- Found rmw_implementation_cmake: 0.8.1 (/opt/ros/foxy/share/rmw_implementation_cmake/cmake)
[0.488s] -- Using RMW implementation 'rmw_fastrtps_cpp' as default
[0.602s] -- Found std_msgs: 0.8.1 (/opt/ros/foxy/share/std_msgs/cmake)
[0.610s] -- Found test_interfaces: 0.0.0 (/ros2_test/AD_Middle_Test/ros2/install/test_interfaces/share/test_interfaces/cmake)
[0.618s] -- Found message_filters: 3.2.3 (/opt/ros/foxy/share/message_filters/cmake)
[0.719s] -- Found ament_lint_auto: 0.9.1 (/opt/ros/foxy/share/ament_lint_auto/cmake)
[0.834s] -- Added test 'copyright' to check for copyright in CMake / C / C++ / Python code
[0.836s] -- Added test 'cppcheck' to perform static code analysis on C / C++ code
[0.836s] -- Configured cppcheck include dirs: 
[0.838s] -- Added test 'cpplint' to check C / C++ code against the Google style
[0.839s] -- Added test 'lint_cmake' to check CMake code style
[0.841s] -- Added test 'uncrustify' to check C / C++ code style
[0.842s] -- Added test 'xmllint' to check XML markup files
[0.845s] -- Configuring done
[0.893s] -- Generating done
[0.895s] -- Build files have been written to: /ros2_test/AD_Middle_Test/ros2/build/simple_s
[0.934s] [35m[1mScanning dependencies of target talker[0m
[0.934s] [35m[1mScanning dependencies of target intra_pipe[0m
[0.935s] [35m[1mScanning dependencies of target listener[0m
[0.977s] [ 16%] [32mBuilding CXX object CMakeFiles/intra_pipe.dir/src/intra_pipe.cpp.o[0m
[0.978s] [ 33%] [32mBuilding CXX object CMakeFiles/talker.dir/src/talker.cpp.o[0m
[0.980s] [ 50%] [32mBuilding CXX object CMakeFiles/listener.dir/src/listener.cpp.o[0m
[5.748s] [ 66%] [32m[1mLinking CXX executable talker[0m
[5.973s] [ 66%] Built target talker
[10.277s] [ 83%] [32m[1mLinking CXX executable listener[0m
[10.636s] [ 83%] Built target listener
[11.898s] [100%] [32m[1mLinking CXX executable intra_pipe[0m
[12.277s] [100%] Built target intra_pipe
