[0.306s] DEBUG:colcon:Command line arguments: ['/usr/bin/colcon', 'build']
[0.306s] DEBUG:colcon:Parsed command line arguments: Namespace(ament_cmake_args=None, base_paths=['.'], build_base='build', catkin_cmake_args=None, catkin_skip_building_tests=False, cmake_args=None, cmake_clean_cache=False, cmake_clean_first=False, cmake_force_configure=False, cmake_target=None, cmake_target_skip_unavailable=False, continue_on_error=False, event_handlers=None, executor='parallel', ignore_user_meta=False, install_base='install', log_base=None, log_level=None, main=<bound method BuildVerb.main of <colcon_core.verb.build.BuildVerb object at 0x7f54585893a0>>, merge_install=False, metas=['./colcon.meta'], mixin=None, mixin_files=None, mixin_verb=('build',), packages_above=None, packages_above_depth=None, packages_end=None, packages_ignore=None, packages_ignore_regex=None, packages_select=None, packages_select_build_failed=False, packages_select_by_dep=None, packages_select_regex=None, packages_select_test_failures=False, packages_skip=None, packages_skip_build_finished=False, packages_skip_by_dep=None, packages_skip_regex=None, packages_skip_test_passed=False, packages_skip_up_to=None, packages_start=None, packages_up_to=None, parallel_workers=40, paths=None, symlink_install=False, test_result_base=None, verb_extension=<colcon_core.verb.build.BuildVerb object at 0x7f54585893a0>, verb_name='build', verb_parser=<colcon_mixin.mixin.mixin_argument.MixinArgumentDecorator object at 0x7f5458589970>)
[0.374s] Level 1:colcon.colcon_core.package_discovery:discover_packages(colcon_meta) check parameters
[0.375s] INFO:colcon.colcon_metadata.package_discovery.colcon_meta:Using configuration from '/root/.colcon/metadata/default/Gazebo.meta'
[0.376s] INFO:colcon.colcon_metadata.package_discovery.colcon_meta:Using configuration from '/root/.colcon/metadata/default/fastrtps.meta'
[0.377s] Level 1:colcon.colcon_core.package_discovery:discover_packages(recursive) check parameters
[0.377s] Level 1:colcon.colcon_core.package_discovery:discover_packages(ignore) check parameters
[0.377s] Level 1:colcon.colcon_core.package_discovery:discover_packages(path) check parameters
[0.377s] Level 1:colcon.colcon_core.package_discovery:discover_packages(colcon_meta) discover
[0.377s] Level 1:colcon.colcon_core.package_discovery:discover_packages(recursive) discover
[0.377s] INFO:colcon.colcon_core.package_discovery:Crawling recursively for packages in '/ros2_test/AD_Middle_Test/ros2'
[0.377s] Level 1:colcon.colcon_core.package_identification:_identify(.) by extensions ['ignore', 'ignore_ament_install']
[0.377s] Level 1:colcon.colcon_core.package_identification:_identify(.) by extension 'ignore'
[0.377s] Level 1:colcon.colcon_core.package_identification:_identify(.) by extension 'ignore_ament_install'
[0.378s] Level 1:colcon.colcon_core.package_identification:_identify(.) by extensions ['colcon_pkg']
[0.378s] Level 1:colcon.colcon_core.package_identification:_identify(.) by extension 'colcon_pkg'
[0.378s] Level 1:colcon.colcon_core.package_identification:_identify(.) by extensions ['colcon_meta']
[0.378s] Level 1:colcon.colcon_core.package_identification:_identify(.) by extension 'colcon_meta'
[0.378s] Level 1:colcon.colcon_core.package_identification:_identify(.) by extensions ['ros']
[0.378s] Level 1:colcon.colcon_core.package_identification:_identify(.) by extension 'ros'
[0.398s] Level 1:colcon.colcon_core.package_identification:_identify(.) by extensions ['cmake', 'python']
[0.398s] Level 1:colcon.colcon_core.package_identification:_identify(.) by extension 'cmake'
[0.398s] Level 1:colcon.colcon_core.package_identification:_identify(.) by extension 'python'
[0.398s] Level 1:colcon.colcon_core.package_identification:_identify(.) by extensions ['python_setup_py']
[0.398s] Level 1:colcon.colcon_core.package_identification:_identify(.) by extension 'python_setup_py'
[0.399s] Level 1:colcon.colcon_core.package_identification:_identify(build) by extensions ['ignore', 'ignore_ament_install']
[0.399s] Level 1:colcon.colcon_core.package_identification:_identify(build) by extension 'ignore'
[0.399s] Level 1:colcon.colcon_core.package_identification:_identify(build) ignored
[0.399s] Level 1:colcon.colcon_core.package_identification:_identify(install) by extensions ['ignore', 'ignore_ament_install']
[0.399s] Level 1:colcon.colcon_core.package_identification:_identify(install) by extension 'ignore'
[0.399s] Level 1:colcon.colcon_core.package_identification:_identify(install) ignored
[0.400s] Level 1:colcon.colcon_core.package_identification:_identify(log) by extensions ['ignore', 'ignore_ament_install']
[0.400s] Level 1:colcon.colcon_core.package_identification:_identify(log) by extension 'ignore'
[0.400s] Level 1:colcon.colcon_core.package_identification:_identify(log) ignored
[0.400s] Level 1:colcon.colcon_core.package_identification:_identify(src) by extensions ['ignore', 'ignore_ament_install']
[0.400s] Level 1:colcon.colcon_core.package_identification:_identify(src) by extension 'ignore'
[0.400s] Level 1:colcon.colcon_core.package_identification:_identify(src) by extension 'ignore_ament_install'
[0.400s] Level 1:colcon.colcon_core.package_identification:_identify(src) by extensions ['colcon_pkg']
[0.400s] Level 1:colcon.colcon_core.package_identification:_identify(src) by extension 'colcon_pkg'
[0.400s] Level 1:colcon.colcon_core.package_identification:_identify(src) by extensions ['colcon_meta']
[0.401s] Level 1:colcon.colcon_core.package_identification:_identify(src) by extension 'colcon_meta'
[0.401s] Level 1:colcon.colcon_core.package_identification:_identify(src) by extensions ['ros']
[0.401s] Level 1:colcon.colcon_core.package_identification:_identify(src) by extension 'ros'
[0.401s] Level 1:colcon.colcon_core.package_identification:_identify(src) by extensions ['cmake', 'python']
[0.401s] Level 1:colcon.colcon_core.package_identification:_identify(src) by extension 'cmake'
[0.401s] Level 1:colcon.colcon_core.package_identification:_identify(src) by extension 'python'
[0.401s] Level 1:colcon.colcon_core.package_identification:_identify(src) by extensions ['python_setup_py']
[0.401s] Level 1:colcon.colcon_core.package_identification:_identify(src) by extension 'python_setup_py'
[0.401s] Level 1:colcon.colcon_core.package_identification:_identify(src/build) by extensions ['ignore', 'ignore_ament_install']
[0.401s] Level 1:colcon.colcon_core.package_identification:_identify(src/build) by extension 'ignore'
[0.402s] Level 1:colcon.colcon_core.package_identification:_identify(src/build) ignored
[0.402s] Level 1:colcon.colcon_core.package_identification:_identify(src/install) by extensions ['ignore', 'ignore_ament_install']
[0.402s] Level 1:colcon.colcon_core.package_identification:_identify(src/install) by extension 'ignore'
[0.402s] Level 1:colcon.colcon_core.package_identification:_identify(src/install) ignored
[0.402s] Level 1:colcon.colcon_core.package_identification:_identify(src/log) by extensions ['ignore', 'ignore_ament_install']
[0.402s] Level 1:colcon.colcon_core.package_identification:_identify(src/log) by extension 'ignore'
[0.402s] Level 1:colcon.colcon_core.package_identification:_identify(src/log) ignored
[0.403s] Level 1:colcon.colcon_core.package_identification:_identify(src/ros_tutorials) by extensions ['ignore', 'ignore_ament_install']
[0.403s] Level 1:colcon.colcon_core.package_identification:_identify(src/ros_tutorials) by extension 'ignore'
[0.403s] Level 1:colcon.colcon_core.package_identification:_identify(src/ros_tutorials) by extension 'ignore_ament_install'
[0.403s] Level 1:colcon.colcon_core.package_identification:_identify(src/ros_tutorials) by extensions ['colcon_pkg']
[0.403s] Level 1:colcon.colcon_core.package_identification:_identify(src/ros_tutorials) by extension 'colcon_pkg'
[0.403s] Level 1:colcon.colcon_core.package_identification:_identify(src/ros_tutorials) by extensions ['colcon_meta']
[0.403s] Level 1:colcon.colcon_core.package_identification:_identify(src/ros_tutorials) by extension 'colcon_meta'
[0.403s] Level 1:colcon.colcon_core.package_identification:_identify(src/ros_tutorials) by extensions ['ros']
[0.403s] Level 1:colcon.colcon_core.package_identification:_identify(src/ros_tutorials) by extension 'ros'
[0.403s] Level 1:colcon.colcon_core.package_identification:_identify(src/ros_tutorials) by extensions ['cmake', 'python']
[0.403s] Level 1:colcon.colcon_core.package_identification:_identify(src/ros_tutorials) by extension 'cmake'
[0.404s] Level 1:colcon.colcon_core.package_identification:_identify(src/ros_tutorials) by extension 'python'
[0.404s] Level 1:colcon.colcon_core.package_identification:_identify(src/ros_tutorials) by extensions ['python_setup_py']
[0.404s] Level 1:colcon.colcon_core.package_identification:_identify(src/ros_tutorials) by extension 'python_setup_py'
[0.404s] Level 1:colcon.colcon_core.package_identification:_identify(src/ros_tutorials/ros_tutorials) by extensions ['ignore', 'ignore_ament_install']
[0.404s] Level 1:colcon.colcon_core.package_identification:_identify(src/ros_tutorials/ros_tutorials) by extension 'ignore'
[0.404s] Level 1:colcon.colcon_core.package_identification:_identify(src/ros_tutorials/ros_tutorials) ignored
[0.404s] Level 1:colcon.colcon_core.package_identification:_identify(src/ros_tutorials/roscpp_tutorials) by extensions ['ignore', 'ignore_ament_install']
[0.405s] Level 1:colcon.colcon_core.package_identification:_identify(src/ros_tutorials/roscpp_tutorials) by extension 'ignore'
[0.405s] Level 1:colcon.colcon_core.package_identification:_identify(src/ros_tutorials/roscpp_tutorials) ignored
[0.405s] Level 1:colcon.colcon_core.package_identification:_identify(src/ros_tutorials/rospy_tutorials) by extensions ['ignore', 'ignore_ament_install']
[0.405s] Level 1:colcon.colcon_core.package_identification:_identify(src/ros_tutorials/rospy_tutorials) by extension 'ignore'
[0.405s] Level 1:colcon.colcon_core.package_identification:_identify(src/ros_tutorials/rospy_tutorials) ignored
[0.405s] Level 1:colcon.colcon_core.package_identification:_identify(src/ros_tutorials/turtlesim) by extensions ['ignore', 'ignore_ament_install']
[0.405s] Level 1:colcon.colcon_core.package_identification:_identify(src/ros_tutorials/turtlesim) by extension 'ignore'
[0.406s] Level 1:colcon.colcon_core.package_identification:_identify(src/ros_tutorials/turtlesim) by extension 'ignore_ament_install'
[0.406s] Level 1:colcon.colcon_core.package_identification:_identify(src/ros_tutorials/turtlesim) by extensions ['colcon_pkg']
[0.406s] Level 1:colcon.colcon_core.package_identification:_identify(src/ros_tutorials/turtlesim) by extension 'colcon_pkg'
[0.406s] Level 1:colcon.colcon_core.package_identification:_identify(src/ros_tutorials/turtlesim) by extensions ['colcon_meta']
[0.406s] Level 1:colcon.colcon_core.package_identification:_identify(src/ros_tutorials/turtlesim) by extension 'colcon_meta'
[0.406s] Level 1:colcon.colcon_core.package_identification:_identify(src/ros_tutorials/turtlesim) by extensions ['ros']
[0.406s] Level 1:colcon.colcon_core.package_identification:_identify(src/ros_tutorials/turtlesim) by extension 'ros'
[0.411s] DEBUG:colcon.colcon_core.package_identification:Package 'src/ros_tutorials/turtlesim' with type 'ros.ament_cmake' and name 'turtlesim'
[0.411s] Level 1:colcon.colcon_core.package_identification:_identify(src/simple_s) by extensions ['ignore', 'ignore_ament_install']
[0.412s] Level 1:colcon.colcon_core.package_identification:_identify(src/simple_s) by extension 'ignore'
[0.412s] Level 1:colcon.colcon_core.package_identification:_identify(src/simple_s) by extension 'ignore_ament_install'
[0.412s] Level 1:colcon.colcon_core.package_identification:_identify(src/simple_s) by extensions ['colcon_pkg']
[0.412s] Level 1:colcon.colcon_core.package_identification:_identify(src/simple_s) by extension 'colcon_pkg'
[0.412s] Level 1:colcon.colcon_core.package_identification:_identify(src/simple_s) by extensions ['colcon_meta']
[0.412s] Level 1:colcon.colcon_core.package_identification:_identify(src/simple_s) by extension 'colcon_meta'
[0.412s] Level 1:colcon.colcon_core.package_identification:_identify(src/simple_s) by extensions ['ros']
[0.412s] Level 1:colcon.colcon_core.package_identification:_identify(src/simple_s) by extension 'ros'
[0.414s] DEBUG:colcon.colcon_core.package_identification:Package 'src/simple_s' with type 'ros.ament_cmake' and name 'simple_s'
[0.414s] Level 1:colcon.colcon_core.package_identification:_identify(src/test_interfaces) by extensions ['ignore', 'ignore_ament_install']
[0.414s] Level 1:colcon.colcon_core.package_identification:_identify(src/test_interfaces) by extension 'ignore'
[0.414s] Level 1:colcon.colcon_core.package_identification:_identify(src/test_interfaces) by extension 'ignore_ament_install'
[0.414s] Level 1:colcon.colcon_core.package_identification:_identify(src/test_interfaces) by extensions ['colcon_pkg']
[0.414s] Level 1:colcon.colcon_core.package_identification:_identify(src/test_interfaces) by extension 'colcon_pkg'
[0.414s] Level 1:colcon.colcon_core.package_identification:_identify(src/test_interfaces) by extensions ['colcon_meta']
[0.414s] Level 1:colcon.colcon_core.package_identification:_identify(src/test_interfaces) by extension 'colcon_meta'
[0.414s] Level 1:colcon.colcon_core.package_identification:_identify(src/test_interfaces) by extensions ['ros']
[0.414s] Level 1:colcon.colcon_core.package_identification:_identify(src/test_interfaces) by extension 'ros'
[0.415s] DEBUG:colcon.colcon_core.package_identification:Package 'src/test_interfaces' with type 'ros.ament_cmake' and name 'test_interfaces'
[0.415s] Level 1:colcon.colcon_core.package_discovery:discover_packages(recursive) using defaults
[0.416s] Level 1:colcon.colcon_core.package_discovery:discover_packages(ignore) discover
[0.416s] Level 1:colcon.colcon_core.package_discovery:discover_packages(ignore) using defaults
[0.416s] Level 1:colcon.colcon_core.package_discovery:discover_packages(path) discover
[0.416s] Level 1:colcon.colcon_core.package_discovery:discover_packages(path) using defaults
[0.425s] Level 5:colcon.colcon_core.verb:set package 'test_interfaces' build argument 'cmake_args' from command line to 'None'
[0.426s] Level 5:colcon.colcon_core.verb:set package 'test_interfaces' build argument 'cmake_target' from command line to 'None'
[0.426s] Level 5:colcon.colcon_core.verb:set package 'test_interfaces' build argument 'cmake_target_skip_unavailable' from command line to 'False'
[0.426s] Level 5:colcon.colcon_core.verb:set package 'test_interfaces' build argument 'cmake_clean_cache' from command line to 'False'
[0.426s] Level 5:colcon.colcon_core.verb:set package 'test_interfaces' build argument 'cmake_clean_first' from command line to 'False'
[0.426s] Level 5:colcon.colcon_core.verb:set package 'test_interfaces' build argument 'cmake_force_configure' from command line to 'False'
[0.426s] Level 5:colcon.colcon_core.verb:set package 'test_interfaces' build argument 'ament_cmake_args' from command line to 'None'
[0.426s] Level 5:colcon.colcon_core.verb:set package 'test_interfaces' build argument 'catkin_cmake_args' from command line to 'None'
[0.426s] Level 5:colcon.colcon_core.verb:set package 'test_interfaces' build argument 'catkin_skip_building_tests' from command line to 'False'
[0.426s] DEBUG:colcon.colcon_core.verb:Building package 'test_interfaces' with the following arguments: {'ament_cmake_args': None, 'build_base': '/ros2_test/AD_Middle_Test/ros2/build/test_interfaces', 'catkin_cmake_args': None, 'catkin_skip_building_tests': False, 'cmake_args': None, 'cmake_clean_cache': False, 'cmake_clean_first': False, 'cmake_force_configure': False, 'cmake_target': None, 'cmake_target_skip_unavailable': False, 'install_base': '/ros2_test/AD_Middle_Test/ros2/install/test_interfaces', 'merge_install': False, 'path': '/ros2_test/AD_Middle_Test/ros2/src/test_interfaces', 'symlink_install': False, 'test_result_base': None}
[0.431s] Level 5:colcon.colcon_core.verb:set package 'turtlesim' build argument 'cmake_args' from command line to 'None'
[0.431s] Level 5:colcon.colcon_core.verb:set package 'turtlesim' build argument 'cmake_target' from command line to 'None'
[0.431s] Level 5:colcon.colcon_core.verb:set package 'turtlesim' build argument 'cmake_target_skip_unavailable' from command line to 'False'
[0.431s] Level 5:colcon.colcon_core.verb:set package 'turtlesim' build argument 'cmake_clean_cache' from command line to 'False'
[0.432s] Level 5:colcon.colcon_core.verb:set package 'turtlesim' build argument 'cmake_clean_first' from command line to 'False'
[0.432s] Level 5:colcon.colcon_core.verb:set package 'turtlesim' build argument 'cmake_force_configure' from command line to 'False'
[0.432s] Level 5:colcon.colcon_core.verb:set package 'turtlesim' build argument 'ament_cmake_args' from command line to 'None'
[0.432s] Level 5:colcon.colcon_core.verb:set package 'turtlesim' build argument 'catkin_cmake_args' from command line to 'None'
[0.432s] Level 5:colcon.colcon_core.verb:set package 'turtlesim' build argument 'catkin_skip_building_tests' from command line to 'False'
[0.432s] DEBUG:colcon.colcon_core.verb:Building package 'turtlesim' with the following arguments: {'ament_cmake_args': None, 'build_base': '/ros2_test/AD_Middle_Test/ros2/build/turtlesim', 'catkin_cmake_args': None, 'catkin_skip_building_tests': False, 'cmake_args': None, 'cmake_clean_cache': False, 'cmake_clean_first': False, 'cmake_force_configure': False, 'cmake_target': None, 'cmake_target_skip_unavailable': False, 'install_base': '/ros2_test/AD_Middle_Test/ros2/install/turtlesim', 'merge_install': False, 'path': '/ros2_test/AD_Middle_Test/ros2/src/ros_tutorials/turtlesim', 'symlink_install': False, 'test_result_base': None}
[0.437s] Level 5:colcon.colcon_core.verb:set package 'simple_s' build argument 'cmake_args' from command line to 'None'
[0.437s] Level 5:colcon.colcon_core.verb:set package 'simple_s' build argument 'cmake_target' from command line to 'None'
[0.437s] Level 5:colcon.colcon_core.verb:set package 'simple_s' build argument 'cmake_target_skip_unavailable' from command line to 'False'
[0.437s] Level 5:colcon.colcon_core.verb:set package 'simple_s' build argument 'cmake_clean_cache' from command line to 'False'
[0.437s] Level 5:colcon.colcon_core.verb:set package 'simple_s' build argument 'cmake_clean_first' from command line to 'False'
[0.437s] Level 5:colcon.colcon_core.verb:set package 'simple_s' build argument 'cmake_force_configure' from command line to 'False'
[0.437s] Level 5:colcon.colcon_core.verb:set package 'simple_s' build argument 'ament_cmake_args' from command line to 'None'
[0.437s] Level 5:colcon.colcon_core.verb:set package 'simple_s' build argument 'catkin_cmake_args' from command line to 'None'
[0.438s] Level 5:colcon.colcon_core.verb:set package 'simple_s' build argument 'catkin_skip_building_tests' from command line to 'False'
[0.438s] DEBUG:colcon.colcon_core.verb:Building package 'simple_s' with the following arguments: {'ament_cmake_args': None, 'build_base': '/ros2_test/AD_Middle_Test/ros2/build/simple_s', 'catkin_cmake_args': None, 'catkin_skip_building_tests': False, 'cmake_args': None, 'cmake_clean_cache': False, 'cmake_clean_first': False, 'cmake_force_configure': False, 'cmake_target': None, 'cmake_target_skip_unavailable': False, 'install_base': '/ros2_test/AD_Middle_Test/ros2/install/simple_s', 'merge_install': False, 'path': '/ros2_test/AD_Middle_Test/ros2/src/simple_s', 'symlink_install': False, 'test_result_base': None}
[0.438s] INFO:colcon.colcon_core.executor:Executing jobs using 'parallel' executor
[0.441s] DEBUG:colcon.colcon_parallel_executor.executor.parallel:run_until_complete
[0.442s] INFO:colcon.colcon_ros.task.ament_cmake.build:Building ROS package in '/ros2_test/AD_Middle_Test/ros2/src/test_interfaces' with build type 'ament_cmake'
[0.448s] INFO:colcon.colcon_core.plugin_system:Skipping extension 'colcon_core.shell.bat': Not used on non-Windows systems
[0.448s] INFO:colcon.colcon_cmake.task.cmake.build:Building CMake package in '/ros2_test/AD_Middle_Test/ros2/src/test_interfaces'
[0.449s] INFO:colcon.colcon_core.shell:Skip shell extension 'powershell' for command environment: Not usable outside of PowerShell
[0.449s] DEBUG:colcon.colcon_core.shell:Skip shell extension 'dsv' for command environment
[0.463s] INFO:colcon.colcon_ros.task.ament_cmake.build:Building ROS package in '/ros2_test/AD_Middle_Test/ros2/src/ros_tutorials/turtlesim' with build type 'ament_cmake'
[0.465s] INFO:colcon.colcon_cmake.task.cmake.build:Building CMake package in '/ros2_test/AD_Middle_Test/ros2/src/ros_tutorials/turtlesim'
[0.466s] INFO:colcon.colcon_core.shell:Skip shell extension 'powershell' for command environment: Not usable outside of PowerShell
[0.466s] DEBUG:colcon.colcon_core.shell:Skip shell extension 'dsv' for command environment
[0.483s] DEBUG:colcon.colcon_core.event_handler.log_command:Invoking command in '/ros2_test/AD_Middle_Test/ros2/build/test_interfaces': /usr/bin/cmake /ros2_test/AD_Middle_Test/ros2/src/test_interfaces -DCMAKE_INSTALL_PREFIX=/ros2_test/AD_Middle_Test/ros2/install/test_interfaces
[0.497s] DEBUG:colcon.colcon_core.event_handler.log_command:Invoking command in '/ros2_test/AD_Middle_Test/ros2/build/turtlesim': /usr/bin/cmake --build /ros2_test/AD_Middle_Test/ros2/build/turtlesim -- -j40 -l40
[0.827s] DEBUG:colcon.colcon_core.event_handler.log_command:Invoked command in '/ros2_test/AD_Middle_Test/ros2/build/turtlesim' returned '0': /usr/bin/cmake --build /ros2_test/AD_Middle_Test/ros2/build/turtlesim -- -j40 -l40
[1.074s] DEBUG:colcon.colcon_core.event_handler.log_command:Invoking command in '/ros2_test/AD_Middle_Test/ros2/build/turtlesim': /usr/bin/cmake --install /ros2_test/AD_Middle_Test/ros2/build/turtlesim
[1.169s] Level 1:colcon.colcon_core.environment:create_environment_scripts_only(turtlesim)
[1.170s] DEBUG:colcon.colcon_core.event_handler.log_command:Invoked command in '/ros2_test/AD_Middle_Test/ros2/build/turtlesim' returned '0': /usr/bin/cmake --install /ros2_test/AD_Middle_Test/ros2/build/turtlesim
[1.176s] Level 1:colcon.colcon_core.environment:checking '/ros2_test/AD_Middle_Test/ros2/install/turtlesim' for CMake module files
[1.178s] Level 1:colcon.colcon_core.environment:checking '/ros2_test/AD_Middle_Test/ros2/install/turtlesim' for CMake config files
[1.178s] Level 1:colcon.colcon_core.shell:create_environment_hook('turtlesim', 'cmake_prefix_path')
[1.180s] INFO:colcon.colcon_core.shell:Creating environment hook '/ros2_test/AD_Middle_Test/ros2/install/turtlesim/share/turtlesim/hook/cmake_prefix_path.ps1'
[1.181s] INFO:colcon.colcon_core.shell:Creating environment descriptor '/ros2_test/AD_Middle_Test/ros2/install/turtlesim/share/turtlesim/hook/cmake_prefix_path.dsv'
[1.182s] INFO:colcon.colcon_core.shell:Creating environment hook '/ros2_test/AD_Middle_Test/ros2/install/turtlesim/share/turtlesim/hook/cmake_prefix_path.sh'
[1.183s] Level 1:colcon.colcon_core.environment:checking '/ros2_test/AD_Middle_Test/ros2/install/turtlesim/lib'
[1.184s] Level 1:colcon.colcon_core.shell:create_environment_hook('turtlesim', 'ld_library_path_lib')
[1.184s] INFO:colcon.colcon_core.shell:Creating environment hook '/ros2_test/AD_Middle_Test/ros2/install/turtlesim/share/turtlesim/hook/ld_library_path_lib.ps1'
[1.185s] INFO:colcon.colcon_core.shell:Creating environment descriptor '/ros2_test/AD_Middle_Test/ros2/install/turtlesim/share/turtlesim/hook/ld_library_path_lib.dsv'
[1.186s] INFO:colcon.colcon_core.shell:Creating environment hook '/ros2_test/AD_Middle_Test/ros2/install/turtlesim/share/turtlesim/hook/ld_library_path_lib.sh'
[1.186s] Level 1:colcon.colcon_core.environment:checking '/ros2_test/AD_Middle_Test/ros2/install/turtlesim/bin'
[1.186s] Level 1:colcon.colcon_core.environment:checking '/ros2_test/AD_Middle_Test/ros2/install/turtlesim/lib/pkgconfig/turtlesim.pc'
[1.186s] Level 1:colcon.colcon_core.environment:checking '/ros2_test/AD_Middle_Test/ros2/install/turtlesim/lib/python3.8/site-packages'
[1.186s] Level 1:colcon.colcon_core.shell:create_environment_hook('turtlesim', 'pythonpath')
[1.187s] INFO:colcon.colcon_core.shell:Creating environment hook '/ros2_test/AD_Middle_Test/ros2/install/turtlesim/share/turtlesim/hook/pythonpath.ps1'
[1.188s] INFO:colcon.colcon_core.shell:Creating environment descriptor '/ros2_test/AD_Middle_Test/ros2/install/turtlesim/share/turtlesim/hook/pythonpath.dsv'
[1.188s] INFO:colcon.colcon_core.shell:Creating environment hook '/ros2_test/AD_Middle_Test/ros2/install/turtlesim/share/turtlesim/hook/pythonpath.sh'
[1.190s] INFO:colcon.colcon_core.shell:Creating package script '/ros2_test/AD_Middle_Test/ros2/install/turtlesim/share/turtlesim/package.ps1'
[1.192s] INFO:colcon.colcon_core.shell:Creating package descriptor '/ros2_test/AD_Middle_Test/ros2/install/turtlesim/share/turtlesim/package.dsv'
[1.193s] INFO:colcon.colcon_core.shell:Creating package script '/ros2_test/AD_Middle_Test/ros2/install/turtlesim/share/turtlesim/package.sh'
[1.195s] INFO:colcon.colcon_core.shell:Creating package script '/ros2_test/AD_Middle_Test/ros2/install/turtlesim/share/turtlesim/package.bash'
[1.196s] INFO:colcon.colcon_core.shell:Creating package script '/ros2_test/AD_Middle_Test/ros2/install/turtlesim/share/turtlesim/package.zsh'
[1.198s] Level 1:colcon.colcon_core.environment:create_file_with_runtime_dependencies(/ros2_test/AD_Middle_Test/ros2/install/turtlesim/share/colcon-core/packages/turtlesim)
[2.698s] DEBUG:colcon.colcon_core.event_handler.log_command:Invoked command in '/ros2_test/AD_Middle_Test/ros2/build/test_interfaces' returned '0': /usr/bin/cmake /ros2_test/AD_Middle_Test/ros2/src/test_interfaces -DCMAKE_INSTALL_PREFIX=/ros2_test/AD_Middle_Test/ros2/install/test_interfaces
[2.702s] DEBUG:colcon.colcon_core.event_handler.log_command:Invoking command in '/ros2_test/AD_Middle_Test/ros2/build/test_interfaces': /usr/bin/cmake --build /ros2_test/AD_Middle_Test/ros2/build/test_interfaces -- -j40 -l40
[7.077s] DEBUG:colcon.colcon_core.event_handler.log_command:Invoked command in '/ros2_test/AD_Middle_Test/ros2/build/test_interfaces' returned '0': /usr/bin/cmake --build /ros2_test/AD_Middle_Test/ros2/build/test_interfaces -- -j40 -l40
[7.149s] DEBUG:colcon.colcon_core.event_handler.log_command:Invoking command in '/ros2_test/AD_Middle_Test/ros2/build/test_interfaces': /usr/bin/cmake --install /ros2_test/AD_Middle_Test/ros2/build/test_interfaces
[7.241s] Level 1:colcon.colcon_core.environment:create_environment_scripts_only(test_interfaces)
[7.242s] DEBUG:colcon.colcon_core.event_handler.log_command:Invoked command in '/ros2_test/AD_Middle_Test/ros2/build/test_interfaces' returned '0': /usr/bin/cmake --install /ros2_test/AD_Middle_Test/ros2/build/test_interfaces
[7.244s] Level 1:colcon.colcon_core.environment:checking '/ros2_test/AD_Middle_Test/ros2/install/test_interfaces' for CMake module files
[7.245s] Level 1:colcon.colcon_core.environment:checking '/ros2_test/AD_Middle_Test/ros2/install/test_interfaces' for CMake config files
[7.246s] Level 1:colcon.colcon_core.shell:create_environment_hook('test_interfaces', 'cmake_prefix_path')
[7.247s] INFO:colcon.colcon_core.shell:Creating environment hook '/ros2_test/AD_Middle_Test/ros2/install/test_interfaces/share/test_interfaces/hook/cmake_prefix_path.ps1'
[7.248s] INFO:colcon.colcon_core.shell:Creating environment descriptor '/ros2_test/AD_Middle_Test/ros2/install/test_interfaces/share/test_interfaces/hook/cmake_prefix_path.dsv'
[7.248s] INFO:colcon.colcon_core.shell:Creating environment hook '/ros2_test/AD_Middle_Test/ros2/install/test_interfaces/share/test_interfaces/hook/cmake_prefix_path.sh'
[7.249s] Level 1:colcon.colcon_core.environment:checking '/ros2_test/AD_Middle_Test/ros2/install/test_interfaces/lib'
[7.249s] Level 1:colcon.colcon_core.shell:create_environment_hook('test_interfaces', 'ld_library_path_lib')
[7.250s] INFO:colcon.colcon_core.shell:Creating environment hook '/ros2_test/AD_Middle_Test/ros2/install/test_interfaces/share/test_interfaces/hook/ld_library_path_lib.ps1'
[7.251s] INFO:colcon.colcon_core.shell:Creating environment descriptor '/ros2_test/AD_Middle_Test/ros2/install/test_interfaces/share/test_interfaces/hook/ld_library_path_lib.dsv'
[7.251s] INFO:colcon.colcon_core.shell:Creating environment hook '/ros2_test/AD_Middle_Test/ros2/install/test_interfaces/share/test_interfaces/hook/ld_library_path_lib.sh'
[7.252s] Level 1:colcon.colcon_core.environment:checking '/ros2_test/AD_Middle_Test/ros2/install/test_interfaces/bin'
[7.252s] Level 1:colcon.colcon_core.environment:checking '/ros2_test/AD_Middle_Test/ros2/install/test_interfaces/lib/pkgconfig/test_interfaces.pc'
[7.252s] Level 1:colcon.colcon_core.environment:checking '/ros2_test/AD_Middle_Test/ros2/install/test_interfaces/lib/python3.8/site-packages'
[7.252s] Level 1:colcon.colcon_core.shell:create_environment_hook('test_interfaces', 'pythonpath')
[7.253s] INFO:colcon.colcon_core.shell:Creating environment hook '/ros2_test/AD_Middle_Test/ros2/install/test_interfaces/share/test_interfaces/hook/pythonpath.ps1'
[7.253s] INFO:colcon.colcon_core.shell:Creating environment descriptor '/ros2_test/AD_Middle_Test/ros2/install/test_interfaces/share/test_interfaces/hook/pythonpath.dsv'
[7.254s] INFO:colcon.colcon_core.shell:Creating environment hook '/ros2_test/AD_Middle_Test/ros2/install/test_interfaces/share/test_interfaces/hook/pythonpath.sh'
[7.256s] INFO:colcon.colcon_core.shell:Creating package script '/ros2_test/AD_Middle_Test/ros2/install/test_interfaces/share/test_interfaces/package.ps1'
[7.257s] INFO:colcon.colcon_core.shell:Creating package descriptor '/ros2_test/AD_Middle_Test/ros2/install/test_interfaces/share/test_interfaces/package.dsv'
[7.258s] INFO:colcon.colcon_core.shell:Creating package script '/ros2_test/AD_Middle_Test/ros2/install/test_interfaces/share/test_interfaces/package.sh'
[7.258s] INFO:colcon.colcon_core.shell:Creating package script '/ros2_test/AD_Middle_Test/ros2/install/test_interfaces/share/test_interfaces/package.bash'
[7.259s] INFO:colcon.colcon_core.shell:Creating package script '/ros2_test/AD_Middle_Test/ros2/install/test_interfaces/share/test_interfaces/package.zsh'
[7.259s] Level 1:colcon.colcon_core.environment:create_file_with_runtime_dependencies(/ros2_test/AD_Middle_Test/ros2/install/test_interfaces/share/colcon-core/packages/test_interfaces)
[7.260s] INFO:colcon.colcon_ros.task.ament_cmake.build:Building ROS package in '/ros2_test/AD_Middle_Test/ros2/src/simple_s' with build type 'ament_cmake'
[7.261s] INFO:colcon.colcon_cmake.task.cmake.build:Building CMake package in '/ros2_test/AD_Middle_Test/ros2/src/simple_s'
[7.262s] INFO:colcon.colcon_core.shell:Skip shell extension 'powershell' for command environment: Not usable outside of PowerShell
[7.262s] DEBUG:colcon.colcon_core.shell:Skip shell extension 'dsv' for command environment
[7.287s] DEBUG:colcon.colcon_core.event_handler.log_command:Invoking command in '/ros2_test/AD_Middle_Test/ros2/build/simple_s': AMENT_PREFIX_PATH=/ros2_test/AD_Middle_Test/ros2/install/test_interfaces:${AMENT_PREFIX_PATH} CMAKE_PREFIX_PATH=/ros2_test/AD_Middle_Test/ros2/install/test_interfaces:${CMAKE_PREFIX_PATH} LD_LIBRARY_PATH=/ros2_test/AD_Middle_Test/ros2/install/test_interfaces/lib:${LD_LIBRARY_PATH} PYTHONPATH=/ros2_test/AD_Middle_Test/ros2/install/test_interfaces/lib/python3.8/site-packages:${PYTHONPATH} /usr/bin/cmake --build /ros2_test/AD_Middle_Test/ros2/build/simple_s -- -j40 -l40
[11.945s] DEBUG:colcon.colcon_core.event_handler.log_command:Invoked command in '/ros2_test/AD_Middle_Test/ros2/build/simple_s' returned '2': AMENT_PREFIX_PATH=/ros2_test/AD_Middle_Test/ros2/install/test_interfaces:${AMENT_PREFIX_PATH} CMAKE_PREFIX_PATH=/ros2_test/AD_Middle_Test/ros2/install/test_interfaces:${CMAKE_PREFIX_PATH} LD_LIBRARY_PATH=/ros2_test/AD_Middle_Test/ros2/install/test_interfaces/lib:${LD_LIBRARY_PATH} PYTHONPATH=/ros2_test/AD_Middle_Test/ros2/install/test_interfaces/lib/python3.8/site-packages:${PYTHONPATH} /usr/bin/cmake --build /ros2_test/AD_Middle_Test/ros2/build/simple_s -- -j40 -l40
[11.955s] DEBUG:colcon.colcon_parallel_executor.executor.parallel:closing loop
[11.955s] DEBUG:colcon.colcon_parallel_executor.executor.parallel:loop closed
[11.955s] DEBUG:colcon.colcon_parallel_executor.executor.parallel:run_until_complete finished with '2'
[11.956s] DEBUG:colcon.colcon_core.event_reactor:joining thread
[11.966s] INFO:colcon.colcon_core.plugin_system:Skipping extension 'colcon_notification.desktop_notification.notify_send': Could not find 'notify-send'
[11.966s] INFO:colcon.colcon_core.plugin_system:Skipping extension 'colcon_notification.desktop_notification.terminal_notifier': Not used on non-Darwin systems
[11.966s] INFO:colcon.colcon_core.plugin_system:Skipping extension 'colcon_notification.desktop_notification.win32': Not used on non-Windows systems
[11.966s] INFO:colcon.colcon_notification.desktop_notification:Sending desktop notification using 'notify2'
[11.966s] DEBUG:colcon.colcon_notification.desktop_notification.notify2:Failed to initialize notify2: org.freedesktop.DBus.Error.NotSupported: Unable to autolaunch a dbus-daemon without a $DISPLAY for X11
[11.966s] DEBUG:colcon.colcon_core.event_reactor:joined thread
[11.967s] INFO:colcon.colcon_core.shell:Creating prefix script '/ros2_test/AD_Middle_Test/ros2/install/local_setup.ps1'
[11.969s] INFO:colcon.colcon_core.shell:Creating prefix util module '/ros2_test/AD_Middle_Test/ros2/install/_local_setup_util_ps1.py'
[11.972s] INFO:colcon.colcon_core.shell:Creating prefix chain script '/ros2_test/AD_Middle_Test/ros2/install/setup.ps1'
[11.977s] INFO:colcon.colcon_core.shell:Creating prefix script '/ros2_test/AD_Middle_Test/ros2/install/local_setup.sh'
[11.978s] INFO:colcon.colcon_core.shell:Creating prefix util module '/ros2_test/AD_Middle_Test/ros2/install/_local_setup_util_sh.py'
[11.978s] INFO:colcon.colcon_core.shell:Creating prefix chain script '/ros2_test/AD_Middle_Test/ros2/install/setup.sh'
[11.983s] INFO:colcon.colcon_core.shell:Creating prefix script '/ros2_test/AD_Middle_Test/ros2/install/local_setup.bash'
[11.984s] INFO:colcon.colcon_core.shell:Creating prefix chain script '/ros2_test/AD_Middle_Test/ros2/install/setup.bash'
[11.988s] INFO:colcon.colcon_core.shell:Creating prefix script '/ros2_test/AD_Middle_Test/ros2/install/local_setup.zsh'
[11.989s] INFO:colcon.colcon_core.shell:Creating prefix chain script '/ros2_test/AD_Middle_Test/ros2/install/setup.zsh'
