[0.126s] -- The C compiler identification is GNU 9.3.0
[0.211s] -- The CXX compiler identification is GNU 9.3.0
[0.220s] -- Check for working C compiler: /usr/bin/cc
[0.319s] -- Check for working C compiler: /usr/bin/cc -- works
[0.321s] -- Detecting C compiler ABI info
[0.420s] -- Detecting C compiler ABI info - done
[0.445s] -- Detecting C compile features
[0.446s] -- Detecting C compile features - done
[0.450s] -- Check for working CXX compiler: /usr/bin/c++
[0.566s] -- Check for working CXX compiler: /usr/bin/c++ -- works
[0.568s] -- Detecting CXX compiler ABI info
[0.684s] -- Detecting CXX compiler ABI info - done
[0.710s] -- Detecting CXX compile features
[0.711s] -- Detecting CXX compile features - done
[0.715s] -- Found ament_cmake: 0.8.1 (/opt/ros/foxy/share/ament_cmake/cmake)
[0.754s] -- Found PythonInterp: /usr/bin/python3 (found suitable version "3.8.2", minimum required is "3") 
[0.754s] -- Using PYTHON_EXECUTABLE: /usr/bin/python3
[1.078s] -- Found ament_lint_auto: 0.9.1 (/opt/ros/foxy/share/ament_lint_auto/cmake)
[1.202s] -- Added test 'copyright' to check for copyright in CMake / C / C++ / Python code
[1.204s] -- Added test 'cppcheck' to perform static code analysis on C / C++ code
[1.204s] -- Configured cppcheck include dirs: $<BUILD_INTERFACE:/ros2_test/AD_Middle_Test/ros2/src/simple_s/include>
[1.205s] -- Added test 'cpplint' to check C / C++ code against the Google style
[1.207s] -- Added test 'lint_cmake' to check CMake code style
[1.208s] -- Added test 'uncrustify' to check C / C++ code style
[1.209s] -- Added test 'xmllint' to check XML markup files
[1.213s] -- Configuring done
[1.217s] -- Generating done
[1.219s] -- Build files have been written to: /ros2_test/AD_Middle_Test/ros2/src/build/simple_s
[1.284s] [35m[1mScanning dependencies of target talker[0m
[1.298s] [ 50%] [32mBuilding CXX object CMakeFiles/talker.dir/src/talker.cpp.o[0m
[1.342s] [100%] [32m[1mLinking CXX executable talker[0m
[1.404s] [100%] Built target talker
[1.478s] -- Install configuration: ""
[1.479s] -- Installing: /ros2_test/AD_Middle_Test/ros2/src/install/simple_s/lib/simple_s/talker
[1.479s] -- Installing: /ros2_test/AD_Middle_Test/ros2/src/install/simple_s/share/ament_index/resource_index/package_run_dependencies/simple_s
[1.479s] -- Installing: /ros2_test/AD_Middle_Test/ros2/src/install/simple_s/share/ament_index/resource_index/parent_prefix_path/simple_s
[1.479s] -- Installing: /ros2_test/AD_Middle_Test/ros2/src/install/simple_s/share/simple_s/environment/ament_prefix_path.sh
[1.480s] -- Installing: /ros2_test/AD_Middle_Test/ros2/src/install/simple_s/share/simple_s/environment/ament_prefix_path.dsv
[1.480s] -- Installing: /ros2_test/AD_Middle_Test/ros2/src/install/simple_s/share/simple_s/environment/path.sh
[1.480s] -- Installing: /ros2_test/AD_Middle_Test/ros2/src/install/simple_s/share/simple_s/environment/path.dsv
[1.480s] -- Installing: /ros2_test/AD_Middle_Test/ros2/src/install/simple_s/share/simple_s/local_setup.bash
[1.481s] -- Installing: /ros2_test/AD_Middle_Test/ros2/src/install/simple_s/share/simple_s/local_setup.sh
[1.481s] -- Installing: /ros2_test/AD_Middle_Test/ros2/src/install/simple_s/share/simple_s/local_setup.zsh
[1.481s] -- Installing: /ros2_test/AD_Middle_Test/ros2/src/install/simple_s/share/simple_s/local_setup.dsv
[1.481s] -- Installing: /ros2_test/AD_Middle_Test/ros2/src/install/simple_s/share/simple_s/package.dsv
[1.481s] -- Installing: /ros2_test/AD_Middle_Test/ros2/src/install/simple_s/share/ament_index/resource_index/packages/simple_s
[1.482s] -- Installing: /ros2_test/AD_Middle_Test/ros2/src/install/simple_s/share/simple_s/cmake/simple_sConfig.cmake
[1.482s] -- Installing: /ros2_test/AD_Middle_Test/ros2/src/install/simple_s/share/simple_s/cmake/simple_sConfig-version.cmake
[1.482s] -- Installing: /ros2_test/AD_Middle_Test/ros2/src/install/simple_s/share/simple_s/package.xml
