[0.153s] [ 20%] Built target cameraTimer
[0.161s] [ 40%] Built target line
[0.166s] [ 60%] Built target yoloDetect
[0.172s] [ 80%] Built target trackerRos2
[0.229s] [100%] Built target fusionMiddle
[0.343s] -- Install configuration: ""
[0.344s] -- Up-to-date: /ros2_test/AD_Middle_Test/ros2/install/detect_s/lib/detect_s/cameraTimer
[0.344s] -- Up-to-date: /ros2_test/AD_Middle_Test/ros2/install/detect_s/lib/detect_s/yoloDetect
[0.345s] -- Up-to-date: /ros2_test/AD_Middle_Test/ros2/install/detect_s/lib/detect_s/line
[0.346s] -- Up-to-date: /ros2_test/AD_Middle_Test/ros2/install/detect_s/lib/detect_s/trackerRos2
[0.347s] -- Up-to-date: /ros2_test/AD_Middle_Test/ros2/install/detect_s/lib/detect_s/fusionMiddle
[0.347s] -- Up-to-date: /ros2_test/AD_Middle_Test/ros2/install/detect_s/share/ament_index/resource_index/package_run_dependencies/detect_s
[0.347s] -- Up-to-date: /ros2_test/AD_Middle_Test/ros2/install/detect_s/share/ament_index/resource_index/parent_prefix_path/detect_s
[0.347s] -- Up-to-date: /ros2_test/AD_Middle_Test/ros2/install/detect_s/share/detect_s/environment/ament_prefix_path.sh
[0.348s] -- Up-to-date: /ros2_test/AD_Middle_Test/ros2/install/detect_s/share/detect_s/environment/ament_prefix_path.dsv
[0.348s] -- Up-to-date: /ros2_test/AD_Middle_Test/ros2/install/detect_s/share/detect_s/environment/path.sh
[0.348s] -- Up-to-date: /ros2_test/AD_Middle_Test/ros2/install/detect_s/share/detect_s/environment/path.dsv
[0.348s] -- Up-to-date: /ros2_test/AD_Middle_Test/ros2/install/detect_s/share/detect_s/local_setup.bash
[0.348s] -- Up-to-date: /ros2_test/AD_Middle_Test/ros2/install/detect_s/share/detect_s/local_setup.sh
[0.348s] -- Up-to-date: /ros2_test/AD_Middle_Test/ros2/install/detect_s/share/detect_s/local_setup.zsh
[0.348s] -- Up-to-date: /ros2_test/AD_Middle_Test/ros2/install/detect_s/share/detect_s/local_setup.dsv
[0.349s] -- Installing: /ros2_test/AD_Middle_Test/ros2/install/detect_s/share/detect_s/package.dsv
[0.349s] -- Up-to-date: /ros2_test/AD_Middle_Test/ros2/install/detect_s/share/ament_index/resource_index/packages/detect_s
[0.349s] -- Up-to-date: /ros2_test/AD_Middle_Test/ros2/install/detect_s/share/detect_s/cmake/detect_sConfig.cmake
[0.349s] -- Up-to-date: /ros2_test/AD_Middle_Test/ros2/install/detect_s/share/detect_s/cmake/detect_sConfig-version.cmake
[0.349s] -- Up-to-date: /ros2_test/AD_Middle_Test/ros2/install/detect_s/share/detect_s/package.xml
