[2.118s] [01m[K/ros2_test/AD_Middle_Test/ros2/src/simple_s/src/intra_pipe.cpp:[m[K In lambda function:
[2.118s] [01m[K/ros2_test/AD_Middle_Test/ros2/src/simple_s/src/intra_pipe.cpp:106:16:[m[K [01;31m[Kerror: [m[Kno match for ‘[01m[Koperator<[m[K’ (operand types are ‘[01m[Kuint64_t[m[K’ {aka ‘[01m[Klong unsigned int[m[K’} and ‘[01m[Kstd_msgs::msg::Header_<std::allocator<void> >::_frame_id_type[m[K’ {aka ‘[01m[Kstd::__cxx11::basic_string<char>[m[K’})
[2.118s]   106 |     if([32m[Krec_max[m[K [01;31m[K<[m[K [34m[Kmsg->header.frame_id[m[K){
[2.118s]       |        [32m[K~~~~~~~[m[K [01;31m[K^[m[K [34m[K~~~~~~~~~~~~~~~~~~~~[m[K
[2.119s]       |        [32m[K|[m[K                     [34m[K|[m[K
[2.120s]       |        [32m[K|[m[K                     [34m[Kstd_msgs::msg::Header_<std::allocator<void> >::_frame_id_type {aka std::__cxx11::basic_string<char>}[m[K
[2.121s]       |        [32m[Kuint64_t {aka long unsigned int}[m[K
[2.121s] In file included from [01m[K/usr/include/c++/9/bits/stl_algobase.h:64[m[K,
[2.122s]                  from [01m[K/usr/include/c++/9/memory:62[m[K,
[2.122s]                  from [01m[K/ros2_test/AD_Middle_Test/ros2/src/simple_s/src/intra_pipe.cpp:4[m[K:
[2.122s] [01m[K/usr/include/c++/9/bits/stl_pair.h:454:5:[m[K [01;36m[Knote: [m[Kcandidate: ‘[01m[Ktemplate<class _T1, class _T2> constexpr bool std::operator<(const std::pair<_T1, _T2>&, const std::pair<_T1, _T2>&)[m[K’
[2.122s]   454 |     [01;36m[Koperator[m[K<(const pair<_T1, _T2>& __x, const pair<_T1, _T2>& __y)
[2.122s]       |     [01;36m[K^~~~~~~~[m[K
[2.123s] [01m[K/usr/include/c++/9/bits/stl_pair.h:454:5:[m[K [01;36m[Knote: [m[K  template argument deduction/substitution failed:
[2.123s] [01m[K/ros2_test/AD_Middle_Test/ros2/src/simple_s/src/intra_pipe.cpp:106:30:[m[K [01;36m[Knote: [m[K  mismatched types ‘[01m[Kconst std::pair<_T1, _T2>[m[K’ and ‘[01m[Kuint64_t[m[K’ {aka ‘[01m[Klong unsigned int[m[K’}
[2.123s]   106 |     if(rec_max < msg->header.[01;36m[Kframe_id[m[K){
[2.123s]       |                              [01;36m[K^~~~~~~~[m[K
[2.123s] In file included from [01m[K/usr/include/c++/9/bits/stl_algobase.h:67[m[K,
[2.123s]                  from [01m[K/usr/include/c++/9/memory:62[m[K,
[2.123s]                  from [01m[K/ros2_test/AD_Middle_Test/ros2/src/simple_s/src/intra_pipe.cpp:4[m[K:
[2.124s] [01m[K/usr/include/c++/9/bits/stl_iterator.h:331:5:[m[K [01;36m[Knote: [m[Kcandidate: ‘[01m[Ktemplate<class _Iterator> bool std::operator<(const std::reverse_iterator<_Iterator>&, const std::reverse_iterator<_Iterator>&)[m[K’
[2.124s]   331 |     [01;36m[Koperator[m[K<(const reverse_iterator<_Iterator>& __x,
[2.124s]       |     [01;36m[K^~~~~~~~[m[K
[2.124s] [01m[K/usr/include/c++/9/bits/stl_iterator.h:331:5:[m[K [01;36m[Knote: [m[K  template argument deduction/substitution failed:
[2.124s] [01m[K/ros2_test/AD_Middle_Test/ros2/src/simple_s/src/intra_pipe.cpp:106:30:[m[K [01;36m[Knote: [m[K  mismatched types ‘[01m[Kconst std::reverse_iterator<_Iterator>[m[K’ and ‘[01m[Kuint64_t[m[K’ {aka ‘[01m[Klong unsigned int[m[K’}
[2.124s]   106 |     if(rec_max < msg->header.[01;36m[Kframe_id[m[K){
[2.124s]       |                              [01;36m[K^~~~~~~~[m[K
[2.124s] In file included from [01m[K/usr/include/c++/9/bits/stl_algobase.h:67[m[K,
[2.125s]                  from [01m[K/usr/include/c++/9/memory:62[m[K,
[2.125s]                  from [01m[K/ros2_test/AD_Middle_Test/ros2/src/simple_s/src/intra_pipe.cpp:4[m[K:
[2.125s] [01m[K/usr/include/c++/9/bits/stl_iterator.h:369:5:[m[K [01;36m[Knote: [m[Kcandidate: ‘[01m[Ktemplate<class _IteratorL, class _IteratorR> bool std::operator<(const std::reverse_iterator<_Iterator>&, const std::reverse_iterator<_IteratorR>&)[m[K’
[2.125s]   369 |     [01;36m[Koperator[m[K<(const reverse_iterator<_IteratorL>& __x,
[2.125s]       |     [01;36m[K^~~~~~~~[m[K
[2.125s] [01m[K/usr/include/c++/9/bits/stl_iterator.h:369:5:[m[K [01;36m[Knote: [m[K  template argument deduction/substitution failed:
[2.125s] [01m[K/ros2_test/AD_Middle_Test/ros2/src/simple_s/src/intra_pipe.cpp:106:30:[m[K [01;36m[Knote: [m[K  mismatched types ‘[01m[Kconst std::reverse_iterator<_Iterator>[m[K’ and ‘[01m[Kuint64_t[m[K’ {aka ‘[01m[Klong unsigned int[m[K’}
[2.126s]   106 |     if(rec_max < msg->header.[01;36m[Kframe_id[m[K){
[2.126s]       |                              [01;36m[K^~~~~~~~[m[K
[2.126s] In file included from [01m[K/usr/include/c++/9/bits/stl_algobase.h:67[m[K,
[2.126s]                  from [01m[K/usr/include/c++/9/memory:62[m[K,
[2.126s]                  from [01m[K/ros2_test/AD_Middle_Test/ros2/src/simple_s/src/intra_pipe.cpp:4[m[K:
[2.126s] [01m[K/usr/include/c++/9/bits/stl_iterator.h:1163:5:[m[K [01;36m[Knote: [m[Kcandidate: ‘[01m[Ktemplate<class _IteratorL, class _IteratorR> bool std::operator<(const std::move_iterator<_IteratorL>&, const std::move_iterator<_IteratorR>&)[m[K’
[2.126s]  1163 |     [01;36m[Koperator[m[K<(const move_iterator<_IteratorL>& __x,
[2.127s]       |     [01;36m[K^~~~~~~~[m[K
[2.127s] [01m[K/usr/include/c++/9/bits/stl_iterator.h:1163:5:[m[K [01;36m[Knote: [m[K  template argument deduction/substitution failed:
[2.127s] [01m[K/ros2_test/AD_Middle_Test/ros2/src/simple_s/src/intra_pipe.cpp:106:30:[m[K [01;36m[Knote: [m[K  mismatched types ‘[01m[Kconst std::move_iterator<_IteratorL>[m[K’ and ‘[01m[Kuint64_t[m[K’ {aka ‘[01m[Klong unsigned int[m[K’}
[2.127s]   106 |     if(rec_max < msg->header.[01;36m[Kframe_id[m[K){
[2.127s]       |                              [01;36m[K^~~~~~~~[m[K
[2.127s] In file included from [01m[K/usr/include/c++/9/bits/stl_algobase.h:67[m[K,
[2.127s]                  from [01m[K/usr/include/c++/9/memory:62[m[K,
[2.127s]                  from [01m[K/ros2_test/AD_Middle_Test/ros2/src/simple_s/src/intra_pipe.cpp:4[m[K:
[2.128s] [01m[K/usr/include/c++/9/bits/stl_iterator.h:1169:5:[m[K [01;36m[Knote: [m[Kcandidate: ‘[01m[Ktemplate<class _Iterator> bool std::operator<(const std::move_iterator<_IteratorL>&, const std::move_iterator<_IteratorL>&)[m[K’
[2.128s]  1169 |     [01;36m[Koperator[m[K<(const move_iterator<_Iterator>& __x,
[2.128s]       |     [01;36m[K^~~~~~~~[m[K
[2.128s] [01m[K/usr/include/c++/9/bits/stl_iterator.h:1169:5:[m[K [01;36m[Knote: [m[K  template argument deduction/substitution failed:
[2.128s] [01m[K/ros2_test/AD_Middle_Test/ros2/src/simple_s/src/intra_pipe.cpp:106:30:[m[K [01;36m[Knote: [m[K  mismatched types ‘[01m[Kconst std::move_iterator<_IteratorL>[m[K’ and ‘[01m[Kuint64_t[m[K’ {aka ‘[01m[Klong unsigned int[m[K’}
[2.128s]   106 |     if(rec_max < msg->header.[01;36m[Kframe_id[m[K){
[2.128s]       |                              [01;36m[K^~~~~~~~[m[K
[2.129s] In file included from [01m[K/usr/include/c++/9/string:55[m[K,
[2.129s]                  from [01m[K/usr/include/c++/9/stdexcept:39[m[K,
[2.129s]                  from [01m[K/usr/include/c++/9/array:39[m[K,
[2.129s]                  from [01m[K/usr/include/c++/9/tuple:39[m[K,
[2.129s]                  from [01m[K/usr/include/c++/9/bits/unique_ptr.h:37[m[K,
[2.129s]                  from [01m[K/usr/include/c++/9/memory:80[m[K,
[2.129s]                  from [01m[K/ros2_test/AD_Middle_Test/ros2/src/simple_s/src/intra_pipe.cpp:4[m[K:
[2.129s] [01m[K/usr/include/c++/9/bits/basic_string.h:6226:5:[m[K [01;36m[Knote: [m[Kcandidate: ‘[01m[Ktemplate<class _CharT, class _Traits, class _Alloc> bool std::operator<(const std::__cxx11::basic_string<_CharT, _Traits, _Alloc>&, const std::__cxx11::basic_string<_CharT, _Traits, _Alloc>&)[m[K’
[2.130s]  6226 |     [01;36m[Koperator[m[K<(const basic_string<_CharT, _Traits, _Alloc>& __lhs,
[2.130s]       |     [01;36m[K^~~~~~~~[m[K
[2.130s] [01m[K/usr/include/c++/9/bits/basic_string.h:6226:5:[m[K [01;36m[Knote: [m[K  template argument deduction/substitution failed:
[2.130s] [01m[K/ros2_test/AD_Middle_Test/ros2/src/simple_s/src/intra_pipe.cpp:106:30:[m[K [01;36m[Knote: [m[K  mismatched types ‘[01m[Kconst std::__cxx11::basic_string<_CharT, _Traits, _Alloc>[m[K’ and ‘[01m[Kuint64_t[m[K’ {aka ‘[01m[Klong unsigned int[m[K’}
[2.130s]   106 |     if(rec_max < msg->header.[01;36m[Kframe_id[m[K){
[2.130s]       |                              [01;36m[K^~~~~~~~[m[K
[2.130s] In file included from [01m[K/usr/include/c++/9/string:55[m[K,
[2.131s]                  from [01m[K/usr/include/c++/9/stdexcept:39[m[K,
[2.131s]                  from [01m[K/usr/include/c++/9/array:39[m[K,
[2.131s]                  from [01m[K/usr/include/c++/9/tuple:39[m[K,
[2.131s]                  from [01m[K/usr/include/c++/9/bits/unique_ptr.h:37[m[K,
[2.131s]                  from [01m[K/usr/include/c++/9/memory:80[m[K,
[2.131s]                  from [01m[K/ros2_test/AD_Middle_Test/ros2/src/simple_s/src/intra_pipe.cpp:4[m[K:
[2.131s] [01m[K/usr/include/c++/9/bits/basic_string.h:6239:5:[m[K [01;36m[Knote: [m[Kcandidate: ‘[01m[Ktemplate<class _CharT, class _Traits, class _Alloc> bool std::operator<(const std::__cxx11::basic_string<_CharT, _Traits, _Alloc>&, const _CharT*)[m[K’
[2.131s]  6239 |     [01;36m[Koperator[m[K<(const basic_string<_CharT, _Traits, _Alloc>& __lhs,
[2.132s]       |     [01;36m[K^~~~~~~~[m[K
[2.132s] [01m[K/usr/include/c++/9/bits/basic_string.h:6239:5:[m[K [01;36m[Knote: [m[K  template argument deduction/substitution failed:
[2.132s] [01m[K/ros2_test/AD_Middle_Test/ros2/src/simple_s/src/intra_pipe.cpp:106:30:[m[K [01;36m[Knote: [m[K  mismatched types ‘[01m[Kconst std::__cxx11::basic_string<_CharT, _Traits, _Alloc>[m[K’ and ‘[01m[Kuint64_t[m[K’ {aka ‘[01m[Klong unsigned int[m[K’}
[2.132s]   106 |     if(rec_max < msg->header.[01;36m[Kframe_id[m[K){
[2.132s]       |                              [01;36m[K^~~~~~~~[m[K
[2.132s] In file included from [01m[K/usr/include/c++/9/string:55[m[K,
[2.132s]                  from [01m[K/usr/include/c++/9/stdexcept:39[m[K,
[2.133s]                  from [01m[K/usr/include/c++/9/array:39[m[K,
[2.133s]                  from [01m[K/usr/include/c++/9/tuple:39[m[K,
[2.133s]                  from [01m[K/usr/include/c++/9/bits/unique_ptr.h:37[m[K,
[2.133s]                  from [01m[K/usr/include/c++/9/memory:80[m[K,
[2.133s]                  from [01m[K/ros2_test/AD_Middle_Test/ros2/src/simple_s/src/intra_pipe.cpp:4[m[K:
[2.133s] [01m[K/usr/include/c++/9/bits/basic_string.h:6251:5:[m[K [01;36m[Knote: [m[Kcandidate: ‘[01m[Ktemplate<class _CharT, class _Traits, class _Alloc> bool std::operator<(const _CharT*, const std::__cxx11::basic_string<_CharT, _Traits, _Alloc>&)[m[K’
[2.133s]  6251 |     [01;36m[Koperator[m[K<(const _CharT* __lhs,
[2.133s]       |     [01;36m[K^~~~~~~~[m[K
[2.134s] [01m[K/usr/include/c++/9/bits/basic_string.h:6251:5:[m[K [01;36m[Knote: [m[K  template argument deduction/substitution failed:
[2.134s] [01m[K/ros2_test/AD_Middle_Test/ros2/src/simple_s/src/intra_pipe.cpp:106:30:[m[K [01;36m[Knote: [m[K  mismatched types ‘[01m[Kconst _CharT*[m[K’ and ‘[01m[Klong unsigned int[m[K’
[2.134s]   106 |     if(rec_max < msg->header.[01;36m[Kframe_id[m[K){
[2.134s]       |                              [01;36m[K^~~~~~~~[m[K
[2.134s] In file included from [01m[K/usr/include/c++/9/tuple:39[m[K,
[2.134s]                  from [01m[K/usr/include/c++/9/bits/unique_ptr.h:37[m[K,
[2.134s]                  from [01m[K/usr/include/c++/9/memory:80[m[K,
[2.135s]                  from [01m[K/ros2_test/AD_Middle_Test/ros2/src/simple_s/src/intra_pipe.cpp:4[m[K:
[2.135s] [01m[K/usr/include/c++/9/array:262:5:[m[K [01;36m[Knote: [m[Kcandidate: ‘[01m[Ktemplate<class _Tp, long unsigned int _Nm> bool std::operator<(const std::array<_Tp, _Nm>&, const std::array<_Tp, _Nm>&)[m[K’
[2.135s]   262 |     [01;36m[Koperator[m[K<(const array<_Tp, _Nm>& __a, const array<_Tp, _Nm>& __b)
[2.135s]       |     [01;36m[K^~~~~~~~[m[K
[2.135s] [01m[K/usr/include/c++/9/array:262:5:[m[K [01;36m[Knote: [m[K  template argument deduction/substitution failed:
[2.135s] [01m[K/ros2_test/AD_Middle_Test/ros2/src/simple_s/src/intra_pipe.cpp:106:30:[m[K [01;36m[Knote: [m[K  mismatched types ‘[01m[Kconst std::array<_Tp, _Nm>[m[K’ and ‘[01m[Kuint64_t[m[K’ {aka ‘[01m[Klong unsigned int[m[K’}
[2.135s]   106 |     if(rec_max < msg->header.[01;36m[Kframe_id[m[K){
[2.135s]       |                              [01;36m[K^~~~~~~~[m[K
[2.136s] In file included from [01m[K/usr/include/c++/9/bits/unique_ptr.h:37[m[K,
[2.136s]                  from [01m[K/usr/include/c++/9/memory:80[m[K,
[2.136s]                  from [01m[K/ros2_test/AD_Middle_Test/ros2/src/simple_s/src/intra_pipe.cpp:4[m[K:
[2.136s] [01m[K/usr/include/c++/9/tuple:1432:5:[m[K [01;36m[Knote: [m[Kcandidate: ‘[01m[Ktemplate<class ... _TElements, class ... _UElements> constexpr bool std::operator<(const std::tuple<_Tps ...>&, const std::tuple<_Elements ...>&)[m[K’
[2.136s]  1432 |     [01;36m[Koperator[m[K<(const tuple<_TElements...>& __t,
[2.136s]       |     [01;36m[K^~~~~~~~[m[K
[2.136s] [01m[K/usr/include/c++/9/tuple:1432:5:[m[K [01;36m[Knote: [m[K  template argument deduction/substitution failed:
[2.137s] [01m[K/ros2_test/AD_Middle_Test/ros2/src/simple_s/src/intra_pipe.cpp:106:30:[m[K [01;36m[Knote: [m[K  mismatched types ‘[01m[Kconst std::tuple<_Tps ...>[m[K’ and ‘[01m[Kuint64_t[m[K’ {aka ‘[01m[Klong unsigned int[m[K’}
[2.137s]   106 |     if(rec_max < msg->header.[01;36m[Kframe_id[m[K){
[2.137s]       |                              [01;36m[K^~~~~~~~[m[K
[2.137s] In file included from [01m[K/usr/include/c++/9/memory:80[m[K,
[2.137s]                  from [01m[K/ros2_test/AD_Middle_Test/ros2/src/simple_s/src/intra_pipe.cpp:4[m[K:
[2.137s] [01m[K/usr/include/c++/9/bits/unique_ptr.h:749:5:[m[K [01;36m[Knote: [m[Kcandidate: ‘[01m[Ktemplate<class _Tp, class _Dp, class _Up, class _Ep> bool std::operator<(const std::unique_ptr<_Tp, _Dp>&, const std::unique_ptr<_Up, _Ep>&)[m[K’
[2.137s]   749 |     [01;36m[Koperator[m[K<(const unique_ptr<_Tp, _Dp>& __x,
[2.137s]       |     [01;36m[K^~~~~~~~[m[K
[2.138s] [01m[K/usr/include/c++/9/bits/unique_ptr.h:749:5:[m[K [01;36m[Knote: [m[K  template argument deduction/substitution failed:
[2.138s] [01m[K/ros2_test/AD_Middle_Test/ros2/src/simple_s/src/intra_pipe.cpp:106:30:[m[K [01;36m[Knote: [m[K  mismatched types ‘[01m[Kconst std::unique_ptr<_Tp, _Dp>[m[K’ and ‘[01m[Kuint64_t[m[K’ {aka ‘[01m[Klong unsigned int[m[K’}
[2.138s]   106 |     if(rec_max < msg->header.[01;36m[Kframe_id[m[K){
[2.138s]       |                              [01;36m[K^~~~~~~~[m[K
[2.138s] In file included from [01m[K/usr/include/c++/9/memory:80[m[K,
[2.138s]                  from [01m[K/ros2_test/AD_Middle_Test/ros2/src/simple_s/src/intra_pipe.cpp:4[m[K:
[2.138s] [01m[K/usr/include/c++/9/bits/unique_ptr.h:760:5:[m[K [01;36m[Knote: [m[Kcandidate: ‘[01m[Ktemplate<class _Tp, class _Dp> bool std::operator<(const std::unique_ptr<_Tp, _Dp>&, std::nullptr_t)[m[K’
[2.139s]   760 |     [01;36m[Koperator[m[K<(const unique_ptr<_Tp, _Dp>& __x, nullptr_t)
[2.139s]       |     [01;36m[K^~~~~~~~[m[K
[2.139s] [01m[K/usr/include/c++/9/bits/unique_ptr.h:760:5:[m[K [01;36m[Knote: [m[K  template argument deduction/substitution failed:
[2.139s] [01m[K/ros2_test/AD_Middle_Test/ros2/src/simple_s/src/intra_pipe.cpp:106:30:[m[K [01;36m[Knote: [m[K  mismatched types ‘[01m[Kconst std::unique_ptr<_Tp, _Dp>[m[K’ and ‘[01m[Kuint64_t[m[K’ {aka ‘[01m[Klong unsigned int[m[K’}
[2.139s]   106 |     if(rec_max < msg->header.[01;36m[Kframe_id[m[K){
[2.139s]       |                              [01;36m[K^~~~~~~~[m[K
[2.139s] In file included from [01m[K/usr/include/c++/9/memory:80[m[K,
[2.140s]                  from [01m[K/ros2_test/AD_Middle_Test/ros2/src/simple_s/src/intra_pipe.cpp:4[m[K:
[2.140s] [01m[K/usr/include/c++/9/bits/unique_ptr.h:766:5:[m[K [01;36m[Knote: [m[Kcandidate: ‘[01m[Ktemplate<class _Tp, class _Dp> bool std::operator<(std::nullptr_t, const std::unique_ptr<_Tp, _Dp>&)[m[K’
[2.140s]   766 |     [01;36m[Koperator[m[K<(nullptr_t, const unique_ptr<_Tp, _Dp>& __x)
[2.140s]       |     [01;36m[K^~~~~~~~[m[K
[2.140s] [01m[K/usr/include/c++/9/bits/unique_ptr.h:766:5:[m[K [01;36m[Knote: [m[K  template argument deduction/substitution failed:
[2.140s] [01m[K/ros2_test/AD_Middle_Test/ros2/src/simple_s/src/intra_pipe.cpp:106:30:[m[K [01;36m[Knote: [m[K  ‘[01m[Kstd_msgs::msg::Header_<std::allocator<void> >::_frame_id_type[m[K’ {aka ‘[01m[Kstd::__cxx11::basic_string<char>[m[K’} is not derived from ‘[01m[Kconst std::unique_ptr<_Tp, _Dp>[m[K’
[2.140s]   106 |     if(rec_max < msg->header.[01;36m[Kframe_id[m[K){
[2.140s]       |                              [01;36m[K^~~~~~~~[m[K
[2.141s] In file included from [01m[K/usr/include/c++/9/bits/shared_ptr.h:52[m[K,
[2.141s]                  from [01m[K/usr/include/c++/9/memory:81[m[K,
[2.141s]                  from [01m[K/ros2_test/AD_Middle_Test/ros2/src/simple_s/src/intra_pipe.cpp:4[m[K:
[2.141s] [01m[K/usr/include/c++/9/bits/shared_ptr_base.h:1444:5:[m[K [01;36m[Knote: [m[Kcandidate: ‘[01m[Ktemplate<class _Tp, class _Up, __gnu_cxx::_Lock_policy _Lp> bool std::operator<(const std::__shared_ptr<_Tp1, _Lp>&, const std::__shared_ptr<_Tp2, _Lp>&)[m[K’
[2.141s]  1444 |     [01;36m[Koperator[m[K<(const __shared_ptr<_Tp, _Lp>& __a,
[2.141s]       |     [01;36m[K^~~~~~~~[m[K
[2.141s] [01m[K/usr/include/c++/9/bits/shared_ptr_base.h:1444:5:[m[K [01;36m[Knote: [m[K  template argument deduction/substitution failed:
[2.142s] [01m[K/ros2_test/AD_Middle_Test/ros2/src/simple_s/src/intra_pipe.cpp:106:30:[m[K [01;36m[Knote: [m[K  mismatched types ‘[01m[Kconst std::__shared_ptr<_Tp1, _Lp>[m[K’ and ‘[01m[Kuint64_t[m[K’ {aka ‘[01m[Klong unsigned int[m[K’}
[2.142s]   106 |     if(rec_max < msg->header.[01;36m[Kframe_id[m[K){
[2.142s]       |                              [01;36m[K^~~~~~~~[m[K
[2.142s] In file included from [01m[K/usr/include/c++/9/bits/shared_ptr.h:52[m[K,
[2.142s]                  from [01m[K/usr/include/c++/9/memory:81[m[K,
[2.142s]                  from [01m[K/ros2_test/AD_Middle_Test/ros2/src/simple_s/src/intra_pipe.cpp:4[m[K:
[2.142s] [01m[K/usr/include/c++/9/bits/shared_ptr_base.h:1455:5:[m[K [01;36m[Knote: [m[Kcandidate: ‘[01m[Ktemplate<class _Tp, __gnu_cxx::_Lock_policy _Lp> bool std::operator<(const std::__shared_ptr<_Tp, _Lp>&, std::nullptr_t)[m[K’
[2.142s]  1455 |     [01;36m[Koperator[m[K<(const __shared_ptr<_Tp, _Lp>& __a, nullptr_t) noexcept
[2.143s]       |     [01;36m[K^~~~~~~~[m[K
[2.143s] [01m[K/usr/include/c++/9/bits/shared_ptr_base.h:1455:5:[m[K [01;36m[Knote: [m[K  template argument deduction/substitution failed:
[2.143s] [01m[K/ros2_test/AD_Middle_Test/ros2/src/simple_s/src/intra_pipe.cpp:106:30:[m[K [01;36m[Knote: [m[K  mismatched types ‘[01m[Kconst std::__shared_ptr<_Tp, _Lp>[m[K’ and ‘[01m[Kuint64_t[m[K’ {aka ‘[01m[Klong unsigned int[m[K’}
[2.143s]   106 |     if(rec_max < msg->header.[01;36m[Kframe_id[m[K){
[2.143s]       |                              [01;36m[K^~~~~~~~[m[K
[2.143s] In file included from [01m[K/usr/include/c++/9/bits/shared_ptr.h:52[m[K,
[2.143s]                  from [01m[K/usr/include/c++/9/memory:81[m[K,
[2.144s]                  from [01m[K/ros2_test/AD_Middle_Test/ros2/src/simple_s/src/intra_pipe.cpp:4[m[K:
[2.144s] [01m[K/usr/include/c++/9/bits/shared_ptr_base.h:1463:5:[m[K [01;36m[Knote: [m[Kcandidate: ‘[01m[Ktemplate<class _Tp, __gnu_cxx::_Lock_policy _Lp> bool std::operator<(std::nullptr_t, const std::__shared_ptr<_Tp, _Lp>&)[m[K’
[2.144s]  1463 |     [01;36m[Koperator[m[K<(nullptr_t, const __shared_ptr<_Tp, _Lp>& __a) noexcept
[2.144s]       |     [01;36m[K^~~~~~~~[m[K
[2.144s] [01m[K/usr/include/c++/9/bits/shared_ptr_base.h:1463:5:[m[K [01;36m[Knote: [m[K  template argument deduction/substitution failed:
[2.144s] [01m[K/ros2_test/AD_Middle_Test/ros2/src/simple_s/src/intra_pipe.cpp:106:30:[m[K [01;36m[Knote: [m[K  ‘[01m[Kstd_msgs::msg::Header_<std::allocator<void> >::_frame_id_type[m[K’ {aka ‘[01m[Kstd::__cxx11::basic_string<char>[m[K’} is not derived from ‘[01m[Kconst std::__shared_ptr<_Tp, _Lp>[m[K’
[2.144s]   106 |     if(rec_max < msg->header.[01;36m[Kframe_id[m[K){
[2.144s]       |                              [01;36m[K^~~~~~~~[m[K
[2.145s] In file included from [01m[K/usr/include/c++/9/memory:81[m[K,
[2.145s]                  from [01m[K/ros2_test/AD_Middle_Test/ros2/src/simple_s/src/intra_pipe.cpp:4[m[K:
[2.145s] [01m[K/usr/include/c++/9/bits/shared_ptr.h:413:5:[m[K [01;36m[Knote: [m[Kcandidate: ‘[01m[Ktemplate<class _Tp, class _Up> bool std::operator<(const std::shared_ptr<_Tp>&, const std::shared_ptr<_Tp>&)[m[K’
[2.145s]   413 |     [01;36m[Koperator[m[K<(const shared_ptr<_Tp>& __a, const shared_ptr<_Up>& __b) noexcept
[2.145s]       |     [01;36m[K^~~~~~~~[m[K
[2.145s] [01m[K/usr/include/c++/9/bits/shared_ptr.h:413:5:[m[K [01;36m[Knote: [m[K  template argument deduction/substitution failed:
[2.145s] [01m[K/ros2_test/AD_Middle_Test/ros2/src/simple_s/src/intra_pipe.cpp:106:30:[m[K [01;36m[Knote: [m[K  mismatched types ‘[01m[Kconst std::shared_ptr<_Tp>[m[K’ and ‘[01m[Kuint64_t[m[K’ {aka ‘[01m[Klong unsigned int[m[K’}
[2.146s]   106 |     if(rec_max < msg->header.[01;36m[Kframe_id[m[K){
[2.146s]       |                              [01;36m[K^~~~~~~~[m[K
[2.146s] In file included from [01m[K/usr/include/c++/9/memory:81[m[K,
[2.146s]                  from [01m[K/ros2_test/AD_Middle_Test/ros2/src/simple_s/src/intra_pipe.cpp:4[m[K:
[2.146s] [01m[K/usr/include/c++/9/bits/shared_ptr.h:423:5:[m[K [01;36m[Knote: [m[Kcandidate: ‘[01m[Ktemplate<class _Tp> bool std::operator<(const std::shared_ptr<_Tp>&, std::nullptr_t)[m[K’
[2.146s]   423 |     [01;36m[Koperator[m[K<(const shared_ptr<_Tp>& __a, nullptr_t) noexcept
[2.146s]       |     [01;36m[K^~~~~~~~[m[K
[2.146s] [01m[K/usr/include/c++/9/bits/shared_ptr.h:423:5:[m[K [01;36m[Knote: [m[K  template argument deduction/substitution failed:
[2.147s] [01m[K/ros2_test/AD_Middle_Test/ros2/src/simple_s/src/intra_pipe.cpp:106:30:[m[K [01;36m[Knote: [m[K  mismatched types ‘[01m[Kconst std::shared_ptr<_Tp>[m[K’ and ‘[01m[Kuint64_t[m[K’ {aka ‘[01m[Klong unsigned int[m[K’}
[2.147s]   106 |     if(rec_max < msg->header.[01;36m[Kframe_id[m[K){
[2.147s]       |                              [01;36m[K^~~~~~~~[m[K
[2.147s] In file included from [01m[K/usr/include/c++/9/memory:81[m[K,
[2.147s]                  from [01m[K/ros2_test/AD_Middle_Test/ros2/src/simple_s/src/intra_pipe.cpp:4[m[K:
[2.147s] [01m[K/usr/include/c++/9/bits/shared_ptr.h:431:5:[m[K [01;36m[Knote: [m[Kcandidate: ‘[01m[Ktemplate<class _Tp> bool std::operator<(std::nullptr_t, const std::shared_ptr<_Tp>&)[m[K’
[2.147s]   431 |     [01;36m[Koperator[m[K<(nullptr_t, const shared_ptr<_Tp>& __a) noexcept
[2.148s]       |     [01;36m[K^~~~~~~~[m[K
[2.148s] [01m[K/usr/include/c++/9/bits/shared_ptr.h:431:5:[m[K [01;36m[Knote: [m[K  template argument deduction/substitution failed:
[2.148s] [01m[K/ros2_test/AD_Middle_Test/ros2/src/simple_s/src/intra_pipe.cpp:106:30:[m[K [01;36m[Knote: [m[K  ‘[01m[Kstd_msgs::msg::Header_<std::allocator<void> >::_frame_id_type[m[K’ {aka ‘[01m[Kstd::__cxx11::basic_string<char>[m[K’} is not derived from ‘[01m[Kconst std::shared_ptr<_Tp>[m[K’
[2.148s]   106 |     if(rec_max < msg->header.[01;36m[Kframe_id[m[K){
[2.148s]       |                              [01;36m[K^~~~~~~~[m[K
[2.148s] In file included from [01m[K/usr/include/c++/9/bits/ios_base.h:46[m[K,
[2.148s]                  from [01m[K/usr/include/c++/9/ios:42[m[K,
[2.148s]                  from [01m[K/usr/include/c++/9/istream:38[m[K,
[2.149s]                  from [01m[K/usr/include/c++/9/fstream:38[m[K,
[2.149s]                  from [01m[K/ros2_test/AD_Middle_Test/ros2/src/simple_s/src/intra_pipe.cpp:9[m[K:
[2.149s] [01m[K/usr/include/c++/9/system_error:208:3:[m[K [01;36m[Knote: [m[Kcandidate: ‘[01m[Kbool std::operator<(const std::error_code&, const std::error_code&)[m[K’
[2.149s]   208 |   [01;36m[Koperator[m[K<(const error_code& __lhs, const error_code& __rhs) noexcept
[2.149s]       |   [01;36m[K^~~~~~~~[m[K
[2.149s] [01m[K/usr/include/c++/9/system_error:208:31:[m[K [01;36m[Knote: [m[K  no known conversion for argument 1 from ‘[01m[Kuint64_t[m[K’ {aka ‘[01m[Klong unsigned int[m[K’} to ‘[01m[Kconst std::error_code&[m[K’
[2.149s]   208 |   operator<([01;36m[Kconst error_code& __lhs[m[K, const error_code& __rhs) noexcept
[2.150s]       |             [01;36m[K~~~~~~~~~~~~~~~~~~^~~~~[m[K
[2.150s] [01m[K/usr/include/c++/9/system_error:282:3:[m[K [01;36m[Knote: [m[Kcandidate: ‘[01m[Kbool std::operator<(const std::error_condition&, const std::error_condition&)[m[K’
[2.150s]   282 |   [01;36m[Koperator[m[K<(const error_condition& __lhs,
[2.150s]       |   [01;36m[K^~~~~~~~[m[K
[2.150s] [01m[K/usr/include/c++/9/system_error:282:36:[m[K [01;36m[Knote: [m[K  no known conversion for argument 1 from ‘[01m[Kuint64_t[m[K’ {aka ‘[01m[Klong unsigned int[m[K’} to ‘[01m[Kconst std::error_condition&[m[K’
[2.150s]   282 |   operator<([01;36m[Kconst error_condition& __lhs[m[K,
[2.150s]       |             [01;36m[K~~~~~~~~~~~~~~~~~~~~~~~^~~~~[m[K
[2.150s] In file included from [01m[K/usr/include/c++/9/future:39[m[K,
[2.151s]                  from [01m[K/opt/ros/foxy/include/rclcpp/executors.hpp:18[m[K,
[2.151s]                  from [01m[K/opt/ros/foxy/include/rclcpp/rclcpp.hpp:145[m[K,
[2.151s]                  from [01m[K/opt/ros/foxy/include/message_filters/subscriber.h:38[m[K,
[2.151s]                  from [01m[K/ros2_test/AD_Middle_Test/ros2/src/simple_s/src/intra_pipe.cpp:10[m[K:
[2.151s] [01m[K/usr/include/c++/9/thread:290:3:[m[K [01;36m[Knote: [m[Kcandidate: ‘[01m[Kbool std::operator<(std::thread::id, std::thread::id)[m[K’
[2.151s]   290 |   [01;36m[Koperator[m[K<(thread::id __x, thread::id __y) noexcept
[2.151s]       |   [01;36m[K^~~~~~~~[m[K
[2.152s] [01m[K/usr/include/c++/9/thread:290:24:[m[K [01;36m[Knote: [m[K  no known conversion for argument 1 from ‘[01m[Kuint64_t[m[K’ {aka ‘[01m[Klong unsigned int[m[K’} to ‘[01m[Kstd::thread::id[m[K’
[2.152s]   290 |   operator<([01;36m[Kthread::id __x[m[K, thread::id __y) noexcept
[2.152s]       |             [01;36m[K~~~~~~~~~~~^~~[m[K
[2.152s] In file included from [01m[K/usr/include/c++/9/set:61[m[K,
[2.152s]                  from [01m[K/opt/ros/foxy/include/rclcpp/executors/multi_threaded_executor.hpp:21[m[K,
[2.152s]                  from [01m[K/opt/ros/foxy/include/rclcpp/executors.hpp:21[m[K,
[2.152s]                  from [01m[K/opt/ros/foxy/include/rclcpp/rclcpp.hpp:145[m[K,
[2.152s]                  from [01m[K/opt/ros/foxy/include/message_filters/subscriber.h:38[m[K,
[2.153s]                  from [01m[K/ros2_test/AD_Middle_Test/ros2/src/simple_s/src/intra_pipe.cpp:10[m[K:
[2.153s] [01m[K/usr/include/c++/9/bits/stl_set.h:996:5:[m[K [01;36m[Knote: [m[Kcandidate: ‘[01m[Ktemplate<class _Key, class _Compare, class _Alloc> bool std::operator<(const std::set<_Key, _Compare, _Alloc>&, const std::set<_Key, _Compare, _Alloc>&)[m[K’
[2.153s]   996 |     [01;36m[Koperator[m[K<(const set<_Key, _Compare, _Alloc>& __x,
[2.153s]       |     [01;36m[K^~~~~~~~[m[K
[2.153s] [01m[K/usr/include/c++/9/bits/stl_set.h:996:5:[m[K [01;36m[Knote: [m[K  template argument deduction/substitution failed:
[2.153s] [01m[K/ros2_test/AD_Middle_Test/ros2/src/simple_s/src/intra_pipe.cpp:106:30:[m[K [01;36m[Knote: [m[K  mismatched types ‘[01m[Kconst std::set<_Key, _Compare, _Alloc>[m[K’ and ‘[01m[Kuint64_t[m[K’ {aka ‘[01m[Klong unsigned int[m[K’}
[2.153s]   106 |     if(rec_max < msg->header.[01;36m[Kframe_id[m[K){
[2.154s]       |                              [01;36m[K^~~~~~~~[m[K
[2.154s] In file included from [01m[K/usr/include/c++/9/set:62[m[K,
[2.154s]                  from [01m[K/opt/ros/foxy/include/rclcpp/executors/multi_threaded_executor.hpp:21[m[K,
[2.154s]                  from [01m[K/opt/ros/foxy/include/rclcpp/executors.hpp:21[m[K,
[2.154s]                  from [01m[K/opt/ros/foxy/include/rclcpp/rclcpp.hpp:145[m[K,
[2.154s]                  from [01m[K/opt/ros/foxy/include/message_filters/subscriber.h:38[m[K,
[2.154s]                  from [01m[K/ros2_test/AD_Middle_Test/ros2/src/simple_s/src/intra_pipe.cpp:10[m[K:
[2.155s] [01m[K/usr/include/c++/9/bits/stl_multiset.h:981:5:[m[K [01;36m[Knote: [m[Kcandidate: ‘[01m[Ktemplate<class _Key, class _Compare, class _Alloc> bool std::operator<(const std::multiset<_Key, _Compare, _Alloc>&, const std::multiset<_Key, _Compare, _Alloc>&)[m[K’
[2.155s]   981 |     [01;36m[Koperator[m[K<(const multiset<_Key, _Compare, _Alloc>& __x,
[2.155s]       |     [01;36m[K^~~~~~~~[m[K
[2.155s] [01m[K/usr/include/c++/9/bits/stl_multiset.h:981:5:[m[K [01;36m[Knote: [m[K  template argument deduction/substitution failed:
[2.155s] [01m[K/ros2_test/AD_Middle_Test/ros2/src/simple_s/src/intra_pipe.cpp:106:30:[m[K [01;36m[Knote: [m[K  mismatched types ‘[01m[Kconst std::multiset<_Key, _Compare, _Alloc>[m[K’ and ‘[01m[Kuint64_t[m[K’ {aka ‘[01m[Klong unsigned int[m[K’}
[2.155s]   106 |     if(rec_max < msg->header.[01;36m[Kframe_id[m[K){
[2.155s]       |                              [01;36m[K^~~~~~~~[m[K
[2.155s] In file included from [01m[K/usr/include/c++/9/list:63[m[K,
[2.156s]                  from [01m[K/opt/ros/foxy/include/rclcpp/executor.hpp:23[m[K,
[2.156s]                  from [01m[K/opt/ros/foxy/include/rclcpp/executors/multi_threaded_executor.hpp:25[m[K,
[2.156s]                  from [01m[K/opt/ros/foxy/include/rclcpp/executors.hpp:21[m[K,
[2.156s]                  from [01m[K/opt/ros/foxy/include/rclcpp/rclcpp.hpp:145[m[K,
[2.156s]                  from [01m[K/opt/ros/foxy/include/message_filters/subscriber.h:38[m[K,
[2.156s]                  from [01m[K/ros2_test/AD_Middle_Test/ros2/src/simple_s/src/intra_pipe.cpp:10[m[K:
[2.156s] [01m[K/usr/include/c++/9/bits/stl_list.h:2025:5:[m[K [01;36m[Knote: [m[Kcandidate: ‘[01m[Ktemplate<class _Tp, class _Alloc> bool std::operator<(const std::__cxx11::list<_Tp, _Alloc>&, const std::__cxx11::list<_Tp, _Alloc>&)[m[K’
[2.157s]  2025 |     [01;36m[Koperator[m[K<(const list<_Tp, _Alloc>& __x, const list<_Tp, _Alloc>& __y)
[2.157s]       |     [01;36m[K^~~~~~~~[m[K
[2.157s] [01m[K/usr/include/c++/9/bits/stl_list.h:2025:5:[m[K [01;36m[Knote: [m[K  template argument deduction/substitution failed:
[2.157s] [01m[K/ros2_test/AD_Middle_Test/ros2/src/simple_s/src/intra_pipe.cpp:106:30:[m[K [01;36m[Knote: [m[K  mismatched types ‘[01m[Kconst std::__cxx11::list<_Tp, _Alloc>[m[K’ and ‘[01m[Kuint64_t[m[K’ {aka ‘[01m[Klong unsigned int[m[K’}
[2.157s]   106 |     if(rec_max < msg->header.[01;36m[Kframe_id[m[K){
[2.157s]       |                              [01;36m[K^~~~~~~~[m[K
[2.157s] In file included from [01m[K/usr/include/c++/9/vector:67[m[K,
[2.157s]                  from [01m[K/opt/ros/foxy/include/rclcpp/executor.hpp:27[m[K,
[2.158s]                  from [01m[K/opt/ros/foxy/include/rclcpp/executors/multi_threaded_executor.hpp:25[m[K,
[2.158s]                  from [01m[K/opt/ros/foxy/include/rclcpp/executors.hpp:21[m[K,
[2.158s]                  from [01m[K/opt/ros/foxy/include/rclcpp/rclcpp.hpp:145[m[K,
[2.158s]                  from [01m[K/opt/ros/foxy/include/message_filters/subscriber.h:38[m[K,
[2.158s]                  from [01m[K/ros2_test/AD_Middle_Test/ros2/src/simple_s/src/intra_pipe.cpp:10[m[K:
[2.158s] [01m[K/usr/include/c++/9/bits/stl_vector.h:1905:5:[m[K [01;36m[Knote: [m[Kcandidate: ‘[01m[Ktemplate<class _Tp, class _Alloc> bool std::operator<(const std::vector<_Tp, _Alloc>&, const std::vector<_Tp, _Alloc>&)[m[K’
[2.158s]  1905 |     [01;36m[Koperator[m[K<(const vector<_Tp, _Alloc>& __x, const vector<_Tp, _Alloc>& __y)
[2.159s]       |     [01;36m[K^~~~~~~~[m[K
[2.159s] [01m[K/usr/include/c++/9/bits/stl_vector.h:1905:5:[m[K [01;36m[Knote: [m[K  template argument deduction/substitution failed:
[2.159s] [01m[K/ros2_test/AD_Middle_Test/ros2/src/simple_s/src/intra_pipe.cpp:106:30:[m[K [01;36m[Knote: [m[K  mismatched types ‘[01m[Kconst std::vector<_Tp, _Alloc>[m[K’ and ‘[01m[Kuint64_t[m[K’ {aka ‘[01m[Klong unsigned int[m[K’}
[2.159s]   106 |     if(rec_max < msg->header.[01;36m[Kframe_id[m[K){
[2.159s]       |                              [01;36m[K^~~~~~~~[m[K
[2.159s] In file included from [01m[K/usr/include/c++/9/map:61[m[K,
[2.159s]                  from [01m[K/opt/ros/foxy/include/rclcpp/client.hpp:20[m[K,
[2.159s]                  from [01m[K/opt/ros/foxy/include/rclcpp/callback_group.hpp:23[m[K,
[2.160s]                  from [01m[K/opt/ros/foxy/include/rclcpp/any_executable.hpp:20[m[K,
[2.160s]                  from [01m[K/opt/ros/foxy/include/rclcpp/memory_strategy.hpp:24[m[K,
[2.160s]                  from [01m[K/opt/ros/foxy/include/rclcpp/memory_strategies.hpp:18[m[K,
[2.160s]                  from [01m[K/opt/ros/foxy/include/rclcpp/executor.hpp:33[m[K,
[2.160s]                  from [01m[K/opt/ros/foxy/include/rclcpp/executors/multi_threaded_executor.hpp:25[m[K,
[2.160s]                  from [01m[K/opt/ros/foxy/include/rclcpp/executors.hpp:21[m[K,
[2.160s]                  from [01m[K/opt/ros/foxy/include/rclcpp/rclcpp.hpp:145[m[K,
[2.161s]                  from [01m[K/opt/ros/foxy/include/message_filters/subscriber.h:38[m[K,
[2.161s]                  from [01m[K/ros2_test/AD_Middle_Test/ros2/src/simple_s/src/intra_pipe.cpp:10[m[K:
[2.161s] [01m[K/usr/include/c++/9/bits/stl_map.h:1472:5:[m[K [01;36m[Knote: [m[Kcandidate: ‘[01m[Ktemplate<class _Key, class _Tp, class _Compare, class _Alloc> bool std::operator<(const std::map<_Key, _Tp, _Compare, _Alloc>&, const std::map<_Key, _Tp, _Compare, _Alloc>&)[m[K’
[2.161s]  1472 |     [01;36m[Koperator[m[K<(const map<_Key, _Tp, _Compare, _Alloc>& __x,
[2.161s]       |     [01;36m[K^~~~~~~~[m[K
[2.161s] [01m[K/usr/include/c++/9/bits/stl_map.h:1472:5:[m[K [01;36m[Knote: [m[K  template argument deduction/substitution failed:
[2.161s] [01m[K/ros2_test/AD_Middle_Test/ros2/src/simple_s/src/intra_pipe.cpp:106:30:[m[K [01;36m[Knote: [m[K  mismatched types ‘[01m[Kconst std::map<_Key, _Tp, _Compare, _Alloc>[m[K’ and ‘[01m[Kuint64_t[m[K’ {aka ‘[01m[Klong unsigned int[m[K’}
[2.161s]   106 |     if(rec_max < msg->header.[01;36m[Kframe_id[m[K){
[2.162s]       |                              [01;36m[K^~~~~~~~[m[K
[2.162s] In file included from [01m[K/usr/include/c++/9/map:62[m[K,
[2.162s]                  from [01m[K/opt/ros/foxy/include/rclcpp/client.hpp:20[m[K,
[2.162s]                  from [01m[K/opt/ros/foxy/include/rclcpp/callback_group.hpp:23[m[K,
[2.162s]                  from [01m[K/opt/ros/foxy/include/rclcpp/any_executable.hpp:20[m[K,
[2.162s]                  from [01m[K/opt/ros/foxy/include/rclcpp/memory_strategy.hpp:24[m[K,
[2.162s]                  from [01m[K/opt/ros/foxy/include/rclcpp/memory_strategies.hpp:18[m[K,
[2.163s]                  from [01m[K/opt/ros/foxy/include/rclcpp/executor.hpp:33[m[K,
[2.163s]                  from [01m[K/opt/ros/foxy/include/rclcpp/executors/multi_threaded_executor.hpp:25[m[K,
[2.163s]                  from [01m[K/opt/ros/foxy/include/rclcpp/executors.hpp:21[m[K,
[2.163s]                  from [01m[K/opt/ros/foxy/include/rclcpp/rclcpp.hpp:145[m[K,
[2.163s]                  from [01m[K/opt/ros/foxy/include/message_filters/subscriber.h:38[m[K,
[2.163s]                  from [01m[K/ros2_test/AD_Middle_Test/ros2/src/simple_s/src/intra_pipe.cpp:10[m[K:
[2.163s] [01m[K/usr/include/c++/9/bits/stl_multimap.h:1136:5:[m[K [01;36m[Knote: [m[Kcandidate: ‘[01m[Ktemplate<class _Key, class _Tp, class _Compare, class _Alloc> bool std::operator<(const std::multimap<_Key, _Tp, _Compare, _Alloc>&, const std::multimap<_Key, _Tp, _Compare, _Alloc>&)[m[K’
[2.163s]  1136 |     [01;36m[Koperator[m[K<(const multimap<_Key, _Tp, _Compare, _Alloc>& __x,
[2.164s]       |     [01;36m[K^~~~~~~~[m[K
[2.164s] [01m[K/usr/include/c++/9/bits/stl_multimap.h:1136:5:[m[K [01;36m[Knote: [m[K  template argument deduction/substitution failed:
[2.164s] [01m[K/ros2_test/AD_Middle_Test/ros2/src/simple_s/src/intra_pipe.cpp:106:30:[m[K [01;36m[Knote: [m[K  mismatched types ‘[01m[Kconst std::multimap<_Key, _Tp, _Compare, _Alloc>[m[K’ and ‘[01m[Kuint64_t[m[K’ {aka ‘[01m[Klong unsigned int[m[K’}
[2.164s]   106 |     if(rec_max < msg->header.[01;36m[Kframe_id[m[K){
[2.164s]       |                              [01;36m[K^~~~~~~~[m[K
[2.164s] In file included from [01m[K/usr/include/c++/9/deque:67[m[K,
[2.164s]                  from [01m[K/opt/ros/foxy/include/message_filters/synchronizer.h:38[m[K,
[2.165s]                  from [01m[K/ros2_test/AD_Middle_Test/ros2/src/simple_s/src/intra_pipe.cpp:11[m[K:
[2.165s] [01m[K/usr/include/c++/9/bits/stl_deque.h:312:5:[m[K [01;36m[Knote: [m[Kcandidate: ‘[01m[Ktemplate<class _Tp, class _Ref, class _Ptr> bool std::operator<(const std::_Deque_iterator<_Tp, _Ref, _Ptr>&, const std::_Deque_iterator<_Tp, _Ref, _Ptr>&)[m[K’
[2.165s]   312 |     [01;36m[Koperator[m[K<(const _Deque_iterator<_Tp, _Ref, _Ptr>& __x,
[2.165s]       |     [01;36m[K^~~~~~~~[m[K
[2.165s] [01m[K/usr/include/c++/9/bits/stl_deque.h:312:5:[m[K [01;36m[Knote: [m[K  template argument deduction/substitution failed:
[2.165s] [01m[K/ros2_test/AD_Middle_Test/ros2/src/simple_s/src/intra_pipe.cpp:106:30:[m[K [01;36m[Knote: [m[K  mismatched types ‘[01m[Kconst std::_Deque_iterator<_Tp, _Ref, _Ptr>[m[K’ and ‘[01m[Kuint64_t[m[K’ {aka ‘[01m[Klong unsigned int[m[K’}
[2.165s]   106 |     if(rec_max < msg->header.[01;36m[Kframe_id[m[K){
[2.166s]       |                              [01;36m[K^~~~~~~~[m[K
[2.166s] In file included from [01m[K/usr/include/c++/9/deque:67[m[K,
[2.166s]                  from [01m[K/opt/ros/foxy/include/message_filters/synchronizer.h:38[m[K,
[2.166s]                  from [01m[K/ros2_test/AD_Middle_Test/ros2/src/simple_s/src/intra_pipe.cpp:11[m[K:
[2.166s] [01m[K/usr/include/c++/9/bits/stl_deque.h:320:5:[m[K [01;36m[Knote: [m[Kcandidate: ‘[01m[Ktemplate<class _Tp, class _RefL, class _PtrL, class _RefR, class _PtrR> bool std::operator<(const std::_Deque_iterator<_Tp, _Ref, _Ptr>&, const std::_Deque_iterator<_Tp, _RefR, _PtrR>&)[m[K’
[2.166s]   320 |     [01;36m[Koperator[m[K<(const _Deque_iterator<_Tp, _RefL, _PtrL>& __x,
[2.166s]       |     [01;36m[K^~~~~~~~[m[K
[2.166s] [01m[K/usr/include/c++/9/bits/stl_deque.h:320:5:[m[K [01;36m[Knote: [m[K  template argument deduction/substitution failed:
[2.167s] [01m[K/ros2_test/AD_Middle_Test/ros2/src/simple_s/src/intra_pipe.cpp:106:30:[m[K [01;36m[Knote: [m[K  mismatched types ‘[01m[Kconst std::_Deque_iterator<_Tp, _Ref, _Ptr>[m[K’ and ‘[01m[Kuint64_t[m[K’ {aka ‘[01m[Klong unsigned int[m[K’}
[2.167s]   106 |     if(rec_max < msg->header.[01;36m[Kframe_id[m[K){
[2.167s]       |                              [01;36m[K^~~~~~~~[m[K
[2.167s] In file included from [01m[K/usr/include/c++/9/deque:67[m[K,
[2.167s]                  from [01m[K/opt/ros/foxy/include/message_filters/synchronizer.h:38[m[K,
[2.167s]                  from [01m[K/ros2_test/AD_Middle_Test/ros2/src/simple_s/src/intra_pipe.cpp:11[m[K:
[2.167s] [01m[K/usr/include/c++/9/bits/stl_deque.h:2330:5:[m[K [01;36m[Knote: [m[Kcandidate: ‘[01m[Ktemplate<class _Tp, class _Alloc> bool std::operator<(const std::deque<_Tp, _Alloc>&, const std::deque<_Tp, _Alloc>&)[m[K’
[2.168s]  2330 |     [01;36m[Koperator[m[K<(const deque<_Tp, _Alloc>& __x,
[2.168s]       |     [01;36m[K^~~~~~~~[m[K
[2.168s] [01m[K/usr/include/c++/9/bits/stl_deque.h:2330:5:[m[K [01;36m[Knote: [m[K  template argument deduction/substitution failed:
[2.168s] [01m[K/ros2_test/AD_Middle_Test/ros2/src/simple_s/src/intra_pipe.cpp:106:30:[m[K [01;36m[Knote: [m[K  mismatched types ‘[01m[Kconst std::deque<_Tp, _Alloc>[m[K’ and ‘[01m[Kuint64_t[m[K’ {aka ‘[01m[Klong unsigned int[m[K’}
[2.168s]   106 |     if(rec_max < msg->header.[01;36m[Kframe_id[m[K){
[2.168s]       |                              [01;36m[K^~~~~~~~[m[K
[2.168s] In file included from [01m[K/usr/include/c++/9/bits/stl_algobase.h:67[m[K,
[2.168s]                  from [01m[K/usr/include/c++/9/memory:62[m[K,
[2.169s]                  from [01m[K/ros2_test/AD_Middle_Test/ros2/src/simple_s/src/intra_pipe.cpp:4[m[K:
[2.169s] [01m[K/usr/include/c++/9/bits/stl_iterator.h:915:5:[m[K [01;36m[Knote: [m[Kcandidate: ‘[01m[Ktemplate<class _IteratorL, class _IteratorR, class _Container> bool __gnu_cxx::operator<(const __gnu_cxx::__normal_iterator<_IteratorL, _Container>&, const __gnu_cxx::__normal_iterator<_IteratorR, _Container>&)[m[K’
[2.169s]   915 |     [01;36m[Koperator[m[K<(const __normal_iterator<_IteratorL, _Container>& __lhs,
[2.169s]       |     [01;36m[K^~~~~~~~[m[K
[2.169s] [01m[K/usr/include/c++/9/bits/stl_iterator.h:915:5:[m[K [01;36m[Knote: [m[K  template argument deduction/substitution failed:
[2.169s] [01m[K/ros2_test/AD_Middle_Test/ros2/src/simple_s/src/intra_pipe.cpp:106:30:[m[K [01;36m[Knote: [m[K  mismatched types ‘[01m[Kconst __gnu_cxx::__normal_iterator<_IteratorL, _Container>[m[K’ and ‘[01m[Kuint64_t[m[K’ {aka ‘[01m[Klong unsigned int[m[K’}
[2.169s]   106 |     if(rec_max < msg->header.[01;36m[Kframe_id[m[K){
[2.170s]       |                              [01;36m[K^~~~~~~~[m[K
[2.170s] In file included from [01m[K/usr/include/c++/9/bits/stl_algobase.h:67[m[K,
[2.170s]                  from [01m[K/usr/include/c++/9/memory:62[m[K,
[2.170s]                  from [01m[K/ros2_test/AD_Middle_Test/ros2/src/simple_s/src/intra_pipe.cpp:4[m[K:
[2.170s] [01m[K/usr/include/c++/9/bits/stl_iterator.h:922:5:[m[K [01;36m[Knote: [m[Kcandidate: ‘[01m[Ktemplate<class _Iterator, class _Container> bool __gnu_cxx::operator<(const __gnu_cxx::__normal_iterator<_Iterator, _Container>&, const __gnu_cxx::__normal_iterator<_Iterator, _Container>&)[m[K’
[2.170s]   922 |     [01;36m[Koperator[m[K<(const __normal_iterator<_Iterator, _Container>& __lhs,
[2.170s]       |     [01;36m[K^~~~~~~~[m[K
[2.170s] [01m[K/usr/include/c++/9/bits/stl_iterator.h:922:5:[m[K [01;36m[Knote: [m[K  template argument deduction/substitution failed:
[2.171s] [01m[K/ros2_test/AD_Middle_Test/ros2/src/simple_s/src/intra_pipe.cpp:106:30:[m[K [01;36m[Knote: [m[K  mismatched types ‘[01m[Kconst __gnu_cxx::__normal_iterator<_Iterator, _Container>[m[K’ and ‘[01m[Kuint64_t[m[K’ {aka ‘[01m[Klong unsigned int[m[K’}
[2.171s]   106 |     if(rec_max < msg->header.[01;36m[Kframe_id[m[K){
[2.171s]       |                              [01;36m[K^~~~~~~~[m[K
[2.171s] [01m[K/ros2_test/AD_Middle_Test/ros2/src/simple_s/src/intra_pipe.cpp:107:27:[m[K [01;31m[Kerror: [m[Kcannot convert ‘[01m[Kstd_msgs::msg::Header_<std::allocator<void> >::_frame_id_type[m[K’ {aka ‘[01m[Kstd::__cxx11::basic_string<char>[m[K’} to ‘[01m[Kuint64_t[m[K’ {aka ‘[01m[Klong unsigned int[m[K’} in assignment
[2.171s]   107 |     rec_max = [01;31m[Kmsg->header.frame_id[m[K;
[2.171s]       |               [01;31m[K~~~~~~~~~~~~^~~~~~~~[m[K
[2.171s]       |                           [01;31m[K|[m[K
[2.172s]       |                           [01;31m[Kstd_msgs::msg::Header_<std::allocator<void> >::_frame_id_type {aka std::__cxx11::basic_string<char>}[m[K
[4.838s] make[2]: *** [CMakeFiles/intra_pipe.dir/build.make:63: CMakeFiles/intra_pipe.dir/src/intra_pipe.cpp.o] Error 1
[4.839s] make[1]: *** [CMakeFiles/Makefile2:163: CMakeFiles/intra_pipe.dir/all] Error 2
[4.839s] make[1]: *** Waiting for unfinished jobs....
[9.315s] make: *** [Makefile:141: all] Error 2
