[0.102s] [  1%] Built target turtlesim__cpp
[0.135s] [ 11%] Built target turtlesim__rosidl_typesupport_cpp
[0.168s] [ 21%] Built target turtlesim__rosidl_generator_c
[0.205s] [ 31%] Built target turtlesim__rosidl_typesupport_introspection_c
[0.246s] [ 41%] Built target turtlesim__rosidl_typesupport_fastrtps_cpp
[0.286s] [ 51%] Built target turtlesim__rosidl_typesupport_fastrtps_c
[0.319s] [ 61%] Built target turtlesim__rosidl_typesupport_c
[0.354s] [ 71%] Built target turtlesim__rosidl_typesupport_introspection_cpp
[0.381s] [ 71%] Built target turtlesim
[0.421s] [ 73%] Built target mimic
[0.462s] [ 75%] Built target draw_square
[0.491s] [ 76%] Built target turtlesim__py
[0.532s] [ 85%] Built target turtlesim__python
[0.568s] [ 87%] Built target turtlesim__rosidl_typesupport_introspection_c__pyext
[0.603s] [ 89%] Built target turtlesim__rosidl_typesupport_c__pyext
[0.645s] [ 91%] Built target turtle_teleop_key
[0.709s] [ 97%] Built target turtlesim_node
[0.744s] [100%] Built target turtlesim__rosidl_typesupport_fastrtps_c__pyext
[1.028s] -- Install configuration: ""
[1.028s] -- Up-to-date: /ros2_test/AD_Middle_Test/ros2/src/install/turtlesim/share/ament_index/resource_index/rosidl_interfaces/turtlesim
[1.028s] -- Up-to-date: /ros2_test/AD_Middle_Test/ros2/src/install/turtlesim/lib/libturtlesim__rosidl_typesupport_c.so
[1.028s] -- Up-to-date: /ros2_test/AD_Middle_Test/ros2/src/install/turtlesim/share/turtlesim/environment/library_path.sh
[1.029s] -- Up-to-date: /ros2_test/AD_Middle_Test/ros2/src/install/turtlesim/share/turtlesim/environment/library_path.dsv
[1.029s] -- Up-to-date: /ros2_test/AD_Middle_Test/ros2/src/install/turtlesim/lib/libturtlesim__rosidl_typesupport_cpp.so
[1.029s] -- Up-to-date: /ros2_test/AD_Middle_Test/ros2/src/install/turtlesim/include/turtlesim
[1.029s] -- Up-to-date: /ros2_test/AD_Middle_Test/ros2/src/install/turtlesim/include/turtlesim/msg
[1.029s] -- Up-to-date: /ros2_test/AD_Middle_Test/ros2/src/install/turtlesim/include/turtlesim/msg/rosidl_typesupport_introspection_c__visibility_control.h
[1.029s] -- Up-to-date: /ros2_test/AD_Middle_Test/ros2/src/install/turtlesim/include/turtlesim/msg/detail
[1.030s] -- Up-to-date: /ros2_test/AD_Middle_Test/ros2/src/install/turtlesim/include/turtlesim/msg/detail/pose__type_support.c
[1.030s] -- Up-to-date: /ros2_test/AD_Middle_Test/ros2/src/install/turtlesim/include/turtlesim/msg/detail/pose__rosidl_typesupport_introspection_c.h
[1.030s] -- Up-to-date: /ros2_test/AD_Middle_Test/ros2/src/install/turtlesim/include/turtlesim/msg/detail/color__rosidl_typesupport_introspection_c.h
[1.030s] -- Up-to-date: /ros2_test/AD_Middle_Test/ros2/src/install/turtlesim/include/turtlesim/msg/detail/color__type_support.c
[1.031s] -- Up-to-date: /ros2_test/AD_Middle_Test/ros2/src/install/turtlesim/include/turtlesim/srv
[1.031s] -- Up-to-date: /ros2_test/AD_Middle_Test/ros2/src/install/turtlesim/include/turtlesim/srv/detail
[1.031s] -- Up-to-date: /ros2_test/AD_Middle_Test/ros2/src/install/turtlesim/include/turtlesim/srv/detail/set_pen__rosidl_typesupport_introspection_c.h
[1.031s] -- Up-to-date: /ros2_test/AD_Middle_Test/ros2/src/install/turtlesim/include/turtlesim/srv/detail/teleport_absolute__rosidl_typesupport_introspection_c.h
[1.032s] -- Up-to-date: /ros2_test/AD_Middle_Test/ros2/src/install/turtlesim/include/turtlesim/srv/detail/set_pen__type_support.c
[1.032s] -- Up-to-date: /ros2_test/AD_Middle_Test/ros2/src/install/turtlesim/include/turtlesim/srv/detail/teleport_relative__type_support.c
[1.032s] -- Up-to-date: /ros2_test/AD_Middle_Test/ros2/src/install/turtlesim/include/turtlesim/srv/detail/spawn__type_support.c
[1.033s] -- Up-to-date: /ros2_test/AD_Middle_Test/ros2/src/install/turtlesim/include/turtlesim/srv/detail/teleport_absolute__type_support.c
[1.033s] -- Up-to-date: /ros2_test/AD_Middle_Test/ros2/src/install/turtlesim/include/turtlesim/srv/detail/kill__type_support.c
[1.033s] -- Up-to-date: /ros2_test/AD_Middle_Test/ros2/src/install/turtlesim/include/turtlesim/srv/detail/teleport_relative__rosidl_typesupport_introspection_c.h
[1.033s] -- Up-to-date: /ros2_test/AD_Middle_Test/ros2/src/install/turtlesim/include/turtlesim/srv/detail/kill__rosidl_typesupport_introspection_c.h
[1.034s] -- Up-to-date: /ros2_test/AD_Middle_Test/ros2/src/install/turtlesim/include/turtlesim/srv/detail/spawn__rosidl_typesupport_introspection_c.h
[1.034s] -- Up-to-date: /ros2_test/AD_Middle_Test/ros2/src/install/turtlesim/include/turtlesim/action
[1.034s] -- Up-to-date: /ros2_test/AD_Middle_Test/ros2/src/install/turtlesim/include/turtlesim/action/detail
[1.034s] -- Up-to-date: /ros2_test/AD_Middle_Test/ros2/src/install/turtlesim/include/turtlesim/action/detail/rotate_absolute__rosidl_typesupport_introspection_c.h
[1.035s] -- Up-to-date: /ros2_test/AD_Middle_Test/ros2/src/install/turtlesim/include/turtlesim/action/detail/rotate_absolute__type_support.c
[1.035s] -- Up-to-date: /ros2_test/AD_Middle_Test/ros2/src/install/turtlesim/lib/libturtlesim__rosidl_typesupport_introspection_c.so
[1.036s] -- Up-to-date: /ros2_test/AD_Middle_Test/ros2/src/install/turtlesim/include/turtlesim
[1.036s] -- Up-to-date: /ros2_test/AD_Middle_Test/ros2/src/install/turtlesim/include/turtlesim/msg
[1.037s] -- Up-to-date: /ros2_test/AD_Middle_Test/ros2/src/install/turtlesim/include/turtlesim/msg/detail
[1.037s] -- Up-to-date: /ros2_test/AD_Middle_Test/ros2/src/install/turtlesim/include/turtlesim/msg/detail/color__type_support.cpp
[1.037s] -- Up-to-date: /ros2_test/AD_Middle_Test/ros2/src/install/turtlesim/include/turtlesim/msg/detail/color__rosidl_typesupport_introspection_cpp.hpp
[1.037s] -- Up-to-date: /ros2_test/AD_Middle_Test/ros2/src/install/turtlesim/include/turtlesim/msg/detail/pose__type_support.cpp
[1.038s] -- Up-to-date: /ros2_test/AD_Middle_Test/ros2/src/install/turtlesim/include/turtlesim/msg/detail/pose__rosidl_typesupport_introspection_cpp.hpp
[1.038s] -- Up-to-date: /ros2_test/AD_Middle_Test/ros2/src/install/turtlesim/include/turtlesim/srv
[1.038s] -- Up-to-date: /ros2_test/AD_Middle_Test/ros2/src/install/turtlesim/include/turtlesim/srv/detail
[1.039s] -- Up-to-date: /ros2_test/AD_Middle_Test/ros2/src/install/turtlesim/include/turtlesim/srv/detail/kill__type_support.cpp
[1.039s] -- Up-to-date: /ros2_test/AD_Middle_Test/ros2/src/install/turtlesim/include/turtlesim/srv/detail/kill__rosidl_typesupport_introspection_cpp.hpp
[1.039s] -- Up-to-date: /ros2_test/AD_Middle_Test/ros2/src/install/turtlesim/include/turtlesim/srv/detail/teleport_relative__rosidl_typesupport_introspection_cpp.hpp
[1.039s] -- Up-to-date: /ros2_test/AD_Middle_Test/ros2/src/install/turtlesim/include/turtlesim/srv/detail/teleport_absolute__type_support.cpp
[1.040s] -- Up-to-date: /ros2_test/AD_Middle_Test/ros2/src/install/turtlesim/include/turtlesim/srv/detail/set_pen__type_support.cpp
[1.040s] -- Up-to-date: /ros2_test/AD_Middle_Test/ros2/src/install/turtlesim/include/turtlesim/srv/detail/spawn__rosidl_typesupport_introspection_cpp.hpp
[1.040s] -- Up-to-date: /ros2_test/AD_Middle_Test/ros2/src/install/turtlesim/include/turtlesim/srv/detail/spawn__type_support.cpp
[1.040s] -- Up-to-date: /ros2_test/AD_Middle_Test/ros2/src/install/turtlesim/include/turtlesim/srv/detail/teleport_absolute__rosidl_typesupport_introspection_cpp.hpp
[1.041s] -- Up-to-date: /ros2_test/AD_Middle_Test/ros2/src/install/turtlesim/include/turtlesim/srv/detail/teleport_relative__type_support.cpp
[1.041s] -- Up-to-date: /ros2_test/AD_Middle_Test/ros2/src/install/turtlesim/include/turtlesim/srv/detail/set_pen__rosidl_typesupport_introspection_cpp.hpp
[1.041s] -- Up-to-date: /ros2_test/AD_Middle_Test/ros2/src/install/turtlesim/include/turtlesim/action
[1.042s] -- Up-to-date: /ros2_test/AD_Middle_Test/ros2/src/install/turtlesim/include/turtlesim/action/detail
[1.042s] -- Up-to-date: /ros2_test/AD_Middle_Test/ros2/src/install/turtlesim/include/turtlesim/action/detail/rotate_absolute__rosidl_typesupport_introspection_cpp.hpp
[1.042s] -- Up-to-date: /ros2_test/AD_Middle_Test/ros2/src/install/turtlesim/include/turtlesim/action/detail/rotate_absolute__type_support.cpp
[1.043s] -- Up-to-date: /ros2_test/AD_Middle_Test/ros2/src/install/turtlesim/lib/libturtlesim__rosidl_typesupport_introspection_cpp.so
[1.043s] -- Up-to-date: /ros2_test/AD_Middle_Test/ros2/src/install/turtlesim/include/turtlesim
[1.044s] -- Up-to-date: /ros2_test/AD_Middle_Test/ros2/src/install/turtlesim/include/turtlesim/msg
[1.044s] -- Up-to-date: /ros2_test/AD_Middle_Test/ros2/src/install/turtlesim/include/turtlesim/msg/color__rosidl_typesupport_fastrtps_c.h
[1.044s] -- Up-to-date: /ros2_test/AD_Middle_Test/ros2/src/install/turtlesim/include/turtlesim/msg/pose__rosidl_typesupport_fastrtps_c.h
[1.045s] -- Up-to-date: /ros2_test/AD_Middle_Test/ros2/src/install/turtlesim/include/turtlesim/msg/rosidl_typesupport_fastrtps_c__visibility_control.h
[1.045s] -- Up-to-date: /ros2_test/AD_Middle_Test/ros2/src/install/turtlesim/include/turtlesim/srv
[1.045s] -- Up-to-date: /ros2_test/AD_Middle_Test/ros2/src/install/turtlesim/include/turtlesim/srv/teleport_absolute__rosidl_typesupport_fastrtps_c.h
[1.045s] -- Up-to-date: /ros2_test/AD_Middle_Test/ros2/src/install/turtlesim/include/turtlesim/srv/set_pen__rosidl_typesupport_fastrtps_c.h
[1.046s] -- Up-to-date: /ros2_test/AD_Middle_Test/ros2/src/install/turtlesim/include/turtlesim/srv/kill__rosidl_typesupport_fastrtps_c.h
[1.046s] -- Up-to-date: /ros2_test/AD_Middle_Test/ros2/src/install/turtlesim/include/turtlesim/srv/teleport_relative__rosidl_typesupport_fastrtps_c.h
[1.046s] -- Up-to-date: /ros2_test/AD_Middle_Test/ros2/src/install/turtlesim/include/turtlesim/srv/spawn__rosidl_typesupport_fastrtps_c.h
[1.046s] -- Up-to-date: /ros2_test/AD_Middle_Test/ros2/src/install/turtlesim/include/turtlesim/action
[1.047s] -- Up-to-date: /ros2_test/AD_Middle_Test/ros2/src/install/turtlesim/include/turtlesim/action/rotate_absolute__rosidl_typesupport_fastrtps_c.h
[1.047s] -- Up-to-date: /ros2_test/AD_Middle_Test/ros2/src/install/turtlesim/lib/libturtlesim__rosidl_typesupport_fastrtps_c.so
[1.048s] -- Up-to-date: /ros2_test/AD_Middle_Test/ros2/src/install/turtlesim/include/turtlesim
[1.048s] -- Up-to-date: /ros2_test/AD_Middle_Test/ros2/src/install/turtlesim/include/turtlesim/msg
[1.049s] -- Up-to-date: /ros2_test/AD_Middle_Test/ros2/src/install/turtlesim/include/turtlesim/msg/dds_fastrtps
[1.049s] -- Up-to-date: /ros2_test/AD_Middle_Test/ros2/src/install/turtlesim/include/turtlesim/msg/rosidl_typesupport_fastrtps_cpp__visibility_control.h
[1.049s] -- Up-to-date: /ros2_test/AD_Middle_Test/ros2/src/install/turtlesim/include/turtlesim/msg/pose__rosidl_typesupport_fastrtps_cpp.hpp
[1.049s] -- Up-to-date: /ros2_test/AD_Middle_Test/ros2/src/install/turtlesim/include/turtlesim/msg/color__rosidl_typesupport_fastrtps_cpp.hpp
[1.050s] -- Up-to-date: /ros2_test/AD_Middle_Test/ros2/src/install/turtlesim/include/turtlesim/srv
[1.050s] -- Up-to-date: /ros2_test/AD_Middle_Test/ros2/src/install/turtlesim/include/turtlesim/srv/dds_fastrtps
[1.050s] -- Up-to-date: /ros2_test/AD_Middle_Test/ros2/src/install/turtlesim/include/turtlesim/srv/set_pen__rosidl_typesupport_fastrtps_cpp.hpp
[1.051s] -- Up-to-date: /ros2_test/AD_Middle_Test/ros2/src/install/turtlesim/include/turtlesim/srv/teleport_absolute__rosidl_typesupport_fastrtps_cpp.hpp
[1.051s] -- Up-to-date: /ros2_test/AD_Middle_Test/ros2/src/install/turtlesim/include/turtlesim/srv/spawn__rosidl_typesupport_fastrtps_cpp.hpp
[1.051s] -- Up-to-date: /ros2_test/AD_Middle_Test/ros2/src/install/turtlesim/include/turtlesim/srv/teleport_relative__rosidl_typesupport_fastrtps_cpp.hpp
[1.051s] -- Up-to-date: /ros2_test/AD_Middle_Test/ros2/src/install/turtlesim/include/turtlesim/srv/kill__rosidl_typesupport_fastrtps_cpp.hpp
[1.052s] -- Up-to-date: /ros2_test/AD_Middle_Test/ros2/src/install/turtlesim/include/turtlesim/action
[1.052s] -- Up-to-date: /ros2_test/AD_Middle_Test/ros2/src/install/turtlesim/include/turtlesim/action/rotate_absolute__rosidl_typesupport_fastrtps_cpp.hpp
[1.052s] -- Up-to-date: /ros2_test/AD_Middle_Test/ros2/src/install/turtlesim/include/turtlesim/action/dds_fastrtps
[1.053s] -- Up-to-date: /ros2_test/AD_Middle_Test/ros2/src/install/turtlesim/lib/libturtlesim__rosidl_typesupport_fastrtps_cpp.so
[1.054s] -- Up-to-date: /ros2_test/AD_Middle_Test/ros2/src/install/turtlesim/include/turtlesim
[1.054s] -- Up-to-date: /ros2_test/AD_Middle_Test/ros2/src/install/turtlesim/include/turtlesim/msg
[1.054s] -- Up-to-date: /ros2_test/AD_Middle_Test/ros2/src/install/turtlesim/include/turtlesim/msg/color.h
[1.054s] -- Up-to-date: /ros2_test/AD_Middle_Test/ros2/src/install/turtlesim/include/turtlesim/msg/pose.h
[1.055s] -- Up-to-date: /ros2_test/AD_Middle_Test/ros2/src/install/turtlesim/include/turtlesim/msg/detail
[1.055s] -- Up-to-date: /ros2_test/AD_Middle_Test/ros2/src/install/turtlesim/include/turtlesim/msg/detail/color__functions.h
[1.055s] -- Up-to-date: /ros2_test/AD_Middle_Test/ros2/src/install/turtlesim/include/turtlesim/msg/detail/color__struct.h
[1.055s] -- Up-to-date: /ros2_test/AD_Middle_Test/ros2/src/install/turtlesim/include/turtlesim/msg/detail/color__type_support.h
[1.056s] -- Up-to-date: /ros2_test/AD_Middle_Test/ros2/src/install/turtlesim/include/turtlesim/msg/detail/pose__functions.c
[1.056s] -- Up-to-date: /ros2_test/AD_Middle_Test/ros2/src/install/turtlesim/include/turtlesim/msg/detail/pose__type_support.h
[1.056s] -- Up-to-date: /ros2_test/AD_Middle_Test/ros2/src/install/turtlesim/include/turtlesim/msg/detail/color__functions.c
[1.056s] -- Up-to-date: /ros2_test/AD_Middle_Test/ros2/src/install/turtlesim/include/turtlesim/msg/detail/pose__functions.h
[1.057s] -- Up-to-date: /ros2_test/AD_Middle_Test/ros2/src/install/turtlesim/include/turtlesim/msg/detail/pose__struct.h
[1.057s] -- Up-to-date: /ros2_test/AD_Middle_Test/ros2/src/install/turtlesim/include/turtlesim/msg/rosidl_generator_c__visibility_control.h
[1.057s] -- Up-to-date: /ros2_test/AD_Middle_Test/ros2/src/install/turtlesim/include/turtlesim/srv
[1.058s] -- Up-to-date: /ros2_test/AD_Middle_Test/ros2/src/install/turtlesim/include/turtlesim/srv/spawn.h
[1.058s] -- Up-to-date: /ros2_test/AD_Middle_Test/ros2/src/install/turtlesim/include/turtlesim/srv/detail
[1.058s] -- Up-to-date: /ros2_test/AD_Middle_Test/ros2/src/install/turtlesim/include/turtlesim/srv/detail/teleport_absolute__type_support.h
[1.058s] -- Up-to-date: /ros2_test/AD_Middle_Test/ros2/src/install/turtlesim/include/turtlesim/srv/detail/spawn__struct.h
[1.059s] -- Up-to-date: /ros2_test/AD_Middle_Test/ros2/src/install/turtlesim/include/turtlesim/srv/detail/kill__functions.c
[1.059s] -- Up-to-date: /ros2_test/AD_Middle_Test/ros2/src/install/turtlesim/include/turtlesim/srv/detail/spawn__functions.h
[1.059s] -- Up-to-date: /ros2_test/AD_Middle_Test/ros2/src/install/turtlesim/include/turtlesim/srv/detail/set_pen__functions.h
[1.059s] -- Up-to-date: /ros2_test/AD_Middle_Test/ros2/src/install/turtlesim/include/turtlesim/srv/detail/spawn__type_support.h
[1.060s] -- Up-to-date: /ros2_test/AD_Middle_Test/ros2/src/install/turtlesim/include/turtlesim/srv/detail/teleport_relative__functions.c
[1.060s] -- Up-to-date: /ros2_test/AD_Middle_Test/ros2/src/install/turtlesim/include/turtlesim/srv/detail/kill__functions.h
[1.060s] -- Up-to-date: /ros2_test/AD_Middle_Test/ros2/src/install/turtlesim/include/turtlesim/srv/detail/teleport_relative__type_support.h
[1.060s] -- Up-to-date: /ros2_test/AD_Middle_Test/ros2/src/install/turtlesim/include/turtlesim/srv/detail/kill__type_support.h
[1.061s] -- Up-to-date: /ros2_test/AD_Middle_Test/ros2/src/install/turtlesim/include/turtlesim/srv/detail/teleport_relative__functions.h
[1.061s] -- Up-to-date: /ros2_test/AD_Middle_Test/ros2/src/install/turtlesim/include/turtlesim/srv/detail/set_pen__struct.h
[1.061s] -- Up-to-date: /ros2_test/AD_Middle_Test/ros2/src/install/turtlesim/include/turtlesim/srv/detail/set_pen__functions.c
[1.061s] -- Up-to-date: /ros2_test/AD_Middle_Test/ros2/src/install/turtlesim/include/turtlesim/srv/detail/teleport_absolute__functions.h
[1.062s] -- Up-to-date: /ros2_test/AD_Middle_Test/ros2/src/install/turtlesim/include/turtlesim/srv/detail/teleport_absolute__struct.h
[1.062s] -- Up-to-date: /ros2_test/AD_Middle_Test/ros2/src/install/turtlesim/include/turtlesim/srv/detail/spawn__functions.c
[1.062s] -- Up-to-date: /ros2_test/AD_Middle_Test/ros2/src/install/turtlesim/include/turtlesim/srv/detail/teleport_absolute__functions.c
[1.063s] -- Up-to-date: /ros2_test/AD_Middle_Test/ros2/src/install/turtlesim/include/turtlesim/srv/detail/kill__struct.h
[1.063s] -- Up-to-date: /ros2_test/AD_Middle_Test/ros2/src/install/turtlesim/include/turtlesim/srv/detail/teleport_relative__struct.h
[1.063s] -- Up-to-date: /ros2_test/AD_Middle_Test/ros2/src/install/turtlesim/include/turtlesim/srv/detail/set_pen__type_support.h
[1.063s] -- Up-to-date: /ros2_test/AD_Middle_Test/ros2/src/install/turtlesim/include/turtlesim/srv/set_pen.h
[1.064s] -- Up-to-date: /ros2_test/AD_Middle_Test/ros2/src/install/turtlesim/include/turtlesim/srv/kill.h
[1.064s] -- Up-to-date: /ros2_test/AD_Middle_Test/ros2/src/install/turtlesim/include/turtlesim/srv/teleport_relative.h
[1.064s] -- Up-to-date: /ros2_test/AD_Middle_Test/ros2/src/install/turtlesim/include/turtlesim/srv/teleport_absolute.h
[1.064s] -- Up-to-date: /ros2_test/AD_Middle_Test/ros2/src/install/turtlesim/include/turtlesim/action
[1.065s] -- Up-to-date: /ros2_test/AD_Middle_Test/ros2/src/install/turtlesim/include/turtlesim/action/detail
[1.065s] -- Up-to-date: /ros2_test/AD_Middle_Test/ros2/src/install/turtlesim/include/turtlesim/action/detail/rotate_absolute__functions.h
[1.065s] -- Up-to-date: /ros2_test/AD_Middle_Test/ros2/src/install/turtlesim/include/turtlesim/action/detail/rotate_absolute__struct.h
[1.065s] -- Up-to-date: /ros2_test/AD_Middle_Test/ros2/src/install/turtlesim/include/turtlesim/action/detail/rotate_absolute__functions.c
[1.066s] -- Up-to-date: /ros2_test/AD_Middle_Test/ros2/src/install/turtlesim/include/turtlesim/action/detail/rotate_absolute__type_support.h
[1.066s] -- Up-to-date: /ros2_test/AD_Middle_Test/ros2/src/install/turtlesim/include/turtlesim/action/rotate_absolute.h
[1.067s] -- Up-to-date: /ros2_test/AD_Middle_Test/ros2/src/install/turtlesim/lib/libturtlesim__rosidl_generator_c.so
[1.067s] -- Up-to-date: /ros2_test/AD_Middle_Test/ros2/src/install/turtlesim/include/turtlesim
[1.068s] -- Up-to-date: /ros2_test/AD_Middle_Test/ros2/src/install/turtlesim/include/turtlesim/msg
[1.068s] -- Up-to-date: /ros2_test/AD_Middle_Test/ros2/src/install/turtlesim/include/turtlesim/msg/color.hpp
[1.068s] -- Up-to-date: /ros2_test/AD_Middle_Test/ros2/src/install/turtlesim/include/turtlesim/msg/detail
[1.069s] -- Up-to-date: /ros2_test/AD_Middle_Test/ros2/src/install/turtlesim/include/turtlesim/msg/detail/pose__traits.hpp
[1.069s] -- Up-to-date: /ros2_test/AD_Middle_Test/ros2/src/install/turtlesim/include/turtlesim/msg/detail/color__struct.hpp
[1.069s] -- Up-to-date: /ros2_test/AD_Middle_Test/ros2/src/install/turtlesim/include/turtlesim/msg/detail/pose__struct.hpp
[1.069s] -- Up-to-date: /ros2_test/AD_Middle_Test/ros2/src/install/turtlesim/include/turtlesim/msg/detail/color__builder.hpp
[1.070s] -- Up-to-date: /ros2_test/AD_Middle_Test/ros2/src/install/turtlesim/include/turtlesim/msg/detail/color__traits.hpp
[1.070s] -- Up-to-date: /ros2_test/AD_Middle_Test/ros2/src/install/turtlesim/include/turtlesim/msg/detail/pose__builder.hpp
[1.070s] -- Up-to-date: /ros2_test/AD_Middle_Test/ros2/src/install/turtlesim/include/turtlesim/msg/pose.hpp
[1.070s] -- Up-to-date: /ros2_test/AD_Middle_Test/ros2/src/install/turtlesim/include/turtlesim/srv
[1.071s] -- Up-to-date: /ros2_test/AD_Middle_Test/ros2/src/install/turtlesim/include/turtlesim/srv/teleport_absolute.hpp
[1.071s] -- Up-to-date: /ros2_test/AD_Middle_Test/ros2/src/install/turtlesim/include/turtlesim/srv/spawn.hpp
[1.071s] -- Up-to-date: /ros2_test/AD_Middle_Test/ros2/src/install/turtlesim/include/turtlesim/srv/kill.hpp
[1.071s] -- Up-to-date: /ros2_test/AD_Middle_Test/ros2/src/install/turtlesim/include/turtlesim/srv/teleport_relative.hpp
[1.072s] -- Up-to-date: /ros2_test/AD_Middle_Test/ros2/src/install/turtlesim/include/turtlesim/srv/detail
[1.072s] -- Up-to-date: /ros2_test/AD_Middle_Test/ros2/src/install/turtlesim/include/turtlesim/srv/detail/set_pen__traits.hpp
[1.072s] -- Up-to-date: /ros2_test/AD_Middle_Test/ros2/src/install/turtlesim/include/turtlesim/srv/detail/teleport_absolute__struct.hpp
[1.073s] -- Up-to-date: /ros2_test/AD_Middle_Test/ros2/src/install/turtlesim/include/turtlesim/srv/detail/spawn__traits.hpp
[1.073s] -- Up-to-date: /ros2_test/AD_Middle_Test/ros2/src/install/turtlesim/include/turtlesim/srv/detail/kill__builder.hpp
[1.073s] -- Up-to-date: /ros2_test/AD_Middle_Test/ros2/src/install/turtlesim/include/turtlesim/srv/detail/kill__struct.hpp
[1.073s] -- Up-to-date: /ros2_test/AD_Middle_Test/ros2/src/install/turtlesim/include/turtlesim/srv/detail/teleport_relative__builder.hpp
[1.074s] -- Up-to-date: /ros2_test/AD_Middle_Test/ros2/src/install/turtlesim/include/turtlesim/srv/detail/kill__traits.hpp
[1.074s] -- Up-to-date: /ros2_test/AD_Middle_Test/ros2/src/install/turtlesim/include/turtlesim/srv/detail/spawn__builder.hpp
[1.074s] -- Up-to-date: /ros2_test/AD_Middle_Test/ros2/src/install/turtlesim/include/turtlesim/srv/detail/teleport_relative__traits.hpp
[1.074s] -- Up-to-date: /ros2_test/AD_Middle_Test/ros2/src/install/turtlesim/include/turtlesim/srv/detail/spawn__struct.hpp
[1.076s] -- Up-to-date: /ros2_test/AD_Middle_Test/ros2/src/install/turtlesim/include/turtlesim/srv/detail/teleport_absolute__builder.hpp
[1.076s] -- Up-to-date: /ros2_test/AD_Middle_Test/ros2/src/install/turtlesim/include/turtlesim/srv/detail/teleport_absolute__traits.hpp
[1.076s] -- Up-to-date: /ros2_test/AD_Middle_Test/ros2/src/install/turtlesim/include/turtlesim/srv/detail/set_pen__builder.hpp
[1.077s] -- Up-to-date: /ros2_test/AD_Middle_Test/ros2/src/install/turtlesim/include/turtlesim/srv/detail/set_pen__struct.hpp
[1.077s] -- Up-to-date: /ros2_test/AD_Middle_Test/ros2/src/install/turtlesim/include/turtlesim/srv/detail/teleport_relative__struct.hpp
[1.077s] -- Up-to-date: /ros2_test/AD_Middle_Test/ros2/src/install/turtlesim/include/turtlesim/srv/set_pen.hpp
[1.077s] -- Up-to-date: /ros2_test/AD_Middle_Test/ros2/src/install/turtlesim/include/turtlesim/action
[1.077s] -- Up-to-date: /ros2_test/AD_Middle_Test/ros2/src/install/turtlesim/include/turtlesim/action/rotate_absolute.hpp
[1.077s] -- Up-to-date: /ros2_test/AD_Middle_Test/ros2/src/install/turtlesim/include/turtlesim/action/detail
[1.077s] -- Up-to-date: /ros2_test/AD_Middle_Test/ros2/src/install/turtlesim/include/turtlesim/action/detail/rotate_absolute__builder.hpp
[1.078s] -- Up-to-date: /ros2_test/AD_Middle_Test/ros2/src/install/turtlesim/include/turtlesim/action/detail/rotate_absolute__traits.hpp
[1.078s] -- Up-to-date: /ros2_test/AD_Middle_Test/ros2/src/install/turtlesim/include/turtlesim/action/detail/rotate_absolute__struct.hpp
[1.078s] -- Up-to-date: /ros2_test/AD_Middle_Test/ros2/src/install/turtlesim/share/turtlesim/environment/pythonpath.sh
[1.078s] -- Up-to-date: /ros2_test/AD_Middle_Test/ros2/src/install/turtlesim/share/turtlesim/environment/pythonpath.dsv
[1.078s] -- Up-to-date: /ros2_test/AD_Middle_Test/ros2/src/install/turtlesim/lib/python3.8/site-packages/turtlesim/__init__.py
[1.139s] -- Up-to-date: /ros2_test/AD_Middle_Test/ros2/src/install/turtlesim/lib/python3.8/site-packages/turtlesim/action
[1.139s] -- Up-to-date: /ros2_test/AD_Middle_Test/ros2/src/install/turtlesim/lib/python3.8/site-packages/turtlesim/action/_rotate_absolute.py
[1.140s] -- Up-to-date: /ros2_test/AD_Middle_Test/ros2/src/install/turtlesim/lib/python3.8/site-packages/turtlesim/action/__init__.py
[1.140s] -- Up-to-date: /ros2_test/AD_Middle_Test/ros2/src/install/turtlesim/lib/python3.8/site-packages/turtlesim/action/_rotate_absolute_s.c
[1.140s] -- Up-to-date: /ros2_test/AD_Middle_Test/ros2/src/install/turtlesim/lib/python3.8/site-packages/turtlesim/msg
[1.140s] -- Up-to-date: /ros2_test/AD_Middle_Test/ros2/src/install/turtlesim/lib/python3.8/site-packages/turtlesim/msg/_pose.py
[1.140s] -- Up-to-date: /ros2_test/AD_Middle_Test/ros2/src/install/turtlesim/lib/python3.8/site-packages/turtlesim/msg/_color_s.c
[1.140s] -- Up-to-date: /ros2_test/AD_Middle_Test/ros2/src/install/turtlesim/lib/python3.8/site-packages/turtlesim/msg/_color.py
[1.140s] -- Up-to-date: /ros2_test/AD_Middle_Test/ros2/src/install/turtlesim/lib/python3.8/site-packages/turtlesim/msg/_pose_s.c
[1.141s] -- Up-to-date: /ros2_test/AD_Middle_Test/ros2/src/install/turtlesim/lib/python3.8/site-packages/turtlesim/msg/__init__.py
[1.141s] -- Up-to-date: /ros2_test/AD_Middle_Test/ros2/src/install/turtlesim/lib/python3.8/site-packages/turtlesim/srv
[1.141s] -- Up-to-date: /ros2_test/AD_Middle_Test/ros2/src/install/turtlesim/lib/python3.8/site-packages/turtlesim/srv/_spawn_s.c
[1.141s] -- Up-to-date: /ros2_test/AD_Middle_Test/ros2/src/install/turtlesim/lib/python3.8/site-packages/turtlesim/srv/_kill.py
[1.141s] -- Up-to-date: /ros2_test/AD_Middle_Test/ros2/src/install/turtlesim/lib/python3.8/site-packages/turtlesim/srv/_set_pen.py
[1.141s] -- Up-to-date: /ros2_test/AD_Middle_Test/ros2/src/install/turtlesim/lib/python3.8/site-packages/turtlesim/srv/_spawn.py
[1.141s] -- Up-to-date: /ros2_test/AD_Middle_Test/ros2/src/install/turtlesim/lib/python3.8/site-packages/turtlesim/srv/_teleport_relative.py
[1.142s] -- Up-to-date: /ros2_test/AD_Middle_Test/ros2/src/install/turtlesim/lib/python3.8/site-packages/turtlesim/srv/__init__.py
[1.142s] -- Up-to-date: /ros2_test/AD_Middle_Test/ros2/src/install/turtlesim/lib/python3.8/site-packages/turtlesim/srv/_teleport_relative_s.c
[1.142s] -- Up-to-date: /ros2_test/AD_Middle_Test/ros2/src/install/turtlesim/lib/python3.8/site-packages/turtlesim/srv/_kill_s.c
[1.142s] -- Up-to-date: /ros2_test/AD_Middle_Test/ros2/src/install/turtlesim/lib/python3.8/site-packages/turtlesim/srv/_teleport_absolute.py
[1.142s] -- Up-to-date: /ros2_test/AD_Middle_Test/ros2/src/install/turtlesim/lib/python3.8/site-packages/turtlesim/srv/_set_pen_s.c
[1.142s] -- Up-to-date: /ros2_test/AD_Middle_Test/ros2/src/install/turtlesim/lib/python3.8/site-packages/turtlesim/srv/_teleport_absolute_s.c
[1.142s] -- Up-to-date: /ros2_test/AD_Middle_Test/ros2/src/install/turtlesim/lib/python3.8/site-packages/turtlesim/turtlesim_s__rosidl_typesupport_fastrtps_c.cpython-38-x86_64-linux-gnu.so
[1.142s] -- Up-to-date: /ros2_test/AD_Middle_Test/ros2/src/install/turtlesim/lib/python3.8/site-packages/turtlesim/turtlesim_s__rosidl_typesupport_introspection_c.cpython-38-x86_64-linux-gnu.so
[1.143s] -- Up-to-date: /ros2_test/AD_Middle_Test/ros2/src/install/turtlesim/lib/python3.8/site-packages/turtlesim/turtlesim_s__rosidl_typesupport_c.cpython-38-x86_64-linux-gnu.so
[1.143s] -- Up-to-date: /ros2_test/AD_Middle_Test/ros2/src/install/turtlesim/lib/libturtlesim__python.so
[1.143s] -- Up-to-date: /ros2_test/AD_Middle_Test/ros2/src/install/turtlesim/share/turtlesim/action/RotateAbsolute.idl
[1.143s] -- Up-to-date: /ros2_test/AD_Middle_Test/ros2/src/install/turtlesim/share/turtlesim/msg/Color.idl
[1.143s] -- Up-to-date: /ros2_test/AD_Middle_Test/ros2/src/install/turtlesim/share/turtlesim/msg/Pose.idl
[1.143s] -- Up-to-date: /ros2_test/AD_Middle_Test/ros2/src/install/turtlesim/share/turtlesim/srv/Kill.idl
[1.143s] -- Up-to-date: /ros2_test/AD_Middle_Test/ros2/src/install/turtlesim/share/turtlesim/srv/SetPen.idl
[1.144s] -- Up-to-date: /ros2_test/AD_Middle_Test/ros2/src/install/turtlesim/share/turtlesim/srv/Spawn.idl
[1.144s] -- Up-to-date: /ros2_test/AD_Middle_Test/ros2/src/install/turtlesim/share/turtlesim/srv/TeleportAbsolute.idl
[1.144s] -- Up-to-date: /ros2_test/AD_Middle_Test/ros2/src/install/turtlesim/share/turtlesim/srv/TeleportRelative.idl
[1.144s] -- Up-to-date: /ros2_test/AD_Middle_Test/ros2/src/install/turtlesim/share/turtlesim/action/RotateAbsolute.action
[1.144s] -- Up-to-date: /ros2_test/AD_Middle_Test/ros2/src/install/turtlesim/share/turtlesim/msg/Color.msg
[1.144s] -- Up-to-date: /ros2_test/AD_Middle_Test/ros2/src/install/turtlesim/share/turtlesim/msg/Pose.msg
[1.144s] -- Up-to-date: /ros2_test/AD_Middle_Test/ros2/src/install/turtlesim/share/turtlesim/srv/Kill.srv
[1.145s] -- Up-to-date: /ros2_test/AD_Middle_Test/ros2/src/install/turtlesim/share/turtlesim/srv/Kill_Request.msg
[1.145s] -- Up-to-date: /ros2_test/AD_Middle_Test/ros2/src/install/turtlesim/share/turtlesim/srv/Kill_Response.msg
[1.145s] -- Up-to-date: /ros2_test/AD_Middle_Test/ros2/src/install/turtlesim/share/turtlesim/srv/SetPen.srv
[1.145s] -- Up-to-date: /ros2_test/AD_Middle_Test/ros2/src/install/turtlesim/share/turtlesim/srv/SetPen_Request.msg
[1.146s] -- Up-to-date: /ros2_test/AD_Middle_Test/ros2/src/install/turtlesim/share/turtlesim/srv/SetPen_Response.msg
[1.146s] -- Up-to-date: /ros2_test/AD_Middle_Test/ros2/src/install/turtlesim/share/turtlesim/srv/Spawn.srv
[1.146s] -- Up-to-date: /ros2_test/AD_Middle_Test/ros2/src/install/turtlesim/share/turtlesim/srv/Spawn_Request.msg
[1.147s] -- Up-to-date: /ros2_test/AD_Middle_Test/ros2/src/install/turtlesim/share/turtlesim/srv/Spawn_Response.msg
[1.147s] -- Up-to-date: /ros2_test/AD_Middle_Test/ros2/src/install/turtlesim/share/turtlesim/srv/TeleportAbsolute.srv
[1.147s] -- Up-to-date: /ros2_test/AD_Middle_Test/ros2/src/install/turtlesim/share/turtlesim/srv/TeleportAbsolute_Request.msg
[1.148s] -- Up-to-date: /ros2_test/AD_Middle_Test/ros2/src/install/turtlesim/share/turtlesim/srv/TeleportAbsolute_Response.msg
[1.148s] -- Up-to-date: /ros2_test/AD_Middle_Test/ros2/src/install/turtlesim/share/turtlesim/srv/TeleportRelative.srv
[1.148s] -- Up-to-date: /ros2_test/AD_Middle_Test/ros2/src/install/turtlesim/share/turtlesim/srv/TeleportRelative_Request.msg
[1.149s] -- Up-to-date: /ros2_test/AD_Middle_Test/ros2/src/install/turtlesim/share/turtlesim/srv/TeleportRelative_Response.msg
[1.149s] -- Up-to-date: /ros2_test/AD_Middle_Test/ros2/src/install/turtlesim/lib/turtlesim/turtlesim_node
[1.150s] -- Up-to-date: /ros2_test/AD_Middle_Test/ros2/src/install/turtlesim/lib/turtlesim/turtle_teleop_key
[1.151s] -- Up-to-date: /ros2_test/AD_Middle_Test/ros2/src/install/turtlesim/lib/turtlesim/draw_square
[1.152s] -- Up-to-date: /ros2_test/AD_Middle_Test/ros2/src/install/turtlesim/lib/turtlesim/mimic
[1.153s] -- Up-to-date: /ros2_test/AD_Middle_Test/ros2/src/install/turtlesim/share/turtlesim/images
[1.153s] -- Up-to-date: /ros2_test/AD_Middle_Test/ros2/src/install/turtlesim/share/turtlesim/images/ardent.png
[1.153s] -- Up-to-date: /ros2_test/AD_Middle_Test/ros2/src/install/turtlesim/share/turtlesim/images/bouncy.png
[1.154s] -- Up-to-date: /ros2_test/AD_Middle_Test/ros2/src/install/turtlesim/share/turtlesim/images/eloquent.png
[1.154s] -- Up-to-date: /ros2_test/AD_Middle_Test/ros2/src/install/turtlesim/share/turtlesim/images/dashing.png
[1.154s] -- Up-to-date: /ros2_test/AD_Middle_Test/ros2/src/install/turtlesim/share/turtlesim/images/crystal.png
[1.155s] -- Up-to-date: /ros2_test/AD_Middle_Test/ros2/src/install/turtlesim/share/turtlesim/launch
[1.155s] -- Up-to-date: /ros2_test/AD_Middle_Test/ros2/src/install/turtlesim/share/turtlesim/launch/multisim.launch.py
[1.155s] -- Up-to-date: /ros2_test/AD_Middle_Test/ros2/src/install/turtlesim/share/ament_index/resource_index/package_run_dependencies/turtlesim
[1.156s] -- Up-to-date: /ros2_test/AD_Middle_Test/ros2/src/install/turtlesim/share/ament_index/resource_index/parent_prefix_path/turtlesim
[1.156s] -- Up-to-date: /ros2_test/AD_Middle_Test/ros2/src/install/turtlesim/share/turtlesim/environment/ament_prefix_path.sh
[1.156s] -- Up-to-date: /ros2_test/AD_Middle_Test/ros2/src/install/turtlesim/share/turtlesim/environment/ament_prefix_path.dsv
[1.157s] -- Up-to-date: /ros2_test/AD_Middle_Test/ros2/src/install/turtlesim/share/turtlesim/environment/path.sh
[1.157s] -- Up-to-date: /ros2_test/AD_Middle_Test/ros2/src/install/turtlesim/share/turtlesim/environment/path.dsv
[1.157s] -- Up-to-date: /ros2_test/AD_Middle_Test/ros2/src/install/turtlesim/share/turtlesim/local_setup.bash
[1.158s] -- Up-to-date: /ros2_test/AD_Middle_Test/ros2/src/install/turtlesim/share/turtlesim/local_setup.sh
[1.158s] -- Up-to-date: /ros2_test/AD_Middle_Test/ros2/src/install/turtlesim/share/turtlesim/local_setup.zsh
[1.158s] -- Up-to-date: /ros2_test/AD_Middle_Test/ros2/src/install/turtlesim/share/turtlesim/local_setup.dsv
[1.159s] -- Installing: /ros2_test/AD_Middle_Test/ros2/src/install/turtlesim/share/turtlesim/package.dsv
[1.159s] -- Up-to-date: /ros2_test/AD_Middle_Test/ros2/src/install/turtlesim/share/ament_index/resource_index/packages/turtlesim
[1.160s] -- Up-to-date: /ros2_test/AD_Middle_Test/ros2/src/install/turtlesim/share/turtlesim/cmake/rosidl_cmake-extras.cmake
[1.160s] -- Up-to-date: /ros2_test/AD_Middle_Test/ros2/src/install/turtlesim/share/turtlesim/cmake/ament_cmake_export_dependencies-extras.cmake
[1.160s] -- Up-to-date: /ros2_test/AD_Middle_Test/ros2/src/install/turtlesim/share/turtlesim/cmake/ament_cmake_export_libraries-extras.cmake
[1.161s] -- Up-to-date: /ros2_test/AD_Middle_Test/ros2/src/install/turtlesim/share/turtlesim/cmake/rosidl_cmake_export_typesupport_libraries-extras.cmake
[1.161s] -- Up-to-date: /ros2_test/AD_Middle_Test/ros2/src/install/turtlesim/share/turtlesim/cmake/ament_cmake_export_include_directories-extras.cmake
[1.161s] -- Up-to-date: /ros2_test/AD_Middle_Test/ros2/src/install/turtlesim/share/turtlesim/cmake/turtlesimConfig.cmake
[1.162s] -- Up-to-date: /ros2_test/AD_Middle_Test/ros2/src/install/turtlesim/share/turtlesim/cmake/turtlesimConfig-version.cmake
[1.162s] -- Up-to-date: /ros2_test/AD_Middle_Test/ros2/src/install/turtlesim/share/turtlesim/package.xml
