[0.037s] Invoking command in '/ros2_test/AD_Middle_Test/ros2/src/build/turtlesim': /usr/bin/cmake --build /ros2_test/AD_Middle_Test/ros2/src/build/turtlesim -- -j5 -l5
[0.122s] [ 10%] Built target turtlesim__rosidl_generator_c
[0.133s] [ 11%] Built target turtlesim__cpp
[0.175s] [ 21%] Built target turtlesim__rosidl_typesupport_cpp
[0.185s] [ 31%] Built target turtlesim__rosidl_typesupport_introspection_c
[0.199s] [ 41%] Built target turtlesim__rosidl_typesupport_c
[0.210s] [ 51%] Built target turtlesim__rosidl_typesupport_fastrtps_cpp
[0.216s] [ 61%] Built target turtlesim__rosidl_typesupport_introspection_cpp
[0.265s] [ 71%] Built target turtlesim__rosidl_typesupport_fastrtps_c
[0.293s] [ 71%] Built target turtlesim
[0.346s] [ 72%] Built target turtlesim__py
[0.347s] [ 76%] Built target mimic
[0.347s] [ 76%] Built target turtle_teleop_key
[0.359s] [ 78%] Built target draw_square
[0.381s] [ 84%] Built target turtlesim_node
[0.418s] [ 93%] Built target turtlesim__python
[0.464s] [ 95%] Built target turtlesim__rosidl_typesupport_introspection_c__pyext
[0.464s] [ 97%] Built target turtlesim__rosidl_typesupport_c__pyext
[0.464s] [100%] Built target turtlesim__rosidl_typesupport_fastrtps_c__pyext
[0.481s] Invoked command in '/ros2_test/AD_Middle_Test/ros2/src/build/turtlesim' returned '0': /usr/bin/cmake --build /ros2_test/AD_Middle_Test/ros2/src/build/turtlesim -- -j5 -l5
