[0.104s] [35m[1mScanning dependencies of target yoloDetect[0m
[0.131s] [ 50%] Built target cameraTimer
[0.154s] [ 75%] [32mBuilding CXX object CMakeFiles/yoloDetect.dir/src/YoloDetect.cpp.o[0m
[3.525s] In file included from [01m[K/ros2_test/AD_Middle_Test/ros2/src/detect_s/src/YoloDetect.cpp:18[m[K:
[3.525s] [01m[K/ros2_test/AD_Middle_Test/ros2/src/detect_s/include/detect_s/store.h:[m[K In member function ‘[01m[Kvoid StoreBundle::init(std::string, int)[m[K’:
[3.525s] [01m[K/ros2_test/AD_Middle_Test/ros2/src/detect_s/include/detect_s/store.h:10:26:[m[K [01;35m[Kwarning: [m[Kcomparison of integer expressions of different signedness: ‘[01m[Kunsigned int[m[K’ and ‘[01m[Kint[m[K’ [[01;35m[K-Wsign-compare[m[K]
[3.525s]    10 |   for(unsigned int i =0;[01;35m[Ki<num[m[K;i++){
[3.525s]       |                         [01;35m[K~^~~~[m[K
[3.588s] [01m[K/ros2_test/AD_Middle_Test/ros2/src/detect_s/src/YoloDetect.cpp:[m[K In member function ‘[01m[Kvoid YoloDetect::topic_callback(test_interfaces::msg::TestImage_<std::allocator<void> >::SharedPtr)[m[K’:
[3.588s] [01m[K/ros2_test/AD_Middle_Test/ros2/src/detect_s/src/YoloDetect.cpp:49:13:[m[K [01;35m[Kwarning: [m[Kunused variable ‘[01m[Krec_la[m[K’ [[01;35m[K-Wunused-variable[m[K]
[3.589s]    49 |    uint64_t [01;35m[Krec_la[m[K = (this->now()-msg->header.stamp).nanoseconds();
[3.589s]       |             [01;35m[K^~~~~~[m[K
[8.216s] [100%] [32m[1mLinking CXX executable yoloDetect[0m
[8.708s] [100%] Built target yoloDetect
[8.772s] -- Install configuration: ""
[8.772s] -- Up-to-date: /ros2_test/AD_Middle_Test/ros2/install/detect_s/lib/detect_s/cameraTimer
[8.773s] -- Installing: /ros2_test/AD_Middle_Test/ros2/install/detect_s/lib/detect_s/yoloDetect
[8.775s] -- Set runtime path of "/ros2_test/AD_Middle_Test/ros2/install/detect_s/lib/detect_s/yoloDetect" to ""
[8.775s] -- Up-to-date: /ros2_test/AD_Middle_Test/ros2/install/detect_s/share/ament_index/resource_index/package_run_dependencies/detect_s
[8.775s] -- Up-to-date: /ros2_test/AD_Middle_Test/ros2/install/detect_s/share/ament_index/resource_index/parent_prefix_path/detect_s
[8.775s] -- Up-to-date: /ros2_test/AD_Middle_Test/ros2/install/detect_s/share/detect_s/environment/ament_prefix_path.sh
[8.776s] -- Up-to-date: /ros2_test/AD_Middle_Test/ros2/install/detect_s/share/detect_s/environment/ament_prefix_path.dsv
[8.776s] -- Up-to-date: /ros2_test/AD_Middle_Test/ros2/install/detect_s/share/detect_s/environment/path.sh
[8.776s] -- Up-to-date: /ros2_test/AD_Middle_Test/ros2/install/detect_s/share/detect_s/environment/path.dsv
[8.776s] -- Up-to-date: /ros2_test/AD_Middle_Test/ros2/install/detect_s/share/detect_s/local_setup.bash
[8.776s] -- Up-to-date: /ros2_test/AD_Middle_Test/ros2/install/detect_s/share/detect_s/local_setup.sh
[8.777s] -- Up-to-date: /ros2_test/AD_Middle_Test/ros2/install/detect_s/share/detect_s/local_setup.zsh
[8.777s] -- Up-to-date: /ros2_test/AD_Middle_Test/ros2/install/detect_s/share/detect_s/local_setup.dsv
[8.777s] -- Up-to-date: /ros2_test/AD_Middle_Test/ros2/install/detect_s/share/detect_s/package.dsv
[8.777s] -- Up-to-date: /ros2_test/AD_Middle_Test/ros2/install/detect_s/share/ament_index/resource_index/packages/detect_s
[8.777s] -- Up-to-date: /ros2_test/AD_Middle_Test/ros2/install/detect_s/share/detect_s/cmake/detect_sConfig.cmake
[8.777s] -- Up-to-date: /ros2_test/AD_Middle_Test/ros2/install/detect_s/share/detect_s/cmake/detect_sConfig-version.cmake
[8.778s] -- Up-to-date: /ros2_test/AD_Middle_Test/ros2/install/detect_s/share/detect_s/package.xml
