[0.105s] [35m[1mScanning dependencies of target yoloDetect[0m
[0.143s] [ 50%] Built target cameraTimer
[0.159s] [ 75%] [32mBuilding CXX object CMakeFiles/yoloDetect.dir/src/YoloDetect.cpp.o[0m
[6.319s] [100%] [32m[1mLinking CXX executable yoloDetect[0m
[6.893s] [100%] Built target yoloDetect
[6.957s] -- Install configuration: ""
[6.957s] -- Up-to-date: /ros2_test/AD_Middle_Test/ros2/src/install/detect_s/lib/detect_s/cameraTimer
[6.958s] -- Installing: /ros2_test/AD_Middle_Test/ros2/src/install/detect_s/lib/detect_s/yoloDetect
[6.960s] -- Set runtime path of "/ros2_test/AD_Middle_Test/ros2/src/install/detect_s/lib/detect_s/yoloDetect" to ""
[6.960s] -- Up-to-date: /ros2_test/AD_Middle_Test/ros2/src/install/detect_s/share/ament_index/resource_index/package_run_dependencies/detect_s
[6.961s] -- Up-to-date: /ros2_test/AD_Middle_Test/ros2/src/install/detect_s/share/ament_index/resource_index/parent_prefix_path/detect_s
[6.961s] -- Up-to-date: /ros2_test/AD_Middle_Test/ros2/src/install/detect_s/share/detect_s/environment/ament_prefix_path.sh
[6.961s] -- Up-to-date: /ros2_test/AD_Middle_Test/ros2/src/install/detect_s/share/detect_s/environment/ament_prefix_path.dsv
[6.961s] -- Up-to-date: /ros2_test/AD_Middle_Test/ros2/src/install/detect_s/share/detect_s/environment/path.sh
[6.961s] -- Up-to-date: /ros2_test/AD_Middle_Test/ros2/src/install/detect_s/share/detect_s/environment/path.dsv
[6.961s] -- Up-to-date: /ros2_test/AD_Middle_Test/ros2/src/install/detect_s/share/detect_s/local_setup.bash
[6.962s] -- Up-to-date: /ros2_test/AD_Middle_Test/ros2/src/install/detect_s/share/detect_s/local_setup.sh
[6.962s] -- Up-to-date: /ros2_test/AD_Middle_Test/ros2/src/install/detect_s/share/detect_s/local_setup.zsh
[6.962s] -- Up-to-date: /ros2_test/AD_Middle_Test/ros2/src/install/detect_s/share/detect_s/local_setup.dsv
[6.962s] -- Installing: /ros2_test/AD_Middle_Test/ros2/src/install/detect_s/share/detect_s/package.dsv
[6.962s] -- Up-to-date: /ros2_test/AD_Middle_Test/ros2/src/install/detect_s/share/ament_index/resource_index/packages/detect_s
[6.962s] -- Up-to-date: /ros2_test/AD_Middle_Test/ros2/src/install/detect_s/share/detect_s/cmake/detect_sConfig.cmake
[6.963s] -- Up-to-date: /ros2_test/AD_Middle_Test/ros2/src/install/detect_s/share/detect_s/cmake/detect_sConfig-version.cmake
[6.963s] -- Up-to-date: /ros2_test/AD_Middle_Test/ros2/src/install/detect_s/share/detect_s/package.xml
