[0.083s] -- Found ament_cmake: 0.8.1 (/opt/ros/foxy/share/ament_cmake/cmake)
[0.120s] -- Using PYTHON_EXECUTABLE: /usr/bin/python3
[0.471s] -- Found rclcpp: 0.8.3 (/opt/ros/foxy/share/rclcpp/cmake)
[0.563s] -- Found rosidl_adapter: 0.8.2 (/opt/ros/foxy/share/rosidl_adapter/cmake)
[0.603s] -- Found rmw_implementation_cmake: 0.8.1 (/opt/ros/foxy/share/rmw_implementation_cmake/cmake)
[0.608s] -- Using RMW implementation 'rmw_fastrtps_cpp' as default
[0.610s] -- Looking for pthread.h
[0.718s] -- Looking for pthread.h - found
[0.718s] -- Performing Test CMAKE_HAVE_LIBC_PTHREAD
[0.830s] -- Performing Test CMAKE_HAVE_LIBC_PTHREAD - Failed
[0.831s] -- Looking for pthread_create in pthreads
[0.921s] -- Looking for pthread_create in pthreads - not found
[0.921s] -- Looking for pthread_create in pthread
[1.019s] -- Looking for pthread_create in pthread - found
[1.021s] -- Found Threads: TRUE  
[1.156s] -- Found std_msgs: 0.8.1 (/opt/ros/foxy/share/std_msgs/cmake)
[1.165s] -- Found test_interfaces: 0.0.0 (/ros2_test/AD_Middle_Test/ros2/install/test_interfaces/share/test_interfaces/cmake)
[1.176s] -- Found message_filters: 3.2.3 (/opt/ros/foxy/share/message_filters/cmake)
[1.240s] -- Found ament_lint_auto: 0.9.1 (/opt/ros/foxy/share/ament_lint_auto/cmake)
[1.352s] -- Added test 'copyright' to check for copyright in CMake / C / C++ / Python code
[1.353s] -- Added test 'cppcheck' to perform static code analysis on C / C++ code
[1.354s] -- Configured cppcheck include dirs: 
[1.355s] -- Added test 'cpplint' to check C / C++ code against the Google style
[1.356s] -- Added test 'lint_cmake' to check CMake code style
[1.357s] -- Added test 'uncrustify' to check C / C++ code style
[1.358s] -- Added test 'xmllint' to check XML markup files
[1.361s] -- Configuring done
[1.363s] CMake Error at CMakeLists.txt:28 (add_executable):
[1.363s]   Cannot find source file:
[1.363s] 
[1.363s]     src/talker.cpp
[1.363s] 
[1.364s]   Tried extensions .c .C .c++ .cc .cpp .cxx .cu .m .M .mm .h .hh .h++ .hm
[1.364s]   .hpp .hxx .in .txx
[1.364s] 
[1.364s] 
[1.364s] CMake Error at CMakeLists.txt:28 (add_executable):
[1.364s]   No SOURCES given to target: talker
[1.364s] 
[1.364s] 
[1.365s] CMake Generate step failed.  Build files cannot be regenerated correctly.
[1.368s] make: *** [Makefile:266: cmake_check_build_system] Error 1
