[0.103s] [35m[1mScanning dependencies of target camera[0m
[0.162s] [ 50%] [32mBuilding CXX object CMakeFiles/camera.dir/src/camera.cpp.o[0m
[2.460s] [01m[K/ros2_test/AD_Middle_Test/ros2/src/detect_s/src/camera.cpp:[m[K In constructor ‘[01m[KCamera::Camera(int, int64_t, std::string)[m[K’:
[2.460s] [01m[K/ros2_test/AD_Middle_Test/ros2/src/detect_s/src/camera.cpp:13:32:[m[K [01;35m[Kwarning: [m[Kunused parameter ‘[01m[Kstr_size[m[K’ [[01;35m[K-Wunused-parameter[m[K]
[2.461s]    13 |   Camera(int sleep_ms, [01;35m[Kint64_t str_size[m[K, string channel_name)
[2.461s]       |                        [01;35m[K~~~~~~~~^~~~~~~~[m[K
[5.051s] [100%] [32m[1mLinking CXX executable camera[0m
[5.569s] [100%] Built target camera
[5.629s] -- Install configuration: ""
[5.629s] -- Installing: /ros2_test/AD_Middle_Test/ros2/install/detect_s/lib/detect_s/camera
[5.630s] -- Set runtime path of "/ros2_test/AD_Middle_Test/ros2/install/detect_s/lib/detect_s/camera" to ""
[5.631s] -- Installing: /ros2_test/AD_Middle_Test/ros2/install/detect_s/share/ament_index/resource_index/package_run_dependencies/detect_s
[5.631s] -- Installing: /ros2_test/AD_Middle_Test/ros2/install/detect_s/share/ament_index/resource_index/parent_prefix_path/detect_s
[5.631s] -- Installing: /ros2_test/AD_Middle_Test/ros2/install/detect_s/share/detect_s/environment/ament_prefix_path.sh
[5.631s] -- Installing: /ros2_test/AD_Middle_Test/ros2/install/detect_s/share/detect_s/environment/ament_prefix_path.dsv
[5.632s] -- Installing: /ros2_test/AD_Middle_Test/ros2/install/detect_s/share/detect_s/environment/path.sh
[5.632s] -- Installing: /ros2_test/AD_Middle_Test/ros2/install/detect_s/share/detect_s/environment/path.dsv
[5.632s] -- Installing: /ros2_test/AD_Middle_Test/ros2/install/detect_s/share/detect_s/local_setup.bash
[5.632s] -- Installing: /ros2_test/AD_Middle_Test/ros2/install/detect_s/share/detect_s/local_setup.sh
[5.632s] -- Installing: /ros2_test/AD_Middle_Test/ros2/install/detect_s/share/detect_s/local_setup.zsh
[5.633s] -- Installing: /ros2_test/AD_Middle_Test/ros2/install/detect_s/share/detect_s/local_setup.dsv
[5.633s] -- Installing: /ros2_test/AD_Middle_Test/ros2/install/detect_s/share/detect_s/package.dsv
[5.633s] -- Installing: /ros2_test/AD_Middle_Test/ros2/install/detect_s/share/ament_index/resource_index/packages/detect_s
[5.633s] -- Installing: /ros2_test/AD_Middle_Test/ros2/install/detect_s/share/detect_s/cmake/detect_sConfig.cmake
[5.633s] -- Installing: /ros2_test/AD_Middle_Test/ros2/install/detect_s/share/detect_s/cmake/detect_sConfig-version.cmake
[5.634s] -- Installing: /ros2_test/AD_Middle_Test/ros2/install/detect_s/share/detect_s/package.xml
