[0.038s] Invoking command in '/ros2_test/AD_Middle_Test/ros2/src/build/turtlesim': /usr/bin/cmake --build /ros2_test/AD_Middle_Test/ros2/src/build/turtlesim -- -j5 -l5
[0.119s] [  1%] Built target turtlesim__cpp
[0.137s] [ 11%] Built target turtlesim__rosidl_generator_c
[0.172s] [ 21%] Built target turtlesim__rosidl_typesupport_cpp
[0.174s] [ 31%] Built target turtlesim__rosidl_typesupport_introspection_cpp
[0.203s] [ 41%] Built target turtlesim__rosidl_typesupport_fastrtps_cpp
[0.211s] [ 51%] Built target turtlesim__rosidl_typesupport_introspection_c
[0.240s] [ 61%] Built target turtlesim__rosidl_typesupport_c
[0.252s] [ 71%] Built target turtlesim__rosidl_typesupport_fastrtps_c
[0.280s] [ 71%] Built target turtlesim
[0.318s] [ 72%] Built target turtlesim__py
[0.345s] [ 74%] Built target mimic
[0.350s] [ 76%] Built target draw_square
[0.356s] [ 78%] Built target turtle_teleop_key
[0.364s] [ 84%] Built target turtlesim_node
[0.399s] [ 93%] Built target turtlesim__python
[0.442s] [ 97%] Built target turtlesim__rosidl_typesupport_introspection_c__pyext
[0.443s] [ 97%] Built target turtlesim__rosidl_typesupport_c__pyext
[0.449s] [100%] Built target turtlesim__rosidl_typesupport_fastrtps_c__pyext
[0.465s] Invoked command in '/ros2_test/AD_Middle_Test/ros2/src/build/turtlesim' returned '0': /usr/bin/cmake --build /ros2_test/AD_Middle_Test/ros2/src/build/turtlesim -- -j5 -l5
