[0.042s] Invoking command in '/ros2_test/AD_Middle_Test/ros2/build/detect_s': /usr/bin/cmake /ros2_test/AD_Middle_Test/ros2/src/detect_s -DCMAKE_INSTALL_PREFIX=/ros2_test/AD_Middle_Test/ros2/install/detect_s
[0.062s] -- Found ament_cmake: 0.8.1 (/opt/ros/foxy/share/ament_cmake/cmake)
[0.097s] -- Using PYTHON_EXECUTABLE: /usr/bin/python3
[0.451s] -- Found rclcpp: 0.8.3 (/opt/ros/foxy/share/rclcpp/cmake)
[0.530s] -- Found rosidl_adapter: 0.8.2 (/opt/ros/foxy/share/rosidl_adapter/cmake)
[0.558s] -- Found rmw_implementation_cmake: 0.8.1 (/opt/ros/foxy/share/rmw_implementation_cmake/cmake)
[0.562s] -- Using RMW implementation 'rmw_fastrtps_cpp' as default
[0.702s] -- Found std_msgs: 0.8.1 (/opt/ros/foxy/share/std_msgs/cmake)
[0.734s] -- Found sensor_msgs: 0.8.1 (/opt/ros/foxy/share/sensor_msgs/cmake)
[0.773s] CMake Error at CMakeLists.txt:25 (find_package):
[0.774s]   By not providing "Findtest_interfaces.cmake" in CMAKE_MODULE_PATH this
[0.774s]   project has asked CMake to find a package configuration file provided by
[0.774s]   "test_interfaces", but CMake did not find one.
[0.774s] 
[0.774s]   Could not find a package configuration file provided by "test_interfaces"
[0.774s]   with any of the following names:
[0.774s] 
[0.775s]     test_interfacesConfig.cmake
[0.775s]     test_interfaces-config.cmake
[0.775s] 
[0.775s]   Add the installation prefix of "test_interfaces" to CMAKE_PREFIX_PATH or
[0.775s]   set "test_interfaces_DIR" to a directory containing one of the above files.
[0.775s]   If "test_interfaces" provides a separate development package or SDK, be
[0.775s]   sure it has been installed.
[0.776s] 
[0.776s] 
[0.776s] -- Configuring incomplete, errors occurred!
[0.776s] See also "/ros2_test/AD_Middle_Test/ros2/build/detect_s/CMakeFiles/CMakeOutput.log".
[0.776s] See also "/ros2_test/AD_Middle_Test/ros2/build/detect_s/CMakeFiles/CMakeError.log".
[0.781s] Invoked command in '/ros2_test/AD_Middle_Test/ros2/build/detect_s' returned '1': /usr/bin/cmake /ros2_test/AD_Middle_Test/ros2/src/detect_s -DCMAKE_INSTALL_PREFIX=/ros2_test/AD_Middle_Test/ros2/install/detect_s
