[0.082s] -- Found ament_cmake: 0.8.1 (/opt/ros/foxy/share/ament_cmake/cmake)
[0.120s] -- Using PYTHON_EXECUTABLE: /usr/bin/python3
[0.444s] -- Found rclcpp: 0.8.3 (/opt/ros/foxy/share/rclcpp/cmake)
[0.514s] -- Found rosidl_adapter: 0.8.2 (/opt/ros/foxy/share/rosidl_adapter/cmake)
[0.544s] -- Found rmw_implementation_cmake: 0.8.1 (/opt/ros/foxy/share/rmw_implementation_cmake/cmake)
[0.547s] -- Using RMW implementation 'rmw_fastrtps_cpp' as default
[0.662s] -- Found std_msgs: 0.8.1 (/opt/ros/foxy/share/std_msgs/cmake)
[0.671s] -- Found test_interfaces: 0.0.0 (/ros2_test/AD_Middle_Test/ros2/install/test_interfaces/share/test_interfaces/cmake)
[0.678s] -- Found message_filters: 3.2.3 (/opt/ros/foxy/share/message_filters/cmake)
[0.705s] CMake Error at /opt/ros/foxy/share/ament_cmake_target_dependencies/cmake/ament_target_dependencies.cmake:55 (message):
[0.706s]   ament_target_dependencies() the passed package name 'opencv_calib3d' was
[0.706s]   not found before
[0.706s] Call Stack (most recent call first):
[0.707s]   CMakeLists.txt:35 (ament_target_dependencies)
[0.707s] 
[0.707s] 
[0.708s] -- Configuring incomplete, errors occurred!
[0.708s] See also "/ros2_test/AD_Middle_Test/ros2/src/build/detect_s/CMakeFiles/CMakeOutput.log".
[0.708s] See also "/ros2_test/AD_Middle_Test/ros2/src/build/detect_s/CMakeFiles/CMakeError.log".
[0.711s] make: *** [Makefile:266: cmake_check_build_system] Error 1
