[0.083s] -- Found ament_cmake: 0.8.1 (/opt/ros/foxy/share/ament_cmake/cmake)
[0.120s] -- Using PYTHON_EXECUTABLE: /usr/bin/python3
[0.459s] -- Found rclcpp: 0.8.3 (/opt/ros/foxy/share/rclcpp/cmake)
[0.518s] -- Found rosidl_adapter: 0.8.2 (/opt/ros/foxy/share/rosidl_adapter/cmake)
[0.548s] -- Found rmw_implementation_cmake: 0.8.1 (/opt/ros/foxy/share/rmw_implementation_cmake/cmake)
[0.552s] -- Using RMW implementation 'rmw_fastrtps_cpp' as default
[0.673s] -- Found std_msgs: 0.8.1 (/opt/ros/foxy/share/std_msgs/cmake)
[0.676s] -- Found test_interfaces: 0.0.0 (/ros2_test/AD_Middle_Test/ros2/install/test_interfaces/share/test_interfaces/cmake)
[0.684s] -- Found message_filters: 3.2.3 (/opt/ros/foxy/share/message_filters/cmake)
[0.801s] -- Found ament_lint_auto: 0.9.1 (/opt/ros/foxy/share/ament_lint_auto/cmake)
[0.908s] -- Added test 'copyright' to check for copyright in CMake / C / C++ / Python code
[0.909s] -- Added test 'cppcheck' to perform static code analysis on C / C++ code
[0.910s] -- Configured cppcheck include dirs: /ros2_test/AD_Middle_Test/ros2/src/detect_s/include
[0.911s] -- Added test 'cpplint' to check C / C++ code against the Google style
[0.912s] -- Added test 'lint_cmake' to check CMake code style
[0.914s] -- Added test 'uncrustify' to check C / C++ code style
[0.915s] -- Added test 'xmllint' to check XML markup files
[0.918s] -- Configuring done
[0.978s] -- Generating done
[0.980s] -- Build files have been written to: /ros2_test/AD_Middle_Test/ros2/src/build/detect_s
[1.013s] [35m[1mScanning dependencies of target cameraTimer[0m
[1.014s] [35m[1mScanning dependencies of target yoloDetect[0m
[1.110s] [ 25%] [32mBuilding CXX object CMakeFiles/cameraTimer.dir/src/CameraTimer.cpp.o[0m
[1.111s] [ 50%] [32mBuilding CXX object CMakeFiles/yoloDetect.dir/src/YoloDetect.cpp.o[0m
[5.994s] [ 75%] [32m[1mLinking CXX executable cameraTimer[0m
[6.513s] [ 75%] Built target cameraTimer
