[0.059s] -- Found ament_cmake: 0.8.1 (/opt/ros/foxy/share/ament_cmake/cmake)
[0.095s] -- Using PYTHON_EXECUTABLE: /usr/bin/python3
[0.388s] -- Found rclcpp: 0.8.3 (/opt/ros/foxy/share/rclcpp/cmake)
[0.445s] -- Found rosidl_adapter: 0.8.2 (/opt/ros/foxy/share/rosidl_adapter/cmake)
[0.475s] -- Found rmw_implementation_cmake: 0.8.1 (/opt/ros/foxy/share/rmw_implementation_cmake/cmake)
[0.478s] -- Using RMW implementation 'rmw_fastrtps_cpp' as default
[0.590s] -- Found std_msgs: 0.8.1 (/opt/ros/foxy/share/std_msgs/cmake)
[0.599s] -- Found test_interfaces: 0.0.0 (/ros2_test/AD_Middle_Test/ros2/install/test_interfaces/share/test_interfaces/cmake)
[0.609s] -- Found message_filters: 3.2.3 (/opt/ros/foxy/share/message_filters/cmake)
[0.711s] -- Found ament_lint_auto: 0.9.1 (/opt/ros/foxy/share/ament_lint_auto/cmake)
[0.823s] -- Added test 'copyright' to check for copyright in CMake / C / C++ / Python code
[0.825s] -- Added test 'cppcheck' to perform static code analysis on C / C++ code
[0.825s] -- Configured cppcheck include dirs: 
[0.826s] -- Added test 'cpplint' to check C / C++ code against the Google style
[0.827s] -- Added test 'lint_cmake' to check CMake code style
[0.829s] -- Added test 'uncrustify' to check C / C++ code style
[0.830s] -- Added test 'xmllint' to check XML markup files
[0.833s] -- Configuring done
[0.880s] -- Generating done
[0.883s] -- Build files have been written to: /ros2_test/AD_Middle_Test/ros2/build/simple_s
[0.915s] [35m[1mScanning dependencies of target intra_pipe[0m
[0.918s] [35m[1mScanning dependencies of target listener[0m
[0.918s] [35m[1mScanning dependencies of target talker[0m
[0.958s] [ 16%] [32mBuilding CXX object CMakeFiles/talker.dir/src/talker.cpp.o[0m
[0.962s] [ 33%] [32mBuilding CXX object CMakeFiles/listener.dir/src/listener.cpp.o[0m
[0.974s] [ 50%] [32mBuilding CXX object CMakeFiles/intra_pipe.dir/src/intra_pipe.cpp.o[0m
[3.107s] [01m[K/ros2_test/AD_Middle_Test/ros2/src/simple_s/src/intra_pipe.cpp:[m[K In destructor ‘[01m[Kvirtual Consumer::~Consumer()[m[K’:
[3.107s] [01m[K/ros2_test/AD_Middle_Test/ros2/src/simple_s/src/intra_pipe.cpp:129:27:[m[K [01;31m[Kerror: [m[K‘[01m[Kres[m[K’ was not declared in this scope
[3.108s]   129 |    for(unsigned int j=0;j<[01;31m[Kres[m[K.size();j++){
[3.108s]       |                           [01;31m[K^~~[m[K
[5.267s] [ 66%] [32m[1mLinking CXX executable talker[0m
[5.478s] [ 66%] Built target talker
[5.766s] make[2]: *** [CMakeFiles/intra_pipe.dir/build.make:63: CMakeFiles/intra_pipe.dir/src/intra_pipe.cpp.o] Error 1
[5.767s] make[1]: *** [CMakeFiles/Makefile2:163: CMakeFiles/intra_pipe.dir/all] Error 2
[5.767s] make[1]: *** Waiting for unfinished jobs....
[9.790s] [ 83%] [32m[1mLinking CXX executable listener[0m
[10.130s] [ 83%] Built target listener
[10.131s] make: *** [Makefile:141: all] Error 2
