[0.115s] -- The C compiler identification is GNU 9.3.0
[0.201s] -- The CXX compiler identification is GNU 9.3.0
[0.210s] -- Check for working C compiler: /usr/bin/cc
[0.308s] -- Check for working C compiler: /usr/bin/cc -- works
[0.310s] -- Detecting C compiler ABI info
[0.413s] -- Detecting C compiler ABI info - done
[0.438s] -- Detecting C compile features
[0.438s] -- Detecting C compile features - done
[0.443s] -- Check for working CXX compiler: /usr/bin/c++
[0.564s] -- Check for working CXX compiler: /usr/bin/c++ -- works
[0.566s] -- Detecting CXX compiler ABI info
[0.689s] -- Detecting CXX compiler ABI info - done
[0.714s] -- Detecting CXX compile features
[0.715s] -- Detecting CXX compile features - done
[0.721s] -- Found ament_cmake: 0.8.1 (/opt/ros/foxy/share/ament_cmake/cmake)
[0.767s] -- Found PythonInterp: /usr/bin/python3 (found suitable version "3.8.2", minimum required is "3") 
[0.768s] -- Using PYTHON_EXECUTABLE: /usr/bin/python3
[1.119s] -- Found ament_index_cpp: 0.8.0 (/opt/ros/foxy/share/ament_index_cpp/cmake)
[1.127s] -- Found geometry_msgs: 0.8.1 (/opt/ros/foxy/share/geometry_msgs/cmake)
[1.208s] -- Found rosidl_adapter: 0.8.2 (/opt/ros/foxy/share/rosidl_adapter/cmake)
[1.266s] -- Found rclcpp: 0.8.3 (/opt/ros/foxy/share/rclcpp/cmake)
[1.311s] -- Found rmw_implementation_cmake: 0.8.1 (/opt/ros/foxy/share/rmw_implementation_cmake/cmake)
[1.314s] -- Using RMW implementation 'rmw_fastrtps_cpp' as default
[1.316s] -- Looking for pthread.h
[1.422s] -- Looking for pthread.h - found
[1.422s] -- Performing Test CMAKE_HAVE_LIBC_PTHREAD
[1.531s] -- Performing Test CMAKE_HAVE_LIBC_PTHREAD - Failed
[1.532s] -- Looking for pthread_create in pthreads
[1.616s] -- Looking for pthread_create in pthreads - not found
[1.616s] -- Looking for pthread_create in pthread
[1.722s] -- Looking for pthread_create in pthread - found
[1.723s] -- Found Threads: TRUE  
[1.866s] -- Found rclcpp_action: 0.8.3 (/opt/ros/foxy/share/rclcpp_action/cmake)
[1.972s] -- Found rosidl_default_generators: 0.8.0 (/opt/ros/foxy/share/rosidl_default_generators/cmake)
[2.022s] -- Could not find RTI Connext - skipping rosidl_typesupport_connext_c
[2.039s] -- Could not find RTI Connext - skipping rosidl_typesupport_connext_cpp
[2.172s] -- Found OpenSSL: /usr/lib/x86_64-linux-gnu/libcrypto.so (found version "1.1.1f")  
[2.218s] -- Found FastRTPS: /opt/ros/foxy/include  
[2.353s] -- Found std_srvs: 0.8.1 (/opt/ros/foxy/share/std_srvs/cmake)
[2.399s] -- Found PythonInterp: /usr/bin/python3 (found version "3.8.2") 
[2.752s] -- Using all available rosidl_typesupport_c: rosidl_typesupport_connext_c;rosidl_typesupport_fastrtps_c;rosidl_typesupport_introspection_c
[2.776s] -- Using all available rosidl_typesupport_cpp: rosidl_typesupport_connext_cpp;rosidl_typesupport_fastrtps_cpp;rosidl_typesupport_introspection_cpp
[2.831s] -- Found ament_cmake_ros: 0.9.0 (/opt/ros/foxy/share/ament_cmake_ros/cmake)
[3.129s] -- Found PythonInterp: /usr/bin/python3 (found suitable version "3.8.2", minimum required is "3.5") 
[3.132s] -- Found python_cmake_module: 0.8.0 (/opt/ros/foxy/share/python_cmake_module/cmake)
[3.177s] -- Found PythonLibs: /usr/lib/x86_64-linux-gnu/libpython3.8.so (found suitable version "3.8.2", minimum required is "3.5") 
[3.178s] -- Using PYTHON_EXECUTABLE: /usr/bin/python3
[3.178s] -- Using PYTHON_INCLUDE_DIRS: /usr/include/python3.8
[3.178s] -- Using PYTHON_LIBRARIES: /usr/lib/x86_64-linux-gnu/libpython3.8.so
[3.214s] -- Found PythonExtra: .so  
[3.607s] -- Configuring done
[3.941s] -- Generating done
[3.947s] -- Build files have been written to: /ros2_test/AD_Middle_Test/ros2/src/build/turtlesim
[4.046s] [  1%] [34m[1mGenerating C code for ROS interfaces[0m
[4.047s] [35m[1mScanning dependencies of target turtlesim__cpp[0m
[4.067s] [  2%] [34m[1mGenerating C++ code for ROS interfaces[0m
[8.100s] [  2%] Built target turtlesim__cpp
[8.178s] [  3%] [34m[1mGenerating C++ type support dispatch for ROS interfaces[0m
[8.190s] [  4%] [34m[1mGenerating C++ type support for eProsima Fast-RTPS[0m
[8.265s] [  5%] [34m[1mGenerating C++ introspection for ROS interfaces[0m
[8.398s] [35m[1mScanning dependencies of target turtlesim__rosidl_generator_c[0m
[8.449s] [  6%] [32mBuilding C object CMakeFiles/turtlesim__rosidl_generator_c.dir/rosidl_generator_c/turtlesim/action/detail/rotate_absolute__functions.c.o[0m
[8.542s] [  7%] [32mBuilding C object CMakeFiles/turtlesim__rosidl_generator_c.dir/rosidl_generator_c/turtlesim/msg/detail/color__functions.c.o[0m
[8.797s] [  8%] [32mBuilding C object CMakeFiles/turtlesim__rosidl_generator_c.dir/rosidl_generator_c/turtlesim/msg/detail/pose__functions.c.o[0m
[8.994s] [  9%] [32mBuilding C object CMakeFiles/turtlesim__rosidl_generator_c.dir/rosidl_generator_c/turtlesim/srv/detail/kill__functions.c.o[0m
[9.066s] [ 10%] [32mBuilding C object CMakeFiles/turtlesim__rosidl_generator_c.dir/rosidl_generator_c/turtlesim/srv/detail/set_pen__functions.c.o[0m
[9.342s] [ 11%] [32mBuilding C object CMakeFiles/turtlesim__rosidl_generator_c.dir/rosidl_generator_c/turtlesim/srv/detail/teleport_absolute__functions.c.o[0m
[9.362s] [ 12%] [32mBuilding C object CMakeFiles/turtlesim__rosidl_generator_c.dir/rosidl_generator_c/turtlesim/srv/detail/spawn__functions.c.o[0m
[9.498s] [ 13%] [32mBuilding C object CMakeFiles/turtlesim__rosidl_generator_c.dir/rosidl_generator_c/turtlesim/srv/detail/teleport_relative__functions.c.o[0m
[9.799s] [ 14%] [32m[1mLinking C shared library libturtlesim__rosidl_generator_c.so[0m
[10.046s] [ 14%] Built target turtlesim__rosidl_generator_c
[10.163s] [ 15%] [34m[1mGenerating C type support dispatch for ROS interfaces[0m
[10.165s] [ 16%] [34m[1mGenerating C introspection for ROS interfaces[0m
[11.792s] [35m[1mScanning dependencies of target turtlesim__rosidl_typesupport_cpp[0m
[11.946s] [ 17%] [32mBuilding CXX object CMakeFiles/turtlesim__rosidl_typesupport_cpp.dir/rosidl_typesupport_cpp/turtlesim/action/rotate_absolute__type_support.cpp.o[0m
[12.446s] [35m[1mScanning dependencies of target turtlesim__rosidl_typesupport_c[0m
[12.555s] [35m[1mScanning dependencies of target turtlesim__rosidl_typesupport_introspection_cpp[0m
[12.578s] [ 18%] [32mBuilding CXX object CMakeFiles/turtlesim__rosidl_typesupport_c.dir/rosidl_typesupport_c/turtlesim/action/rotate_absolute__type_support.cpp.o[0m
[12.675s] [ 19%] [32mBuilding CXX object CMakeFiles/turtlesim__rosidl_typesupport_introspection_cpp.dir/rosidl_typesupport_introspection_cpp/turtlesim/action/detail/rotate_absolute__type_support.cpp.o[0m
[12.902s] [ 20%] [32mBuilding CXX object CMakeFiles/turtlesim__rosidl_typesupport_c.dir/rosidl_typesupport_c/turtlesim/msg/color__type_support.cpp.o[0m
[13.078s] [ 21%] [32mBuilding CXX object CMakeFiles/turtlesim__rosidl_typesupport_cpp.dir/rosidl_typesupport_cpp/turtlesim/msg/color__type_support.cpp.o[0m
[13.149s] [ 22%] [32mBuilding CXX object CMakeFiles/turtlesim__rosidl_typesupport_c.dir/rosidl_typesupport_c/turtlesim/msg/pose__type_support.cpp.o[0m
[13.381s] [ 23%] [32mBuilding CXX object CMakeFiles/turtlesim__rosidl_typesupport_c.dir/rosidl_typesupport_c/turtlesim/srv/kill__type_support.cpp.o[0m
[13.538s] [ 24%] [32mBuilding CXX object CMakeFiles/turtlesim__rosidl_typesupport_c.dir/rosidl_typesupport_c/turtlesim/srv/set_pen__type_support.cpp.o[0m
[13.546s] [35m[1mScanning dependencies of target turtlesim__rosidl_typesupport_fastrtps_cpp[0m
[13.687s] [ 25%] [32mBuilding CXX object CMakeFiles/turtlesim__rosidl_typesupport_fastrtps_cpp.dir/rosidl_typesupport_fastrtps_cpp/turtlesim/action/dds_fastrtps/rotate_absolute__type_support.cpp.o[0m
[13.735s] [ 26%] [32mBuilding CXX object CMakeFiles/turtlesim__rosidl_typesupport_c.dir/rosidl_typesupport_c/turtlesim/srv/spawn__type_support.cpp.o[0m
[13.889s] [ 27%] [32mBuilding CXX object CMakeFiles/turtlesim__rosidl_typesupport_c.dir/rosidl_typesupport_c/turtlesim/srv/teleport_absolute__type_support.cpp.o[0m
[14.062s] [ 28%] [32mBuilding CXX object CMakeFiles/turtlesim__rosidl_typesupport_c.dir/rosidl_typesupport_c/turtlesim/srv/teleport_relative__type_support.cpp.o[0m
[14.182s] [ 29%] [32mBuilding CXX object CMakeFiles/turtlesim__rosidl_typesupport_cpp.dir/rosidl_typesupport_cpp/turtlesim/msg/pose__type_support.cpp.o[0m
[14.254s] [ 30%] [32m[1mLinking CXX shared library libturtlesim__rosidl_typesupport_c.so[0m
[14.303s] [35m[1mScanning dependencies of target turtlesim__rosidl_typesupport_introspection_c[0m
[14.427s] [ 31%] [32mBuilding CXX object CMakeFiles/turtlesim__rosidl_typesupport_introspection_cpp.dir/rosidl_typesupport_introspection_cpp/turtlesim/msg/detail/color__type_support.cpp.o[0m
[14.463s] [ 32%] [32mBuilding C object CMakeFiles/turtlesim__rosidl_typesupport_introspection_c.dir/rosidl_typesupport_introspection_c/turtlesim/action/detail/rotate_absolute__type_support.c.o[0m
[14.571s] [ 32%] Built target turtlesim__rosidl_typesupport_c
[14.639s] [ 33%] [32mBuilding CXX object CMakeFiles/turtlesim__rosidl_typesupport_cpp.dir/rosidl_typesupport_cpp/turtlesim/srv/kill__type_support.cpp.o[0m
[14.679s] [ 34%] [32mBuilding C object CMakeFiles/turtlesim__rosidl_typesupport_introspection_c.dir/rosidl_typesupport_introspection_c/turtlesim/msg/detail/color__type_support.c.o[0m
[14.871s] [ 35%] [32mBuilding C object CMakeFiles/turtlesim__rosidl_typesupport_introspection_c.dir/rosidl_typesupport_introspection_c/turtlesim/msg/detail/pose__type_support.c.o[0m
[15.002s] [ 36%] [32mBuilding CXX object CMakeFiles/turtlesim__rosidl_typesupport_fastrtps_cpp.dir/rosidl_typesupport_fastrtps_cpp/turtlesim/msg/dds_fastrtps/color__type_support.cpp.o[0m
[15.095s] [ 37%] [32mBuilding C object CMakeFiles/turtlesim__rosidl_typesupport_introspection_c.dir/rosidl_typesupport_introspection_c/turtlesim/srv/detail/kill__type_support.c.o[0m
[15.283s] [ 38%] [32mBuilding C object CMakeFiles/turtlesim__rosidl_typesupport_introspection_c.dir/rosidl_typesupport_introspection_c/turtlesim/srv/detail/set_pen__type_support.c.o[0m
[15.382s] [ 39%] [32mBuilding CXX object CMakeFiles/turtlesim__rosidl_typesupport_introspection_cpp.dir/rosidl_typesupport_introspection_cpp/turtlesim/msg/detail/pose__type_support.cpp.o[0m
[15.459s] [ 40%] [32mBuilding C object CMakeFiles/turtlesim__rosidl_typesupport_introspection_c.dir/rosidl_typesupport_introspection_c/turtlesim/srv/detail/spawn__type_support.c.o[0m
[15.465s] [ 41%] [32mBuilding CXX object CMakeFiles/turtlesim__rosidl_typesupport_introspection_cpp.dir/rosidl_typesupport_introspection_cpp/turtlesim/srv/detail/kill__type_support.cpp.o[0m
[15.526s] [ 42%] [32mBuilding CXX object CMakeFiles/turtlesim__rosidl_typesupport_cpp.dir/rosidl_typesupport_cpp/turtlesim/srv/set_pen__type_support.cpp.o[0m
[15.627s] [ 43%] [32mBuilding C object CMakeFiles/turtlesim__rosidl_typesupport_introspection_c.dir/rosidl_typesupport_introspection_c/turtlesim/srv/detail/teleport_absolute__type_support.c.o[0m
[15.827s] [ 44%] [32mBuilding C object CMakeFiles/turtlesim__rosidl_typesupport_introspection_c.dir/rosidl_typesupport_introspection_c/turtlesim/srv/detail/teleport_relative__type_support.c.o[0m
[16.056s] [ 45%] [32m[1mLinking C shared library libturtlesim__rosidl_typesupport_introspection_c.so[0m
[16.343s] [ 45%] Built target turtlesim__rosidl_typesupport_introspection_c
[16.452s] [ 46%] [32mBuilding CXX object CMakeFiles/turtlesim__rosidl_typesupport_cpp.dir/rosidl_typesupport_cpp/turtlesim/srv/spawn__type_support.cpp.o[0m
[16.555s] [ 47%] [32mBuilding CXX object CMakeFiles/turtlesim__rosidl_typesupport_fastrtps_cpp.dir/rosidl_typesupport_fastrtps_cpp/turtlesim/msg/dds_fastrtps/pose__type_support.cpp.o[0m
[16.591s] [ 48%] [32mBuilding CXX object CMakeFiles/turtlesim__rosidl_typesupport_cpp.dir/rosidl_typesupport_cpp/turtlesim/srv/teleport_absolute__type_support.cpp.o[0m
[16.655s] [ 49%] [32mBuilding CXX object CMakeFiles/turtlesim__rosidl_typesupport_introspection_cpp.dir/rosidl_typesupport_introspection_cpp/turtlesim/srv/detail/set_pen__type_support.cpp.o[0m
[16.667s] [ 50%] [32mBuilding CXX object CMakeFiles/turtlesim__rosidl_typesupport_introspection_cpp.dir/rosidl_typesupport_introspection_cpp/turtlesim/srv/detail/spawn__type_support.cpp.o[0m
[17.191s] [ 51%] [32mBuilding CXX object CMakeFiles/turtlesim__rosidl_typesupport_introspection_cpp.dir/rosidl_typesupport_introspection_cpp/turtlesim/srv/detail/teleport_absolute__type_support.cpp.o[0m
[17.283s] [ 52%] [32mBuilding CXX object CMakeFiles/turtlesim__rosidl_typesupport_introspection_cpp.dir/rosidl_typesupport_introspection_cpp/turtlesim/srv/detail/teleport_relative__type_support.cpp.o[0m
[17.567s] [ 53%] [32mBuilding CXX object CMakeFiles/turtlesim__rosidl_typesupport_cpp.dir/rosidl_typesupport_cpp/turtlesim/srv/teleport_relative__type_support.cpp.o[0m
[17.632s] [ 54%] [32mBuilding CXX object CMakeFiles/turtlesim__rosidl_typesupport_fastrtps_cpp.dir/rosidl_typesupport_fastrtps_cpp/turtlesim/srv/dds_fastrtps/kill__type_support.cpp.o[0m
[17.656s] [ 55%] [32mBuilding CXX object CMakeFiles/turtlesim__rosidl_typesupport_fastrtps_cpp.dir/rosidl_typesupport_fastrtps_cpp/turtlesim/srv/dds_fastrtps/set_pen__type_support.cpp.o[0m
[17.950s] [ 56%] [32mBuilding CXX object CMakeFiles/turtlesim__rosidl_typesupport_fastrtps_cpp.dir/rosidl_typesupport_fastrtps_cpp/turtlesim/srv/dds_fastrtps/spawn__type_support.cpp.o[0m
[17.962s] [ 57%] [32m[1mLinking CXX shared library libturtlesim__rosidl_typesupport_introspection_cpp.so[0m
[18.255s] [ 57%] Built target turtlesim__rosidl_typesupport_introspection_cpp
[18.299s] [ 58%] [32mBuilding CXX object CMakeFiles/turtlesim__rosidl_typesupport_fastrtps_cpp.dir/rosidl_typesupport_fastrtps_cpp/turtlesim/srv/dds_fastrtps/teleport_absolute__type_support.cpp.o[0m
[18.335s] [ 59%] [32m[1mLinking CXX shared library libturtlesim__rosidl_typesupport_cpp.so[0m
[18.545s] [ 60%] [32mBuilding CXX object CMakeFiles/turtlesim__rosidl_typesupport_fastrtps_cpp.dir/rosidl_typesupport_fastrtps_cpp/turtlesim/srv/dds_fastrtps/teleport_relative__type_support.cpp.o[0m
[18.545s] [ 60%] Built target turtlesim__rosidl_typesupport_cpp
[19.291s] [ 61%] [32m[1mLinking CXX shared library libturtlesim__rosidl_typesupport_fastrtps_cpp.so[0m
[19.739s] [ 61%] Built target turtlesim__rosidl_typesupport_fastrtps_cpp
[19.792s] [ 62%] [34m[1mGenerating C type support for eProsima Fast-RTPS[0m
[21.742s] [35m[1mScanning dependencies of target turtlesim__rosidl_typesupport_fastrtps_c[0m
[21.799s] [ 64%] [32mBuilding CXX object CMakeFiles/turtlesim__rosidl_typesupport_fastrtps_c.dir/rosidl_typesupport_fastrtps_c/turtlesim/action/rotate_absolute__type_support_c.cpp.o[0m
[21.799s] [ 64%] [32mBuilding CXX object CMakeFiles/turtlesim__rosidl_typesupport_fastrtps_c.dir/rosidl_typesupport_fastrtps_c/turtlesim/msg/color__type_support_c.cpp.o[0m
[21.800s] [ 65%] [32mBuilding CXX object CMakeFiles/turtlesim__rosidl_typesupport_fastrtps_c.dir/rosidl_typesupport_fastrtps_c/turtlesim/srv/kill__type_support_c.cpp.o[0m
[21.800s] [ 66%] [32mBuilding CXX object CMakeFiles/turtlesim__rosidl_typesupport_fastrtps_c.dir/rosidl_typesupport_fastrtps_c/turtlesim/srv/set_pen__type_support_c.cpp.o[0m
[21.810s] [ 67%] [32mBuilding CXX object CMakeFiles/turtlesim__rosidl_typesupport_fastrtps_c.dir/rosidl_typesupport_fastrtps_c/turtlesim/msg/pose__type_support_c.cpp.o[0m
[22.497s] [ 68%] [32mBuilding CXX object CMakeFiles/turtlesim__rosidl_typesupport_fastrtps_c.dir/rosidl_typesupport_fastrtps_c/turtlesim/srv/spawn__type_support_c.cpp.o[0m
[22.536s] [ 69%] [32mBuilding CXX object CMakeFiles/turtlesim__rosidl_typesupport_fastrtps_c.dir/rosidl_typesupport_fastrtps_c/turtlesim/srv/teleport_absolute__type_support_c.cpp.o[0m
[22.539s] [ 70%] [32mBuilding CXX object CMakeFiles/turtlesim__rosidl_typesupport_fastrtps_c.dir/rosidl_typesupport_fastrtps_c/turtlesim/srv/teleport_relative__type_support_c.cpp.o[0m
[23.175s] [ 71%] [32m[1mLinking CXX shared library libturtlesim__rosidl_typesupport_fastrtps_c.so[0m
[23.319s] [ 71%] Built target turtlesim__rosidl_typesupport_fastrtps_c
[23.333s] [35m[1mScanning dependencies of target turtlesim[0m
[23.348s] [ 71%] Built target turtlesim
[23.363s] [35m[1mScanning dependencies of target draw_square[0m
[23.363s] [35m[1mScanning dependencies of target mimic[0m
[23.364s] [35m[1mScanning dependencies of target turtlesim__py[0m
[23.364s] [35m[1mScanning dependencies of target turtle_teleop_key[0m
[23.380s] [ 72%] [34m[1mGenerating include/turtlesim/moc_turtle_frame.cpp[0m
[23.391s] [ 73%] [34m[1mGenerating Python code for ROS interfaces[0m
[23.453s] [ 74%] [32mBuilding CXX object CMakeFiles/mimic.dir/tutorials/mimic.cpp.o[0m
[23.458s] [ 75%] [32mBuilding CXX object CMakeFiles/draw_square.dir/tutorials/draw_square.cpp.o[0m
[23.467s] [ 76%] [32mBuilding CXX object CMakeFiles/turtle_teleop_key.dir/tutorials/teleop_turtle_key.cpp.o[0m
[23.503s] [35m[1mScanning dependencies of target turtlesim_node[0m
[23.777s] [ 77%] [32mBuilding CXX object CMakeFiles/turtlesim_node.dir/src/turtlesim.cpp.o[0m
[29.548s] [ 78%] [32mBuilding CXX object CMakeFiles/turtlesim_node.dir/src/turtle.cpp.o[0m
[30.339s] [ 78%] Built target turtlesim__py
[30.354s] [35m[1mScanning dependencies of target turtlesim__python[0m
[30.447s] [ 79%] [32mBuilding C object CMakeFiles/turtlesim__python.dir/rosidl_generator_py/turtlesim/action/_rotate_absolute_s.c.o[0m
[30.727s] [ 80%] [32mBuilding C object CMakeFiles/turtlesim__python.dir/rosidl_generator_py/turtlesim/msg/_color_s.c.o[0m
[30.898s] [ 81%] [32mBuilding C object CMakeFiles/turtlesim__python.dir/rosidl_generator_py/turtlesim/msg/_pose_s.c.o[0m
[31.092s] [ 82%] [32mBuilding C object CMakeFiles/turtlesim__python.dir/rosidl_generator_py/turtlesim/srv/_kill_s.c.o[0m
[31.295s] [ 83%] [32mBuilding C object CMakeFiles/turtlesim__python.dir/rosidl_generator_py/turtlesim/srv/_set_pen_s.c.o[0m
[31.500s] [ 84%] [32mBuilding C object CMakeFiles/turtlesim__python.dir/rosidl_generator_py/turtlesim/srv/_spawn_s.c.o[0m
[31.739s] [ 85%] [32mBuilding C object CMakeFiles/turtlesim__python.dir/rosidl_generator_py/turtlesim/srv/_teleport_absolute_s.c.o[0m
[31.830s] [ 86%] [32m[1mLinking CXX executable mimic[0m
[31.945s] [ 87%] [32mBuilding C object CMakeFiles/turtlesim__python.dir/rosidl_generator_py/turtlesim/srv/_teleport_relative_s.c.o[0m
[31.965s] [ 88%] [32m[1mLinking CXX executable turtle_teleop_key[0m
[32.141s] [ 89%] [32m[1mLinking C shared library rosidl_generator_py/turtlesim/libturtlesim__python.so[0m
[32.226s] [ 89%] Built target mimic
[32.239s] [ 90%] [32mBuilding CXX object CMakeFiles/turtlesim_node.dir/src/turtle_frame.cpp.o[0m
[32.240s] [ 90%] Built target turtlesim__python
[32.256s] [35m[1mScanning dependencies of target turtlesim__rosidl_typesupport_introspection_c__pyext[0m
[32.298s] [ 91%] [32mBuilding C object CMakeFiles/turtlesim__rosidl_typesupport_introspection_c__pyext.dir/rosidl_generator_py/turtlesim/_turtlesim_s.ep.rosidl_typesupport_introspection_c.c.o[0m
[32.367s] [ 91%] Built target turtle_teleop_key
[32.383s] [35m[1mScanning dependencies of target turtlesim__rosidl_typesupport_c__pyext[0m
[32.445s] [ 92%] [32mBuilding C object CMakeFiles/turtlesim__rosidl_typesupport_c__pyext.dir/rosidl_generator_py/turtlesim/_turtlesim_s.ep.rosidl_typesupport_c.c.o[0m
[32.595s] [ 93%] [32m[1mLinking C shared library rosidl_generator_py/turtlesim/turtlesim_s__rosidl_typesupport_introspection_c.cpython-38-x86_64-linux-gnu.so[0m
[32.701s] [ 93%] Built target turtlesim__rosidl_typesupport_introspection_c__pyext
[32.740s] [35m[1mScanning dependencies of target turtlesim__rosidl_typesupport_fastrtps_c__pyext[0m
[32.744s] [ 94%] [32m[1mLinking C shared library rosidl_generator_py/turtlesim/turtlesim_s__rosidl_typesupport_c.cpython-38-x86_64-linux-gnu.so[0m
[32.786s] [ 95%] [32mBuilding C object CMakeFiles/turtlesim__rosidl_typesupport_fastrtps_c__pyext.dir/rosidl_generator_py/turtlesim/_turtlesim_s.ep.rosidl_typesupport_fastrtps_c.c.o[0m
[32.844s] [ 95%] Built target turtlesim__rosidl_typesupport_c__pyext
[32.865s] [ 96%] [32mBuilding CXX object CMakeFiles/turtlesim_node.dir/include/turtlesim/moc_turtle_frame.cpp.o[0m
[33.127s] [ 97%] [32m[1mLinking CXX shared library rosidl_generator_py/turtlesim/turtlesim_s__rosidl_typesupport_fastrtps_c.cpython-38-x86_64-linux-gnu.so[0m
[33.292s] [ 98%] [32m[1mLinking CXX executable draw_square[0m
[33.292s] [ 98%] Built target turtlesim__rosidl_typesupport_fastrtps_c__pyext
[33.678s] [ 98%] Built target draw_square
[41.268s] [100%] [32m[1mLinking CXX executable turtlesim_node[0m
[42.579s] [100%] Built target turtlesim_node
