[0.128s] [ 50%] [32mBuilding CXX object CMakeFiles/camera.dir/src/camera.cpp.o[0m
[2.402s] [01m[K/ros2_test/AD_Middle_Test/ros2/src/detect_s/src/camera.cpp:[m[K In constructor ‘[01m[KCamera::Camera(int, int64_t, std::string)[m[K’:
[2.403s] [01m[K/ros2_test/AD_Middle_Test/ros2/src/detect_s/src/camera.cpp:28:104:[m[K [01;31m[Kerror: [m[Kno match for ‘[01m[Koperator=[m[K’ (operand types are ‘[01m[Ktest_interfaces::msg::TestImage_<std::allocator<void> >::_mat_data_type[m[K’ {aka ‘[01m[Kstd::vector<unsigned char, std::allocator<unsigned char> >[m[K’} and ‘[01m[Kstd::string[m[K’ {aka ‘[01m[Kstd::__cxx11::basic_string<char>[m[K’})
[2.403s]    28 |    message.mat_data = string((char*)image.data,(char*)image.data+image.rows*image.cols*image.elemSize()[01;31m[K)[m[K;
[2.403s]       |                                                                                                        [01;31m[K^[m[K
[2.403s] In file included from [01m[K/usr/include/c++/9/vector:72[m[K,
[2.403s]                  from [01m[K/opt/ros/foxy/include/rclcpp/executor.hpp:27[m[K,
[2.404s]                  from [01m[K/opt/ros/foxy/include/rclcpp/executors/multi_threaded_executor.hpp:25[m[K,
[2.404s]                  from [01m[K/opt/ros/foxy/include/rclcpp/executors.hpp:21[m[K,
[2.404s]                  from [01m[K/opt/ros/foxy/include/rclcpp/rclcpp.hpp:145[m[K,
[2.404s]                  from [01m[K/ros2_test/AD_Middle_Test/ros2/src/detect_s/src/camera.cpp:4[m[K:
[2.404s] [01m[K/usr/include/c++/9/bits/vector.tcc:198:5:[m[K [01;36m[Knote: [m[Kcandidate: ‘[01m[Kstd::vector<_Tp, _Alloc>& std::vector<_Tp, _Alloc>::operator=(const std::vector<_Tp, _Alloc>&) [with _Tp = unsigned char; _Alloc = std::allocator<unsigned char>][m[K’
[2.404s]   198 |     [01;36m[Kvector<_Tp, _Alloc>[m[K::
[2.404s]       |     [01;36m[K^~~~~~~~~~~~~~~~~~~[m[K
[2.405s] [01m[K/usr/include/c++/9/bits/vector.tcc:199:42:[m[K [01;36m[Knote: [m[K  no known conversion for argument 1 from ‘[01m[Kstd::string[m[K’ {aka ‘[01m[Kstd::__cxx11::basic_string<char>[m[K’} to ‘[01m[Kconst std::vector<unsigned char, std::allocator<unsigned char> >&[m[K’
[2.405s]   199 |     operator=([01;36m[Kconst vector<_Tp, _Alloc>& __x[m[K)
[2.405s]       |               [01;36m[K~~~~~~~~~~~~~~~~~~~~~~~~~~~^~~[m[K
[2.405s] In file included from [01m[K/usr/include/c++/9/vector:67[m[K,
[2.405s]                  from [01m[K/opt/ros/foxy/include/rclcpp/executor.hpp:27[m[K,
[2.405s]                  from [01m[K/opt/ros/foxy/include/rclcpp/executors/multi_threaded_executor.hpp:25[m[K,
[2.405s]                  from [01m[K/opt/ros/foxy/include/rclcpp/executors.hpp:21[m[K,
[2.406s]                  from [01m[K/opt/ros/foxy/include/rclcpp/rclcpp.hpp:145[m[K,
[2.406s]                  from [01m[K/ros2_test/AD_Middle_Test/ros2/src/detect_s/src/camera.cpp:4[m[K:
[2.406s] [01m[K/usr/include/c++/9/bits/stl_vector.h:706:7:[m[K [01;36m[Knote: [m[Kcandidate: ‘[01m[Kstd::vector<_Tp, _Alloc>& std::vector<_Tp, _Alloc>::operator=(std::vector<_Tp, _Alloc>&&) [with _Tp = unsigned char; _Alloc = std::allocator<unsigned char>][m[K’
[2.406s]   706 |       [01;36m[Koperator[m[K=(vector&& __x) noexcept(_Alloc_traits::_S_nothrow_move())
[2.406s]       |       [01;36m[K^~~~~~~~[m[K
[2.406s] [01m[K/usr/include/c++/9/bits/stl_vector.h:706:26:[m[K [01;36m[Knote: [m[K  no known conversion for argument 1 from ‘[01m[Kstd::string[m[K’ {aka ‘[01m[Kstd::__cxx11::basic_string<char>[m[K’} to ‘[01m[Kstd::vector<unsigned char, std::allocator<unsigned char> >&&[m[K’
[2.406s]   706 |       operator=([01;36m[Kvector&& __x[m[K) noexcept(_Alloc_traits::_S_nothrow_move())
[2.407s]       |                 [01;36m[K~~~~~~~~~^~~[m[K
[2.407s] [01m[K/usr/include/c++/9/bits/stl_vector.h:727:7:[m[K [01;36m[Knote: [m[Kcandidate: ‘[01m[Kstd::vector<_Tp, _Alloc>& std::vector<_Tp, _Alloc>::operator=(std::initializer_list<_Tp>) [with _Tp = unsigned char; _Alloc = std::allocator<unsigned char>][m[K’
[2.407s]   727 |       [01;36m[Koperator[m[K=(initializer_list<value_type> __l)
[2.407s]       |       [01;36m[K^~~~~~~~[m[K
[2.407s] [01m[K/usr/include/c++/9/bits/stl_vector.h:727:46:[m[K [01;36m[Knote: [m[K  no known conversion for argument 1 from ‘[01m[Kstd::string[m[K’ {aka ‘[01m[Kstd::__cxx11::basic_string<char>[m[K’} to ‘[01m[Kstd::initializer_list<unsigned char>[m[K’
[2.407s]   727 |       operator=([01;36m[Kinitializer_list<value_type> __l[m[K)
[2.407s]       |                 [01;36m[K~~~~~~~~~~~~~~~~~~~~~~~~~~~~~^~~[m[K
[2.407s] [01m[K/ros2_test/AD_Middle_Test/ros2/src/detect_s/src/camera.cpp:13:32:[m[K [01;35m[Kwarning: [m[Kunused parameter ‘[01m[Kstr_size[m[K’ [[01;35m[K-Wunused-parameter[m[K]
[2.408s]    13 |   Camera(int sleep_ms, [01;35m[Kint64_t str_size[m[K, string channel_name)
[2.408s]       |                        [01;35m[K~~~~~~~~^~~~~~~~[m[K
[4.151s] make[2]: *** [CMakeFiles/camera.dir/build.make:63: CMakeFiles/camera.dir/src/camera.cpp.o] Error 1
[4.152s] make[1]: *** [CMakeFiles/Makefile2:78: CMakeFiles/camera.dir/all] Error 2
[4.152s] make: *** [Makefile:141: all] Error 2
