[0.085s] [35m[1mScanning dependencies of target listener[0m
[0.124s] [ 25%] [32mBuilding CXX object CMakeFiles/listener.dir/src/listener.cpp.o[0m
[2.009s] [01m[K/ros2_test/AD_Middle_Test/ros2/src/simple_s/src/listener.cpp:89:60:[m[K [01;31m[Kerror: [m[K‘[01m[KSharedPtr[m[K’ in ‘[01m[Kclass message_filters::Subscriber<test_interfaces::msg::Test_<std::allocator<void> > >[m[K’ does not name a type
[2.009s]    89 |   message_filters::Subscriber<test_interfaces::msg::Test>::[01;31m[KSharedPtr[m[K sub1;
[2.009s]       |                                                            [01;31m[K^~~~~~~~~[m[K
[2.009s] [01m[K/ros2_test/AD_Middle_Test/ros2/src/simple_s/src/listener.cpp:90:60:[m[K [01;31m[Kerror: [m[K‘[01m[KSharedPtr[m[K’ in ‘[01m[Kclass message_filters::Subscriber<test_interfaces::msg::Test_<std::allocator<void> > >[m[K’ does not name a type
[2.010s]    90 |   message_filters::Subscriber<test_interfaces::msg::Test>::[01;31m[KSharedPtr[m[K sub2;
[2.010s]       |                                                            [01;31m[K^~~~~~~~~[m[K
[2.028s] [01m[K/ros2_test/AD_Middle_Test/ros2/src/simple_s/src/listener.cpp:[m[K In constructor ‘[01m[KMinimalSubscriber::MinimalSubscriber(std::string, int)[m[K’:
[2.028s] [01m[K/ros2_test/AD_Middle_Test/ros2/src/simple_s/src/listener.cpp:54:4:[m[K [01;31m[Kerror: [m[K‘[01m[Ksub1[m[K’ was not declared in this scope
[2.028s]    54 |    [01;31m[Ksub1[m[K = message_filters::Subscriber<test_interfaces::msg::Test>(this,channel_name+'0',1);
[2.028s]       |    [01;31m[K^~~~[m[K
[2.029s] [01m[K/ros2_test/AD_Middle_Test/ros2/src/simple_s/src/listener.cpp:54:90:[m[K [01;31m[Kerror: [m[Kno matching function for call to ‘[01m[Kmessage_filters::Subscriber<test_interfaces::msg::Test_<std::allocator<void> > >::Subscriber(MinimalSubscriber*, std::__cxx11::basic_string<char>, int)[m[K’
[2.029s]    54 |    sub1 = message_filters::Subscriber<test_interfaces::msg::Test>(this,channel_name+'0',1[01;31m[K)[m[K;
[2.029s]       |                                                                                          [01;31m[K^[m[K
[2.029s] In file included from [01m[K/ros2_test/AD_Middle_Test/ros2/src/simple_s/src/listener.cpp:5[m[K:
[2.030s] [01m[K/opt/ros/foxy/include/message_filters/subscriber.h:129:3:[m[K [01;36m[Knote: [m[Kcandidate: ‘[01m[Kmessage_filters::Subscriber<M>::Subscriber() [with M = test_interfaces::msg::Test_<std::allocator<void> >][m[K’
[2.030s]   129 |   [01;36m[KSubscriber[m[K() = default;
[2.030s]       |   [01;36m[K^~~~~~~~~~[m[K
[2.030s] [01m[K/opt/ros/foxy/include/message_filters/subscriber.h:129:3:[m[K [01;36m[Knote: [m[K  candidate expects 0 arguments, 3 provided
[2.031s] [01m[K/opt/ros/foxy/include/message_filters/subscriber.h:121:3:[m[K [01;36m[Knote: [m[Kcandidate: ‘[01m[Kmessage_filters::Subscriber<M>::Subscriber(rclcpp::Node*, const string&, rmw_qos_profile_t) [with M = test_interfaces::msg::Test_<std::allocator<void> >; std::string = std::__cxx11::basic_string<char>; rmw_qos_profile_t = rmw_qos_profile_t][m[K’
[2.031s]   121 |   [01;36m[KSubscriber[m[K(rclcpp::Node* node, const std::string& topic, const rmw_qos_profile_t qos = rmw_qos_profile_default)
[2.031s]       |   [01;36m[K^~~~~~~~~~[m[K
[2.031s] [01m[K/opt/ros/foxy/include/message_filters/subscriber.h:121:84:[m[K [01;36m[Knote: [m[K  no known conversion for argument 3 from ‘[01m[Kint[m[K’ to ‘[01m[Krmw_qos_profile_t[m[K’
[2.031s]   121 |   Subscriber(rclcpp::Node* node, const std::string& topic, [01;36m[Kconst rmw_qos_profile_t qos = rmw_qos_profile_default[m[K)
[2.031s]       |                                                            [01;36m[K~~~~~~~~~~~~~~~~~~~~~~~~^~~~~~~~~~~~~~~~~~~~~~~~~~~~~[m[K
[2.032s] [01m[K/opt/ros/foxy/include/message_filters/subscriber.h:116:3:[m[K [01;36m[Knote: [m[Kcandidate: ‘[01m[Kmessage_filters::Subscriber<M>::Subscriber(rclcpp::Node::SharedPtr, const string&, rmw_qos_profile_t) [with M = test_interfaces::msg::Test_<std::allocator<void> >; rclcpp::Node::SharedPtr = std::shared_ptr<rclcpp::Node>; std::string = std::__cxx11::basic_string<char>; rmw_qos_profile_t = rmw_qos_profile_t][m[K’
[2.032s]   116 |   [01;36m[KSubscriber[m[K(rclcpp::Node::SharedPtr node, const std::string& topic, const rmw_qos_profile_t qos = rmw_qos_profile_default)
[2.032s]       |   [01;36m[K^~~~~~~~~~[m[K
[2.032s] [01m[K/opt/ros/foxy/include/message_filters/subscriber.h:116:38:[m[K [01;36m[Knote: [m[K  no known conversion for argument 1 from ‘[01m[KMinimalSubscriber*[m[K’ to ‘[01m[Krclcpp::Node::SharedPtr[m[K’ {aka ‘[01m[Kstd::shared_ptr<rclcpp::Node>[m[K’}
[2.032s]   116 |   Subscriber([01;36m[Krclcpp::Node::SharedPtr node[m[K, const std::string& topic, const rmw_qos_profile_t qos = rmw_qos_profile_default)
[2.032s]       |              [01;36m[K~~~~~~~~~~~~~~~~~~~~~~~~^~~~[m[K
[2.034s] [01m[K/ros2_test/AD_Middle_Test/ros2/src/simple_s/src/listener.cpp:55:4:[m[K [01;31m[Kerror: [m[K‘[01m[Ksub2[m[K’ was not declared in this scope
[2.034s]    55 |    [01;31m[Ksub2[m[K = message_filters::Subscriber<test_interfaces::msg::Test>(this,channel_name+'1',1);
[2.034s]       |    [01;31m[K^~~~[m[K
[2.035s] [01m[K/ros2_test/AD_Middle_Test/ros2/src/simple_s/src/listener.cpp:55:90:[m[K [01;31m[Kerror: [m[Kno matching function for call to ‘[01m[Kmessage_filters::Subscriber<test_interfaces::msg::Test_<std::allocator<void> > >::Subscriber(MinimalSubscriber*, std::__cxx11::basic_string<char>, int)[m[K’
[2.035s]    55 |    sub2 = message_filters::Subscriber<test_interfaces::msg::Test>(this,channel_name+'1',1[01;31m[K)[m[K;
[2.035s]       |                                                                                          [01;31m[K^[m[K
[2.035s] In file included from [01m[K/ros2_test/AD_Middle_Test/ros2/src/simple_s/src/listener.cpp:5[m[K:
[2.035s] [01m[K/opt/ros/foxy/include/message_filters/subscriber.h:129:3:[m[K [01;36m[Knote: [m[Kcandidate: ‘[01m[Kmessage_filters::Subscriber<M>::Subscriber() [with M = test_interfaces::msg::Test_<std::allocator<void> >][m[K’
[2.035s]   129 |   [01;36m[KSubscriber[m[K() = default;
[2.036s]       |   [01;36m[K^~~~~~~~~~[m[K
[2.036s] [01m[K/opt/ros/foxy/include/message_filters/subscriber.h:129:3:[m[K [01;36m[Knote: [m[K  candidate expects 0 arguments, 3 provided
[2.036s] [01m[K/opt/ros/foxy/include/message_filters/subscriber.h:121:3:[m[K [01;36m[Knote: [m[Kcandidate: ‘[01m[Kmessage_filters::Subscriber<M>::Subscriber(rclcpp::Node*, const string&, rmw_qos_profile_t) [with M = test_interfaces::msg::Test_<std::allocator<void> >; std::string = std::__cxx11::basic_string<char>; rmw_qos_profile_t = rmw_qos_profile_t][m[K’
[2.036s]   121 |   [01;36m[KSubscriber[m[K(rclcpp::Node* node, const std::string& topic, const rmw_qos_profile_t qos = rmw_qos_profile_default)
[2.036s]       |   [01;36m[K^~~~~~~~~~[m[K
[2.037s] [01m[K/opt/ros/foxy/include/message_filters/subscriber.h:121:84:[m[K [01;36m[Knote: [m[K  no known conversion for argument 3 from ‘[01m[Kint[m[K’ to ‘[01m[Krmw_qos_profile_t[m[K’
[2.037s]   121 |   Subscriber(rclcpp::Node* node, const std::string& topic, [01;36m[Kconst rmw_qos_profile_t qos = rmw_qos_profile_default[m[K)
[2.037s]       |                                                            [01;36m[K~~~~~~~~~~~~~~~~~~~~~~~~^~~~~~~~~~~~~~~~~~~~~~~~~~~~~[m[K
[2.037s] [01m[K/opt/ros/foxy/include/message_filters/subscriber.h:116:3:[m[K [01;36m[Knote: [m[Kcandidate: ‘[01m[Kmessage_filters::Subscriber<M>::Subscriber(rclcpp::Node::SharedPtr, const string&, rmw_qos_profile_t) [with M = test_interfaces::msg::Test_<std::allocator<void> >; rclcpp::Node::SharedPtr = std::shared_ptr<rclcpp::Node>; std::string = std::__cxx11::basic_string<char>; rmw_qos_profile_t = rmw_qos_profile_t][m[K’
[2.037s]   116 |   [01;36m[KSubscriber[m[K(rclcpp::Node::SharedPtr node, const std::string& topic, const rmw_qos_profile_t qos = rmw_qos_profile_default)
[2.038s]       |   [01;36m[K^~~~~~~~~~[m[K
[2.038s] [01m[K/opt/ros/foxy/include/message_filters/subscriber.h:116:38:[m[K [01;36m[Knote: [m[K  no known conversion for argument 1 from ‘[01m[KMinimalSubscriber*[m[K’ to ‘[01m[Krclcpp::Node::SharedPtr[m[K’ {aka ‘[01m[Kstd::shared_ptr<rclcpp::Node>[m[K’}
[2.038s]   116 |   Subscriber([01;36m[Krclcpp::Node::SharedPtr node[m[K, const std::string& topic, const rmw_qos_profile_t qos = rmw_qos_profile_default)
[2.038s]       |              [01;36m[K~~~~~~~~~~~~~~~~~~~~~~~~^~~~[m[K
[2.057s] [01m[K/ros2_test/AD_Middle_Test/ros2/src/simple_s/src/listener.cpp:57:75:[m[K [01;31m[Kerror: [m[K‘[01m[K_2[m[K’ was not declared in this scope; did you mean ‘[01m[Kstd::placeholders::_2[m[K’?
[2.057s]    57 |    sync.registerCallback(std::bind(&MinimalSubscriber::topic_callback2,_1,[01;31m[K_2[m[K));
[2.057s]       |                                                                           [01;31m[K^~[m[K
[2.057s]       |                                                                           [32m[Kstd::placeholders::_2[m[K
[2.057s] In file included from [01m[K/opt/ros/foxy/include/rclcpp/context.hpp:19[m[K,
[2.058s]                  from [01m[K/opt/ros/foxy/include/rclcpp/contexts/default_context.hpp:18[m[K,
[2.058s]                  from [01m[K/opt/ros/foxy/include/rclcpp/executor.hpp:32[m[K,
[2.058s]                  from [01m[K/opt/ros/foxy/include/rclcpp/executors/multi_threaded_executor.hpp:25[m[K,
[2.058s]                  from [01m[K/opt/ros/foxy/include/rclcpp/executors.hpp:21[m[K,
[2.058s]                  from [01m[K/opt/ros/foxy/include/rclcpp/rclcpp.hpp:145[m[K,
[2.058s]                  from [01m[K/opt/ros/foxy/include/message_filters/subscriber.h:38[m[K,
[2.059s]                  from [01m[K/ros2_test/AD_Middle_Test/ros2/src/simple_s/src/listener.cpp:5[m[K:
[2.059s] [01m[K/usr/include/c++/9/functional:212:34:[m[K [01;36m[Knote: [m[K‘[01m[Kstd::placeholders::_2[m[K’ declared here
[2.059s]   212 |     extern const _Placeholder<2> [01;36m[K_2[m[K;
[2.059s]       |                                  [01;36m[K^~[m[K
[3.752s] make[2]: *** [CMakeFiles/listener.dir/build.make:63: CMakeFiles/listener.dir/src/listener.cpp.o] Error 1
[3.752s] make[1]: *** [CMakeFiles/Makefile2:80: CMakeFiles/listener.dir/all] Error 2
[3.752s] make: *** [Makefile:141: all] Error 2
