[4.464s] In file included from [01m[K/opt/ros/foxy/include/message_filters/synchronizer.h:47[m[K,
[4.465s]                  from [01m[K/ros2_test/AD_Middle_Test/ros2/src/simple_s/src/listener.cpp:6[m[K:
[4.466s] /opt/ros/foxy/include/message_filters/signal9.h: In instantiation of ‘[01m[Kmessage_filters::Connection message_filters::Signal9<M0, M1, M2, M3, M4, M5, M6, M7, M8>::addCallback(C&) [with C = const std::_Bind<void (MinimalSubscriber::*(MinimalSubscriber*, std::_Placeholder<1>, std::_Placeholder<2>))(const std::shared_ptr<test_interfaces::msg::Test_<std::allocator<void> > >&, const std::shared_ptr<test_interfaces::msg::Test_<std::allocator<void> > >&)>; M0 = test_interfaces::msg::Test_<std::allocator<void> >; M1 = test_interfaces::msg::Test_<std::allocator<void> >; M2 = message_filters::NullType; M3 = message_filters::NullType; M4 = message_filters::NullType; M5 = message_filters::NullType; M6 = message_filters::NullType; M7 = message_filters::NullType; M8 = message_filters::NullType][m[K’:
[4.466s] [01m[K/opt/ros/foxy/include/message_filters/synchronizer.h:298:40:[m[K   required from ‘[01m[Kmessage_filters::Connection message_filters::Synchronizer<Policy>::registerCallback(const C&) [with C = std::_Bind<void (MinimalSubscriber::*(MinimalSubscriber*, std::_Placeholder<1>, std::_Placeholder<2>))(const std::shared_ptr<test_interfaces::msg::Test_<std::allocator<void> > >&, const std::shared_ptr<test_interfaces::msg::Test_<std::allocator<void> > >&)>; Policy = message_filters::sync_policies::ApproximateTime<test_interfaces::msg::Test_<std::allocator<void> >, test_interfaces::msg::Test_<std::allocator<void> > >][m[K’
[4.466s] [01m[K/ros2_test/AD_Middle_Test/ros2/src/simple_s/src/listener.cpp:60:129:[m[K   required from here
[4.466s] [01m[K/opt/ros/foxy/include/message_filters/signal9.h:280:267:[m[K [01;31m[Kerror: [m[Kno matching function for call to ‘[01m[Kmessage_filters::Signal9<test_interfaces::msg::Test_<std::allocator<void> >, test_interfaces::msg::Test_<std::allocator<void> >, message_filters::NullType, message_filters::NullType, message_filters::NullType, message_filters::NullType, message_filters::NullType, message_filters::NullType, message_filters::NullType>::addCallback<const M0ConstPtr&, const M1ConstPtr&, const M2ConstPtr&, const M3ConstPtr&, const M4ConstPtr&, const M5ConstPtr&, const M6ConstPtr&, const M7ConstPtr&, const M8ConstPtr&>(std::_Bind_helper<false, const std::_Bind<void (MinimalSubscriber::*(MinimalSubscriber*, std::_Placeholder<1>, std::_Placeholder<2>))(const std::shared_ptr<test_interfaces::msg::Test_<std::allocator<void> > >&, const std::shared_ptr<test_interfaces::msg::Test_<std::allocator<void> > >&)>&, const std::_Placeholder<1>&, const std::_Placeholder<2>&, const std::_Placeholder<3>&, const std::_Placeholder<4>&, const std::_Placeholder<5>&, const std::_Placeholder<6>&, const std::_Placeholder<7>&, const std::_Placeholder<8>&, const std::_Placeholder<9>&>::type)[m[K’
[4.467s]   280 |                      const M8ConstPtr&>(std::bind(callback, std::placeholders::_1, std::placeholders::_2, std::placeholders::_3, std::placeholders::_4, std::placeholders::_5, std::placeholders::_6, std::placeholders::_7, std::placeholders::_8, std::placeholders::_9)[01;31m[K)[m[K;
[4.467s]       |                                                                                                                                                                                                                                                                           [01;31m[K^[m[K
[4.467s] In file included from [01m[K/opt/ros/foxy/include/message_filters/synchronizer.h:47[m[K,
[4.467s]                  from [01m[K/ros2_test/AD_Middle_Test/ros2/src/simple_s/src/listener.cpp:6[m[K:
[4.467s] [01m[K/opt/ros/foxy/include/message_filters/signal9.h:170:14:[m[K [01;36m[Knote: [m[Kcandidate: ‘[01m[Kmessage_filters::Connection message_filters::Signal9<M0, M1, M2, M3, M4, M5, M6, M7, M8>::addCallback(const std::function<void(P0, P1, P2, P3, P4, P5, P6, P7, P8)>&) [with P0 = const std::shared_ptr<const test_interfaces::msg::Test_<std::allocator<void> > >&; P1 = const std::shared_ptr<const test_interfaces::msg::Test_<std::allocator<void> > >&; P2 = const std::shared_ptr<const message_filters::NullType>&; P3 = const std::shared_ptr<const message_filters::NullType>&; P4 = const std::shared_ptr<const message_filters::NullType>&; P5 = const std::shared_ptr<const message_filters::NullType>&; P6 = const std::shared_ptr<const message_filters::NullType>&; P7 = const std::shared_ptr<const message_filters::NullType>&; P8 = const std::shared_ptr<const message_filters::NullType>&; M0 = test_interfaces::msg::Test_<std::allocator<void> >; M1 = test_interfaces::msg::Test_<std::allocator<void> >; M2 = message_filters::NullType; M3 = message_filters::NullType; M4 = message_filters::NullType; M5 = message_filters::NullType; M6 = message_filters::NullType; M7 = message_filters::NullType; M8 = message_filters::NullType][m[K’
[4.467s]   170 |   Connection [01;36m[KaddCallback[m[K(const std::function<void(P0, P1, P2, P3, P4, P5, P6, P7, P8)>& callback)
[4.468s]       |              [01;36m[K^~~~~~~~~~~[m[K
[4.468s] [01m[K/opt/ros/foxy/include/message_filters/signal9.h:170:89:[m[K [01;36m[Knote: [m[K  no known conversion for argument 1 from ‘[01m[Kstd::_Bind_helper<false, const std::_Bind<void (MinimalSubscriber::*(MinimalSubscriber*, std::_Placeholder<1>, std::_Placeholder<2>))(const std::shared_ptr<test_interfaces::msg::Test_<std::allocator<void> > >&, const std::shared_ptr<test_interfaces::msg::Test_<std::allocator<void> > >&)>&, const std::_Placeholder<1>&, const std::_Placeholder<2>&, const std::_Placeholder<3>&, const std::_Placeholder<4>&, const std::_Placeholder<5>&, const std::_Placeholder<6>&, const std::_Placeholder<7>&, const std::_Placeholder<8>&, const std::_Placeholder<9>&>::type[m[K’ {aka ‘[01m[Kstd::_Bind<std::_Bind<void (MinimalSubscriber::*(MinimalSubscriber*, std::_Placeholder<1>, std::_Placeholder<2>))(const std::shared_ptr<test_interfaces::msg::Test_<std::allocator<void> > >&, const std::shared_ptr<test_interfaces::msg::Test_<std::allocator<void> > >&)>(std::_Placeholder<1>, std::_Placeholder<2>, std::_Placeholder<3>, std::_Placeholder<4>, std::_Placeholder<5>, std::_Placeholder<6>, std::_Placeholder<7>, std::_Placeholder<8>, std::_Placeholder<9>)>[m[K’} to ‘[01m[Kconst std::function<void(const std::shared_ptr<const test_interfaces::msg::Test_<std::allocator<void> > >&, const std::shared_ptr<const test_interfaces::msg::Test_<std::allocator<void> > >&, const std::shared_ptr<const message_filters::NullType>&, const std::shared_ptr<const message_filters::NullType>&, const std::shared_ptr<const message_filters::NullType>&, const std::shared_ptr<const message_filters::NullType>&, const std::shared_ptr<const message_filters::NullType>&, const std::shared_ptr<const message_filters::NullType>&, const std::shared_ptr<const message_filters::NullType>&)>&[m[K’
[4.468s]   170 |   Connection addCallback([01;36m[Kconst std::function<void(P0, P1, P2, P3, P4, P5, P6, P7, P8)>& callback[m[K)
[4.468s]       |                          [01;36m[K~~~~~~~~~~~~~~~~~~~~~~~~~~~~~~~~~~~~~~~~~~~~~~~~~~~~~~~~~~~~~~~^~~~~~~~[m[K
[4.468s] [01m[K/opt/ros/foxy/include/message_filters/signal9.h:180:14:[m[K [01;36m[Knote: [m[Kcandidate: ‘[01m[Ktemplate<class P0, class P1> message_filters::Connection message_filters::Signal9<M0, M1, M2, M3, M4, M5, M6, M7, M8>::addCallback(void (*)(P0, P1)) [with P0 = P0; P1 = P1; M0 = test_interfaces::msg::Test_<std::allocator<void> >; M1 = test_interfaces::msg::Test_<std::allocator<void> >; M2 = message_filters::NullType; M3 = message_filters::NullType; M4 = message_filters::NullType; M5 = message_filters::NullType; M6 = message_filters::NullType; M7 = message_filters::NullType; M8 = message_filters::NullType][m[K’
[4.468s]   180 |   Connection [01;36m[KaddCallback[m[K(void(*callback)(P0, P1))
[4.468s]       |              [01;36m[K^~~~~~~~~~~[m[K
[4.468s] [01m[K/opt/ros/foxy/include/message_filters/signal9.h:180:14:[m[K [01;36m[Knote: [m[K  template argument deduction/substitution failed:
[4.469s] In file included from [01m[K/opt/ros/foxy/include/message_filters/synchronizer.h:47[m[K,
[4.469s]                  from [01m[K/ros2_test/AD_Middle_Test/ros2/src/simple_s/src/listener.cpp:6[m[K:
[4.469s] [01m[K/opt/ros/foxy/include/message_filters/signal9.h:280:267:[m[K [01;31m[Kerror: [m[Kwrong number of template arguments (9, should be 2)
[4.469s]   280 |                      const M8ConstPtr&>(std::bind(callback, std::placeholders::_1, std::placeholders::_2, std::placeholders::_3, std::placeholders::_4, std::placeholders::_5, std::placeholders::_6, std::placeholders::_7, std::placeholders::_8, std::placeholders::_9)[01;31m[K)[m[K;
[4.469s]       |                                                                                                                                                                                                                                                                           [01;31m[K^[m[K
[4.469s] In file included from [01m[K/opt/ros/foxy/include/message_filters/synchronizer.h:47[m[K,
[4.469s]                  from [01m[K/ros2_test/AD_Middle_Test/ros2/src/simple_s/src/listener.cpp:6[m[K:
[4.470s] [01m[K/opt/ros/foxy/include/message_filters/signal9.h:186:14:[m[K [01;36m[Knote: [m[Kcandidate: ‘[01m[Ktemplate<class P0, class P1, class P2> message_filters::Connection message_filters::Signal9<M0, M1, M2, M3, M4, M5, M6, M7, M8>::addCallback(void (*)(P0, P1, P2)) [with P0 = P0; P1 = P1; P2 = P2; M0 = test_interfaces::msg::Test_<std::allocator<void> >; M1 = test_interfaces::msg::Test_<std::allocator<void> >; M2 = message_filters::NullType; M3 = message_filters::NullType; M4 = message_filters::NullType; M5 = message_filters::NullType; M6 = message_filters::NullType; M7 = message_filters::NullType; M8 = message_filters::NullType][m[K’
[4.470s]   186 |   Connection [01;36m[KaddCallback[m[K(void(*callback)(P0, P1, P2))
[4.470s]       |              [01;36m[K^~~~~~~~~~~[m[K
[4.470s] [01m[K/opt/ros/foxy/include/message_filters/signal9.h:186:14:[m[K [01;36m[Knote: [m[K  template argument deduction/substitution failed:
[4.470s] In file included from [01m[K/opt/ros/foxy/include/message_filters/synchronizer.h:47[m[K,
[4.470s]                  from [01m[K/ros2_test/AD_Middle_Test/ros2/src/simple_s/src/listener.cpp:6[m[K:
[4.471s] [01m[K/opt/ros/foxy/include/message_filters/signal9.h:280:267:[m[K [01;31m[Kerror: [m[Kwrong number of template arguments (9, should be 3)
[4.471s]   280 |                      const M8ConstPtr&>(std::bind(callback, std::placeholders::_1, std::placeholders::_2, std::placeholders::_3, std::placeholders::_4, std::placeholders::_5, std::placeholders::_6, std::placeholders::_7, std::placeholders::_8, std::placeholders::_9)[01;31m[K)[m[K;
[4.471s]       |                                                                                                                                                                                                                                                                           [01;31m[K^[m[K
[4.471s] In file included from [01m[K/opt/ros/foxy/include/message_filters/synchronizer.h:47[m[K,
[4.471s]                  from [01m[K/ros2_test/AD_Middle_Test/ros2/src/simple_s/src/listener.cpp:6[m[K:
[4.471s] [01m[K/opt/ros/foxy/include/message_filters/signal9.h:192:14:[m[K [01;36m[Knote: [m[Kcandidate: ‘[01m[Ktemplate<class P0, class P1, class P2, class P3> message_filters::Connection message_filters::Signal9<M0, M1, M2, M3, M4, M5, M6, M7, M8>::addCallback(void (*)(P0, P1, P2, P3)) [with P0 = P0; P1 = P1; P2 = P2; P3 = P3; M0 = test_interfaces::msg::Test_<std::allocator<void> >; M1 = test_interfaces::msg::Test_<std::allocator<void> >; M2 = message_filters::NullType; M3 = message_filters::NullType; M4 = message_filters::NullType; M5 = message_filters::NullType; M6 = message_filters::NullType; M7 = message_filters::NullType; M8 = message_filters::NullType][m[K’
[4.471s]   192 |   Connection [01;36m[KaddCallback[m[K(void(*callback)(P0, P1, P2, P3))
[4.472s]       |              [01;36m[K^~~~~~~~~~~[m[K
[4.472s] [01m[K/opt/ros/foxy/include/message_filters/signal9.h:192:14:[m[K [01;36m[Knote: [m[K  template argument deduction/substitution failed:
[4.472s] In file included from [01m[K/opt/ros/foxy/include/message_filters/synchronizer.h:47[m[K,
[4.472s]                  from [01m[K/ros2_test/AD_Middle_Test/ros2/src/simple_s/src/listener.cpp:6[m[K:
[4.472s] [01m[K/opt/ros/foxy/include/message_filters/signal9.h:280:267:[m[K [01;31m[Kerror: [m[Kwrong number of template arguments (9, should be 4)
[4.472s]   280 |                      const M8ConstPtr&>(std::bind(callback, std::placeholders::_1, std::placeholders::_2, std::placeholders::_3, std::placeholders::_4, std::placeholders::_5, std::placeholders::_6, std::placeholders::_7, std::placeholders::_8, std::placeholders::_9)[01;31m[K)[m[K;
[4.472s]       |                                                                                                                                                                                                                                                                           [01;31m[K^[m[K
[4.473s] In file included from [01m[K/opt/ros/foxy/include/message_filters/synchronizer.h:47[m[K,
[4.473s]                  from [01m[K/ros2_test/AD_Middle_Test/ros2/src/simple_s/src/listener.cpp:6[m[K:
[4.473s] [01m[K/opt/ros/foxy/include/message_filters/signal9.h:198:14:[m[K [01;36m[Knote: [m[Kcandidate: ‘[01m[Ktemplate<class P0, class P1, class P2, class P3, class P4> message_filters::Connection message_filters::Signal9<M0, M1, M2, M3, M4, M5, M6, M7, M8>::addCallback(void (*)(P0, P1, P2, P3, P4)) [with P0 = P0; P1 = P1; P2 = P2; P3 = P3; P4 = P4; M0 = test_interfaces::msg::Test_<std::allocator<void> >; M1 = test_interfaces::msg::Test_<std::allocator<void> >; M2 = message_filters::NullType; M3 = message_filters::NullType; M4 = message_filters::NullType; M5 = message_filters::NullType; M6 = message_filters::NullType; M7 = message_filters::NullType; M8 = message_filters::NullType][m[K’
[4.473s]   198 |   Connection [01;36m[KaddCallback[m[K(void(*callback)(P0, P1, P2, P3, P4))
[4.473s]       |              [01;36m[K^~~~~~~~~~~[m[K
[4.473s] [01m[K/opt/ros/foxy/include/message_filters/signal9.h:198:14:[m[K [01;36m[Knote: [m[K  template argument deduction/substitution failed:
[4.473s] In file included from [01m[K/opt/ros/foxy/include/message_filters/synchronizer.h:47[m[K,
[4.474s]                  from [01m[K/ros2_test/AD_Middle_Test/ros2/src/simple_s/src/listener.cpp:6[m[K:
[4.474s] [01m[K/opt/ros/foxy/include/message_filters/signal9.h:280:267:[m[K [01;31m[Kerror: [m[Kwrong number of template arguments (9, should be 5)
[4.474s]   280 |                      const M8ConstPtr&>(std::bind(callback, std::placeholders::_1, std::placeholders::_2, std::placeholders::_3, std::placeholders::_4, std::placeholders::_5, std::placeholders::_6, std::placeholders::_7, std::placeholders::_8, std::placeholders::_9)[01;31m[K)[m[K;
[4.474s]       |                                                                                                                                                                                                                                                                           [01;31m[K^[m[K
[4.474s] In file included from [01m[K/opt/ros/foxy/include/message_filters/synchronizer.h:47[m[K,
[4.474s]                  from [01m[K/ros2_test/AD_Middle_Test/ros2/src/simple_s/src/listener.cpp:6[m[K:
[4.474s] [01m[K/opt/ros/foxy/include/message_filters/signal9.h:204:14:[m[K [01;36m[Knote: [m[Kcandidate: ‘[01m[Ktemplate<class P0, class P1, class P2, class P3, class P4, class P5> message_filters::Connection message_filters::Signal9<M0, M1, M2, M3, M4, M5, M6, M7, M8>::addCallback(void (*)(P0, P1, P2, P3, P4, P5)) [with P0 = P0; P1 = P1; P2 = P2; P3 = P3; P4 = P4; P5 = P5; M0 = test_interfaces::msg::Test_<std::allocator<void> >; M1 = test_interfaces::msg::Test_<std::allocator<void> >; M2 = message_filters::NullType; M3 = message_filters::NullType; M4 = message_filters::NullType; M5 = message_filters::NullType; M6 = message_filters::NullType; M7 = message_filters::NullType; M8 = message_filters::NullType][m[K’
[4.474s]   204 |   Connection [01;36m[KaddCallback[m[K(void(*callback)(P0, P1, P2, P3, P4, P5))
[4.475s]       |              [01;36m[K^~~~~~~~~~~[m[K
[4.475s] [01m[K/opt/ros/foxy/include/message_filters/signal9.h:204:14:[m[K [01;36m[Knote: [m[K  template argument deduction/substitution failed:
[4.475s] In file included from [01m[K/opt/ros/foxy/include/message_filters/synchronizer.h:47[m[K,
[4.475s]                  from [01m[K/ros2_test/AD_Middle_Test/ros2/src/simple_s/src/listener.cpp:6[m[K:
[4.475s] [01m[K/opt/ros/foxy/include/message_filters/signal9.h:280:267:[m[K [01;31m[Kerror: [m[Kwrong number of template arguments (9, should be 6)
[4.475s]   280 |                      const M8ConstPtr&>(std::bind(callback, std::placeholders::_1, std::placeholders::_2, std::placeholders::_3, std::placeholders::_4, std::placeholders::_5, std::placeholders::_6, std::placeholders::_7, std::placeholders::_8, std::placeholders::_9)[01;31m[K)[m[K;
[4.475s]       |                                                                                                                                                                                                                                                                           [01;31m[K^[m[K
[4.476s] In file included from [01m[K/opt/ros/foxy/include/message_filters/synchronizer.h:47[m[K,
[4.476s]                  from [01m[K/ros2_test/AD_Middle_Test/ros2/src/simple_s/src/listener.cpp:6[m[K:
[4.476s] [01m[K/opt/ros/foxy/include/message_filters/signal9.h:210:14:[m[K [01;36m[Knote: [m[Kcandidate: ‘[01m[Ktemplate<class P0, class P1, class P2, class P3, class P4, class P5, class P6> message_filters::Connection message_filters::Signal9<M0, M1, M2, M3, M4, M5, M6, M7, M8>::addCallback(void (*)(P0, P1, P2, P3, P4, P5, P6)) [with P0 = P0; P1 = P1; P2 = P2; P3 = P3; P4 = P4; P5 = P5; P6 = P6; M0 = test_interfaces::msg::Test_<std::allocator<void> >; M1 = test_interfaces::msg::Test_<std::allocator<void> >; M2 = message_filters::NullType; M3 = message_filters::NullType; M4 = message_filters::NullType; M5 = message_filters::NullType; M6 = message_filters::NullType; M7 = message_filters::NullType; M8 = message_filters::NullType][m[K’
[4.476s]   210 |   Connection [01;36m[KaddCallback[m[K(void(*callback)(P0, P1, P2, P3, P4, P5, P6))
[4.476s]       |              [01;36m[K^~~~~~~~~~~[m[K
[4.476s] [01m[K/opt/ros/foxy/include/message_filters/signal9.h:210:14:[m[K [01;36m[Knote: [m[K  template argument deduction/substitution failed:
[4.476s] In file included from [01m[K/opt/ros/foxy/include/message_filters/synchronizer.h:47[m[K,
[4.477s]                  from [01m[K/ros2_test/AD_Middle_Test/ros2/src/simple_s/src/listener.cpp:6[m[K:
[4.477s] [01m[K/opt/ros/foxy/include/message_filters/signal9.h:280:267:[m[K [01;31m[Kerror: [m[Kwrong number of template arguments (9, should be 7)
[4.477s]   280 |                      const M8ConstPtr&>(std::bind(callback, std::placeholders::_1, std::placeholders::_2, std::placeholders::_3, std::placeholders::_4, std::placeholders::_5, std::placeholders::_6, std::placeholders::_7, std::placeholders::_8, std::placeholders::_9)[01;31m[K)[m[K;
[4.477s]       |                                                                                                                                                                                                                                                                           [01;31m[K^[m[K
[4.477s] [01m[K/opt/ros/foxy/include/message_filters/signal9.h:216:14:[m[K [01;36m[Knote: [m[Kcandidate: ‘[01m[Ktemplate<class P0, class P1, class P2, class P3, class P4, class P5, class P6, class P7> message_filters::Connection message_filters::Signal9<M0, M1, M2, M3, M4, M5, M6, M7, M8>::addCallback(void (*)(P0, P1, P2, P3, P4, P5, P6, P7)) [with P0 = P0; P1 = P1; P2 = P2; P3 = P3; P4 = P4; P5 = P5; P6 = P6; P7 = P7; M0 = test_interfaces::msg::Test_<std::allocator<void> >; M1 = test_interfaces::msg::Test_<std::allocator<void> >; M2 = message_filters::NullType; M3 = message_filters::NullType; M4 = message_filters::NullType; M5 = message_filters::NullType; M6 = message_filters::NullType; M7 = message_filters::NullType; M8 = message_filters::NullType][m[K’
[4.477s]   216 |   Connection [01;36m[KaddCallback[m[K(void(*callback)(P0, P1, P2, P3, P4, P5, P6, P7))
[4.477s]       |              [01;36m[K^~~~~~~~~~~[m[K
[4.477s] [01m[K/opt/ros/foxy/include/message_filters/signal9.h:216:14:[m[K [01;36m[Knote: [m[K  template argument deduction/substitution failed:
[4.478s] [01m[K/opt/ros/foxy/include/message_filters/signal9.h:280:267:[m[K [01;31m[Kerror: [m[Kwrong number of template arguments (9, should be 8)
[4.478s]   280 |                      const M8ConstPtr&>(std::bind(callback, std::placeholders::_1, std::placeholders::_2, std::placeholders::_3, std::placeholders::_4, std::placeholders::_5, std::placeholders::_6, std::placeholders::_7, std::placeholders::_8, std::placeholders::_9)[01;31m[K)[m[K;
[4.478s]       |                                                                                                                                                                                                                                                                           [01;31m[K^[m[K
[4.478s] [01m[K/opt/ros/foxy/include/message_filters/signal9.h:222:14:[m[K [01;36m[Knote: [m[Kcandidate: ‘[01m[Kmessage_filters::Connection message_filters::Signal9<M0, M1, M2, M3, M4, M5, M6, M7, M8>::addCallback(void (*)(P0, P1, P2, P3, P4, P5, P6, P7, P8)) [with P0 = const std::shared_ptr<const test_interfaces::msg::Test_<std::allocator<void> > >&; P1 = const std::shared_ptr<const test_interfaces::msg::Test_<std::allocator<void> > >&; P2 = const std::shared_ptr<const message_filters::NullType>&; P3 = const std::shared_ptr<const message_filters::NullType>&; P4 = const std::shared_ptr<const message_filters::NullType>&; P5 = const std::shared_ptr<const message_filters::NullType>&; P6 = const std::shared_ptr<const message_filters::NullType>&; P7 = const std::shared_ptr<const message_filters::NullType>&; P8 = const std::shared_ptr<const message_filters::NullType>&; M0 = test_interfaces::msg::Test_<std::allocator<void> >; M1 = test_interfaces::msg::Test_<std::allocator<void> >; M2 = message_filters::NullType; M3 = message_filters::NullType; M4 = message_filters::NullType; M5 = message_filters::NullType; M6 = message_filters::NullType; M7 = message_filters::NullType; M8 = message_filters::NullType][m[K’
[4.478s]   222 |   Connection [01;36m[KaddCallback[m[K(void(*callback)(P0, P1, P2, P3, P4, P5, P6, P7, P8))
[4.478s]       |              [01;36m[K^~~~~~~~~~~[m[K
[4.478s] [01m[K/opt/ros/foxy/include/message_filters/signal9.h:222:32:[m[K [01;36m[Knote: [m[K  no known conversion for argument 1 from ‘[01m[Kstd::_Bind_helper<false, const std::_Bind<void (MinimalSubscriber::*(MinimalSubscriber*, std::_Placeholder<1>, std::_Placeholder<2>))(const std::shared_ptr<test_interfaces::msg::Test_<std::allocator<void> > >&, const std::shared_ptr<test_interfaces::msg::Test_<std::allocator<void> > >&)>&, const std::_Placeholder<1>&, const std::_Placeholder<2>&, const std::_Placeholder<3>&, const std::_Placeholder<4>&, const std::_Placeholder<5>&, const std::_Placeholder<6>&, const std::_Placeholder<7>&, const std::_Placeholder<8>&, const std::_Placeholder<9>&>::type[m[K’ {aka ‘[01m[Kstd::_Bind<std::_Bind<void (MinimalSubscriber::*(MinimalSubscriber*, std::_Placeholder<1>, std::_Placeholder<2>))(const std::shared_ptr<test_interfaces::msg::Test_<std::allocator<void> > >&, const std::shared_ptr<test_interfaces::msg::Test_<std::allocator<void> > >&)>(std::_Placeholder<1>, std::_Placeholder<2>, std::_Placeholder<3>, std::_Placeholder<4>, std::_Placeholder<5>, std::_Placeholder<6>, std::_Placeholder<7>, std::_Placeholder<8>, std::_Placeholder<9>)>[m[K’} to ‘[01m[Kvoid (*)(const std::shared_ptr<const test_interfaces::msg::Test_<std::allocator<void> > >&, const std::shared_ptr<const test_interfaces::msg::Test_<std::allocator<void> > >&, const std::shared_ptr<const message_filters::NullType>&, const std::shared_ptr<const message_filters::NullType>&, const std::shared_ptr<const message_filters::NullType>&, const std::shared_ptr<const message_filters::NullType>&, const std::shared_ptr<const message_filters::NullType>&, const std::shared_ptr<const message_filters::NullType>&, const std::shared_ptr<const message_filters::NullType>&)[m[K’
[4.479s]   222 |   Connection addCallback([01;36m[Kvoid(*callback)(P0, P1, P2, P3, P4, P5, P6, P7, P8)[m[K)
[4.479s]       |                          [01;36m[K~~~~~~^~~~~~~~~~~~~~~~~~~~~~~~~~~~~~~~~~~~~~~~~~~~~[m[K
[4.479s] [01m[K/opt/ros/foxy/include/message_filters/signal9.h:228:14:[m[K [01;36m[Knote: [m[Kcandidate: ‘[01m[Ktemplate<class T, class P0, class P1> message_filters::Connection message_filters::Signal9<M0, M1, M2, M3, M4, M5, M6, M7, M8>::addCallback(void (T::*)(P0, P1), T*) [with T = T; P0 = P0; P1 = P1; M0 = test_interfaces::msg::Test_<std::allocator<void> >; M1 = test_interfaces::msg::Test_<std::allocator<void> >; M2 = message_filters::NullType; M3 = message_filters::NullType; M4 = message_filters::NullType; M5 = message_filters::NullType; M6 = message_filters::NullType; M7 = message_filters::NullType; M8 = message_filters::NullType][m[K’
[4.479s]   228 |   Connection [01;36m[KaddCallback[m[K(void(T::*callback)(P0, P1), T* t)
[4.479s]       |              [01;36m[K^~~~~~~~~~~[m[K
[4.479s] [01m[K/opt/ros/foxy/include/message_filters/signal9.h:228:14:[m[K [01;36m[Knote: [m[K  template argument deduction/substitution failed:
[4.479s] [01m[K/opt/ros/foxy/include/message_filters/signal9.h:280:267:[m[K [01;31m[Kerror: [m[Kwrong number of template arguments (9, should be 3)
[4.480s]   280 |                      const M8ConstPtr&>(std::bind(callback, std::placeholders::_1, std::placeholders::_2, std::placeholders::_3, std::placeholders::_4, std::placeholders::_5, std::placeholders::_6, std::placeholders::_7, std::placeholders::_8, std::placeholders::_9)[01;31m[K)[m[K;
[4.480s]       |                                                                                                                                                                                                                                                                           [01;31m[K^[m[K
[4.480s] [01m[K/opt/ros/foxy/include/message_filters/signal9.h:234:14:[m[K [01;36m[Knote: [m[Kcandidate: ‘[01m[Ktemplate<class T, class P0, class P1, class P2> message_filters::Connection message_filters::Signal9<M0, M1, M2, M3, M4, M5, M6, M7, M8>::addCallback(void (T::*)(P0, P1, P2), T*) [with T = T; P0 = P0; P1 = P1; P2 = P2; M0 = test_interfaces::msg::Test_<std::allocator<void> >; M1 = test_interfaces::msg::Test_<std::allocator<void> >; M2 = message_filters::NullType; M3 = message_filters::NullType; M4 = message_filters::NullType; M5 = message_filters::NullType; M6 = message_filters::NullType; M7 = message_filters::NullType; M8 = message_filters::NullType][m[K’
[4.480s]   234 |   Connection [01;36m[KaddCallback[m[K(void(T::*callback)(P0, P1, P2), T* t)
[4.480s]       |              [01;36m[K^~~~~~~~~~~[m[K
[4.480s] [01m[K/opt/ros/foxy/include/message_filters/signal9.h:234:14:[m[K [01;36m[Knote: [m[K  template argument deduction/substitution failed:
[4.480s] [01m[K/opt/ros/foxy/include/message_filters/signal9.h:280:267:[m[K [01;31m[Kerror: [m[Kwrong number of template arguments (9, should be 4)
[4.481s]   280 |                      const M8ConstPtr&>(std::bind(callback, std::placeholders::_1, std::placeholders::_2, std::placeholders::_3, std::placeholders::_4, std::placeholders::_5, std::placeholders::_6, std::placeholders::_7, std::placeholders::_8, std::placeholders::_9)[01;31m[K)[m[K;
[4.481s]       |                                                                                                                                                                                                                                                                           [01;31m[K^[m[K
[4.481s] [01m[K/opt/ros/foxy/include/message_filters/signal9.h:240:14:[m[K [01;36m[Knote: [m[Kcandidate: ‘[01m[Ktemplate<class T, class P0, class P1, class P2, class P3> message_filters::Connection message_filters::Signal9<M0, M1, M2, M3, M4, M5, M6, M7, M8>::addCallback(void (T::*)(P0, P1, P2, P3), T*) [with T = T; P0 = P0; P1 = P1; P2 = P2; P3 = P3; M0 = test_interfaces::msg::Test_<std::allocator<void> >; M1 = test_interfaces::msg::Test_<std::allocator<void> >; M2 = message_filters::NullType; M3 = message_filters::NullType; M4 = message_filters::NullType; M5 = message_filters::NullType; M6 = message_filters::NullType; M7 = message_filters::NullType; M8 = message_filters::NullType][m[K’
[4.481s]   240 |   Connection [01;36m[KaddCallback[m[K(void(T::*callback)(P0, P1, P2, P3), T* t)
[4.481s]       |              [01;36m[K^~~~~~~~~~~[m[K
[4.481s] [01m[K/opt/ros/foxy/include/message_filters/signal9.h:240:14:[m[K [01;36m[Knote: [m[K  template argument deduction/substitution failed:
[4.481s] [01m[K/opt/ros/foxy/include/message_filters/signal9.h:280:267:[m[K [01;31m[Kerror: [m[Kwrong number of template arguments (9, should be 5)
[4.482s]   280 |                      const M8ConstPtr&>(std::bind(callback, std::placeholders::_1, std::placeholders::_2, std::placeholders::_3, std::placeholders::_4, std::placeholders::_5, std::placeholders::_6, std::placeholders::_7, std::placeholders::_8, std::placeholders::_9)[01;31m[K)[m[K;
[4.482s]       |                                                                                                                                                                                                                                                                           [01;31m[K^[m[K
[4.482s] [01m[K/opt/ros/foxy/include/message_filters/signal9.h:246:14:[m[K [01;36m[Knote: [m[Kcandidate: ‘[01m[Ktemplate<class T, class P0, class P1, class P2, class P3, class P4> message_filters::Connection message_filters::Signal9<M0, M1, M2, M3, M4, M5, M6, M7, M8>::addCallback(void (T::*)(P0, P1, P2, P3, P4), T*) [with T = T; P0 = P0; P1 = P1; P2 = P2; P3 = P3; P4 = P4; M0 = test_interfaces::msg::Test_<std::allocator<void> >; M1 = test_interfaces::msg::Test_<std::allocator<void> >; M2 = message_filters::NullType; M3 = message_filters::NullType; M4 = message_filters::NullType; M5 = message_filters::NullType; M6 = message_filters::NullType; M7 = message_filters::NullType; M8 = message_filters::NullType][m[K’
[4.482s]   246 |   Connection [01;36m[KaddCallback[m[K(void(T::*callback)(P0, P1, P2, P3, P4), T* t)
[4.482s]       |              [01;36m[K^~~~~~~~~~~[m[K
[4.482s] [01m[K/opt/ros/foxy/include/message_filters/signal9.h:246:14:[m[K [01;36m[Knote: [m[K  template argument deduction/substitution failed:
[4.482s] [01m[K/opt/ros/foxy/include/message_filters/signal9.h:280:267:[m[K [01;31m[Kerror: [m[Kwrong number of template arguments (9, should be 6)
[4.482s]   280 |                      const M8ConstPtr&>(std::bind(callback, std::placeholders::_1, std::placeholders::_2, std::placeholders::_3, std::placeholders::_4, std::placeholders::_5, std::placeholders::_6, std::placeholders::_7, std::placeholders::_8, std::placeholders::_9)[01;31m[K)[m[K;
[4.483s]       |                                                                                                                                                                                                                                                                           [01;31m[K^[m[K
[4.483s] [01m[K/opt/ros/foxy/include/message_filters/signal9.h:252:14:[m[K [01;36m[Knote: [m[Kcandidate: ‘[01m[Ktemplate<class T, class P0, class P1, class P2, class P3, class P4, class P5> message_filters::Connection message_filters::Signal9<M0, M1, M2, M3, M4, M5, M6, M7, M8>::addCallback(void (T::*)(P0, P1, P2, P3, P4, P5), T*) [with T = T; P0 = P0; P1 = P1; P2 = P2; P3 = P3; P4 = P4; P5 = P5; M0 = test_interfaces::msg::Test_<std::allocator<void> >; M1 = test_interfaces::msg::Test_<std::allocator<void> >; M2 = message_filters::NullType; M3 = message_filters::NullType; M4 = message_filters::NullType; M5 = message_filters::NullType; M6 = message_filters::NullType; M7 = message_filters::NullType; M8 = message_filters::NullType][m[K’
[4.483s]   252 |   Connection [01;36m[KaddCallback[m[K(void(T::*callback)(P0, P1, P2, P3, P4, P5), T* t)
[4.483s]       |              [01;36m[K^~~~~~~~~~~[m[K
[4.483s] [01m[K/opt/ros/foxy/include/message_filters/signal9.h:252:14:[m[K [01;36m[Knote: [m[K  template argument deduction/substitution failed:
[4.483s] [01m[K/opt/ros/foxy/include/message_filters/signal9.h:280:267:[m[K [01;31m[Kerror: [m[Kwrong number of template arguments (9, should be 7)
[4.483s]   280 |                      const M8ConstPtr&>(std::bind(callback, std::placeholders::_1, std::placeholders::_2, std::placeholders::_3, std::placeholders::_4, std::placeholders::_5, std::placeholders::_6, std::placeholders::_7, std::placeholders::_8, std::placeholders::_9)[01;31m[K)[m[K;
[4.484s]       |                                                                                                                                                                                                                                                                           [01;31m[K^[m[K
[4.484s] [01m[K/opt/ros/foxy/include/message_filters/signal9.h:258:14:[m[K [01;36m[Knote: [m[Kcandidate: ‘[01m[Ktemplate<class T, class P0, class P1, class P2, class P3, class P4, class P5, class P6> message_filters::Connection message_filters::Signal9<M0, M1, M2, M3, M4, M5, M6, M7, M8>::addCallback(void (T::*)(P0, P1, P2, P3, P4, P5, P6), T*) [with T = T; P0 = P0; P1 = P1; P2 = P2; P3 = P3; P4 = P4; P5 = P5; P6 = P6; M0 = test_interfaces::msg::Test_<std::allocator<void> >; M1 = test_interfaces::msg::Test_<std::allocator<void> >; M2 = message_filters::NullType; M3 = message_filters::NullType; M4 = message_filters::NullType; M5 = message_filters::NullType; M6 = message_filters::NullType; M7 = message_filters::NullType; M8 = message_filters::NullType][m[K’
[4.484s]   258 |   Connection [01;36m[KaddCallback[m[K(void(T::*callback)(P0, P1, P2, P3, P4, P5, P6), T* t)
[4.484s]       |              [01;36m[K^~~~~~~~~~~[m[K
[4.484s] [01m[K/opt/ros/foxy/include/message_filters/signal9.h:258:14:[m[K [01;36m[Knote: [m[K  template argument deduction/substitution failed:
[4.484s] [01m[K/opt/ros/foxy/include/message_filters/signal9.h:280:267:[m[K [01;31m[Kerror: [m[Kwrong number of template arguments (9, should be 8)
[4.484s]   280 |                      const M8ConstPtr&>(std::bind(callback, std::placeholders::_1, std::placeholders::_2, std::placeholders::_3, std::placeholders::_4, std::placeholders::_5, std::placeholders::_6, std::placeholders::_7, std::placeholders::_8, std::placeholders::_9)[01;31m[K)[m[K;
[4.485s]       |                                                                                                                                                                                                                                                                           [01;31m[K^[m[K
[4.485s] [01m[K/opt/ros/foxy/include/message_filters/signal9.h:264:14:[m[K [01;36m[Knote: [m[Kcandidate: ‘[01m[Ktemplate<class T, class P0, class P1, class P2, class P3, class P4, class P5, class P6, class P7> message_filters::Connection message_filters::Signal9<M0, M1, M2, M3, M4, M5, M6, M7, M8>::addCallback(void (T::*)(P0, P1, P2, P3, P4, P5, P6, P7), T*) [with T = T; P0 = P0; P1 = P1; P2 = P2; P3 = P3; P4 = P4; P5 = P5; P6 = P6; P7 = P7; M0 = test_interfaces::msg::Test_<std::allocator<void> >; M1 = test_interfaces::msg::Test_<std::allocator<void> >; M2 = message_filters::NullType; M3 = message_filters::NullType; M4 = message_filters::NullType; M5 = message_filters::NullType; M6 = message_filters::NullType; M7 = message_filters::NullType; M8 = message_filters::NullType][m[K’
[4.485s]   264 |   Connection [01;36m[KaddCallback[m[K(void(T::*callback)(P0, P1, P2, P3, P4, P5, P6, P7), T* t)
[4.485s]       |              [01;36m[K^~~~~~~~~~~[m[K
[4.485s] [01m[K/opt/ros/foxy/include/message_filters/signal9.h:264:14:[m[K [01;36m[Knote: [m[K  template argument deduction/substitution failed:
[4.485s] /opt/ros/foxy/include/message_filters/signal9.h: In substitution of ‘[01m[Ktemplate<class T, class P0, class P1, class P2, class P3, class P4, class P5, class P6, class P7> message_filters::Connection message_filters::Signal9<test_interfaces::msg::Test_<std::allocator<void> >, test_interfaces::msg::Test_<std::allocator<void> >, message_filters::NullType, message_filters::NullType, message_filters::NullType, message_filters::NullType, message_filters::NullType, message_filters::NullType, message_filters::NullType>::addCallback<T, P0, P1, P2, P3, P4, P5, P6, P7>(void (T::*)(P0, P1, P2, P3, P4, P5, P6, P7), T*) [with T = const std::shared_ptr<const test_interfaces::msg::Test_<std::allocator<void> > >&; P0 = const std::shared_ptr<const test_interfaces::msg::Test_<std::allocator<void> > >&; P1 = const std::shared_ptr<const message_filters::NullType>&; P2 = const std::shared_ptr<const message_filters::NullType>&; P3 = const std::shared_ptr<const message_filters::NullType>&; P4 = const std::shared_ptr<const message_filters::NullType>&; P5 = const std::shared_ptr<const message_filters::NullType>&; P6 = const std::shared_ptr<const message_filters::NullType>&; P7 = const std::shared_ptr<const message_filters::NullType>&][m[K’:
[4.485s] [01m[K/opt/ros/foxy/include/message_filters/signal9.h:280:267:[m[K   required from ‘[01m[Kmessage_filters::Connection message_filters::Signal9<M0, M1, M2, M3, M4, M5, M6, M7, M8>::addCallback(C&) [with C = const std::_Bind<void (MinimalSubscriber::*(MinimalSubscriber*, std::_Placeholder<1>, std::_Placeholder<2>))(const std::shared_ptr<test_interfaces::msg::Test_<std::allocator<void> > >&, const std::shared_ptr<test_interfaces::msg::Test_<std::allocator<void> > >&)>; M0 = test_interfaces::msg::Test_<std::allocator<void> >; M1 = test_interfaces::msg::Test_<std::allocator<void> >; M2 = message_filters::NullType; M3 = message_filters::NullType; M4 = message_filters::NullType; M5 = message_filters::NullType; M6 = message_filters::NullType; M7 = message_filters::NullType; M8 = message_filters::NullType][m[K’
[4.486s] [01m[K/opt/ros/foxy/include/message_filters/synchronizer.h:298:40:[m[K   required from ‘[01m[Kmessage_filters::Connection message_filters::Synchronizer<Policy>::registerCallback(const C&) [with C = std::_Bind<void (MinimalSubscriber::*(MinimalSubscriber*, std::_Placeholder<1>, std::_Placeholder<2>))(const std::shared_ptr<test_interfaces::msg::Test_<std::allocator<void> > >&, const std::shared_ptr<test_interfaces::msg::Test_<std::allocator<void> > >&)>; Policy = message_filters::sync_policies::ApproximateTime<test_interfaces::msg::Test_<std::allocator<void> >, test_interfaces::msg::Test_<std::allocator<void> > >][m[K’
[4.486s] [01m[K/ros2_test/AD_Middle_Test/ros2/src/simple_s/src/listener.cpp:60:129:[m[K   required from here
[4.486s] [01m[K/opt/ros/foxy/include/message_filters/signal9.h:264:14:[m[K [01;31m[Kerror: [m[Kforming pointer to reference type ‘[01m[Kconst std::shared_ptr<const test_interfaces::msg::Test_<std::allocator<void> > >&[m[K’
[4.486s] /opt/ros/foxy/include/message_filters/signal9.h: In instantiation of ‘[01m[Kmessage_filters::Connection message_filters::Signal9<M0, M1, M2, M3, M4, M5, M6, M7, M8>::addCallback(C&) [with C = const std::_Bind<void (MinimalSubscriber::*(MinimalSubscriber*, std::_Placeholder<1>, std::_Placeholder<2>))(const std::shared_ptr<test_interfaces::msg::Test_<std::allocator<void> > >&, const std::shared_ptr<test_interfaces::msg::Test_<std::allocator<void> > >&)>; M0 = test_interfaces::msg::Test_<std::allocator<void> >; M1 = test_interfaces::msg::Test_<std::allocator<void> >; M2 = message_filters::NullType; M3 = message_filters::NullType; M4 = message_filters::NullType; M5 = message_filters::NullType; M6 = message_filters::NullType; M7 = message_filters::NullType; M8 = message_filters::NullType][m[K’:
[4.486s] [01m[K/opt/ros/foxy/include/message_filters/synchronizer.h:298:40:[m[K   required from ‘[01m[Kmessage_filters::Connection message_filters::Synchronizer<Policy>::registerCallback(const C&) [with C = std::_Bind<void (MinimalSubscriber::*(MinimalSubscriber*, std::_Placeholder<1>, std::_Placeholder<2>))(const std::shared_ptr<test_interfaces::msg::Test_<std::allocator<void> > >&, const std::shared_ptr<test_interfaces::msg::Test_<std::allocator<void> > >&)>; Policy = message_filters::sync_policies::ApproximateTime<test_interfaces::msg::Test_<std::allocator<void> >, test_interfaces::msg::Test_<std::allocator<void> > >][m[K’
[4.486s] [01m[K/ros2_test/AD_Middle_Test/ros2/src/simple_s/src/listener.cpp:60:129:[m[K   required from here
[4.486s] [01m[K/opt/ros/foxy/include/message_filters/signal9.h:270:14:[m[K [01;36m[Knote: [m[Kcandidate: ‘[01m[Ktemplate<class C> message_filters::Connection message_filters::Signal9<M0, M1, M2, M3, M4, M5, M6, M7, M8>::addCallback(C&) [with C = C; M0 = test_interfaces::msg::Test_<std::allocator<void> >; M1 = test_interfaces::msg::Test_<std::allocator<void> >; M2 = message_filters::NullType; M3 = message_filters::NullType; M4 = message_filters::NullType; M5 = message_filters::NullType; M6 = message_filters::NullType; M7 = message_filters::NullType; M8 = message_filters::NullType][m[K’
[4.486s]   270 |   Connection [01;36m[KaddCallback[m[K( C& callback)
[4.487s]       |              [01;36m[K^~~~~~~~~~~[m[K
[4.487s] [01m[K/opt/ros/foxy/include/message_filters/signal9.h:270:14:[m[K [01;36m[Knote: [m[K  template argument deduction/substitution failed:
[4.487s] [01m[K/opt/ros/foxy/include/message_filters/signal9.h:280:267:[m[K [01;31m[Kerror: [m[Kwrong number of template arguments (9, should be 1)
[4.487s]   280 |                      const M8ConstPtr&>(std::bind(callback, std::placeholders::_1, std::placeholders::_2, std::placeholders::_3, std::placeholders::_4, std::placeholders::_5, std::placeholders::_6, std::placeholders::_7, std::placeholders::_8, std::placeholders::_9)[01;31m[K)[m[K;
[4.487s]       |                                                                                                                                                                                                                                                                           [01;31m[K^[m[K
[6.391s] make[2]: *** [CMakeFiles/listener.dir/build.make:63: CMakeFiles/listener.dir/src/listener.cpp.o] Error 1
[6.391s] make[1]: *** [CMakeFiles/Makefile2:80: CMakeFiles/listener.dir/all] Error 2
[6.391s] make[1]: *** Waiting for unfinished jobs....
[6.807s] make: *** [Makefile:141: all] Error 2
