[0.115s] -- The C compiler identification is GNU 9.3.0
[0.191s] -- The CXX compiler identification is GNU 9.3.0
[0.200s] -- Check for working C compiler: /usr/bin/cc
[0.298s] -- Check for working C compiler: /usr/bin/cc -- works
[0.300s] -- Detecting C compiler ABI info
[0.398s] -- Detecting C compiler ABI info - done
[0.422s] -- Detecting C compile features
[0.423s] -- Detecting C compile features - done
[0.428s] -- Check for working CXX compiler: /usr/bin/c++
[0.542s] -- Check for working CXX compiler: /usr/bin/c++ -- works
[0.544s] -- Detecting CXX compiler ABI info
[0.659s] -- Detecting CXX compiler ABI info - done
[0.685s] -- Detecting CXX compile features
[0.686s] -- Detecting CXX compile features - done
[0.691s] -- Found ament_cmake: 0.8.1 (/opt/ros/foxy/share/ament_cmake/cmake)
[0.732s] -- Found PythonInterp: /usr/bin/python3 (found suitable version "3.8.2", minimum required is "3") 
[0.732s] -- Using PYTHON_EXECUTABLE: /usr/bin/python3
[1.059s] -- Found rclcpp: 0.8.3 (/opt/ros/foxy/share/rclcpp/cmake)
[1.150s] -- Found rosidl_adapter: 0.8.2 (/opt/ros/foxy/share/rosidl_adapter/cmake)
[1.190s] -- Found rmw_implementation_cmake: 0.8.1 (/opt/ros/foxy/share/rmw_implementation_cmake/cmake)
[1.193s] -- Using RMW implementation 'rmw_fastrtps_cpp' as default
[1.195s] -- Looking for pthread.h
[1.299s] -- Looking for pthread.h - found
[1.300s] -- Performing Test CMAKE_HAVE_LIBC_PTHREAD
[1.406s] -- Performing Test CMAKE_HAVE_LIBC_PTHREAD - Failed
[1.406s] -- Looking for pthread_create in pthreads
[1.489s] -- Looking for pthread_create in pthreads - not found
[1.490s] -- Looking for pthread_create in pthread
[1.588s] -- Looking for pthread_create in pthread - found
[1.590s] -- Found Threads: TRUE  
[1.726s] -- Found std_msgs: 0.8.1 (/opt/ros/foxy/share/std_msgs/cmake)
[1.735s] -- Found test_interfaces: 0.0.0 (/ros2_test/AD_Middle_Test/ros2/src/install/test_interfaces/share/test_interfaces/cmake)
[1.741s] -- Found message_filters: 3.2.3 (/opt/ros/foxy/share/message_filters/cmake)
[1.805s] -- Found ament_lint_auto: 0.9.1 (/opt/ros/foxy/share/ament_lint_auto/cmake)
[1.940s] -- Added test 'copyright' to check for copyright in CMake / C / C++ / Python code
[1.942s] -- Added test 'cppcheck' to perform static code analysis on C / C++ code
[1.942s] -- Configured cppcheck include dirs: 
[1.944s] -- Added test 'cpplint' to check C / C++ code against the Google style
[1.945s] -- Added test 'lint_cmake' to check CMake code style
[1.947s] -- Added test 'uncrustify' to check C / C++ code style
[1.948s] -- Added test 'xmllint' to check XML markup files
[1.952s] -- Configuring done
[1.982s] -- Generating done
[1.984s] -- Build files have been written to: /ros2_test/AD_Middle_Test/ros2/src/build/simple_s
[2.052s] [35m[1mScanning dependencies of target listener[0m
[2.053s] [35m[1mScanning dependencies of target talker[0m
[2.109s] [ 25%] [32mBuilding CXX object CMakeFiles/talker.dir/src/talker.cpp.o[0m
[2.111s] [ 50%] [32mBuilding CXX object CMakeFiles/listener.dir/src/listener.cpp.o[0m
[6.603s] [ 75%] [32m[1mLinking CXX executable talker[0m
[6.806s] [ 75%] Built target talker
