[0.046s] Invoking command in '/ros2_test/AD_Middle_Test/ros2/build/detect_s': /usr/bin/cmake --build /ros2_test/AD_Middle_Test/ros2/build/detect_s -- -j5 -l5
[0.106s] [35m[1mScanning dependencies of target line[0m
[0.136s] [ 33%] Built target yoloDetect
[0.137s] [ 66%] Built target cameraTimer
[0.153s] [ 83%] [32mBuilding CXX object CMakeFiles/line.dir/src/Line.cpp.o[0m
[9.403s] [100%] [32m[1mLinking CXX executable line[0m
[9.765s] [100%] Built target line
[9.780s] Invoked command in '/ros2_test/AD_Middle_Test/ros2/build/detect_s' returned '0': /usr/bin/cmake --build /ros2_test/AD_Middle_Test/ros2/build/detect_s -- -j5 -l5
[9.822s] Invoking command in '/ros2_test/AD_Middle_Test/ros2/build/detect_s': /usr/bin/cmake --install /ros2_test/AD_Middle_Test/ros2/build/detect_s
[9.835s] -- Install configuration: ""
[9.835s] -- Up-to-date: /ros2_test/AD_Middle_Test/ros2/install/detect_s/lib/detect_s/cameraTimer
[9.836s] -- Up-to-date: /ros2_test/AD_Middle_Test/ros2/install/detect_s/lib/detect_s/yoloDetect
[9.836s] -- Up-to-date: /ros2_test/AD_Middle_Test/ros2/install/detect_s/share/ament_index/resource_index/package_run_dependencies/detect_s
[9.836s] -- Up-to-date: /ros2_test/AD_Middle_Test/ros2/install/detect_s/share/ament_index/resource_index/parent_prefix_path/detect_s
[9.836s] -- Up-to-date: /ros2_test/AD_Middle_Test/ros2/install/detect_s/share/detect_s/environment/ament_prefix_path.sh
[9.837s] -- Installing: /ros2_test/AD_Middle_Test/ros2/install/detect_s/share/detect_s/environment/ament_prefix_path.dsv
[9.837s] -- Up-to-date: /ros2_test/AD_Middle_Test/ros2/install/detect_s/share/detect_s/environment/path.sh
[9.837s] -- Installing: /ros2_test/AD_Middle_Test/ros2/install/detect_s/share/detect_s/environment/path.dsv
[9.837s] -- Up-to-date: /ros2_test/AD_Middle_Test/ros2/install/detect_s/share/detect_s/local_setup.bash
[9.837s] -- Up-to-date: /ros2_test/AD_Middle_Test/ros2/install/detect_s/share/detect_s/local_setup.sh
[9.837s] -- Up-to-date: /ros2_test/AD_Middle_Test/ros2/install/detect_s/share/detect_s/local_setup.zsh
[9.838s] -- Installing: /ros2_test/AD_Middle_Test/ros2/install/detect_s/share/detect_s/local_setup.dsv
[9.838s] -- Installing: /ros2_test/AD_Middle_Test/ros2/install/detect_s/share/detect_s/package.dsv
[9.838s] -- Up-to-date: /ros2_test/AD_Middle_Test/ros2/install/detect_s/share/ament_index/resource_index/packages/detect_s
[9.838s] -- Up-to-date: /ros2_test/AD_Middle_Test/ros2/install/detect_s/share/detect_s/cmake/detect_sConfig.cmake
[9.838s] -- Up-to-date: /ros2_test/AD_Middle_Test/ros2/install/detect_s/share/detect_s/cmake/detect_sConfig-version.cmake
[9.838s] -- Up-to-date: /ros2_test/AD_Middle_Test/ros2/install/detect_s/share/detect_s/package.xml
[9.842s] Invoked command in '/ros2_test/AD_Middle_Test/ros2/build/detect_s' returned '0': /usr/bin/cmake --install /ros2_test/AD_Middle_Test/ros2/build/detect_s
