[0.122s] [  2%] Built target simple_s__cpp
[0.127s] [ 11%] Built target simple_s__rosidl_generator_c
[0.128s] [ 14%] [32mBuilding CXX object CMakeFiles/listener.dir/src/listener.cpp.o[0m
[0.129s] [ 17%] [32mBuilding CXX object CMakeFiles/talker.dir/src/talker.cpp.o[0m
[0.158s] [ 25%] Built target simple_s__rosidl_typesupport_cpp
[0.159s] [ 34%] Built target simple_s__rosidl_typesupport_fastrtps_cpp
[0.159s] [ 42%] Built target simple_s__rosidl_typesupport_introspection_cpp
[0.160s] [ 51%] Built target simple_s__rosidl_typesupport_c
[0.164s] [ 60%] Built target simple_s__rosidl_typesupport_introspection_c
[0.194s] [ 68%] Built target simple_s__rosidl_typesupport_fastrtps_c
[0.208s] [35m[1mScanning dependencies of target simple_s[0m
[0.222s] [ 68%] Built target simple_s
[0.236s] [35m[1mScanning dependencies of target simple_s__py[0m
[0.250s] [ 71%] [34m[1mGenerating Python code for ROS interfaces[0m
[0.281s] [01m[K/ros2_test/AD_Middle_Test/ros2/src/simple_s/src/listener.cpp:4:10:[m[K [01;31m[Kfatal error: [m[Ksimple_s/msg/test.hpp: No such file or directory
[0.282s]     4 | #include [01;31m[K"simple_s/msg/test.hpp"[m[K     // CHANGE
[0.282s]       |          [01;31m[K^~~~~~~~~~~~~~~~~~~~~~~[m[K
[0.282s] compilation terminated.
[0.284s] make[2]: *** [CMakeFiles/listener.dir/build.make:63: CMakeFiles/listener.dir/src/listener.cpp.o] Error 1
[0.284s] make[1]: *** [CMakeFiles/Makefile2:125: CMakeFiles/listener.dir/all] Error 2
[0.284s] make[1]: *** Waiting for unfinished jobs....
[0.285s] [01m[K/ros2_test/AD_Middle_Test/ros2/src/simple_s/src/talker.cpp:5:10:[m[K [01;31m[Kfatal error: [m[Ksimple_s/msg/test.hpp: No such file or directory
[0.285s]     5 | #include [01;31m[K"simple_s/msg/test.hpp"[m[K     // CHANGE
[0.285s]       |          [01;31m[K^~~~~~~~~~~~~~~~~~~~~~~[m[K
[0.285s] compilation terminated.
[0.287s] make[2]: *** [CMakeFiles/talker.dir/build.make:63: CMakeFiles/talker.dir/src/talker.cpp.o] Error 1
[0.287s] make[1]: *** [CMakeFiles/Makefile2:388: CMakeFiles/talker.dir/all] Error 2
[1.032s] [ 71%] Built target simple_s__py
[1.033s] make: *** [Makefile:141: all] Error 2
