[0.021s] Invoking command in '/ros2_test/AD_Middle_Test/ros2/build/simple_s': /usr/bin/cmake --build /ros2_test/AD_Middle_Test/ros2/build/simple_s -- -j4 -l4
[0.089s] [35m[1mScanning dependencies of target intra_pipe[0m
[0.113s] [ 33%] Built target talker
[0.128s] [ 66%] Built target listener
[0.133s] [ 83%] [32mBuilding CXX object CMakeFiles/intra_pipe.dir/src/intra_pipe.cpp.o[0m
[9.875s] [100%] [32m[1mLinking CXX executable intra_pipe[0m
[10.245s] [100%] Built target intra_pipe
[10.260s] Invoked command in '/ros2_test/AD_Middle_Test/ros2/build/simple_s' returned '0': /usr/bin/cmake --build /ros2_test/AD_Middle_Test/ros2/build/simple_s -- -j4 -l4
[10.300s] Invoking command in '/ros2_test/AD_Middle_Test/ros2/build/simple_s': /usr/bin/cmake --install /ros2_test/AD_Middle_Test/ros2/build/simple_s
[10.312s] -- Install configuration: ""
[10.313s] -- Up-to-date: /ros2_test/AD_Middle_Test/ros2/install/simple_s/lib/simple_s/talker
[10.314s] -- Up-to-date: /ros2_test/AD_Middle_Test/ros2/install/simple_s/lib/simple_s/listener
[10.314s] -- Installing: /ros2_test/AD_Middle_Test/ros2/install/simple_s/lib/simple_s/intra_pipe
[10.318s] -- Set runtime path of "/ros2_test/AD_Middle_Test/ros2/install/simple_s/lib/simple_s/intra_pipe" to ""
[10.318s] -- Up-to-date: /ros2_test/AD_Middle_Test/ros2/install/simple_s/share/ament_index/resource_index/package_run_dependencies/simple_s
[10.318s] -- Up-to-date: /ros2_test/AD_Middle_Test/ros2/install/simple_s/share/ament_index/resource_index/parent_prefix_path/simple_s
[10.319s] -- Up-to-date: /ros2_test/AD_Middle_Test/ros2/install/simple_s/share/simple_s/environment/ament_prefix_path.sh
[10.319s] -- Up-to-date: /ros2_test/AD_Middle_Test/ros2/install/simple_s/share/simple_s/environment/ament_prefix_path.dsv
[10.319s] -- Up-to-date: /ros2_test/AD_Middle_Test/ros2/install/simple_s/share/simple_s/environment/path.sh
[10.319s] -- Up-to-date: /ros2_test/AD_Middle_Test/ros2/install/simple_s/share/simple_s/environment/path.dsv
[10.319s] -- Up-to-date: /ros2_test/AD_Middle_Test/ros2/install/simple_s/share/simple_s/local_setup.bash
[10.320s] -- Up-to-date: /ros2_test/AD_Middle_Test/ros2/install/simple_s/share/simple_s/local_setup.sh
[10.320s] -- Up-to-date: /ros2_test/AD_Middle_Test/ros2/install/simple_s/share/simple_s/local_setup.zsh
[10.320s] -- Up-to-date: /ros2_test/AD_Middle_Test/ros2/install/simple_s/share/simple_s/local_setup.dsv
[10.320s] -- Installing: /ros2_test/AD_Middle_Test/ros2/install/simple_s/share/simple_s/package.dsv
[10.320s] -- Up-to-date: /ros2_test/AD_Middle_Test/ros2/install/simple_s/share/ament_index/resource_index/packages/simple_s
[10.320s] -- Up-to-date: /ros2_test/AD_Middle_Test/ros2/install/simple_s/share/simple_s/cmake/simple_sConfig.cmake
[10.320s] -- Up-to-date: /ros2_test/AD_Middle_Test/ros2/install/simple_s/share/simple_s/cmake/simple_sConfig-version.cmake
[10.321s] -- Up-to-date: /ros2_test/AD_Middle_Test/ros2/install/simple_s/share/simple_s/package.xml
[10.324s] Invoked command in '/ros2_test/AD_Middle_Test/ros2/build/simple_s' returned '0': /usr/bin/cmake --install /ros2_test/AD_Middle_Test/ros2/build/simple_s
