[0.025s] Invoking command in '/ros2_test/AD_Middle_Test/ros2/build/turtlesim': /usr/bin/cmake /ros2_test/AD_Middle_Test/ros2/src/ros_tutorials/turtlesim -DCMAKE_INSTALL_PREFIX=/ros2_test/AD_Middle_Test/ros2/install/turtlesim
[0.114s] -- The C compiler identification is GNU 9.3.0
[0.198s] -- The CXX compiler identification is GNU 9.3.0
[0.207s] -- Check for working C compiler: /usr/bin/cc
[0.303s] -- Check for working C compiler: /usr/bin/cc -- works
[0.304s] -- Detecting C compiler ABI info
[0.397s] -- Detecting C compiler ABI info - done
[0.422s] -- Detecting C compile features
[0.422s] -- Detecting C compile features - done
[0.427s] -- Check for working CXX compiler: /usr/bin/c++
[0.538s] -- Check for working CXX compiler: /usr/bin/c++ -- works
[0.540s] -- Detecting CXX compiler ABI info
[0.654s] -- Detecting CXX compiler ABI info - done
[0.679s] -- Detecting CXX compile features
[0.680s] -- Detecting CXX compile features - done
[0.684s] -- Found ament_cmake: 0.8.1 (/opt/ros/foxy/share/ament_cmake/cmake)
[0.722s] -- Found PythonInterp: /usr/bin/python3 (found suitable version "3.8.2", minimum required is "3") 
[0.722s] -- Using PYTHON_EXECUTABLE: /usr/bin/python3
[1.031s] -- Found ament_index_cpp: 0.8.0 (/opt/ros/foxy/share/ament_index_cpp/cmake)
[1.037s] -- Found geometry_msgs: 0.8.1 (/opt/ros/foxy/share/geometry_msgs/cmake)
[1.102s] -- Found rosidl_adapter: 0.8.2 (/opt/ros/foxy/share/rosidl_adapter/cmake)
[1.156s] -- Found rclcpp: 0.8.3 (/opt/ros/foxy/share/rclcpp/cmake)
[1.192s] -- Found rmw_implementation_cmake: 0.8.1 (/opt/ros/foxy/share/rmw_implementation_cmake/cmake)
[1.195s] -- Using RMW implementation 'rmw_fastrtps_cpp' as default
[1.197s] -- Looking for pthread.h
[1.300s] -- Looking for pthread.h - found
[1.301s] -- Performing Test CMAKE_HAVE_LIBC_PTHREAD
[1.405s] -- Performing Test CMAKE_HAVE_LIBC_PTHREAD - Failed
[1.405s] -- Looking for pthread_create in pthreads
[1.485s] -- Looking for pthread_create in pthreads - not found
[1.486s] -- Looking for pthread_create in pthread
[1.582s] -- Looking for pthread_create in pthread - found
[1.584s] -- Found Threads: TRUE  
[1.711s] -- Found rclcpp_action: 0.8.3 (/opt/ros/foxy/share/rclcpp_action/cmake)
[1.813s] -- Found rosidl_default_generators: 0.8.0 (/opt/ros/foxy/share/rosidl_default_generators/cmake)
[1.851s] -- Could not find RTI Connext - skipping rosidl_typesupport_connext_c
[1.865s] -- Could not find RTI Connext - skipping rosidl_typesupport_connext_cpp
[1.981s] -- Found OpenSSL: /usr/lib/x86_64-linux-gnu/libcrypto.so (found version "1.1.1f")  
[2.022s] -- Found FastRTPS: /opt/ros/foxy/include  
[2.142s] -- Found std_srvs: 0.8.1 (/opt/ros/foxy/share/std_srvs/cmake)
[2.185s] -- Found PythonInterp: /usr/bin/python3 (found version "3.8.2") 
[2.521s] -- Using all available rosidl_typesupport_c: rosidl_typesupport_connext_c;rosidl_typesupport_fastrtps_c;rosidl_typesupport_introspection_c
[2.543s] -- Using all available rosidl_typesupport_cpp: rosidl_typesupport_connext_cpp;rosidl_typesupport_fastrtps_cpp;rosidl_typesupport_introspection_cpp
[2.591s] -- Found ament_cmake_ros: 0.9.0 (/opt/ros/foxy/share/ament_cmake_ros/cmake)
[2.852s] -- Found PythonInterp: /usr/bin/python3 (found suitable version "3.8.2", minimum required is "3.5") 
[2.854s] -- Found python_cmake_module: 0.8.0 (/opt/ros/foxy/share/python_cmake_module/cmake)
[2.894s] -- Found PythonLibs: /usr/lib/x86_64-linux-gnu/libpython3.8.so (found suitable version "3.8.2", minimum required is "3.5") 
[2.895s] -- Using PYTHON_EXECUTABLE: /usr/bin/python3
[2.895s] -- Using PYTHON_INCLUDE_DIRS: /usr/include/python3.8
[2.895s] -- Using PYTHON_LIBRARIES: /usr/lib/x86_64-linux-gnu/libpython3.8.so
[2.927s] -- Found PythonExtra: .so  
[3.292s] -- Configuring done
[3.614s] -- Generating done
[3.619s] -- Build files have been written to: /ros2_test/AD_Middle_Test/ros2/build/turtlesim
[3.632s] Invoked command in '/ros2_test/AD_Middle_Test/ros2/build/turtlesim' returned '0': /usr/bin/cmake /ros2_test/AD_Middle_Test/ros2/src/ros_tutorials/turtlesim -DCMAKE_INSTALL_PREFIX=/ros2_test/AD_Middle_Test/ros2/install/turtlesim
[3.637s] Invoking command in '/ros2_test/AD_Middle_Test/ros2/build/turtlesim': /usr/bin/cmake --build /ros2_test/AD_Middle_Test/ros2/build/turtlesim -- -j40 -l40
[3.701s] [  1%] [34m[1mGenerating C code for ROS interfaces[0m
[3.701s] [35m[1mScanning dependencies of target turtlesim__cpp[0m
[3.716s] [  2%] [34m[1mGenerating C++ code for ROS interfaces[0m
[5.636s] [  2%] Built target turtlesim__cpp
[5.650s] [  3%] [34m[1mGenerating C++ type support dispatch for ROS interfaces[0m
[5.651s] [  4%] [34m[1mGenerating C++ type support for eProsima Fast-RTPS[0m
[5.651s] [  5%] [34m[1mGenerating C++ introspection for ROS interfaces[0m
[5.709s] [35m[1mScanning dependencies of target turtlesim__rosidl_generator_c[0m
[5.734s] [  7%] [32mBuilding C object CMakeFiles/turtlesim__rosidl_generator_c.dir/rosidl_generator_c/turtlesim/action/detail/rotate_absolute__functions.c.o[0m
[5.734s] [  7%] [32mBuilding C object CMakeFiles/turtlesim__rosidl_generator_c.dir/rosidl_generator_c/turtlesim/msg/detail/color__functions.c.o[0m
[5.734s] [  8%] [32mBuilding C object CMakeFiles/turtlesim__rosidl_generator_c.dir/rosidl_generator_c/turtlesim/srv/detail/kill__functions.c.o[0m
[5.735s] [ 11%] [32mBuilding C object CMakeFiles/turtlesim__rosidl_generator_c.dir/rosidl_generator_c/turtlesim/msg/detail/pose__functions.c.o[0m
[5.735s] [ 11%] [32mBuilding C object CMakeFiles/turtlesim__rosidl_generator_c.dir/rosidl_generator_c/turtlesim/srv/detail/set_pen__functions.c.o[0m
[5.735s] [ 11%] [32mBuilding C object CMakeFiles/turtlesim__rosidl_generator_c.dir/rosidl_generator_c/turtlesim/srv/detail/spawn__functions.c.o[0m
[5.735s] [ 12%] [32mBuilding C object CMakeFiles/turtlesim__rosidl_generator_c.dir/rosidl_generator_c/turtlesim/srv/detail/teleport_absolute__functions.c.o[0m
[5.735s] [ 13%] [32mBuilding C object CMakeFiles/turtlesim__rosidl_generator_c.dir/rosidl_generator_c/turtlesim/srv/detail/teleport_relative__functions.c.o[0m
[5.895s] [ 14%] [32m[1mLinking C shared library libturtlesim__rosidl_generator_c.so[0m
[5.955s] [ 14%] Built target turtlesim__rosidl_generator_c
[5.969s] [ 15%] [34m[1mGenerating C introspection for ROS interfaces[0m
[5.970s] [ 16%] [34m[1mGenerating C type support dispatch for ROS interfaces[0m
[6.854s] [35m[1mScanning dependencies of target turtlesim__rosidl_typesupport_cpp[0m
[6.883s] [ 17%] [32mBuilding CXX object CMakeFiles/turtlesim__rosidl_typesupport_cpp.dir/rosidl_typesupport_cpp/turtlesim/action/rotate_absolute__type_support.cpp.o[0m
[6.883s] [ 18%] [32mBuilding CXX object CMakeFiles/turtlesim__rosidl_typesupport_cpp.dir/rosidl_typesupport_cpp/turtlesim/msg/color__type_support.cpp.o[0m
[6.883s] [ 19%] [32mBuilding CXX object CMakeFiles/turtlesim__rosidl_typesupport_cpp.dir/rosidl_typesupport_cpp/turtlesim/msg/pose__type_support.cpp.o[0m
[6.884s] [ 21%] [32mBuilding CXX object CMakeFiles/turtlesim__rosidl_typesupport_cpp.dir/rosidl_typesupport_cpp/turtlesim/srv/kill__type_support.cpp.o[0m
[6.884s] [ 21%] [32mBuilding CXX object CMakeFiles/turtlesim__rosidl_typesupport_cpp.dir/rosidl_typesupport_cpp/turtlesim/srv/set_pen__type_support.cpp.o[0m
[6.885s] [ 22%] [32mBuilding CXX object CMakeFiles/turtlesim__rosidl_typesupport_cpp.dir/rosidl_typesupport_cpp/turtlesim/srv/teleport_absolute__type_support.cpp.o[0m
[6.885s] [ 23%] [32mBuilding CXX object CMakeFiles/turtlesim__rosidl_typesupport_cpp.dir/rosidl_typesupport_cpp/turtlesim/srv/spawn__type_support.cpp.o[0m
[6.885s] [ 24%] [32mBuilding CXX object CMakeFiles/turtlesim__rosidl_typesupport_cpp.dir/rosidl_typesupport_cpp/turtlesim/srv/teleport_relative__type_support.cpp.o[0m
[7.136s] [35m[1mScanning dependencies of target turtlesim__rosidl_typesupport_c[0m
[7.165s] [ 25%] [32mBuilding CXX object CMakeFiles/turtlesim__rosidl_typesupport_c.dir/rosidl_typesupport_c/turtlesim/msg/color__type_support.cpp.o[0m
[7.169s] [ 26%] [32mBuilding CXX object CMakeFiles/turtlesim__rosidl_typesupport_c.dir/rosidl_typesupport_c/turtlesim/msg/pose__type_support.cpp.o[0m
[7.170s] [ 27%] [32mBuilding CXX object CMakeFiles/turtlesim__rosidl_typesupport_c.dir/rosidl_typesupport_c/turtlesim/action/rotate_absolute__type_support.cpp.o[0m
[7.170s] [ 28%] [32mBuilding CXX object CMakeFiles/turtlesim__rosidl_typesupport_c.dir/rosidl_typesupport_c/turtlesim/srv/set_pen__type_support.cpp.o[0m
[7.171s] [ 30%] [32mBuilding CXX object CMakeFiles/turtlesim__rosidl_typesupport_c.dir/rosidl_typesupport_c/turtlesim/srv/kill__type_support.cpp.o[0m
[7.171s] [ 30%] [32mBuilding CXX object CMakeFiles/turtlesim__rosidl_typesupport_c.dir/rosidl_typesupport_c/turtlesim/srv/spawn__type_support.cpp.o[0m
[7.172s] [ 31%] [32mBuilding CXX object CMakeFiles/turtlesim__rosidl_typesupport_c.dir/rosidl_typesupport_c/turtlesim/srv/teleport_absolute__type_support.cpp.o[0m
[7.172s] [ 32%] [32mBuilding CXX object CMakeFiles/turtlesim__rosidl_typesupport_c.dir/rosidl_typesupport_c/turtlesim/srv/teleport_relative__type_support.cpp.o[0m
[7.184s] [35m[1mScanning dependencies of target turtlesim__rosidl_typesupport_introspection_cpp[0m
[7.217s] [ 34%] [32mBuilding CXX object CMakeFiles/turtlesim__rosidl_typesupport_introspection_cpp.dir/rosidl_typesupport_introspection_cpp/turtlesim/msg/detail/color__type_support.cpp.o[0m
[7.218s] [ 34%] [32mBuilding CXX object CMakeFiles/turtlesim__rosidl_typesupport_introspection_cpp.dir/rosidl_typesupport_introspection_cpp/turtlesim/action/detail/rotate_absolute__type_support.cpp.o[0m
[7.219s] [ 36%] [32mBuilding CXX object CMakeFiles/turtlesim__rosidl_typesupport_introspection_cpp.dir/rosidl_typesupport_introspection_cpp/turtlesim/srv/detail/spawn__type_support.cpp.o[0m
[7.219s] [ 36%] [32mBuilding CXX object CMakeFiles/turtlesim__rosidl_typesupport_introspection_cpp.dir/rosidl_typesupport_introspection_cpp/turtlesim/srv/detail/teleport_relative__type_support.cpp.o[0m
[7.221s] [ 37%] [32mBuilding CXX object CMakeFiles/turtlesim__rosidl_typesupport_introspection_cpp.dir/rosidl_typesupport_introspection_cpp/turtlesim/msg/detail/pose__type_support.cpp.o[0m
[7.222s] [ 38%] [32mBuilding CXX object CMakeFiles/turtlesim__rosidl_typesupport_introspection_cpp.dir/rosidl_typesupport_introspection_cpp/turtlesim/srv/detail/kill__type_support.cpp.o[0m
[7.223s] [ 39%] [32mBuilding CXX object CMakeFiles/turtlesim__rosidl_typesupport_introspection_cpp.dir/rosidl_typesupport_introspection_cpp/turtlesim/srv/detail/teleport_absolute__type_support.cpp.o[0m
[7.223s] [ 40%] [32mBuilding CXX object CMakeFiles/turtlesim__rosidl_typesupport_introspection_cpp.dir/rosidl_typesupport_introspection_cpp/turtlesim/srv/detail/set_pen__type_support.cpp.o[0m
[7.287s] [ 41%] [32m[1mLinking CXX shared library libturtlesim__rosidl_typesupport_c.so[0m
[7.382s] [ 41%] Built target turtlesim__rosidl_typesupport_c
[7.432s] [ 42%] [32m[1mLinking CXX shared library libturtlesim__rosidl_typesupport_cpp.so[0m
[7.506s] [ 42%] Built target turtlesim__rosidl_typesupport_cpp
[7.582s] [35m[1mScanning dependencies of target turtlesim__rosidl_typesupport_fastrtps_cpp[0m
[7.636s] [ 43%] [32mBuilding CXX object CMakeFiles/turtlesim__rosidl_typesupport_fastrtps_cpp.dir/rosidl_typesupport_fastrtps_cpp/turtlesim/msg/dds_fastrtps/color__type_support.cpp.o[0m
[7.637s] [ 44%] [32mBuilding CXX object CMakeFiles/turtlesim__rosidl_typesupport_fastrtps_cpp.dir/rosidl_typesupport_fastrtps_cpp/turtlesim/srv/dds_fastrtps/spawn__type_support.cpp.o[0m
[7.637s] [ 45%] [32mBuilding CXX object CMakeFiles/turtlesim__rosidl_typesupport_fastrtps_cpp.dir/rosidl_typesupport_fastrtps_cpp/turtlesim/srv/dds_fastrtps/set_pen__type_support.cpp.o[0m
[7.637s] [ 46%] [32mBuilding CXX object CMakeFiles/turtlesim__rosidl_typesupport_fastrtps_cpp.dir/rosidl_typesupport_fastrtps_cpp/turtlesim/srv/dds_fastrtps/kill__type_support.cpp.o[0m
[7.638s] [ 47%] [32mBuilding CXX object CMakeFiles/turtlesim__rosidl_typesupport_fastrtps_cpp.dir/rosidl_typesupport_fastrtps_cpp/turtlesim/srv/dds_fastrtps/teleport_relative__type_support.cpp.o[0m
[7.639s] [ 48%] [32mBuilding CXX object CMakeFiles/turtlesim__rosidl_typesupport_fastrtps_cpp.dir/rosidl_typesupport_fastrtps_cpp/turtlesim/action/dds_fastrtps/rotate_absolute__type_support.cpp.o[0m
[7.640s] [ 49%] [32mBuilding CXX object CMakeFiles/turtlesim__rosidl_typesupport_fastrtps_cpp.dir/rosidl_typesupport_fastrtps_cpp/turtlesim/msg/dds_fastrtps/pose__type_support.cpp.o[0m
[7.641s] [ 50%] [32mBuilding CXX object CMakeFiles/turtlesim__rosidl_typesupport_fastrtps_cpp.dir/rosidl_typesupport_fastrtps_cpp/turtlesim/srv/dds_fastrtps/teleport_absolute__type_support.cpp.o[0m
[7.648s] [35m[1mScanning dependencies of target turtlesim__rosidl_typesupport_introspection_c[0m
[7.683s] [ 51%] [32mBuilding C object CMakeFiles/turtlesim__rosidl_typesupport_introspection_c.dir/rosidl_typesupport_introspection_c/turtlesim/srv/detail/teleport_absolute__type_support.c.o[0m
[7.684s] [ 52%] [32mBuilding C object CMakeFiles/turtlesim__rosidl_typesupport_introspection_c.dir/rosidl_typesupport_introspection_c/turtlesim/srv/detail/teleport_relative__type_support.c.o[0m
[7.685s] [ 53%] [32mBuilding C object CMakeFiles/turtlesim__rosidl_typesupport_introspection_c.dir/rosidl_typesupport_introspection_c/turtlesim/msg/detail/pose__type_support.c.o[0m
[7.686s] [ 54%] [32mBuilding C object CMakeFiles/turtlesim__rosidl_typesupport_introspection_c.dir/rosidl_typesupport_introspection_c/turtlesim/srv/detail/kill__type_support.c.o[0m
[7.686s] [ 55%] [32mBuilding C object CMakeFiles/turtlesim__rosidl_typesupport_introspection_c.dir/rosidl_typesupport_introspection_c/turtlesim/action/detail/rotate_absolute__type_support.c.o[0m
[7.687s] [ 56%] [32mBuilding C object CMakeFiles/turtlesim__rosidl_typesupport_introspection_c.dir/rosidl_typesupport_introspection_c/turtlesim/msg/detail/color__type_support.c.o[0m
[7.688s] [ 57%] [32mBuilding C object CMakeFiles/turtlesim__rosidl_typesupport_introspection_c.dir/rosidl_typesupport_introspection_c/turtlesim/srv/detail/set_pen__type_support.c.o[0m
[7.688s] [ 58%] [32mBuilding C object CMakeFiles/turtlesim__rosidl_typesupport_introspection_c.dir/rosidl_typesupport_introspection_c/turtlesim/srv/detail/spawn__type_support.c.o[0m
[7.765s] [ 59%] [32m[1mLinking C shared library libturtlesim__rosidl_typesupport_introspection_c.so[0m
[7.769s] [ 60%] [32m[1mLinking CXX shared library libturtlesim__rosidl_typesupport_introspection_cpp.so[0m
[7.828s] [ 60%] Built target turtlesim__rosidl_typesupport_introspection_c
[7.883s] [ 60%] Built target turtlesim__rosidl_typesupport_introspection_cpp
[8.423s] [ 61%] [32m[1mLinking CXX shared library libturtlesim__rosidl_typesupport_fastrtps_cpp.so[0m
[8.556s] [ 61%] Built target turtlesim__rosidl_typesupport_fastrtps_cpp
[8.570s] [ 62%] [34m[1mGenerating C type support for eProsima Fast-RTPS[0m
[10.393s] [35m[1mScanning dependencies of target turtlesim__rosidl_typesupport_fastrtps_c[0m
[10.450s] [ 64%] [32mBuilding CXX object CMakeFiles/turtlesim__rosidl_typesupport_fastrtps_c.dir/rosidl_typesupport_fastrtps_c/turtlesim/action/rotate_absolute__type_support_c.cpp.o[0m
[10.450s] [ 64%] [32mBuilding CXX object CMakeFiles/turtlesim__rosidl_typesupport_fastrtps_c.dir/rosidl_typesupport_fastrtps_c/turtlesim/msg/color__type_support_c.cpp.o[0m
[10.450s] [ 65%] [32mBuilding CXX object CMakeFiles/turtlesim__rosidl_typesupport_fastrtps_c.dir/rosidl_typesupport_fastrtps_c/turtlesim/msg/pose__type_support_c.cpp.o[0m
[10.450s] [ 67%] [32mBuilding CXX object CMakeFiles/turtlesim__rosidl_typesupport_fastrtps_c.dir/rosidl_typesupport_fastrtps_c/turtlesim/srv/kill__type_support_c.cpp.o[0m
[10.450s] [ 67%] [32mBuilding CXX object CMakeFiles/turtlesim__rosidl_typesupport_fastrtps_c.dir/rosidl_typesupport_fastrtps_c/turtlesim/srv/set_pen__type_support_c.cpp.o[0m
[10.451s] [ 68%] [32mBuilding CXX object CMakeFiles/turtlesim__rosidl_typesupport_fastrtps_c.dir/rosidl_typesupport_fastrtps_c/turtlesim/srv/spawn__type_support_c.cpp.o[0m
[10.451s] [ 69%] [32mBuilding CXX object CMakeFiles/turtlesim__rosidl_typesupport_fastrtps_c.dir/rosidl_typesupport_fastrtps_c/turtlesim/srv/teleport_relative__type_support_c.cpp.o[0m
[10.451s] [ 70%] [32mBuilding CXX object CMakeFiles/turtlesim__rosidl_typesupport_fastrtps_c.dir/rosidl_typesupport_fastrtps_c/turtlesim/srv/teleport_absolute__type_support_c.cpp.o[0m
[11.084s] [ 71%] [32m[1mLinking CXX shared library libturtlesim__rosidl_typesupport_fastrtps_c.so[0m
[11.228s] [ 71%] Built target turtlesim__rosidl_typesupport_fastrtps_c
[11.241s] [35m[1mScanning dependencies of target turtlesim[0m
[11.255s] [ 71%] Built target turtlesim
[11.270s] [ 72%] [34m[1mGenerating include/turtlesim/moc_turtle_frame.cpp[0m
[11.270s] [35m[1mScanning dependencies of target draw_square[0m
[11.270s] [35m[1mScanning dependencies of target turtle_teleop_key[0m
[11.270s] [35m[1mScanning dependencies of target mimic[0m
[11.270s] [35m[1mScanning dependencies of target turtlesim__py[0m
[11.285s] [ 73%] [34m[1mGenerating Python code for ROS interfaces[0m
[11.340s] [ 74%] [32mBuilding CXX object CMakeFiles/draw_square.dir/tutorials/draw_square.cpp.o[0m
[11.341s] [ 75%] [32mBuilding CXX object CMakeFiles/mimic.dir/tutorials/mimic.cpp.o[0m
[11.345s] [ 76%] [32mBuilding CXX object CMakeFiles/turtle_teleop_key.dir/tutorials/teleop_turtle_key.cpp.o[0m
[11.361s] [35m[1mScanning dependencies of target turtlesim_node[0m
[11.495s] [ 77%] [32mBuilding CXX object CMakeFiles/turtlesim_node.dir/src/turtlesim.cpp.o[0m
[11.496s] [ 78%] [32mBuilding CXX object CMakeFiles/turtlesim_node.dir/include/turtlesim/moc_turtle_frame.cpp.o[0m
[11.496s] [ 80%] [32mBuilding CXX object CMakeFiles/turtlesim_node.dir/src/turtle_frame.cpp.o[0m
[11.496s] [ 80%] [32mBuilding CXX object CMakeFiles/turtlesim_node.dir/src/turtle.cpp.o[0m
[15.947s] [ 80%] Built target turtlesim__py
[15.962s] [35m[1mScanning dependencies of target turtlesim__python[0m
[16.034s] [ 82%] [32mBuilding C object CMakeFiles/turtlesim__python.dir/rosidl_generator_py/turtlesim/srv/_kill_s.c.o[0m
[16.034s] [ 82%] [32mBuilding C object CMakeFiles/turtlesim__python.dir/rosidl_generator_py/turtlesim/action/_rotate_absolute_s.c.o[0m
[16.034s] [ 83%] [32mBuilding C object CMakeFiles/turtlesim__python.dir/rosidl_generator_py/turtlesim/srv/_spawn_s.c.o[0m
[16.035s] [ 85%] [32mBuilding C object CMakeFiles/turtlesim__python.dir/rosidl_generator_py/turtlesim/msg/_pose_s.c.o[0m
[16.035s] [ 86%] [32mBuilding C object CMakeFiles/turtlesim__python.dir/rosidl_generator_py/turtlesim/srv/_teleport_absolute_s.c.o[0m
[16.035s] [ 86%] [32mBuilding C object CMakeFiles/turtlesim__python.dir/rosidl_generator_py/turtlesim/msg/_color_s.c.o[0m
[16.035s] [ 87%] [32mBuilding C object CMakeFiles/turtlesim__python.dir/rosidl_generator_py/turtlesim/srv/_teleport_relative_s.c.o[0m
[16.036s] [ 88%] [32mBuilding C object CMakeFiles/turtlesim__python.dir/rosidl_generator_py/turtlesim/srv/_set_pen_s.c.o[0m
[16.255s] [ 89%] [32m[1mLinking C shared library rosidl_generator_py/turtlesim/libturtlesim__python.so[0m
[16.326s] [ 89%] Built target turtlesim__python
[16.342s] [35m[1mScanning dependencies of target turtlesim__rosidl_typesupport_c__pyext[0m
[16.343s] [35m[1mScanning dependencies of target turtlesim__rosidl_typesupport_fastrtps_c__pyext[0m
[16.343s] [35m[1mScanning dependencies of target turtlesim__rosidl_typesupport_introspection_c__pyext[0m
[16.379s] [ 90%] [32mBuilding C object CMakeFiles/turtlesim__rosidl_typesupport_c__pyext.dir/rosidl_generator_py/turtlesim/_turtlesim_s.ep.rosidl_typesupport_c.c.o[0m
[16.380s] [ 91%] [32mBuilding C object CMakeFiles/turtlesim__rosidl_typesupport_introspection_c__pyext.dir/rosidl_generator_py/turtlesim/_turtlesim_s.ep.rosidl_typesupport_introspection_c.c.o[0m
[16.382s] [ 92%] [32mBuilding C object CMakeFiles/turtlesim__rosidl_typesupport_fastrtps_c__pyext.dir/rosidl_generator_py/turtlesim/_turtlesim_s.ep.rosidl_typesupport_fastrtps_c.c.o[0m
[16.624s] [ 94%] [32m[1mLinking C shared library rosidl_generator_py/turtlesim/turtlesim_s__rosidl_typesupport_introspection_c.cpython-38-x86_64-linux-gnu.so[0m
[16.624s] [ 94%] [32m[1mLinking C shared library rosidl_generator_py/turtlesim/turtlesim_s__rosidl_typesupport_c.cpython-38-x86_64-linux-gnu.so[0m
[16.633s] [ 95%] [32m[1mLinking CXX shared library rosidl_generator_py/turtlesim/turtlesim_s__rosidl_typesupport_fastrtps_c.cpython-38-x86_64-linux-gnu.so[0m
[16.707s] [ 95%] Built target turtlesim__rosidl_typesupport_c__pyext
[16.707s] [ 95%] Built target turtlesim__rosidl_typesupport_introspection_c__pyext
[16.767s] [ 95%] Built target turtlesim__rosidl_typesupport_fastrtps_c__pyext
[17.616s] [ 96%] [32m[1mLinking CXX executable mimic[0m
[17.644s] [ 97%] [32m[1mLinking CXX executable turtle_teleop_key[0m
[17.924s] [ 97%] Built target mimic
[17.951s] [ 97%] Built target turtle_teleop_key
[18.577s] [ 98%] [32m[1mLinking CXX executable draw_square[0m
[18.922s] [ 98%] Built target draw_square
[22.468s] [100%] [32m[1mLinking CXX executable turtlesim_node[0m
[23.780s] [100%] Built target turtlesim_node
[23.797s] Invoked command in '/ros2_test/AD_Middle_Test/ros2/build/turtlesim' returned '0': /usr/bin/cmake --build /ros2_test/AD_Middle_Test/ros2/build/turtlesim -- -j40 -l40
[24.013s] Invoking command in '/ros2_test/AD_Middle_Test/ros2/build/turtlesim': /usr/bin/cmake --install /ros2_test/AD_Middle_Test/ros2/build/turtlesim
[24.026s] -- Install configuration: ""
[24.026s] -- Installing: /ros2_test/AD_Middle_Test/ros2/install/turtlesim/share/ament_index/resource_index/rosidl_interfaces/turtlesim
[24.026s] -- Installing: /ros2_test/AD_Middle_Test/ros2/install/turtlesim/lib/libturtlesim__rosidl_typesupport_c.so
[24.027s] -- Set runtime path of "/ros2_test/AD_Middle_Test/ros2/install/turtlesim/lib/libturtlesim__rosidl_typesupport_c.so" to ""
[24.027s] -- Installing: /ros2_test/AD_Middle_Test/ros2/install/turtlesim/share/turtlesim/environment/library_path.sh
[24.027s] -- Installing: /ros2_test/AD_Middle_Test/ros2/install/turtlesim/share/turtlesim/environment/library_path.dsv
[24.028s] -- Installing: /ros2_test/AD_Middle_Test/ros2/install/turtlesim/lib/libturtlesim__rosidl_typesupport_cpp.so
[24.028s] -- Set runtime path of "/ros2_test/AD_Middle_Test/ros2/install/turtlesim/lib/libturtlesim__rosidl_typesupport_cpp.so" to ""
[24.028s] -- Installing: /ros2_test/AD_Middle_Test/ros2/install/turtlesim/include/turtlesim
[24.029s] -- Installing: /ros2_test/AD_Middle_Test/ros2/install/turtlesim/include/turtlesim/msg
[24.029s] -- Installing: /ros2_test/AD_Middle_Test/ros2/install/turtlesim/include/turtlesim/msg/rosidl_typesupport_introspection_c__visibility_control.h
[24.029s] -- Installing: /ros2_test/AD_Middle_Test/ros2/install/turtlesim/include/turtlesim/msg/detail
[24.029s] -- Installing: /ros2_test/AD_Middle_Test/ros2/install/turtlesim/include/turtlesim/msg/detail/pose__type_support.c
[24.029s] -- Installing: /ros2_test/AD_Middle_Test/ros2/install/turtlesim/include/turtlesim/msg/detail/pose__rosidl_typesupport_introspection_c.h
[24.030s] -- Installing: /ros2_test/AD_Middle_Test/ros2/install/turtlesim/include/turtlesim/msg/detail/color__rosidl_typesupport_introspection_c.h
[24.030s] -- Installing: /ros2_test/AD_Middle_Test/ros2/install/turtlesim/include/turtlesim/msg/detail/color__type_support.c
[24.030s] -- Installing: /ros2_test/AD_Middle_Test/ros2/install/turtlesim/include/turtlesim/srv
[24.030s] -- Installing: /ros2_test/AD_Middle_Test/ros2/install/turtlesim/include/turtlesim/srv/detail
[24.030s] -- Installing: /ros2_test/AD_Middle_Test/ros2/install/turtlesim/include/turtlesim/srv/detail/set_pen__rosidl_typesupport_introspection_c.h
[24.030s] -- Installing: /ros2_test/AD_Middle_Test/ros2/install/turtlesim/include/turtlesim/srv/detail/teleport_absolute__rosidl_typesupport_introspection_c.h
[24.031s] -- Installing: /ros2_test/AD_Middle_Test/ros2/install/turtlesim/include/turtlesim/srv/detail/set_pen__type_support.c
[24.031s] -- Installing: /ros2_test/AD_Middle_Test/ros2/install/turtlesim/include/turtlesim/srv/detail/teleport_relative__type_support.c
[24.031s] -- Installing: /ros2_test/AD_Middle_Test/ros2/install/turtlesim/include/turtlesim/srv/detail/spawn__type_support.c
[24.031s] -- Installing: /ros2_test/AD_Middle_Test/ros2/install/turtlesim/include/turtlesim/srv/detail/teleport_absolute__type_support.c
[24.031s] -- Installing: /ros2_test/AD_Middle_Test/ros2/install/turtlesim/include/turtlesim/srv/detail/kill__type_support.c
[24.031s] -- Installing: /ros2_test/AD_Middle_Test/ros2/install/turtlesim/include/turtlesim/srv/detail/teleport_relative__rosidl_typesupport_introspection_c.h
[24.032s] -- Installing: /ros2_test/AD_Middle_Test/ros2/install/turtlesim/include/turtlesim/srv/detail/kill__rosidl_typesupport_introspection_c.h
[24.032s] -- Installing: /ros2_test/AD_Middle_Test/ros2/install/turtlesim/include/turtlesim/srv/detail/spawn__rosidl_typesupport_introspection_c.h
[24.032s] -- Installing: /ros2_test/AD_Middle_Test/ros2/install/turtlesim/include/turtlesim/action
[24.032s] -- Installing: /ros2_test/AD_Middle_Test/ros2/install/turtlesim/include/turtlesim/action/detail
[24.032s] -- Installing: /ros2_test/AD_Middle_Test/ros2/install/turtlesim/include/turtlesim/action/detail/rotate_absolute__rosidl_typesupport_introspection_c.h
[24.032s] -- Installing: /ros2_test/AD_Middle_Test/ros2/install/turtlesim/include/turtlesim/action/detail/rotate_absolute__type_support.c
[24.033s] -- Installing: /ros2_test/AD_Middle_Test/ros2/install/turtlesim/lib/libturtlesim__rosidl_typesupport_introspection_c.so
[24.033s] -- Set runtime path of "/ros2_test/AD_Middle_Test/ros2/install/turtlesim/lib/libturtlesim__rosidl_typesupport_introspection_c.so" to ""
[24.033s] -- Up-to-date: /ros2_test/AD_Middle_Test/ros2/install/turtlesim/include/turtlesim
[24.033s] -- Up-to-date: /ros2_test/AD_Middle_Test/ros2/install/turtlesim/include/turtlesim/msg
[24.033s] -- Up-to-date: /ros2_test/AD_Middle_Test/ros2/install/turtlesim/include/turtlesim/msg/detail
[24.033s] -- Installing: /ros2_test/AD_Middle_Test/ros2/install/turtlesim/include/turtlesim/msg/detail/color__type_support.cpp
[24.034s] -- Installing: /ros2_test/AD_Middle_Test/ros2/install/turtlesim/include/turtlesim/msg/detail/color__rosidl_typesupport_introspection_cpp.hpp
[24.034s] -- Installing: /ros2_test/AD_Middle_Test/ros2/install/turtlesim/include/turtlesim/msg/detail/pose__type_support.cpp
[24.034s] -- Installing: /ros2_test/AD_Middle_Test/ros2/install/turtlesim/include/turtlesim/msg/detail/pose__rosidl_typesupport_introspection_cpp.hpp
[24.034s] -- Up-to-date: /ros2_test/AD_Middle_Test/ros2/install/turtlesim/include/turtlesim/srv
[24.034s] -- Up-to-date: /ros2_test/AD_Middle_Test/ros2/install/turtlesim/include/turtlesim/srv/detail
[24.034s] -- Installing: /ros2_test/AD_Middle_Test/ros2/install/turtlesim/include/turtlesim/srv/detail/kill__type_support.cpp
[24.035s] -- Installing: /ros2_test/AD_Middle_Test/ros2/install/turtlesim/include/turtlesim/srv/detail/kill__rosidl_typesupport_introspection_cpp.hpp
[24.035s] -- Installing: /ros2_test/AD_Middle_Test/ros2/install/turtlesim/include/turtlesim/srv/detail/teleport_relative__rosidl_typesupport_introspection_cpp.hpp
[24.035s] -- Installing: /ros2_test/AD_Middle_Test/ros2/install/turtlesim/include/turtlesim/srv/detail/teleport_absolute__type_support.cpp
[24.035s] -- Installing: /ros2_test/AD_Middle_Test/ros2/install/turtlesim/include/turtlesim/srv/detail/set_pen__type_support.cpp
[24.035s] -- Installing: /ros2_test/AD_Middle_Test/ros2/install/turtlesim/include/turtlesim/srv/detail/spawn__rosidl_typesupport_introspection_cpp.hpp
[24.035s] -- Installing: /ros2_test/AD_Middle_Test/ros2/install/turtlesim/include/turtlesim/srv/detail/spawn__type_support.cpp
[24.036s] -- Installing: /ros2_test/AD_Middle_Test/ros2/install/turtlesim/include/turtlesim/srv/detail/teleport_absolute__rosidl_typesupport_introspection_cpp.hpp
[24.036s] -- Installing: /ros2_test/AD_Middle_Test/ros2/install/turtlesim/include/turtlesim/srv/detail/teleport_relative__type_support.cpp
[24.036s] -- Installing: /ros2_test/AD_Middle_Test/ros2/install/turtlesim/include/turtlesim/srv/detail/set_pen__rosidl_typesupport_introspection_cpp.hpp
[24.036s] -- Up-to-date: /ros2_test/AD_Middle_Test/ros2/install/turtlesim/include/turtlesim/action
[24.036s] -- Up-to-date: /ros2_test/AD_Middle_Test/ros2/install/turtlesim/include/turtlesim/action/detail
[24.036s] -- Installing: /ros2_test/AD_Middle_Test/ros2/install/turtlesim/include/turtlesim/action/detail/rotate_absolute__rosidl_typesupport_introspection_cpp.hpp
[24.037s] -- Installing: /ros2_test/AD_Middle_Test/ros2/install/turtlesim/include/turtlesim/action/detail/rotate_absolute__type_support.cpp
[24.037s] -- Installing: /ros2_test/AD_Middle_Test/ros2/install/turtlesim/lib/libturtlesim__rosidl_typesupport_introspection_cpp.so
[24.037s] -- Set runtime path of "/ros2_test/AD_Middle_Test/ros2/install/turtlesim/lib/libturtlesim__rosidl_typesupport_introspection_cpp.so" to ""
[24.037s] -- Up-to-date: /ros2_test/AD_Middle_Test/ros2/install/turtlesim/include/turtlesim
[24.037s] -- Up-to-date: /ros2_test/AD_Middle_Test/ros2/install/turtlesim/include/turtlesim/msg
[24.038s] -- Installing: /ros2_test/AD_Middle_Test/ros2/install/turtlesim/include/turtlesim/msg/color__rosidl_typesupport_fastrtps_c.h
[24.038s] -- Installing: /ros2_test/AD_Middle_Test/ros2/install/turtlesim/include/turtlesim/msg/pose__rosidl_typesupport_fastrtps_c.h
[24.038s] -- Installing: /ros2_test/AD_Middle_Test/ros2/install/turtlesim/include/turtlesim/msg/rosidl_typesupport_fastrtps_c__visibility_control.h
[24.038s] -- Up-to-date: /ros2_test/AD_Middle_Test/ros2/install/turtlesim/include/turtlesim/srv
[24.038s] -- Installing: /ros2_test/AD_Middle_Test/ros2/install/turtlesim/include/turtlesim/srv/teleport_absolute__rosidl_typesupport_fastrtps_c.h
[24.038s] -- Installing: /ros2_test/AD_Middle_Test/ros2/install/turtlesim/include/turtlesim/srv/set_pen__rosidl_typesupport_fastrtps_c.h
[24.038s] -- Installing: /ros2_test/AD_Middle_Test/ros2/install/turtlesim/include/turtlesim/srv/kill__rosidl_typesupport_fastrtps_c.h
[24.039s] -- Installing: /ros2_test/AD_Middle_Test/ros2/install/turtlesim/include/turtlesim/srv/teleport_relative__rosidl_typesupport_fastrtps_c.h
[24.039s] -- Installing: /ros2_test/AD_Middle_Test/ros2/install/turtlesim/include/turtlesim/srv/spawn__rosidl_typesupport_fastrtps_c.h
[24.039s] -- Up-to-date: /ros2_test/AD_Middle_Test/ros2/install/turtlesim/include/turtlesim/action
[24.039s] -- Installing: /ros2_test/AD_Middle_Test/ros2/install/turtlesim/include/turtlesim/action/rotate_absolute__rosidl_typesupport_fastrtps_c.h
[24.039s] -- Installing: /ros2_test/AD_Middle_Test/ros2/install/turtlesim/lib/libturtlesim__rosidl_typesupport_fastrtps_c.so
[24.039s] -- Set runtime path of "/ros2_test/AD_Middle_Test/ros2/install/turtlesim/lib/libturtlesim__rosidl_typesupport_fastrtps_c.so" to ""
[24.040s] -- Up-to-date: /ros2_test/AD_Middle_Test/ros2/install/turtlesim/include/turtlesim
[24.040s] -- Up-to-date: /ros2_test/AD_Middle_Test/ros2/install/turtlesim/include/turtlesim/msg
[24.040s] -- Installing: /ros2_test/AD_Middle_Test/ros2/install/turtlesim/include/turtlesim/msg/dds_fastrtps
[24.040s] -- Installing: /ros2_test/AD_Middle_Test/ros2/install/turtlesim/include/turtlesim/msg/rosidl_typesupport_fastrtps_cpp__visibility_control.h
[24.040s] -- Installing: /ros2_test/AD_Middle_Test/ros2/install/turtlesim/include/turtlesim/msg/pose__rosidl_typesupport_fastrtps_cpp.hpp
[24.041s] -- Installing: /ros2_test/AD_Middle_Test/ros2/install/turtlesim/include/turtlesim/msg/color__rosidl_typesupport_fastrtps_cpp.hpp
[24.041s] -- Up-to-date: /ros2_test/AD_Middle_Test/ros2/install/turtlesim/include/turtlesim/srv
[24.041s] -- Installing: /ros2_test/AD_Middle_Test/ros2/install/turtlesim/include/turtlesim/srv/dds_fastrtps
[24.041s] -- Installing: /ros2_test/AD_Middle_Test/ros2/install/turtlesim/include/turtlesim/srv/set_pen__rosidl_typesupport_fastrtps_cpp.hpp
[24.041s] -- Installing: /ros2_test/AD_Middle_Test/ros2/install/turtlesim/include/turtlesim/srv/teleport_absolute__rosidl_typesupport_fastrtps_cpp.hpp
[24.041s] -- Installing: /ros2_test/AD_Middle_Test/ros2/install/turtlesim/include/turtlesim/srv/spawn__rosidl_typesupport_fastrtps_cpp.hpp
[24.041s] -- Installing: /ros2_test/AD_Middle_Test/ros2/install/turtlesim/include/turtlesim/srv/teleport_relative__rosidl_typesupport_fastrtps_cpp.hpp
[24.042s] -- Installing: /ros2_test/AD_Middle_Test/ros2/install/turtlesim/include/turtlesim/srv/kill__rosidl_typesupport_fastrtps_cpp.hpp
[24.042s] -- Up-to-date: /ros2_test/AD_Middle_Test/ros2/install/turtlesim/include/turtlesim/action
[24.042s] -- Installing: /ros2_test/AD_Middle_Test/ros2/install/turtlesim/include/turtlesim/action/rotate_absolute__rosidl_typesupport_fastrtps_cpp.hpp
[24.042s] -- Installing: /ros2_test/AD_Middle_Test/ros2/install/turtlesim/include/turtlesim/action/dds_fastrtps
[24.042s] -- Installing: /ros2_test/AD_Middle_Test/ros2/install/turtlesim/lib/libturtlesim__rosidl_typesupport_fastrtps_cpp.so
[24.042s] -- Set runtime path of "/ros2_test/AD_Middle_Test/ros2/install/turtlesim/lib/libturtlesim__rosidl_typesupport_fastrtps_cpp.so" to ""
[24.043s] -- Up-to-date: /ros2_test/AD_Middle_Test/ros2/install/turtlesim/include/turtlesim
[24.043s] -- Up-to-date: /ros2_test/AD_Middle_Test/ros2/install/turtlesim/include/turtlesim/msg
[24.043s] -- Installing: /ros2_test/AD_Middle_Test/ros2/install/turtlesim/include/turtlesim/msg/color.h
[24.043s] -- Installing: /ros2_test/AD_Middle_Test/ros2/install/turtlesim/include/turtlesim/msg/pose.h
[24.043s] -- Up-to-date: /ros2_test/AD_Middle_Test/ros2/install/turtlesim/include/turtlesim/msg/detail
[24.044s] -- Installing: /ros2_test/AD_Middle_Test/ros2/install/turtlesim/include/turtlesim/msg/detail/color__functions.h
[24.044s] -- Installing: /ros2_test/AD_Middle_Test/ros2/install/turtlesim/include/turtlesim/msg/detail/color__struct.h
[24.044s] -- Installing: /ros2_test/AD_Middle_Test/ros2/install/turtlesim/include/turtlesim/msg/detail/color__type_support.h
[24.044s] -- Installing: /ros2_test/AD_Middle_Test/ros2/install/turtlesim/include/turtlesim/msg/detail/pose__functions.c
[24.044s] -- Installing: /ros2_test/AD_Middle_Test/ros2/install/turtlesim/include/turtlesim/msg/detail/pose__type_support.h
[24.044s] -- Installing: /ros2_test/AD_Middle_Test/ros2/install/turtlesim/include/turtlesim/msg/detail/color__functions.c
[24.045s] -- Installing: /ros2_test/AD_Middle_Test/ros2/install/turtlesim/include/turtlesim/msg/detail/pose__functions.h
[24.045s] -- Installing: /ros2_test/AD_Middle_Test/ros2/install/turtlesim/include/turtlesim/msg/detail/pose__struct.h
[24.045s] -- Installing: /ros2_test/AD_Middle_Test/ros2/install/turtlesim/include/turtlesim/msg/rosidl_generator_c__visibility_control.h
[24.045s] -- Up-to-date: /ros2_test/AD_Middle_Test/ros2/install/turtlesim/include/turtlesim/srv
[24.045s] -- Installing: /ros2_test/AD_Middle_Test/ros2/install/turtlesim/include/turtlesim/srv/spawn.h
[24.045s] -- Up-to-date: /ros2_test/AD_Middle_Test/ros2/install/turtlesim/include/turtlesim/srv/detail
[24.046s] -- Installing: /ros2_test/AD_Middle_Test/ros2/install/turtlesim/include/turtlesim/srv/detail/teleport_absolute__type_support.h
[24.046s] -- Installing: /ros2_test/AD_Middle_Test/ros2/install/turtlesim/include/turtlesim/srv/detail/spawn__struct.h
[24.046s] -- Installing: /ros2_test/AD_Middle_Test/ros2/install/turtlesim/include/turtlesim/srv/detail/kill__functions.c
[24.046s] -- Installing: /ros2_test/AD_Middle_Test/ros2/install/turtlesim/include/turtlesim/srv/detail/spawn__functions.h
[24.046s] -- Installing: /ros2_test/AD_Middle_Test/ros2/install/turtlesim/include/turtlesim/srv/detail/set_pen__functions.h
[24.047s] -- Installing: /ros2_test/AD_Middle_Test/ros2/install/turtlesim/include/turtlesim/srv/detail/spawn__type_support.h
[24.047s] -- Installing: /ros2_test/AD_Middle_Test/ros2/install/turtlesim/include/turtlesim/srv/detail/teleport_relative__functions.c
[24.047s] -- Installing: /ros2_test/AD_Middle_Test/ros2/install/turtlesim/include/turtlesim/srv/detail/kill__functions.h
[24.047s] -- Installing: /ros2_test/AD_Middle_Test/ros2/install/turtlesim/include/turtlesim/srv/detail/teleport_relative__type_support.h
[24.047s] -- Installing: /ros2_test/AD_Middle_Test/ros2/install/turtlesim/include/turtlesim/srv/detail/kill__type_support.h
[24.047s] -- Installing: /ros2_test/AD_Middle_Test/ros2/install/turtlesim/include/turtlesim/srv/detail/teleport_relative__functions.h
[24.048s] -- Installing: /ros2_test/AD_Middle_Test/ros2/install/turtlesim/include/turtlesim/srv/detail/set_pen__struct.h
[24.048s] -- Installing: /ros2_test/AD_Middle_Test/ros2/install/turtlesim/include/turtlesim/srv/detail/set_pen__functions.c
[24.048s] -- Installing: /ros2_test/AD_Middle_Test/ros2/install/turtlesim/include/turtlesim/srv/detail/teleport_absolute__functions.h
[24.048s] -- Installing: /ros2_test/AD_Middle_Test/ros2/install/turtlesim/include/turtlesim/srv/detail/teleport_absolute__struct.h
[24.048s] -- Installing: /ros2_test/AD_Middle_Test/ros2/install/turtlesim/include/turtlesim/srv/detail/spawn__functions.c
[24.048s] -- Installing: /ros2_test/AD_Middle_Test/ros2/install/turtlesim/include/turtlesim/srv/detail/teleport_absolute__functions.c
[24.048s] -- Installing: /ros2_test/AD_Middle_Test/ros2/install/turtlesim/include/turtlesim/srv/detail/kill__struct.h
[24.049s] -- Installing: /ros2_test/AD_Middle_Test/ros2/install/turtlesim/include/turtlesim/srv/detail/teleport_relative__struct.h
[24.049s] -- Installing: /ros2_test/AD_Middle_Test/ros2/install/turtlesim/include/turtlesim/srv/detail/set_pen__type_support.h
[24.049s] -- Installing: /ros2_test/AD_Middle_Test/ros2/install/turtlesim/include/turtlesim/srv/set_pen.h
[24.049s] -- Installing: /ros2_test/AD_Middle_Test/ros2/install/turtlesim/include/turtlesim/srv/kill.h
[24.049s] -- Installing: /ros2_test/AD_Middle_Test/ros2/install/turtlesim/include/turtlesim/srv/teleport_relative.h
[24.050s] -- Installing: /ros2_test/AD_Middle_Test/ros2/install/turtlesim/include/turtlesim/srv/teleport_absolute.h
[24.050s] -- Up-to-date: /ros2_test/AD_Middle_Test/ros2/install/turtlesim/include/turtlesim/action
[24.050s] -- Up-to-date: /ros2_test/AD_Middle_Test/ros2/install/turtlesim/include/turtlesim/action/detail
[24.050s] -- Installing: /ros2_test/AD_Middle_Test/ros2/install/turtlesim/include/turtlesim/action/detail/rotate_absolute__functions.h
[24.050s] -- Installing: /ros2_test/AD_Middle_Test/ros2/install/turtlesim/include/turtlesim/action/detail/rotate_absolute__struct.h
[24.050s] -- Installing: /ros2_test/AD_Middle_Test/ros2/install/turtlesim/include/turtlesim/action/detail/rotate_absolute__functions.c
[24.051s] -- Installing: /ros2_test/AD_Middle_Test/ros2/install/turtlesim/include/turtlesim/action/detail/rotate_absolute__type_support.h
[24.051s] -- Installing: /ros2_test/AD_Middle_Test/ros2/install/turtlesim/include/turtlesim/action/rotate_absolute.h
[24.051s] -- Installing: /ros2_test/AD_Middle_Test/ros2/install/turtlesim/lib/libturtlesim__rosidl_generator_c.so
[24.051s] -- Set runtime path of "/ros2_test/AD_Middle_Test/ros2/install/turtlesim/lib/libturtlesim__rosidl_generator_c.so" to ""
[24.052s] -- Up-to-date: /ros2_test/AD_Middle_Test/ros2/install/turtlesim/include/turtlesim
[24.052s] -- Up-to-date: /ros2_test/AD_Middle_Test/ros2/install/turtlesim/include/turtlesim/msg
[24.052s] -- Installing: /ros2_test/AD_Middle_Test/ros2/install/turtlesim/include/turtlesim/msg/color.hpp
[24.052s] -- Up-to-date: /ros2_test/AD_Middle_Test/ros2/install/turtlesim/include/turtlesim/msg/detail
[24.052s] -- Installing: /ros2_test/AD_Middle_Test/ros2/install/turtlesim/include/turtlesim/msg/detail/pose__traits.hpp
[24.052s] -- Installing: /ros2_test/AD_Middle_Test/ros2/install/turtlesim/include/turtlesim/msg/detail/color__struct.hpp
[24.053s] -- Installing: /ros2_test/AD_Middle_Test/ros2/install/turtlesim/include/turtlesim/msg/detail/pose__struct.hpp
[24.053s] -- Installing: /ros2_test/AD_Middle_Test/ros2/install/turtlesim/include/turtlesim/msg/detail/color__builder.hpp
[24.053s] -- Installing: /ros2_test/AD_Middle_Test/ros2/install/turtlesim/include/turtlesim/msg/detail/color__traits.hpp
[24.053s] -- Installing: /ros2_test/AD_Middle_Test/ros2/install/turtlesim/include/turtlesim/msg/detail/pose__builder.hpp
[24.053s] -- Installing: /ros2_test/AD_Middle_Test/ros2/install/turtlesim/include/turtlesim/msg/pose.hpp
[24.053s] -- Up-to-date: /ros2_test/AD_Middle_Test/ros2/install/turtlesim/include/turtlesim/srv
[24.054s] -- Installing: /ros2_test/AD_Middle_Test/ros2/install/turtlesim/include/turtlesim/srv/teleport_absolute.hpp
[24.054s] -- Installing: /ros2_test/AD_Middle_Test/ros2/install/turtlesim/include/turtlesim/srv/spawn.hpp
[24.054s] -- Installing: /ros2_test/AD_Middle_Test/ros2/install/turtlesim/include/turtlesim/srv/kill.hpp
[24.054s] -- Installing: /ros2_test/AD_Middle_Test/ros2/install/turtlesim/include/turtlesim/srv/teleport_relative.hpp
[24.054s] -- Up-to-date: /ros2_test/AD_Middle_Test/ros2/install/turtlesim/include/turtlesim/srv/detail
[24.054s] -- Installing: /ros2_test/AD_Middle_Test/ros2/install/turtlesim/include/turtlesim/srv/detail/set_pen__traits.hpp
[24.054s] -- Installing: /ros2_test/AD_Middle_Test/ros2/install/turtlesim/include/turtlesim/srv/detail/teleport_absolute__struct.hpp
[24.055s] -- Installing: /ros2_test/AD_Middle_Test/ros2/install/turtlesim/include/turtlesim/srv/detail/spawn__traits.hpp
[24.055s] -- Installing: /ros2_test/AD_Middle_Test/ros2/install/turtlesim/include/turtlesim/srv/detail/kill__builder.hpp
[24.055s] -- Installing: /ros2_test/AD_Middle_Test/ros2/install/turtlesim/include/turtlesim/srv/detail/kill__struct.hpp
[24.055s] -- Installing: /ros2_test/AD_Middle_Test/ros2/install/turtlesim/include/turtlesim/srv/detail/teleport_relative__builder.hpp
[24.055s] -- Installing: /ros2_test/AD_Middle_Test/ros2/install/turtlesim/include/turtlesim/srv/detail/kill__traits.hpp
[24.055s] -- Installing: /ros2_test/AD_Middle_Test/ros2/install/turtlesim/include/turtlesim/srv/detail/spawn__builder.hpp
[24.055s] -- Installing: /ros2_test/AD_Middle_Test/ros2/install/turtlesim/include/turtlesim/srv/detail/teleport_relative__traits.hpp
[24.056s] -- Installing: /ros2_test/AD_Middle_Test/ros2/install/turtlesim/include/turtlesim/srv/detail/spawn__struct.hpp
[24.056s] -- Installing: /ros2_test/AD_Middle_Test/ros2/install/turtlesim/include/turtlesim/srv/detail/teleport_absolute__builder.hpp
[24.056s] -- Installing: /ros2_test/AD_Middle_Test/ros2/install/turtlesim/include/turtlesim/srv/detail/teleport_absolute__traits.hpp
[24.056s] -- Installing: /ros2_test/AD_Middle_Test/ros2/install/turtlesim/include/turtlesim/srv/detail/set_pen__builder.hpp
[24.056s] -- Installing: /ros2_test/AD_Middle_Test/ros2/install/turtlesim/include/turtlesim/srv/detail/set_pen__struct.hpp
[24.056s] -- Installing: /ros2_test/AD_Middle_Test/ros2/install/turtlesim/include/turtlesim/srv/detail/teleport_relative__struct.hpp
[24.056s] -- Installing: /ros2_test/AD_Middle_Test/ros2/install/turtlesim/include/turtlesim/srv/set_pen.hpp
[24.056s] -- Up-to-date: /ros2_test/AD_Middle_Test/ros2/install/turtlesim/include/turtlesim/action
[24.057s] -- Installing: /ros2_test/AD_Middle_Test/ros2/install/turtlesim/include/turtlesim/action/rotate_absolute.hpp
[24.057s] -- Up-to-date: /ros2_test/AD_Middle_Test/ros2/install/turtlesim/include/turtlesim/action/detail
[24.057s] -- Installing: /ros2_test/AD_Middle_Test/ros2/install/turtlesim/include/turtlesim/action/detail/rotate_absolute__builder.hpp
[24.057s] -- Installing: /ros2_test/AD_Middle_Test/ros2/install/turtlesim/include/turtlesim/action/detail/rotate_absolute__traits.hpp
[24.057s] -- Installing: /ros2_test/AD_Middle_Test/ros2/install/turtlesim/include/turtlesim/action/detail/rotate_absolute__struct.hpp
[24.057s] -- Installing: /ros2_test/AD_Middle_Test/ros2/install/turtlesim/share/turtlesim/environment/pythonpath.sh
[24.057s] -- Installing: /ros2_test/AD_Middle_Test/ros2/install/turtlesim/share/turtlesim/environment/pythonpath.dsv
[24.058s] -- Installing: /ros2_test/AD_Middle_Test/ros2/install/turtlesim/lib/python3.8/site-packages/turtlesim/__init__.py
[24.101s] Compiling '/ros2_test/AD_Middle_Test/ros2/install/turtlesim/lib/python3.8/site-packages/turtlesim/__init__.py'...
[24.107s] -- Installing: /ros2_test/AD_Middle_Test/ros2/install/turtlesim/lib/python3.8/site-packages/turtlesim/action
[24.107s] -- Installing: /ros2_test/AD_Middle_Test/ros2/install/turtlesim/lib/python3.8/site-packages/turtlesim/action/_rotate_absolute.py
[24.107s] -- Installing: /ros2_test/AD_Middle_Test/ros2/install/turtlesim/lib/python3.8/site-packages/turtlesim/action/__init__.py
[24.107s] -- Installing: /ros2_test/AD_Middle_Test/ros2/install/turtlesim/lib/python3.8/site-packages/turtlesim/action/_rotate_absolute_s.c
[24.107s] -- Installing: /ros2_test/AD_Middle_Test/ros2/install/turtlesim/lib/python3.8/site-packages/turtlesim/msg
[24.107s] -- Installing: /ros2_test/AD_Middle_Test/ros2/install/turtlesim/lib/python3.8/site-packages/turtlesim/msg/_pose.py
[24.108s] -- Installing: /ros2_test/AD_Middle_Test/ros2/install/turtlesim/lib/python3.8/site-packages/turtlesim/msg/_color_s.c
[24.108s] -- Installing: /ros2_test/AD_Middle_Test/ros2/install/turtlesim/lib/python3.8/site-packages/turtlesim/msg/_color.py
[24.108s] -- Installing: /ros2_test/AD_Middle_Test/ros2/install/turtlesim/lib/python3.8/site-packages/turtlesim/msg/_pose_s.c
[24.108s] -- Installing: /ros2_test/AD_Middle_Test/ros2/install/turtlesim/lib/python3.8/site-packages/turtlesim/msg/__init__.py
[24.108s] -- Installing: /ros2_test/AD_Middle_Test/ros2/install/turtlesim/lib/python3.8/site-packages/turtlesim/srv
[24.109s] -- Installing: /ros2_test/AD_Middle_Test/ros2/install/turtlesim/lib/python3.8/site-packages/turtlesim/srv/_spawn_s.c
[24.109s] -- Installing: /ros2_test/AD_Middle_Test/ros2/install/turtlesim/lib/python3.8/site-packages/turtlesim/srv/_kill.py
[24.109s] -- Installing: /ros2_test/AD_Middle_Test/ros2/install/turtlesim/lib/python3.8/site-packages/turtlesim/srv/_set_pen.py
[24.109s] -- Installing: /ros2_test/AD_Middle_Test/ros2/install/turtlesim/lib/python3.8/site-packages/turtlesim/srv/_spawn.py
[24.109s] -- Installing: /ros2_test/AD_Middle_Test/ros2/install/turtlesim/lib/python3.8/site-packages/turtlesim/srv/_teleport_relative.py
[24.109s] -- Installing: /ros2_test/AD_Middle_Test/ros2/install/turtlesim/lib/python3.8/site-packages/turtlesim/srv/__init__.py
[24.110s] -- Installing: /ros2_test/AD_Middle_Test/ros2/install/turtlesim/lib/python3.8/site-packages/turtlesim/srv/_teleport_relative_s.c
[24.110s] -- Installing: /ros2_test/AD_Middle_Test/ros2/install/turtlesim/lib/python3.8/site-packages/turtlesim/srv/_kill_s.c
[24.110s] -- Installing: /ros2_test/AD_Middle_Test/ros2/install/turtlesim/lib/python3.8/site-packages/turtlesim/srv/_teleport_absolute.py
[24.110s] -- Installing: /ros2_test/AD_Middle_Test/ros2/install/turtlesim/lib/python3.8/site-packages/turtlesim/srv/_set_pen_s.c
[24.110s] -- Installing: /ros2_test/AD_Middle_Test/ros2/install/turtlesim/lib/python3.8/site-packages/turtlesim/srv/_teleport_absolute_s.c
[24.110s] -- Installing: /ros2_test/AD_Middle_Test/ros2/install/turtlesim/lib/python3.8/site-packages/turtlesim/turtlesim_s__rosidl_typesupport_fastrtps_c.cpython-38-x86_64-linux-gnu.so
[24.111s] -- Set runtime path of "/ros2_test/AD_Middle_Test/ros2/install/turtlesim/lib/python3.8/site-packages/turtlesim/turtlesim_s__rosidl_typesupport_fastrtps_c.cpython-38-x86_64-linux-gnu.so" to ""
[24.111s] -- Installing: /ros2_test/AD_Middle_Test/ros2/install/turtlesim/lib/python3.8/site-packages/turtlesim/turtlesim_s__rosidl_typesupport_introspection_c.cpython-38-x86_64-linux-gnu.so
[24.112s] -- Set runtime path of "/ros2_test/AD_Middle_Test/ros2/install/turtlesim/lib/python3.8/site-packages/turtlesim/turtlesim_s__rosidl_typesupport_introspection_c.cpython-38-x86_64-linux-gnu.so" to ""
[24.113s] -- Installing: /ros2_test/AD_Middle_Test/ros2/install/turtlesim/lib/python3.8/site-packages/turtlesim/turtlesim_s__rosidl_typesupport_c.cpython-38-x86_64-linux-gnu.so
[24.113s] -- Set runtime path of "/ros2_test/AD_Middle_Test/ros2/install/turtlesim/lib/python3.8/site-packages/turtlesim/turtlesim_s__rosidl_typesupport_c.cpython-38-x86_64-linux-gnu.so" to ""
[24.114s] -- Installing: /ros2_test/AD_Middle_Test/ros2/install/turtlesim/lib/libturtlesim__python.so
[24.114s] -- Set runtime path of "/ros2_test/AD_Middle_Test/ros2/install/turtlesim/lib/libturtlesim__python.so" to ""
[24.114s] -- Installing: /ros2_test/AD_Middle_Test/ros2/install/turtlesim/share/turtlesim/action/RotateAbsolute.idl
[24.115s] -- Installing: /ros2_test/AD_Middle_Test/ros2/install/turtlesim/share/turtlesim/msg/Color.idl
[24.115s] -- Installing: /ros2_test/AD_Middle_Test/ros2/install/turtlesim/share/turtlesim/msg/Pose.idl
[24.115s] -- Installing: /ros2_test/AD_Middle_Test/ros2/install/turtlesim/share/turtlesim/srv/Kill.idl
[24.115s] -- Installing: /ros2_test/AD_Middle_Test/ros2/install/turtlesim/share/turtlesim/srv/SetPen.idl
[24.116s] -- Installing: /ros2_test/AD_Middle_Test/ros2/install/turtlesim/share/turtlesim/srv/Spawn.idl
[24.116s] -- Installing: /ros2_test/AD_Middle_Test/ros2/install/turtlesim/share/turtlesim/srv/TeleportAbsolute.idl
[24.116s] -- Installing: /ros2_test/AD_Middle_Test/ros2/install/turtlesim/share/turtlesim/srv/TeleportRelative.idl
[24.116s] -- Installing: /ros2_test/AD_Middle_Test/ros2/install/turtlesim/share/turtlesim/action/RotateAbsolute.action
[24.116s] -- Installing: /ros2_test/AD_Middle_Test/ros2/install/turtlesim/share/turtlesim/msg/Color.msg
[24.117s] -- Installing: /ros2_test/AD_Middle_Test/ros2/install/turtlesim/share/turtlesim/msg/Pose.msg
[24.117s] -- Installing: /ros2_test/AD_Middle_Test/ros2/install/turtlesim/share/turtlesim/srv/Kill.srv
[24.117s] -- Installing: /ros2_test/AD_Middle_Test/ros2/install/turtlesim/share/turtlesim/srv/Kill_Request.msg
[24.117s] -- Installing: /ros2_test/AD_Middle_Test/ros2/install/turtlesim/share/turtlesim/srv/Kill_Response.msg
[24.117s] -- Installing: /ros2_test/AD_Middle_Test/ros2/install/turtlesim/share/turtlesim/srv/SetPen.srv
[24.118s] -- Installing: /ros2_test/AD_Middle_Test/ros2/install/turtlesim/share/turtlesim/srv/SetPen_Request.msg
[24.118s] -- Installing: /ros2_test/AD_Middle_Test/ros2/install/turtlesim/share/turtlesim/srv/SetPen_Response.msg
[24.118s] -- Installing: /ros2_test/AD_Middle_Test/ros2/install/turtlesim/share/turtlesim/srv/Spawn.srv
[24.118s] -- Installing: /ros2_test/AD_Middle_Test/ros2/install/turtlesim/share/turtlesim/srv/Spawn_Request.msg
[24.118s] -- Installing: /ros2_test/AD_Middle_Test/ros2/install/turtlesim/share/turtlesim/srv/Spawn_Response.msg
[24.119s] -- Installing: /ros2_test/AD_Middle_Test/ros2/install/turtlesim/share/turtlesim/srv/TeleportAbsolute.srv
[24.119s] -- Installing: /ros2_test/AD_Middle_Test/ros2/install/turtlesim/share/turtlesim/srv/TeleportAbsolute_Request.msg
[24.119s] -- Installing: /ros2_test/AD_Middle_Test/ros2/install/turtlesim/share/turtlesim/srv/TeleportAbsolute_Response.msg
[24.119s] -- Installing: /ros2_test/AD_Middle_Test/ros2/install/turtlesim/share/turtlesim/srv/TeleportRelative.srv
[24.119s] -- Installing: /ros2_test/AD_Middle_Test/ros2/install/turtlesim/share/turtlesim/srv/TeleportRelative_Request.msg
[24.120s] -- Installing: /ros2_test/AD_Middle_Test/ros2/install/turtlesim/share/turtlesim/srv/TeleportRelative_Response.msg
[24.120s] -- Installing: /ros2_test/AD_Middle_Test/ros2/install/turtlesim/lib/turtlesim/turtlesim_node
[24.125s] -- Set runtime path of "/ros2_test/AD_Middle_Test/ros2/install/turtlesim/lib/turtlesim/turtlesim_node" to ""
[24.125s] -- Installing: /ros2_test/AD_Middle_Test/ros2/install/turtlesim/lib/turtlesim/turtle_teleop_key
[24.127s] -- Set runtime path of "/ros2_test/AD_Middle_Test/ros2/install/turtlesim/lib/turtlesim/turtle_teleop_key" to ""
[24.127s] -- Installing: /ros2_test/AD_Middle_Test/ros2/install/turtlesim/lib/turtlesim/draw_square
[24.130s] -- Set runtime path of "/ros2_test/AD_Middle_Test/ros2/install/turtlesim/lib/turtlesim/draw_square" to ""
[24.130s] -- Installing: /ros2_test/AD_Middle_Test/ros2/install/turtlesim/lib/turtlesim/mimic
[24.132s] -- Set runtime path of "/ros2_test/AD_Middle_Test/ros2/install/turtlesim/lib/turtlesim/mimic" to ""
[24.132s] -- Installing: /ros2_test/AD_Middle_Test/ros2/install/turtlesim/share/turtlesim/images
[24.132s] -- Installing: /ros2_test/AD_Middle_Test/ros2/install/turtlesim/share/turtlesim/images/ardent.png
[24.133s] -- Installing: /ros2_test/AD_Middle_Test/ros2/install/turtlesim/share/turtlesim/images/bouncy.png
[24.133s] -- Installing: /ros2_test/AD_Middle_Test/ros2/install/turtlesim/share/turtlesim/images/eloquent.png
[24.133s] -- Installing: /ros2_test/AD_Middle_Test/ros2/install/turtlesim/share/turtlesim/images/dashing.png
[24.133s] -- Installing: /ros2_test/AD_Middle_Test/ros2/install/turtlesim/share/turtlesim/images/crystal.png
[24.133s] -- Installing: /ros2_test/AD_Middle_Test/ros2/install/turtlesim/share/turtlesim/launch
[24.134s] -- Installing: /ros2_test/AD_Middle_Test/ros2/install/turtlesim/share/turtlesim/launch/multisim.launch.py
[24.134s] -- Installing: /ros2_test/AD_Middle_Test/ros2/install/turtlesim/share/ament_index/resource_index/package_run_dependencies/turtlesim
[24.134s] -- Installing: /ros2_test/AD_Middle_Test/ros2/install/turtlesim/share/ament_index/resource_index/parent_prefix_path/turtlesim
[24.134s] -- Installing: /ros2_test/AD_Middle_Test/ros2/install/turtlesim/share/turtlesim/environment/ament_prefix_path.sh
[24.134s] -- Installing: /ros2_test/AD_Middle_Test/ros2/install/turtlesim/share/turtlesim/environment/ament_prefix_path.dsv
[24.134s] -- Installing: /ros2_test/AD_Middle_Test/ros2/install/turtlesim/share/turtlesim/environment/path.sh
[24.135s] -- Installing: /ros2_test/AD_Middle_Test/ros2/install/turtlesim/share/turtlesim/environment/path.dsv
[24.135s] -- Installing: /ros2_test/AD_Middle_Test/ros2/install/turtlesim/share/turtlesim/local_setup.bash
[24.135s] -- Installing: /ros2_test/AD_Middle_Test/ros2/install/turtlesim/share/turtlesim/local_setup.sh
[24.135s] -- Installing: /ros2_test/AD_Middle_Test/ros2/install/turtlesim/share/turtlesim/local_setup.zsh
[24.135s] -- Installing: /ros2_test/AD_Middle_Test/ros2/install/turtlesim/share/turtlesim/local_setup.dsv
[24.136s] -- Installing: /ros2_test/AD_Middle_Test/ros2/install/turtlesim/share/turtlesim/package.dsv
[24.136s] -- Installing: /ros2_test/AD_Middle_Test/ros2/install/turtlesim/share/ament_index/resource_index/packages/turtlesim
[24.136s] -- Installing: /ros2_test/AD_Middle_Test/ros2/install/turtlesim/share/turtlesim/cmake/rosidl_cmake-extras.cmake
[24.136s] -- Installing: /ros2_test/AD_Middle_Test/ros2/install/turtlesim/share/turtlesim/cmake/ament_cmake_export_dependencies-extras.cmake
[24.137s] -- Installing: /ros2_test/AD_Middle_Test/ros2/install/turtlesim/share/turtlesim/cmake/ament_cmake_export_libraries-extras.cmake
[24.137s] -- Installing: /ros2_test/AD_Middle_Test/ros2/install/turtlesim/share/turtlesim/cmake/rosidl_cmake_export_typesupport_libraries-extras.cmake
[24.137s] -- Installing: /ros2_test/AD_Middle_Test/ros2/install/turtlesim/share/turtlesim/cmake/ament_cmake_export_include_directories-extras.cmake
[24.137s] -- Installing: /ros2_test/AD_Middle_Test/ros2/install/turtlesim/share/turtlesim/cmake/turtlesimConfig.cmake
[24.137s] -- Installing: /ros2_test/AD_Middle_Test/ros2/install/turtlesim/share/turtlesim/cmake/turtlesimConfig-version.cmake
[24.138s] -- Installing: /ros2_test/AD_Middle_Test/ros2/install/turtlesim/share/turtlesim/package.xml
[24.141s] Invoked command in '/ros2_test/AD_Middle_Test/ros2/build/turtlesim' returned '0': /usr/bin/cmake --install /ros2_test/AD_Middle_Test/ros2/build/turtlesim
